2025-12-04 23:27:18.612 [info] Reading sessions from keychain...
2025-12-04 23:27:18.612 [info] Got stored sessions!
2025-12-04 23:27:18.612 [info] Got 1 verified sessions.
2025-12-04 23:27:18.612 [info] Getting sessions for all scopes...
2025-12-04 23:27:18.612 [info] Got 1 sessions for ...
2025-12-04 23:27:18.612 [info] Getting sessions for all scopes...
2025-12-04 23:27:18.612 [info] Got 1 sessions for ...
2025-12-04 23:27:18.612 [info] Getting sessions for all scopes...
2025-12-04 23:27:18.612 [info] Got 1 sessions for ...
2025-12-04 23:27:18.612 [info] Getting sessions for all scopes...
2025-12-04 23:27:18.612 [info] Got 1 sessions for ...
2025-12-04 23:27:18.612 [info] Getting sessions for all scopes...
2025-12-04 23:27:18.612 [info] Got 1 sessions for ...
2025-12-04 23:27:18.612 [info] Getting sessions for all scopes...
2025-12-04 23:27:18.612 [info] Got 1 sessions for ...
2025-12-04 23:27:18.612 [info] Getting sessions for all scopes...
2025-12-04 23:27:18.612 [info] Got 1 sessions for ...
2025-12-04 23:27:18.612 [info] Getting sessions for all scopes...
2025-12-04 23:27:18.612 [info] Got 1 sessions for ...
2025-12-04 23:27:18.612 [info] Getting sessions for all scopes...
2025-12-04 23:27:18.612 [info] Got 1 sessions for ...
2025-12-04 23:27:18.612 [info] Getting sessions for all scopes...
2025-12-04 23:27:18.612 [info] Got 1 sessions for ...
2025-12-04 23:27:18.612 [info] Getting sessions for all scopes...
2025-12-04 23:27:18.612 [info] Got 1 sessions for ...
2025-12-04 23:27:18.612 [info] Getting sessions for all scopes...
2025-12-04 23:27:18.612 [info] Got 1 sessions for ...
2025-12-04 23:27:18.612 [info] Getting sessions for all scopes...
2025-12-04 23:27:18.612 [info] Got 1 sessions for ...
2025-12-04 23:27:18.612 [info] Getting sessions for all scopes...
2025-12-04 23:27:18.612 [info] Got 1 sessions for ...
2025-12-04 23:27:18.612 [info] Getting sessions for all scopes...
2025-12-04 23:27:18.612 [info] Got 1 sessions for ...
2025-12-04 23:27:18.612 [info] Getting sessions for all scopes...
2025-12-04 23:27:18.612 [info] Got 1 sessions for ...
2025-12-04 23:27:18.612 [info] Getting sessions for all scopes...
2025-12-04 23:27:18.612 [info] Got 1 sessions for ...
2025-12-04 23:27:18.612 [info] Getting sessions for all scopes...
2025-12-04 23:27:18.612 [info] Got 1 sessions for ...
2025-12-04 23:27:18.612 [info] Getting sessions for read:user,repo,user:email,workflow...
2025-12-04 23:27:18.612 [info] Got 0 sessions for read:user,repo,user:email,workflow...
2025-12-04 23:27:18.774 [info] Getting sessions for user:email...
2025-12-04 23:27:18.774 [info] Got 1 sessions for user:email...
2025-12-04 23:27:18.774 [info] Getting sessions for read:user,repo,user:email,workflow...
2025-12-04 23:27:18.774 [info] Got 0 sessions for read:user,repo,user:email,workflow...
2025-12-04 23:27:18.947 [info] Getting sessions for all scopes...
2025-12-04 23:27:18.947 [info] Got 1 sessions for ...
2025-12-04 23:27:18.951 [info] Getting sessions for all scopes...
2025-12-04 23:27:18.951 [info] Got 1 sessions for ...
2025-12-04 23:27:19.010 [info] Getting sessions for all scopes...
2025-12-04 23:27:19.010 [info] Got 1 sessions for ...
2025-12-04 23:27:19.010 [info] Getting sessions for all scopes...
2025-12-04 23:27:19.010 [info] Got 1 sessions for ...
2025-12-04 23:27:19.179 [info] Getting sessions for read:user,repo,user:email,workflow...
2025-12-04 23:27:19.179 [info] Got 0 sessions for read:user,repo,user:email,workflow...
2025-12-04 23:27:19.354 [info] Getting sessions for read:user,repo,user:email,workflow...
2025-12-04 23:27:19.354 [info] Got 0 sessions for read:user,repo,user:email,workflow...
2025-12-04 23:27:19.373 [info] Getting sessions for user:email...
2025-12-04 23:27:19.373 [info] Got 1 sessions for user:email...
2025-12-04 23:27:19.850 [info] FetcherService: Electron fetch failed with status: 429 
2025-12-04 23:27:20.253 [info] FetcherService: Node fetch failed with status: 429 Too Many Requests
2025-12-04 23:27:20.473 [info] Getting sessions for all scopes...
2025-12-04 23:27:20.473 [info] Got 1 sessions for ...
2025-12-04 23:27:20.473 [info] Getting sessions for read:user,repo,user:email,workflow...
2025-12-04 23:27:20.473 [info] Got 0 sessions for read:user,repo,user:email,workflow...
2025-12-04 23:27:20.474 [info] Getting sessions for read:user,repo,user:email,workflow...
2025-12-04 23:27:20.474 [info] Got 0 sessions for read:user,repo,user:email,workflow...
2025-12-04 23:27:20.643 [info] FetcherService: Node http/s failed with status: 429 Too Many Requests
2025-12-04 23:27:54.362 [info] Getting sessions for all scopes...
2025-12-04 23:27:54.362 [info] Got 1 sessions for ...
2025-12-04 23:27:54.363 [info] Getting sessions for read:user,repo,user:email,workflow...
2025-12-04 23:27:54.363 [info] Got 0 sessions for read:user,repo,user:email,workflow...
2025-12-04 23:27:54.364 [info] Getting sessions for user:email...
2025-12-04 23:27:54.364 [info] Got 1 sessions for user:email...
2025-12-04 23:27:56.336 [info] Getting sessions for all scopes...
2025-12-04 23:27:56.336 [info] Got 1 sessions for ...
2025-12-04 23:27:56.337 [info] Getting sessions for read:user,repo,user:email,workflow...
2025-12-04 23:27:56.337 [info] Got 0 sessions for read:user,repo,user:email,workflow...
2025-12-04 23:27:56.338 [info] Getting sessions for user:email...
2025-12-04 23:27:56.338 [info] Got 1 sessions for user:email...
2025-12-04 23:28:02.242 [info] Getting sessions for all scopes...
2025-12-04 23:28:02.242 [info] Got 1 sessions for ...
2025-12-04 23:28:02.243 [info] Getting sessions for read:user,repo,user:email,workflow...
2025-12-04 23:28:02.243 [info] Got 0 sessions for read:user,repo,user:email,workflow...
2025-12-04 23:28:02.246 [info] Getting sessions for user:email...
2025-12-04 23:28:02.246 [info] Got 1 sessions for user:email...
2025-12-04 23:28:20.865 [info] Getting sessions for all scopes...
2025-12-04 23:28:20.865 [info] Got 1 sessions for ...
2025-12-04 23:28:20.866 [info] Getting sessions for read:user,repo,user:email,workflow...
2025-12-04 23:28:20.866 [info] Got 0 sessions for read:user,repo,user:email,workflow...
2025-12-04 23:28:20.867 [info] Getting sessions for user:email...
2025-12-04 23:28:20.867 [info] Got 1 sessions for user:email...
2025-12-04 23:28:25.905 [info] Getting sessions for all scopes...
2025-12-04 23:28:25.906 [info] Got 1 sessions for ...
2025-12-04 23:28:25.907 [info] Getting sessions for read:user,repo,user:email,workflow...
2025-12-04 23:28:25.907 [info] Got 0 sessions for read:user,repo,user:email,workflow...
2025-12-04 23:28:25.908 [info] Getting sessions for user:email...
2025-12-04 23:28:25.908 [info] Got 1 sessions for user:email...
2025-12-04 23:29:34.566 [info] Getting sessions for all scopes...
2025-12-04 23:29:34.566 [info] Got 1 sessions for ...
2025-12-04 23:29:34.568 [info] Getting sessions for read:user,repo,user:email,workflow...
2025-12-04 23:29:34.568 [info] Got 0 sessions for read:user,repo,user:email,workflow...
2025-12-04 23:29:34.569 [info] Getting sessions for user:email...
2025-12-04 23:29:34.569 [info] Got 1 sessions for user:email...
2025-12-04 23:29:35.735 [info] Getting sessions for all scopes...
2025-12-04 23:29:35.735 [info] Got 1 sessions for ...
2025-12-04 23:29:35.736 [info] Getting sessions for read:user,repo,user:email,workflow...
2025-12-04 23:29:35.736 [info] Got 0 sessions for read:user,repo,user:email,workflow...
2025-12-04 23:29:35.737 [info] Getting sessions for user:email...
2025-12-04 23:29:35.737 [info] Got 1 sessions for user:email...
2025-12-04 23:29:36.848 [info] Getting sessions for all scopes...
2025-12-04 23:29:36.848 [info] Got 1 sessions for ...
2025-12-04 23:29:36.849 [info] Getting sessions for read:user,repo,user:email,workflow...
2025-12-04 23:29:36.849 [info] Got 0 sessions for read:user,repo,user:email,workflow...
2025-12-04 23:29:36.860 [info] Getting sessions for user:email...
2025-12-04 23:29:36.860 [info] Got 1 sessions for user:email...
2025-12-04 23:29:39.517 [info] Getting sessions for all scopes...
2025-12-04 23:29:39.518 [info] Got 1 sessions for ...
2025-12-04 23:29:39.519 [info] Getting sessions for read:user,repo,user:email,workflow...
2025-12-04 23:29:39.519 [info] Got 0 sessions for read:user,repo,user:email,workflow...
2025-12-04 23:29:39.520 [info] Getting sessions for user:email...
2025-12-04 23:29:39.520 [info] Got 1 sessions for user:email...
2025-12-04 23:29:40.539 [info] Getting sessions for all scopes...
2025-12-04 23:29:40.539 [info] Got 1 sessions for ...
2025-12-04 23:29:40.540 [info] Getting sessions for read:user,repo,user:email,workflow...
2025-12-04 23:29:40.540 [info] Got 0 sessions for read:user,repo,user:email,workflow...
2025-12-04 23:29:40.541 [info] Getting sessions for user:email...
2025-12-04 23:29:40.541 [info] Got 1 sessions for user:email...
2025-12-04 23:29:44.136 [info] Getting sessions for all scopes...
2025-12-04 23:29:44.136 [info] Got 1 sessions for ...
2025-12-04 23:29:44.137 [info] Getting sessions for read:user,repo,user:email,workflow...
2025-12-04 23:29:44.137 [info] Got 0 sessions for read:user,repo,user:email,workflow...
2025-12-04 23:29:44.138 [info] Getting sessions for user:email...
2025-12-04 23:29:44.138 [info] Got 1 sessions for user:email...
2025-12-04 23:29:45.076 [info] Getting sessions for all scopes...
2025-12-04 23:29:45.076 [info] Got 1 sessions for ...
2025-12-04 23:29:45.077 [info] Getting sessions for read:user,repo,user:email,workflow...
2025-12-04 23:29:45.077 [info] Got 0 sessions for read:user,repo,user:email,workflow...
2025-12-04 23:29:45.078 [info] Getting sessions for user:email...
2025-12-04 23:29:45.078 [info] Got 1 sessions for user:email...
2025-12-04 23:29:50.076 [info] Getting sessions for all scopes...
2025-12-04 23:29:50.076 [info] Got 1 sessions for ...
2025-12-04 23:29:50.077 [info] Getting sessions for read:user,repo,user:email,workflow...
2025-12-04 23:29:50.077 [info] Got 0 sessions for read:user,repo,user:email,workflow...
2025-12-04 23:29:50.078 [info] Getting sessions for user:email...
2025-12-04 23:29:50.078 [info] Got 1 sessions for user:email...
2025-12-04 23:30:03.808 [info] Getting sessions for read:user,repo,user:email,workflow...
2025-12-04 23:30:03.808 [info] Got 0 sessions for read:user,repo,user:email,workflow...
2025-12-04 23:30:07.568 [info] Logging in with 'any' account...
2025-12-04 23:30:07.568 [info] Logging in for the following scopes: read:user repo user:email workflow
2025-12-04 23:30:07.580 [info] Trying with local server... (read:user repo user:email workflow)
2025-12-04 23:30:20.571 [info] Exchanging code for token...
2025-12-04 23:30:20.950 [info] Token exchange success!
2025-12-04 23:30:20.951 [info] Getting user info...
2025-12-04 23:30:21.289 [info] Got account info!
2025-12-04 23:30:21.289 [info] Storing 2 sessions...
2025-12-04 23:30:21.291 [info] Reading sessions from keychain...
2025-12-04 23:30:21.291 [info] Stored 2 sessions!
2025-12-04 23:30:21.292 [info] Login success!
2025-12-04 23:30:21.292 [info] Getting sessions for all scopes...
2025-12-04 23:30:21.296 [info] Got stored sessions!
2025-12-04 23:30:21.296 [info] Got 2 verified sessions.
2025-12-04 23:30:21.296 [info] Got 2 sessions for ...
2025-12-04 23:30:21.296 [info] Getting sessions for all scopes...
2025-12-04 23:30:21.296 [info] Got 2 sessions for ...
2025-12-04 23:30:21.296 [info] Getting sessions for all scopes...
2025-12-04 23:30:21.297 [info] Got 2 sessions for ...
2025-12-04 23:30:21.297 [info] Getting sessions for all scopes...
2025-12-04 23:30:21.297 [info] Got 2 sessions for ...
2025-12-04 23:30:21.298 [info] Getting sessions for all scopes...
2025-12-04 23:30:21.298 [info] Got 2 sessions for ...
2025-12-04 23:30:21.298 [info] Getting sessions for all scopes...
2025-12-04 23:30:21.298 [info] Got 2 sessions for ...
2025-12-04 23:30:21.299 [info] Getting sessions for all scopes...
2025-12-04 23:30:21.299 [info] Got 2 sessions for ...
2025-12-04 23:30:21.300 [info] Getting sessions for all scopes...
2025-12-04 23:30:21.300 [info] Got 2 sessions for ...
2025-12-04 23:30:21.300 [info] Getting sessions for read:user,repo,user:email,workflow...
2025-12-04 23:30:21.300 [info] Got 1 sessions for read:user,repo,user:email,workflow...
2025-12-04 23:30:21.305 [info] Getting sessions for read:user,repo,user:email,workflow...
2025-12-04 23:30:21.305 [info] Got 1 sessions for read:user,repo,user:email,workflow...
2025-12-04 23:30:21.378 [info] Getting sessions for all scopes...
2025-12-04 23:30:21.378 [info] Got 2 sessions for ...
2025-12-04 23:30:21.378 [info] Getting sessions for read:user,repo,user:email,workflow...
2025-12-04 23:30:21.378 [info] Got 1 sessions for read:user,repo,user:email,workflow...
2025-12-04 23:32:18.875 [info] Getting sessions for all scopes...
2025-12-04 23:32:18.875 [info] Got 2 sessions for ...
2025-12-04 23:32:18.876 [info] Getting sessions for read:user,repo,user:email,workflow...
2025-12-04 23:32:18.876 [info] Got 1 sessions for read:user,repo,user:email,workflow...
2025-12-04 23:35:19.357 [info] Getting sessions for all scopes...
2025-12-04 23:35:19.357 [info] Got 2 sessions for ...
2025-12-04 23:35:19.358 [info] Getting sessions for read:user,repo,user:email,workflow...
2025-12-04 23:35:19.358 [info] Got 1 sessions for read:user,repo,user:email,workflow...
2025-12-04 23:35:20.563 [info] Getting sessions for all scopes...
2025-12-04 23:35:20.563 [info] Got 2 sessions for ...
2025-12-04 23:35:20.565 [info] Getting sessions for read:user,repo,user:email,workflow...
2025-12-04 23:35:20.565 [info] Got 1 sessions for read:user,repo,user:email,workflow...
2025-12-04 23:35:25.562 [info] Getting sessions for all scopes...
2025-12-04 23:35:25.562 [info] Got 2 sessions for ...
2025-12-04 23:35:25.564 [info] Getting sessions for read:user,repo,user:email,workflow...
2025-12-04 23:35:25.564 [info] Got 1 sessions for read:user,repo,user:email,workflow...
2025-12-04 23:35:38.954 [info] Getting sessions for all scopes...
2025-12-04 23:35:38.954 [info] Got 2 sessions for ...
2025-12-04 23:35:38.956 [info] Getting sessions for read:user,repo,user:email,workflow...
2025-12-04 23:35:38.956 [info] Got 1 sessions for read:user,repo,user:email,workflow...
2025-12-04 23:35:39.875 [info] Getting sessions for all scopes...
2025-12-04 23:35:39.875 [info] Got 2 sessions for ...
2025-12-04 23:35:39.880 [info] Getting sessions for read:user,repo,user:email,workflow...
2025-12-04 23:35:39.880 [info] Got 1 sessions for read:user,repo,user:email,workflow...
2025-12-04 23:35:40.956 [info] Getting sessions for all scopes...
2025-12-04 23:35:40.956 [info] Got 2 sessions for ...
2025-12-04 23:35:40.957 [info] Getting sessions for read:user,repo,user:email,workflow...
2025-12-04 23:35:40.957 [info] Got 1 sessions for read:user,repo,user:email,workflow...
2025-12-04 23:35:41.940 [info] Getting sessions for all scopes...
2025-12-04 23:35:41.940 [info] Got 2 sessions for ...
2025-12-04 23:35:41.941 [info] Getting sessions for read:user,repo,user:email,workflow...
2025-12-04 23:35:41.941 [info] Got 1 sessions for read:user,repo,user:email,workflow...
2025-12-04 23:35:43.707 [info] Getting sessions for all scopes...
2025-12-04 23:35:43.707 [info] Got 2 sessions for ...
2025-12-04 23:35:43.712 [info] Getting sessions for read:user,repo,user:email,workflow...
2025-12-04 23:35:43.712 [info] Got 1 sessions for read:user,repo,user:email,workflow...
2025-12-04 23:35:44.811 [info] Getting sessions for all scopes...
2025-12-04 23:35:44.811 [info] Got 2 sessions for ...
2025-12-04 23:35:44.812 [info] Getting sessions for read:user,repo,user:email,workflow...
2025-12-04 23:35:44.812 [info] Got 1 sessions for read:user,repo,user:email,workflow...
2025-12-04 23:35:49.814 [info] Getting sessions for all scopes...
2025-12-04 23:35:49.814 [info] Got 2 sessions for ...
2025-12-04 23:35:49.815 [info] Getting sessions for read:user,repo,user:email,workflow...
2025-12-04 23:35:49.815 [info] Got 1 sessions for read:user,repo,user:email,workflow...
2025-12-04 23:37:18.875 [info] Getting sessions for all scopes...
2025-12-04 23:37:18.875 [info] Got 2 sessions for ...
2025-12-04 23:37:18.876 [info] Getting sessions for read:user,repo,user:email,workflow...
2025-12-04 23:37:18.876 [info] Got 1 sessions for read:user,repo,user:email,workflow...
2025-12-04 23:40:28.394 [info] Getting sessions for all scopes...
2025-12-04 23:40:28.394 [info] Got 2 sessions for ...
2025-12-04 23:40:28.395 [info] Getting sessions for read:user,repo,user:email,workflow...
2025-12-04 23:40:28.395 [info] Got 1 sessions for read:user,repo,user:email,workflow...
2025-12-04 23:40:29.696 [info] Getting sessions for all scopes...
2025-12-04 23:40:29.696 [info] Got 2 sessions for ...
2025-12-04 23:40:29.697 [info] Getting sessions for read:user,repo,user:email,workflow...
2025-12-04 23:40:29.697 [info] Got 1 sessions for read:user,repo,user:email,workflow...
2025-12-04 23:40:34.689 [info] Getting sessions for all scopes...
2025-12-04 23:40:34.689 [info] Got 2 sessions for ...
2025-12-04 23:40:34.690 [info] Getting sessions for read:user,repo,user:email,workflow...
2025-12-04 23:40:34.690 [info] Got 1 sessions for read:user,repo,user:email,workflow...
2025-12-04 23:40:46.884 [info] Getting sessions for all scopes...
2025-12-04 23:40:46.884 [info] Got 2 sessions for ...
2025-12-04 23:40:46.886 [info] Getting sessions for read:user,repo,user:email,workflow...
2025-12-04 23:40:46.886 [info] Got 1 sessions for read:user,repo,user:email,workflow...
2025-12-04 23:40:47.905 [info] Getting sessions for all scopes...
2025-12-04 23:40:47.905 [info] Got 2 sessions for ...
2025-12-04 23:40:47.907 [info] Getting sessions for read:user,repo,user:email,workflow...
2025-12-04 23:40:47.907 [info] Got 1 sessions for read:user,repo,user:email,workflow...
2025-12-04 23:40:52.371 [info] Getting sessions for all scopes...
2025-12-04 23:40:52.371 [info] Got 2 sessions for ...
2025-12-04 23:40:52.374 [info] Getting sessions for read:user,repo,user:email,workflow...
2025-12-04 23:40:52.374 [info] Got 1 sessions for read:user,repo,user:email,workflow...
2025-12-04 23:40:53.361 [info] Getting sessions for all scopes...
2025-12-04 23:40:53.361 [info] Got 2 sessions for ...
2025-12-04 23:40:53.362 [info] Getting sessions for read:user,repo,user:email,workflow...
2025-12-04 23:40:53.362 [info] Got 1 sessions for read:user,repo,user:email,workflow...
2025-12-04 23:40:54.658 [info] Getting sessions for all scopes...
2025-12-04 23:40:54.658 [info] Got 2 sessions for ...
2025-12-04 23:40:54.660 [info] Getting sessions for read:user,repo,user:email,workflow...
2025-12-04 23:40:54.660 [info] Got 1 sessions for read:user,repo,user:email,workflow...
2025-12-04 23:40:55.644 [info] Getting sessions for all scopes...
2025-12-04 23:40:55.644 [info] Got 2 sessions for ...
2025-12-04 23:40:55.645 [info] Getting sessions for read:user,repo,user:email,workflow...
2025-12-04 23:40:55.645 [info] Got 1 sessions for read:user,repo,user:email,workflow...
2025-12-04 23:40:57.628 [info] Getting sessions for all scopes...
2025-12-04 23:40:57.628 [info] Got 2 sessions for ...
2025-12-04 23:40:57.629 [info] Getting sessions for read:user,repo,user:email,workflow...
2025-12-04 23:40:57.629 [info] Got 1 sessions for read:user,repo,user:email,workflow...
2025-12-04 23:40:58.681 [info] Getting sessions for all scopes...
2025-12-04 23:40:58.681 [info] Got 2 sessions for ...
2025-12-04 23:40:58.682 [info] Getting sessions for read:user,repo,user:email,workflow...
2025-12-04 23:40:58.682 [info] Got 1 sessions for read:user,repo,user:email,workflow...
2025-12-04 23:41:03.683 [info] Getting sessions for all scopes...
2025-12-04 23:41:03.683 [info] Got 2 sessions for ...
2025-12-04 23:41:03.684 [info] Getting sessions for read:user,repo,user:email,workflow...
2025-12-04 23:41:03.684 [info] Got 1 sessions for read:user,repo,user:email,workflow...
2025-12-04 23:41:05.190 [info] Getting sessions for all scopes...
2025-12-04 23:41:05.190 [info] Got 2 sessions for ...
2025-12-04 23:41:05.191 [info] Getting sessions for read:user,repo,user:email,workflow...
2025-12-04 23:41:05.192 [info] Got 1 sessions for read:user,repo,user:email,workflow...
2025-12-04 23:41:06.065 [info] Getting sessions for all scopes...
2025-12-04 23:41:06.065 [info] Got 2 sessions for ...
2025-12-04 23:41:06.066 [info] Getting sessions for read:user,repo,user:email,workflow...
2025-12-04 23:41:06.066 [info] Got 1 sessions for read:user,repo,user:email,workflow...
2025-12-04 23:41:08.411 [info] Getting sessions for all scopes...
2025-12-04 23:41:08.411 [info] Got 2 sessions for ...
2025-12-04 23:41:08.411 [info] Getting sessions for read:user,repo,user:email,workflow...
2025-12-04 23:41:08.412 [info] Got 1 sessions for read:user,repo,user:email,workflow...
2025-12-04 23:41:09.578 [info] Getting sessions for all scopes...
2025-12-04 23:41:09.578 [info] Got 2 sessions for ...
2025-12-04 23:41:09.586 [info] Getting sessions for read:user,repo,user:email,workflow...
2025-12-04 23:41:09.586 [info] Got 1 sessions for read:user,repo,user:email,workflow...
2025-12-04 23:41:10.649 [info] Getting sessions for all scopes...
2025-12-04 23:41:10.649 [info] Got 2 sessions for ...
2025-12-04 23:41:10.650 [info] Getting sessions for read:user,repo,user:email,workflow...
2025-12-04 23:41:10.650 [info] Got 1 sessions for read:user,repo,user:email,workflow...
2025-12-04 23:41:15.652 [info] Getting sessions for all scopes...
2025-12-04 23:41:15.652 [info] Got 2 sessions for ...
2025-12-04 23:41:15.655 [info] Getting sessions for read:user,repo,user:email,workflow...
2025-12-04 23:41:15.655 [info] Got 1 sessions for read:user,repo,user:email,workflow...
2025-12-04 23:41:26.999 [info] Getting sessions for all scopes...
2025-12-04 23:41:26.999 [info] Got 2 sessions for ...
2025-12-04 23:41:27.006 [info] Getting sessions for read:user,repo,user:email,workflow...
2025-12-04 23:41:27.006 [info] Got 1 sessions for read:user,repo,user:email,workflow...
2025-12-04 23:41:28.167 [info] Getting sessions for all scopes...
2025-12-04 23:41:28.167 [info] Got 2 sessions for ...
2025-12-04 23:41:28.168 [info] Getting sessions for read:user,repo,user:email,workflow...
2025-12-04 23:41:28.168 [info] Got 1 sessions for read:user,repo,user:email,workflow...
2025-12-04 23:41:32.058 [info] Getting sessions for all scopes...
2025-12-04 23:41:32.058 [info] Got 2 sessions for ...
2025-12-04 23:41:32.059 [info] Getting sessions for read:user,repo,user:email,workflow...
2025-12-04 23:41:32.059 [info] Got 1 sessions for read:user,repo,user:email,workflow...
2025-12-04 23:41:32.985 [info] Getting sessions for all scopes...
2025-12-04 23:41:32.985 [info] Got 2 sessions for ...
2025-12-04 23:41:32.986 [info] Getting sessions for read:user,repo,user:email,workflow...
2025-12-04 23:41:32.986 [info] Got 1 sessions for read:user,repo,user:email,workflow...
2025-12-04 23:41:33.938 [info] Getting sessions for all scopes...
2025-12-04 23:41:33.938 [info] Got 2 sessions for ...
2025-12-04 23:41:33.946 [info] Getting sessions for read:user,repo,user:email,workflow...
2025-12-04 23:41:33.946 [info] Got 1 sessions for read:user,repo,user:email,workflow...
2025-12-04 23:41:35.453 [info] Getting sessions for all scopes...
2025-12-04 23:41:35.453 [info] Got 2 sessions for ...
2025-12-04 23:41:35.455 [info] Getting sessions for read:user,repo,user:email,workflow...
2025-12-04 23:41:35.455 [info] Got 1 sessions for read:user,repo,user:email,workflow...
2025-12-04 23:41:36.457 [info] Getting sessions for all scopes...
2025-12-04 23:41:36.457 [info] Got 2 sessions for ...
2025-12-04 23:41:36.458 [info] Getting sessions for read:user,repo,user:email,workflow...
2025-12-04 23:41:36.458 [info] Got 1 sessions for read:user,repo,user:email,workflow...
2025-12-04 23:41:37.353 [info] Getting sessions for all scopes...
2025-12-04 23:41:37.353 [info] Got 2 sessions for ...
2025-12-04 23:41:37.354 [info] Getting sessions for read:user,repo,user:email,workflow...
2025-12-04 23:41:37.354 [info] Got 1 sessions for read:user,repo,user:email,workflow...
2025-12-04 23:41:38.652 [info] Getting sessions for all scopes...
2025-12-04 23:41:38.652 [info] Got 2 sessions for ...
2025-12-04 23:41:38.653 [info] Getting sessions for read:user,repo,user:email,workflow...
2025-12-04 23:41:38.653 [info] Got 1 sessions for read:user,repo,user:email,workflow...
2025-12-04 23:41:40.042 [info] Getting sessions for all scopes...
2025-12-04 23:41:40.042 [info] Got 2 sessions for ...
2025-12-04 23:41:40.043 [info] Getting sessions for read:user,repo,user:email,workflow...
2025-12-04 23:41:40.043 [info] Got 1 sessions for read:user,repo,user:email,workflow...
2025-12-04 23:41:45.040 [info] Getting sessions for all scopes...
2025-12-04 23:41:45.040 [info] Got 2 sessions for ...
2025-12-04 23:41:45.041 [info] Getting sessions for read:user,repo,user:email,workflow...
2025-12-04 23:41:45.041 [info] Got 1 sessions for read:user,repo,user:email,workflow...
2025-12-04 23:41:45.972 [info] Getting sessions for all scopes...
2025-12-04 23:41:45.972 [info] Got 2 sessions for ...
2025-12-04 23:41:45.973 [info] Getting sessions for read:user,repo,user:email,workflow...
2025-12-04 23:41:45.973 [info] Got 1 sessions for read:user,repo,user:email,workflow...
2025-12-04 23:41:46.941 [info] Getting sessions for all scopes...
2025-12-04 23:41:46.941 [info] Got 2 sessions for ...
2025-12-04 23:41:46.942 [info] Getting sessions for read:user,repo,user:email,workflow...
2025-12-04 23:41:46.942 [info] Got 1 sessions for read:user,repo,user:email,workflow...
2025-12-04 23:41:51.939 [info] Getting sessions for all scopes...
2025-12-04 23:41:51.939 [info] Got 2 sessions for ...
2025-12-04 23:41:51.940 [info] Getting sessions for read:user,repo,user:email,workflow...
2025-12-04 23:41:51.940 [info] Got 1 sessions for read:user,repo,user:email,workflow...
2025-12-04 23:42:18.875 [info] Getting sessions for all scopes...
2025-12-04 23:42:18.875 [info] Got 2 sessions for ...
2025-12-04 23:42:18.876 [info] Getting sessions for read:user,repo,user:email,workflow...
2025-12-04 23:42:18.876 [info] Got 1 sessions for read:user,repo,user:email,workflow...
2025-12-04 23:43:24.974 [info] Getting sessions for read:user,repo,user:email,workflow...
2025-12-04 23:43:24.974 [info] Got 1 sessions for read:user,repo,user:email,workflow...
2025-12-04 23:43:57.636 [info] Getting sessions for all scopes...
2025-12-04 23:43:57.636 [info] Got 2 sessions for ...
2025-12-04 23:43:57.637 [info] Getting sessions for read:user,repo,user:email,workflow...
2025-12-04 23:43:57.637 [info] Got 1 sessions for read:user,repo,user:email,workflow...
2025-12-04 23:43:58.746 [info] Getting sessions for all scopes...
2025-12-04 23:43:58.746 [info] Got 2 sessions for ...
2025-12-04 23:43:58.747 [info] Getting sessions for read:user,repo,user:email,workflow...
2025-12-04 23:43:58.747 [info] Got 1 sessions for read:user,repo,user:email,workflow...
2025-12-04 23:43:59.686 [info] Getting sessions for all scopes...
2025-12-04 23:43:59.686 [info] Got 2 sessions for ...
2025-12-04 23:43:59.688 [info] Getting sessions for read:user,repo,user:email,workflow...
2025-12-04 23:43:59.688 [info] Got 1 sessions for read:user,repo,user:email,workflow...
2025-12-04 23:44:00.641 [info] Getting sessions for all scopes...
2025-12-04 23:44:00.641 [info] Got 2 sessions for ...
2025-12-04 23:44:00.643 [info] Getting sessions for read:user,repo,user:email,workflow...
2025-12-04 23:44:00.643 [info] Got 1 sessions for read:user,repo,user:email,workflow...
2025-12-04 23:44:01.855 [info] Getting sessions for all scopes...
2025-12-04 23:44:01.855 [info] Got 2 sessions for ...
2025-12-04 23:44:01.857 [info] Getting sessions for read:user,repo,user:email,workflow...
2025-12-04 23:44:01.857 [info] Got 1 sessions for read:user,repo,user:email,workflow...
2025-12-04 23:44:02.733 [info] Getting sessions for all scopes...
2025-12-04 23:44:02.733 [info] Got 2 sessions for ...
2025-12-04 23:44:02.734 [info] Getting sessions for read:user,repo,user:email,workflow...
2025-12-04 23:44:02.734 [info] Got 1 sessions for read:user,repo,user:email,workflow...
2025-12-04 23:44:03.675 [info] Getting sessions for all scopes...
2025-12-04 23:44:03.675 [info] Got 2 sessions for ...
2025-12-04 23:44:03.675 [info] Getting sessions for read:user,repo,user:email,workflow...
2025-12-04 23:44:03.676 [info] Got 1 sessions for read:user,repo,user:email,workflow...
2025-12-04 23:44:08.667 [info] Getting sessions for all scopes...
2025-12-04 23:44:08.667 [info] Got 2 sessions for ...
2025-12-04 23:44:08.668 [info] Getting sessions for read:user,repo,user:email,workflow...
2025-12-04 23:44:08.668 [info] Got 1 sessions for read:user,repo,user:email,workflow...
2025-12-04 23:44:22.603 [info] Getting sessions for read:user,repo,user:email,workflow...
2025-12-04 23:44:22.603 [info] Got 1 sessions for read:user,repo,user:email,workflow...
2025-12-04 23:45:42.143 [info] Getting sessions for all scopes...
2025-12-04 23:45:42.143 [info] Got 2 sessions for ...
2025-12-04 23:45:42.147 [info] Getting sessions for read:user,repo,user:email,workflow...
2025-12-04 23:45:42.147 [info] Got 1 sessions for read:user,repo,user:email,workflow...
2025-12-04 23:45:43.541 [info] Getting sessions for all scopes...
2025-12-04 23:45:43.541 [info] Got 2 sessions for ...
2025-12-04 23:45:43.542 [info] Getting sessions for read:user,repo,user:email,workflow...
2025-12-04 23:45:43.542 [info] Got 1 sessions for read:user,repo,user:email,workflow...
2025-12-04 23:45:44.486 [info] Getting sessions for all scopes...
2025-12-04 23:45:44.486 [info] Got 2 sessions for ...
2025-12-04 23:45:44.486 [info] Getting sessions for read:user,repo,user:email,workflow...
2025-12-04 23:45:44.486 [info] Got 1 sessions for read:user,repo,user:email,workflow...
2025-12-04 23:45:45.569 [info] Getting sessions for all scopes...
2025-12-04 23:45:45.569 [info] Got 2 sessions for ...
2025-12-04 23:45:45.571 [info] Getting sessions for read:user,repo,user:email,workflow...
2025-12-04 23:45:45.571 [info] Got 1 sessions for read:user,repo,user:email,workflow...
2025-12-04 23:45:47.348 [info] Getting sessions for all scopes...
2025-12-04 23:45:47.348 [info] Got 2 sessions for ...
2025-12-04 23:45:47.350 [info] Getting sessions for read:user,repo,user:email,workflow...
2025-12-04 23:45:47.350 [info] Got 1 sessions for read:user,repo,user:email,workflow...
2025-12-04 23:45:48.285 [info] Getting sessions for all scopes...
2025-12-04 23:45:48.285 [info] Got 2 sessions for ...
2025-12-04 23:45:48.286 [info] Getting sessions for read:user,repo,user:email,workflow...
2025-12-04 23:45:48.286 [info] Got 1 sessions for read:user,repo,user:email,workflow...
2025-12-04 23:45:49.205 [info] Getting sessions for all scopes...
2025-12-04 23:45:49.205 [info] Got 2 sessions for ...
2025-12-04 23:45:49.206 [info] Getting sessions for read:user,repo,user:email,workflow...
2025-12-04 23:45:49.206 [info] Got 1 sessions for read:user,repo,user:email,workflow...
2025-12-04 23:45:50.063 [info] Getting sessions for all scopes...
2025-12-04 23:45:50.063 [info] Got 2 sessions for ...
2025-12-04 23:45:50.064 [info] Getting sessions for read:user,repo,user:email,workflow...
2025-12-04 23:45:50.064 [info] Got 1 sessions for read:user,repo,user:email,workflow...
2025-12-04 23:45:51.013 [info] Getting sessions for all scopes...
2025-12-04 23:45:51.013 [info] Got 2 sessions for ...
2025-12-04 23:45:51.014 [info] Getting sessions for read:user,repo,user:email,workflow...
2025-12-04 23:45:51.014 [info] Got 1 sessions for read:user,repo,user:email,workflow...
