2025-08-03 01:15:21.849 [info] [main] Log level: Info
2025-08-03 01:15:21.849 [info] [main] Validating found git in: "git"
2025-08-03 01:15:21.849 [info] [main] Using git "2.50.1" from "git"
2025-08-03 01:15:21.849 [info] [Model][doInitialScan] Initial repository scan started
2025-08-03 01:15:21.849 [info] > git rev-parse --show-toplevel [9ms]
2025-08-03 01:15:21.849 [info] > git rev-parse --git-dir --git-common-dir [4ms]
2025-08-03 01:15:21.849 [info] [Model][openRepository] Opened repository (path): /home/user/homelab
2025-08-03 01:15:21.849 [info] [Model][openRepository] Opened repository (real path): /home/user/homelab
2025-08-03 01:15:21.849 [info] > git rev-parse --show-toplevel [5ms]
2025-08-03 01:15:21.849 [info] > git config --get commit.template [13ms]
2025-08-03 01:15:21.849 [info] > git rev-parse --show-toplevel [23ms]
2025-08-03 01:15:21.849 [info] > git for-each-ref --format=%(refname)%00%(upstream:short)%00%(objectname)%00%(upstream:track)%00%(upstream:remotename)%00%(upstream:remoteref) refs/heads/main refs/remotes/main [28ms]
2025-08-03 01:15:21.849 [info] > git status -z -uall [10ms]
2025-08-03 01:15:21.849 [info] > git for-each-ref --sort -committerdate --format %(refname)%00%(objectname)%00%(*objectname) [3ms]
2025-08-03 01:15:21.849 [info] > git rev-parse --show-toplevel [60ms]
2025-08-03 01:15:21.861 [info] > git for-each-ref --format=%(refname)%00%(upstream:short)%00%(objectname)%00%(upstream:track)%00%(upstream:remotename)%00%(upstream:remoteref) refs/heads/main refs/remotes/main [14ms]
2025-08-03 01:15:22.071 [info] > git config --get --local branch.main.vscode-merge-base [203ms]
2025-08-03 01:15:22.071 [warning] [Git][config] git config failed: Failed to execute git
2025-08-03 01:15:22.077 [info] > git rev-parse --show-toplevel [217ms]
2025-08-03 01:15:22.077 [info] [Model][doInitialScan] Initial repository scan completed - repositories (1), closed repositories (0), parent repositories (0), unsafe repositories (0)
2025-08-03 01:15:22.078 [info] > git config --get commit.template [223ms]
2025-08-03 01:15:22.230 [info] > git reflog main --grep-reflog=branch: Created from *. [153ms]
2025-08-03 01:15:22.276 [info] > git symbolic-ref --short refs/remotes/origin/HEAD [41ms]
2025-08-03 01:15:22.276 [info] fatal: ref refs/remotes/origin/HEAD is not a symbolic ref
2025-08-03 01:15:22.276 [warning] [Repository][getDefaultBranch] Failed to get default branch details: Failed to execute git.
2025-08-03 01:15:22.288 [info] > git for-each-ref --format=%(refname)%00%(upstream:short)%00%(objectname)%00%(upstream:track)%00%(upstream:remotename)%00%(upstream:remoteref) refs/heads/main refs/remotes/main [21ms]
2025-08-03 01:15:22.338 [info] > git check-ignore -v -z --stdin [54ms]
2025-08-03 01:15:22.338 [info] > git status -z -uall [45ms]
2025-08-03 01:15:22.339 [info] > git for-each-ref --sort -committerdate --format %(refname)%00%(objectname)%00%(*objectname) [40ms]
2025-08-03 01:18:26.966 [info] > git config --get commit.template [5ms]
2025-08-03 01:18:26.966 [info] > git for-each-ref --format=%(refname)%00%(upstream:short)%00%(objectname)%00%(upstream:track)%00%(upstream:remotename)%00%(upstream:remoteref) refs/heads/main refs/remotes/main [1ms]
2025-08-03 01:18:26.977 [info] > git status -z -uall [7ms]
2025-08-03 01:18:26.978 [info] > git for-each-ref --sort -committerdate --format %(refname)%00%(objectname)%00%(*objectname) [2ms]
2025-08-03 01:27:50.123 [info] > git config --get commit.template [6ms]
2025-08-03 01:27:50.123 [info] > git for-each-ref --format=%(refname)%00%(upstream:short)%00%(objectname)%00%(upstream:track)%00%(upstream:remotename)%00%(upstream:remoteref) refs/heads/main refs/remotes/main [2ms]
2025-08-03 01:27:50.132 [info] > git status -z -uall [5ms]
2025-08-03 01:27:50.133 [info] > git for-each-ref --sort -committerdate --format %(refname)%00%(objectname)%00%(*objectname) [1ms]
2025-08-03 01:28:07.226 [info] > git config --get commit.template [6ms]
2025-08-03 01:28:07.226 [info] > git for-each-ref --format=%(refname)%00%(upstream:short)%00%(objectname)%00%(upstream:track)%00%(upstream:remotename)%00%(upstream:remoteref) refs/heads/main refs/remotes/main [1ms]
2025-08-03 01:28:07.239 [info] > git status -z -uall [7ms]
2025-08-03 01:28:07.239 [info] > git for-each-ref --sort -committerdate --format %(refname)%00%(objectname)%00%(*objectname) [1ms]
2025-08-03 01:28:08.894 [info] > git show --textconv :docs/deploy_all.md [9ms]
2025-08-03 01:28:08.895 [info] > git ls-files --stage -- docs/deploy_all.md [2ms]
2025-08-03 01:28:08.903 [info] > git cat-file -s 47ad90b01082ad1d06cf861d911bb79b2ff3ab0b [1ms]
2025-08-03 01:28:08.929 [info] > git blame --root --incremental b5e863454b666917f8df1138388288ce5844d6d9 -- docs/deploy_all.md [2ms]
2025-08-03 01:28:42.365 [info] > git config --get commit.template [9ms]
2025-08-03 01:28:42.372 [info] > git ls-files --stage -- docs/deploy_all.md [8ms]
2025-08-03 01:28:42.378 [info] > git for-each-ref --format=%(refname)%00%(upstream:short)%00%(objectname)%00%(upstream:track)%00%(upstream:remotename)%00%(upstream:remoteref) refs/heads/main refs/remotes/main [6ms]
2025-08-03 01:28:42.392 [info] > git status -z -uall [7ms]
2025-08-03 01:28:42.392 [info] > git cat-file -s 47ad90b01082ad1d06cf861d911bb79b2ff3ab0b [14ms]
2025-08-03 01:28:42.393 [info] > git for-each-ref --sort -committerdate --format %(refname)%00%(objectname)%00%(*objectname) [2ms]
2025-08-03 01:28:42.410 [info] > git show --textconv :docs/deploy_all.md [1ms]
2025-08-03 01:28:42.410 [info] > git blame --root --incremental 1dbfcfdd5585975a1b6e665f8c2c9735a35c98f0 -- docs/deploy_all.md [9ms]
2025-08-03 01:28:44.793 [info] > git show --textconv :README.md [7ms]
2025-08-03 01:28:44.794 [info] > git ls-files --stage -- README.md [1ms]
2025-08-03 01:28:44.802 [info] > git cat-file -s 0665f22e84100e6d7b76d740c1d4941743fa4f25 [1ms]
2025-08-03 01:28:44.819 [info] > git blame --root --incremental 1dbfcfdd5585975a1b6e665f8c2c9735a35c98f0 -- README.md [2ms]
2025-08-03 01:28:47.416 [info] > git config --get commit.template [7ms]
2025-08-03 01:28:47.417 [info] > git for-each-ref --format=%(refname)%00%(upstream:short)%00%(objectname)%00%(upstream:track)%00%(upstream:remotename)%00%(upstream:remoteref) refs/heads/main refs/remotes/main [1ms]
2025-08-03 01:28:47.428 [info] > git status -z -uall [6ms]
2025-08-03 01:28:47.429 [info] > git for-each-ref --sort -committerdate --format %(refname)%00%(objectname)%00%(*objectname) [1ms]
2025-08-03 01:29:06.332 [info] > git show --textconv :docs/deploy_all.md [9ms]
2025-08-03 01:29:06.333 [info] > git ls-files --stage -- docs/deploy_all.md [2ms]
2025-08-03 01:29:06.340 [info] > git cat-file -s 47ad90b01082ad1d06cf861d911bb79b2ff3ab0b [1ms]
2025-08-03 01:29:53.937 [info] > git config --get commit.template [7ms]
2025-08-03 01:29:53.937 [info] > git for-each-ref --format=%(refname)%00%(upstream:short)%00%(objectname)%00%(upstream:track)%00%(upstream:remotename)%00%(upstream:remoteref) refs/heads/main refs/remotes/main [0ms]
2025-08-03 01:29:53.949 [info] > git status -z -uall [6ms]
2025-08-03 01:29:53.949 [info] > git for-each-ref --sort -committerdate --format %(refname)%00%(objectname)%00%(*objectname) [1ms]
2025-08-03 01:30:25.036 [info] > git config --get commit.template [5ms]
2025-08-03 01:30:25.036 [info] > git for-each-ref --format=%(refname)%00%(upstream:short)%00%(objectname)%00%(upstream:track)%00%(upstream:remotename)%00%(upstream:remoteref) refs/heads/main refs/remotes/main [1ms]
2025-08-03 01:30:25.045 [info] > git status -z -uall [5ms]
2025-08-03 01:30:25.046 [info] > git for-each-ref --sort -committerdate --format %(refname)%00%(objectname)%00%(*objectname) [1ms]
2025-08-03 01:30:30.063 [info] > git config --get commit.template [7ms]
2025-08-03 01:30:30.063 [info] > git for-each-ref --format=%(refname)%00%(upstream:short)%00%(objectname)%00%(upstream:track)%00%(upstream:remotename)%00%(upstream:remoteref) refs/heads/main refs/remotes/main [1ms]
2025-08-03 01:30:30.075 [info] > git status -z -uall [6ms]
2025-08-03 01:30:30.076 [info] > git for-each-ref --sort -committerdate --format %(refname)%00%(objectname)%00%(*objectname) [1ms]
2025-08-03 01:31:51.041 [info] > git show --textconv :README.md [6ms]
2025-08-03 01:31:51.042 [info] > git ls-files --stage -- README.md [1ms]
2025-08-03 01:31:51.050 [info] > git cat-file -s 0665f22e84100e6d7b76d740c1d4941743fa4f25 [2ms]
2025-08-03 01:31:54.610 [info] > git config --get commit.template [7ms]
2025-08-03 01:31:54.611 [info] > git for-each-ref --format=%(refname)%00%(upstream:short)%00%(objectname)%00%(upstream:track)%00%(upstream:remotename)%00%(upstream:remoteref) refs/heads/main refs/remotes/main [1ms]
2025-08-03 01:31:54.622 [info] > git status -z -uall [6ms]
2025-08-03 01:31:54.622 [info] > git for-each-ref --sort -committerdate --format %(refname)%00%(objectname)%00%(*objectname) [1ms]
2025-08-03 01:32:09.642 [info] > git config --get commit.template [4ms]
2025-08-03 01:32:09.642 [info] > git for-each-ref --format=%(refname)%00%(upstream:short)%00%(objectname)%00%(upstream:track)%00%(upstream:remotename)%00%(upstream:remoteref) refs/heads/main refs/remotes/main [1ms]
2025-08-03 01:32:09.651 [info] > git status -z -uall [5ms]
2025-08-03 01:32:09.651 [info] > git for-each-ref --sort -committerdate --format %(refname)%00%(objectname)%00%(*objectname) [1ms]
2025-08-03 01:32:45.809 [info] > git config --get commit.template [2ms]
2025-08-03 01:32:45.816 [info] > git for-each-ref --format=%(refname)%00%(upstream:short)%00%(objectname)%00%(upstream:track)%00%(upstream:remotename)%00%(upstream:remoteref) refs/heads/main refs/remotes/main [1ms]
2025-08-03 01:32:45.829 [info] > git status -z -uall [6ms]
2025-08-03 01:32:45.830 [info] > git for-each-ref --sort -committerdate --format %(refname)%00%(objectname)%00%(*objectname) [2ms]
2025-08-03 01:33:24.025 [info] > git config --get commit.template [6ms]
2025-08-03 01:33:24.026 [info] > git for-each-ref --format=%(refname)%00%(upstream:short)%00%(objectname)%00%(upstream:track)%00%(upstream:remotename)%00%(upstream:remoteref) refs/heads/main refs/remotes/main [1ms]
2025-08-03 01:33:24.037 [info] > git status -z -uall [6ms]
2025-08-03 01:33:24.038 [info] > git for-each-ref --sort -committerdate --format %(refname)%00%(objectname)%00%(*objectname) [1ms]
