2025-11-25 16:02:47.821 [info] Reading sessions from keychain...
2025-11-25 16:02:47.821 [info] Getting sessions for all scopes...
2025-11-25 16:02:47.821 [info] Got stored sessions!
2025-11-25 16:02:47.821 [info] Got 1 verified sessions.
2025-11-25 16:02:47.821 [info] Got 1 sessions for ...
2025-11-25 16:02:47.821 [info] Getting sessions for all scopes...
2025-11-25 16:02:47.821 [info] Got 1 sessions for ...
2025-11-25 16:02:47.821 [info] Getting sessions for all scopes...
2025-11-25 16:02:47.821 [info] Got 1 sessions for ...
2025-11-25 16:02:47.821 [info] Getting sessions for all scopes...
2025-11-25 16:02:47.821 [info] Got 1 sessions for ...
2025-11-25 16:02:47.821 [info] Getting sessions for all scopes...
2025-11-25 16:02:47.821 [info] Got 1 sessions for ...
2025-11-25 16:02:47.821 [info] Getting sessions for all scopes...
2025-11-25 16:02:47.821 [info] Got 1 sessions for ...
2025-11-25 16:02:47.821 [info] Getting sessions for all scopes...
2025-11-25 16:02:47.821 [info] Got 1 sessions for ...
2025-11-25 16:02:47.821 [info] Getting sessions for all scopes...
2025-11-25 16:02:47.821 [info] Got 1 sessions for ...
2025-11-25 16:02:47.821 [info] Getting sessions for all scopes...
2025-11-25 16:02:47.821 [info] Got 1 sessions for ...
2025-11-25 16:02:47.821 [info] Getting sessions for all scopes...
2025-11-25 16:02:47.821 [info] Got 1 sessions for ...
2025-11-25 16:02:47.831 [info] Getting sessions for all scopes...
2025-11-25 16:02:47.831 [info] Got 1 sessions for ...
2025-11-25 16:02:47.834 [info] Getting sessions for all scopes...
2025-11-25 16:02:47.834 [info] Got 1 sessions for ...
2025-11-25 16:02:47.835 [info] Getting sessions for all scopes...
2025-11-25 16:02:47.835 [info] Got 1 sessions for ...
2025-11-25 16:02:47.835 [info] Getting sessions for all scopes...
2025-11-25 16:02:47.835 [info] Got 1 sessions for ...
2025-11-25 16:02:47.835 [info] Getting sessions for all scopes...
2025-11-25 16:02:47.835 [info] Got 1 sessions for ...
2025-11-25 16:02:47.835 [info] Getting sessions for all scopes...
2025-11-25 16:02:47.835 [info] Got 1 sessions for ...
2025-11-25 16:02:48.913 [info] Getting sessions for all scopes...
2025-11-25 16:02:48.914 [info] Got 1 sessions for ...
2025-11-25 16:02:49.304 [info] FetcherService: Electron fetch failed with status: 429 
2025-11-25 16:02:49.737 [info] FetcherService: Node fetch failed with status: 429 Too Many Requests
2025-11-25 16:02:50.208 [info] FetcherService: Node http/s failed with status: 429 Too Many Requests
2025-11-25 16:03:13.233 [info] Getting sessions for all scopes...
2025-11-25 16:03:13.233 [info] Got 1 sessions for ...
2025-11-25 16:03:13.234 [info] Getting sessions for all scopes...
2025-11-25 16:03:13.234 [info] Got 1 sessions for ...
2025-11-25 16:03:13.791 [info] Getting sessions for read:user,repo,user:email,workflow...
2025-11-25 16:03:13.791 [info] Got 0 sessions for read:user,repo,user:email,workflow...
2025-11-25 16:03:13.822 [info] Getting sessions for all scopes...
2025-11-25 16:03:13.822 [info] Got 1 sessions for ...
2025-11-25 16:03:13.942 [info] Getting sessions for all scopes...
2025-11-25 16:03:13.942 [info] Got 1 sessions for ...
2025-11-25 16:03:13.942 [info] Getting sessions for read:user,repo,user:email,workflow...
2025-11-25 16:03:13.942 [info] Got 0 sessions for read:user,repo,user:email,workflow...
2025-11-25 16:03:14.050 [info] Getting sessions for user:email...
2025-11-25 16:03:14.050 [info] Got 1 sessions for user:email...
2025-11-25 16:03:14.050 [info] Getting sessions for read:user,repo,user:email,workflow...
2025-11-25 16:03:14.050 [info] Got 0 sessions for read:user,repo,user:email,workflow...
2025-11-25 16:03:14.052 [info] Getting sessions for all scopes...
2025-11-25 16:03:14.052 [info] Got 1 sessions for ...
2025-11-25 16:03:14.218 [info] Getting sessions for read:user...
2025-11-25 16:03:14.218 [info] Got 0 sessions for read:user...
2025-11-25 16:03:14.388 [info] Getting sessions for read:user,repo,user:email,workflow...
2025-11-25 16:03:14.388 [info] Got 0 sessions for read:user,repo,user:email,workflow...
2025-11-25 16:03:14.393 [info] Getting sessions for user:email...
2025-11-25 16:03:14.393 [info] Got 1 sessions for user:email...
2025-11-25 16:03:14.467 [info] Getting sessions for user:email...
2025-11-25 16:03:14.467 [info] Got 1 sessions for user:email...
2025-11-25 16:03:15.606 [info] Getting sessions for all scopes...
2025-11-25 16:03:15.606 [info] Got 1 sessions for ...
2025-11-25 16:03:15.607 [info] Getting sessions for read:user,repo,user:email,workflow...
2025-11-25 16:03:15.607 [info] Got 0 sessions for read:user,repo,user:email,workflow...
2025-11-25 16:03:15.608 [info] Getting sessions for read:user,repo,user:email,workflow...
2025-11-25 16:03:15.608 [info] Got 0 sessions for read:user,repo,user:email,workflow...
2025-11-25 16:04:42.983 [info] Getting sessions for read:user,repo,user:email,workflow...
2025-11-25 16:04:42.983 [info] Got 0 sessions for read:user,repo,user:email,workflow...
2025-11-25 16:04:42.983 [info] Getting sessions for read:user...
2025-11-25 16:04:42.983 [info] Got 0 sessions for read:user...
2025-11-25 16:04:42.984 [info] Getting sessions for user:email...
2025-11-25 16:04:42.984 [info] Got 1 sessions for user:email...
2025-11-25 16:04:47.026 [info] Getting sessions for read:user,repo,user:email,workflow...
2025-11-25 16:04:47.026 [info] Got 0 sessions for read:user,repo,user:email,workflow...
2025-11-25 16:04:47.027 [info] Getting sessions for read:user...
2025-11-25 16:04:47.027 [info] Got 0 sessions for read:user...
2025-11-25 16:04:47.029 [info] Getting sessions for user:email...
2025-11-25 16:04:47.029 [info] Got 1 sessions for user:email...
2025-11-25 16:04:47.396 [info] Getting sessions for read:user,repo,user:email,workflow...
2025-11-25 16:04:47.396 [info] Got 0 sessions for read:user,repo,user:email,workflow...
2025-11-25 16:04:47.397 [info] Getting sessions for read:user...
2025-11-25 16:04:47.398 [info] Got 0 sessions for read:user...
2025-11-25 16:04:47.399 [info] Getting sessions for user:email...
2025-11-25 16:04:47.399 [info] Got 1 sessions for user:email...
2025-11-25 16:04:48.354 [info] Getting sessions for read:user,repo,user:email,workflow...
2025-11-25 16:04:48.354 [info] Got 0 sessions for read:user,repo,user:email,workflow...
2025-11-25 16:04:48.359 [info] Getting sessions for read:user...
2025-11-25 16:04:48.359 [info] Got 0 sessions for read:user...
2025-11-25 16:04:48.361 [info] Getting sessions for user:email...
2025-11-25 16:04:48.361 [info] Got 1 sessions for user:email...
2025-11-25 16:04:50.149 [info] Getting sessions for read:user,repo,user:email,workflow...
2025-11-25 16:04:50.149 [info] Got 0 sessions for read:user,repo,user:email,workflow...
2025-11-25 16:04:50.156 [info] Getting sessions for read:user...
2025-11-25 16:04:50.156 [info] Got 0 sessions for read:user...
2025-11-25 16:04:50.157 [info] Getting sessions for user:email...
2025-11-25 16:04:50.157 [info] Got 1 sessions for user:email...
2025-11-25 16:04:51.803 [info] Getting sessions for read:user,repo,user:email,workflow...
2025-11-25 16:04:51.803 [info] Got 0 sessions for read:user,repo,user:email,workflow...
2025-11-25 16:04:51.805 [info] Getting sessions for read:user...
2025-11-25 16:04:51.805 [info] Got 0 sessions for read:user...
2025-11-25 16:04:51.805 [info] Getting sessions for user:email...
2025-11-25 16:04:51.805 [info] Got 1 sessions for user:email...
2025-11-25 16:04:54.549 [info] Getting sessions for read:user,repo,user:email,workflow...
2025-11-25 16:04:54.549 [info] Got 0 sessions for read:user,repo,user:email,workflow...
2025-11-25 16:04:54.550 [info] Getting sessions for read:user...
2025-11-25 16:04:54.550 [info] Got 0 sessions for read:user...
2025-11-25 16:04:54.550 [info] Getting sessions for user:email...
2025-11-25 16:04:54.550 [info] Got 1 sessions for user:email...
2025-11-25 16:06:05.805 [info] Getting sessions for read:user,repo,user:email,workflow...
2025-11-25 16:06:05.805 [info] Got 0 sessions for read:user,repo,user:email,workflow...
2025-11-25 16:06:05.806 [info] Getting sessions for read:user...
2025-11-25 16:06:05.806 [info] Got 0 sessions for read:user...
2025-11-25 16:06:05.807 [info] Getting sessions for user:email...
2025-11-25 16:06:05.807 [info] Got 1 sessions for user:email...
2025-11-25 16:06:06.478 [info] Getting sessions for read:user,repo,user:email,workflow...
2025-11-25 16:06:06.478 [info] Got 0 sessions for read:user,repo,user:email,workflow...
2025-11-25 16:06:06.479 [info] Getting sessions for read:user...
2025-11-25 16:06:06.479 [info] Got 0 sessions for read:user...
2025-11-25 16:06:06.480 [info] Getting sessions for user:email...
2025-11-25 16:06:06.480 [info] Got 1 sessions for user:email...
2025-11-25 16:06:08.687 [info] Getting sessions for read:user,repo,user:email,workflow...
2025-11-25 16:06:08.687 [info] Got 0 sessions for read:user,repo,user:email,workflow...
2025-11-25 16:06:08.688 [info] Getting sessions for read:user...
2025-11-25 16:06:08.688 [info] Got 0 sessions for read:user...
2025-11-25 16:06:08.689 [info] Getting sessions for user:email...
2025-11-25 16:06:08.689 [info] Got 1 sessions for user:email...
2025-11-25 16:06:10.651 [info] Getting sessions for read:user,repo,user:email,workflow...
2025-11-25 16:06:10.651 [info] Got 0 sessions for read:user,repo,user:email,workflow...
2025-11-25 16:06:10.653 [info] Getting sessions for read:user...
2025-11-25 16:06:10.653 [info] Got 0 sessions for read:user...
2025-11-25 16:06:10.653 [info] Getting sessions for user:email...
2025-11-25 16:06:10.653 [info] Got 1 sessions for user:email...
2025-11-25 16:06:11.645 [info] Getting sessions for read:user,repo,user:email,workflow...
2025-11-25 16:06:11.646 [info] Got 0 sessions for read:user,repo,user:email,workflow...
2025-11-25 16:06:11.646 [info] Getting sessions for read:user...
2025-11-25 16:06:11.647 [info] Got 0 sessions for read:user...
2025-11-25 16:06:11.647 [info] Getting sessions for user:email...
2025-11-25 16:06:11.648 [info] Got 1 sessions for user:email...
2025-11-25 16:06:11.984 [info] Getting sessions for read:user,repo,user:email,workflow...
2025-11-25 16:06:11.984 [info] Got 0 sessions for read:user,repo,user:email,workflow...
2025-11-25 16:06:11.984 [info] Getting sessions for read:user...
2025-11-25 16:06:11.984 [info] Got 0 sessions for read:user...
2025-11-25 16:06:11.985 [info] Getting sessions for user:email...
2025-11-25 16:06:11.985 [info] Got 1 sessions for user:email...
2025-11-25 16:06:17.100 [info] Getting sessions for read:user,repo,user:email,workflow...
2025-11-25 16:06:17.100 [info] Got 0 sessions for read:user,repo,user:email,workflow...
2025-11-25 16:06:17.101 [info] Getting sessions for read:user...
2025-11-25 16:06:17.101 [info] Got 0 sessions for read:user...
2025-11-25 16:06:17.102 [info] Getting sessions for user:email...
2025-11-25 16:06:17.102 [info] Got 1 sessions for user:email...
2025-11-25 16:06:18.412 [info] Getting sessions for read:user,repo,user:email,workflow...
2025-11-25 16:06:18.412 [info] Got 0 sessions for read:user,repo,user:email,workflow...
2025-11-25 16:06:18.413 [info] Getting sessions for read:user...
2025-11-25 16:06:18.413 [info] Got 0 sessions for read:user...
2025-11-25 16:06:18.417 [info] Getting sessions for user:email...
2025-11-25 16:06:18.417 [info] Got 1 sessions for user:email...
2025-11-25 16:06:22.533 [info] Getting sessions for read:user,repo,user:email,workflow...
2025-11-25 16:06:22.533 [info] Got 0 sessions for read:user,repo,user:email,workflow...
2025-11-25 16:06:22.533 [info] Getting sessions for read:user...
2025-11-25 16:06:22.533 [info] Got 0 sessions for read:user...
2025-11-25 16:06:22.534 [info] Getting sessions for user:email...
2025-11-25 16:06:22.534 [info] Got 1 sessions for user:email...
2025-11-25 16:06:23.265 [info] Getting sessions for read:user,repo,user:email,workflow...
2025-11-25 16:06:23.265 [info] Got 0 sessions for read:user,repo,user:email,workflow...
2025-11-25 16:06:23.267 [info] Getting sessions for read:user...
2025-11-25 16:06:23.267 [info] Got 0 sessions for read:user...
2025-11-25 16:06:23.272 [info] Getting sessions for user:email...
2025-11-25 16:06:23.272 [info] Got 1 sessions for user:email...
2025-11-25 16:06:23.685 [info] Getting sessions for read:user,repo,user:email,workflow...
2025-11-25 16:06:23.685 [info] Got 0 sessions for read:user,repo,user:email,workflow...
2025-11-25 16:06:23.687 [info] Getting sessions for read:user...
2025-11-25 16:06:23.687 [info] Got 0 sessions for read:user...
2025-11-25 16:06:23.688 [info] Getting sessions for user:email...
2025-11-25 16:06:23.688 [info] Got 1 sessions for user:email...
2025-11-25 16:06:24.009 [info] Getting sessions for read:user,repo,user:email,workflow...
2025-11-25 16:06:24.009 [info] Got 0 sessions for read:user,repo,user:email,workflow...
2025-11-25 16:06:24.011 [info] Getting sessions for read:user...
2025-11-25 16:06:24.011 [info] Got 0 sessions for read:user...
2025-11-25 16:06:24.012 [info] Getting sessions for user:email...
2025-11-25 16:06:24.012 [info] Got 1 sessions for user:email...
2025-11-25 16:06:24.301 [info] Getting sessions for read:user,repo,user:email,workflow...
2025-11-25 16:06:24.301 [info] Got 0 sessions for read:user,repo,user:email,workflow...
2025-11-25 16:06:24.302 [info] Getting sessions for read:user...
2025-11-25 16:06:24.302 [info] Got 0 sessions for read:user...
2025-11-25 16:06:24.303 [info] Getting sessions for user:email...
2025-11-25 16:06:24.303 [info] Got 1 sessions for user:email...
2025-11-25 16:06:24.712 [info] Getting sessions for read:user,repo,user:email,workflow...
2025-11-25 16:06:24.712 [info] Got 0 sessions for read:user,repo,user:email,workflow...
2025-11-25 16:06:24.713 [info] Getting sessions for read:user...
2025-11-25 16:06:24.713 [info] Got 0 sessions for read:user...
2025-11-25 16:06:24.714 [info] Getting sessions for user:email...
2025-11-25 16:06:24.714 [info] Got 1 sessions for user:email...
2025-11-25 16:06:25.081 [info] Getting sessions for read:user,repo,user:email,workflow...
2025-11-25 16:06:25.081 [info] Got 0 sessions for read:user,repo,user:email,workflow...
2025-11-25 16:06:25.082 [info] Getting sessions for read:user...
2025-11-25 16:06:25.082 [info] Got 0 sessions for read:user...
2025-11-25 16:06:25.083 [info] Getting sessions for user:email...
2025-11-25 16:06:25.083 [info] Got 1 sessions for user:email...
2025-11-25 16:06:28.627 [info] Getting sessions for read:user,repo,user:email,workflow...
2025-11-25 16:06:28.627 [info] Got 0 sessions for read:user,repo,user:email,workflow...
2025-11-25 16:06:28.628 [info] Getting sessions for read:user...
2025-11-25 16:06:28.628 [info] Got 0 sessions for read:user...
2025-11-25 16:06:28.629 [info] Getting sessions for user:email...
2025-11-25 16:06:28.629 [info] Got 1 sessions for user:email...
2025-11-25 16:06:31.721 [info] Getting sessions for read:user,repo,user:email,workflow...
2025-11-25 16:06:31.721 [info] Got 0 sessions for read:user,repo,user:email,workflow...
2025-11-25 16:06:31.721 [info] Getting sessions for read:user...
2025-11-25 16:06:31.721 [info] Got 0 sessions for read:user...
2025-11-25 16:06:31.722 [info] Getting sessions for user:email...
2025-11-25 16:06:31.722 [info] Got 1 sessions for user:email...
2025-11-25 16:06:32.178 [info] Getting sessions for read:user,repo,user:email,workflow...
2025-11-25 16:06:32.178 [info] Got 0 sessions for read:user,repo,user:email,workflow...
2025-11-25 16:06:32.179 [info] Getting sessions for read:user...
2025-11-25 16:06:32.179 [info] Got 0 sessions for read:user...
2025-11-25 16:06:32.180 [info] Getting sessions for user:email...
2025-11-25 16:06:32.180 [info] Got 1 sessions for user:email...
2025-11-25 16:06:33.162 [info] Getting sessions for read:user,repo,user:email,workflow...
2025-11-25 16:06:33.162 [info] Got 0 sessions for read:user,repo,user:email,workflow...
2025-11-25 16:06:33.163 [info] Getting sessions for read:user...
2025-11-25 16:06:33.163 [info] Got 0 sessions for read:user...
2025-11-25 16:06:33.164 [info] Getting sessions for user:email...
2025-11-25 16:06:33.164 [info] Got 1 sessions for user:email...
2025-11-25 16:06:34.098 [info] Getting sessions for read:user,repo,user:email,workflow...
2025-11-25 16:06:34.098 [info] Got 0 sessions for read:user,repo,user:email,workflow...
2025-11-25 16:06:34.098 [info] Getting sessions for read:user...
2025-11-25 16:06:34.099 [info] Got 0 sessions for read:user...
2025-11-25 16:06:34.099 [info] Getting sessions for user:email...
2025-11-25 16:06:34.099 [info] Got 1 sessions for user:email...
2025-11-25 16:06:35.011 [info] Getting sessions for read:user,repo,user:email,workflow...
2025-11-25 16:06:35.011 [info] Got 0 sessions for read:user,repo,user:email,workflow...
2025-11-25 16:06:35.012 [info] Getting sessions for read:user...
2025-11-25 16:06:35.012 [info] Got 0 sessions for read:user...
2025-11-25 16:06:35.013 [info] Getting sessions for user:email...
2025-11-25 16:06:35.013 [info] Got 1 sessions for user:email...
2025-11-25 16:06:35.534 [info] Getting sessions for read:user,repo,user:email,workflow...
2025-11-25 16:06:35.534 [info] Got 0 sessions for read:user,repo,user:email,workflow...
2025-11-25 16:06:35.539 [info] Getting sessions for read:user...
2025-11-25 16:06:35.539 [info] Got 0 sessions for read:user...
2025-11-25 16:06:35.540 [info] Getting sessions for user:email...
2025-11-25 16:06:35.540 [info] Got 1 sessions for user:email...
2025-11-25 16:06:35.835 [info] Getting sessions for read:user,repo,user:email,workflow...
2025-11-25 16:06:35.835 [info] Got 0 sessions for read:user,repo,user:email,workflow...
2025-11-25 16:06:35.836 [info] Getting sessions for read:user...
2025-11-25 16:06:35.836 [info] Got 0 sessions for read:user...
2025-11-25 16:06:35.837 [info] Getting sessions for user:email...
2025-11-25 16:06:35.837 [info] Got 1 sessions for user:email...
2025-11-25 16:06:36.509 [info] Getting sessions for read:user,repo,user:email,workflow...
2025-11-25 16:06:36.509 [info] Got 0 sessions for read:user,repo,user:email,workflow...
2025-11-25 16:06:36.511 [info] Getting sessions for read:user...
2025-11-25 16:06:36.511 [info] Got 0 sessions for read:user...
2025-11-25 16:06:36.512 [info] Getting sessions for user:email...
2025-11-25 16:06:36.512 [info] Got 1 sessions for user:email...
2025-11-25 16:06:36.939 [info] Getting sessions for read:user,repo,user:email,workflow...
2025-11-25 16:06:36.940 [info] Got 0 sessions for read:user,repo,user:email,workflow...
2025-11-25 16:06:36.942 [info] Getting sessions for read:user...
2025-11-25 16:06:36.942 [info] Got 0 sessions for read:user...
2025-11-25 16:06:36.943 [info] Getting sessions for user:email...
2025-11-25 16:06:36.943 [info] Got 1 sessions for user:email...
2025-11-25 16:06:53.239 [info] Getting sessions for read:user,repo,user:email,workflow...
2025-11-25 16:06:53.239 [info] Got 0 sessions for read:user,repo,user:email,workflow...
2025-11-25 16:06:53.241 [info] Getting sessions for read:user...
2025-11-25 16:06:53.241 [info] Got 0 sessions for read:user...
2025-11-25 16:06:53.242 [info] Getting sessions for user:email...
2025-11-25 16:06:53.242 [info] Got 1 sessions for user:email...
2025-11-25 16:06:53.882 [info] Getting sessions for read:user,repo,user:email,workflow...
2025-11-25 16:06:53.882 [info] Got 0 sessions for read:user,repo,user:email,workflow...
2025-11-25 16:06:53.884 [info] Getting sessions for read:user...
2025-11-25 16:06:53.884 [info] Got 0 sessions for read:user...
2025-11-25 16:06:53.885 [info] Getting sessions for user:email...
2025-11-25 16:06:53.885 [info] Got 1 sessions for user:email...
2025-11-25 16:06:54.164 [info] Getting sessions for read:user,repo,user:email,workflow...
2025-11-25 16:06:54.164 [info] Got 0 sessions for read:user,repo,user:email,workflow...
2025-11-25 16:06:54.164 [info] Getting sessions for read:user...
2025-11-25 16:06:54.164 [info] Got 0 sessions for read:user...
2025-11-25 16:06:54.165 [info] Getting sessions for user:email...
2025-11-25 16:06:54.165 [info] Got 1 sessions for user:email...
2025-11-25 16:06:54.481 [info] Getting sessions for read:user,repo,user:email,workflow...
2025-11-25 16:06:54.481 [info] Got 0 sessions for read:user,repo,user:email,workflow...
2025-11-25 16:06:54.490 [info] Getting sessions for read:user...
2025-11-25 16:06:54.490 [info] Got 0 sessions for read:user...
2025-11-25 16:06:54.491 [info] Getting sessions for user:email...
2025-11-25 16:06:54.491 [info] Got 1 sessions for user:email...
2025-11-25 16:06:54.943 [info] Getting sessions for read:user,repo,user:email,workflow...
2025-11-25 16:06:54.943 [info] Got 0 sessions for read:user,repo,user:email,workflow...
2025-11-25 16:06:54.944 [info] Getting sessions for read:user...
2025-11-25 16:06:54.944 [info] Got 0 sessions for read:user...
2025-11-25 16:06:54.945 [info] Getting sessions for user:email...
2025-11-25 16:06:54.945 [info] Got 1 sessions for user:email...
2025-11-25 16:06:56.514 [info] Getting sessions for read:user,repo,user:email,workflow...
2025-11-25 16:06:56.514 [info] Got 0 sessions for read:user,repo,user:email,workflow...
2025-11-25 16:06:56.514 [info] Getting sessions for read:user...
2025-11-25 16:06:56.514 [info] Got 0 sessions for read:user...
2025-11-25 16:06:56.515 [info] Getting sessions for user:email...
2025-11-25 16:06:56.515 [info] Got 1 sessions for user:email...
2025-11-25 16:06:59.741 [info] Getting sessions for read:user,repo,user:email,workflow...
2025-11-25 16:06:59.741 [info] Got 0 sessions for read:user,repo,user:email,workflow...
2025-11-25 16:06:59.751 [info] Getting sessions for read:user...
2025-11-25 16:06:59.751 [info] Got 0 sessions for read:user...
2025-11-25 16:06:59.752 [info] Getting sessions for user:email...
2025-11-25 16:06:59.753 [info] Got 1 sessions for user:email...
2025-11-25 16:07:01.047 [info] Getting sessions for read:user,repo,user:email,workflow...
2025-11-25 16:07:01.047 [info] Got 0 sessions for read:user,repo,user:email,workflow...
2025-11-25 16:07:01.049 [info] Getting sessions for read:user...
2025-11-25 16:07:01.049 [info] Got 0 sessions for read:user...
2025-11-25 16:07:01.049 [info] Getting sessions for user:email...
2025-11-25 16:07:01.049 [info] Got 1 sessions for user:email...
2025-11-25 16:07:03.824 [info] Getting sessions for read:user,repo,user:email,workflow...
2025-11-25 16:07:03.824 [info] Got 0 sessions for read:user,repo,user:email,workflow...
2025-11-25 16:07:03.825 [info] Getting sessions for read:user...
2025-11-25 16:07:03.825 [info] Got 0 sessions for read:user...
2025-11-25 16:07:03.826 [info] Getting sessions for user:email...
2025-11-25 16:07:03.826 [info] Got 1 sessions for user:email...
2025-11-25 16:07:04.695 [info] Getting sessions for read:user,repo,user:email,workflow...
2025-11-25 16:07:04.695 [info] Got 0 sessions for read:user,repo,user:email,workflow...
2025-11-25 16:07:04.697 [info] Getting sessions for read:user...
2025-11-25 16:07:04.697 [info] Got 0 sessions for read:user...
2025-11-25 16:07:04.699 [info] Getting sessions for user:email...
2025-11-25 16:07:04.699 [info] Got 1 sessions for user:email...
2025-11-25 16:07:05.262 [info] Getting sessions for read:user,repo,user:email,workflow...
2025-11-25 16:07:05.262 [info] Got 0 sessions for read:user,repo,user:email,workflow...
2025-11-25 16:07:05.263 [info] Getting sessions for read:user...
2025-11-25 16:07:05.263 [info] Got 0 sessions for read:user...
2025-11-25 16:07:05.264 [info] Getting sessions for user:email...
2025-11-25 16:07:05.264 [info] Got 1 sessions for user:email...
2025-11-25 16:07:05.531 [info] Getting sessions for read:user,repo,user:email,workflow...
2025-11-25 16:07:05.531 [info] Got 0 sessions for read:user,repo,user:email,workflow...
2025-11-25 16:07:05.532 [info] Getting sessions for read:user...
2025-11-25 16:07:05.532 [info] Got 0 sessions for read:user...
2025-11-25 16:07:05.533 [info] Getting sessions for user:email...
2025-11-25 16:07:05.533 [info] Got 1 sessions for user:email...
2025-11-25 16:07:05.808 [info] Getting sessions for read:user,repo,user:email,workflow...
2025-11-25 16:07:05.808 [info] Got 0 sessions for read:user,repo,user:email,workflow...
2025-11-25 16:07:05.809 [info] Getting sessions for read:user...
2025-11-25 16:07:05.809 [info] Got 0 sessions for read:user...
2025-11-25 16:07:05.809 [info] Getting sessions for user:email...
2025-11-25 16:07:05.809 [info] Got 1 sessions for user:email...
2025-11-25 16:07:06.623 [info] Getting sessions for read:user,repo,user:email,workflow...
2025-11-25 16:07:06.623 [info] Got 0 sessions for read:user,repo,user:email,workflow...
2025-11-25 16:07:06.624 [info] Getting sessions for read:user...
2025-11-25 16:07:06.624 [info] Got 0 sessions for read:user...
2025-11-25 16:07:06.625 [info] Getting sessions for user:email...
2025-11-25 16:07:06.625 [info] Got 1 sessions for user:email...
2025-11-25 16:07:07.149 [info] Getting sessions for read:user,repo,user:email,workflow...
2025-11-25 16:07:07.149 [info] Got 0 sessions for read:user,repo,user:email,workflow...
2025-11-25 16:07:07.150 [info] Getting sessions for read:user...
2025-11-25 16:07:07.150 [info] Got 0 sessions for read:user...
2025-11-25 16:07:07.150 [info] Getting sessions for user:email...
2025-11-25 16:07:07.150 [info] Got 1 sessions for user:email...
2025-11-25 16:07:07.492 [info] Getting sessions for read:user,repo,user:email,workflow...
2025-11-25 16:07:07.492 [info] Got 0 sessions for read:user,repo,user:email,workflow...
2025-11-25 16:07:07.493 [info] Getting sessions for read:user...
2025-11-25 16:07:07.493 [info] Got 0 sessions for read:user...
2025-11-25 16:07:07.493 [info] Getting sessions for user:email...
2025-11-25 16:07:07.493 [info] Got 1 sessions for user:email...
2025-11-25 16:07:07.932 [info] Getting sessions for read:user,repo,user:email,workflow...
2025-11-25 16:07:07.932 [info] Got 0 sessions for read:user,repo,user:email,workflow...
2025-11-25 16:07:07.933 [info] Getting sessions for read:user...
2025-11-25 16:07:07.933 [info] Got 0 sessions for read:user...
2025-11-25 16:07:07.934 [info] Getting sessions for user:email...
2025-11-25 16:07:07.934 [info] Got 1 sessions for user:email...
2025-11-25 16:07:08.618 [info] Getting sessions for read:user,repo,user:email,workflow...
2025-11-25 16:07:08.618 [info] Got 0 sessions for read:user,repo,user:email,workflow...
2025-11-25 16:07:08.619 [info] Getting sessions for read:user...
2025-11-25 16:07:08.619 [info] Got 0 sessions for read:user...
2025-11-25 16:07:08.621 [info] Getting sessions for user:email...
2025-11-25 16:07:08.621 [info] Got 1 sessions for user:email...
2025-11-25 16:07:09.086 [info] Getting sessions for read:user,repo,user:email,workflow...
2025-11-25 16:07:09.086 [info] Got 0 sessions for read:user,repo,user:email,workflow...
2025-11-25 16:07:09.087 [info] Getting sessions for read:user...
2025-11-25 16:07:09.087 [info] Got 0 sessions for read:user...
2025-11-25 16:07:09.093 [info] Getting sessions for user:email...
2025-11-25 16:07:09.093 [info] Got 1 sessions for user:email...
2025-11-25 16:07:10.508 [info] Getting sessions for read:user,repo,user:email,workflow...
2025-11-25 16:07:10.508 [info] Got 0 sessions for read:user,repo,user:email,workflow...
2025-11-25 16:07:10.509 [info] Getting sessions for read:user...
2025-11-25 16:07:10.509 [info] Got 0 sessions for read:user...
2025-11-25 16:07:10.510 [info] Getting sessions for user:email...
2025-11-25 16:07:10.510 [info] Got 1 sessions for user:email...
2025-11-25 16:07:12.084 [info] Getting sessions for read:user,repo,user:email,workflow...
2025-11-25 16:07:12.084 [info] Got 0 sessions for read:user,repo,user:email,workflow...
2025-11-25 16:07:12.085 [info] Getting sessions for read:user...
2025-11-25 16:07:12.085 [info] Got 0 sessions for read:user...
2025-11-25 16:07:12.086 [info] Getting sessions for user:email...
2025-11-25 16:07:12.086 [info] Got 1 sessions for user:email...
2025-11-25 16:07:13.034 [info] Getting sessions for read:user,repo,user:email,workflow...
2025-11-25 16:07:13.034 [info] Got 0 sessions for read:user,repo,user:email,workflow...
2025-11-25 16:07:13.035 [info] Getting sessions for read:user...
2025-11-25 16:07:13.035 [info] Got 0 sessions for read:user...
2025-11-25 16:07:13.036 [info] Getting sessions for user:email...
2025-11-25 16:07:13.036 [info] Got 1 sessions for user:email...
2025-11-25 16:07:19.507 [info] Getting sessions for read:user,repo,user:email,workflow...
2025-11-25 16:07:19.507 [info] Got 0 sessions for read:user,repo,user:email,workflow...
2025-11-25 16:07:19.508 [info] Getting sessions for read:user...
2025-11-25 16:07:19.508 [info] Got 0 sessions for read:user...
2025-11-25 16:07:19.509 [info] Getting sessions for user:email...
2025-11-25 16:07:19.509 [info] Got 1 sessions for user:email...
2025-11-25 16:07:20.066 [info] Getting sessions for read:user,repo,user:email,workflow...
2025-11-25 16:07:20.066 [info] Got 0 sessions for read:user,repo,user:email,workflow...
2025-11-25 16:07:20.066 [info] Getting sessions for read:user...
2025-11-25 16:07:20.066 [info] Got 0 sessions for read:user...
2025-11-25 16:07:20.067 [info] Getting sessions for user:email...
2025-11-25 16:07:20.067 [info] Got 1 sessions for user:email...
2025-11-25 16:07:21.151 [info] Getting sessions for read:user,repo,user:email,workflow...
2025-11-25 16:07:21.151 [info] Got 0 sessions for read:user,repo,user:email,workflow...
2025-11-25 16:07:21.152 [info] Getting sessions for read:user...
2025-11-25 16:07:21.152 [info] Got 0 sessions for read:user...
2025-11-25 16:07:21.153 [info] Getting sessions for user:email...
2025-11-25 16:07:21.153 [info] Got 1 sessions for user:email...
2025-11-25 16:07:21.482 [info] Getting sessions for read:user,repo,user:email,workflow...
2025-11-25 16:07:21.482 [info] Got 0 sessions for read:user,repo,user:email,workflow...
2025-11-25 16:07:21.486 [info] Getting sessions for read:user...
2025-11-25 16:07:21.486 [info] Got 0 sessions for read:user...
2025-11-25 16:07:21.487 [info] Getting sessions for user:email...
2025-11-25 16:07:21.487 [info] Got 1 sessions for user:email...
2025-11-25 16:07:25.866 [info] Getting sessions for read:user,repo,user:email,workflow...
2025-11-25 16:07:25.866 [info] Got 0 sessions for read:user,repo,user:email,workflow...
2025-11-25 16:07:25.867 [info] Getting sessions for read:user...
2025-11-25 16:07:25.867 [info] Got 0 sessions for read:user...
2025-11-25 16:07:25.868 [info] Getting sessions for user:email...
2025-11-25 16:07:25.868 [info] Got 1 sessions for user:email...
2025-11-25 16:07:26.387 [info] Getting sessions for read:user,repo,user:email,workflow...
2025-11-25 16:07:26.387 [info] Got 0 sessions for read:user,repo,user:email,workflow...
2025-11-25 16:07:26.388 [info] Getting sessions for read:user...
2025-11-25 16:07:26.388 [info] Got 0 sessions for read:user...
2025-11-25 16:07:26.389 [info] Getting sessions for user:email...
2025-11-25 16:07:26.389 [info] Got 1 sessions for user:email...
2025-11-25 16:07:27.608 [info] Getting sessions for read:user,repo,user:email,workflow...
2025-11-25 16:07:27.608 [info] Got 0 sessions for read:user,repo,user:email,workflow...
2025-11-25 16:07:27.609 [info] Getting sessions for read:user...
2025-11-25 16:07:27.609 [info] Got 0 sessions for read:user...
2025-11-25 16:07:27.610 [info] Getting sessions for user:email...
2025-11-25 16:07:27.610 [info] Got 1 sessions for user:email...
2025-11-25 16:07:28.663 [info] Getting sessions for read:user,repo,user:email,workflow...
2025-11-25 16:07:28.663 [info] Got 0 sessions for read:user,repo,user:email,workflow...
2025-11-25 16:07:28.664 [info] Getting sessions for read:user...
2025-11-25 16:07:28.664 [info] Got 0 sessions for read:user...
2025-11-25 16:07:28.665 [info] Getting sessions for user:email...
2025-11-25 16:07:28.665 [info] Got 1 sessions for user:email...
2025-11-25 16:07:30.968 [info] Getting sessions for read:user,repo,user:email,workflow...
2025-11-25 16:07:30.968 [info] Got 0 sessions for read:user,repo,user:email,workflow...
2025-11-25 16:07:30.968 [info] Getting sessions for read:user...
2025-11-25 16:07:30.969 [info] Got 0 sessions for read:user...
2025-11-25 16:07:30.969 [info] Getting sessions for user:email...
2025-11-25 16:07:30.969 [info] Got 1 sessions for user:email...
2025-11-25 16:07:31.874 [info] Getting sessions for read:user,repo,user:email,workflow...
2025-11-25 16:07:31.874 [info] Got 0 sessions for read:user,repo,user:email,workflow...
2025-11-25 16:07:31.875 [info] Getting sessions for read:user...
2025-11-25 16:07:31.875 [info] Got 0 sessions for read:user...
2025-11-25 16:07:31.876 [info] Getting sessions for user:email...
2025-11-25 16:07:31.876 [info] Got 1 sessions for user:email...
2025-11-25 16:07:32.207 [info] Getting sessions for read:user,repo,user:email,workflow...
2025-11-25 16:07:32.207 [info] Got 0 sessions for read:user,repo,user:email,workflow...
2025-11-25 16:07:32.209 [info] Getting sessions for read:user...
2025-11-25 16:07:32.209 [info] Got 0 sessions for read:user...
2025-11-25 16:07:32.210 [info] Getting sessions for user:email...
2025-11-25 16:07:32.210 [info] Got 1 sessions for user:email...
2025-11-25 16:07:32.650 [info] Getting sessions for read:user,repo,user:email,workflow...
2025-11-25 16:07:32.650 [info] Got 0 sessions for read:user,repo,user:email,workflow...
2025-11-25 16:07:32.651 [info] Getting sessions for read:user...
2025-11-25 16:07:32.651 [info] Got 0 sessions for read:user...
2025-11-25 16:07:32.652 [info] Getting sessions for user:email...
2025-11-25 16:07:32.652 [info] Got 1 sessions for user:email...
2025-11-25 16:07:34.245 [info] Getting sessions for read:user,repo,user:email,workflow...
2025-11-25 16:07:34.245 [info] Got 0 sessions for read:user,repo,user:email,workflow...
2025-11-25 16:07:34.245 [info] Getting sessions for read:user...
2025-11-25 16:07:34.246 [info] Got 0 sessions for read:user...
2025-11-25 16:07:34.246 [info] Getting sessions for user:email...
2025-11-25 16:07:34.246 [info] Got 1 sessions for user:email...
2025-11-25 16:07:35.208 [info] Getting sessions for read:user,repo,user:email,workflow...
2025-11-25 16:07:35.208 [info] Got 0 sessions for read:user,repo,user:email,workflow...
2025-11-25 16:07:35.209 [info] Getting sessions for read:user...
2025-11-25 16:07:35.209 [info] Got 0 sessions for read:user...
2025-11-25 16:07:35.210 [info] Getting sessions for user:email...
2025-11-25 16:07:35.210 [info] Got 1 sessions for user:email...
2025-11-25 16:07:35.728 [info] Getting sessions for read:user,repo,user:email,workflow...
2025-11-25 16:07:35.728 [info] Got 0 sessions for read:user,repo,user:email,workflow...
2025-11-25 16:07:35.729 [info] Getting sessions for read:user...
2025-11-25 16:07:35.729 [info] Got 0 sessions for read:user...
2025-11-25 16:07:35.733 [info] Getting sessions for user:email...
2025-11-25 16:07:35.733 [info] Got 1 sessions for user:email...
2025-11-25 16:07:37.661 [info] Getting sessions for read:user,repo,user:email,workflow...
2025-11-25 16:07:37.661 [info] Got 0 sessions for read:user,repo,user:email,workflow...
2025-11-25 16:07:37.663 [info] Getting sessions for read:user...
2025-11-25 16:07:37.663 [info] Got 0 sessions for read:user...
2025-11-25 16:07:37.665 [info] Getting sessions for user:email...
2025-11-25 16:07:37.665 [info] Got 1 sessions for user:email...
2025-11-25 16:07:38.294 [info] Getting sessions for read:user,repo,user:email,workflow...
2025-11-25 16:07:38.294 [info] Got 0 sessions for read:user,repo,user:email,workflow...
2025-11-25 16:07:38.297 [info] Getting sessions for read:user...
2025-11-25 16:07:38.297 [info] Got 0 sessions for read:user...
2025-11-25 16:07:38.298 [info] Getting sessions for user:email...
2025-11-25 16:07:38.298 [info] Got 1 sessions for user:email...
2025-11-25 16:07:38.672 [info] Getting sessions for read:user,repo,user:email,workflow...
2025-11-25 16:07:38.672 [info] Got 0 sessions for read:user,repo,user:email,workflow...
2025-11-25 16:07:38.673 [info] Getting sessions for read:user...
2025-11-25 16:07:38.673 [info] Got 0 sessions for read:user...
2025-11-25 16:07:38.674 [info] Getting sessions for user:email...
2025-11-25 16:07:38.674 [info] Got 1 sessions for user:email...
2025-11-25 16:07:39.063 [info] Getting sessions for read:user,repo,user:email,workflow...
2025-11-25 16:07:39.063 [info] Got 0 sessions for read:user,repo,user:email,workflow...
2025-11-25 16:07:39.064 [info] Getting sessions for read:user...
2025-11-25 16:07:39.064 [info] Got 0 sessions for read:user...
2025-11-25 16:07:39.066 [info] Getting sessions for user:email...
2025-11-25 16:07:39.066 [info] Got 1 sessions for user:email...
2025-11-25 16:07:41.248 [info] Getting sessions for read:user,repo,user:email,workflow...
2025-11-25 16:07:41.248 [info] Got 0 sessions for read:user,repo,user:email,workflow...
2025-11-25 16:07:41.249 [info] Getting sessions for read:user...
2025-11-25 16:07:41.249 [info] Got 0 sessions for read:user...
2025-11-25 16:07:41.250 [info] Getting sessions for user:email...
2025-11-25 16:07:41.250 [info] Got 1 sessions for user:email...
2025-11-25 16:07:41.954 [info] Getting sessions for read:user,repo,user:email,workflow...
2025-11-25 16:07:41.954 [info] Got 0 sessions for read:user,repo,user:email,workflow...
2025-11-25 16:07:41.958 [info] Getting sessions for read:user...
2025-11-25 16:07:41.958 [info] Got 0 sessions for read:user...
2025-11-25 16:07:41.960 [info] Getting sessions for user:email...
2025-11-25 16:07:41.960 [info] Got 1 sessions for user:email...
2025-11-25 16:07:44.809 [info] Getting sessions for read:user,repo,user:email,workflow...
2025-11-25 16:07:44.809 [info] Got 0 sessions for read:user,repo,user:email,workflow...
2025-11-25 16:07:44.815 [info] Getting sessions for read:user...
2025-11-25 16:07:44.815 [info] Got 0 sessions for read:user...
2025-11-25 16:07:44.825 [info] Getting sessions for user:email...
2025-11-25 16:07:44.825 [info] Got 1 sessions for user:email...
2025-11-25 16:07:45.800 [info] Getting sessions for read:user,repo,user:email,workflow...
2025-11-25 16:07:45.800 [info] Got 0 sessions for read:user,repo,user:email,workflow...
2025-11-25 16:07:45.801 [info] Getting sessions for read:user...
2025-11-25 16:07:45.801 [info] Got 0 sessions for read:user...
2025-11-25 16:07:45.801 [info] Getting sessions for user:email...
2025-11-25 16:07:45.801 [info] Got 1 sessions for user:email...
2025-11-25 16:07:46.247 [info] Getting sessions for read:user,repo,user:email,workflow...
2025-11-25 16:07:46.247 [info] Got 0 sessions for read:user,repo,user:email,workflow...
2025-11-25 16:07:46.248 [info] Getting sessions for read:user...
2025-11-25 16:07:46.248 [info] Got 0 sessions for read:user...
2025-11-25 16:07:46.249 [info] Getting sessions for user:email...
2025-11-25 16:07:46.249 [info] Got 1 sessions for user:email...
2025-11-25 16:07:46.854 [info] Getting sessions for read:user,repo,user:email,workflow...
2025-11-25 16:07:46.854 [info] Got 0 sessions for read:user,repo,user:email,workflow...
2025-11-25 16:07:46.855 [info] Getting sessions for read:user...
2025-11-25 16:07:46.855 [info] Got 0 sessions for read:user...
2025-11-25 16:07:46.856 [info] Getting sessions for user:email...
2025-11-25 16:07:46.856 [info] Got 1 sessions for user:email...
2025-11-25 16:08:06.871 [info] Getting sessions for read:user,repo,user:email,workflow...
2025-11-25 16:08:06.871 [info] Got 0 sessions for read:user,repo,user:email,workflow...
2025-11-25 16:08:06.872 [info] Getting sessions for read:user...
2025-11-25 16:08:06.872 [info] Got 0 sessions for read:user...
2025-11-25 16:08:06.874 [info] Getting sessions for user:email...
2025-11-25 16:08:06.874 [info] Got 1 sessions for user:email...
2025-11-25 16:08:07.804 [info] Getting sessions for read:user,repo,user:email,workflow...
2025-11-25 16:08:07.804 [info] Got 0 sessions for read:user,repo,user:email,workflow...
2025-11-25 16:08:07.811 [info] Getting sessions for read:user...
2025-11-25 16:08:07.811 [info] Got 0 sessions for read:user...
2025-11-25 16:08:07.812 [info] Getting sessions for user:email...
2025-11-25 16:08:07.812 [info] Got 1 sessions for user:email...
2025-11-25 16:08:08.591 [info] Getting sessions for read:user,repo,user:email,workflow...
2025-11-25 16:08:08.591 [info] Got 0 sessions for read:user,repo,user:email,workflow...
2025-11-25 16:08:08.592 [info] Getting sessions for read:user...
2025-11-25 16:08:08.592 [info] Got 0 sessions for read:user...
2025-11-25 16:08:08.593 [info] Getting sessions for user:email...
2025-11-25 16:08:08.593 [info] Got 1 sessions for user:email...
2025-11-25 16:08:40.093 [info] Getting sessions for read:user,repo,user:email,workflow...
2025-11-25 16:08:40.093 [info] Got 0 sessions for read:user,repo,user:email,workflow...
2025-11-25 16:08:40.094 [info] Getting sessions for read:user...
2025-11-25 16:08:40.094 [info] Got 0 sessions for read:user...
2025-11-25 16:08:40.094 [info] Getting sessions for user:email...
2025-11-25 16:08:40.095 [info] Got 1 sessions for user:email...
2025-11-25 16:09:08.587 [info] Getting sessions for read:user,repo,user:email,workflow...
2025-11-25 16:09:08.587 [info] Got 0 sessions for read:user,repo,user:email,workflow...
2025-11-25 16:09:08.587 [info] Getting sessions for read:user...
2025-11-25 16:09:08.587 [info] Got 0 sessions for read:user...
2025-11-25 16:09:08.588 [info] Getting sessions for user:email...
2025-11-25 16:09:08.588 [info] Got 1 sessions for user:email...
2025-11-25 16:09:09.209 [info] Getting sessions for read:user,repo,user:email,workflow...
2025-11-25 16:09:09.209 [info] Got 0 sessions for read:user,repo,user:email,workflow...
2025-11-25 16:09:09.211 [info] Getting sessions for read:user...
2025-11-25 16:09:09.211 [info] Got 0 sessions for read:user...
2025-11-25 16:09:09.212 [info] Getting sessions for user:email...
2025-11-25 16:09:09.212 [info] Got 1 sessions for user:email...
2025-11-25 16:09:09.509 [info] Getting sessions for read:user,repo,user:email,workflow...
2025-11-25 16:09:09.509 [info] Got 0 sessions for read:user,repo,user:email,workflow...
2025-11-25 16:09:09.510 [info] Getting sessions for read:user...
2025-11-25 16:09:09.510 [info] Got 0 sessions for read:user...
2025-11-25 16:09:09.511 [info] Getting sessions for user:email...
2025-11-25 16:09:09.511 [info] Got 1 sessions for user:email...
2025-11-25 16:09:10.376 [info] Getting sessions for read:user,repo,user:email,workflow...
2025-11-25 16:09:10.376 [info] Got 0 sessions for read:user,repo,user:email,workflow...
2025-11-25 16:09:10.377 [info] Getting sessions for read:user...
2025-11-25 16:09:10.377 [info] Got 0 sessions for read:user...
2025-11-25 16:09:10.378 [info] Getting sessions for user:email...
2025-11-25 16:09:10.378 [info] Got 1 sessions for user:email...
2025-11-25 16:09:20.478 [info] Getting sessions for read:user,repo,user:email,workflow...
2025-11-25 16:09:20.478 [info] Got 0 sessions for read:user,repo,user:email,workflow...
2025-11-25 16:09:20.478 [info] Getting sessions for read:user...
2025-11-25 16:09:20.478 [info] Got 0 sessions for read:user...
2025-11-25 16:09:20.479 [info] Getting sessions for user:email...
2025-11-25 16:09:20.479 [info] Got 1 sessions for user:email...
2025-11-25 16:09:21.006 [info] Getting sessions for read:user,repo,user:email,workflow...
2025-11-25 16:09:21.006 [info] Got 0 sessions for read:user,repo,user:email,workflow...
2025-11-25 16:09:21.007 [info] Getting sessions for read:user...
2025-11-25 16:09:21.007 [info] Got 0 sessions for read:user...
2025-11-25 16:09:21.009 [info] Getting sessions for user:email...
2025-11-25 16:09:21.009 [info] Got 1 sessions for user:email...
2025-11-25 16:09:36.933 [info] Getting sessions for read:user,repo,user:email,workflow...
2025-11-25 16:09:36.933 [info] Got 0 sessions for read:user,repo,user:email,workflow...
2025-11-25 16:09:36.934 [info] Getting sessions for read:user...
2025-11-25 16:09:36.935 [info] Got 0 sessions for read:user...
2025-11-25 16:09:36.937 [info] Getting sessions for user:email...
2025-11-25 16:09:36.937 [info] Got 1 sessions for user:email...
2025-11-25 16:09:38.176 [info] Getting sessions for read:user,repo,user:email,workflow...
2025-11-25 16:09:38.176 [info] Got 0 sessions for read:user,repo,user:email,workflow...
2025-11-25 16:09:38.177 [info] Getting sessions for read:user...
2025-11-25 16:09:38.177 [info] Got 0 sessions for read:user...
2025-11-25 16:09:38.178 [info] Getting sessions for user:email...
2025-11-25 16:09:38.178 [info] Got 1 sessions for user:email...
2025-11-25 16:09:38.606 [info] Getting sessions for read:user,repo,user:email,workflow...
2025-11-25 16:09:38.606 [info] Got 0 sessions for read:user,repo,user:email,workflow...
2025-11-25 16:09:38.607 [info] Getting sessions for read:user...
2025-11-25 16:09:38.607 [info] Got 0 sessions for read:user...
2025-11-25 16:09:38.607 [info] Getting sessions for user:email...
2025-11-25 16:09:38.607 [info] Got 1 sessions for user:email...
2025-11-25 16:09:58.215 [info] Getting sessions for read:user,repo,user:email,workflow...
2025-11-25 16:09:58.215 [info] Got 0 sessions for read:user,repo,user:email,workflow...
2025-11-25 16:09:58.215 [info] Getting sessions for read:user...
2025-11-25 16:09:58.215 [info] Got 0 sessions for read:user...
2025-11-25 16:09:58.216 [info] Getting sessions for user:email...
2025-11-25 16:09:58.216 [info] Got 1 sessions for user:email...
2025-11-25 16:09:58.571 [info] Getting sessions for read:user,repo,user:email,workflow...
2025-11-25 16:09:58.571 [info] Got 0 sessions for read:user,repo,user:email,workflow...
2025-11-25 16:09:58.578 [info] Getting sessions for read:user...
2025-11-25 16:09:58.578 [info] Got 0 sessions for read:user...
2025-11-25 16:09:58.580 [info] Getting sessions for user:email...
2025-11-25 16:09:58.580 [info] Got 1 sessions for user:email...
2025-11-25 16:09:59.076 [info] Getting sessions for read:user,repo,user:email,workflow...
2025-11-25 16:09:59.076 [info] Got 0 sessions for read:user,repo,user:email,workflow...
2025-11-25 16:09:59.076 [info] Getting sessions for read:user...
2025-11-25 16:09:59.077 [info] Got 0 sessions for read:user...
2025-11-25 16:09:59.078 [info] Getting sessions for user:email...
2025-11-25 16:09:59.078 [info] Got 1 sessions for user:email...
2025-11-25 16:09:59.557 [info] Getting sessions for read:user,repo,user:email,workflow...
2025-11-25 16:09:59.557 [info] Got 0 sessions for read:user,repo,user:email,workflow...
2025-11-25 16:09:59.558 [info] Getting sessions for read:user...
2025-11-25 16:09:59.558 [info] Got 0 sessions for read:user...
2025-11-25 16:09:59.559 [info] Getting sessions for user:email...
2025-11-25 16:09:59.559 [info] Got 1 sessions for user:email...
2025-11-25 16:10:00.590 [info] Getting sessions for read:user,repo,user:email,workflow...
2025-11-25 16:10:00.590 [info] Got 0 sessions for read:user,repo,user:email,workflow...
2025-11-25 16:10:00.595 [info] Getting sessions for read:user...
2025-11-25 16:10:00.595 [info] Got 0 sessions for read:user...
2025-11-25 16:10:00.596 [info] Getting sessions for user:email...
2025-11-25 16:10:00.596 [info] Got 1 sessions for user:email...
2025-11-25 16:10:01.167 [info] Getting sessions for read:user,repo,user:email,workflow...
2025-11-25 16:10:01.167 [info] Got 0 sessions for read:user,repo,user:email,workflow...
2025-11-25 16:10:01.170 [info] Getting sessions for read:user...
2025-11-25 16:10:01.170 [info] Got 0 sessions for read:user...
2025-11-25 16:10:01.171 [info] Getting sessions for user:email...
2025-11-25 16:10:01.171 [info] Got 1 sessions for user:email...
2025-11-25 16:10:02.753 [info] Getting sessions for read:user,repo,user:email,workflow...
2025-11-25 16:10:02.753 [info] Got 0 sessions for read:user,repo,user:email,workflow...
2025-11-25 16:10:02.754 [info] Getting sessions for read:user...
2025-11-25 16:10:02.754 [info] Got 0 sessions for read:user...
2025-11-25 16:10:02.755 [info] Getting sessions for user:email...
2025-11-25 16:10:02.755 [info] Got 1 sessions for user:email...
2025-11-25 16:10:03.269 [info] Getting sessions for read:user,repo,user:email,workflow...
2025-11-25 16:10:03.269 [info] Got 0 sessions for read:user,repo,user:email,workflow...
2025-11-25 16:10:03.269 [info] Getting sessions for read:user...
2025-11-25 16:10:03.269 [info] Got 0 sessions for read:user...
2025-11-25 16:10:03.270 [info] Getting sessions for user:email...
2025-11-25 16:10:03.270 [info] Got 1 sessions for user:email...
2025-11-25 16:10:03.734 [info] Getting sessions for read:user,repo,user:email,workflow...
2025-11-25 16:10:03.734 [info] Got 0 sessions for read:user,repo,user:email,workflow...
2025-11-25 16:10:03.735 [info] Getting sessions for read:user...
2025-11-25 16:10:03.735 [info] Got 0 sessions for read:user...
2025-11-25 16:10:03.736 [info] Getting sessions for user:email...
2025-11-25 16:10:03.736 [info] Got 1 sessions for user:email...
2025-11-25 16:10:04.637 [info] Getting sessions for read:user,repo,user:email,workflow...
2025-11-25 16:10:04.637 [info] Got 0 sessions for read:user,repo,user:email,workflow...
2025-11-25 16:10:04.638 [info] Getting sessions for read:user...
2025-11-25 16:10:04.638 [info] Got 0 sessions for read:user...
2025-11-25 16:10:04.638 [info] Getting sessions for user:email...
2025-11-25 16:10:04.638 [info] Got 1 sessions for user:email...
2025-11-25 16:11:12.097 [info] Getting sessions for read:user,repo,user:email,workflow...
2025-11-25 16:11:12.097 [info] Got 0 sessions for read:user,repo,user:email,workflow...
2025-11-25 16:11:12.098 [info] Getting sessions for read:user...
2025-11-25 16:11:12.098 [info] Got 0 sessions for read:user...
2025-11-25 16:11:12.107 [info] Getting sessions for user:email...
2025-11-25 16:11:12.108 [info] Got 1 sessions for user:email...
2025-11-25 16:11:13.207 [info] Getting sessions for read:user,repo,user:email,workflow...
2025-11-25 16:11:13.207 [info] Got 0 sessions for read:user,repo,user:email,workflow...
2025-11-25 16:11:13.208 [info] Getting sessions for read:user...
2025-11-25 16:11:13.208 [info] Got 0 sessions for read:user...
2025-11-25 16:11:13.216 [info] Getting sessions for user:email...
2025-11-25 16:11:13.216 [info] Got 1 sessions for user:email...
2025-11-25 16:11:14.859 [info] Getting sessions for read:user,repo,user:email,workflow...
2025-11-25 16:11:14.859 [info] Got 0 sessions for read:user,repo,user:email,workflow...
2025-11-25 16:11:14.860 [info] Getting sessions for read:user...
2025-11-25 16:11:14.860 [info] Got 0 sessions for read:user...
2025-11-25 16:11:14.865 [info] Getting sessions for user:email...
2025-11-25 16:11:14.865 [info] Got 1 sessions for user:email...
2025-11-25 16:11:16.422 [info] Getting sessions for read:user,repo,user:email,workflow...
2025-11-25 16:11:16.422 [info] Got 0 sessions for read:user,repo,user:email,workflow...
2025-11-25 16:11:16.423 [info] Getting sessions for read:user...
2025-11-25 16:11:16.423 [info] Got 0 sessions for read:user...
2025-11-25 16:11:16.424 [info] Getting sessions for user:email...
2025-11-25 16:11:16.424 [info] Got 1 sessions for user:email...
2025-11-25 16:11:17.841 [info] Getting sessions for read:user,repo,user:email,workflow...
2025-11-25 16:11:17.841 [info] Got 0 sessions for read:user,repo,user:email,workflow...
2025-11-25 16:11:17.843 [info] Getting sessions for read:user...
2025-11-25 16:11:17.843 [info] Got 0 sessions for read:user...
2025-11-25 16:11:17.845 [info] Getting sessions for user:email...
2025-11-25 16:11:17.845 [info] Got 1 sessions for user:email...
2025-11-25 16:11:22.404 [info] Getting sessions for read:user,repo,user:email,workflow...
2025-11-25 16:11:22.405 [info] Got 0 sessions for read:user,repo,user:email,workflow...
2025-11-25 16:11:22.405 [info] Getting sessions for read:user...
2025-11-25 16:11:22.405 [info] Got 0 sessions for read:user...
2025-11-25 16:11:22.406 [info] Getting sessions for user:email...
2025-11-25 16:11:22.406 [info] Got 1 sessions for user:email...
2025-11-25 16:11:23.270 [info] Getting sessions for read:user,repo,user:email,workflow...
2025-11-25 16:11:23.270 [info] Got 0 sessions for read:user,repo,user:email,workflow...
2025-11-25 16:11:23.271 [info] Getting sessions for read:user...
2025-11-25 16:11:23.271 [info] Got 0 sessions for read:user...
2025-11-25 16:11:23.272 [info] Getting sessions for user:email...
2025-11-25 16:11:23.272 [info] Got 1 sessions for user:email...
2025-11-25 16:11:23.659 [info] Getting sessions for read:user,repo,user:email,workflow...
2025-11-25 16:11:23.659 [info] Got 0 sessions for read:user,repo,user:email,workflow...
2025-11-25 16:11:23.660 [info] Getting sessions for read:user...
2025-11-25 16:11:23.660 [info] Got 0 sessions for read:user...
2025-11-25 16:11:23.661 [info] Getting sessions for user:email...
2025-11-25 16:11:23.661 [info] Got 1 sessions for user:email...
2025-11-25 16:11:24.020 [info] Getting sessions for read:user,repo,user:email,workflow...
2025-11-25 16:11:24.020 [info] Got 0 sessions for read:user,repo,user:email,workflow...
2025-11-25 16:11:24.026 [info] Getting sessions for read:user...
2025-11-25 16:11:24.026 [info] Got 0 sessions for read:user...
2025-11-25 16:11:24.027 [info] Getting sessions for user:email...
2025-11-25 16:11:24.027 [info] Got 1 sessions for user:email...
2025-11-25 16:11:24.412 [info] Getting sessions for read:user,repo,user:email,workflow...
2025-11-25 16:11:24.412 [info] Got 0 sessions for read:user,repo,user:email,workflow...
2025-11-25 16:11:24.414 [info] Getting sessions for read:user...
2025-11-25 16:11:24.414 [info] Got 0 sessions for read:user...
2025-11-25 16:11:24.415 [info] Getting sessions for user:email...
2025-11-25 16:11:24.415 [info] Got 1 sessions for user:email...
2025-11-25 16:11:24.845 [info] Getting sessions for read:user,repo,user:email,workflow...
2025-11-25 16:11:24.845 [info] Got 0 sessions for read:user,repo,user:email,workflow...
2025-11-25 16:11:24.846 [info] Getting sessions for read:user...
2025-11-25 16:11:24.846 [info] Got 0 sessions for read:user...
2025-11-25 16:11:24.847 [info] Getting sessions for user:email...
2025-11-25 16:11:24.847 [info] Got 1 sessions for user:email...
2025-11-25 16:11:26.249 [info] Getting sessions for read:user,repo,user:email,workflow...
2025-11-25 16:11:26.249 [info] Got 0 sessions for read:user,repo,user:email,workflow...
2025-11-25 16:11:26.250 [info] Getting sessions for read:user...
2025-11-25 16:11:26.250 [info] Got 0 sessions for read:user...
2025-11-25 16:11:26.251 [info] Getting sessions for user:email...
2025-11-25 16:11:26.251 [info] Got 1 sessions for user:email...
2025-11-25 16:11:26.640 [info] Getting sessions for read:user,repo,user:email,workflow...
2025-11-25 16:11:26.640 [info] Got 0 sessions for read:user,repo,user:email,workflow...
2025-11-25 16:11:26.641 [info] Getting sessions for read:user...
2025-11-25 16:11:26.641 [info] Got 0 sessions for read:user...
2025-11-25 16:11:26.642 [info] Getting sessions for user:email...
2025-11-25 16:11:26.642 [info] Got 1 sessions for user:email...
2025-11-25 16:11:27.737 [info] Getting sessions for read:user,repo,user:email,workflow...
2025-11-25 16:11:27.737 [info] Got 0 sessions for read:user,repo,user:email,workflow...
2025-11-25 16:11:27.738 [info] Getting sessions for read:user...
2025-11-25 16:11:27.738 [info] Got 0 sessions for read:user...
2025-11-25 16:11:27.739 [info] Getting sessions for user:email...
2025-11-25 16:11:27.739 [info] Got 1 sessions for user:email...
2025-11-25 16:11:33.364 [info] Getting sessions for read:user,repo,user:email,workflow...
2025-11-25 16:11:33.364 [info] Got 0 sessions for read:user,repo,user:email,workflow...
2025-11-25 16:11:33.366 [info] Getting sessions for read:user...
2025-11-25 16:11:33.366 [info] Got 0 sessions for read:user...
2025-11-25 16:11:33.367 [info] Getting sessions for user:email...
2025-11-25 16:11:33.367 [info] Got 1 sessions for user:email...
2025-11-25 16:11:36.579 [info] Getting sessions for read:user,repo,user:email,workflow...
2025-11-25 16:11:36.579 [info] Got 0 sessions for read:user,repo,user:email,workflow...
2025-11-25 16:11:36.580 [info] Getting sessions for read:user...
2025-11-25 16:11:36.580 [info] Got 0 sessions for read:user...
2025-11-25 16:11:36.581 [info] Getting sessions for user:email...
2025-11-25 16:11:36.581 [info] Got 1 sessions for user:email...
2025-11-25 16:11:42.652 [info] Getting sessions for read:user,repo,user:email,workflow...
2025-11-25 16:11:42.652 [info] Got 0 sessions for read:user,repo,user:email,workflow...
2025-11-25 16:11:42.655 [info] Getting sessions for read:user...
2025-11-25 16:11:42.655 [info] Got 0 sessions for read:user...
2025-11-25 16:11:42.656 [info] Getting sessions for user:email...
2025-11-25 16:11:42.656 [info] Got 1 sessions for user:email...
2025-11-25 16:11:43.455 [info] Getting sessions for read:user,repo,user:email,workflow...
2025-11-25 16:11:43.455 [info] Got 0 sessions for read:user,repo,user:email,workflow...
2025-11-25 16:11:43.455 [info] Getting sessions for read:user...
2025-11-25 16:11:43.455 [info] Got 0 sessions for read:user...
2025-11-25 16:11:43.456 [info] Getting sessions for user:email...
2025-11-25 16:11:43.456 [info] Got 1 sessions for user:email...
2025-11-25 16:11:44.648 [info] Getting sessions for read:user,repo,user:email,workflow...
2025-11-25 16:11:44.648 [info] Got 0 sessions for read:user,repo,user:email,workflow...
2025-11-25 16:11:44.651 [info] Getting sessions for read:user...
2025-11-25 16:11:44.651 [info] Got 0 sessions for read:user...
2025-11-25 16:11:44.652 [info] Getting sessions for user:email...
2025-11-25 16:11:44.652 [info] Got 1 sessions for user:email...
2025-11-25 16:11:47.277 [info] Getting sessions for read:user,repo,user:email,workflow...
2025-11-25 16:11:47.277 [info] Got 0 sessions for read:user,repo,user:email,workflow...
2025-11-25 16:11:47.278 [info] Getting sessions for read:user...
2025-11-25 16:11:47.278 [info] Got 0 sessions for read:user...
2025-11-25 16:11:47.279 [info] Getting sessions for user:email...
2025-11-25 16:11:47.279 [info] Got 1 sessions for user:email...
2025-11-25 16:11:52.108 [info] Getting sessions for read:user,repo,user:email,workflow...
2025-11-25 16:11:52.108 [info] Got 0 sessions for read:user,repo,user:email,workflow...
2025-11-25 16:11:52.108 [info] Getting sessions for read:user...
2025-11-25 16:11:52.108 [info] Got 0 sessions for read:user...
2025-11-25 16:11:52.109 [info] Getting sessions for user:email...
2025-11-25 16:11:52.109 [info] Got 1 sessions for user:email...
2025-11-25 16:11:55.751 [info] Getting sessions for read:user,repo,user:email,workflow...
2025-11-25 16:11:55.751 [info] Got 0 sessions for read:user,repo,user:email,workflow...
2025-11-25 16:11:55.752 [info] Getting sessions for read:user...
2025-11-25 16:11:55.752 [info] Got 0 sessions for read:user...
2025-11-25 16:11:55.753 [info] Getting sessions for user:email...
2025-11-25 16:11:55.753 [info] Got 1 sessions for user:email...
2025-11-25 16:11:56.085 [info] Getting sessions for read:user,repo,user:email,workflow...
2025-11-25 16:11:56.085 [info] Got 0 sessions for read:user,repo,user:email,workflow...
2025-11-25 16:11:56.086 [info] Getting sessions for read:user...
2025-11-25 16:11:56.086 [info] Got 0 sessions for read:user...
2025-11-25 16:11:56.086 [info] Getting sessions for user:email...
2025-11-25 16:11:56.086 [info] Got 1 sessions for user:email...
2025-11-25 16:11:56.578 [info] Getting sessions for read:user,repo,user:email,workflow...
2025-11-25 16:11:56.578 [info] Got 0 sessions for read:user,repo,user:email,workflow...
2025-11-25 16:11:56.578 [info] Getting sessions for read:user...
2025-11-25 16:11:56.578 [info] Got 0 sessions for read:user...
2025-11-25 16:11:56.579 [info] Getting sessions for user:email...
2025-11-25 16:11:56.579 [info] Got 1 sessions for user:email...
2025-11-25 16:11:56.851 [info] Getting sessions for read:user,repo,user:email,workflow...
2025-11-25 16:11:56.851 [info] Got 0 sessions for read:user,repo,user:email,workflow...
2025-11-25 16:11:56.852 [info] Getting sessions for read:user...
2025-11-25 16:11:56.852 [info] Got 0 sessions for read:user...
2025-11-25 16:11:56.853 [info] Getting sessions for user:email...
2025-11-25 16:11:56.853 [info] Got 1 sessions for user:email...
2025-11-25 16:11:57.888 [info] Getting sessions for read:user,repo,user:email,workflow...
2025-11-25 16:11:57.888 [info] Got 0 sessions for read:user,repo,user:email,workflow...
2025-11-25 16:11:57.889 [info] Getting sessions for read:user...
2025-11-25 16:11:57.889 [info] Got 0 sessions for read:user...
2025-11-25 16:11:57.889 [info] Getting sessions for user:email...
2025-11-25 16:11:57.889 [info] Got 1 sessions for user:email...
2025-11-25 16:11:58.494 [info] Getting sessions for read:user,repo,user:email,workflow...
2025-11-25 16:11:58.494 [info] Got 0 sessions for read:user,repo,user:email,workflow...
2025-11-25 16:11:58.495 [info] Getting sessions for read:user...
2025-11-25 16:11:58.495 [info] Got 0 sessions for read:user...
2025-11-25 16:11:58.496 [info] Getting sessions for user:email...
2025-11-25 16:11:58.496 [info] Got 1 sessions for user:email...
2025-11-25 16:11:58.806 [info] Getting sessions for read:user,repo,user:email,workflow...
2025-11-25 16:11:58.806 [info] Got 0 sessions for read:user,repo,user:email,workflow...
2025-11-25 16:11:58.807 [info] Getting sessions for read:user...
2025-11-25 16:11:58.808 [info] Got 0 sessions for read:user...
2025-11-25 16:11:58.809 [info] Getting sessions for user:email...
2025-11-25 16:11:58.809 [info] Got 1 sessions for user:email...
2025-11-25 16:11:59.123 [info] Getting sessions for read:user,repo,user:email,workflow...
2025-11-25 16:11:59.123 [info] Got 0 sessions for read:user,repo,user:email,workflow...
2025-11-25 16:11:59.124 [info] Getting sessions for read:user...
2025-11-25 16:11:59.124 [info] Got 0 sessions for read:user...
2025-11-25 16:11:59.125 [info] Getting sessions for user:email...
2025-11-25 16:11:59.125 [info] Got 1 sessions for user:email...
2025-11-25 16:11:59.431 [info] Getting sessions for read:user,repo,user:email,workflow...
2025-11-25 16:11:59.431 [info] Got 0 sessions for read:user,repo,user:email,workflow...
2025-11-25 16:11:59.432 [info] Getting sessions for read:user...
2025-11-25 16:11:59.432 [info] Got 0 sessions for read:user...
2025-11-25 16:11:59.433 [info] Getting sessions for user:email...
2025-11-25 16:11:59.433 [info] Got 1 sessions for user:email...
2025-11-25 16:11:59.924 [info] Getting sessions for read:user,repo,user:email,workflow...
2025-11-25 16:11:59.924 [info] Got 0 sessions for read:user,repo,user:email,workflow...
2025-11-25 16:11:59.926 [info] Getting sessions for read:user...
2025-11-25 16:11:59.926 [info] Got 0 sessions for read:user...
2025-11-25 16:11:59.928 [info] Getting sessions for user:email...
2025-11-25 16:11:59.928 [info] Got 1 sessions for user:email...
2025-11-25 16:12:00.297 [info] Getting sessions for read:user,repo,user:email,workflow...
2025-11-25 16:12:00.297 [info] Got 0 sessions for read:user,repo,user:email,workflow...
2025-11-25 16:12:00.298 [info] Getting sessions for read:user...
2025-11-25 16:12:00.298 [info] Got 0 sessions for read:user...
2025-11-25 16:12:00.299 [info] Getting sessions for user:email...
2025-11-25 16:12:00.299 [info] Got 1 sessions for user:email...
2025-11-25 16:12:06.354 [info] Getting sessions for read:user,repo,user:email,workflow...
2025-11-25 16:12:06.354 [info] Got 0 sessions for read:user,repo,user:email,workflow...
2025-11-25 16:12:06.355 [info] Getting sessions for read:user...
2025-11-25 16:12:06.355 [info] Got 0 sessions for read:user...
2025-11-25 16:12:06.356 [info] Getting sessions for user:email...
2025-11-25 16:12:06.356 [info] Got 1 sessions for user:email...
2025-11-25 16:12:16.419 [info] Getting sessions for read:user,repo,user:email,workflow...
2025-11-25 16:12:16.419 [info] Got 0 sessions for read:user,repo,user:email,workflow...
2025-11-25 16:12:16.420 [info] Getting sessions for read:user...
2025-11-25 16:12:16.420 [info] Got 0 sessions for read:user...
2025-11-25 16:12:16.421 [info] Getting sessions for user:email...
2025-11-25 16:12:16.421 [info] Got 1 sessions for user:email...
2025-11-25 16:12:16.681 [info] Getting sessions for read:user,repo,user:email,workflow...
2025-11-25 16:12:16.681 [info] Got 0 sessions for read:user,repo,user:email,workflow...
2025-11-25 16:12:16.682 [info] Getting sessions for read:user...
2025-11-25 16:12:16.682 [info] Got 0 sessions for read:user...
2025-11-25 16:12:16.683 [info] Getting sessions for user:email...
2025-11-25 16:12:16.683 [info] Got 1 sessions for user:email...
2025-11-25 16:12:17.018 [info] Getting sessions for read:user,repo,user:email,workflow...
2025-11-25 16:12:17.018 [info] Got 0 sessions for read:user,repo,user:email,workflow...
2025-11-25 16:12:17.019 [info] Getting sessions for read:user...
2025-11-25 16:12:17.019 [info] Got 0 sessions for read:user...
2025-11-25 16:12:17.020 [info] Getting sessions for user:email...
2025-11-25 16:12:17.020 [info] Got 1 sessions for user:email...
2025-11-25 16:12:17.404 [info] Getting sessions for read:user,repo,user:email,workflow...
2025-11-25 16:12:17.404 [info] Got 0 sessions for read:user,repo,user:email,workflow...
2025-11-25 16:12:17.405 [info] Getting sessions for read:user...
2025-11-25 16:12:17.405 [info] Got 0 sessions for read:user...
2025-11-25 16:12:17.406 [info] Getting sessions for user:email...
2025-11-25 16:12:17.406 [info] Got 1 sessions for user:email...
2025-11-25 16:12:18.307 [info] Getting sessions for read:user,repo,user:email,workflow...
2025-11-25 16:12:18.307 [info] Got 0 sessions for read:user,repo,user:email,workflow...
2025-11-25 16:12:18.308 [info] Getting sessions for read:user...
2025-11-25 16:12:18.308 [info] Got 0 sessions for read:user...
2025-11-25 16:12:18.309 [info] Getting sessions for user:email...
2025-11-25 16:12:18.309 [info] Got 1 sessions for user:email...
2025-11-25 16:12:18.750 [info] Getting sessions for read:user,repo,user:email,workflow...
2025-11-25 16:12:18.750 [info] Got 0 sessions for read:user,repo,user:email,workflow...
2025-11-25 16:12:18.751 [info] Getting sessions for read:user...
2025-11-25 16:12:18.751 [info] Got 0 sessions for read:user...
2025-11-25 16:12:18.752 [info] Getting sessions for user:email...
2025-11-25 16:12:18.752 [info] Got 1 sessions for user:email...
2025-11-25 16:12:19.606 [info] Getting sessions for read:user,repo,user:email,workflow...
2025-11-25 16:12:19.606 [info] Got 0 sessions for read:user,repo,user:email,workflow...
2025-11-25 16:12:19.606 [info] Getting sessions for read:user...
2025-11-25 16:12:19.606 [info] Got 0 sessions for read:user...
2025-11-25 16:12:19.607 [info] Getting sessions for user:email...
2025-11-25 16:12:19.607 [info] Got 1 sessions for user:email...
2025-11-25 16:12:20.292 [info] Getting sessions for read:user,repo,user:email,workflow...
2025-11-25 16:12:20.292 [info] Got 0 sessions for read:user,repo,user:email,workflow...
2025-11-25 16:12:20.293 [info] Getting sessions for read:user...
2025-11-25 16:12:20.293 [info] Got 0 sessions for read:user...
2025-11-25 16:12:20.293 [info] Getting sessions for user:email...
2025-11-25 16:12:20.294 [info] Got 1 sessions for user:email...
2025-11-25 16:12:20.583 [info] Getting sessions for read:user,repo,user:email,workflow...
2025-11-25 16:12:20.583 [info] Got 0 sessions for read:user,repo,user:email,workflow...
2025-11-25 16:12:20.584 [info] Getting sessions for read:user...
2025-11-25 16:12:20.584 [info] Got 0 sessions for read:user...
2025-11-25 16:12:20.585 [info] Getting sessions for user:email...
2025-11-25 16:12:20.585 [info] Got 1 sessions for user:email...
2025-11-25 16:12:24.294 [info] Getting sessions for read:user,repo,user:email,workflow...
2025-11-25 16:12:24.294 [info] Got 0 sessions for read:user,repo,user:email,workflow...
2025-11-25 16:12:24.295 [info] Getting sessions for read:user...
2025-11-25 16:12:24.295 [info] Got 0 sessions for read:user...
2025-11-25 16:12:24.295 [info] Getting sessions for user:email...
2025-11-25 16:12:24.295 [info] Got 1 sessions for user:email...
2025-11-25 16:12:27.456 [info] Getting sessions for read:user,repo,user:email,workflow...
2025-11-25 16:12:27.456 [info] Got 0 sessions for read:user,repo,user:email,workflow...
2025-11-25 16:12:27.457 [info] Getting sessions for read:user...
2025-11-25 16:12:27.457 [info] Got 0 sessions for read:user...
2025-11-25 16:12:27.458 [info] Getting sessions for user:email...
2025-11-25 16:12:27.458 [info] Got 1 sessions for user:email...
2025-11-25 16:12:31.484 [info] Getting sessions for read:user,repo,user:email,workflow...
2025-11-25 16:12:31.485 [info] Got 0 sessions for read:user,repo,user:email,workflow...
2025-11-25 16:12:31.488 [info] Getting sessions for read:user...
2025-11-25 16:12:31.488 [info] Got 0 sessions for read:user...
2025-11-25 16:12:31.494 [info] Getting sessions for user:email...
2025-11-25 16:12:31.494 [info] Got 1 sessions for user:email...
2025-11-25 16:12:34.206 [info] Getting sessions for read:user,repo,user:email,workflow...
2025-11-25 16:12:34.206 [info] Got 0 sessions for read:user,repo,user:email,workflow...
2025-11-25 16:12:34.207 [info] Getting sessions for read:user...
2025-11-25 16:12:34.207 [info] Got 0 sessions for read:user...
2025-11-25 16:12:34.207 [info] Getting sessions for user:email...
2025-11-25 16:12:34.207 [info] Got 1 sessions for user:email...
2025-11-25 16:12:35.165 [info] Getting sessions for read:user,repo,user:email,workflow...
2025-11-25 16:12:35.165 [info] Got 0 sessions for read:user,repo,user:email,workflow...
2025-11-25 16:12:35.166 [info] Getting sessions for read:user...
2025-11-25 16:12:35.166 [info] Got 0 sessions for read:user...
2025-11-25 16:12:35.167 [info] Getting sessions for user:email...
2025-11-25 16:12:35.167 [info] Got 1 sessions for user:email...
2025-11-25 16:12:36.912 [info] Getting sessions for read:user,repo,user:email,workflow...
2025-11-25 16:12:36.912 [info] Got 0 sessions for read:user,repo,user:email,workflow...
2025-11-25 16:12:36.913 [info] Getting sessions for read:user...
2025-11-25 16:12:36.913 [info] Got 0 sessions for read:user...
2025-11-25 16:12:36.914 [info] Getting sessions for user:email...
2025-11-25 16:12:36.914 [info] Got 1 sessions for user:email...
2025-11-25 16:12:37.482 [info] Getting sessions for read:user,repo,user:email,workflow...
2025-11-25 16:12:37.482 [info] Got 0 sessions for read:user,repo,user:email,workflow...
2025-11-25 16:12:37.482 [info] Getting sessions for read:user...
2025-11-25 16:12:37.482 [info] Got 0 sessions for read:user...
2025-11-25 16:12:37.483 [info] Getting sessions for user:email...
2025-11-25 16:12:37.483 [info] Got 1 sessions for user:email...
2025-11-25 16:15:13.512 [info] Getting sessions for read:user,repo,user:email,workflow...
2025-11-25 16:15:13.512 [info] Got 0 sessions for read:user,repo,user:email,workflow...
2025-11-25 16:15:13.513 [info] Getting sessions for read:user...
2025-11-25 16:15:13.513 [info] Got 0 sessions for read:user...
2025-11-25 16:15:13.551 [info] Getting sessions for user:email...
2025-11-25 16:15:13.551 [info] Got 1 sessions for user:email...
2025-11-25 16:15:15.258 [info] Getting sessions for read:user,repo,user:email,workflow...
2025-11-25 16:15:15.258 [info] Got 0 sessions for read:user,repo,user:email,workflow...
2025-11-25 16:15:15.258 [info] Getting sessions for read:user...
2025-11-25 16:15:15.258 [info] Got 0 sessions for read:user...
2025-11-25 16:15:15.260 [info] Getting sessions for user:email...
2025-11-25 16:15:15.260 [info] Got 1 sessions for user:email...
2025-11-25 16:15:15.580 [info] Getting sessions for read:user,repo,user:email,workflow...
2025-11-25 16:15:15.580 [info] Got 0 sessions for read:user,repo,user:email,workflow...
2025-11-25 16:15:15.581 [info] Getting sessions for read:user...
2025-11-25 16:15:15.581 [info] Got 0 sessions for read:user...
2025-11-25 16:15:15.582 [info] Getting sessions for user:email...
2025-11-25 16:15:15.582 [info] Got 1 sessions for user:email...
2025-11-25 16:15:16.922 [info] Getting sessions for read:user,repo,user:email,workflow...
2025-11-25 16:15:16.922 [info] Got 0 sessions for read:user,repo,user:email,workflow...
2025-11-25 16:15:16.923 [info] Getting sessions for read:user...
2025-11-25 16:15:16.923 [info] Got 0 sessions for read:user...
2025-11-25 16:15:16.924 [info] Getting sessions for user:email...
2025-11-25 16:15:16.924 [info] Got 1 sessions for user:email...
2025-11-25 16:15:18.838 [info] Getting sessions for read:user,repo,user:email,workflow...
2025-11-25 16:15:18.839 [info] Got 0 sessions for read:user,repo,user:email,workflow...
2025-11-25 16:15:18.840 [info] Getting sessions for read:user...
2025-11-25 16:15:18.840 [info] Got 0 sessions for read:user...
2025-11-25 16:15:18.841 [info] Getting sessions for user:email...
2025-11-25 16:15:18.841 [info] Got 1 sessions for user:email...
2025-11-25 16:15:21.137 [info] Getting sessions for read:user,repo,user:email,workflow...
2025-11-25 16:15:21.137 [info] Got 0 sessions for read:user,repo,user:email,workflow...
2025-11-25 16:15:21.138 [info] Getting sessions for read:user...
2025-11-25 16:15:21.138 [info] Got 0 sessions for read:user...
2025-11-25 16:15:21.139 [info] Getting sessions for user:email...
2025-11-25 16:15:21.139 [info] Got 1 sessions for user:email...
2025-11-25 16:15:26.974 [info] Getting sessions for read:user,repo,user:email,workflow...
2025-11-25 16:15:26.974 [info] Got 0 sessions for read:user,repo,user:email,workflow...
2025-11-25 16:15:26.975 [info] Getting sessions for read:user...
2025-11-25 16:15:26.975 [info] Got 0 sessions for read:user...
2025-11-25 16:15:26.977 [info] Getting sessions for user:email...
2025-11-25 16:15:26.977 [info] Got 1 sessions for user:email...
2025-11-25 16:15:29.189 [info] Getting sessions for read:user,repo,user:email,workflow...
2025-11-25 16:15:29.189 [info] Got 0 sessions for read:user,repo,user:email,workflow...
2025-11-25 16:15:29.190 [info] Getting sessions for read:user...
2025-11-25 16:15:29.190 [info] Got 0 sessions for read:user...
2025-11-25 16:15:29.191 [info] Getting sessions for user:email...
2025-11-25 16:15:29.191 [info] Got 1 sessions for user:email...
2025-11-25 16:15:31.006 [info] Getting sessions for read:user,repo,user:email,workflow...
2025-11-25 16:15:31.006 [info] Got 0 sessions for read:user,repo,user:email,workflow...
2025-11-25 16:15:31.007 [info] Getting sessions for read:user...
2025-11-25 16:15:31.007 [info] Got 0 sessions for read:user...
2025-11-25 16:15:31.008 [info] Getting sessions for user:email...
2025-11-25 16:15:31.008 [info] Got 1 sessions for user:email...
2025-11-25 16:15:31.404 [info] Getting sessions for read:user,repo,user:email,workflow...
2025-11-25 16:15:31.404 [info] Got 0 sessions for read:user,repo,user:email,workflow...
2025-11-25 16:15:31.405 [info] Getting sessions for read:user...
2025-11-25 16:15:31.405 [info] Got 0 sessions for read:user...
2025-11-25 16:15:31.406 [info] Getting sessions for user:email...
2025-11-25 16:15:31.406 [info] Got 1 sessions for user:email...
2025-11-25 16:15:31.963 [info] Getting sessions for read:user,repo,user:email,workflow...
2025-11-25 16:15:31.963 [info] Got 0 sessions for read:user,repo,user:email,workflow...
2025-11-25 16:15:31.964 [info] Getting sessions for read:user...
2025-11-25 16:15:31.964 [info] Got 0 sessions for read:user...
2025-11-25 16:15:31.965 [info] Getting sessions for user:email...
2025-11-25 16:15:31.965 [info] Got 1 sessions for user:email...
2025-11-25 16:15:32.489 [info] Getting sessions for read:user,repo,user:email,workflow...
2025-11-25 16:15:32.489 [info] Got 0 sessions for read:user,repo,user:email,workflow...
2025-11-25 16:15:32.490 [info] Getting sessions for read:user...
2025-11-25 16:15:32.490 [info] Got 0 sessions for read:user...
2025-11-25 16:15:32.494 [info] Getting sessions for user:email...
2025-11-25 16:15:32.494 [info] Got 1 sessions for user:email...
2025-11-25 16:15:33.247 [info] Getting sessions for read:user,repo,user:email,workflow...
2025-11-25 16:15:33.247 [info] Got 0 sessions for read:user,repo,user:email,workflow...
2025-11-25 16:15:33.247 [info] Getting sessions for read:user...
2025-11-25 16:15:33.247 [info] Got 0 sessions for read:user...
2025-11-25 16:15:33.248 [info] Getting sessions for user:email...
2025-11-25 16:15:33.248 [info] Got 1 sessions for user:email...
2025-11-25 16:15:36.967 [info] Getting sessions for read:user,repo,user:email,workflow...
2025-11-25 16:15:36.967 [info] Got 0 sessions for read:user,repo,user:email,workflow...
2025-11-25 16:15:36.968 [info] Getting sessions for read:user...
2025-11-25 16:15:36.968 [info] Got 0 sessions for read:user...
2025-11-25 16:15:36.970 [info] Getting sessions for user:email...
2025-11-25 16:15:36.970 [info] Got 1 sessions for user:email...
2025-11-25 16:15:38.164 [info] Getting sessions for read:user,repo,user:email,workflow...
2025-11-25 16:15:38.164 [info] Got 0 sessions for read:user,repo,user:email,workflow...
2025-11-25 16:15:38.166 [info] Getting sessions for read:user...
2025-11-25 16:15:38.166 [info] Got 0 sessions for read:user...
2025-11-25 16:15:38.167 [info] Getting sessions for user:email...
2025-11-25 16:15:38.167 [info] Got 1 sessions for user:email...
2025-11-25 16:15:38.469 [info] Getting sessions for read:user,repo,user:email,workflow...
2025-11-25 16:15:38.469 [info] Got 0 sessions for read:user,repo,user:email,workflow...
2025-11-25 16:15:38.469 [info] Getting sessions for read:user...
2025-11-25 16:15:38.469 [info] Got 0 sessions for read:user...
2025-11-25 16:15:38.470 [info] Getting sessions for user:email...
2025-11-25 16:15:38.470 [info] Got 1 sessions for user:email...
2025-11-25 16:15:39.031 [info] Getting sessions for read:user,repo,user:email,workflow...
2025-11-25 16:15:39.031 [info] Got 0 sessions for read:user,repo,user:email,workflow...
2025-11-25 16:15:39.032 [info] Getting sessions for read:user...
2025-11-25 16:15:39.032 [info] Got 0 sessions for read:user...
2025-11-25 16:15:39.033 [info] Getting sessions for user:email...
2025-11-25 16:15:39.033 [info] Got 1 sessions for user:email...
2025-11-25 16:15:39.319 [info] Getting sessions for read:user,repo,user:email,workflow...
2025-11-25 16:15:39.319 [info] Got 0 sessions for read:user,repo,user:email,workflow...
2025-11-25 16:15:39.321 [info] Getting sessions for read:user...
2025-11-25 16:15:39.321 [info] Got 0 sessions for read:user...
2025-11-25 16:15:39.322 [info] Getting sessions for user:email...
2025-11-25 16:15:39.322 [info] Got 1 sessions for user:email...
2025-11-25 16:15:40.178 [info] Getting sessions for read:user,repo,user:email,workflow...
2025-11-25 16:15:40.178 [info] Got 0 sessions for read:user,repo,user:email,workflow...
2025-11-25 16:15:40.179 [info] Getting sessions for read:user...
2025-11-25 16:15:40.179 [info] Got 0 sessions for read:user...
2025-11-25 16:15:40.180 [info] Getting sessions for user:email...
2025-11-25 16:15:40.180 [info] Got 1 sessions for user:email...
2025-11-25 16:15:41.003 [info] Getting sessions for read:user,repo,user:email,workflow...
2025-11-25 16:15:41.003 [info] Got 0 sessions for read:user,repo,user:email,workflow...
2025-11-25 16:15:41.005 [info] Getting sessions for read:user...
2025-11-25 16:15:41.005 [info] Got 0 sessions for read:user...
2025-11-25 16:15:41.007 [info] Getting sessions for user:email...
2025-11-25 16:15:41.007 [info] Got 1 sessions for user:email...
2025-11-25 16:15:41.736 [info] Getting sessions for read:user,repo,user:email,workflow...
2025-11-25 16:15:41.736 [info] Got 0 sessions for read:user,repo,user:email,workflow...
2025-11-25 16:15:41.737 [info] Getting sessions for read:user...
2025-11-25 16:15:41.737 [info] Got 0 sessions for read:user...
2025-11-25 16:15:41.737 [info] Getting sessions for user:email...
2025-11-25 16:15:41.737 [info] Got 1 sessions for user:email...
2025-11-25 16:15:42.537 [info] Getting sessions for read:user,repo,user:email,workflow...
2025-11-25 16:15:42.537 [info] Got 0 sessions for read:user,repo,user:email,workflow...
2025-11-25 16:15:42.538 [info] Getting sessions for read:user...
2025-11-25 16:15:42.538 [info] Got 0 sessions for read:user...
2025-11-25 16:15:42.539 [info] Getting sessions for user:email...
2025-11-25 16:15:42.539 [info] Got 1 sessions for user:email...
2025-11-25 16:15:47.611 [info] Getting sessions for read:user,repo,user:email,workflow...
2025-11-25 16:15:47.611 [info] Got 0 sessions for read:user,repo,user:email,workflow...
2025-11-25 16:15:47.612 [info] Getting sessions for read:user...
2025-11-25 16:15:47.612 [info] Got 0 sessions for read:user...
2025-11-25 16:15:47.613 [info] Getting sessions for user:email...
2025-11-25 16:15:47.613 [info] Got 1 sessions for user:email...
2025-11-25 16:15:50.369 [info] Getting sessions for read:user,repo,user:email,workflow...
2025-11-25 16:15:50.369 [info] Got 0 sessions for read:user,repo,user:email,workflow...
2025-11-25 16:15:50.370 [info] Getting sessions for read:user...
2025-11-25 16:15:50.370 [info] Got 0 sessions for read:user...
2025-11-25 16:15:50.371 [info] Getting sessions for user:email...
2025-11-25 16:15:50.371 [info] Got 1 sessions for user:email...
2025-11-25 16:15:51.283 [info] Getting sessions for read:user,repo,user:email,workflow...
2025-11-25 16:15:51.283 [info] Got 0 sessions for read:user,repo,user:email,workflow...
2025-11-25 16:15:51.284 [info] Getting sessions for read:user...
2025-11-25 16:15:51.284 [info] Got 0 sessions for read:user...
2025-11-25 16:15:51.286 [info] Getting sessions for user:email...
2025-11-25 16:15:51.287 [info] Got 1 sessions for user:email...
2025-11-25 16:15:51.603 [info] Getting sessions for read:user,repo,user:email,workflow...
2025-11-25 16:15:51.603 [info] Got 0 sessions for read:user,repo,user:email,workflow...
2025-11-25 16:15:51.604 [info] Getting sessions for read:user...
2025-11-25 16:15:51.604 [info] Got 0 sessions for read:user...
2025-11-25 16:15:51.605 [info] Getting sessions for user:email...
2025-11-25 16:15:51.605 [info] Got 1 sessions for user:email...
2025-11-25 16:15:51.928 [info] Getting sessions for read:user,repo,user:email,workflow...
2025-11-25 16:15:51.928 [info] Got 0 sessions for read:user,repo,user:email,workflow...
2025-11-25 16:15:51.928 [info] Getting sessions for read:user...
2025-11-25 16:15:51.928 [info] Got 0 sessions for read:user...
2025-11-25 16:15:51.929 [info] Getting sessions for user:email...
2025-11-25 16:15:51.929 [info] Got 1 sessions for user:email...
2025-11-25 16:15:53.524 [info] Getting sessions for read:user,repo,user:email,workflow...
2025-11-25 16:15:53.524 [info] Got 0 sessions for read:user,repo,user:email,workflow...
2025-11-25 16:15:53.525 [info] Getting sessions for read:user...
2025-11-25 16:15:53.525 [info] Got 0 sessions for read:user...
2025-11-25 16:15:53.526 [info] Getting sessions for user:email...
2025-11-25 16:15:53.526 [info] Got 1 sessions for user:email...
2025-11-25 16:15:53.976 [info] Getting sessions for read:user,repo,user:email,workflow...
2025-11-25 16:15:53.976 [info] Got 0 sessions for read:user,repo,user:email,workflow...
2025-11-25 16:15:53.977 [info] Getting sessions for read:user...
2025-11-25 16:15:53.977 [info] Got 0 sessions for read:user...
2025-11-25 16:15:53.978 [info] Getting sessions for user:email...
2025-11-25 16:15:53.978 [info] Got 1 sessions for user:email...
2025-11-25 16:15:54.476 [info] Getting sessions for read:user,repo,user:email,workflow...
2025-11-25 16:15:54.476 [info] Got 0 sessions for read:user,repo,user:email,workflow...
2025-11-25 16:15:54.477 [info] Getting sessions for read:user...
2025-11-25 16:15:54.477 [info] Got 0 sessions for read:user...
2025-11-25 16:15:54.478 [info] Getting sessions for user:email...
2025-11-25 16:15:54.478 [info] Got 1 sessions for user:email...
2025-11-25 16:15:55.256 [info] Getting sessions for read:user,repo,user:email,workflow...
2025-11-25 16:15:55.256 [info] Got 0 sessions for read:user,repo,user:email,workflow...
2025-11-25 16:15:55.257 [info] Getting sessions for read:user...
2025-11-25 16:15:55.257 [info] Got 0 sessions for read:user...
2025-11-25 16:15:55.258 [info] Getting sessions for user:email...
2025-11-25 16:15:55.258 [info] Got 1 sessions for user:email...
2025-11-25 16:15:55.526 [info] Getting sessions for read:user,repo,user:email,workflow...
2025-11-25 16:15:55.526 [info] Got 0 sessions for read:user,repo,user:email,workflow...
2025-11-25 16:15:55.527 [info] Getting sessions for read:user...
2025-11-25 16:15:55.527 [info] Got 0 sessions for read:user...
2025-11-25 16:15:55.531 [info] Getting sessions for user:email...
2025-11-25 16:15:55.531 [info] Got 1 sessions for user:email...
2025-11-25 16:15:56.451 [info] Getting sessions for read:user,repo,user:email,workflow...
2025-11-25 16:15:56.451 [info] Got 0 sessions for read:user,repo,user:email,workflow...
2025-11-25 16:15:56.452 [info] Getting sessions for read:user...
2025-11-25 16:15:56.452 [info] Got 0 sessions for read:user...
2025-11-25 16:15:56.453 [info] Getting sessions for user:email...
2025-11-25 16:15:56.453 [info] Got 1 sessions for user:email...
2025-11-25 16:15:56.968 [info] Getting sessions for read:user,repo,user:email,workflow...
2025-11-25 16:15:56.968 [info] Got 0 sessions for read:user,repo,user:email,workflow...
2025-11-25 16:15:56.969 [info] Getting sessions for read:user...
2025-11-25 16:15:56.969 [info] Got 0 sessions for read:user...
2025-11-25 16:15:56.970 [info] Getting sessions for user:email...
2025-11-25 16:15:56.970 [info] Got 1 sessions for user:email...
2025-11-25 16:16:06.968 [info] Getting sessions for read:user,repo,user:email,workflow...
2025-11-25 16:16:06.968 [info] Got 0 sessions for read:user,repo,user:email,workflow...
2025-11-25 16:16:06.969 [info] Getting sessions for read:user...
2025-11-25 16:16:06.969 [info] Got 0 sessions for read:user...
2025-11-25 16:16:06.969 [info] Getting sessions for user:email...
2025-11-25 16:16:06.969 [info] Got 1 sessions for user:email...
2025-11-25 16:16:07.442 [info] Getting sessions for read:user,repo,user:email,workflow...
2025-11-25 16:16:07.442 [info] Got 0 sessions for read:user,repo,user:email,workflow...
2025-11-25 16:16:07.443 [info] Getting sessions for read:user...
2025-11-25 16:16:07.443 [info] Got 0 sessions for read:user...
2025-11-25 16:16:07.443 [info] Getting sessions for user:email...
2025-11-25 16:16:07.443 [info] Got 1 sessions for user:email...
2025-11-25 16:16:08.216 [info] Getting sessions for read:user,repo,user:email,workflow...
2025-11-25 16:16:08.217 [info] Got 0 sessions for read:user,repo,user:email,workflow...
2025-11-25 16:16:08.217 [info] Getting sessions for read:user...
2025-11-25 16:16:08.217 [info] Got 0 sessions for read:user...
2025-11-25 16:16:08.218 [info] Getting sessions for user:email...
2025-11-25 16:16:08.218 [info] Got 1 sessions for user:email...
2025-11-25 16:16:09.423 [info] Getting sessions for read:user,repo,user:email,workflow...
2025-11-25 16:16:09.423 [info] Got 0 sessions for read:user,repo,user:email,workflow...
2025-11-25 16:16:09.424 [info] Getting sessions for read:user...
2025-11-25 16:16:09.424 [info] Got 0 sessions for read:user...
2025-11-25 16:16:09.425 [info] Getting sessions for user:email...
2025-11-25 16:16:09.425 [info] Got 1 sessions for user:email...
2025-11-25 16:16:11.595 [info] Getting sessions for read:user,repo,user:email,workflow...
2025-11-25 16:16:11.595 [info] Got 0 sessions for read:user,repo,user:email,workflow...
2025-11-25 16:16:11.602 [info] Getting sessions for read:user...
2025-11-25 16:16:11.602 [info] Got 0 sessions for read:user...
2025-11-25 16:16:11.605 [info] Getting sessions for user:email...
2025-11-25 16:16:11.606 [info] Got 1 sessions for user:email...
