2025-11-10 16:39:05.415 [info] Reading sessions from keychain...
2025-11-10 16:39:05.415 [info] Got stored sessions!
2025-11-10 16:39:05.415 [info] Got 1 verified sessions.
2025-11-10 16:39:05.415 [info] Getting sessions for all scopes...
2025-11-10 16:39:05.415 [info] Got 1 sessions for ...
2025-11-10 16:39:05.415 [info] Getting sessions for all scopes...
2025-11-10 16:39:05.415 [info] Got 1 sessions for ...
2025-11-10 16:39:05.415 [info] Getting sessions for all scopes...
2025-11-10 16:39:05.415 [info] Got 1 sessions for ...
2025-11-10 16:39:05.415 [info] Getting sessions for all scopes...
2025-11-10 16:39:05.415 [info] Got 1 sessions for ...
2025-11-10 16:39:05.415 [info] Getting sessions for all scopes...
2025-11-10 16:39:05.415 [info] Got 1 sessions for ...
2025-11-10 16:39:05.415 [info] Getting sessions for all scopes...
2025-11-10 16:39:05.415 [info] Got 1 sessions for ...
2025-11-10 16:39:05.415 [info] Getting sessions for all scopes...
2025-11-10 16:39:05.415 [info] Got 1 sessions for ...
2025-11-10 16:39:05.415 [info] Getting sessions for all scopes...
2025-11-10 16:39:05.415 [info] Got 1 sessions for ...
2025-11-10 16:39:05.415 [info] Getting sessions for all scopes...
2025-11-10 16:39:05.415 [info] Got 1 sessions for ...
2025-11-10 16:39:05.415 [info] Getting sessions for all scopes...
2025-11-10 16:39:05.415 [info] Got 1 sessions for ...
2025-11-10 16:39:05.415 [info] Getting sessions for all scopes...
2025-11-10 16:39:05.415 [info] Got 1 sessions for ...
2025-11-10 16:39:05.415 [info] Getting sessions for all scopes...
2025-11-10 16:39:05.415 [info] Got 1 sessions for ...
2025-11-10 16:39:05.415 [info] Getting sessions for all scopes...
2025-11-10 16:39:05.415 [info] Got 1 sessions for ...
2025-11-10 16:39:05.415 [info] Getting sessions for all scopes...
2025-11-10 16:39:05.415 [info] Got 1 sessions for ...
2025-11-10 16:39:05.415 [info] Getting sessions for all scopes...
2025-11-10 16:39:05.415 [info] Got 1 sessions for ...
2025-11-10 16:39:05.415 [info] Getting sessions for all scopes...
2025-11-10 16:39:05.415 [info] Got 1 sessions for ...
2025-11-10 16:39:08.429 [info] Getting sessions for all scopes...
2025-11-10 16:39:08.429 [info] Got 1 sessions for ...
2025-11-10 16:39:08.429 [info] Getting sessions for all scopes...
2025-11-10 16:39:08.429 [info] Got 1 sessions for ...
2025-11-10 16:39:08.429 [info] Getting sessions for all scopes...
2025-11-10 16:39:08.429 [info] Got 1 sessions for ...
2025-11-10 16:39:08.600 [info] Getting sessions for all scopes...
2025-11-10 16:39:08.600 [info] Got 1 sessions for ...
2025-11-10 16:39:08.600 [info] Getting sessions for all scopes...
2025-11-10 16:39:08.600 [info] Got 1 sessions for ...
2025-11-10 16:39:09.202 [info] Getting sessions for read:user,repo,user:email,workflow...
2025-11-10 16:39:09.202 [info] Got 0 sessions for read:user,repo,user:email,workflow...
2025-11-10 16:39:09.206 [info] FetcherService: Electron fetch failed with status: 429 
2025-11-10 16:39:09.215 [info] Getting sessions for all scopes...
2025-11-10 16:39:09.215 [info] Got 1 sessions for ...
2025-11-10 16:39:09.237 [info] Getting sessions for all scopes...
2025-11-10 16:39:09.237 [info] Got 1 sessions for ...
2025-11-10 16:39:09.238 [info] Getting sessions for read:user,repo,user:email,workflow...
2025-11-10 16:39:09.238 [info] Got 0 sessions for read:user,repo,user:email,workflow...
2025-11-10 16:39:09.241 [info] Getting sessions for user:email...
2025-11-10 16:39:09.241 [info] Got 1 sessions for user:email...
2025-11-10 16:39:09.241 [info] Getting sessions for read:user,repo,user:email,workflow...
2025-11-10 16:39:09.241 [info] Got 0 sessions for read:user,repo,user:email,workflow...
2025-11-10 16:39:09.248 [info] Getting sessions for read:user...
2025-11-10 16:39:09.248 [info] Got 0 sessions for read:user...
2025-11-10 16:39:09.283 [info] Getting sessions for all scopes...
2025-11-10 16:39:09.283 [info] Got 1 sessions for ...
2025-11-10 16:39:09.284 [info] Getting sessions for user:email...
2025-11-10 16:39:09.284 [info] Got 1 sessions for user:email...
2025-11-10 16:39:09.478 [info] Getting sessions for all scopes...
2025-11-10 16:39:09.478 [info] Got 1 sessions for ...
2025-11-10 16:39:09.487 [info] Getting sessions for all scopes...
2025-11-10 16:39:09.487 [info] Got 1 sessions for ...
2025-11-10 16:39:09.504 [info] Getting sessions for read:user,repo,user:email,workflow...
2025-11-10 16:39:09.504 [info] Got 0 sessions for read:user,repo,user:email,workflow...
2025-11-10 16:39:09.709 [info] Getting sessions for read:user,repo,user:email,workflow...
2025-11-10 16:39:09.709 [info] Got 0 sessions for read:user,repo,user:email,workflow...
2025-11-10 16:39:09.794 [info] Getting sessions for read:user,repo,user:email,workflow...
2025-11-10 16:39:09.794 [info] Got 0 sessions for read:user,repo,user:email,workflow...
2025-11-10 16:39:09.841 [info] FetcherService: Node fetch failed with status: 429 Too Many Requests
2025-11-10 16:39:09.870 [info] Getting sessions for user:email...
2025-11-10 16:39:09.870 [info] Got 1 sessions for user:email...
2025-11-10 16:39:09.940 [info] Getting sessions for read:user,repo,user:email,workflow...
2025-11-10 16:39:09.940 [info] Got 0 sessions for read:user,repo,user:email,workflow...
2025-11-10 16:39:10.088 [info] Getting sessions for read:user,repo,user:email,workflow...
2025-11-10 16:39:10.088 [info] Got 0 sessions for read:user,repo,user:email,workflow...
2025-11-10 16:39:10.325 [info] FetcherService: Node http/s failed with status: 429 Too Many Requests
2025-11-10 16:39:10.970 [info] Getting sessions for all scopes...
2025-11-10 16:39:10.970 [info] Got 1 sessions for ...
2025-11-10 16:39:18.495 [info] Getting sessions for read:user,repo,user:email,workflow...
2025-11-10 16:39:18.495 [info] Got 0 sessions for read:user,repo,user:email,workflow...
2025-11-10 16:39:18.499 [info] Getting sessions for read:user...
2025-11-10 16:39:18.499 [info] Got 0 sessions for read:user...
2025-11-10 16:39:18.500 [info] Getting sessions for user:email...
2025-11-10 16:39:18.500 [info] Got 1 sessions for user:email...
2025-11-10 16:43:10.936 [info] Getting sessions for read:user,repo,user:email,workflow...
2025-11-10 16:43:10.936 [info] Got 0 sessions for read:user,repo,user:email,workflow...
2025-11-10 16:43:10.978 [info] Getting sessions for read:user...
2025-11-10 16:43:10.978 [info] Got 0 sessions for read:user...
2025-11-10 16:43:10.979 [info] Getting sessions for user:email...
2025-11-10 16:43:10.979 [info] Got 1 sessions for user:email...
2025-11-10 16:45:13.424 [info] Getting sessions for read:user,repo,user:email,workflow...
2025-11-10 16:45:13.481 [info] Got 0 sessions for read:user,repo,user:email,workflow...
2025-11-10 16:45:13.483 [info] Getting sessions for read:user...
2025-11-10 16:45:13.483 [info] Got 0 sessions for read:user...
2025-11-10 16:45:13.484 [info] Getting sessions for user:email...
2025-11-10 16:45:13.484 [info] Got 1 sessions for user:email...
2025-11-10 16:45:16.460 [info] Getting sessions for read:user,repo,user:email,workflow...
2025-11-10 16:45:16.460 [info] Got 0 sessions for read:user,repo,user:email,workflow...
2025-11-10 16:45:16.462 [info] Getting sessions for read:user...
2025-11-10 16:45:16.462 [info] Got 0 sessions for read:user...
2025-11-10 16:45:16.463 [info] Getting sessions for user:email...
2025-11-10 16:45:16.464 [info] Got 1 sessions for user:email...
2025-11-10 16:46:45.136 [info] Getting sessions for read:user,repo,user:email,workflow...
2025-11-10 16:46:45.136 [info] Got 0 sessions for read:user,repo,user:email,workflow...
2025-11-10 16:46:45.137 [info] Getting sessions for read:user...
2025-11-10 16:46:45.137 [info] Got 0 sessions for read:user...
2025-11-10 16:46:45.138 [info] Getting sessions for user:email...
2025-11-10 16:46:45.138 [info] Got 1 sessions for user:email...
2025-11-10 16:46:45.639 [info] Getting sessions for read:user,repo,user:email,workflow...
2025-11-10 16:46:45.639 [info] Got 0 sessions for read:user,repo,user:email,workflow...
2025-11-10 16:46:45.640 [info] Getting sessions for read:user...
2025-11-10 16:46:45.640 [info] Got 0 sessions for read:user...
2025-11-10 16:46:45.641 [info] Getting sessions for user:email...
2025-11-10 16:46:45.641 [info] Got 1 sessions for user:email...
2025-11-10 16:46:46.354 [info] Getting sessions for read:user,repo,user:email,workflow...
2025-11-10 16:46:46.354 [info] Got 0 sessions for read:user,repo,user:email,workflow...
2025-11-10 16:46:46.359 [info] Getting sessions for read:user...
2025-11-10 16:46:46.359 [info] Got 0 sessions for read:user...
2025-11-10 16:46:46.360 [info] Getting sessions for user:email...
2025-11-10 16:46:46.360 [info] Got 1 sessions for user:email...
2025-11-10 16:47:59.282 [info] Getting sessions for read:user,repo,user:email,workflow...
2025-11-10 16:47:59.282 [info] Got 0 sessions for read:user,repo,user:email,workflow...
2025-11-10 16:47:59.283 [info] Getting sessions for read:user...
2025-11-10 16:47:59.283 [info] Got 0 sessions for read:user...
2025-11-10 16:47:59.284 [info] Getting sessions for user:email...
2025-11-10 16:47:59.284 [info] Got 1 sessions for user:email...
2025-11-10 16:48:00.948 [info] Getting sessions for read:user,repo,user:email,workflow...
2025-11-10 16:48:00.948 [info] Got 0 sessions for read:user,repo,user:email,workflow...
2025-11-10 16:48:00.949 [info] Getting sessions for read:user...
2025-11-10 16:48:00.949 [info] Got 0 sessions for read:user...
2025-11-10 16:48:00.950 [info] Getting sessions for user:email...
2025-11-10 16:48:00.950 [info] Got 1 sessions for user:email...
2025-11-10 16:48:02.020 [info] Getting sessions for read:user,repo,user:email,workflow...
2025-11-10 16:48:02.020 [info] Got 0 sessions for read:user,repo,user:email,workflow...
2025-11-10 16:48:02.021 [info] Getting sessions for read:user...
2025-11-10 16:48:02.021 [info] Got 0 sessions for read:user...
2025-11-10 16:48:02.022 [info] Getting sessions for user:email...
2025-11-10 16:48:02.022 [info] Got 1 sessions for user:email...
2025-11-10 16:48:02.462 [info] Getting sessions for read:user,repo,user:email,workflow...
2025-11-10 16:48:02.462 [info] Got 0 sessions for read:user,repo,user:email,workflow...
2025-11-10 16:48:02.463 [info] Getting sessions for read:user...
2025-11-10 16:48:02.463 [info] Got 0 sessions for read:user...
2025-11-10 16:48:02.464 [info] Getting sessions for user:email...
2025-11-10 16:48:02.464 [info] Got 1 sessions for user:email...
2025-11-10 16:48:03.154 [info] Getting sessions for read:user,repo,user:email,workflow...
2025-11-10 16:48:03.154 [info] Got 0 sessions for read:user,repo,user:email,workflow...
2025-11-10 16:48:03.156 [info] Getting sessions for read:user...
2025-11-10 16:48:03.156 [info] Got 0 sessions for read:user...
2025-11-10 16:48:03.157 [info] Getting sessions for user:email...
2025-11-10 16:48:03.157 [info] Got 1 sessions for user:email...
2025-11-10 16:48:03.836 [info] Getting sessions for read:user,repo,user:email,workflow...
2025-11-10 16:48:03.836 [info] Got 0 sessions for read:user,repo,user:email,workflow...
2025-11-10 16:48:03.848 [info] Getting sessions for read:user...
2025-11-10 16:48:03.848 [info] Got 0 sessions for read:user...
2025-11-10 16:48:03.849 [info] Getting sessions for user:email...
2025-11-10 16:48:03.849 [info] Got 1 sessions for user:email...
2025-11-10 16:48:05.934 [info] Getting sessions for read:user,repo,user:email,workflow...
2025-11-10 16:48:05.934 [info] Got 0 sessions for read:user,repo,user:email,workflow...
2025-11-10 16:48:05.934 [info] Getting sessions for read:user...
2025-11-10 16:48:05.935 [info] Got 0 sessions for read:user...
2025-11-10 16:48:05.935 [info] Getting sessions for user:email...
2025-11-10 16:48:05.935 [info] Got 1 sessions for user:email...
2025-11-10 16:48:08.537 [info] Getting sessions for read:user,repo,user:email,workflow...
2025-11-10 16:48:08.538 [info] Got 0 sessions for read:user,repo,user:email,workflow...
2025-11-10 16:48:08.541 [info] Getting sessions for read:user...
2025-11-10 16:48:08.541 [info] Got 0 sessions for read:user...
2025-11-10 16:48:08.541 [info] Getting sessions for user:email...
2025-11-10 16:48:08.541 [info] Got 1 sessions for user:email...
2025-11-10 16:48:10.836 [info] Getting sessions for read:user,repo,user:email,workflow...
2025-11-10 16:48:10.836 [info] Got 0 sessions for read:user,repo,user:email,workflow...
2025-11-10 16:48:10.837 [info] Getting sessions for read:user...
2025-11-10 16:48:10.837 [info] Got 0 sessions for read:user...
2025-11-10 16:48:10.837 [info] Getting sessions for user:email...
2025-11-10 16:48:10.837 [info] Got 1 sessions for user:email...
2025-11-10 16:48:11.592 [info] Getting sessions for read:user,repo,user:email,workflow...
2025-11-10 16:48:11.592 [info] Got 0 sessions for read:user,repo,user:email,workflow...
2025-11-10 16:48:11.593 [info] Getting sessions for read:user...
2025-11-10 16:48:11.593 [info] Got 0 sessions for read:user...
2025-11-10 16:48:11.593 [info] Getting sessions for user:email...
2025-11-10 16:48:11.593 [info] Got 1 sessions for user:email...
2025-11-10 16:48:12.450 [info] Getting sessions for read:user,repo,user:email,workflow...
2025-11-10 16:48:12.450 [info] Got 0 sessions for read:user,repo,user:email,workflow...
2025-11-10 16:48:12.452 [info] Getting sessions for read:user...
2025-11-10 16:48:12.452 [info] Got 0 sessions for read:user...
2025-11-10 16:48:12.453 [info] Getting sessions for user:email...
2025-11-10 16:48:12.453 [info] Got 1 sessions for user:email...
2025-11-10 16:48:13.721 [info] Getting sessions for read:user,repo,user:email,workflow...
2025-11-10 16:48:13.721 [info] Got 0 sessions for read:user,repo,user:email,workflow...
2025-11-10 16:48:13.722 [info] Getting sessions for read:user...
2025-11-10 16:48:13.722 [info] Got 0 sessions for read:user...
2025-11-10 16:48:13.734 [info] Getting sessions for user:email...
2025-11-10 16:48:13.734 [info] Got 1 sessions for user:email...
2025-11-10 16:48:14.322 [info] Getting sessions for read:user,repo,user:email,workflow...
2025-11-10 16:48:14.322 [info] Got 0 sessions for read:user,repo,user:email,workflow...
2025-11-10 16:48:14.322 [info] Getting sessions for read:user...
2025-11-10 16:48:14.323 [info] Got 0 sessions for read:user...
2025-11-10 16:48:14.323 [info] Getting sessions for user:email...
2025-11-10 16:48:14.323 [info] Got 1 sessions for user:email...
2025-11-10 16:48:14.769 [info] Getting sessions for read:user,repo,user:email,workflow...
2025-11-10 16:48:14.769 [info] Got 0 sessions for read:user,repo,user:email,workflow...
2025-11-10 16:48:14.770 [info] Getting sessions for read:user...
2025-11-10 16:48:14.770 [info] Got 0 sessions for read:user...
2025-11-10 16:48:14.771 [info] Getting sessions for user:email...
2025-11-10 16:48:14.771 [info] Got 1 sessions for user:email...
2025-11-10 16:48:15.503 [info] Getting sessions for read:user,repo,user:email,workflow...
2025-11-10 16:48:15.503 [info] Got 0 sessions for read:user,repo,user:email,workflow...
2025-11-10 16:48:15.504 [info] Getting sessions for read:user...
2025-11-10 16:48:15.504 [info] Got 0 sessions for read:user...
2025-11-10 16:48:15.516 [info] Getting sessions for user:email...
2025-11-10 16:48:15.516 [info] Got 1 sessions for user:email...
2025-11-10 16:48:16.009 [info] Getting sessions for read:user,repo,user:email,workflow...
2025-11-10 16:48:16.009 [info] Got 0 sessions for read:user,repo,user:email,workflow...
2025-11-10 16:48:16.009 [info] Getting sessions for read:user...
2025-11-10 16:48:16.009 [info] Got 0 sessions for read:user...
2025-11-10 16:48:16.010 [info] Getting sessions for user:email...
2025-11-10 16:48:16.010 [info] Got 1 sessions for user:email...
2025-11-10 16:48:52.650 [info] Getting sessions for read:user,repo,user:email,workflow...
2025-11-10 16:48:52.650 [info] Got 0 sessions for read:user,repo,user:email,workflow...
2025-11-10 16:48:52.651 [info] Getting sessions for read:user...
2025-11-10 16:48:52.651 [info] Got 0 sessions for read:user...
2025-11-10 16:48:52.651 [info] Getting sessions for user:email...
2025-11-10 16:48:52.651 [info] Got 1 sessions for user:email...
2025-11-10 16:48:55.753 [info] Getting sessions for read:user,repo,user:email,workflow...
2025-11-10 16:48:55.753 [info] Got 0 sessions for read:user,repo,user:email,workflow...
2025-11-10 16:48:55.754 [info] Getting sessions for read:user...
2025-11-10 16:48:55.754 [info] Got 0 sessions for read:user...
2025-11-10 16:48:55.754 [info] Getting sessions for user:email...
2025-11-10 16:48:55.754 [info] Got 1 sessions for user:email...
2025-11-10 16:49:03.467 [info] Getting sessions for read:user,repo,user:email,workflow...
2025-11-10 16:49:03.467 [info] Got 0 sessions for read:user,repo,user:email,workflow...
2025-11-10 16:49:03.468 [info] Getting sessions for read:user...
2025-11-10 16:49:03.468 [info] Got 0 sessions for read:user...
2025-11-10 16:49:03.470 [info] Getting sessions for user:email...
2025-11-10 16:49:03.470 [info] Got 1 sessions for user:email...
2025-11-10 16:49:45.541 [info] Getting sessions for read:user,repo,user:email,workflow...
2025-11-10 16:49:45.541 [info] Got 0 sessions for read:user,repo,user:email,workflow...
2025-11-10 16:49:45.542 [info] Getting sessions for read:user...
2025-11-10 16:49:45.542 [info] Got 0 sessions for read:user...
2025-11-10 16:49:45.542 [info] Getting sessions for user:email...
2025-11-10 16:49:45.542 [info] Got 1 sessions for user:email...
2025-11-10 16:49:46.335 [info] Getting sessions for read:user,repo,user:email,workflow...
2025-11-10 16:49:46.335 [info] Got 0 sessions for read:user,repo,user:email,workflow...
2025-11-10 16:49:46.340 [info] Getting sessions for read:user...
2025-11-10 16:49:46.340 [info] Got 0 sessions for read:user...
2025-11-10 16:49:46.340 [info] Getting sessions for user:email...
2025-11-10 16:49:46.340 [info] Got 1 sessions for user:email...
2025-11-10 16:49:47.082 [info] Getting sessions for read:user,repo,user:email,workflow...
2025-11-10 16:49:47.082 [info] Got 0 sessions for read:user,repo,user:email,workflow...
2025-11-10 16:49:47.084 [info] Getting sessions for read:user...
2025-11-10 16:49:47.084 [info] Got 0 sessions for read:user...
2025-11-10 16:49:47.085 [info] Getting sessions for user:email...
2025-11-10 16:49:47.085 [info] Got 1 sessions for user:email...
2025-11-10 16:49:48.014 [info] Getting sessions for read:user,repo,user:email,workflow...
2025-11-10 16:49:48.014 [info] Got 0 sessions for read:user,repo,user:email,workflow...
2025-11-10 16:49:48.015 [info] Getting sessions for read:user...
2025-11-10 16:49:48.015 [info] Got 0 sessions for read:user...
2025-11-10 16:49:48.016 [info] Getting sessions for user:email...
2025-11-10 16:49:48.016 [info] Got 1 sessions for user:email...
2025-11-10 16:49:48.714 [info] Getting sessions for read:user,repo,user:email,workflow...
2025-11-10 16:49:48.714 [info] Got 0 sessions for read:user,repo,user:email,workflow...
2025-11-10 16:49:48.715 [info] Getting sessions for read:user...
2025-11-10 16:49:48.715 [info] Got 0 sessions for read:user...
2025-11-10 16:49:48.715 [info] Getting sessions for user:email...
2025-11-10 16:49:48.715 [info] Got 1 sessions for user:email...
2025-11-10 16:50:08.341 [info] Getting sessions for read:user,repo,user:email,workflow...
2025-11-10 16:50:08.341 [info] Got 0 sessions for read:user,repo,user:email,workflow...
2025-11-10 16:50:08.342 [info] Getting sessions for read:user...
2025-11-10 16:50:08.342 [info] Got 0 sessions for read:user...
2025-11-10 16:50:08.342 [info] Getting sessions for user:email...
2025-11-10 16:50:08.342 [info] Got 1 sessions for user:email...
2025-11-10 16:50:09.897 [info] Getting sessions for read:user,repo,user:email,workflow...
2025-11-10 16:50:09.897 [info] Got 0 sessions for read:user,repo,user:email,workflow...
2025-11-10 16:50:09.898 [info] Getting sessions for read:user...
2025-11-10 16:50:09.898 [info] Got 0 sessions for read:user...
2025-11-10 16:50:09.899 [info] Getting sessions for user:email...
2025-11-10 16:50:09.899 [info] Got 1 sessions for user:email...
2025-11-10 16:50:10.509 [info] Getting sessions for read:user,repo,user:email,workflow...
2025-11-10 16:50:10.509 [info] Got 0 sessions for read:user,repo,user:email,workflow...
2025-11-10 16:50:10.511 [info] Getting sessions for read:user...
2025-11-10 16:50:10.511 [info] Got 0 sessions for read:user...
2025-11-10 16:50:10.512 [info] Getting sessions for user:email...
2025-11-10 16:50:10.512 [info] Got 1 sessions for user:email...
2025-11-10 16:50:10.966 [info] Getting sessions for read:user,repo,user:email,workflow...
2025-11-10 16:50:10.966 [info] Got 0 sessions for read:user,repo,user:email,workflow...
2025-11-10 16:50:10.967 [info] Getting sessions for read:user...
2025-11-10 16:50:10.967 [info] Got 0 sessions for read:user...
2025-11-10 16:50:10.968 [info] Getting sessions for user:email...
2025-11-10 16:50:10.968 [info] Got 1 sessions for user:email...
2025-11-10 16:50:12.648 [info] Getting sessions for read:user,repo,user:email,workflow...
2025-11-10 16:50:12.648 [info] Got 0 sessions for read:user,repo,user:email,workflow...
2025-11-10 16:50:12.650 [info] Getting sessions for read:user...
2025-11-10 16:50:12.650 [info] Got 0 sessions for read:user...
2025-11-10 16:50:12.650 [info] Getting sessions for user:email...
2025-11-10 16:50:12.650 [info] Got 1 sessions for user:email...
2025-11-10 16:50:13.684 [info] Getting sessions for read:user,repo,user:email,workflow...
2025-11-10 16:50:13.684 [info] Got 0 sessions for read:user,repo,user:email,workflow...
2025-11-10 16:50:13.696 [info] Getting sessions for read:user...
2025-11-10 16:50:13.696 [info] Got 0 sessions for read:user...
2025-11-10 16:50:13.702 [info] Getting sessions for user:email...
2025-11-10 16:50:13.702 [info] Got 1 sessions for user:email...
2025-11-10 16:50:14.206 [info] Getting sessions for read:user,repo,user:email,workflow...
2025-11-10 16:50:14.206 [info] Got 0 sessions for read:user,repo,user:email,workflow...
2025-11-10 16:50:14.207 [info] Getting sessions for read:user...
2025-11-10 16:50:14.207 [info] Got 0 sessions for read:user...
2025-11-10 16:50:14.208 [info] Getting sessions for user:email...
2025-11-10 16:50:14.208 [info] Got 1 sessions for user:email...
2025-11-10 16:50:14.697 [info] Getting sessions for read:user,repo,user:email,workflow...
2025-11-10 16:50:14.697 [info] Got 0 sessions for read:user,repo,user:email,workflow...
2025-11-10 16:50:14.699 [info] Getting sessions for read:user...
2025-11-10 16:50:14.699 [info] Got 0 sessions for read:user...
2025-11-10 16:50:14.699 [info] Getting sessions for user:email...
2025-11-10 16:50:14.699 [info] Got 1 sessions for user:email...
2025-11-10 16:50:15.163 [info] Getting sessions for read:user,repo,user:email,workflow...
2025-11-10 16:50:15.163 [info] Got 0 sessions for read:user,repo,user:email,workflow...
2025-11-10 16:50:15.164 [info] Getting sessions for read:user...
2025-11-10 16:50:15.164 [info] Got 0 sessions for read:user...
2025-11-10 16:50:15.165 [info] Getting sessions for user:email...
2025-11-10 16:50:15.165 [info] Got 1 sessions for user:email...
2025-11-10 16:50:15.745 [info] Getting sessions for read:user,repo,user:email,workflow...
2025-11-10 16:50:15.745 [info] Got 0 sessions for read:user,repo,user:email,workflow...
2025-11-10 16:50:15.748 [info] Getting sessions for read:user...
2025-11-10 16:50:15.748 [info] Got 0 sessions for read:user...
2025-11-10 16:50:15.749 [info] Getting sessions for user:email...
2025-11-10 16:50:15.749 [info] Got 1 sessions for user:email...
2025-11-10 16:50:16.289 [info] Getting sessions for read:user,repo,user:email,workflow...
2025-11-10 16:50:16.289 [info] Got 0 sessions for read:user,repo,user:email,workflow...
2025-11-10 16:50:16.307 [info] Getting sessions for read:user...
2025-11-10 16:50:16.307 [info] Got 0 sessions for read:user...
2025-11-10 16:50:16.309 [info] Getting sessions for user:email...
2025-11-10 16:50:16.309 [info] Got 1 sessions for user:email...
2025-11-10 16:50:16.815 [info] Getting sessions for read:user,repo,user:email,workflow...
2025-11-10 16:50:16.815 [info] Got 0 sessions for read:user,repo,user:email,workflow...
2025-11-10 16:50:16.816 [info] Getting sessions for read:user...
2025-11-10 16:50:16.816 [info] Got 0 sessions for read:user...
2025-11-10 16:50:16.817 [info] Getting sessions for user:email...
2025-11-10 16:50:16.817 [info] Got 1 sessions for user:email...
2025-11-10 16:50:17.369 [info] Getting sessions for read:user,repo,user:email,workflow...
2025-11-10 16:50:17.369 [info] Got 0 sessions for read:user,repo,user:email,workflow...
2025-11-10 16:50:17.370 [info] Getting sessions for read:user...
2025-11-10 16:50:17.370 [info] Got 0 sessions for read:user...
2025-11-10 16:50:17.371 [info] Getting sessions for user:email...
2025-11-10 16:50:17.371 [info] Got 1 sessions for user:email...
2025-11-10 16:50:17.840 [info] Getting sessions for read:user,repo,user:email,workflow...
2025-11-10 16:50:17.840 [info] Got 0 sessions for read:user,repo,user:email,workflow...
2025-11-10 16:50:17.841 [info] Getting sessions for read:user...
2025-11-10 16:50:17.842 [info] Got 0 sessions for read:user...
2025-11-10 16:50:17.842 [info] Getting sessions for user:email...
2025-11-10 16:50:17.842 [info] Got 1 sessions for user:email...
2025-11-10 16:50:18.380 [info] Getting sessions for read:user,repo,user:email,workflow...
2025-11-10 16:50:18.380 [info] Got 0 sessions for read:user,repo,user:email,workflow...
2025-11-10 16:50:18.382 [info] Getting sessions for read:user...
2025-11-10 16:50:18.382 [info] Got 0 sessions for read:user...
2025-11-10 16:50:18.382 [info] Getting sessions for user:email...
2025-11-10 16:50:18.382 [info] Got 1 sessions for user:email...
2025-11-10 16:50:18.892 [info] Getting sessions for read:user,repo,user:email,workflow...
2025-11-10 16:50:18.892 [info] Got 0 sessions for read:user,repo,user:email,workflow...
2025-11-10 16:50:18.893 [info] Getting sessions for read:user...
2025-11-10 16:50:18.893 [info] Got 0 sessions for read:user...
2025-11-10 16:50:18.894 [info] Getting sessions for user:email...
2025-11-10 16:50:18.894 [info] Got 1 sessions for user:email...
2025-11-10 16:51:07.146 [info] Getting sessions for read:user,repo,user:email,workflow...
2025-11-10 16:51:07.146 [info] Got 0 sessions for read:user,repo,user:email,workflow...
2025-11-10 16:51:07.147 [info] Getting sessions for read:user...
2025-11-10 16:51:07.147 [info] Got 0 sessions for read:user...
2025-11-10 16:51:07.147 [info] Getting sessions for user:email...
2025-11-10 16:51:07.147 [info] Got 1 sessions for user:email...
2025-11-10 16:52:02.439 [info] Getting sessions for read:user,repo,user:email,workflow...
2025-11-10 16:52:02.439 [info] Got 0 sessions for read:user,repo,user:email,workflow...
2025-11-10 16:52:02.440 [info] Getting sessions for read:user...
2025-11-10 16:52:02.440 [info] Got 0 sessions for read:user...
2025-11-10 16:52:02.441 [info] Getting sessions for user:email...
2025-11-10 16:52:02.441 [info] Got 1 sessions for user:email...
2025-11-10 16:52:04.912 [info] Getting sessions for read:user,repo,user:email,workflow...
2025-11-10 16:52:04.913 [info] Got 0 sessions for read:user,repo,user:email,workflow...
2025-11-10 16:52:04.914 [info] Getting sessions for read:user...
2025-11-10 16:52:04.915 [info] Got 0 sessions for read:user...
2025-11-10 16:52:04.916 [info] Getting sessions for user:email...
2025-11-10 16:52:04.916 [info] Got 1 sessions for user:email...
2025-11-10 16:52:06.741 [info] Getting sessions for read:user,repo,user:email,workflow...
2025-11-10 16:52:06.742 [info] Got 0 sessions for read:user,repo,user:email,workflow...
2025-11-10 16:52:06.743 [info] Getting sessions for read:user...
2025-11-10 16:52:06.743 [info] Got 0 sessions for read:user...
2025-11-10 16:52:06.745 [info] Getting sessions for user:email...
2025-11-10 16:52:06.745 [info] Got 1 sessions for user:email...
2025-11-10 16:52:15.595 [info] Getting sessions for read:user,repo,user:email,workflow...
2025-11-10 16:52:15.595 [info] Got 0 sessions for read:user,repo,user:email,workflow...
2025-11-10 16:52:15.597 [info] Getting sessions for read:user...
2025-11-10 16:52:15.597 [info] Got 0 sessions for read:user...
2025-11-10 16:52:15.598 [info] Getting sessions for user:email...
2025-11-10 16:52:15.598 [info] Got 1 sessions for user:email...
2025-11-10 16:52:16.238 [info] Getting sessions for read:user,repo,user:email,workflow...
2025-11-10 16:52:16.238 [info] Got 0 sessions for read:user,repo,user:email,workflow...
2025-11-10 16:52:16.250 [info] Getting sessions for read:user...
2025-11-10 16:52:16.250 [info] Got 0 sessions for read:user...
2025-11-10 16:52:16.252 [info] Getting sessions for user:email...
2025-11-10 16:52:16.252 [info] Got 1 sessions for user:email...
2025-11-10 16:59:10.651 [info] Getting sessions for read:user,repo,user:email,workflow...
2025-11-10 16:59:10.651 [info] Got 0 sessions for read:user,repo,user:email,workflow...
2025-11-10 16:59:10.652 [info] Getting sessions for read:user...
2025-11-10 16:59:10.652 [info] Got 0 sessions for read:user...
2025-11-10 16:59:10.652 [info] Getting sessions for user:email...
2025-11-10 16:59:10.652 [info] Got 1 sessions for user:email...
2025-11-10 16:59:13.204 [info] Getting sessions for read:user,repo,user:email,workflow...
2025-11-10 16:59:13.204 [info] Got 0 sessions for read:user,repo,user:email,workflow...
2025-11-10 16:59:13.205 [info] Getting sessions for read:user...
2025-11-10 16:59:13.205 [info] Got 0 sessions for read:user...
2025-11-10 16:59:13.206 [info] Getting sessions for user:email...
2025-11-10 16:59:13.206 [info] Got 1 sessions for user:email...
2025-11-10 16:59:19.303 [info] Getting sessions for read:user,repo,user:email,workflow...
2025-11-10 16:59:19.303 [info] Got 0 sessions for read:user,repo,user:email,workflow...
2025-11-10 16:59:19.304 [info] Getting sessions for read:user...
2025-11-10 16:59:19.304 [info] Got 0 sessions for read:user...
2025-11-10 16:59:19.305 [info] Getting sessions for user:email...
2025-11-10 16:59:19.305 [info] Got 1 sessions for user:email...
2025-11-10 17:00:36.843 [info] Getting sessions for read:user,repo,user:email,workflow...
2025-11-10 17:00:36.843 [info] Got 0 sessions for read:user,repo,user:email,workflow...
2025-11-10 17:00:36.844 [info] Getting sessions for read:user...
2025-11-10 17:00:36.844 [info] Got 0 sessions for read:user...
2025-11-10 17:00:36.845 [info] Getting sessions for user:email...
2025-11-10 17:00:36.845 [info] Got 1 sessions for user:email...
2025-11-10 17:00:38.511 [info] Getting sessions for read:user,repo,user:email,workflow...
2025-11-10 17:00:38.511 [info] Got 0 sessions for read:user,repo,user:email,workflow...
2025-11-10 17:00:38.515 [info] Getting sessions for read:user...
2025-11-10 17:00:38.515 [info] Got 0 sessions for read:user...
2025-11-10 17:00:38.517 [info] Getting sessions for user:email...
2025-11-10 17:00:38.517 [info] Got 1 sessions for user:email...
2025-11-10 17:10:45.290 [info] Getting sessions for read:user,repo,user:email,workflow...
2025-11-10 17:10:45.290 [info] Got 0 sessions for read:user,repo,user:email,workflow...
2025-11-10 17:10:45.292 [info] Getting sessions for read:user...
2025-11-10 17:10:45.292 [info] Got 0 sessions for read:user...
2025-11-10 17:10:45.293 [info] Getting sessions for user:email...
2025-11-10 17:10:45.293 [info] Got 1 sessions for user:email...
2025-11-10 17:10:46.405 [info] Getting sessions for read:user,repo,user:email,workflow...
2025-11-10 17:10:46.405 [info] Got 0 sessions for read:user,repo,user:email,workflow...
2025-11-10 17:10:46.406 [info] Getting sessions for read:user...
2025-11-10 17:10:46.407 [info] Got 0 sessions for read:user...
2025-11-10 17:10:46.407 [info] Getting sessions for user:email...
2025-11-10 17:10:46.407 [info] Got 1 sessions for user:email...
2025-11-10 17:19:05.385 [info] Getting sessions for read:user,repo,user:email,workflow...
2025-11-10 17:19:05.385 [info] Got 0 sessions for read:user,repo,user:email,workflow...
2025-11-10 17:19:05.386 [info] Getting sessions for read:user...
2025-11-10 17:19:05.386 [info] Got 0 sessions for read:user...
2025-11-10 17:19:05.393 [info] Getting sessions for user:email...
2025-11-10 17:19:05.393 [info] Got 1 sessions for user:email...
2025-11-10 17:46:39.845 [info] Getting sessions for read:user,repo,user:email,workflow...
2025-11-10 17:46:39.845 [info] Got 0 sessions for read:user,repo,user:email,workflow...
2025-11-10 17:46:39.850 [info] Getting sessions for read:user...
2025-11-10 17:46:39.850 [info] Got 0 sessions for read:user...
2025-11-10 17:46:39.852 [info] Getting sessions for user:email...
2025-11-10 17:46:39.852 [info] Got 1 sessions for user:email...
2025-11-10 17:46:40.523 [info] Getting sessions for read:user,repo,user:email,workflow...
2025-11-10 17:46:40.524 [info] Got 0 sessions for read:user,repo,user:email,workflow...
2025-11-10 17:46:40.525 [info] Getting sessions for read:user...
2025-11-10 17:46:40.525 [info] Got 0 sessions for read:user...
2025-11-10 17:46:40.526 [info] Getting sessions for user:email...
2025-11-10 17:46:40.526 [info] Got 1 sessions for user:email...
2025-11-10 17:49:13.157 [info] Getting sessions for read:user,repo,user:email,workflow...
2025-11-10 17:49:13.157 [info] Got 0 sessions for read:user,repo,user:email,workflow...
2025-11-10 17:49:13.158 [info] Getting sessions for read:user...
2025-11-10 17:49:13.158 [info] Got 0 sessions for read:user...
2025-11-10 17:49:13.159 [info] Getting sessions for user:email...
2025-11-10 17:49:13.159 [info] Got 1 sessions for user:email...
2025-11-10 17:49:14.081 [info] Getting sessions for read:user,repo,user:email,workflow...
2025-11-10 17:49:14.081 [info] Got 0 sessions for read:user,repo,user:email,workflow...
2025-11-10 17:49:14.082 [info] Getting sessions for read:user...
2025-11-10 17:49:14.082 [info] Got 0 sessions for read:user...
2025-11-10 17:49:14.083 [info] Getting sessions for user:email...
2025-11-10 17:49:14.083 [info] Got 1 sessions for user:email...
2025-11-10 17:49:15.102 [info] Getting sessions for read:user,repo,user:email,workflow...
2025-11-10 17:49:15.102 [info] Got 0 sessions for read:user,repo,user:email,workflow...
2025-11-10 17:49:15.103 [info] Getting sessions for read:user...
2025-11-10 17:49:15.103 [info] Got 0 sessions for read:user...
2025-11-10 17:49:15.104 [info] Getting sessions for user:email...
2025-11-10 17:49:15.104 [info] Got 1 sessions for user:email...
2025-11-10 17:49:15.428 [info] Getting sessions for read:user,repo,user:email,workflow...
2025-11-10 17:49:15.428 [info] Got 0 sessions for read:user,repo,user:email,workflow...
2025-11-10 17:49:15.429 [info] Getting sessions for read:user...
2025-11-10 17:49:15.429 [info] Got 0 sessions for read:user...
2025-11-10 17:49:15.436 [info] Getting sessions for user:email...
2025-11-10 17:49:15.436 [info] Got 1 sessions for user:email...
2025-11-10 17:49:15.899 [info] Getting sessions for read:user,repo,user:email,workflow...
2025-11-10 17:49:15.899 [info] Got 0 sessions for read:user,repo,user:email,workflow...
2025-11-10 17:49:15.901 [info] Getting sessions for read:user...
2025-11-10 17:49:15.901 [info] Got 0 sessions for read:user...
2025-11-10 17:49:15.910 [info] Getting sessions for user:email...
2025-11-10 17:49:15.910 [info] Got 1 sessions for user:email...
2025-11-10 17:49:16.472 [info] Getting sessions for read:user,repo,user:email,workflow...
2025-11-10 17:49:16.472 [info] Got 0 sessions for read:user,repo,user:email,workflow...
2025-11-10 17:49:16.479 [info] Getting sessions for read:user...
2025-11-10 17:49:16.479 [info] Got 0 sessions for read:user...
2025-11-10 17:49:16.480 [info] Getting sessions for user:email...
2025-11-10 17:49:16.480 [info] Got 1 sessions for user:email...
2025-11-10 17:49:17.435 [info] Getting sessions for read:user,repo,user:email,workflow...
2025-11-10 17:49:17.435 [info] Got 0 sessions for read:user,repo,user:email,workflow...
2025-11-10 17:49:17.436 [info] Getting sessions for read:user...
2025-11-10 17:49:17.436 [info] Got 0 sessions for read:user...
2025-11-10 17:49:17.437 [info] Getting sessions for user:email...
2025-11-10 17:49:17.437 [info] Got 1 sessions for user:email...
2025-11-10 17:49:28.174 [info] Getting sessions for read:user,repo,user:email,workflow...
2025-11-10 17:49:28.174 [info] Got 0 sessions for read:user,repo,user:email,workflow...
2025-11-10 17:49:28.174 [info] Getting sessions for read:user...
2025-11-10 17:49:28.174 [info] Got 0 sessions for read:user...
2025-11-10 17:49:28.175 [info] Getting sessions for user:email...
2025-11-10 17:49:28.175 [info] Got 1 sessions for user:email...
2025-11-10 17:49:28.623 [info] Getting sessions for read:user,repo,user:email,workflow...
2025-11-10 17:49:28.623 [info] Got 0 sessions for read:user,repo,user:email,workflow...
2025-11-10 17:49:28.624 [info] Getting sessions for read:user...
2025-11-10 17:49:28.624 [info] Got 0 sessions for read:user...
2025-11-10 17:49:28.625 [info] Getting sessions for user:email...
2025-11-10 17:49:28.625 [info] Got 1 sessions for user:email...
2025-11-10 17:49:39.568 [info] Getting sessions for read:user,repo,user:email,workflow...
2025-11-10 17:49:39.568 [info] Got 0 sessions for read:user,repo,user:email,workflow...
2025-11-10 17:49:39.569 [info] Getting sessions for read:user...
2025-11-10 17:49:39.569 [info] Got 0 sessions for read:user...
2025-11-10 17:49:39.570 [info] Getting sessions for user:email...
2025-11-10 17:49:39.570 [info] Got 1 sessions for user:email...
2025-11-10 17:49:40.109 [info] Getting sessions for read:user,repo,user:email,workflow...
2025-11-10 17:49:40.109 [info] Got 0 sessions for read:user,repo,user:email,workflow...
2025-11-10 17:49:40.123 [info] Getting sessions for read:user...
2025-11-10 17:49:40.123 [info] Got 0 sessions for read:user...
2025-11-10 17:49:40.125 [info] Getting sessions for user:email...
2025-11-10 17:49:40.125 [info] Got 1 sessions for user:email...
2025-11-10 17:49:52.721 [info] Getting sessions for read:user,repo,user:email,workflow...
2025-11-10 17:49:52.721 [info] Got 0 sessions for read:user,repo,user:email,workflow...
2025-11-10 17:49:52.722 [info] Getting sessions for read:user...
2025-11-10 17:49:52.722 [info] Got 0 sessions for read:user...
2025-11-10 17:49:52.723 [info] Getting sessions for user:email...
2025-11-10 17:49:52.723 [info] Got 1 sessions for user:email...
2025-11-10 17:49:54.939 [info] Getting sessions for read:user,repo,user:email,workflow...
2025-11-10 17:49:54.939 [info] Got 0 sessions for read:user,repo,user:email,workflow...
2025-11-10 17:49:54.941 [info] Getting sessions for read:user...
2025-11-10 17:49:54.941 [info] Got 0 sessions for read:user...
2025-11-10 17:49:54.942 [info] Getting sessions for user:email...
2025-11-10 17:49:54.942 [info] Got 1 sessions for user:email...
2025-11-10 17:49:56.357 [info] Getting sessions for read:user,repo,user:email,workflow...
2025-11-10 17:49:56.357 [info] Got 0 sessions for read:user,repo,user:email,workflow...
2025-11-10 17:49:56.358 [info] Getting sessions for read:user...
2025-11-10 17:49:56.358 [info] Got 0 sessions for read:user...
2025-11-10 17:49:56.359 [info] Getting sessions for user:email...
2025-11-10 17:49:56.359 [info] Got 1 sessions for user:email...
2025-11-10 17:49:58.071 [info] Getting sessions for read:user,repo,user:email,workflow...
2025-11-10 17:49:58.071 [info] Got 0 sessions for read:user,repo,user:email,workflow...
2025-11-10 17:49:58.072 [info] Getting sessions for read:user...
2025-11-10 17:49:58.072 [info] Got 0 sessions for read:user...
2025-11-10 17:49:58.072 [info] Getting sessions for user:email...
2025-11-10 17:49:58.072 [info] Got 1 sessions for user:email...
2025-11-10 17:50:13.282 [info] Getting sessions for read:user,repo,user:email,workflow...
2025-11-10 17:50:13.282 [info] Got 0 sessions for read:user,repo,user:email,workflow...
2025-11-10 17:50:13.283 [info] Getting sessions for read:user...
2025-11-10 17:50:13.283 [info] Got 0 sessions for read:user...
2025-11-10 17:50:13.284 [info] Getting sessions for user:email...
2025-11-10 17:50:13.284 [info] Got 1 sessions for user:email...
2025-11-10 17:50:24.895 [info] Getting sessions for read:user,repo,user:email,workflow...
2025-11-10 17:50:24.895 [info] Got 0 sessions for read:user,repo,user:email,workflow...
2025-11-10 17:50:24.895 [info] Getting sessions for read:user...
2025-11-10 17:50:24.895 [info] Got 0 sessions for read:user...
2025-11-10 17:50:24.896 [info] Getting sessions for user:email...
2025-11-10 17:50:24.896 [info] Got 1 sessions for user:email...
2025-11-10 17:50:25.479 [info] Getting sessions for read:user,repo,user:email,workflow...
2025-11-10 17:50:25.479 [info] Got 0 sessions for read:user,repo,user:email,workflow...
2025-11-10 17:50:25.482 [info] Getting sessions for read:user...
2025-11-10 17:50:25.482 [info] Got 0 sessions for read:user...
2025-11-10 17:50:25.483 [info] Getting sessions for user:email...
2025-11-10 17:50:25.483 [info] Got 1 sessions for user:email...
2025-11-10 17:50:27.723 [info] Getting sessions for read:user,repo,user:email,workflow...
2025-11-10 17:50:27.723 [info] Got 0 sessions for read:user,repo,user:email,workflow...
2025-11-10 17:50:27.724 [info] Getting sessions for read:user...
2025-11-10 17:50:27.724 [info] Got 0 sessions for read:user...
2025-11-10 17:50:27.724 [info] Getting sessions for user:email...
2025-11-10 17:50:27.724 [info] Got 1 sessions for user:email...
2025-11-10 17:50:28.387 [info] Getting sessions for read:user,repo,user:email,workflow...
2025-11-10 17:50:28.387 [info] Got 0 sessions for read:user,repo,user:email,workflow...
2025-11-10 17:50:28.388 [info] Getting sessions for read:user...
2025-11-10 17:50:28.388 [info] Got 0 sessions for read:user...
2025-11-10 17:50:28.388 [info] Getting sessions for user:email...
2025-11-10 17:50:28.388 [info] Got 1 sessions for user:email...
2025-11-10 17:50:29.414 [info] Getting sessions for read:user,repo,user:email,workflow...
2025-11-10 17:50:29.414 [info] Got 0 sessions for read:user,repo,user:email,workflow...
2025-11-10 17:50:29.415 [info] Getting sessions for read:user...
2025-11-10 17:50:29.415 [info] Got 0 sessions for read:user...
2025-11-10 17:50:29.416 [info] Getting sessions for user:email...
2025-11-10 17:50:29.416 [info] Got 1 sessions for user:email...
2025-11-10 17:50:30.536 [info] Getting sessions for read:user,repo,user:email,workflow...
2025-11-10 17:50:30.536 [info] Got 0 sessions for read:user,repo,user:email,workflow...
2025-11-10 17:50:30.536 [info] Getting sessions for read:user...
2025-11-10 17:50:30.536 [info] Got 0 sessions for read:user...
2025-11-10 17:50:30.537 [info] Getting sessions for user:email...
2025-11-10 17:50:30.537 [info] Got 1 sessions for user:email...
2025-11-10 17:50:33.121 [info] Getting sessions for read:user,repo,user:email,workflow...
2025-11-10 17:50:33.121 [info] Got 0 sessions for read:user,repo,user:email,workflow...
2025-11-10 17:50:33.121 [info] Getting sessions for read:user...
2025-11-10 17:50:33.121 [info] Got 0 sessions for read:user...
2025-11-10 17:50:33.122 [info] Getting sessions for user:email...
2025-11-10 17:50:33.122 [info] Got 1 sessions for user:email...
2025-11-10 17:52:31.105 [info] Getting sessions for read:user,repo,user:email,workflow...
2025-11-10 17:52:31.105 [info] Got 0 sessions for read:user,repo,user:email,workflow...
2025-11-10 17:52:31.106 [info] Getting sessions for read:user...
2025-11-10 17:52:31.106 [info] Got 0 sessions for read:user...
2025-11-10 17:52:31.107 [info] Getting sessions for user:email...
2025-11-10 17:52:31.107 [info] Got 1 sessions for user:email...
2025-11-10 18:15:20.193 [info] Getting sessions for read:user,repo,user:email,workflow...
2025-11-10 18:15:20.193 [info] Got 0 sessions for read:user,repo,user:email,workflow...
2025-11-10 18:15:20.198 [info] Getting sessions for read:user...
2025-11-10 18:15:20.198 [info] Got 0 sessions for read:user...
2025-11-10 18:15:20.200 [info] Getting sessions for user:email...
2025-11-10 18:15:20.200 [info] Got 1 sessions for user:email...
2025-11-10 18:15:20.858 [info] Getting sessions for read:user,repo,user:email,workflow...
2025-11-10 18:15:20.858 [info] Got 0 sessions for read:user,repo,user:email,workflow...
2025-11-10 18:15:20.859 [info] Getting sessions for read:user...
2025-11-10 18:15:20.859 [info] Got 0 sessions for read:user...
2025-11-10 18:15:20.860 [info] Getting sessions for user:email...
2025-11-10 18:15:20.860 [info] Got 1 sessions for user:email...
2025-11-10 18:15:21.561 [info] Getting sessions for read:user,repo,user:email,workflow...
2025-11-10 18:15:21.561 [info] Got 0 sessions for read:user,repo,user:email,workflow...
2025-11-10 18:15:21.561 [info] Getting sessions for read:user...
2025-11-10 18:15:21.561 [info] Got 0 sessions for read:user...
2025-11-10 18:15:21.563 [info] Getting sessions for user:email...
2025-11-10 18:15:21.563 [info] Got 1 sessions for user:email...
2025-11-10 18:15:22.425 [info] Getting sessions for read:user,repo,user:email,workflow...
2025-11-10 18:15:22.425 [info] Got 0 sessions for read:user,repo,user:email,workflow...
2025-11-10 18:15:22.426 [info] Getting sessions for read:user...
2025-11-10 18:15:22.426 [info] Got 0 sessions for read:user...
2025-11-10 18:15:22.426 [info] Getting sessions for user:email...
2025-11-10 18:15:22.426 [info] Got 1 sessions for user:email...
2025-11-10 18:15:22.765 [info] Getting sessions for read:user,repo,user:email,workflow...
2025-11-10 18:15:22.765 [info] Got 0 sessions for read:user,repo,user:email,workflow...
2025-11-10 18:15:22.766 [info] Getting sessions for read:user...
2025-11-10 18:15:22.767 [info] Got 0 sessions for read:user...
2025-11-10 18:15:22.767 [info] Getting sessions for user:email...
2025-11-10 18:15:22.767 [info] Got 1 sessions for user:email...
2025-11-10 18:15:23.843 [info] Getting sessions for read:user,repo,user:email,workflow...
2025-11-10 18:15:23.843 [info] Got 0 sessions for read:user,repo,user:email,workflow...
2025-11-10 18:15:23.844 [info] Getting sessions for read:user...
2025-11-10 18:15:23.844 [info] Got 0 sessions for read:user...
2025-11-10 18:15:23.845 [info] Getting sessions for user:email...
2025-11-10 18:15:23.845 [info] Got 1 sessions for user:email...
2025-11-10 18:15:24.509 [info] Getting sessions for read:user,repo,user:email,workflow...
2025-11-10 18:15:24.509 [info] Got 0 sessions for read:user,repo,user:email,workflow...
2025-11-10 18:15:24.518 [info] Getting sessions for read:user...
2025-11-10 18:15:24.518 [info] Got 0 sessions for read:user...
2025-11-10 18:15:24.519 [info] Getting sessions for user:email...
2025-11-10 18:15:24.519 [info] Got 1 sessions for user:email...
2025-11-10 18:15:25.661 [info] Getting sessions for read:user,repo,user:email,workflow...
2025-11-10 18:15:25.661 [info] Got 0 sessions for read:user,repo,user:email,workflow...
2025-11-10 18:15:25.662 [info] Getting sessions for read:user...
2025-11-10 18:15:25.662 [info] Got 0 sessions for read:user...
2025-11-10 18:15:25.662 [info] Getting sessions for user:email...
2025-11-10 18:15:25.662 [info] Got 1 sessions for user:email...
2025-11-10 18:15:26.998 [info] Getting sessions for read:user,repo,user:email,workflow...
2025-11-10 18:15:26.998 [info] Got 0 sessions for read:user,repo,user:email,workflow...
2025-11-10 18:15:26.999 [info] Getting sessions for read:user...
2025-11-10 18:15:26.999 [info] Got 0 sessions for read:user...
2025-11-10 18:15:27.000 [info] Getting sessions for user:email...
2025-11-10 18:15:27.000 [info] Got 1 sessions for user:email...
2025-11-10 18:15:28.788 [info] Getting sessions for read:user,repo,user:email,workflow...
2025-11-10 18:15:28.788 [info] Got 0 sessions for read:user,repo,user:email,workflow...
2025-11-10 18:15:28.788 [info] Getting sessions for read:user...
2025-11-10 18:15:28.788 [info] Got 0 sessions for read:user...
2025-11-10 18:15:28.789 [info] Getting sessions for user:email...
2025-11-10 18:15:28.789 [info] Got 1 sessions for user:email...
2025-11-10 18:15:31.263 [info] Getting sessions for read:user,repo,user:email,workflow...
2025-11-10 18:15:31.263 [info] Got 0 sessions for read:user,repo,user:email,workflow...
2025-11-10 18:15:31.264 [info] Getting sessions for read:user...
2025-11-10 18:15:31.264 [info] Got 0 sessions for read:user...
2025-11-10 18:15:31.264 [info] Getting sessions for user:email...
2025-11-10 18:15:31.264 [info] Got 1 sessions for user:email...
2025-11-10 18:15:31.786 [info] Getting sessions for read:user,repo,user:email,workflow...
2025-11-10 18:15:31.786 [info] Got 0 sessions for read:user,repo,user:email,workflow...
2025-11-10 18:15:31.787 [info] Getting sessions for read:user...
2025-11-10 18:15:31.787 [info] Got 0 sessions for read:user...
2025-11-10 18:15:31.787 [info] Getting sessions for user:email...
2025-11-10 18:15:31.787 [info] Got 1 sessions for user:email...
2025-11-10 18:15:32.774 [info] Getting sessions for read:user,repo,user:email,workflow...
2025-11-10 18:15:32.774 [info] Got 0 sessions for read:user,repo,user:email,workflow...
2025-11-10 18:15:32.775 [info] Getting sessions for read:user...
2025-11-10 18:15:32.775 [info] Got 0 sessions for read:user...
2025-11-10 18:15:32.777 [info] Getting sessions for user:email...
2025-11-10 18:15:32.777 [info] Got 1 sessions for user:email...
2025-11-10 18:15:34.610 [info] Getting sessions for read:user,repo,user:email,workflow...
2025-11-10 18:15:34.610 [info] Got 0 sessions for read:user,repo,user:email,workflow...
2025-11-10 18:15:34.610 [info] Getting sessions for read:user...
2025-11-10 18:15:34.610 [info] Got 0 sessions for read:user...
2025-11-10 18:15:34.611 [info] Getting sessions for user:email...
2025-11-10 18:15:34.611 [info] Got 1 sessions for user:email...
2025-11-10 18:15:35.101 [info] Getting sessions for read:user,repo,user:email,workflow...
2025-11-10 18:15:35.101 [info] Got 0 sessions for read:user,repo,user:email,workflow...
2025-11-10 18:15:35.101 [info] Getting sessions for read:user...
2025-11-10 18:15:35.101 [info] Got 0 sessions for read:user...
2025-11-10 18:15:35.102 [info] Getting sessions for user:email...
2025-11-10 18:15:35.102 [info] Got 1 sessions for user:email...
2025-11-10 18:15:35.756 [info] Getting sessions for read:user,repo,user:email,workflow...
2025-11-10 18:15:35.756 [info] Got 0 sessions for read:user,repo,user:email,workflow...
2025-11-10 18:15:35.757 [info] Getting sessions for read:user...
2025-11-10 18:15:35.757 [info] Got 0 sessions for read:user...
2025-11-10 18:15:35.757 [info] Getting sessions for user:email...
2025-11-10 18:15:35.758 [info] Got 1 sessions for user:email...
2025-11-10 18:15:36.154 [info] Getting sessions for read:user,repo,user:email,workflow...
2025-11-10 18:15:36.154 [info] Got 0 sessions for read:user,repo,user:email,workflow...
2025-11-10 18:15:36.155 [info] Getting sessions for read:user...
2025-11-10 18:15:36.155 [info] Got 0 sessions for read:user...
2025-11-10 18:15:36.156 [info] Getting sessions for user:email...
2025-11-10 18:15:36.156 [info] Got 1 sessions for user:email...
2025-11-10 18:15:36.589 [info] Getting sessions for read:user,repo,user:email,workflow...
2025-11-10 18:15:36.589 [info] Got 0 sessions for read:user,repo,user:email,workflow...
2025-11-10 18:15:36.590 [info] Getting sessions for read:user...
2025-11-10 18:15:36.590 [info] Got 0 sessions for read:user...
2025-11-10 18:15:36.591 [info] Getting sessions for user:email...
2025-11-10 18:15:36.591 [info] Got 1 sessions for user:email...
2025-11-10 18:15:37.008 [info] Getting sessions for read:user,repo,user:email,workflow...
2025-11-10 18:15:37.008 [info] Got 0 sessions for read:user,repo,user:email,workflow...
2025-11-10 18:15:37.009 [info] Getting sessions for read:user...
2025-11-10 18:15:37.009 [info] Got 0 sessions for read:user...
2025-11-10 18:15:37.010 [info] Getting sessions for user:email...
2025-11-10 18:15:37.010 [info] Got 1 sessions for user:email...
2025-11-10 18:15:37.334 [info] Getting sessions for read:user,repo,user:email,workflow...
2025-11-10 18:15:37.334 [info] Got 0 sessions for read:user,repo,user:email,workflow...
2025-11-10 18:15:37.336 [info] Getting sessions for read:user...
2025-11-10 18:15:37.336 [info] Got 0 sessions for read:user...
2025-11-10 18:15:37.337 [info] Getting sessions for user:email...
2025-11-10 18:15:37.337 [info] Got 1 sessions for user:email...
2025-11-10 18:15:37.924 [info] Getting sessions for read:user,repo,user:email,workflow...
2025-11-10 18:15:37.924 [info] Got 0 sessions for read:user,repo,user:email,workflow...
2025-11-10 18:15:37.924 [info] Getting sessions for read:user...
2025-11-10 18:15:37.924 [info] Got 0 sessions for read:user...
2025-11-10 18:15:37.925 [info] Getting sessions for user:email...
2025-11-10 18:15:37.925 [info] Got 1 sessions for user:email...
2025-11-10 18:15:38.394 [info] Getting sessions for read:user,repo,user:email,workflow...
2025-11-10 18:15:38.394 [info] Got 0 sessions for read:user,repo,user:email,workflow...
2025-11-10 18:15:38.404 [info] Getting sessions for read:user...
2025-11-10 18:15:38.404 [info] Got 0 sessions for read:user...
2025-11-10 18:15:38.405 [info] Getting sessions for user:email...
2025-11-10 18:15:38.405 [info] Got 1 sessions for user:email...
2025-11-10 18:15:39.562 [info] Getting sessions for read:user,repo,user:email,workflow...
2025-11-10 18:15:39.562 [info] Got 0 sessions for read:user,repo,user:email,workflow...
2025-11-10 18:15:39.563 [info] Getting sessions for read:user...
2025-11-10 18:15:39.563 [info] Got 0 sessions for read:user...
2025-11-10 18:15:39.564 [info] Getting sessions for user:email...
2025-11-10 18:15:39.564 [info] Got 1 sessions for user:email...
2025-11-10 18:15:43.659 [info] Getting sessions for read:user,repo,user:email,workflow...
2025-11-10 18:15:43.659 [info] Got 0 sessions for read:user,repo,user:email,workflow...
2025-11-10 18:15:43.660 [info] Getting sessions for read:user...
2025-11-10 18:15:43.660 [info] Got 0 sessions for read:user...
2025-11-10 18:15:43.661 [info] Getting sessions for user:email...
2025-11-10 18:15:43.661 [info] Got 1 sessions for user:email...
2025-11-10 18:22:40.133 [info] Getting sessions for read:user,repo,user:email,workflow...
2025-11-10 18:22:40.133 [info] Got 0 sessions for read:user,repo,user:email,workflow...
2025-11-10 18:22:40.133 [info] Getting sessions for read:user...
2025-11-10 18:22:40.133 [info] Got 0 sessions for read:user...
2025-11-10 18:22:40.134 [info] Getting sessions for user:email...
2025-11-10 18:22:40.134 [info] Got 1 sessions for user:email...
2025-11-10 18:22:40.913 [info] Getting sessions for read:user,repo,user:email,workflow...
2025-11-10 18:22:40.913 [info] Got 0 sessions for read:user,repo,user:email,workflow...
2025-11-10 18:22:40.914 [info] Getting sessions for read:user...
2025-11-10 18:22:40.914 [info] Got 0 sessions for read:user...
2025-11-10 18:22:40.915 [info] Getting sessions for user:email...
2025-11-10 18:22:40.915 [info] Got 1 sessions for user:email...
2025-11-10 18:22:41.926 [info] Getting sessions for read:user,repo,user:email,workflow...
2025-11-10 18:22:41.926 [info] Got 0 sessions for read:user,repo,user:email,workflow...
2025-11-10 18:22:41.928 [info] Getting sessions for read:user...
2025-11-10 18:22:41.928 [info] Got 0 sessions for read:user...
2025-11-10 18:22:41.928 [info] Getting sessions for user:email...
2025-11-10 18:22:41.928 [info] Got 1 sessions for user:email...
2025-11-10 18:22:42.271 [info] Getting sessions for read:user,repo,user:email,workflow...
2025-11-10 18:22:42.271 [info] Got 0 sessions for read:user,repo,user:email,workflow...
2025-11-10 18:22:42.272 [info] Getting sessions for read:user...
2025-11-10 18:22:42.272 [info] Got 0 sessions for read:user...
2025-11-10 18:22:42.272 [info] Getting sessions for user:email...
2025-11-10 18:22:42.272 [info] Got 1 sessions for user:email...
2025-11-10 18:22:42.539 [info] Getting sessions for read:user,repo,user:email,workflow...
2025-11-10 18:22:42.539 [info] Got 0 sessions for read:user,repo,user:email,workflow...
2025-11-10 18:22:42.541 [info] Getting sessions for read:user...
2025-11-10 18:22:42.541 [info] Got 0 sessions for read:user...
2025-11-10 18:22:42.541 [info] Getting sessions for user:email...
2025-11-10 18:22:42.541 [info] Got 1 sessions for user:email...
2025-11-10 18:22:43.877 [info] Getting sessions for read:user,repo,user:email,workflow...
2025-11-10 18:22:43.877 [info] Got 0 sessions for read:user,repo,user:email,workflow...
2025-11-10 18:22:43.877 [info] Getting sessions for read:user...
2025-11-10 18:22:43.877 [info] Got 0 sessions for read:user...
2025-11-10 18:22:43.878 [info] Getting sessions for user:email...
2025-11-10 18:22:43.878 [info] Got 1 sessions for user:email...
2025-11-10 18:22:44.410 [info] Getting sessions for read:user,repo,user:email,workflow...
2025-11-10 18:22:44.410 [info] Got 0 sessions for read:user,repo,user:email,workflow...
2025-11-10 18:22:44.410 [info] Getting sessions for read:user...
2025-11-10 18:22:44.410 [info] Got 0 sessions for read:user...
2025-11-10 18:22:44.411 [info] Getting sessions for user:email...
2025-11-10 18:22:44.411 [info] Got 1 sessions for user:email...
2025-11-10 18:22:45.266 [info] Getting sessions for read:user,repo,user:email,workflow...
2025-11-10 18:22:45.266 [info] Got 0 sessions for read:user,repo,user:email,workflow...
2025-11-10 18:22:45.267 [info] Getting sessions for read:user...
2025-11-10 18:22:45.267 [info] Got 0 sessions for read:user...
2025-11-10 18:22:45.268 [info] Getting sessions for user:email...
2025-11-10 18:22:45.268 [info] Got 1 sessions for user:email...
2025-11-10 18:22:45.756 [info] Getting sessions for read:user,repo,user:email,workflow...
2025-11-10 18:22:45.756 [info] Got 0 sessions for read:user,repo,user:email,workflow...
2025-11-10 18:22:45.757 [info] Getting sessions for read:user...
2025-11-10 18:22:45.757 [info] Got 0 sessions for read:user...
2025-11-10 18:22:45.757 [info] Getting sessions for user:email...
2025-11-10 18:22:45.757 [info] Got 1 sessions for user:email...
2025-11-10 18:22:46.451 [info] Getting sessions for read:user,repo,user:email,workflow...
2025-11-10 18:22:46.452 [info] Got 0 sessions for read:user,repo,user:email,workflow...
2025-11-10 18:22:46.453 [info] Getting sessions for read:user...
2025-11-10 18:22:46.453 [info] Got 0 sessions for read:user...
2025-11-10 18:22:46.453 [info] Getting sessions for user:email...
2025-11-10 18:22:46.453 [info] Got 1 sessions for user:email...
2025-11-10 18:22:47.368 [info] Getting sessions for read:user,repo,user:email,workflow...
2025-11-10 18:22:47.368 [info] Got 0 sessions for read:user,repo,user:email,workflow...
2025-11-10 18:22:47.369 [info] Getting sessions for read:user...
2025-11-10 18:22:47.369 [info] Got 0 sessions for read:user...
2025-11-10 18:22:47.369 [info] Getting sessions for user:email...
2025-11-10 18:22:47.369 [info] Got 1 sessions for user:email...
2025-11-10 18:22:47.794 [info] Getting sessions for read:user,repo,user:email,workflow...
2025-11-10 18:22:47.794 [info] Got 0 sessions for read:user,repo,user:email,workflow...
2025-11-10 18:22:47.795 [info] Getting sessions for read:user...
2025-11-10 18:22:47.795 [info] Got 0 sessions for read:user...
2025-11-10 18:22:47.796 [info] Getting sessions for user:email...
2025-11-10 18:22:47.796 [info] Got 1 sessions for user:email...
2025-11-10 18:22:48.366 [info] Getting sessions for read:user,repo,user:email,workflow...
2025-11-10 18:22:48.366 [info] Got 0 sessions for read:user,repo,user:email,workflow...
2025-11-10 18:22:48.367 [info] Getting sessions for read:user...
2025-11-10 18:22:48.367 [info] Got 0 sessions for read:user...
2025-11-10 18:22:48.368 [info] Getting sessions for user:email...
2025-11-10 18:22:48.368 [info] Got 1 sessions for user:email...
2025-11-10 18:22:49.085 [info] Getting sessions for read:user,repo,user:email,workflow...
2025-11-10 18:22:49.085 [info] Got 0 sessions for read:user,repo,user:email,workflow...
2025-11-10 18:22:49.086 [info] Getting sessions for read:user...
2025-11-10 18:22:49.086 [info] Got 0 sessions for read:user...
2025-11-10 18:22:49.087 [info] Getting sessions for user:email...
2025-11-10 18:22:49.087 [info] Got 1 sessions for user:email...
2025-11-10 18:22:49.562 [info] Getting sessions for read:user,repo,user:email,workflow...
2025-11-10 18:22:49.562 [info] Got 0 sessions for read:user,repo,user:email,workflow...
2025-11-10 18:22:49.563 [info] Getting sessions for read:user...
2025-11-10 18:22:49.563 [info] Got 0 sessions for read:user...
2025-11-10 18:22:49.564 [info] Getting sessions for user:email...
2025-11-10 18:22:49.564 [info] Got 1 sessions for user:email...
2025-11-10 18:22:49.979 [info] Getting sessions for read:user,repo,user:email,workflow...
2025-11-10 18:22:49.979 [info] Got 0 sessions for read:user,repo,user:email,workflow...
2025-11-10 18:22:49.980 [info] Getting sessions for read:user...
2025-11-10 18:22:49.980 [info] Got 0 sessions for read:user...
2025-11-10 18:22:49.981 [info] Getting sessions for user:email...
2025-11-10 18:22:49.981 [info] Got 1 sessions for user:email...
2025-11-10 18:22:50.531 [info] Getting sessions for read:user,repo,user:email,workflow...
2025-11-10 18:22:50.531 [info] Got 0 sessions for read:user,repo,user:email,workflow...
2025-11-10 18:22:50.533 [info] Getting sessions for read:user...
2025-11-10 18:22:50.533 [info] Got 0 sessions for read:user...
2025-11-10 18:22:50.534 [info] Getting sessions for user:email...
2025-11-10 18:22:50.534 [info] Got 1 sessions for user:email...
2025-11-10 18:22:50.961 [info] Getting sessions for read:user,repo,user:email,workflow...
2025-11-10 18:22:50.961 [info] Got 0 sessions for read:user,repo,user:email,workflow...
2025-11-10 18:22:50.961 [info] Getting sessions for read:user...
2025-11-10 18:22:50.961 [info] Got 0 sessions for read:user...
2025-11-10 18:22:50.962 [info] Getting sessions for user:email...
2025-11-10 18:22:50.962 [info] Got 1 sessions for user:email...
2025-11-10 18:22:51.289 [info] Getting sessions for read:user,repo,user:email,workflow...
2025-11-10 18:22:51.289 [info] Got 0 sessions for read:user,repo,user:email,workflow...
2025-11-10 18:22:51.290 [info] Getting sessions for read:user...
2025-11-10 18:22:51.290 [info] Got 0 sessions for read:user...
2025-11-10 18:22:51.290 [info] Getting sessions for user:email...
2025-11-10 18:22:51.290 [info] Got 1 sessions for user:email...
2025-11-10 18:22:51.762 [info] Getting sessions for read:user,repo,user:email,workflow...
2025-11-10 18:22:51.762 [info] Got 0 sessions for read:user,repo,user:email,workflow...
2025-11-10 18:22:51.763 [info] Getting sessions for read:user...
2025-11-10 18:22:51.763 [info] Got 0 sessions for read:user...
2025-11-10 18:22:51.764 [info] Getting sessions for user:email...
2025-11-10 18:22:51.764 [info] Got 1 sessions for user:email...
2025-11-10 18:22:52.247 [info] Getting sessions for read:user,repo,user:email,workflow...
2025-11-10 18:22:52.247 [info] Got 0 sessions for read:user,repo,user:email,workflow...
2025-11-10 18:22:52.247 [info] Getting sessions for read:user...
2025-11-10 18:22:52.247 [info] Got 0 sessions for read:user...
2025-11-10 18:22:52.248 [info] Getting sessions for user:email...
2025-11-10 18:22:52.248 [info] Got 1 sessions for user:email...
2025-11-10 18:22:52.670 [info] Getting sessions for read:user,repo,user:email,workflow...
2025-11-10 18:22:52.670 [info] Got 0 sessions for read:user,repo,user:email,workflow...
2025-11-10 18:22:52.671 [info] Getting sessions for read:user...
2025-11-10 18:22:52.671 [info] Got 0 sessions for read:user...
2025-11-10 18:22:52.672 [info] Getting sessions for user:email...
2025-11-10 18:22:52.672 [info] Got 1 sessions for user:email...
2025-11-10 18:22:53.070 [info] Getting sessions for read:user,repo,user:email,workflow...
2025-11-10 18:22:53.071 [info] Got 0 sessions for read:user,repo,user:email,workflow...
2025-11-10 18:22:53.071 [info] Getting sessions for read:user...
2025-11-10 18:22:53.071 [info] Got 0 sessions for read:user...
2025-11-10 18:22:53.072 [info] Getting sessions for user:email...
2025-11-10 18:22:53.072 [info] Got 1 sessions for user:email...
2025-11-10 18:22:53.691 [info] Getting sessions for read:user,repo,user:email,workflow...
2025-11-10 18:22:53.691 [info] Got 0 sessions for read:user,repo,user:email,workflow...
2025-11-10 18:22:53.692 [info] Getting sessions for read:user...
2025-11-10 18:22:53.692 [info] Got 0 sessions for read:user...
2025-11-10 18:22:53.693 [info] Getting sessions for user:email...
2025-11-10 18:22:53.693 [info] Got 1 sessions for user:email...
2025-11-10 18:22:54.835 [info] Getting sessions for read:user,repo,user:email,workflow...
2025-11-10 18:22:54.835 [info] Got 0 sessions for read:user,repo,user:email,workflow...
2025-11-10 18:22:54.835 [info] Getting sessions for read:user...
2025-11-10 18:22:54.835 [info] Got 0 sessions for read:user...
2025-11-10 18:22:54.836 [info] Getting sessions for user:email...
2025-11-10 18:22:54.836 [info] Got 1 sessions for user:email...
2025-11-10 18:22:55.416 [info] Getting sessions for read:user,repo,user:email,workflow...
2025-11-10 18:22:55.416 [info] Got 0 sessions for read:user,repo,user:email,workflow...
2025-11-10 18:22:55.417 [info] Getting sessions for read:user...
2025-11-10 18:22:55.417 [info] Got 0 sessions for read:user...
2025-11-10 18:22:55.417 [info] Getting sessions for user:email...
2025-11-10 18:22:55.417 [info] Got 1 sessions for user:email...
2025-11-10 18:22:55.835 [info] Getting sessions for read:user,repo,user:email,workflow...
2025-11-10 18:22:55.835 [info] Got 0 sessions for read:user,repo,user:email,workflow...
2025-11-10 18:22:55.836 [info] Getting sessions for read:user...
2025-11-10 18:22:55.836 [info] Got 0 sessions for read:user...
2025-11-10 18:22:55.838 [info] Getting sessions for user:email...
2025-11-10 18:22:55.838 [info] Got 1 sessions for user:email...
2025-11-10 18:22:56.207 [info] Getting sessions for read:user,repo,user:email,workflow...
2025-11-10 18:22:56.207 [info] Got 0 sessions for read:user,repo,user:email,workflow...
2025-11-10 18:22:56.208 [info] Getting sessions for read:user...
2025-11-10 18:22:56.208 [info] Got 0 sessions for read:user...
2025-11-10 18:22:56.208 [info] Getting sessions for user:email...
2025-11-10 18:22:56.208 [info] Got 1 sessions for user:email...
2025-11-10 18:22:56.773 [info] Getting sessions for read:user,repo,user:email,workflow...
2025-11-10 18:22:56.773 [info] Got 0 sessions for read:user,repo,user:email,workflow...
2025-11-10 18:22:56.774 [info] Getting sessions for read:user...
2025-11-10 18:22:56.774 [info] Got 0 sessions for read:user...
2025-11-10 18:22:56.775 [info] Getting sessions for user:email...
2025-11-10 18:22:56.775 [info] Got 1 sessions for user:email...
2025-11-10 18:22:57.131 [info] Getting sessions for read:user,repo,user:email,workflow...
2025-11-10 18:22:57.131 [info] Got 0 sessions for read:user,repo,user:email,workflow...
2025-11-10 18:22:57.132 [info] Getting sessions for read:user...
2025-11-10 18:22:57.132 [info] Got 0 sessions for read:user...
2025-11-10 18:22:57.132 [info] Getting sessions for user:email...
2025-11-10 18:22:57.132 [info] Got 1 sessions for user:email...
2025-11-10 18:22:57.659 [info] Getting sessions for read:user,repo,user:email,workflow...
2025-11-10 18:22:57.659 [info] Got 0 sessions for read:user,repo,user:email,workflow...
2025-11-10 18:22:57.660 [info] Getting sessions for read:user...
2025-11-10 18:22:57.660 [info] Got 0 sessions for read:user...
2025-11-10 18:22:57.661 [info] Getting sessions for user:email...
2025-11-10 18:22:57.661 [info] Got 1 sessions for user:email...
2025-11-10 18:22:58.100 [info] Getting sessions for read:user,repo,user:email,workflow...
2025-11-10 18:22:58.101 [info] Got 0 sessions for read:user,repo,user:email,workflow...
2025-11-10 18:22:58.101 [info] Getting sessions for read:user...
2025-11-10 18:22:58.101 [info] Got 0 sessions for read:user...
2025-11-10 18:22:58.102 [info] Getting sessions for user:email...
2025-11-10 18:22:58.102 [info] Got 1 sessions for user:email...
2025-11-10 18:22:58.434 [info] Getting sessions for read:user,repo,user:email,workflow...
2025-11-10 18:22:58.434 [info] Got 0 sessions for read:user,repo,user:email,workflow...
2025-11-10 18:22:58.435 [info] Getting sessions for read:user...
2025-11-10 18:22:58.435 [info] Got 0 sessions for read:user...
2025-11-10 18:22:58.436 [info] Getting sessions for user:email...
2025-11-10 18:22:58.436 [info] Got 1 sessions for user:email...
2025-11-10 18:22:59.284 [info] Getting sessions for read:user,repo,user:email,workflow...
2025-11-10 18:22:59.284 [info] Got 0 sessions for read:user,repo,user:email,workflow...
2025-11-10 18:22:59.286 [info] Getting sessions for read:user...
2025-11-10 18:22:59.286 [info] Got 0 sessions for read:user...
2025-11-10 18:22:59.286 [info] Getting sessions for user:email...
2025-11-10 18:22:59.286 [info] Got 1 sessions for user:email...
2025-11-10 18:23:00.030 [info] Getting sessions for read:user,repo,user:email,workflow...
2025-11-10 18:23:00.030 [info] Got 0 sessions for read:user,repo,user:email,workflow...
2025-11-10 18:23:00.031 [info] Getting sessions for read:user...
2025-11-10 18:23:00.031 [info] Got 0 sessions for read:user...
2025-11-10 18:23:00.032 [info] Getting sessions for user:email...
2025-11-10 18:23:00.032 [info] Got 1 sessions for user:email...
2025-11-10 18:23:00.381 [info] Getting sessions for read:user,repo,user:email,workflow...
2025-11-10 18:23:00.381 [info] Got 0 sessions for read:user,repo,user:email,workflow...
2025-11-10 18:23:00.382 [info] Getting sessions for read:user...
2025-11-10 18:23:00.382 [info] Got 0 sessions for read:user...
2025-11-10 18:23:00.383 [info] Getting sessions for user:email...
2025-11-10 18:23:00.383 [info] Got 1 sessions for user:email...
2025-11-10 18:23:00.807 [info] Getting sessions for read:user,repo,user:email,workflow...
2025-11-10 18:23:00.807 [info] Got 0 sessions for read:user,repo,user:email,workflow...
2025-11-10 18:23:00.809 [info] Getting sessions for read:user...
2025-11-10 18:23:00.809 [info] Got 0 sessions for read:user...
2025-11-10 18:23:00.809 [info] Getting sessions for user:email...
2025-11-10 18:23:00.809 [info] Got 1 sessions for user:email...
2025-11-10 18:23:01.308 [info] Getting sessions for read:user,repo,user:email,workflow...
2025-11-10 18:23:01.308 [info] Got 0 sessions for read:user,repo,user:email,workflow...
2025-11-10 18:23:01.309 [info] Getting sessions for read:user...
2025-11-10 18:23:01.309 [info] Got 0 sessions for read:user...
2025-11-10 18:23:01.310 [info] Getting sessions for user:email...
2025-11-10 18:23:01.310 [info] Got 1 sessions for user:email...
2025-11-10 18:23:01.787 [info] Getting sessions for read:user,repo,user:email,workflow...
2025-11-10 18:23:01.787 [info] Got 0 sessions for read:user,repo,user:email,workflow...
2025-11-10 18:23:01.788 [info] Getting sessions for read:user...
2025-11-10 18:23:01.788 [info] Got 0 sessions for read:user...
2025-11-10 18:23:01.789 [info] Getting sessions for user:email...
2025-11-10 18:23:01.789 [info] Got 1 sessions for user:email...
2025-11-10 18:23:05.268 [info] Getting sessions for read:user,repo,user:email,workflow...
2025-11-10 18:23:05.268 [info] Got 0 sessions for read:user,repo,user:email,workflow...
2025-11-10 18:23:05.269 [info] Getting sessions for read:user...
2025-11-10 18:23:05.269 [info] Got 0 sessions for read:user...
2025-11-10 18:23:05.272 [info] Getting sessions for user:email...
2025-11-10 18:23:05.272 [info] Got 1 sessions for user:email...
2025-11-10 18:23:05.859 [info] Getting sessions for read:user,repo,user:email,workflow...
2025-11-10 18:23:05.859 [info] Got 0 sessions for read:user,repo,user:email,workflow...
2025-11-10 18:23:05.860 [info] Getting sessions for read:user...
2025-11-10 18:23:05.861 [info] Got 0 sessions for read:user...
2025-11-10 18:23:05.861 [info] Getting sessions for user:email...
2025-11-10 18:23:05.861 [info] Got 1 sessions for user:email...
2025-11-10 18:23:06.641 [info] Getting sessions for read:user,repo,user:email,workflow...
2025-11-10 18:23:06.641 [info] Got 0 sessions for read:user,repo,user:email,workflow...
2025-11-10 18:23:06.642 [info] Getting sessions for read:user...
2025-11-10 18:23:06.642 [info] Got 0 sessions for read:user...
2025-11-10 18:23:06.643 [info] Getting sessions for user:email...
2025-11-10 18:23:06.643 [info] Got 1 sessions for user:email...
2025-11-10 18:23:07.080 [info] Getting sessions for read:user,repo,user:email,workflow...
2025-11-10 18:23:07.080 [info] Got 0 sessions for read:user,repo,user:email,workflow...
2025-11-10 18:23:07.081 [info] Getting sessions for read:user...
2025-11-10 18:23:07.082 [info] Got 0 sessions for read:user...
2025-11-10 18:23:07.083 [info] Getting sessions for user:email...
2025-11-10 18:23:07.083 [info] Got 1 sessions for user:email...
2025-11-10 18:23:08.654 [info] Getting sessions for read:user,repo,user:email,workflow...
2025-11-10 18:23:08.654 [info] Got 0 sessions for read:user,repo,user:email,workflow...
2025-11-10 18:23:08.654 [info] Getting sessions for read:user...
2025-11-10 18:23:08.655 [info] Got 0 sessions for read:user...
2025-11-10 18:23:08.655 [info] Getting sessions for user:email...
2025-11-10 18:23:08.655 [info] Got 1 sessions for user:email...
2025-11-10 18:23:21.447 [info] Getting sessions for read:user,repo,user:email,workflow...
2025-11-10 18:23:21.447 [info] Got 0 sessions for read:user,repo,user:email,workflow...
2025-11-10 18:23:21.448 [info] Getting sessions for read:user...
2025-11-10 18:23:21.448 [info] Got 0 sessions for read:user...
2025-11-10 18:23:21.448 [info] Getting sessions for user:email...
2025-11-10 18:23:21.448 [info] Got 1 sessions for user:email...
2025-11-10 18:23:21.847 [info] Getting sessions for read:user,repo,user:email,workflow...
2025-11-10 18:23:21.847 [info] Got 0 sessions for read:user,repo,user:email,workflow...
2025-11-10 18:23:21.852 [info] Getting sessions for read:user...
2025-11-10 18:23:21.852 [info] Got 0 sessions for read:user...
2025-11-10 18:23:21.854 [info] Getting sessions for user:email...
2025-11-10 18:23:21.854 [info] Got 1 sessions for user:email...
2025-11-10 18:23:30.351 [info] Getting sessions for read:user,repo,user:email,workflow...
2025-11-10 18:23:30.351 [info] Got 0 sessions for read:user,repo,user:email,workflow...
2025-11-10 18:23:30.352 [info] Getting sessions for read:user...
2025-11-10 18:23:30.352 [info] Got 0 sessions for read:user...
2025-11-10 18:23:30.353 [info] Getting sessions for user:email...
2025-11-10 18:23:30.353 [info] Got 1 sessions for user:email...
2025-11-10 18:23:33.018 [info] Getting sessions for read:user,repo,user:email,workflow...
2025-11-10 18:23:33.018 [info] Got 0 sessions for read:user,repo,user:email,workflow...
2025-11-10 18:23:33.021 [info] Getting sessions for read:user...
2025-11-10 18:23:33.021 [info] Got 0 sessions for read:user...
2025-11-10 18:23:33.022 [info] Getting sessions for user:email...
2025-11-10 18:23:33.022 [info] Got 1 sessions for user:email...
2025-11-10 18:23:33.335 [info] Getting sessions for read:user,repo,user:email,workflow...
2025-11-10 18:23:33.335 [info] Got 0 sessions for read:user,repo,user:email,workflow...
2025-11-10 18:23:33.335 [info] Getting sessions for read:user...
2025-11-10 18:23:33.335 [info] Got 0 sessions for read:user...
2025-11-10 18:23:33.336 [info] Getting sessions for user:email...
2025-11-10 18:23:33.336 [info] Got 1 sessions for user:email...
2025-11-10 18:23:36.690 [info] Getting sessions for read:user,repo,user:email,workflow...
2025-11-10 18:23:36.690 [info] Got 0 sessions for read:user,repo,user:email,workflow...
2025-11-10 18:23:36.697 [info] Getting sessions for read:user...
2025-11-10 18:23:36.697 [info] Got 0 sessions for read:user...
2025-11-10 18:23:36.698 [info] Getting sessions for user:email...
2025-11-10 18:23:36.698 [info] Got 1 sessions for user:email...
2025-11-10 20:37:02.126 [info] Getting sessions for read:user,repo,user:email,workflow...
2025-11-10 20:37:02.127 [info] Got 0 sessions for read:user,repo,user:email,workflow...
2025-11-10 20:37:02.128 [info] Getting sessions for read:user...
2025-11-10 20:37:02.128 [info] Got 0 sessions for read:user...
2025-11-10 20:37:02.129 [info] Getting sessions for user:email...
2025-11-10 20:37:02.129 [info] Got 1 sessions for user:email...
2025-11-10 20:37:06.471 [info] Getting sessions for read:user,repo,user:email,workflow...
2025-11-10 20:37:06.471 [info] Got 0 sessions for read:user,repo,user:email,workflow...
2025-11-10 20:37:06.472 [info] Getting sessions for read:user...
2025-11-10 20:37:06.472 [info] Got 0 sessions for read:user...
2025-11-10 20:37:06.472 [info] Getting sessions for user:email...
2025-11-10 20:37:06.472 [info] Got 1 sessions for user:email...
2025-11-10 20:37:07.192 [info] Getting sessions for read:user,repo,user:email,workflow...
2025-11-10 20:37:07.192 [info] Got 0 sessions for read:user,repo,user:email,workflow...
2025-11-10 20:37:07.193 [info] Getting sessions for read:user...
2025-11-10 20:37:07.193 [info] Got 0 sessions for read:user...
2025-11-10 20:37:07.199 [info] Getting sessions for user:email...
2025-11-10 20:37:07.199 [info] Got 1 sessions for user:email...
2025-11-10 20:37:08.472 [info] Getting sessions for read:user,repo,user:email,workflow...
2025-11-10 20:37:08.472 [info] Got 0 sessions for read:user,repo,user:email,workflow...
2025-11-10 20:37:08.488 [info] Getting sessions for read:user...
2025-11-10 20:37:08.488 [info] Got 0 sessions for read:user...
2025-11-10 20:37:08.496 [info] Getting sessions for user:email...
2025-11-10 20:37:08.496 [info] Got 1 sessions for user:email...
2025-11-10 20:37:11.034 [info] Getting sessions for read:user,repo,user:email,workflow...
2025-11-10 20:37:11.034 [info] Got 0 sessions for read:user,repo,user:email,workflow...
2025-11-10 20:37:11.035 [info] Getting sessions for read:user...
2025-11-10 20:37:11.035 [info] Got 0 sessions for read:user...
2025-11-10 20:37:11.036 [info] Getting sessions for user:email...
2025-11-10 20:37:11.036 [info] Got 1 sessions for user:email...
2025-11-10 20:37:15.911 [info] Getting sessions for read:user,repo,user:email,workflow...
2025-11-10 20:37:15.911 [info] Got 0 sessions for read:user,repo,user:email,workflow...
2025-11-10 20:37:15.912 [info] Getting sessions for read:user...
2025-11-10 20:37:15.912 [info] Got 0 sessions for read:user...
2025-11-10 20:37:15.913 [info] Getting sessions for user:email...
2025-11-10 20:37:15.913 [info] Got 1 sessions for user:email...
2025-11-10 20:37:16.635 [info] Getting sessions for read:user,repo,user:email,workflow...
2025-11-10 20:37:16.636 [info] Got 0 sessions for read:user,repo,user:email,workflow...
2025-11-10 20:37:16.636 [info] Getting sessions for read:user...
2025-11-10 20:37:16.636 [info] Got 0 sessions for read:user...
2025-11-10 20:37:16.637 [info] Getting sessions for user:email...
2025-11-10 20:37:16.637 [info] Got 1 sessions for user:email...
2025-11-10 20:37:19.931 [info] Getting sessions for read:user,repo,user:email,workflow...
2025-11-10 20:37:19.931 [info] Got 0 sessions for read:user,repo,user:email,workflow...
2025-11-10 20:37:19.932 [info] Getting sessions for read:user...
2025-11-10 20:37:19.932 [info] Got 0 sessions for read:user...
2025-11-10 20:37:19.933 [info] Getting sessions for user:email...
2025-11-10 20:37:19.933 [info] Got 1 sessions for user:email...
2025-11-10 20:37:21.944 [info] Getting sessions for read:user,repo,user:email,workflow...
2025-11-10 20:37:21.944 [info] Got 0 sessions for read:user,repo,user:email,workflow...
2025-11-10 20:37:21.945 [info] Getting sessions for read:user...
2025-11-10 20:37:21.945 [info] Got 0 sessions for read:user...
2025-11-10 20:37:21.946 [info] Getting sessions for user:email...
2025-11-10 20:37:21.946 [info] Got 1 sessions for user:email...
2025-11-10 20:37:28.933 [info] Getting sessions for read:user,repo,user:email,workflow...
2025-11-10 20:37:28.933 [info] Got 0 sessions for read:user,repo,user:email,workflow...
2025-11-10 20:37:28.934 [info] Getting sessions for read:user...
2025-11-10 20:37:28.934 [info] Got 0 sessions for read:user...
2025-11-10 20:37:28.934 [info] Getting sessions for user:email...
2025-11-10 20:37:28.934 [info] Got 1 sessions for user:email...
2025-11-10 20:37:29.363 [info] Getting sessions for read:user,repo,user:email,workflow...
2025-11-10 20:37:29.363 [info] Got 0 sessions for read:user,repo,user:email,workflow...
2025-11-10 20:37:29.364 [info] Getting sessions for read:user...
2025-11-10 20:37:29.364 [info] Got 0 sessions for read:user...
2025-11-10 20:37:29.366 [info] Getting sessions for user:email...
2025-11-10 20:37:29.367 [info] Got 1 sessions for user:email...
2025-11-10 20:37:30.046 [info] Getting sessions for read:user,repo,user:email,workflow...
2025-11-10 20:37:30.046 [info] Got 0 sessions for read:user,repo,user:email,workflow...
2025-11-10 20:37:30.047 [info] Getting sessions for read:user...
2025-11-10 20:37:30.047 [info] Got 0 sessions for read:user...
2025-11-10 20:37:30.048 [info] Getting sessions for user:email...
2025-11-10 20:37:30.048 [info] Got 1 sessions for user:email...
2025-11-10 20:37:31.952 [info] Getting sessions for read:user,repo,user:email,workflow...
2025-11-10 20:37:31.952 [info] Got 0 sessions for read:user,repo,user:email,workflow...
2025-11-10 20:37:31.953 [info] Getting sessions for read:user...
2025-11-10 20:37:31.953 [info] Got 0 sessions for read:user...
2025-11-10 20:37:31.953 [info] Getting sessions for user:email...
2025-11-10 20:37:31.953 [info] Got 1 sessions for user:email...
2025-11-10 20:37:32.695 [info] Getting sessions for read:user,repo,user:email,workflow...
2025-11-10 20:37:32.695 [info] Got 0 sessions for read:user,repo,user:email,workflow...
2025-11-10 20:37:32.696 [info] Getting sessions for read:user...
2025-11-10 20:37:32.696 [info] Got 0 sessions for read:user...
2025-11-10 20:37:32.697 [info] Getting sessions for user:email...
2025-11-10 20:37:32.697 [info] Got 1 sessions for user:email...
