2025-08-02 20:22:14.992 [info] [main] Log level: Info
2025-08-02 20:22:14.992 [info] [main] Validating found git in: "git"
2025-08-02 20:22:14.992 [info] [main] Using git "2.50.1" from "git"
2025-08-02 20:22:14.992 [info] [Model][doInitialScan] Initial repository scan started
2025-08-02 20:22:14.992 [info] > git rev-parse --show-toplevel [19ms]
2025-08-02 20:22:14.992 [info] fatal: not a git repository (or any parent up to mount point /)
Stopping at filesystem boundary (GIT_DISCOVERY_ACROSS_FILESYSTEM not set).
2025-08-02 20:22:14.992 [info] > git rev-parse --show-toplevel [2ms]
2025-08-02 20:22:14.992 [info] fatal: not a git repository (or any parent up to mount point /)
Stopping at filesystem boundary (GIT_DISCOVERY_ACROSS_FILESYSTEM not set).
2025-08-02 20:22:14.992 [info] > git rev-parse --show-toplevel [2ms]
2025-08-02 20:22:14.992 [info] fatal: not a git repository (or any parent up to mount point /)
Stopping at filesystem boundary (GIT_DISCOVERY_ACROSS_FILESYSTEM not set).
2025-08-02 20:22:14.992 [info] > git rev-parse --show-toplevel [2ms]
2025-08-02 20:22:14.992 [info] fatal: not a git repository (or any parent up to mount point /)
Stopping at filesystem boundary (GIT_DISCOVERY_ACROSS_FILESYSTEM not set).
2025-08-02 20:22:14.992 [info] > git rev-parse --show-toplevel [2ms]
2025-08-02 20:22:14.992 [info] fatal: not a git repository (or any parent up to mount point /)
Stopping at filesystem boundary (GIT_DISCOVERY_ACROSS_FILESYSTEM not set).
2025-08-02 20:22:14.992 [info] > git rev-parse --show-toplevel [2ms]
2025-08-02 20:22:14.992 [info] fatal: not a git repository (or any parent up to mount point /)
Stopping at filesystem boundary (GIT_DISCOVERY_ACROSS_FILESYSTEM not set).
2025-08-02 20:22:14.992 [info] [Model][doInitialScan] Initial repository scan completed - repositories (0), closed repositories (0), parent repositories (0), unsafe repositories (0)
2025-08-02 20:22:15.424 [info] > git rev-parse --show-toplevel [9ms]
2025-08-02 20:22:15.424 [info] fatal: not a git repository (or any parent up to mount point /)
Stopping at filesystem boundary (GIT_DISCOVERY_ACROSS_FILESYSTEM not set).
2025-08-02 20:22:16.195 [info] > git rev-parse --show-toplevel [2ms]
2025-08-02 20:22:16.195 [info] fatal: not a git repository (or any parent up to mount point /)
Stopping at filesystem boundary (GIT_DISCOVERY_ACROSS_FILESYSTEM not set).
2025-08-02 20:22:19.326 [info] > git rev-parse --show-toplevel [1ms]
2025-08-02 20:22:19.326 [info] fatal: not a git repository (or any parent up to mount point /)
Stopping at filesystem boundary (GIT_DISCOVERY_ACROSS_FILESYSTEM not set).
2025-08-02 20:22:20.542 [info] > git rev-parse --show-toplevel [1ms]
2025-08-02 20:22:20.542 [info] fatal: not a git repository (or any parent up to mount point /)
Stopping at filesystem boundary (GIT_DISCOVERY_ACROSS_FILESYSTEM not set).
2025-08-02 20:22:22.921 [info] > git rev-parse --show-toplevel [2ms]
2025-08-02 20:22:22.921 [info] fatal: not a git repository (or any parent up to mount point /)
Stopping at filesystem boundary (GIT_DISCOVERY_ACROSS_FILESYSTEM not set).
2025-08-02 20:22:23.843 [info] > git rev-parse --show-toplevel [1ms]
2025-08-02 20:22:23.843 [info] fatal: not a git repository (or any parent up to mount point /)
Stopping at filesystem boundary (GIT_DISCOVERY_ACROSS_FILESYSTEM not set).
2025-08-02 20:22:24.294 [info] > git rev-parse --show-toplevel [15ms]
2025-08-02 20:22:24.294 [info] fatal: not a git repository (or any parent up to mount point /)
Stopping at filesystem boundary (GIT_DISCOVERY_ACROSS_FILESYSTEM not set).
2025-08-02 20:22:24.795 [info] > git rev-parse --show-toplevel [2ms]
2025-08-02 20:22:24.795 [info] fatal: not a git repository (or any parent up to mount point /)
Stopping at filesystem boundary (GIT_DISCOVERY_ACROSS_FILESYSTEM not set).
2025-08-02 20:22:28.551 [info] > git rev-parse --show-toplevel [2ms]
2025-08-02 20:22:28.551 [info] fatal: not a git repository (or any parent up to mount point /)
Stopping at filesystem boundary (GIT_DISCOVERY_ACROSS_FILESYSTEM not set).
2025-08-02 20:22:34.153 [info] > git rev-parse --show-toplevel [2ms]
2025-08-02 20:22:34.153 [info] fatal: not a git repository (or any parent up to mount point /)
Stopping at filesystem boundary (GIT_DISCOVERY_ACROSS_FILESYSTEM not set).
2025-08-02 20:24:01.066 [info] > git rev-parse --show-toplevel [17ms]
2025-08-02 20:24:01.077 [info] > git rev-parse --git-dir --git-common-dir [4ms]
2025-08-02 20:24:01.089 [info] [Model][openRepository] Opened repository (path): /home/user/homelab
2025-08-02 20:24:01.089 [info] [Model][openRepository] Opened repository (real path): /home/user/homelab
2025-08-02 20:24:01.105 [info] > git config --get commit.template [9ms]
2025-08-02 20:24:01.114 [info] [Git][getRemotes] No remotes found in the git config file
2025-08-02 20:24:01.114 [info] > git for-each-ref --format=%(refname)%00%(upstream:short)%00%(objectname)%00%(upstream:track)%00%(upstream:remotename)%00%(upstream:remoteref) refs/heads/master refs/remotes/master [1ms]
2025-08-02 20:24:01.115 [warning] [Git][getBranch] No such branch: master
2025-08-02 20:24:01.128 [info] > git status -z -uall [7ms]
2025-08-02 20:24:01.129 [info] > git for-each-ref --sort -committerdate --format %(refname)%00%(objectname)%00%(*objectname) [1ms]
2025-08-02 20:24:01.148 [info] > git for-each-ref --format=%(refname)%00%(upstream:short)%00%(objectname)%00%(upstream:track)%00%(upstream:remotename)%00%(upstream:remoteref) refs/heads/master refs/remotes/master [9ms]
2025-08-02 20:24:01.148 [warning] [Git][getBranch] No such branch: master
2025-08-02 20:24:01.149 [error] [GitHistoryProvider][resolveHEADMergeBase] Failed to resolve merge base for master: Error: No such branch: master.
2025-08-02 20:24:01.152 [info] > git config --get commit.template [4ms]
2025-08-02 20:24:01.157 [info] [Git][getRemotes] No remotes found in the git config file
2025-08-02 20:24:01.158 [info] > git for-each-ref --format=%(refname)%00%(upstream:short)%00%(objectname)%00%(upstream:track)%00%(upstream:remotename)%00%(upstream:remoteref) refs/heads/master refs/remotes/master [1ms]
2025-08-02 20:24:01.158 [warning] [Git][getBranch] No such branch: master
2025-08-02 20:24:01.168 [info] > git status -z -uall [6ms]
2025-08-02 20:24:01.168 [info] > git for-each-ref --sort -committerdate --format %(refname)%00%(objectname)%00%(*objectname) [1ms]
2025-08-02 20:24:01.614 [info] > git check-ignore -v -z --stdin [1ms]
2025-08-02 20:24:12.787 [info] [Git][getRemotes] No remotes found in the git config file
2025-08-02 20:24:12.787 [info] > git config --get commit.template [7ms]
2025-08-02 20:24:12.788 [info] > git for-each-ref --format=%(refname)%00%(upstream:short)%00%(objectname)%00%(upstream:track)%00%(upstream:remotename)%00%(upstream:remoteref) refs/heads/master refs/remotes/master [1ms]
2025-08-02 20:24:12.788 [warning] [Git][getBranch] No such branch: master
2025-08-02 20:24:12.799 [info] > git status -z -uall [6ms]
2025-08-02 20:24:12.800 [info] > git for-each-ref --sort -committerdate --format %(refname)%00%(objectname)%00%(*objectname) [1ms]
2025-08-02 20:24:43.009 [info] [Git][getRemotes] No remotes found in the git config file
2025-08-02 20:24:43.010 [info] > git config --get commit.template [6ms]
2025-08-02 20:24:43.010 [info] > git for-each-ref --format=%(refname)%00%(upstream:short)%00%(objectname)%00%(upstream:track)%00%(upstream:remotename)%00%(upstream:remoteref) refs/heads/main refs/remotes/main [1ms]
2025-08-02 20:24:43.010 [warning] [Git][getBranch] No such branch: main
2025-08-02 20:24:43.020 [info] > git status -z -uall [5ms]
2025-08-02 20:24:43.021 [info] > git for-each-ref --sort -committerdate --format %(refname)%00%(objectname)%00%(*objectname) [1ms]
2025-08-02 20:24:43.031 [info] > git for-each-ref --format=%(refname)%00%(upstream:short)%00%(objectname)%00%(upstream:track)%00%(upstream:remotename)%00%(upstream:remoteref) refs/heads/main refs/remotes/main [2ms]
2025-08-02 20:24:43.031 [warning] [Git][getBranch] No such branch: main
2025-08-02 20:24:43.031 [error] [GitHistoryProvider][resolveHEADMergeBase] Failed to resolve merge base for main: Error: No such branch: main.
2025-08-02 20:24:48.398 [info] [Git][getRemotes] No remotes found in the git config file
2025-08-02 20:24:48.398 [info] > git config --get commit.template [5ms]
2025-08-02 20:24:48.398 [info] > git for-each-ref --format=%(refname)%00%(upstream:short)%00%(objectname)%00%(upstream:track)%00%(upstream:remotename)%00%(upstream:remoteref) refs/heads/main refs/remotes/main [0ms]
2025-08-02 20:24:48.399 [warning] [Git][getBranch] No such branch: main
2025-08-02 20:24:48.408 [info] > git status -z -uall [5ms]
2025-08-02 20:24:48.408 [info] > git for-each-ref --sort -committerdate --format %(refname)%00%(objectname)%00%(*objectname) [1ms]
2025-08-02 20:25:05.790 [info] > git check-ignore -v -z --stdin [1ms]
2025-08-02 20:25:10.280 [info] > git show --textconv :lenses/app/.env [7ms]
2025-08-02 20:25:10.285 [info] > git ls-files --stage -- lenses/app/.env [6ms]
2025-08-02 20:25:10.291 [info] > git hash-object -t tree /dev/null [6ms]
2025-08-02 20:25:10.292 [warning] [GitFileSystemProvider][readFile] File not found - git:/home/user/homelab/lenses/app/.env.git?%7B%22path%22%3A%22%2Fhome%2Fuser%2Fhomelab%2Flenses%2Fapp%2F.env%22%2C%22ref%22%3A%22%22%7D
2025-08-02 20:25:10.293 [info] > git hash-object -t tree /dev/null [2ms]
2025-08-02 20:25:10.293 [warning] [GitFileSystemProvider][stat] File not found - git:/home/user/homelab/lenses/app/.env.git?%7B%22path%22%3A%22%2Fhome%2Fuser%2Fhomelab%2Flenses%2Fapp%2F.env%22%2C%22ref%22%3A%22%22%7D
2025-08-02 20:25:53.974 [info] > git config --get commit.template [1ms]
2025-08-02 20:25:53.982 [info] > git for-each-ref --format=%(refname)%00%(upstream:short)%00%(objectname)%00%(upstream:track)%00%(upstream:remotename)%00%(upstream:remoteref) refs/heads/main refs/remotes/main [2ms]
2025-08-02 20:25:53.994 [info] > git status -z -uall [7ms]
2025-08-02 20:25:53.995 [info] > git for-each-ref --sort -committerdate --format %(refname)%00%(objectname)%00%(*objectname) [2ms]
2025-08-02 20:25:54.009 [info] > git blame --root --incremental 051ff69fb2ac4d04431c094f69ff4ffe7a628174 -- lenses/app/.env [1ms]
2025-08-02 20:25:54.009 [info] fatal: no such path lenses/app/.env in 051ff69fb2ac4d04431c094f69ff4ffe7a628174
2025-08-02 20:25:56.576 [info] > git show --textconv :lenses/app/lenses_bot.py [6ms]
2025-08-02 20:25:56.578 [info] > git ls-files --stage -- lenses/app/lenses_bot.py [2ms]
2025-08-02 20:25:56.585 [info] > git cat-file -s 986424a7cc7b2927f65601f9fcb6d37927576d83 [1ms]
2025-08-02 20:25:56.604 [info] > git blame --root --incremental 051ff69fb2ac4d04431c094f69ff4ffe7a628174 -- lenses/app/lenses_bot.py [2ms]
2025-08-02 20:25:56.968 [info] > git show --textconv :lenses/app/example.env [6ms]
2025-08-02 20:25:56.969 [info] > git ls-files --stage -- lenses/app/example.env [1ms]
2025-08-02 20:25:56.974 [info] > git cat-file -s 6a0a209c0d08b46fbbb650be482d07354ee21893 [1ms]
2025-08-02 20:25:56.985 [info] > git blame --root --incremental 051ff69fb2ac4d04431c094f69ff4ffe7a628174 -- lenses/app/example.env [2ms]
2025-08-02 20:25:57.961 [info] > git show --textconv :lenses/app/lenses_bot.py [7ms]
2025-08-02 20:25:57.962 [info] > git ls-files --stage -- lenses/app/lenses_bot.py [1ms]
2025-08-02 20:25:57.968 [info] > git cat-file -s 986424a7cc7b2927f65601f9fcb6d37927576d83 [1ms]
2025-08-02 20:25:59.012 [info] > git config --get commit.template [6ms]
2025-08-02 20:25:59.013 [info] > git for-each-ref --format=%(refname)%00%(upstream:short)%00%(objectname)%00%(upstream:track)%00%(upstream:remotename)%00%(upstream:remoteref) refs/heads/main refs/remotes/main [1ms]
2025-08-02 20:25:59.023 [info] > git status -z -uall [5ms]
2025-08-02 20:25:59.024 [info] > git for-each-ref --sort -committerdate --format %(refname)%00%(objectname)%00%(*objectname) [2ms]
2025-08-02 20:26:11.538 [info] > git show --textconv :lenses/Dockerfile [7ms]
2025-08-02 20:26:11.540 [info] > git ls-files --stage -- lenses/Dockerfile [2ms]
2025-08-02 20:26:11.546 [info] > git cat-file -s e69de29bb2d1d6434b8b29ae775ad8c2e48c5391 [1ms]
2025-08-02 20:26:12.183 [info] > git blame --root --incremental 051ff69fb2ac4d04431c094f69ff4ffe7a628174 -- lenses/Dockerfile [1ms]
2025-08-02 20:26:25.954 [info] > git show --textconv :lenses/app/lenses_bot.py [8ms]
2025-08-02 20:26:25.955 [info] > git ls-files --stage -- lenses/app/lenses_bot.py [2ms]
2025-08-02 20:26:25.960 [info] > git cat-file -s 986424a7cc7b2927f65601f9fcb6d37927576d83 [1ms]
2025-08-02 20:26:27.358 [info] > git show --textconv :lenses/Dockerfile [6ms]
2025-08-02 20:26:27.359 [info] > git ls-files --stage -- lenses/Dockerfile [1ms]
2025-08-02 20:26:27.366 [info] > git cat-file -s e69de29bb2d1d6434b8b29ae775ad8c2e48c5391 [2ms]
2025-08-02 20:26:30.950 [info] > git config --get commit.template [6ms]
2025-08-02 20:26:30.951 [info] > git for-each-ref --format=%(refname)%00%(upstream:short)%00%(objectname)%00%(upstream:track)%00%(upstream:remotename)%00%(upstream:remoteref) refs/heads/main refs/remotes/main [1ms]
2025-08-02 20:26:30.962 [info] > git status -z -uall [6ms]
2025-08-02 20:26:30.962 [info] > git for-each-ref --sort -committerdate --format %(refname)%00%(objectname)%00%(*objectname) [1ms]
2025-08-02 20:26:42.627 [info] > git config --get commit.template [6ms]
2025-08-02 20:26:42.628 [info] > git for-each-ref --format=%(refname)%00%(upstream:short)%00%(objectname)%00%(upstream:track)%00%(upstream:remotename)%00%(upstream:remoteref) refs/heads/main refs/remotes/main [1ms]
2025-08-02 20:26:42.639 [info] > git status -z -uall [6ms]
2025-08-02 20:26:42.640 [info] > git for-each-ref --sort -committerdate --format %(refname)%00%(objectname)%00%(*objectname) [2ms]
2025-08-02 20:27:30.742 [info] > git config --get commit.template [5ms]
2025-08-02 20:27:30.743 [info] > git for-each-ref --format=%(refname)%00%(upstream:short)%00%(objectname)%00%(upstream:track)%00%(upstream:remotename)%00%(upstream:remoteref) refs/heads/main refs/remotes/main [1ms]
2025-08-02 20:27:30.754 [info] > git status -z -uall [6ms]
2025-08-02 20:27:30.754 [info] > git for-each-ref --sort -committerdate --format %(refname)%00%(objectname)%00%(*objectname) [1ms]
2025-08-02 20:27:39.658 [info] > git show --textconv :lenses/requirements.txt [6ms]
2025-08-02 20:27:39.658 [warning] [GitFileSystemProvider][readFile] File not found - git:/home/user/homelab/lenses/requirements.txt.git?%7B%22path%22%3A%22%2Fhome%2Fuser%2Fhomelab%2Flenses%2Frequirements.txt%22%2C%22ref%22%3A%22%22%7D
2025-08-02 20:27:39.659 [info] > git ls-files --stage -- lenses/requirements.txt [2ms]
2025-08-02 20:27:39.659 [warning] [GitFileSystemProvider][stat] File not found - git:/home/user/homelab/lenses/requirements.txt.git?%7B%22path%22%3A%22%2Fhome%2Fuser%2Fhomelab%2Flenses%2Frequirements.txt%22%2C%22ref%22%3A%22%22%7D
2025-08-02 20:27:39.906 [info] > git check-ignore -v -z --stdin [0ms]
2025-08-02 20:27:40.555 [info] > git config --get commit.template [4ms]
2025-08-02 20:27:40.556 [info] > git for-each-ref --format=%(refname)%00%(upstream:short)%00%(objectname)%00%(upstream:track)%00%(upstream:remotename)%00%(upstream:remoteref) refs/heads/main refs/remotes/main [1ms]
2025-08-02 20:27:40.566 [info] > git status -z -uall [6ms]
2025-08-02 20:27:40.566 [info] > git for-each-ref --sort -committerdate --format %(refname)%00%(objectname)%00%(*objectname) [1ms]
2025-08-02 20:27:59.778 [info] > git check-ignore -v -z --stdin [1ms]
2025-08-02 20:28:00.321 [info] > git config --get commit.template [4ms]
2025-08-02 20:28:00.322 [info] > git for-each-ref --format=%(refname)%00%(upstream:short)%00%(objectname)%00%(upstream:track)%00%(upstream:remotename)%00%(upstream:remoteref) refs/heads/main refs/remotes/main [1ms]
2025-08-02 20:28:00.330 [info] > git status -z -uall [5ms]
2025-08-02 20:28:00.330 [info] > git for-each-ref --sort -committerdate --format %(refname)%00%(objectname)%00%(*objectname) [1ms]
2025-08-02 20:28:11.037 [info] > git check-ignore -v -z --stdin [1ms]
2025-08-02 20:28:11.607 [info] > git config --get commit.template [5ms]
2025-08-02 20:28:11.608 [info] > git for-each-ref --format=%(refname)%00%(upstream:short)%00%(objectname)%00%(upstream:track)%00%(upstream:remotename)%00%(upstream:remoteref) refs/heads/main refs/remotes/main [1ms]
2025-08-02 20:28:11.616 [info] > git status -z -uall [5ms]
2025-08-02 20:28:11.616 [info] > git for-each-ref --sort -committerdate --format %(refname)%00%(objectname)%00%(*objectname) [1ms]
2025-08-02 20:28:13.245 [info] > git check-ignore -v -z --stdin [1ms]
2025-08-02 20:28:15.796 [info] > git show --textconv :lenses/Dockerfile [7ms]
2025-08-02 20:28:15.797 [info] > git ls-files --stage -- lenses/Dockerfile [2ms]
2025-08-02 20:28:15.803 [info] > git cat-file -s e69de29bb2d1d6434b8b29ae775ad8c2e48c5391 [1ms]
2025-08-02 20:28:16.630 [info] > git config --get commit.template [6ms]
2025-08-02 20:28:16.630 [info] > git for-each-ref --format=%(refname)%00%(upstream:short)%00%(objectname)%00%(upstream:track)%00%(upstream:remotename)%00%(upstream:remoteref) refs/heads/main refs/remotes/main [1ms]
2025-08-02 20:28:16.641 [info] > git status -z -uall [6ms]
2025-08-02 20:28:16.641 [info] > git for-each-ref --sort -committerdate --format %(refname)%00%(objectname)%00%(*objectname) [1ms]
2025-08-02 20:28:23.392 [info] > git show --textconv :lenses/Dockerfile [6ms]
2025-08-02 20:28:23.393 [info] > git ls-files --stage -- lenses/Dockerfile [1ms]
2025-08-02 20:28:23.399 [info] > git cat-file -s e69de29bb2d1d6434b8b29ae775ad8c2e48c5391 [1ms]
2025-08-02 20:28:27.005 [info] > git show --textconv :lenses/Dockerfile [6ms]
2025-08-02 20:28:27.006 [info] > git ls-files --stage -- lenses/Dockerfile [2ms]
2025-08-02 20:28:27.011 [info] > git cat-file -s e69de29bb2d1d6434b8b29ae775ad8c2e48c5391 [1ms]
2025-08-02 20:28:45.739 [info] > git config --get commit.template [4ms]
2025-08-02 20:28:45.740 [info] > git for-each-ref --format=%(refname)%00%(upstream:short)%00%(objectname)%00%(upstream:track)%00%(upstream:remotename)%00%(upstream:remoteref) refs/heads/main refs/remotes/main [1ms]
2025-08-02 20:28:45.749 [info] > git status -z -uall [5ms]
2025-08-02 20:28:45.749 [info] > git for-each-ref --sort -committerdate --format %(refname)%00%(objectname)%00%(*objectname) [1ms]
2025-08-02 20:29:55.216 [info] > git config --get commit.template [6ms]
2025-08-02 20:29:55.216 [info] > git for-each-ref --format=%(refname)%00%(upstream:short)%00%(objectname)%00%(upstream:track)%00%(upstream:remotename)%00%(upstream:remoteref) refs/heads/main refs/remotes/main [1ms]
2025-08-02 20:29:55.226 [info] > git status -z -uall [5ms]
2025-08-02 20:29:55.227 [info] > git for-each-ref --sort -committerdate --format %(refname)%00%(objectname)%00%(*objectname) [2ms]
2025-08-02 20:30:00.424 [info] > git config --get commit.template [5ms]
2025-08-02 20:30:00.424 [info] > git for-each-ref --format=%(refname)%00%(upstream:short)%00%(objectname)%00%(upstream:track)%00%(upstream:remotename)%00%(upstream:remoteref) refs/heads/main refs/remotes/main [1ms]
2025-08-02 20:30:00.435 [info] > git status -z -uall [6ms]
2025-08-02 20:30:00.436 [info] > git for-each-ref --sort -committerdate --format %(refname)%00%(objectname)%00%(*objectname) [1ms]
2025-08-02 20:30:00.760 [info] > git show --textconv :lenses/Dockerfile [6ms]
2025-08-02 20:30:00.761 [info] > git ls-files --stage -- lenses/Dockerfile [2ms]
2025-08-02 20:30:00.766 [info] > git cat-file -s e69de29bb2d1d6434b8b29ae775ad8c2e48c5391 [1ms]
2025-08-02 20:30:04.540 [info] > git check-ignore -v -z --stdin [2ms]
2025-08-02 20:30:05.451 [info] > git config --get commit.template [3ms]
2025-08-02 20:30:05.451 [info] > git for-each-ref --format=%(refname)%00%(upstream:short)%00%(objectname)%00%(upstream:track)%00%(upstream:remotename)%00%(upstream:remoteref) refs/heads/main refs/remotes/main [1ms]
2025-08-02 20:30:05.459 [info] > git status -z -uall [5ms]
2025-08-02 20:30:05.460 [info] > git for-each-ref --sort -committerdate --format %(refname)%00%(objectname)%00%(*objectname) [2ms]
2025-08-02 20:30:10.841 [info] > git config --get commit.template [6ms]
2025-08-02 20:30:10.841 [info] > git for-each-ref --format=%(refname)%00%(upstream:short)%00%(objectname)%00%(upstream:track)%00%(upstream:remotename)%00%(upstream:remoteref) refs/heads/main refs/remotes/main [1ms]
2025-08-02 20:30:10.851 [info] > git status -z -uall [4ms]
2025-08-02 20:30:10.851 [info] > git for-each-ref --sort -committerdate --format %(refname)%00%(objectname)%00%(*objectname) [1ms]
2025-08-02 20:49:49.207 [info] > git config --get commit.template [6ms]
2025-08-02 20:49:49.208 [info] > git for-each-ref --format=%(refname)%00%(upstream:short)%00%(objectname)%00%(upstream:track)%00%(upstream:remotename)%00%(upstream:remoteref) refs/heads/main refs/remotes/main [1ms]
2025-08-02 20:49:49.220 [info] > git status -z -uall [7ms]
2025-08-02 20:49:49.221 [info] > git for-each-ref --sort -committerdate --format %(refname)%00%(objectname)%00%(*objectname) [1ms]
2025-08-02 20:49:52.146 [info] > git show --textconv :lenses/Dockerfile [5ms]
2025-08-02 20:49:52.147 [info] > git ls-files --stage -- lenses/Dockerfile [1ms]
2025-08-02 20:49:52.153 [info] > git cat-file -s e69de29bb2d1d6434b8b29ae775ad8c2e48c5391 [1ms]
2025-08-02 20:49:54.237 [info] > git config --get commit.template [6ms]
2025-08-02 20:49:54.238 [info] > git for-each-ref --format=%(refname)%00%(upstream:short)%00%(objectname)%00%(upstream:track)%00%(upstream:remotename)%00%(upstream:remoteref) refs/heads/main refs/remotes/main [1ms]
2025-08-02 20:49:54.249 [info] > git status -z -uall [6ms]
2025-08-02 20:49:54.250 [info] > git for-each-ref --sort -committerdate --format %(refname)%00%(objectname)%00%(*objectname) [1ms]
2025-08-02 20:50:26.651 [info] > git config --get commit.template [6ms]
2025-08-02 20:50:26.651 [info] > git for-each-ref --format=%(refname)%00%(upstream:short)%00%(objectname)%00%(upstream:track)%00%(upstream:remotename)%00%(upstream:remoteref) refs/heads/main refs/remotes/main [1ms]
2025-08-02 20:50:26.663 [info] > git status -z -uall [6ms]
2025-08-02 20:50:26.664 [info] > git for-each-ref --sort -committerdate --format %(refname)%00%(objectname)%00%(*objectname) [1ms]
2025-08-02 20:51:21.560 [info] > git config --get commit.template [6ms]
2025-08-02 20:51:21.560 [info] > git for-each-ref --format=%(refname)%00%(upstream:short)%00%(objectname)%00%(upstream:track)%00%(upstream:remotename)%00%(upstream:remoteref) refs/heads/main refs/remotes/main [1ms]
2025-08-02 20:51:21.573 [info] > git status -z -uall [7ms]
2025-08-02 20:51:21.574 [info] > git for-each-ref --sort -committerdate --format %(refname)%00%(objectname)%00%(*objectname) [2ms]
2025-08-02 20:52:00.892 [info] > git config --get commit.template [8ms]
2025-08-02 20:52:00.892 [info] > git for-each-ref --format=%(refname)%00%(upstream:short)%00%(objectname)%00%(upstream:track)%00%(upstream:remotename)%00%(upstream:remoteref) refs/heads/main refs/remotes/main [1ms]
2025-08-02 20:52:00.904 [info] > git status -z -uall [6ms]
2025-08-02 20:52:00.905 [info] > git for-each-ref --sort -committerdate --format %(refname)%00%(objectname)%00%(*objectname) [1ms]
2025-08-02 20:58:04.777 [info] > git config --get commit.template [7ms]
2025-08-02 20:58:04.778 [info] > git for-each-ref --format=%(refname)%00%(upstream:short)%00%(objectname)%00%(upstream:track)%00%(upstream:remotename)%00%(upstream:remoteref) refs/heads/main refs/remotes/main [2ms]
2025-08-02 20:58:04.790 [info] > git status -z -uall [7ms]
2025-08-02 20:58:04.790 [info] > git for-each-ref --sort -committerdate --format %(refname)%00%(objectname)%00%(*objectname) [1ms]
2025-08-02 21:01:28.869 [info] > git show --textconv :lenses/app/lenses_bot.py [7ms]
2025-08-02 21:01:28.870 [info] > git ls-files --stage -- lenses/app/lenses_bot.py [1ms]
2025-08-02 21:01:28.878 [info] > git cat-file -s 986424a7cc7b2927f65601f9fcb6d37927576d83 [2ms]
2025-08-02 21:01:55.268 [info] > git config --get commit.template [1ms]
2025-08-02 21:01:55.275 [info] > git for-each-ref --format=%(refname)%00%(upstream:short)%00%(objectname)%00%(upstream:track)%00%(upstream:remotename)%00%(upstream:remoteref) refs/heads/main refs/remotes/main [1ms]
2025-08-02 21:01:55.286 [info] > git status -z -uall [5ms]
2025-08-02 21:01:55.287 [info] > git for-each-ref --sort -committerdate --format %(refname)%00%(objectname)%00%(*objectname) [1ms]
2025-08-02 21:02:07.884 [info] > git show --textconv :lenses/app/docker-compose.yaml [4ms]
2025-08-02 21:02:07.885 [warning] [GitFileSystemProvider][readFile] File not found - git:/home/user/homelab/lenses/app/docker-compose.yaml.git?%7B%22path%22%3A%22%2Fhome%2Fuser%2Fhomelab%2Flenses%2Fapp%2Fdocker-compose.yaml%22%2C%22ref%22%3A%22%22%7D
2025-08-02 21:02:07.886 [info] > git ls-files --stage -- lenses/app/docker-compose.yaml [2ms]
2025-08-02 21:02:07.886 [warning] [GitFileSystemProvider][stat] File not found - git:/home/user/homelab/lenses/app/docker-compose.yaml.git?%7B%22path%22%3A%22%2Fhome%2Fuser%2Fhomelab%2Flenses%2Fapp%2Fdocker-compose.yaml%22%2C%22ref%22%3A%22%22%7D
2025-08-02 21:02:08.167 [info] > git check-ignore -v -z --stdin [1ms]
2025-08-02 21:02:08.748 [info] > git config --get commit.template [6ms]
2025-08-02 21:02:08.749 [info] > git for-each-ref --format=%(refname)%00%(upstream:short)%00%(objectname)%00%(upstream:track)%00%(upstream:remotename)%00%(upstream:remoteref) refs/heads/main refs/remotes/main [1ms]
2025-08-02 21:02:08.760 [info] > git status -z -uall [6ms]
2025-08-02 21:02:08.760 [info] > git for-each-ref --sort -committerdate --format %(refname)%00%(objectname)%00%(*objectname) [1ms]
2025-08-02 21:02:57.638 [info] > git config --get commit.template [5ms]
2025-08-02 21:02:57.639 [info] > git for-each-ref --format=%(refname)%00%(upstream:short)%00%(objectname)%00%(upstream:track)%00%(upstream:remotename)%00%(upstream:remoteref) refs/heads/main refs/remotes/main [1ms]
2025-08-02 21:02:57.647 [info] > git status -z -uall [4ms]
2025-08-02 21:02:57.649 [info] > git for-each-ref --sort -committerdate --format %(refname)%00%(objectname)%00%(*objectname) [2ms]
2025-08-02 21:03:02.664 [info] > git config --get commit.template [6ms]
2025-08-02 21:03:02.664 [info] > git for-each-ref --format=%(refname)%00%(upstream:short)%00%(objectname)%00%(upstream:track)%00%(upstream:remotename)%00%(upstream:remoteref) refs/heads/main refs/remotes/main [1ms]
2025-08-02 21:03:02.673 [info] > git status -z -uall [4ms]
2025-08-02 21:03:02.674 [info] > git for-each-ref --sort -committerdate --format %(refname)%00%(objectname)%00%(*objectname) [1ms]
2025-08-02 21:03:08.627 [info] > git config --get commit.template [6ms]
2025-08-02 21:03:08.628 [info] > git for-each-ref --format=%(refname)%00%(upstream:short)%00%(objectname)%00%(upstream:track)%00%(upstream:remotename)%00%(upstream:remoteref) refs/heads/main refs/remotes/main [1ms]
2025-08-02 21:03:08.639 [info] > git status -z -uall [6ms]
2025-08-02 21:03:08.640 [info] > git for-each-ref --sort -committerdate --format %(refname)%00%(objectname)%00%(*objectname) [2ms]
2025-08-02 21:03:22.752 [info] > git config --get commit.template [6ms]
2025-08-02 21:03:22.752 [info] > git for-each-ref --format=%(refname)%00%(upstream:short)%00%(objectname)%00%(upstream:track)%00%(upstream:remotename)%00%(upstream:remoteref) refs/heads/main refs/remotes/main [1ms]
2025-08-02 21:03:22.760 [info] > git status -z -uall [4ms]
2025-08-02 21:03:22.761 [info] > git for-each-ref --sort -committerdate --format %(refname)%00%(objectname)%00%(*objectname) [1ms]
2025-08-02 21:03:23.484 [info] > git show --textconv :lenses/docker-compose.yaml [6ms]
2025-08-02 21:03:23.484 [warning] [GitFileSystemProvider][readFile] File not found - git:/home/user/homelab/lenses/docker-compose.yaml.git?%7B%22path%22%3A%22%2Fhome%2Fuser%2Fhomelab%2Flenses%2Fdocker-compose.yaml%22%2C%22ref%22%3A%22%22%7D
2025-08-02 21:03:23.485 [info] > git ls-files --stage -- lenses/docker-compose.yaml [2ms]
2025-08-02 21:03:23.485 [warning] [GitFileSystemProvider][stat] File not found - git:/home/user/homelab/lenses/docker-compose.yaml.git?%7B%22path%22%3A%22%2Fhome%2Fuser%2Fhomelab%2Flenses%2Fdocker-compose.yaml%22%2C%22ref%22%3A%22%22%7D
2025-08-02 21:03:23.494 [info] > git blame --root --incremental 051ff69fb2ac4d04431c094f69ff4ffe7a628174 -- lenses/docker-compose.yaml [1ms]
2025-08-02 21:03:23.494 [info] fatal: no such path lenses/docker-compose.yaml in 051ff69fb2ac4d04431c094f69ff4ffe7a628174
2025-08-02 21:03:23.754 [info] > git check-ignore -v -z --stdin [1ms]
2025-08-02 21:03:35.074 [info] > git config --get commit.template [1ms]
2025-08-02 21:03:35.082 [info] > git for-each-ref --format=%(refname)%00%(upstream:short)%00%(objectname)%00%(upstream:track)%00%(upstream:remotename)%00%(upstream:remoteref) refs/heads/main refs/remotes/main [2ms]
2025-08-02 21:03:35.093 [info] > git status -z -uall [6ms]
2025-08-02 21:03:35.094 [info] > git for-each-ref --sort -committerdate --format %(refname)%00%(objectname)%00%(*objectname) [2ms]
2025-08-02 21:03:47.237 [info] > git config --get commit.template [7ms]
2025-08-02 21:03:47.237 [info] > git for-each-ref --format=%(refname)%00%(upstream:short)%00%(objectname)%00%(upstream:track)%00%(upstream:remotename)%00%(upstream:remoteref) refs/heads/main refs/remotes/main [1ms]
2025-08-02 21:03:47.252 [info] > git status -z -uall [9ms]
2025-08-02 21:03:47.253 [info] > git for-each-ref --sort -committerdate --format %(refname)%00%(objectname)%00%(*objectname) [2ms]
2025-08-02 21:04:39.515 [info] > git show --textconv :lenses/app/example.env [6ms]
2025-08-02 21:04:39.516 [info] > git ls-files --stage -- lenses/app/example.env [1ms]
2025-08-02 21:04:39.525 [info] > git cat-file -s 6a0a209c0d08b46fbbb650be482d07354ee21893 [2ms]
2025-08-02 21:04:40.053 [info] > git show --textconv :lenses/app/.env [7ms]
2025-08-02 21:04:40.053 [warning] [GitFileSystemProvider][readFile] File not found - git:/home/user/homelab/lenses/app/.env.git?%7B%22path%22%3A%22%2Fhome%2Fuser%2Fhomelab%2Flenses%2Fapp%2F.env%22%2C%22ref%22%3A%22%22%7D
2025-08-02 21:04:40.054 [info] > git ls-files --stage -- lenses/app/.env [2ms]
2025-08-02 21:04:40.054 [warning] [GitFileSystemProvider][stat] File not found - git:/home/user/homelab/lenses/app/.env.git?%7B%22path%22%3A%22%2Fhome%2Fuser%2Fhomelab%2Flenses%2Fapp%2F.env%22%2C%22ref%22%3A%22%22%7D
2025-08-02 21:04:41.187 [info] > git show --textconv :lenses/app/example.env [6ms]
2025-08-02 21:04:41.188 [info] > git ls-files --stage -- lenses/app/example.env [1ms]
2025-08-02 21:04:41.193 [info] > git cat-file -s 6a0a209c0d08b46fbbb650be482d07354ee21893 [1ms]
2025-08-02 21:04:42.008 [info] > git show --textconv :lenses/app/lenses_bot.py [5ms]
2025-08-02 21:04:42.009 [info] > git ls-files --stage -- lenses/app/lenses_bot.py [1ms]
2025-08-02 21:04:42.016 [info] > git cat-file -s 986424a7cc7b2927f65601f9fcb6d37927576d83 [1ms]
2025-08-02 21:04:48.310 [info] > git show --textconv :lenses/Dockerfile [5ms]
2025-08-02 21:04:48.311 [info] > git ls-files --stage -- lenses/Dockerfile [2ms]
2025-08-02 21:04:48.316 [info] > git cat-file -s e69de29bb2d1d6434b8b29ae775ad8c2e48c5391 [1ms]
2025-08-02 21:04:51.469 [info] > git show --textconv :.gitignore [5ms]
2025-08-02 21:04:51.470 [info] > git ls-files --stage -- .gitignore [1ms]
2025-08-02 21:04:51.475 [info] > git cat-file -s 1ccb922d22461e03c18a4dc256caeeb6f6a97984 [1ms]
2025-08-02 21:04:51.484 [info] > git blame --root --incremental 051ff69fb2ac4d04431c094f69ff4ffe7a628174 -- .gitignore [1ms]
2025-08-02 21:04:51.862 [info] > git config --get commit.template [6ms]
2025-08-02 21:04:51.862 [info] > git for-each-ref --format=%(refname)%00%(upstream:short)%00%(objectname)%00%(upstream:track)%00%(upstream:remotename)%00%(upstream:remoteref) refs/heads/main refs/remotes/main [1ms]
2025-08-02 21:04:51.870 [info] > git status -z -uall [5ms]
2025-08-02 21:04:51.871 [info] > git for-each-ref --sort -committerdate --format %(refname)%00%(objectname)%00%(*objectname) [1ms]
2025-08-02 21:04:54.367 [info] > git show --textconv :deploy_k8s.md [11ms]
2025-08-02 21:04:54.369 [info] > git ls-files --stage -- deploy_k8s.md [3ms]
2025-08-02 21:04:54.381 [info] > git cat-file -s 1ade972992634eaea94598517a684a7402ed6be7 [5ms]
2025-08-02 21:05:07.658 [info] > git show --textconv :.gitignore [6ms]
2025-08-02 21:05:07.659 [info] > git ls-files --stage -- .gitignore [1ms]
2025-08-02 21:05:07.665 [info] > git cat-file -s 1ccb922d22461e03c18a4dc256caeeb6f6a97984 [1ms]
2025-08-02 21:05:12.060 [info] > git show --textconv :tg_bots/time_test.py [6ms]
2025-08-02 21:05:12.061 [info] > git ls-files --stage -- tg_bots/time_test.py [1ms]
2025-08-02 21:05:12.066 [info] > git cat-file -s 34d7a1e9f5cce92c2e3261caecaa1c0d0fadb329 [1ms]
2025-08-02 21:05:12.077 [info] > git blame --root --incremental 051ff69fb2ac4d04431c094f69ff4ffe7a628174 -- tg_bots/time_test.py [2ms]
2025-08-02 21:05:14.206 [info] > git show --textconv :tg_bots/lenses_bot.py [5ms]
2025-08-02 21:05:14.207 [info] > git ls-files --stage -- tg_bots/lenses_bot.py [1ms]
2025-08-02 21:05:14.212 [info] > git cat-file -s 10aac8b81839cd47c436c075c1fee8c89316058a [1ms]
2025-08-02 21:05:14.223 [info] > git blame --root --incremental 051ff69fb2ac4d04431c094f69ff4ffe7a628174 -- tg_bots/lenses_bot.py [2ms]
2025-08-02 21:05:15.019 [info] > git show --textconv :tg_bots/time_test.py [7ms]
2025-08-02 21:05:15.020 [info] > git ls-files --stage -- tg_bots/time_test.py [1ms]
2025-08-02 21:05:15.026 [info] > git cat-file -s 34d7a1e9f5cce92c2e3261caecaa1c0d0fadb329 [2ms]
2025-08-02 21:05:17.064 [info] > git show --textconv :tg_bots/lenses_bot.py [7ms]
2025-08-02 21:05:17.065 [info] > git ls-files --stage -- tg_bots/lenses_bot.py [1ms]
2025-08-02 21:05:17.070 [info] > git cat-file -s 10aac8b81839cd47c436c075c1fee8c89316058a [1ms]
2025-08-02 21:16:04.092 [info] > git show --textconv :tg_bots/lenses_bot.py [5ms]
2025-08-02 21:16:04.092 [info] > git ls-files --stage -- tg_bots/lenses_bot.py [1ms]
2025-08-02 21:16:04.098 [info] > git cat-file -s 10aac8b81839cd47c436c075c1fee8c89316058a [2ms]
2025-08-02 21:23:21.968 [info] > git config --get commit.template [5ms]
2025-08-02 21:23:21.969 [info] > git for-each-ref --format=%(refname)%00%(upstream:short)%00%(objectname)%00%(upstream:track)%00%(upstream:remotename)%00%(upstream:remoteref) refs/heads/main refs/remotes/main [1ms]
2025-08-02 21:23:21.979 [info] > git status -z -uall [6ms]
2025-08-02 21:23:21.979 [info] > git for-each-ref --sort -committerdate --format %(refname)%00%(objectname)%00%(*objectname) [1ms]
2025-08-02 21:45:53.629 [info] > git show --textconv :tg_bots/3remem_bot.py [6ms]
2025-08-02 21:45:53.630 [info] > git ls-files --stage -- tg_bots/3remem_bot.py [2ms]
2025-08-02 21:45:53.636 [info] > git cat-file -s ad0c2b22fb03cadc27d65a03c6165ac2cabcb821 [1ms]
2025-08-02 21:45:53.648 [info] > git blame --root --incremental 051ff69fb2ac4d04431c094f69ff4ffe7a628174 -- tg_bots/3remem_bot.py [1ms]
2025-08-02 21:47:49.963 [info] > git config --get commit.template [1ms]
2025-08-02 21:47:49.969 [info] > git for-each-ref --format=%(refname)%00%(upstream:short)%00%(objectname)%00%(upstream:track)%00%(upstream:remotename)%00%(upstream:remoteref) refs/heads/main refs/remotes/main [1ms]
2025-08-02 21:47:49.978 [info] > git status -z -uall [5ms]
2025-08-02 21:47:49.979 [info] > git for-each-ref --sort -committerdate --format %(refname)%00%(objectname)%00%(*objectname) [1ms]
2025-08-02 21:47:54.140 [info] > git show --textconv :lenses/app/.env [5ms]
2025-08-02 21:47:54.141 [warning] [GitFileSystemProvider][readFile] File not found - git:/home/user/homelab/lenses/app/.env.git?%7B%22path%22%3A%22%2Fhome%2Fuser%2Fhomelab%2Flenses%2Fapp%2F.env%22%2C%22ref%22%3A%22%22%7D
2025-08-02 21:47:54.141 [info] > git ls-files --stage -- lenses/app/.env [1ms]
2025-08-02 21:47:54.141 [warning] [GitFileSystemProvider][stat] File not found - git:/home/user/homelab/lenses/app/.env.git?%7B%22path%22%3A%22%2Fhome%2Fuser%2Fhomelab%2Flenses%2Fapp%2F.env%22%2C%22ref%22%3A%22%22%7D
2025-08-02 21:47:54.992 [info] > git config --get commit.template [6ms]
2025-08-02 21:47:54.993 [info] > git for-each-ref --format=%(refname)%00%(upstream:short)%00%(objectname)%00%(upstream:track)%00%(upstream:remotename)%00%(upstream:remoteref) refs/heads/main refs/remotes/main [2ms]
2025-08-02 21:47:55.002 [info] > git status -z -uall [5ms]
2025-08-02 21:47:55.003 [info] > git for-each-ref --sort -committerdate --format %(refname)%00%(objectname)%00%(*objectname) [1ms]
2025-08-02 21:48:08.943 [info] > git config --get commit.template [5ms]
2025-08-02 21:48:08.944 [info] > git for-each-ref --format=%(refname)%00%(upstream:short)%00%(objectname)%00%(upstream:track)%00%(upstream:remotename)%00%(upstream:remoteref) refs/heads/main refs/remotes/main [1ms]
2025-08-02 21:48:08.955 [info] > git status -z -uall [6ms]
2025-08-02 21:48:08.956 [info] > git for-each-ref --sort -committerdate --format %(refname)%00%(objectname)%00%(*objectname) [2ms]
2025-08-02 22:39:10.249 [info] > git config --get commit.template [5ms]
2025-08-02 22:39:10.249 [info] > git for-each-ref --format=%(refname)%00%(upstream:short)%00%(objectname)%00%(upstream:track)%00%(upstream:remotename)%00%(upstream:remoteref) refs/heads/main refs/remotes/main [1ms]
2025-08-02 22:39:10.258 [info] > git status -z -uall [4ms]
2025-08-02 22:39:10.258 [info] > git for-each-ref --sort -committerdate --format %(refname)%00%(objectname)%00%(*objectname) [1ms]
2025-08-02 22:39:37.072 [info] > git config --get commit.template [6ms]
2025-08-02 22:39:37.072 [info] > git for-each-ref --format=%(refname)%00%(upstream:short)%00%(objectname)%00%(upstream:track)%00%(upstream:remotename)%00%(upstream:remoteref) refs/heads/main refs/remotes/main [1ms]
2025-08-02 22:39:37.082 [info] > git status -z -uall [5ms]
2025-08-02 22:39:37.083 [info] > git for-each-ref --sort -committerdate --format %(refname)%00%(objectname)%00%(*objectname) [2ms]
2025-08-02 22:39:44.244 [info] > git show --textconv :lenses/app/example.env [7ms]
2025-08-02 22:39:44.244 [info] > git ls-files --stage -- lenses/app/example.env [1ms]
2025-08-02 22:39:44.250 [info] > git cat-file -s 6a0a209c0d08b46fbbb650be482d07354ee21893 [1ms]
2025-08-02 22:39:45.001 [info] > git show --textconv :lenses/app/.env [7ms]
2025-08-02 22:39:45.001 [warning] [GitFileSystemProvider][readFile] File not found - git:/home/user/homelab/lenses/app/.env.git?%7B%22path%22%3A%22%2Fhome%2Fuser%2Fhomelab%2Flenses%2Fapp%2F.env%22%2C%22ref%22%3A%22%22%7D
2025-08-02 22:39:45.002 [info] > git ls-files --stage -- lenses/app/.env [2ms]
2025-08-02 22:39:45.002 [warning] [GitFileSystemProvider][stat] File not found - git:/home/user/homelab/lenses/app/.env.git?%7B%22path%22%3A%22%2Fhome%2Fuser%2Fhomelab%2Flenses%2Fapp%2F.env%22%2C%22ref%22%3A%22%22%7D
2025-08-02 22:39:45.859 [info] > git show --textconv :lenses/app/lenses_bot.py [7ms]
2025-08-02 22:39:45.859 [info] > git ls-files --stage -- lenses/app/lenses_bot.py [1ms]
2025-08-02 22:39:45.865 [info] > git cat-file -s 986424a7cc7b2927f65601f9fcb6d37927576d83 [1ms]
2025-08-02 22:42:55.946 [info] > git config --get commit.template [5ms]
2025-08-02 22:42:55.946 [info] > git for-each-ref --format=%(refname)%00%(upstream:short)%00%(objectname)%00%(upstream:track)%00%(upstream:remotename)%00%(upstream:remoteref) refs/heads/main refs/remotes/main [1ms]
2025-08-02 22:42:55.954 [info] > git status -z -uall [4ms]
2025-08-02 22:42:55.955 [info] > git for-each-ref --sort -committerdate --format %(refname)%00%(objectname)%00%(*objectname) [1ms]
2025-08-02 22:43:02.331 [info] > git config --get commit.template [4ms]
2025-08-02 22:43:02.332 [info] > git for-each-ref --format=%(refname)%00%(upstream:short)%00%(objectname)%00%(upstream:track)%00%(upstream:remotename)%00%(upstream:remoteref) refs/heads/main refs/remotes/main [1ms]
2025-08-02 22:43:02.340 [info] > git status -z -uall [5ms]
2025-08-02 22:43:02.341 [info] > git for-each-ref --sort -committerdate --format %(refname)%00%(objectname)%00%(*objectname) [1ms]
2025-08-02 22:44:12.538 [info] > git config --get commit.template [5ms]
2025-08-02 22:44:12.539 [info] > git for-each-ref --format=%(refname)%00%(upstream:short)%00%(objectname)%00%(upstream:track)%00%(upstream:remotename)%00%(upstream:remoteref) refs/heads/main refs/remotes/main [1ms]
2025-08-02 22:44:12.551 [info] > git status -z -uall [7ms]
2025-08-02 22:44:12.552 [info] > git for-each-ref --sort -committerdate --format %(refname)%00%(objectname)%00%(*objectname) [1ms]
2025-08-02 22:44:19.470 [info] > git check-ignore -v -z --stdin [1ms]
2025-08-02 22:44:20.038 [info] > git config --get commit.template [6ms]
2025-08-02 22:44:20.039 [info] > git for-each-ref --format=%(refname)%00%(upstream:short)%00%(objectname)%00%(upstream:track)%00%(upstream:remotename)%00%(upstream:remoteref) refs/heads/main refs/remotes/main [2ms]
2025-08-02 22:44:20.050 [info] > git status -z -uall [6ms]
2025-08-02 22:44:20.051 [info] > git for-each-ref --sort -committerdate --format %(refname)%00%(objectname)%00%(*objectname) [1ms]
2025-08-02 22:44:21.606 [info] > git check-ignore -v -z --stdin [1ms]
2025-08-02 22:44:22.252 [info] > git show --textconv :docs/deploy_k8s.md [6ms]
2025-08-02 22:44:22.252 [warning] [GitFileSystemProvider][readFile] File not found - git:/home/user/homelab/docs/deploy_k8s.md.git?%7B%22path%22%3A%22%2Fhome%2Fuser%2Fhomelab%2Fdocs%2Fdeploy_k8s.md%22%2C%22ref%22%3A%22%22%7D
2025-08-02 22:44:22.253 [info] > git ls-files --stage -- docs/deploy_k8s.md [2ms]
2025-08-02 22:44:22.253 [warning] [GitFileSystemProvider][stat] File not found - git:/home/user/homelab/docs/deploy_k8s.md.git?%7B%22path%22%3A%22%2Fhome%2Fuser%2Fhomelab%2Fdocs%2Fdeploy_k8s.md%22%2C%22ref%22%3A%22%22%7D
2025-08-02 22:44:25.067 [info] > git config --get commit.template [7ms]
2025-08-02 22:44:25.067 [info] > git for-each-ref --format=%(refname)%00%(upstream:short)%00%(objectname)%00%(upstream:track)%00%(upstream:remotename)%00%(upstream:remoteref) refs/heads/main refs/remotes/main [1ms]
2025-08-02 22:44:25.076 [info] > git status -z -uall [4ms]
2025-08-02 22:44:25.077 [info] > git for-each-ref --sort -committerdate --format %(refname)%00%(objectname)%00%(*objectname) [1ms]
2025-08-02 22:44:53.096 [info] > git show --textconv :docs/deploy_all.md [5ms]
2025-08-02 22:44:53.096 [warning] [GitFileSystemProvider][readFile] File not found - git:/home/user/homelab/docs/deploy_all.md.git?%7B%22path%22%3A%22%2Fhome%2Fuser%2Fhomelab%2Fdocs%2Fdeploy_all.md%22%2C%22ref%22%3A%22%22%7D
2025-08-02 22:44:53.096 [info] > git ls-files --stage -- docs/deploy_all.md [1ms]
2025-08-02 22:44:53.097 [warning] [GitFileSystemProvider][stat] File not found - git:/home/user/homelab/docs/deploy_all.md.git?%7B%22path%22%3A%22%2Fhome%2Fuser%2Fhomelab%2Fdocs%2Fdeploy_all.md%22%2C%22ref%22%3A%22%22%7D
2025-08-02 22:44:53.383 [info] > git check-ignore -v -z --stdin [1ms]
2025-08-02 22:44:53.943 [info] > git config --get commit.template [5ms]
2025-08-02 22:44:53.944 [info] > git for-each-ref --format=%(refname)%00%(upstream:short)%00%(objectname)%00%(upstream:track)%00%(upstream:remotename)%00%(upstream:remoteref) refs/heads/main refs/remotes/main [1ms]
2025-08-02 22:44:53.954 [info] > git status -z -uall [5ms]
2025-08-02 22:44:53.954 [info] > git for-each-ref --sort -committerdate --format %(refname)%00%(objectname)%00%(*objectname) [1ms]
2025-08-02 22:47:27.738 [info] > git show --textconv :lenses/app/.env [7ms]
2025-08-02 22:47:27.738 [warning] [GitFileSystemProvider][readFile] File not found - git:/home/user/homelab/lenses/app/.env.git?%7B%22path%22%3A%22%2Fhome%2Fuser%2Fhomelab%2Flenses%2Fapp%2F.env%22%2C%22ref%22%3A%22%22%7D
2025-08-02 22:47:27.739 [info] > git ls-files --stage -- lenses/app/.env [1ms]
2025-08-02 22:47:27.739 [warning] [GitFileSystemProvider][stat] File not found - git:/home/user/homelab/lenses/app/.env.git?%7B%22path%22%3A%22%2Fhome%2Fuser%2Fhomelab%2Flenses%2Fapp%2F.env%22%2C%22ref%22%3A%22%22%7D
2025-08-02 22:48:49.440 [info] > git config --get commit.template [8ms]
2025-08-02 22:48:49.441 [info] > git for-each-ref --format=%(refname)%00%(upstream:short)%00%(objectname)%00%(upstream:track)%00%(upstream:remotename)%00%(upstream:remoteref) refs/heads/main refs/remotes/main [1ms]
2025-08-02 22:48:49.454 [info] > git status -z -uall [7ms]
2025-08-02 22:48:49.454 [info] > git for-each-ref --sort -committerdate --format %(refname)%00%(objectname)%00%(*objectname) [1ms]
2025-08-02 22:51:17.029 [info] > git config --get commit.template [7ms]
2025-08-02 22:51:17.030 [info] > git for-each-ref --format=%(refname)%00%(upstream:short)%00%(objectname)%00%(upstream:track)%00%(upstream:remotename)%00%(upstream:remoteref) refs/heads/main refs/remotes/main [1ms]
2025-08-02 22:51:17.041 [info] > git status -z -uall [6ms]
2025-08-02 22:51:17.042 [info] > git for-each-ref --sort -committerdate --format %(refname)%00%(objectname)%00%(*objectname) [1ms]
2025-08-02 22:55:41.930 [info] > git config --get commit.template [7ms]
2025-08-02 22:55:41.930 [info] > git for-each-ref --format=%(refname)%00%(upstream:short)%00%(objectname)%00%(upstream:track)%00%(upstream:remotename)%00%(upstream:remoteref) refs/heads/main refs/remotes/main [1ms]
2025-08-02 22:55:41.943 [info] > git status -z -uall [7ms]
2025-08-02 22:55:41.944 [info] > git for-each-ref --sort -committerdate --format %(refname)%00%(objectname)%00%(*objectname) [1ms]
2025-08-02 22:56:13.786 [info] > git config --get commit.template [8ms]
2025-08-02 22:56:13.787 [info] > git for-each-ref --format=%(refname)%00%(upstream:short)%00%(objectname)%00%(upstream:track)%00%(upstream:remotename)%00%(upstream:remoteref) refs/heads/main refs/remotes/main [2ms]
2025-08-02 22:56:13.800 [info] > git status -z -uall [7ms]
2025-08-02 22:56:13.801 [info] > git for-each-ref --sort -committerdate --format %(refname)%00%(objectname)%00%(*objectname) [2ms]
2025-08-02 22:58:25.272 [info] > git config --get commit.template [7ms]
2025-08-02 22:58:25.273 [info] > git for-each-ref --format=%(refname)%00%(upstream:short)%00%(objectname)%00%(upstream:track)%00%(upstream:remotename)%00%(upstream:remoteref) refs/heads/main refs/remotes/main [1ms]
2025-08-02 22:58:25.285 [info] > git status -z -uall [6ms]
2025-08-02 22:58:25.286 [info] > git for-each-ref --sort -committerdate --format %(refname)%00%(objectname)%00%(*objectname) [2ms]
2025-08-02 22:59:53.109 [info] > git config --get commit.template [1ms]
2025-08-02 22:59:53.115 [info] > git for-each-ref --format=%(refname)%00%(upstream:short)%00%(objectname)%00%(upstream:track)%00%(upstream:remotename)%00%(upstream:remoteref) refs/heads/main refs/remotes/main [1ms]
2025-08-02 22:59:53.125 [info] > git status -z -uall [5ms]
2025-08-02 22:59:53.126 [info] > git for-each-ref --sort -committerdate --format %(refname)%00%(objectname)%00%(*objectname) [1ms]
2025-08-02 23:28:52.012 [info] > git show --textconv :lenses/app/.env [5ms]
2025-08-02 23:28:52.012 [warning] [GitFileSystemProvider][readFile] File not found - git:/home/user/homelab/lenses/app/.env.git?%7B%22path%22%3A%22%2Fhome%2Fuser%2Fhomelab%2Flenses%2Fapp%2F.env%22%2C%22ref%22%3A%22%22%7D
2025-08-02 23:28:52.012 [info] > git ls-files --stage -- lenses/app/.env [1ms]
2025-08-02 23:28:52.013 [warning] [GitFileSystemProvider][stat] File not found - git:/home/user/homelab/lenses/app/.env.git?%7B%22path%22%3A%22%2Fhome%2Fuser%2Fhomelab%2Flenses%2Fapp%2F.env%22%2C%22ref%22%3A%22%22%7D
2025-08-02 23:29:39.722 [info] > git show --textconv :lenses/app/lenses_bot.py [6ms]
2025-08-02 23:29:39.723 [info] > git ls-files --stage -- lenses/app/lenses_bot.py [1ms]
2025-08-02 23:29:39.729 [info] > git cat-file -s 986424a7cc7b2927f65601f9fcb6d37927576d83 [1ms]
2025-08-02 23:29:40.006 [info] > git show --textconv :lenses/app/example.env [5ms]
2025-08-02 23:29:40.007 [info] > git ls-files --stage -- lenses/app/example.env [1ms]
2025-08-02 23:29:40.012 [info] > git cat-file -s 6a0a209c0d08b46fbbb650be482d07354ee21893 [1ms]
2025-08-02 23:29:40.274 [info] > git show --textconv :tg_bots/lenses_bot.py [6ms]
2025-08-02 23:29:40.274 [info] > git ls-files --stage -- tg_bots/lenses_bot.py [1ms]
2025-08-02 23:29:40.281 [info] > git cat-file -s 10aac8b81839cd47c436c075c1fee8c89316058a [1ms]
2025-08-02 23:29:40.524 [info] > git show --textconv :.gitignore [7ms]
2025-08-02 23:29:40.525 [info] > git ls-files --stage -- .gitignore [1ms]
2025-08-02 23:29:40.531 [info] > git cat-file -s 1ccb922d22461e03c18a4dc256caeeb6f6a97984 [1ms]
2025-08-02 23:29:41.038 [info] > git check-ignore -v -z --stdin [1ms]
2025-08-02 23:29:41.067 [info] > git show --textconv :lenses/Dockerfile [7ms]
2025-08-02 23:29:41.068 [info] > git ls-files --stage -- lenses/Dockerfile [2ms]
2025-08-02 23:29:41.075 [info] > git cat-file -s e69de29bb2d1d6434b8b29ae775ad8c2e48c5391 [1ms]
2025-08-02 23:29:42.131 [info] > git config --get commit.template [6ms]
2025-08-02 23:29:42.131 [info] > git for-each-ref --format=%(refname)%00%(upstream:short)%00%(objectname)%00%(upstream:track)%00%(upstream:remotename)%00%(upstream:remoteref) refs/heads/main refs/remotes/main [1ms]
2025-08-02 23:29:42.141 [info] > git status -z -uall [5ms]
2025-08-02 23:29:42.142 [info] > git for-each-ref --sort -committerdate --format %(refname)%00%(objectname)%00%(*objectname) [2ms]
2025-08-02 23:30:37.460 [info] > git show --textconv :lenses/Dockerfile [6ms]
2025-08-02 23:30:37.461 [info] > git ls-files --stage -- lenses/Dockerfile [2ms]
2025-08-02 23:30:37.467 [info] > git cat-file -s e69de29bb2d1d6434b8b29ae775ad8c2e48c5391 [2ms]
2025-08-02 23:30:43.195 [info] > git config --get commit.template [6ms]
2025-08-02 23:30:43.196 [info] > git for-each-ref --format=%(refname)%00%(upstream:short)%00%(objectname)%00%(upstream:track)%00%(upstream:remotename)%00%(upstream:remoteref) refs/heads/main refs/remotes/main [2ms]
2025-08-02 23:30:43.206 [info] > git status -z -uall [5ms]
2025-08-02 23:30:43.207 [info] > git for-each-ref --sort -committerdate --format %(refname)%00%(objectname)%00%(*objectname) [1ms]
2025-08-02 23:40:48.224 [info] > git config --get commit.template [7ms]
2025-08-02 23:40:48.225 [info] > git for-each-ref --format=%(refname)%00%(upstream:short)%00%(objectname)%00%(upstream:track)%00%(upstream:remotename)%00%(upstream:remoteref) refs/heads/main refs/remotes/main [2ms]
2025-08-02 23:40:48.236 [info] > git status -z -uall [6ms]
2025-08-02 23:40:48.236 [info] > git for-each-ref --sort -committerdate --format %(refname)%00%(objectname)%00%(*objectname) [1ms]
2025-08-02 23:41:37.694 [info] > git config --get commit.template [7ms]
2025-08-02 23:41:37.695 [info] > git for-each-ref --format=%(refname)%00%(upstream:short)%00%(objectname)%00%(upstream:track)%00%(upstream:remotename)%00%(upstream:remoteref) refs/heads/main refs/remotes/main [1ms]
2025-08-02 23:41:37.708 [info] > git status -z -uall [7ms]
2025-08-02 23:41:37.708 [info] > git for-each-ref --sort -committerdate --format %(refname)%00%(objectname)%00%(*objectname) [1ms]
2025-08-02 23:42:35.035 [info] > git show --textconv :lenses/Dockerfile [4ms]
2025-08-02 23:42:35.036 [info] > git ls-files --stage -- lenses/Dockerfile [1ms]
2025-08-02 23:42:35.041 [info] > git cat-file -s e69de29bb2d1d6434b8b29ae775ad8c2e48c5391 [1ms]
2025-08-02 23:43:53.348 [info] > git config --get commit.template [7ms]
2025-08-02 23:43:53.348 [info] > git for-each-ref --format=%(refname)%00%(upstream:short)%00%(objectname)%00%(upstream:track)%00%(upstream:remotename)%00%(upstream:remoteref) refs/heads/main refs/remotes/main [1ms]
2025-08-02 23:43:53.360 [info] > git status -z -uall [5ms]
2025-08-02 23:43:53.362 [info] > git for-each-ref --sort -committerdate --format %(refname)%00%(objectname)%00%(*objectname) [2ms]
2025-08-02 23:45:09.652 [info] > git config --get commit.template [7ms]
2025-08-02 23:45:09.653 [info] > git for-each-ref --format=%(refname)%00%(upstream:short)%00%(objectname)%00%(upstream:track)%00%(upstream:remotename)%00%(upstream:remoteref) refs/heads/main refs/remotes/main [1ms]
2025-08-02 23:45:09.667 [info] > git status -z -uall [8ms]
2025-08-02 23:45:09.667 [info] > git for-each-ref --sort -committerdate --format %(refname)%00%(objectname)%00%(*objectname) [1ms]
2025-08-02 23:46:14.392 [info] > git config --get commit.template [7ms]
2025-08-02 23:46:14.393 [info] > git for-each-ref --format=%(refname)%00%(upstream:short)%00%(objectname)%00%(upstream:track)%00%(upstream:remotename)%00%(upstream:remoteref) refs/heads/main refs/remotes/main [2ms]
2025-08-02 23:46:14.405 [info] > git status -z -uall [6ms]
2025-08-02 23:46:14.406 [info] > git for-each-ref --sort -committerdate --format %(refname)%00%(objectname)%00%(*objectname) [2ms]
2025-08-02 23:47:31.847 [info] > git config --get commit.template [1ms]
2025-08-02 23:47:31.854 [info] > git for-each-ref --format=%(refname)%00%(upstream:short)%00%(objectname)%00%(upstream:track)%00%(upstream:remotename)%00%(upstream:remoteref) refs/heads/main refs/remotes/main [1ms]
2025-08-02 23:47:31.867 [info] > git status -z -uall [7ms]
2025-08-02 23:47:31.868 [info] > git for-each-ref --sort -committerdate --format %(refname)%00%(objectname)%00%(*objectname) [2ms]
2025-08-02 23:53:15.002 [info] > git config --get commit.template [8ms]
2025-08-02 23:53:15.003 [info] > git for-each-ref --format=%(refname)%00%(upstream:short)%00%(objectname)%00%(upstream:track)%00%(upstream:remotename)%00%(upstream:remoteref) refs/heads/main refs/remotes/main [2ms]
2025-08-02 23:53:15.015 [info] > git status -z -uall [6ms]
2025-08-02 23:53:15.016 [info] > git for-each-ref --sort -committerdate --format %(refname)%00%(objectname)%00%(*objectname) [2ms]
2025-08-02 23:57:11.407 [info] > git config --get commit.template [4ms]
2025-08-02 23:57:11.408 [info] > git for-each-ref --format=%(refname)%00%(upstream:short)%00%(objectname)%00%(upstream:track)%00%(upstream:remotename)%00%(upstream:remoteref) refs/heads/main refs/remotes/main [2ms]
2025-08-02 23:57:11.416 [info] > git status -z -uall [5ms]
2025-08-02 23:57:11.416 [info] > git for-each-ref --sort -committerdate --format %(refname)%00%(objectname)%00%(*objectname) [1ms]
2025-08-02 23:57:39.520 [info] > git config --get commit.template [5ms]
2025-08-02 23:57:39.520 [info] > git for-each-ref --format=%(refname)%00%(upstream:short)%00%(objectname)%00%(upstream:track)%00%(upstream:remotename)%00%(upstream:remoteref) refs/heads/main refs/remotes/main [1ms]
2025-08-02 23:57:39.529 [info] > git status -z -uall [5ms]
2025-08-02 23:57:39.530 [info] > git for-each-ref --sort -committerdate --format %(refname)%00%(objectname)%00%(*objectname) [1ms]
2025-08-02 23:57:39.851 [info] > git show --textconv :k8s/lenses.yaml [14ms]
2025-08-02 23:57:39.851 [info] > git show --textconv HEAD:k8s/lenses.yaml [9ms]
2025-08-02 23:57:39.851 [info] > git ls-files --stage -- k8s/lenses.yaml [5ms]
2025-08-02 23:57:39.856 [warning] [GitFileSystemProvider][readFile] File not found - git:/home/user/homelab/k8s/lenses.yaml.git?%7B%22path%22%3A%22%2Fhome%2Fuser%2Fhomelab%2Fk8s%2Flenses.yaml%22%2C%22ref%22%3A%22HEAD%22%7D
2025-08-02 23:57:39.857 [info] > git cat-file -s 83f90db3c53b01fcf87501086593772e9864d450 [2ms]
2025-08-02 23:57:39.857 [info] > git ls-tree -l HEAD -- k8s/lenses.yaml [6ms]
2025-08-02 23:57:39.857 [warning] [GitFileSystemProvider][stat] File not found - git:/home/user/homelab/k8s/lenses.yaml.git?%7B%22path%22%3A%22%2Fhome%2Fuser%2Fhomelab%2Fk8s%2Flenses.yaml%22%2C%22ref%22%3A%22HEAD%22%7D
2025-08-02 23:57:39.866 [info] > git blame --root --incremental 051ff69fb2ac4d04431c094f69ff4ffe7a628174 -- k8s/lenses.yaml [1ms]
2025-08-02 23:57:39.866 [info] fatal: no such path k8s/lenses.yaml in 051ff69fb2ac4d04431c094f69ff4ffe7a628174
2025-08-02 23:57:43.069 [info] > git show --textconv :lenses/app/.env [6ms]
2025-08-02 23:57:43.069 [warning] [GitFileSystemProvider][readFile] File not found - git:/home/user/homelab/lenses/app/.env.git?%7B%22path%22%3A%22%2Fhome%2Fuser%2Fhomelab%2Flenses%2Fapp%2F.env%22%2C%22ref%22%3A%22%22%7D
2025-08-02 23:57:43.070 [info] > git ls-files --stage -- lenses/app/.env [1ms]
2025-08-02 23:57:43.070 [warning] [GitFileSystemProvider][stat] File not found - git:/home/user/homelab/lenses/app/.env.git?%7B%22path%22%3A%22%2Fhome%2Fuser%2Fhomelab%2Flenses%2Fapp%2F.env%22%2C%22ref%22%3A%22%22%7D
2025-08-02 23:57:43.632 [info] > git show --textconv :lenses/app/example.env [6ms]
2025-08-02 23:57:43.633 [info] > git ls-files --stage -- lenses/app/example.env [1ms]
2025-08-02 23:57:43.639 [info] > git cat-file -s 6a0a209c0d08b46fbbb650be482d07354ee21893 [1ms]
2025-08-02 23:57:44.844 [info] > git show --textconv :lenses/app/lenses_bot.py [18ms]
2025-08-02 23:57:44.844 [info] > git show --textconv HEAD:lenses/app/lenses_bot.py [11ms]
2025-08-02 23:57:44.844 [info] > git ls-files --stage -- lenses/app/lenses_bot.py [6ms]
2025-08-02 23:57:44.851 [info] > git cat-file -s 4cf95ee9664db202aca40e2a32613b0a93e6a112 [1ms]
2025-08-02 23:57:44.851 [info] > git ls-tree -l HEAD -- lenses/app/lenses_bot.py [8ms]
2025-08-02 23:57:51.126 [info] > git show --textconv :lenses/app/requirements.txt [29ms]
2025-08-02 23:57:51.126 [info] > git show --textconv HEAD:lenses/app/requirements.txt [20ms]
2025-08-02 23:57:51.127 [info] > git ls-files --stage -- lenses/app/requirements.txt [11ms]
2025-08-02 23:57:51.134 [warning] [GitFileSystemProvider][readFile] File not found - git:/home/user/homelab/lenses/app/requirements.txt.git?%7B%22path%22%3A%22%2Fhome%2Fuser%2Fhomelab%2Flenses%2Fapp%2Frequirements.txt%22%2C%22ref%22%3A%22HEAD%22%7D
2025-08-02 23:57:51.135 [info] > git ls-tree -l HEAD -- lenses/app/requirements.txt [10ms]
2025-08-02 23:57:51.136 [warning] [GitFileSystemProvider][stat] File not found - git:/home/user/homelab/lenses/app/requirements.txt.git?%7B%22path%22%3A%22%2Fhome%2Fuser%2Fhomelab%2Flenses%2Fapp%2Frequirements.txt%22%2C%22ref%22%3A%22HEAD%22%7D
2025-08-02 23:57:51.136 [info] > git cat-file -s 8cc3c983e2ce7be1398582d7e5475e8314c326ad [2ms]
2025-08-02 23:57:51.175 [info] > git blame --root --incremental 051ff69fb2ac4d04431c094f69ff4ffe7a628174 -- lenses/app/requirements.txt [7ms]
2025-08-02 23:57:51.175 [info] fatal: no such path lenses/app/requirements.txt in 051ff69fb2ac4d04431c094f69ff4ffe7a628174
2025-08-02 23:57:53.742 [info] > git show --textconv :lenses/docker-compose.yaml [18ms]
2025-08-02 23:57:53.742 [info] > git show --textconv HEAD:lenses/docker-compose.yaml [12ms]
2025-08-02 23:57:53.742 [info] > git ls-files --stage -- lenses/docker-compose.yaml [6ms]
2025-08-02 23:57:53.747 [warning] [GitFileSystemProvider][readFile] File not found - git:/home/user/homelab/lenses/docker-compose.yaml.git?%7B%22path%22%3A%22%2Fhome%2Fuser%2Fhomelab%2Flenses%2Fdocker-compose.yaml%22%2C%22ref%22%3A%22HEAD%22%7D
2025-08-02 23:57:53.748 [info] > git cat-file -s 2674f8b4cc581f131f1e68b48d7e78e81eb353f6 [1ms]
2025-08-02 23:57:53.749 [info] > git ls-tree -l HEAD -- lenses/docker-compose.yaml [8ms]
2025-08-02 23:57:53.749 [warning] [GitFileSystemProvider][stat] File not found - git:/home/user/homelab/lenses/docker-compose.yaml.git?%7B%22path%22%3A%22%2Fhome%2Fuser%2Fhomelab%2Flenses%2Fdocker-compose.yaml%22%2C%22ref%22%3A%22HEAD%22%7D
2025-08-02 23:58:02.044 [info] > git show --textconv :lenses/Dockerfile [16ms]
2025-08-02 23:58:02.044 [info] > git show --textconv HEAD:lenses/Dockerfile [11ms]
2025-08-02 23:58:02.044 [info] > git ls-files --stage -- lenses/Dockerfile [5ms]
2025-08-02 23:58:02.049 [info] > git cat-file -s bfde808d5eda3d128ad4b18095e7104426ec16a2 [1ms]
2025-08-02 23:58:02.049 [info] > git ls-tree -l HEAD -- lenses/Dockerfile [5ms]
2025-08-02 23:58:02.297 [info] > git config --get commit.template [4ms]
2025-08-02 23:58:02.297 [info] > git for-each-ref --format=%(refname)%00%(upstream:short)%00%(objectname)%00%(upstream:track)%00%(upstream:remotename)%00%(upstream:remoteref) refs/heads/main refs/remotes/main [1ms]
2025-08-02 23:58:02.308 [info] > git status -z -uall [6ms]
2025-08-02 23:58:02.309 [info] > git for-each-ref --sort -committerdate --format %(refname)%00%(objectname)%00%(*objectname) [1ms]
2025-08-02 23:58:11.094 [info] > git show --textconv :k8s/lenses.yaml [14ms]
2025-08-02 23:58:11.094 [info] > git show --textconv HEAD:k8s/lenses.yaml [9ms]
2025-08-02 23:58:11.094 [info] > git ls-files --stage -- k8s/lenses.yaml [5ms]
2025-08-02 23:58:11.097 [warning] [GitFileSystemProvider][readFile] File not found - git:/home/user/homelab/k8s/lenses.yaml.git?%7B%22path%22%3A%22%2Fhome%2Fuser%2Fhomelab%2Fk8s%2Flenses.yaml%22%2C%22ref%22%3A%22HEAD%22%7D
2025-08-02 23:58:11.099 [info] > git cat-file -s 83f90db3c53b01fcf87501086593772e9864d450 [2ms]
2025-08-02 23:58:11.099 [info] > git ls-tree -l HEAD -- k8s/lenses.yaml [6ms]
2025-08-02 23:58:11.099 [warning] [GitFileSystemProvider][stat] File not found - git:/home/user/homelab/k8s/lenses.yaml.git?%7B%22path%22%3A%22%2Fhome%2Fuser%2Fhomelab%2Fk8s%2Flenses.yaml%22%2C%22ref%22%3A%22HEAD%22%7D
2025-08-02 23:58:12.622 [info] > git show --textconv :docs/deploy_k8s.md [17ms]
2025-08-02 23:58:12.622 [info] > git show --textconv HEAD:docs/deploy_k8s.md [12ms]
2025-08-02 23:58:12.622 [info] > git ls-files --stage -- docs/deploy_k8s.md [6ms]
2025-08-02 23:58:12.626 [warning] [GitFileSystemProvider][readFile] File not found - git:/home/user/homelab/docs/deploy_k8s.md.git?%7B%22path%22%3A%22%2Fhome%2Fuser%2Fhomelab%2Fdocs%2Fdeploy_k8s.md%22%2C%22ref%22%3A%22HEAD%22%7D
2025-08-02 23:58:12.627 [info] > git cat-file -s 1ade972992634eaea94598517a684a7402ed6be7 [2ms]
2025-08-02 23:58:12.627 [info] > git ls-tree -l HEAD -- docs/deploy_k8s.md [7ms]
2025-08-02 23:58:12.627 [warning] [GitFileSystemProvider][stat] File not found - git:/home/user/homelab/docs/deploy_k8s.md.git?%7B%22path%22%3A%22%2Fhome%2Fuser%2Fhomelab%2Fdocs%2Fdeploy_k8s.md%22%2C%22ref%22%3A%22HEAD%22%7D
2025-08-02 23:58:17.269 [info] > git show --textconv :docs/deploy_all.md [15ms]
2025-08-02 23:58:17.269 [info] > git show --textconv HEAD:docs/deploy_all.md [9ms]
2025-08-02 23:58:17.269 [info] > git ls-files --stage -- docs/deploy_all.md [4ms]
2025-08-02 23:58:17.273 [warning] [GitFileSystemProvider][readFile] File not found - git:/home/user/homelab/docs/deploy_all.md.git?%7B%22path%22%3A%22%2Fhome%2Fuser%2Fhomelab%2Fdocs%2Fdeploy_all.md%22%2C%22ref%22%3A%22HEAD%22%7D
2025-08-02 23:58:17.275 [info] > git cat-file -s 47ad90b01082ad1d06cf861d911bb79b2ff3ab0b [2ms]
2025-08-02 23:58:17.275 [info] > git ls-tree -l HEAD -- docs/deploy_all.md [6ms]
2025-08-02 23:58:17.275 [warning] [GitFileSystemProvider][stat] File not found - git:/home/user/homelab/docs/deploy_all.md.git?%7B%22path%22%3A%22%2Fhome%2Fuser%2Fhomelab%2Fdocs%2Fdeploy_all.md%22%2C%22ref%22%3A%22HEAD%22%7D
2025-08-02 23:58:17.294 [info] > git blame --root --incremental 051ff69fb2ac4d04431c094f69ff4ffe7a628174 -- docs/deploy_all.md [2ms]
2025-08-02 23:58:17.294 [info] fatal: no such path docs/deploy_all.md in 051ff69fb2ac4d04431c094f69ff4ffe7a628174
2025-08-02 23:58:33.342 [info] > git config --get commit.template [6ms]
2025-08-02 23:58:33.346 [info] > git ls-files --stage -- docs/deploy_all.md [5ms]
2025-08-02 23:58:33.353 [info] > git for-each-ref --format=%(refname)%00%(upstream:short)%00%(objectname)%00%(upstream:track)%00%(upstream:remotename)%00%(upstream:remoteref) refs/heads/main refs/remotes/main [7ms]
2025-08-02 23:58:33.362 [info] > git status -z -uall [5ms]
2025-08-02 23:58:33.362 [info] > git cat-file -s 47ad90b01082ad1d06cf861d911bb79b2ff3ab0b [10ms]
2025-08-02 23:58:33.363 [info] > git for-each-ref --sort -committerdate --format %(refname)%00%(objectname)%00%(*objectname) [1ms]
2025-08-02 23:58:33.370 [info] > git show --textconv :docs/deploy_all.md [1ms]
2025-08-02 23:58:35.071 [info] > git show --textconv :k8s/lenses.yaml [14ms]
2025-08-02 23:58:35.071 [info] > git show --textconv HEAD:k8s/lenses.yaml [11ms]
2025-08-02 23:58:35.071 [info] > git ls-files --stage -- k8s/lenses.yaml [6ms]
2025-08-02 23:58:35.075 [warning] [GitFileSystemProvider][readFile] File not found - git:/home/user/homelab/k8s/lenses.yaml.git?%7B%22path%22%3A%22%2Fhome%2Fuser%2Fhomelab%2Fk8s%2Flenses.yaml%22%2C%22ref%22%3A%22HEAD%22%7D
2025-08-02 23:58:35.076 [info] > git cat-file -s 83f90db3c53b01fcf87501086593772e9864d450 [1ms]
2025-08-02 23:58:35.076 [info] > git ls-tree -l HEAD -- k8s/lenses.yaml [6ms]
2025-08-02 23:58:35.077 [warning] [GitFileSystemProvider][stat] File not found - git:/home/user/homelab/k8s/lenses.yaml.git?%7B%22path%22%3A%22%2Fhome%2Fuser%2Fhomelab%2Fk8s%2Flenses.yaml%22%2C%22ref%22%3A%22HEAD%22%7D
2025-08-02 23:58:38.246 [info] > git show --textconv :docs/deploy_k8s.md [16ms]
2025-08-02 23:58:38.247 [info] > git show --textconv HEAD:docs/deploy_k8s.md [11ms]
2025-08-02 23:58:38.247 [info] > git ls-files --stage -- docs/deploy_k8s.md [7ms]
2025-08-02 23:58:38.253 [warning] [GitFileSystemProvider][readFile] File not found - git:/home/user/homelab/docs/deploy_k8s.md.git?%7B%22path%22%3A%22%2Fhome%2Fuser%2Fhomelab%2Fdocs%2Fdeploy_k8s.md%22%2C%22ref%22%3A%22HEAD%22%7D
2025-08-02 23:58:38.254 [info] > git cat-file -s 1ade972992634eaea94598517a684a7402ed6be7 [2ms]
2025-08-02 23:58:38.254 [info] > git ls-tree -l HEAD -- docs/deploy_k8s.md [8ms]
2025-08-02 23:58:38.255 [warning] [GitFileSystemProvider][stat] File not found - git:/home/user/homelab/docs/deploy_k8s.md.git?%7B%22path%22%3A%22%2Fhome%2Fuser%2Fhomelab%2Fdocs%2Fdeploy_k8s.md%22%2C%22ref%22%3A%22HEAD%22%7D
2025-08-02 23:58:40.316 [info] > git blame --root --incremental 051ff69fb2ac4d04431c094f69ff4ffe7a628174 -- docs/deploy_k8s.md [2ms]
2025-08-02 23:58:40.316 [info] fatal: no such path docs/deploy_k8s.md in 051ff69fb2ac4d04431c094f69ff4ffe7a628174
2025-08-02 23:59:11.159 [info] > git config --get commit.template [6ms]
2025-08-02 23:59:11.159 [info] > git for-each-ref --format=%(refname)%00%(upstream:short)%00%(objectname)%00%(upstream:track)%00%(upstream:remotename)%00%(upstream:remoteref) refs/heads/main refs/remotes/main [1ms]
2025-08-02 23:59:11.168 [info] > git status -z -uall [5ms]
2025-08-02 23:59:11.169 [info] > git for-each-ref --sort -committerdate --format %(refname)%00%(objectname)%00%(*objectname) [1ms]
2025-08-02 23:59:44.647 [info] > git config --get commit.template [8ms]
2025-08-02 23:59:44.654 [info] > git for-each-ref --format=%(refname)%00%(upstream:short)%00%(objectname)%00%(upstream:track)%00%(upstream:remotename)%00%(upstream:remoteref) refs/heads/main refs/remotes/main [8ms]
2025-08-02 23:59:44.665 [info] > git status -z -uall [5ms]
2025-08-02 23:59:44.666 [info] > git ls-files --stage -- docs/deploy_k8s.md [12ms]
2025-08-02 23:59:44.672 [info] > git for-each-ref --sort -committerdate --format %(refname)%00%(objectname)%00%(*objectname) [7ms]
2025-08-02 23:59:44.679 [info] > git cat-file -s 68c2cc92da78582916206b769791f5fdbc90bb3c [8ms]
2025-08-02 23:59:44.680 [info] > git blame --root --incremental b5e863454b666917f8df1138388288ce5844d6d9 -- docs/deploy_k8s.md [2ms]
2025-08-02 23:59:44.688 [info] > git show --textconv :docs/deploy_k8s.md [1ms]
2025-08-03 00:05:00.421 [info] > git config --get commit.template [8ms]
2025-08-03 00:05:00.422 [info] > git for-each-ref --format=%(refname)%00%(upstream:short)%00%(objectname)%00%(upstream:track)%00%(upstream:remotename)%00%(upstream:remoteref) refs/heads/main refs/remotes/main [1ms]
2025-08-03 00:05:00.434 [info] > git status -z -uall [6ms]
2025-08-03 00:05:00.435 [info] > git for-each-ref --sort -committerdate --format %(refname)%00%(objectname)%00%(*objectname) [1ms]
2025-08-03 00:05:09.365 [info] > git show --textconv :k8s/lenses.yaml [8ms]
2025-08-03 00:05:09.366 [info] > git ls-files --stage -- k8s/lenses.yaml [2ms]
2025-08-03 00:05:09.373 [info] > git cat-file -s 83f90db3c53b01fcf87501086593772e9864d450 [1ms]
2025-08-03 00:05:09.384 [info] > git blame --root --incremental b5e863454b666917f8df1138388288ce5844d6d9 -- k8s/lenses.yaml [2ms]
2025-08-03 00:51:44.052 [info] > git show --textconv :docs/deploy_all.md [7ms]
2025-08-03 00:51:44.053 [info] > git ls-files --stage -- docs/deploy_all.md [1ms]
2025-08-03 00:51:44.058 [info] > git cat-file -s 47ad90b01082ad1d06cf861d911bb79b2ff3ab0b [1ms]
2025-08-03 00:51:44.069 [info] > git blame --root --incremental b5e863454b666917f8df1138388288ce5844d6d9 -- docs/deploy_all.md [1ms]
2025-08-03 00:55:07.119 [info] > git show --textconv :docs/deploy_all.md [6ms]
2025-08-03 00:55:07.119 [info] > git ls-files --stage -- docs/deploy_all.md [1ms]
2025-08-03 00:55:07.126 [info] > git cat-file -s 47ad90b01082ad1d06cf861d911bb79b2ff3ab0b [2ms]
2025-08-03 00:55:37.321 [info] > git show --textconv :docs/deploy_all.md [5ms]
2025-08-03 00:55:37.322 [info] > git ls-files --stage -- docs/deploy_all.md [1ms]
2025-08-03 00:55:37.329 [info] > git cat-file -s 47ad90b01082ad1d06cf861d911bb79b2ff3ab0b [2ms]
2025-08-03 01:00:49.117 [info] > git show --textconv :docs/deploy_all.md [5ms]
2025-08-03 01:00:49.118 [info] > git ls-files --stage -- docs/deploy_all.md [1ms]
2025-08-03 01:00:49.124 [info] > git cat-file -s 47ad90b01082ad1d06cf861d911bb79b2ff3ab0b [1ms]
2025-08-03 01:01:04.911 [info] > git config --get commit.template [4ms]
2025-08-03 01:01:04.912 [info] > git for-each-ref --format=%(refname)%00%(upstream:short)%00%(objectname)%00%(upstream:track)%00%(upstream:remotename)%00%(upstream:remoteref) refs/heads/main refs/remotes/main [1ms]
2025-08-03 01:01:04.920 [info] > git status -z -uall [5ms]
2025-08-03 01:01:04.920 [info] > git for-each-ref --sort -committerdate --format %(refname)%00%(objectname)%00%(*objectname) [1ms]
