2025-10-15 20:22:27.675 [info] Native locator: Refresh started
2025-10-15 20:22:30.470 [info] > pyenv which python
2025-10-15 20:22:30.470 [info] cwd: .
2025-10-15 20:22:32.572 [info] Active interpreter [/home/user/repos]:  /bin/python
2025-10-15 20:22:32.572 [info] Native locator: Refresh finished in 4897 ms
2025-10-15 20:22:32.686 [info] Discover tests for workspace name: repos - uri: /home/user/repos
2025-10-15 20:22:33.929 [info] Starting Pylance language server.
2025-10-15 20:23:51.315 [info] Discover tests for workspace name: repos - uri: /home/user/repos/weather_predictor/main.py
2025-10-15 20:23:53.108 [info] Discover tests for workspace name: repos - uri: /home/user/repos/weather_predictor/main.py
2025-10-15 20:23:55.136 [info] Discover tests for workspace name: repos - uri: /home/user/repos/weather_predictor/main.py
2025-10-15 20:24:48.548 [info] Discover tests for workspace name: repos - uri: /home/user/repos/weather_predictor/main.py
2025-10-15 20:24:50.409 [info] Discover tests for workspace name: repos - uri: /home/user/repos/weather_predictor/main.py
2025-10-15 20:24:52.229 [info] Discover tests for workspace name: repos - uri: /home/user/repos/weather_predictor/main.py
2025-10-15 20:25:51.209 [info] Discover tests for workspace name: repos - uri: /home/user/repos/weather_predictor/main.py
2025-10-15 20:26:13.414 [info] Discover tests for workspace name: repos - uri: /home/user/repos/weather_predictor/main.py
2025-10-15 20:27:02.945 [info] Discover tests for workspace name: repos - uri: /home/user/repos/weather_predictor/main.py
2025-10-15 20:33:22.270 [info] Discover tests for workspace name: repos - uri: /home/user/repos/weather_predictor/main.py
2025-10-15 20:38:49.172 [info] Discover tests for workspace name: repos - uri: /home/user/repos/weather_predictor/main.py
2025-10-15 20:41:02.180 [info] Discover tests for workspace name: repos - uri: /home/user/repos/weather_predictor/main.py
2025-10-15 20:41:46.770 [info] Discover tests for workspace name: repos - uri: /home/user/repos/weather_predictor/main.py
