2025-11-12 18:18:16.987 [info] 
=== Python Envs Configuration Levels ===
2025-11-12 18:18:16.987 [info] {
  "section": "Python Envs Configuration Levels",
  "defaultEnvManager": {
    "workspaceFolderValue": "undefined",
    "workspaceValue": "undefined",
    "globalValue": "undefined",
    "defaultValue": "ms-python.python:venv"
  },
  "defaultPackageManager": {
    "workspaceFolderValue": "undefined",
    "workspaceValue": "undefined",
    "globalValue": "undefined",
    "defaultValue": "ms-python.python:pip"
  }
}
2025-11-12 18:18:16.987 [info] [pet] Starting Python Locator /home/user/.vscode/extensions/ms-python.vscode-python-envs-1.10.0-linux-x64/python-env-tools/bin/pet server
2025-11-12 18:18:16.987 [info] getAllExtraSearchPaths completed. Total unique search directories: 0 Paths: []
2025-11-12 18:18:16.987 [info] [pet] configure: Sending configuration update: {"workspaceDirectories":["/home/user/repos"],"environmentDirectories":[],"poetryExecutable":"poetry","cacheDirectory":"/home/user/.config/Code/User/globalStorage/ms-python.vscode-python-envs/pythonLocator"}
2025-11-12 18:18:21.492 [info] Discovered env: /usr/bin/python
2025-11-12 18:18:21.838 [info] Discovered env: /bin/python
2025-11-12 18:18:22.067 [info] [pet] Env ("/sbin/python") in Path resolved as ResolvedPythonEnv { executable: "/sbin/python", prefix: "/usr", version: "3.13.7.final.0", is64_bit: true, symlinks: Some(["/sbin/python"]) } and reported as Some(GlobalPaths)
2025-11-12 18:18:22.088 [info] Discovered env: /sbin/python
2025-11-12 18:18:22.260 [info] [pet] Env ("/usr/sbin/python") in Path resolved as ResolvedPythonEnv { executable: "/usr/sbin/python", prefix: "/usr", version: "3.13.7.final.0", is64_bit: true, symlinks: Some(["/usr/sbin/python"]) } and reported as Some(GlobalPaths)
2025-11-12 18:18:22.260 [info] Discovered env: /usr/sbin/python
2025-11-12 18:18:22.260 [info] [pet] Env ("/sbin/python3") in Path resolved as ResolvedPythonEnv { executable: "/sbin/python3", prefix: "/usr", version: "3.13.7.final.0", is64_bit: true, symlinks: Some(["/sbin/python3"]) } and reported as Some(GlobalPaths)
2025-11-12 18:18:22.261 [info] Discovered env: /sbin/python3
2025-11-12 18:18:22.261 [info] [pet] Env ("/sbin/python3.13") in Path resolved as ResolvedPythonEnv { executable: "/sbin/python3.13", prefix: "/usr", version: "3.13.7.final.0", is64_bit: true, symlinks: Some(["/sbin/python3.13"]) } and reported as Some(GlobalPaths)
2025-11-12 18:18:22.261 [info] Discovered env: /sbin/python3.13
2025-11-12 18:18:22.261 [info] [pet] Env ("/usr/sbin/python3") in Path resolved as ResolvedPythonEnv { executable: "/usr/sbin/python3", prefix: "/usr", version: "3.13.7.final.0", is64_bit: true, symlinks: Some(["/usr/sbin/python3"]) } and reported as Some(GlobalPaths)
2025-11-12 18:18:22.261 [info] Discovered env: /usr/sbin/python3
2025-11-12 18:18:22.262 [info] [pet] Env ("/usr/sbin/python3.13") in Path resolved as ResolvedPythonEnv { executable: "/usr/sbin/python3.13", prefix: "/usr", version: "3.13.7.final.0", is64_bit: true, symlinks: Some(["/usr/sbin/python3.13"]) } and reported as Some(GlobalPaths)
2025-11-12 18:18:22.262 [info] Discovered env: /usr/sbin/python3.13
2025-11-12 18:18:22.262 [info] [pet] Locator Conda took 99.277546ms
2025-11-12 18:18:22.262 [info] [pet] Locator Homebrew took 134.544µs
2025-11-12 18:18:22.262 [info] [pet] Locator LinuxGlobal took 99.237773ms
2025-11-12 18:18:22.262 [info] [pet] Locator PipEnv took 15.464µs
2025-11-12 18:18:22.262 [info] [pet] Locator Pixi took 215.929µs
2025-11-12 18:18:22.262 [info] [pet] Locator Poetry took 152.042µs
2025-11-12 18:18:22.262 [info] [pet] Locator PyEnv took 315.641µs
2025-11-12 18:18:22.262 [info] [pet] Locator Venv took 67.408µs
2025-11-12 18:18:22.262 [info] [pet] Locator VirtualEnv took 24.654µs
2025-11-12 18:18:22.262 [info] [pet] Locator VirtualEnvWrapper took 96.074µs
2025-11-12 18:18:22.262 [info] [pet] Locator GlobalVirtualEnvs took 221.291µs
2025-11-12 18:18:22.262 [info] [pet] Locator Locators took 100.562014ms
2025-11-12 18:18:22.262 [info] [pet] Locator Path took 168.602864ms
2025-11-12 18:18:22.262 [info] [pet] Locator Workspaces took 6.094321ms
2025-11-12 18:18:22.263 [info] getAllExtraSearchPaths completed. Total unique search directories: 0 Paths: []
2025-11-12 18:18:22.266 [info] Conda not found, turning off conda features. Error: Conda not found
    at R (/home/user/.vscode/extensions/ms-python.vscode-python-envs-1.10.0-linux-x64/dist/extension.js:2:529904)
    at L (/home/user/.vscode/extensions/ms-python.vscode-python-envs-1.10.0-linux-x64/dist/extension.js:2:530029)
    at t.registerCondaFeatures (/home/user/.vscode/extensions/ms-python.vscode-python-envs-1.10.0-linux-x64/dist/extension.js:2:546478)
    at async Promise.all (index 1)
    at Immediate.<anonymous> (/home/user/.vscode/extensions/ms-python.vscode-python-envs-1.10.0-linux-x64/dist/extension.js:2:678817)
2025-11-12 18:18:22.266 [info] [pet] Telemetry:  {"event":"RefreshPerformance","data":{"refreshPerformance":{"total":168,"breakdown":{"GlobalVirtualEnvs":0,"Locators":100,"Path":168,"Workspaces":6},"locators":{"Conda":99,"Homebrew":0,"LinuxGlobal":99,"PipEnv":0,"Pixi":0,"Poetry":0,"PyEnv":0,"Venv":0,"VirtualEnv":0,"VirtualEnvWrapper":0}}}}
2025-11-12 18:18:22.405 [info] Discovered env: /bin/python
2025-11-12 18:18:22.405 [info] Discovered env: /usr/bin/python
2025-11-12 18:18:22.405 [info] [pet] Env ("/sbin/python") in Path resolved as ResolvedPythonEnv { executable: "/sbin/python", prefix: "/usr", version: "3.13.7.final.0", is64_bit: true, symlinks: Some(["/sbin/python"]) } and reported as Some(GlobalPaths)
2025-11-12 18:18:22.405 [info] Discovered env: /sbin/python
2025-11-12 18:18:22.405 [info] [pet] Env ("/usr/sbin/python") in Path resolved as ResolvedPythonEnv { executable: "/usr/sbin/python", prefix: "/usr", version: "3.13.7.final.0", is64_bit: true, symlinks: Some(["/usr/sbin/python"]) } and reported as Some(GlobalPaths)
2025-11-12 18:18:22.405 [info] Discovered env: /usr/sbin/python
2025-11-12 18:18:22.406 [info] [pet] Env ("/sbin/python3") in Path resolved as ResolvedPythonEnv { executable: "/sbin/python3", prefix: "/usr", version: "3.13.7.final.0", is64_bit: true, symlinks: Some(["/sbin/python3"]) } and reported as Some(GlobalPaths)
2025-11-12 18:18:22.406 [info] [pet] Env ("/usr/sbin/python3") in Path resolved as ResolvedPythonEnv { executable: "/usr/sbin/python3", prefix: "/usr", version: "3.13.7.final.0", is64_bit: true, symlinks: Some(["/usr/sbin/python3"]) } and reported as Some(GlobalPaths)
2025-11-12 18:18:22.406 [info] Discovered env: /sbin/python3
2025-11-12 18:18:22.406 [info] Discovered env: /usr/sbin/python3
2025-11-12 18:18:22.406 [info] [pet] Env ("/sbin/python3.13") in Path resolved as ResolvedPythonEnv { executable: "/sbin/python3.13", prefix: "/usr", version: "3.13.7.final.0", is64_bit: true, symlinks: Some(["/sbin/python3.13"]) } and reported as Some(GlobalPaths)
2025-11-12 18:18:22.406 [info] Discovered env: /sbin/python3.13
2025-11-12 18:18:22.406 [info] [pet] Env ("/usr/sbin/python3.13") in Path resolved as ResolvedPythonEnv { executable: "/usr/sbin/python3.13", prefix: "/usr", version: "3.13.7.final.0", is64_bit: true, symlinks: Some(["/usr/sbin/python3.13"]) } and reported as Some(GlobalPaths)
2025-11-12 18:18:22.406 [info] Discovered env: /usr/sbin/python3.13
2025-11-12 18:18:22.406 [info] [pet] Locator Conda took 74.652361ms
2025-11-12 18:18:22.407 [info] [pet] Locator Homebrew took 46.861µs
2025-11-12 18:18:22.407 [info] [pet] Locator LinuxGlobal took 70.299772ms
2025-11-12 18:18:22.407 [info] [pet] Locator PipEnv took 19.284µs
2025-11-12 18:18:22.407 [info] [pet] Locator Pixi took 17.418µs
2025-11-12 18:18:22.407 [info] [pet] Locator Poetry took 108.909µs
2025-11-12 18:18:22.407 [info] [pet] Locator PyEnv took 127.872µs
2025-11-12 18:18:22.407 [info] [pet] Locator Venv took 40.102µs
2025-11-12 18:18:22.407 [info] [pet] Locator VirtualEnv took 24.309µs
2025-11-12 18:18:22.407 [info] [pet] Locator VirtualEnvWrapper took 17.969µs
2025-11-12 18:18:22.407 [info] [pet] Locator GlobalVirtualEnvs took 134.356µs
2025-11-12 18:18:22.407 [info] [pet] Locator Locators took 74.875476ms
2025-11-12 18:18:22.407 [info] [pet] Locator Path took 120.844105ms
2025-11-12 18:18:22.407 [info] [pet] Locator Workspaces took 7.119161ms
2025-11-12 18:18:22.407 [info] getAllExtraSearchPaths completed. Total unique search directories: 0 Paths: []
2025-11-12 18:18:22.408 [info] Pipenv not found
2025-11-12 18:18:22.408 [info] Pipenv not found, turning off pipenv features.
2025-11-12 18:18:22.408 [info] [pet] Telemetry:  {"event":"RefreshPerformance","data":{"refreshPerformance":{"total":120,"breakdown":{"GlobalVirtualEnvs":0,"Locators":74,"Path":120,"Workspaces":7},"locators":{"Conda":74,"Homebrew":0,"LinuxGlobal":70,"PipEnv":0,"Pixi":0,"Poetry":0,"PyEnv":0,"Venv":0,"VirtualEnv":0,"VirtualEnvWrapper":0}}}}
2025-11-12 18:18:22.485 [info] Discovered env: /bin/python
2025-11-12 18:18:22.494 [info] Discovered env: /usr/bin/python
2025-11-12 18:18:22.494 [info] [pet] Env ("/sbin/python") in Path resolved as ResolvedPythonEnv { executable: "/sbin/python", prefix: "/usr", version: "3.13.7.final.0", is64_bit: true, symlinks: Some(["/sbin/python"]) } and reported as Some(GlobalPaths)
2025-11-12 18:18:22.494 [info] Discovered env: /sbin/python
2025-11-12 18:18:22.495 [info] [pet] Env ("/usr/sbin/python") in Path resolved as ResolvedPythonEnv { executable: "/usr/sbin/python", prefix: "/usr", version: "3.13.7.final.0", is64_bit: true, symlinks: Some(["/usr/sbin/python"]) } and reported as Some(GlobalPaths)
2025-11-12 18:18:22.495 [info] Discovered env: /usr/sbin/python
2025-11-12 18:18:22.526 [info] [pet] Env ("/sbin/python3") in Path resolved as ResolvedPythonEnv { executable: "/sbin/python3", prefix: "/usr", version: "3.13.7.final.0", is64_bit: true, symlinks: Some(["/sbin/python3"]) } and reported as Some(GlobalPaths)
2025-11-12 18:18:22.527 [info] Discovered env: /sbin/python3
2025-11-12 18:18:22.537 [info] [pet] Env ("/usr/sbin/python3") in Path resolved as ResolvedPythonEnv { executable: "/usr/sbin/python3", prefix: "/usr", version: "3.13.7.final.0", is64_bit: true, symlinks: Some(["/usr/sbin/python3"]) } and reported as Some(GlobalPaths)
2025-11-12 18:18:22.538 [info] Discovered env: /usr/sbin/python3
2025-11-12 18:18:22.548 [info] [pet] Env ("/sbin/python3.13") in Path resolved as ResolvedPythonEnv { executable: "/sbin/python3.13", prefix: "/usr", version: "3.13.7.final.0", is64_bit: true, symlinks: Some(["/sbin/python3.13"]) } and reported as Some(GlobalPaths)
2025-11-12 18:18:22.548 [info] Discovered env: /sbin/python3.13
2025-11-12 18:18:22.551 [info] [pet] Env ("/usr/sbin/python3.13") in Path resolved as ResolvedPythonEnv { executable: "/usr/sbin/python3.13", prefix: "/usr", version: "3.13.7.final.0", is64_bit: true, symlinks: Some(["/usr/sbin/python3.13"]) } and reported as Some(GlobalPaths)
2025-11-12 18:18:22.551 [info] Discovered env: /usr/sbin/python3.13
2025-11-12 18:18:22.551 [info] [pet] Locator Conda took 88.420812ms
2025-11-12 18:18:22.551 [info] [pet] Locator Homebrew took 68.254µs
2025-11-12 18:18:22.551 [info] [pet] Locator LinuxGlobal took 77.580557ms
2025-11-12 18:18:22.551 [info] [pet] Locator PipEnv took 11.249µs
2025-11-12 18:18:22.551 [info] [pet] Locator Pixi took 152.906µs
2025-11-12 18:18:22.551 [info] [pet] Locator Poetry took 99.84µs
2025-11-12 18:18:22.551 [info] [pet] Locator PyEnv took 139.955µs
2025-11-12 18:18:22.551 [info] [pet] Locator Venv took 20.661µs
2025-11-12 18:18:22.551 [info] [pet] Locator VirtualEnv took 22.116µs
2025-11-12 18:18:22.551 [info] [pet] Locator VirtualEnvWrapper took 20.253µs
2025-11-12 18:18:22.551 [info] [pet] Locator GlobalVirtualEnvs took 88.299µs
2025-11-12 18:18:22.551 [info] [pet] Locator Locators took 88.829441ms
2025-11-12 18:18:22.551 [info] [pet] Locator Path took 142.073754ms
2025-11-12 18:18:22.551 [info] [pet] Locator Workspaces took 3.548228ms
2025-11-12 18:18:22.552 [info] getAllExtraSearchPaths completed. Total unique search directories: 0 Paths: []
2025-11-12 18:18:22.552 [info] Pyenv not found, turning off pyenv features.
2025-11-12 18:18:22.553 [info] [pet] Telemetry:  {"event":"RefreshPerformance","data":{"refreshPerformance":{"total":142,"breakdown":{"GlobalVirtualEnvs":0,"Locators":88,"Path":142,"Workspaces":3},"locators":{"Conda":88,"Homebrew":0,"LinuxGlobal":77,"PipEnv":0,"Pixi":0,"Poetry":0,"PyEnv":0,"Venv":0,"VirtualEnv":0,"VirtualEnvWrapper":0}}}}
2025-11-12 18:18:22.618 [info] Discovered env: /bin/python
2025-11-12 18:18:22.637 [info] Discovered env: /usr/bin/python
2025-11-12 18:18:22.643 [info] [pet] Env ("/usr/sbin/python") in Path resolved as ResolvedPythonEnv { executable: "/usr/sbin/python", prefix: "/usr", version: "3.13.7.final.0", is64_bit: true, symlinks: Some(["/usr/sbin/python"]) } and reported as Some(GlobalPaths)
2025-11-12 18:18:22.643 [info] Discovered env: /usr/sbin/python
2025-11-12 18:18:22.653 [info] [pet] Env ("/sbin/python") in Path resolved as ResolvedPythonEnv { executable: "/sbin/python", prefix: "/usr", version: "3.13.7.final.0", is64_bit: true, symlinks: Some(["/sbin/python"]) } and reported as Some(GlobalPaths)
2025-11-12 18:18:22.653 [info] Discovered env: /sbin/python
2025-11-12 18:18:22.661 [info] [pet] Env ("/usr/sbin/python3") in Path resolved as ResolvedPythonEnv { executable: "/usr/sbin/python3", prefix: "/usr", version: "3.13.7.final.0", is64_bit: true, symlinks: Some(["/usr/sbin/python3"]) } and reported as Some(GlobalPaths)
2025-11-12 18:18:22.661 [info] Discovered env: /usr/sbin/python3
2025-11-12 18:18:22.725 [info] [pet] Env ("/sbin/python3") in Path resolved as ResolvedPythonEnv { executable: "/sbin/python3", prefix: "/usr", version: "3.13.7.final.0", is64_bit: true, symlinks: Some(["/sbin/python3"]) } and reported as Some(GlobalPaths)
2025-11-12 18:18:22.726 [info] Discovered env: /sbin/python3
2025-11-12 18:18:22.728 [info] [pet] Env ("/usr/sbin/python3.13") in Path resolved as ResolvedPythonEnv { executable: "/usr/sbin/python3.13", prefix: "/usr", version: "3.13.7.final.0", is64_bit: true, symlinks: Some(["/usr/sbin/python3.13"]) } and reported as Some(GlobalPaths)
2025-11-12 18:18:22.729 [info] Discovered env: /usr/sbin/python3.13
2025-11-12 18:18:22.729 [info] [pet] Env ("/sbin/python3.13") in Path resolved as ResolvedPythonEnv { executable: "/sbin/python3.13", prefix: "/usr", version: "3.13.7.final.0", is64_bit: true, symlinks: Some(["/sbin/python3.13"]) } and reported as Some(GlobalPaths)
2025-11-12 18:18:22.729 [info] Discovered env: /sbin/python3.13
2025-11-12 18:18:22.729 [info] [pet] Locator Conda took 93.520423ms
2025-11-12 18:18:22.729 [info] [pet] Locator Homebrew took 79.257µs
2025-11-12 18:18:22.729 [info] [pet] Locator LinuxGlobal took 77.20671ms
2025-11-12 18:18:22.729 [info] [pet] Locator PipEnv took 17.599µs
2025-11-12 18:18:22.729 [info] [pet] Locator Pixi took 37.129µs
2025-11-12 18:18:22.729 [info] [pet] Locator Poetry took 98.33µs
2025-11-12 18:18:22.729 [info] [pet] Locator PyEnv took 97.146µs
2025-11-12 18:18:22.729 [info] [pet] Locator Venv took 15.815µs
2025-11-12 18:18:22.729 [info] [pet] Locator VirtualEnv took 35.023µs
2025-11-12 18:18:22.729 [info] [pet] Locator VirtualEnvWrapper took 20.2µs
2025-11-12 18:18:22.729 [info] [pet] Locator GlobalVirtualEnvs took 74.637µs
2025-11-12 18:18:22.729 [info] [pet] Locator Locators took 93.760777ms
2025-11-12 18:18:22.729 [info] [pet] Locator Path took 132.092972ms
2025-11-12 18:18:22.730 [info] [pet] Locator Workspaces took 2.449666ms
2025-11-12 18:18:22.730 [info] getAllExtraSearchPaths completed. Total unique search directories: 0 Paths: []
2025-11-12 18:18:22.730 [info] Poetry not found, turning off poetry features.
2025-11-12 18:18:22.732 [info] [resolveDefaultInterpreter] User configured defaultInterpreterPath: /bin/python and defaultEnvManager: undefined
2025-11-12 18:18:22.732 [info] getAllExtraSearchPaths completed. Total unique search directories: 0 Paths: []
2025-11-12 18:18:22.732 [info] [pet] Telemetry:  {"event":"RefreshPerformance","data":{"refreshPerformance":{"total":132,"breakdown":{"GlobalVirtualEnvs":0,"Locators":93,"Path":132,"Workspaces":2},"locators":{"Conda":93,"Homebrew":0,"LinuxGlobal":77,"PipEnv":0,"Pixi":0,"Poetry":0,"PyEnv":0,"Venv":0,"VirtualEnv":0,"VirtualEnvWrapper":0}}}}
2025-11-12 18:18:22.805 [info] Discovered env: /usr/bin/python
2025-11-12 18:18:22.818 [info] Discovered env: /bin/python
2025-11-12 18:18:22.820 [info] [pet] Env ("/sbin/python") in Path resolved as ResolvedPythonEnv { executable: "/sbin/python", prefix: "/usr", version: "3.13.7.final.0", is64_bit: true, symlinks: Some(["/sbin/python"]) } and reported as Some(GlobalPaths)
2025-11-12 18:18:22.821 [info] Discovered env: /sbin/python
2025-11-12 18:18:22.821 [info] Resolved Python Environment /bin/python
2025-11-12 18:18:22.825 [info] [pet] Env ("/usr/sbin/python") in Path resolved as ResolvedPythonEnv { executable: "/usr/sbin/python", prefix: "/usr", version: "3.13.7.final.0", is64_bit: true, symlinks: Some(["/usr/sbin/python"]) } and reported as Some(GlobalPaths)
2025-11-12 18:18:22.826 [info] Discovered env: /usr/sbin/python
2025-11-12 18:18:22.840 [info] [pet] Env ("/sbin/python3") in Path resolved as ResolvedPythonEnv { executable: "/sbin/python3", prefix: "/usr", version: "3.13.7.final.0", is64_bit: true, symlinks: Some(["/sbin/python3"]) } and reported as Some(GlobalPaths)
2025-11-12 18:18:22.840 [info] Discovered env: /sbin/python3
2025-11-12 18:18:22.841 [info] [pet] Env ("/usr/sbin/python3") in Path resolved as ResolvedPythonEnv { executable: "/usr/sbin/python3", prefix: "/usr", version: "3.13.7.final.0", is64_bit: true, symlinks: Some(["/usr/sbin/python3"]) } and reported as Some(GlobalPaths)
2025-11-12 18:18:22.842 [info] Discovered env: /usr/sbin/python3
2025-11-12 18:18:22.858 [info] [pet] Env ("/sbin/python3.13") in Path resolved as ResolvedPythonEnv { executable: "/sbin/python3.13", prefix: "/usr", version: "3.13.7.final.0", is64_bit: true, symlinks: Some(["/sbin/python3.13"]) } and reported as Some(GlobalPaths)
2025-11-12 18:18:22.858 [info] Discovered env: /sbin/python3.13
2025-11-12 18:18:22.858 [info] [pet] Env ("/usr/sbin/python3.13") in Path resolved as ResolvedPythonEnv { executable: "/usr/sbin/python3.13", prefix: "/usr", version: "3.13.7.final.0", is64_bit: true, symlinks: Some(["/usr/sbin/python3.13"]) } and reported as Some(GlobalPaths)
2025-11-12 18:18:22.859 [info] Discovered env: /usr/sbin/python3.13
2025-11-12 18:18:22.859 [info] [pet] Locator Conda took 88.794173ms
2025-11-12 18:18:22.859 [info] [pet] Locator Homebrew took 76.528µs
2025-11-12 18:18:22.859 [info] [pet] Locator LinuxGlobal took 81.295074ms
2025-11-12 18:18:22.859 [info] [pet] Locator PipEnv took 15.365µs
2025-11-12 18:18:22.859 [info] [pet] Locator Pixi took 17.642µs
2025-11-12 18:18:22.859 [info] [pet] Locator Poetry took 89.975µs
2025-11-12 18:18:22.859 [info] [pet] Locator PyEnv took 74.513µs
2025-11-12 18:18:22.859 [info] [pet] Locator Venv took 990.529µs
2025-11-12 18:18:22.859 [info] [pet] Locator VirtualEnv took 98.733µs
2025-11-12 18:18:22.859 [info] [pet] Locator VirtualEnvWrapper took 11.884µs
2025-11-12 18:18:22.859 [info] [pet] Locator GlobalVirtualEnvs took 54.809µs
2025-11-12 18:18:22.859 [info] [pet] Locator Locators took 89.154728ms
2025-11-12 18:18:22.859 [info] [pet] Locator Path took 125.662792ms
2025-11-12 18:18:22.859 [info] [pet] Locator Workspaces took 4.529066ms
2025-11-12 18:18:22.859 [info] getAllExtraSearchPaths completed. Total unique search directories: 0 Paths: []
2025-11-12 18:18:22.863 [info] [pet] Telemetry:  {"event":"RefreshPerformance","data":{"refreshPerformance":{"total":125,"breakdown":{"GlobalVirtualEnvs":0,"Locators":89,"Path":125,"Workspaces":4},"locators":{"Conda":88,"Homebrew":0,"LinuxGlobal":81,"PipEnv":0,"Pixi":0,"Poetry":0,"PyEnv":0,"Venv":0,"VirtualEnv":0,"VirtualEnvWrapper":0}}}}
2025-11-12 18:18:22.930 [info] Discovered env: /bin/python
2025-11-12 18:18:22.935 [info] Discovered env: /usr/bin/python
2025-11-12 18:18:22.940 [info] [pet] Env ("/usr/sbin/python") in Path resolved as ResolvedPythonEnv { executable: "/usr/sbin/python", prefix: "/usr", version: "3.13.7.final.0", is64_bit: true, symlinks: Some(["/usr/sbin/python"]) } and reported as Some(GlobalPaths)
2025-11-12 18:18:22.940 [info] Discovered env: /usr/sbin/python
2025-11-12 18:18:22.948 [info] [pet] Env ("/sbin/python") in Path resolved as ResolvedPythonEnv { executable: "/sbin/python", prefix: "/usr", version: "3.13.7.final.0", is64_bit: true, symlinks: Some(["/sbin/python"]) } and reported as Some(GlobalPaths)
2025-11-12 18:18:22.948 [info] Discovered env: /sbin/python
2025-11-12 18:18:22.961 [info] [pet] Env ("/usr/sbin/python3") in Path resolved as ResolvedPythonEnv { executable: "/usr/sbin/python3", prefix: "/usr", version: "3.13.7.final.0", is64_bit: true, symlinks: Some(["/usr/sbin/python3"]) } and reported as Some(GlobalPaths)
2025-11-12 18:18:22.961 [info] Discovered env: /usr/sbin/python3
2025-11-12 18:18:22.969 [info] [pet] Env ("/sbin/python3") in Path resolved as ResolvedPythonEnv { executable: "/sbin/python3", prefix: "/usr", version: "3.13.7.final.0", is64_bit: true, symlinks: Some(["/sbin/python3"]) } and reported as Some(GlobalPaths)
2025-11-12 18:18:22.969 [info] Discovered env: /sbin/python3
2025-11-12 18:18:22.976 [info] [pet] Env ("/usr/sbin/python3.13") in Path resolved as ResolvedPythonEnv { executable: "/usr/sbin/python3.13", prefix: "/usr", version: "3.13.7.final.0", is64_bit: true, symlinks: Some(["/usr/sbin/python3.13"]) } and reported as Some(GlobalPaths)
2025-11-12 18:18:22.976 [info] Discovered env: /usr/sbin/python3.13
2025-11-12 18:18:22.980 [info] [pet] Env ("/sbin/python3.13") in Path resolved as ResolvedPythonEnv { executable: "/sbin/python3.13", prefix: "/usr", version: "3.13.7.final.0", is64_bit: true, symlinks: Some(["/sbin/python3.13"]) } and reported as Some(GlobalPaths)
2025-11-12 18:18:22.980 [info] Discovered env: /sbin/python3.13
2025-11-12 18:18:22.980 [info] [pet] Locator Conda took 70.634807ms
2025-11-12 18:18:22.980 [info] [pet] Locator Homebrew took 57.96µs
2025-11-12 18:18:22.980 [info] [pet] Locator LinuxGlobal took 69.805462ms
2025-11-12 18:18:22.980 [info] [pet] Locator PipEnv took 30.38µs
2025-11-12 18:18:22.980 [info] [pet] Locator Pixi took 37.701µs
2025-11-12 18:18:22.980 [info] [pet] Locator Poetry took 187.157µs
2025-11-12 18:18:22.980 [info] [pet] Locator PyEnv took 320.366µs
2025-11-12 18:18:22.980 [info] [pet] Locator Venv took 19.455µs
2025-11-12 18:18:22.980 [info] [pet] Locator VirtualEnv took 20.012µs
2025-11-12 18:18:22.980 [info] [pet] Locator VirtualEnvWrapper took 25.54µs
2025-11-12 18:18:22.980 [info] [pet] Locator GlobalVirtualEnvs took 99.124µs
2025-11-12 18:18:22.980 [info] [pet] Locator Locators took 71.279766ms
2025-11-12 18:18:22.980 [info] [pet] Locator Path took 116.481364ms
2025-11-12 18:18:22.980 [info] [pet] Locator Workspaces took 4.295963ms
2025-11-12 18:18:22.981 [info] getAllExtraSearchPaths completed. Total unique search directories: 0 Paths: []
2025-11-12 18:18:22.986 [info] [pet] Telemetry:  {"event":"RefreshPerformance","data":{"refreshPerformance":{"total":116,"breakdown":{"GlobalVirtualEnvs":0,"Locators":71,"Path":116,"Workspaces":4},"locators":{"Conda":70,"Homebrew":0,"LinuxGlobal":69,"PipEnv":0,"Pixi":0,"Poetry":0,"PyEnv":0,"Venv":0,"VirtualEnv":0,"VirtualEnvWrapper":0}}}}
2025-11-12 18:18:23.036 [info] Discovered env: /bin/python
2025-11-12 18:18:23.067 [info] Discovered env: /usr/bin/python
2025-11-12 18:18:23.067 [info] [pet] Env ("/usr/sbin/python") in Path resolved as ResolvedPythonEnv { executable: "/usr/sbin/python", prefix: "/usr", version: "3.13.7.final.0", is64_bit: true, symlinks: Some(["/usr/sbin/python"]) } and reported as Some(GlobalPaths)
2025-11-12 18:18:23.067 [info] Discovered env: /usr/sbin/python
2025-11-12 18:18:23.074 [info] [pet] Env ("/sbin/python") in Path resolved as ResolvedPythonEnv { executable: "/sbin/python", prefix: "/usr", version: "3.13.7.final.0", is64_bit: true, symlinks: Some(["/sbin/python"]) } and reported as Some(GlobalPaths)
2025-11-12 18:18:23.074 [info] Discovered env: /sbin/python
2025-11-12 18:18:23.084 [info] [pet] Env ("/usr/sbin/python3") in Path resolved as ResolvedPythonEnv { executable: "/usr/sbin/python3", prefix: "/usr", version: "3.13.7.final.0", is64_bit: true, symlinks: Some(["/usr/sbin/python3"]) } and reported as Some(GlobalPaths)
2025-11-12 18:18:23.085 [info] Discovered env: /usr/sbin/python3
2025-11-12 18:18:23.095 [info] [pet] Env ("/sbin/python3") in Path resolved as ResolvedPythonEnv { executable: "/sbin/python3", prefix: "/usr", version: "3.13.7.final.0", is64_bit: true, symlinks: Some(["/sbin/python3"]) } and reported as Some(GlobalPaths)
2025-11-12 18:18:23.095 [info] Discovered env: /sbin/python3
2025-11-12 18:18:23.107 [info] [pet] Env ("/usr/sbin/python3.13") in Path resolved as ResolvedPythonEnv { executable: "/usr/sbin/python3.13", prefix: "/usr", version: "3.13.7.final.0", is64_bit: true, symlinks: Some(["/usr/sbin/python3.13"]) } and reported as Some(GlobalPaths)
2025-11-12 18:18:23.107 [info] Discovered env: /usr/sbin/python3.13
2025-11-12 18:18:23.108 [info] [pet] Env ("/sbin/python3.13") in Path resolved as ResolvedPythonEnv { executable: "/sbin/python3.13", prefix: "/usr", version: "3.13.7.final.0", is64_bit: true, symlinks: Some(["/sbin/python3.13"]) } and reported as Some(GlobalPaths)
2025-11-12 18:18:23.109 [info] Discovered env: /sbin/python3.13
2025-11-12 18:18:23.109 [info] [pet] Locator Conda took 85.244168ms
2025-11-12 18:18:23.109 [info] [pet] Locator Homebrew took 66.504µs
2025-11-12 18:18:23.109 [info] [pet] Locator LinuxGlobal took 80.482476ms
2025-11-12 18:18:23.109 [info] [pet] Locator PipEnv took 17.181µs
2025-11-12 18:18:23.109 [info] [pet] Locator Pixi took 35.822µs
2025-11-12 18:18:23.109 [info] [pet] Locator Poetry took 103.039µs
2025-11-12 18:18:23.109 [info] [pet] Locator PyEnv took 117.873µs
2025-11-12 18:18:23.109 [info] [pet] Locator Venv took 21.237µs
2025-11-12 18:18:23.109 [info] [pet] Locator VirtualEnv took 22.095µs
2025-11-12 18:18:23.109 [info] [pet] Locator VirtualEnvWrapper took 17.503µs
2025-11-12 18:18:23.109 [info] [pet] Locator GlobalVirtualEnvs took 86.589µs
2025-11-12 18:18:23.109 [info] [pet] Locator Locators took 85.681198ms
2025-11-12 18:18:23.109 [info] [pet] Locator Path took 122.446284ms
2025-11-12 18:18:23.109 [info] [pet] Locator Workspaces took 7.151655ms
2025-11-12 18:18:23.110 [info] getAllExtraSearchPaths completed. Total unique search directories: 0 Paths: []
2025-11-12 18:18:23.168 [info] Python API: Changed environment from undefined to Python 3.13.7 for: /home/user/repos
2025-11-12 18:18:23.168 [info] Internal: Changed environment from undefined to Python 3.13.7 for: /home/user/repos
2025-11-12 18:18:23.169 [info] [pet] Telemetry:  {"event":"RefreshPerformance","data":{"refreshPerformance":{"total":122,"breakdown":{"GlobalVirtualEnvs":0,"Locators":85,"Path":122,"Workspaces":7},"locators":{"Conda":85,"Homebrew":0,"LinuxGlobal":80,"PipEnv":0,"Pixi":0,"Poetry":0,"PyEnv":0,"Venv":0,"VirtualEnv":0,"VirtualEnvWrapper":0}}}}
2025-11-12 18:18:23.228 [info] Discovered env: /bin/python
2025-11-12 18:18:23.246 [info] Discovered env: /usr/bin/python
2025-11-12 18:18:23.254 [info] [pet] Env ("/usr/sbin/python") in Path resolved as ResolvedPythonEnv { executable: "/usr/sbin/python", prefix: "/usr", version: "3.13.7.final.0", is64_bit: true, symlinks: Some(["/usr/sbin/python"]) } and reported as Some(GlobalPaths)
2025-11-12 18:18:23.254 [info] Discovered env: /usr/sbin/python
2025-11-12 18:18:23.255 [info] [pet] Env ("/sbin/python") in Path resolved as ResolvedPythonEnv { executable: "/sbin/python", prefix: "/usr", version: "3.13.7.final.0", is64_bit: true, symlinks: Some(["/sbin/python"]) } and reported as Some(GlobalPaths)
2025-11-12 18:18:23.255 [info] Discovered env: /sbin/python
2025-11-12 18:18:23.272 [info] [pet] Env ("/usr/sbin/python3") in Path resolved as ResolvedPythonEnv { executable: "/usr/sbin/python3", prefix: "/usr", version: "3.13.7.final.0", is64_bit: true, symlinks: Some(["/usr/sbin/python3"]) } and reported as Some(GlobalPaths)
2025-11-12 18:18:23.272 [info] Discovered env: /usr/sbin/python3
2025-11-12 18:18:23.275 [info] [pet] Env ("/sbin/python3") in Path resolved as ResolvedPythonEnv { executable: "/sbin/python3", prefix: "/usr", version: "3.13.7.final.0", is64_bit: true, symlinks: Some(["/sbin/python3"]) } and reported as Some(GlobalPaths)
2025-11-12 18:18:23.275 [info] Discovered env: /sbin/python3
2025-11-12 18:18:23.288 [info] [pet] Env ("/usr/sbin/python3.13") in Path resolved as ResolvedPythonEnv { executable: "/usr/sbin/python3.13", prefix: "/usr", version: "3.13.7.final.0", is64_bit: true, symlinks: Some(["/usr/sbin/python3.13"]) } and reported as Some(GlobalPaths)
2025-11-12 18:18:23.288 [info] Discovered env: /usr/sbin/python3.13
2025-11-12 18:18:23.291 [info] [pet] Env ("/sbin/python3.13") in Path resolved as ResolvedPythonEnv { executable: "/sbin/python3.13", prefix: "/usr", version: "3.13.7.final.0", is64_bit: true, symlinks: Some(["/sbin/python3.13"]) } and reported as Some(GlobalPaths)
2025-11-12 18:18:23.291 [info] Discovered env: /sbin/python3.13
2025-11-12 18:18:23.291 [info] [pet] Locator Conda took 75.638781ms
2025-11-12 18:18:23.291 [info] [pet] Locator Homebrew took 52.233µs
2025-11-12 18:18:23.292 [info] [pet] Locator LinuxGlobal took 76.871929ms
2025-11-12 18:18:23.292 [info] [pet] Locator PipEnv took 18.384µs
2025-11-12 18:18:23.292 [info] [pet] Locator Pixi took 23.845µs
2025-11-12 18:18:23.292 [info] [pet] Locator Poetry took 99.665µs
2025-11-12 18:18:23.292 [info] [pet] Locator PyEnv took 116.184µs
2025-11-12 18:18:23.292 [info] [pet] Locator Venv took 16.924µs
2025-11-12 18:18:23.292 [info] [pet] Locator VirtualEnv took 14.728µs
2025-11-12 18:18:23.292 [info] [pet] Locator VirtualEnvWrapper took 25.742µs
2025-11-12 18:18:23.292 [info] [pet] Locator GlobalVirtualEnvs took 65.97µs
2025-11-12 18:18:23.292 [info] [pet] Locator Locators took 79.82387ms
2025-11-12 18:18:23.292 [info] [pet] Locator Path took 124.351793ms
2025-11-12 18:18:23.292 [info] [pet] Locator Workspaces took 12.781465ms
2025-11-12 18:18:23.292 [info] [pet] Telemetry:  {"event":"RefreshPerformance","data":{"refreshPerformance":{"total":124,"breakdown":{"GlobalVirtualEnvs":0,"Locators":79,"Path":124,"Workspaces":12},"locators":{"Conda":75,"Homebrew":0,"LinuxGlobal":76,"PipEnv":0,"Pixi":0,"Poetry":0,"PyEnv":0,"Venv":0,"VirtualEnv":0,"VirtualEnvWrapper":0}}}}
2025-11-12 18:18:24.539 [info] Python API: Changed environment from undefined to Python 3.13.7 for: global
2025-11-12 18:18:24.539 [info] Internal: Changed environment from undefined to Python 3.13.7 for: global
2025-11-12 18:24:54.688 [info] getAllExtraSearchPaths completed. Total unique search directories: 0 Paths: []
2025-11-12 18:24:54.699 [info] Resolved Python Environment /bin/python
2025-11-12 18:24:54.699 [info] getAllExtraSearchPaths completed. Total unique search directories: 0 Paths: []
2025-11-12 18:24:54.736 [info] Resolved Python Environment /bin/python
2025-11-12 18:24:56.564 [info] getAllExtraSearchPaths completed. Total unique search directories: 0 Paths: []
2025-11-12 18:24:56.572 [info] Resolved Python Environment /bin/python
2025-11-12 18:24:56.573 [info] getAllExtraSearchPaths completed. Total unique search directories: 0 Paths: []
2025-11-12 18:24:56.583 [info] Resolved Python Environment /bin/python
2025-11-12 18:24:57.762 [info] getAllExtraSearchPaths completed. Total unique search directories: 0 Paths: []
2025-11-12 18:24:57.773 [info] Resolved Python Environment /bin/python
2025-11-12 18:24:57.774 [info] getAllExtraSearchPaths completed. Total unique search directories: 0 Paths: []
2025-11-12 18:24:57.783 [info] Resolved Python Environment /bin/python
2025-11-12 18:25:02.787 [info] getAllExtraSearchPaths completed. Total unique search directories: 0 Paths: []
2025-11-12 18:25:02.827 [info] Resolved Python Environment /bin/python
2025-11-12 18:25:02.827 [info] getAllExtraSearchPaths completed. Total unique search directories: 0 Paths: []
2025-11-12 18:25:02.837 [info] Resolved Python Environment /bin/python
2025-11-12 18:25:04.799 [info] getAllExtraSearchPaths completed. Total unique search directories: 0 Paths: []
2025-11-12 18:25:04.842 [info] Resolved Python Environment /bin/python
2025-11-12 18:25:04.842 [info] getAllExtraSearchPaths completed. Total unique search directories: 0 Paths: []
2025-11-12 18:25:04.851 [info] Resolved Python Environment /bin/python
2025-11-12 18:25:05.751 [info] getAllExtraSearchPaths completed. Total unique search directories: 0 Paths: []
2025-11-12 18:25:05.759 [info] Resolved Python Environment /bin/python
2025-11-12 18:25:05.759 [info] getAllExtraSearchPaths completed. Total unique search directories: 0 Paths: []
2025-11-12 18:25:05.769 [info] Resolved Python Environment /bin/python
2025-11-12 18:25:06.418 [info] getAllExtraSearchPaths completed. Total unique search directories: 0 Paths: []
2025-11-12 18:25:06.428 [info] Resolved Python Environment /bin/python
2025-11-12 18:25:06.428 [info] getAllExtraSearchPaths completed. Total unique search directories: 0 Paths: []
2025-11-12 18:25:06.445 [info] Resolved Python Environment /bin/python
2025-11-12 18:25:49.501 [info] getAllExtraSearchPaths completed. Total unique search directories: 0 Paths: []
2025-11-12 18:25:49.547 [info] Resolved Python Environment /bin/python
2025-11-12 18:25:49.547 [info] getAllExtraSearchPaths completed. Total unique search directories: 0 Paths: []
2025-11-12 18:25:49.617 [info] Resolved Python Environment /bin/python
2025-11-12 18:25:50.717 [info] getAllExtraSearchPaths completed. Total unique search directories: 0 Paths: []
2025-11-12 18:25:50.731 [info] Resolved Python Environment /bin/python
2025-11-12 18:25:50.732 [info] getAllExtraSearchPaths completed. Total unique search directories: 0 Paths: []
2025-11-12 18:25:50.740 [info] Resolved Python Environment /bin/python
2025-11-12 18:25:52.694 [info] getAllExtraSearchPaths completed. Total unique search directories: 0 Paths: []
2025-11-12 18:25:52.703 [info] Resolved Python Environment /bin/python
2025-11-12 18:25:52.704 [info] getAllExtraSearchPaths completed. Total unique search directories: 0 Paths: []
2025-11-12 18:25:52.713 [info] Resolved Python Environment /bin/python
2025-11-12 18:36:45.032 [info] getAllExtraSearchPaths completed. Total unique search directories: 0 Paths: []
2025-11-12 18:36:45.043 [info] Resolved Python Environment /bin/python
2025-11-12 18:36:45.044 [info] getAllExtraSearchPaths completed. Total unique search directories: 0 Paths: []
2025-11-12 18:36:45.054 [info] Resolved Python Environment /bin/python
2025-11-12 18:36:45.532 [info] getAllExtraSearchPaths completed. Total unique search directories: 0 Paths: []
2025-11-12 18:36:45.542 [info] Resolved Python Environment /bin/python
2025-11-12 18:36:45.542 [info] getAllExtraSearchPaths completed. Total unique search directories: 0 Paths: []
2025-11-12 18:36:45.552 [info] Resolved Python Environment /bin/python
2025-11-12 18:36:45.557 [info] getAllExtraSearchPaths completed. Total unique search directories: 0 Paths: []
2025-11-12 18:36:45.566 [info] Resolved Python Environment /bin/python
2025-11-12 18:36:45.567 [info] getAllExtraSearchPaths completed. Total unique search directories: 0 Paths: []
2025-11-12 18:36:45.572 [info] getAllExtraSearchPaths completed. Total unique search directories: 0 Paths: []
2025-11-12 18:36:45.576 [info] Resolved Python Environment /bin/python
2025-11-12 18:36:45.583 [info] Resolved Python Environment /bin/python
2025-11-12 18:36:45.583 [info] getAllExtraSearchPaths completed. Total unique search directories: 0 Paths: []
2025-11-12 18:36:45.593 [info] Resolved Python Environment /bin/python
2025-11-12 18:36:45.607 [info] getAllExtraSearchPaths completed. Total unique search directories: 0 Paths: []
2025-11-12 18:36:45.619 [info] Resolved Python Environment /bin/python
2025-11-12 18:36:45.619 [info] getAllExtraSearchPaths completed. Total unique search directories: 0 Paths: []
2025-11-12 18:36:45.636 [info] Resolved Python Environment /bin/python
2025-11-12 18:56:37.840 [info] getAllExtraSearchPaths completed. Total unique search directories: 0 Paths: []
2025-11-12 18:56:39.647 [info] getAllExtraSearchPaths completed. Total unique search directories: 0 Paths: []
2025-11-12 18:56:39.653 [info] Resolved Python Environment /bin/python
2025-11-12 18:56:39.654 [info] getAllExtraSearchPaths completed. Total unique search directories: 0 Paths: []
2025-11-12 18:56:39.669 [info] Resolved Python Environment /bin/python
2025-11-12 18:56:39.669 [info] getAllExtraSearchPaths completed. Total unique search directories: 0 Paths: []
2025-11-12 18:56:39.677 [info] Resolved Python Environment /bin/python
2025-11-12 18:56:39.690 [info] Resolved Python Environment /bin/python
2025-11-12 18:56:40.432 [info] getAllExtraSearchPaths completed. Total unique search directories: 0 Paths: []
2025-11-12 18:56:40.443 [info] Resolved Python Environment /bin/python
2025-11-12 18:56:40.443 [info] getAllExtraSearchPaths completed. Total unique search directories: 0 Paths: []
2025-11-12 18:56:40.454 [info] Resolved Python Environment /bin/python
2025-11-12 18:56:41.474 [info] getAllExtraSearchPaths completed. Total unique search directories: 0 Paths: []
2025-11-12 18:56:41.504 [info] Resolved Python Environment /bin/python
2025-11-12 18:56:41.505 [info] getAllExtraSearchPaths completed. Total unique search directories: 0 Paths: []
2025-11-12 18:56:41.527 [info] Resolved Python Environment /bin/python
2025-11-12 18:56:45.393 [info] getAllExtraSearchPaths completed. Total unique search directories: 0 Paths: []
2025-11-12 18:56:45.529 [info] Resolved Python Environment /bin/python
2025-11-12 18:56:45.530 [info] getAllExtraSearchPaths completed. Total unique search directories: 0 Paths: []
2025-11-12 18:56:45.557 [info] Resolved Python Environment /bin/python
2025-11-12 18:56:56.388 [info] getAllExtraSearchPaths completed. Total unique search directories: 0 Paths: []
2025-11-12 18:56:56.415 [info] Resolved Python Environment /bin/python
2025-11-12 18:56:56.416 [info] getAllExtraSearchPaths completed. Total unique search directories: 0 Paths: []
2025-11-12 18:56:56.539 [info] Resolved Python Environment /bin/python
2025-11-12 18:56:58.629 [info] getAllExtraSearchPaths completed. Total unique search directories: 0 Paths: []
2025-11-12 18:56:58.654 [info] Resolved Python Environment /bin/python
2025-11-12 18:56:58.654 [info] getAllExtraSearchPaths completed. Total unique search directories: 0 Paths: []
2025-11-12 18:56:58.682 [info] Resolved Python Environment /bin/python
