2025-10-15 20:22:27.646 [info] Reading sessions from keychain...
2025-10-15 20:22:27.646 [info] Got stored sessions!
2025-10-15 20:22:27.646 [info] Got 1 verified sessions.
2025-10-15 20:22:27.646 [info] Getting sessions for all scopes...
2025-10-15 20:22:27.646 [info] Got 1 sessions for ...
2025-10-15 20:22:27.646 [info] Getting sessions for all scopes...
2025-10-15 20:22:27.646 [info] Got 1 sessions for ...
2025-10-15 20:22:27.646 [info] Getting sessions for all scopes...
2025-10-15 20:22:27.646 [info] Got 1 sessions for ...
2025-10-15 20:22:27.646 [info] Getting sessions for all scopes...
2025-10-15 20:22:27.646 [info] Got 1 sessions for ...
2025-10-15 20:22:27.646 [info] Getting sessions for all scopes...
2025-10-15 20:22:27.646 [info] Got 1 sessions for ...
2025-10-15 20:22:27.646 [info] Getting sessions for all scopes...
2025-10-15 20:22:27.646 [info] Got 1 sessions for ...
2025-10-15 20:22:27.646 [info] Getting sessions for all scopes...
2025-10-15 20:22:27.646 [info] Got 1 sessions for ...
2025-10-15 20:22:27.646 [info] Getting sessions for all scopes...
2025-10-15 20:22:27.646 [info] Got 1 sessions for ...
2025-10-15 20:22:27.646 [info] Getting sessions for all scopes...
2025-10-15 20:22:27.646 [info] Got 1 sessions for ...
2025-10-15 20:22:27.646 [info] Getting sessions for all scopes...
2025-10-15 20:22:27.646 [info] Got 1 sessions for ...
2025-10-15 20:22:27.646 [info] Getting sessions for all scopes...
2025-10-15 20:22:27.646 [info] Got 1 sessions for ...
2025-10-15 20:22:27.646 [info] Getting sessions for all scopes...
2025-10-15 20:22:27.646 [info] Got 1 sessions for ...
2025-10-15 20:22:27.646 [info] Getting sessions for all scopes...
2025-10-15 20:22:27.646 [info] Got 1 sessions for ...
2025-10-15 20:22:27.646 [info] Getting sessions for all scopes...
2025-10-15 20:22:27.646 [info] Got 1 sessions for ...
2025-10-15 20:22:27.646 [info] Getting sessions for all scopes...
2025-10-15 20:22:27.646 [info] Got 1 sessions for ...
2025-10-15 20:22:27.646 [info] Getting sessions for all scopes...
2025-10-15 20:22:27.646 [info] Got 1 sessions for ...
2025-10-15 20:22:30.412 [info] Getting sessions for all scopes...
2025-10-15 20:22:30.412 [info] Got 1 sessions for ...
2025-10-15 20:22:30.412 [info] Getting sessions for all scopes...
2025-10-15 20:22:30.412 [info] Got 1 sessions for ...
2025-10-15 20:22:30.412 [info] Getting sessions for all scopes...
2025-10-15 20:22:30.412 [info] Got 1 sessions for ...
2025-10-15 20:22:30.599 [info] Getting sessions for all scopes...
2025-10-15 20:22:30.599 [info] Got 1 sessions for ...
2025-10-15 20:22:30.600 [info] Getting sessions for all scopes...
2025-10-15 20:22:30.600 [info] Got 1 sessions for ...
2025-10-15 20:22:31.195 [info] Getting sessions for read:user,repo,user:email,workflow...
2025-10-15 20:22:31.195 [info] Got 0 sessions for read:user,repo,user:email,workflow...
2025-10-15 20:22:31.204 [info] Getting sessions for read:user,repo,user:email,workflow...
2025-10-15 20:22:31.204 [info] Got 0 sessions for read:user,repo,user:email,workflow...
2025-10-15 20:22:31.205 [info] Getting sessions for all scopes...
2025-10-15 20:22:31.205 [info] Got 1 sessions for ...
2025-10-15 20:22:31.250 [info] Getting sessions for all scopes...
2025-10-15 20:22:31.250 [info] Got 1 sessions for ...
2025-10-15 20:22:31.250 [info] Getting sessions for read:user,repo,user:email,workflow...
2025-10-15 20:22:31.250 [info] Got 0 sessions for read:user,repo,user:email,workflow...
2025-10-15 20:22:31.279 [info] Getting sessions for user:email...
2025-10-15 20:22:31.279 [info] Got 1 sessions for user:email...
2025-10-15 20:22:31.280 [info] Getting sessions for read:user,repo,user:email,workflow...
2025-10-15 20:22:31.280 [info] Got 0 sessions for read:user,repo,user:email,workflow...
2025-10-15 20:22:31.315 [info] Getting sessions for read:user...
2025-10-15 20:22:31.315 [info] Got 0 sessions for read:user...
2025-10-15 20:22:31.333 [info] FetcherService: Electron fetch failed with status: 429 
2025-10-15 20:22:31.351 [info] Getting sessions for all scopes...
2025-10-15 20:22:31.351 [info] Got 1 sessions for ...
2025-10-15 20:22:31.405 [info] Getting sessions for read:user,repo,user:email,workflow...
2025-10-15 20:22:31.406 [info] Got 0 sessions for read:user,repo,user:email,workflow...
2025-10-15 20:22:31.456 [info] Getting sessions for user:email...
2025-10-15 20:22:31.456 [info] Got 1 sessions for user:email...
2025-10-15 20:22:31.601 [info] Getting sessions for read:user,repo,user:email,workflow...
2025-10-15 20:22:31.601 [info] Got 0 sessions for read:user,repo,user:email,workflow...
2025-10-15 20:22:31.641 [info] Getting sessions for all scopes...
2025-10-15 20:22:31.641 [info] Got 1 sessions for ...
2025-10-15 20:22:31.641 [info] Getting sessions for all scopes...
2025-10-15 20:22:31.641 [info] Got 1 sessions for ...
2025-10-15 20:22:31.823 [info] Getting sessions for read:user,repo,user:email,workflow...
2025-10-15 20:22:31.823 [info] Got 0 sessions for read:user,repo,user:email,workflow...
2025-10-15 20:22:31.852 [info] Getting sessions for read:user,repo,user:email,workflow...
2025-10-15 20:22:31.852 [info] Got 0 sessions for read:user,repo,user:email,workflow...
2025-10-15 20:22:31.868 [info] Getting sessions for user:email...
2025-10-15 20:22:31.868 [info] Got 1 sessions for user:email...
2025-10-15 20:22:32.528 [info] FetcherService: Node fetch failed with status: 429 Too Many Requests
2025-10-15 20:22:32.736 [info] Getting sessions for all scopes...
2025-10-15 20:22:32.736 [info] Got 1 sessions for ...
2025-10-15 20:22:33.103 [info] FetcherService: Node http/s failed with status: 429 Too Many Requests
2025-10-15 20:23:47.230 [info] Getting sessions for read:user,repo,user:email,workflow...
2025-10-15 20:23:47.230 [info] Got 0 sessions for read:user,repo,user:email,workflow...
2025-10-15 20:23:47.251 [info] Getting sessions for read:user...
2025-10-15 20:23:47.251 [info] Got 0 sessions for read:user...
2025-10-15 20:23:47.252 [info] Getting sessions for user:email...
2025-10-15 20:23:47.252 [info] Got 1 sessions for user:email...
2025-10-15 20:23:49.994 [info] Getting sessions for read:user,repo,user:email,workflow...
2025-10-15 20:23:49.994 [info] Got 0 sessions for read:user,repo,user:email,workflow...
2025-10-15 20:23:49.995 [info] Getting sessions for read:user...
2025-10-15 20:23:49.995 [info] Got 0 sessions for read:user...
2025-10-15 20:23:49.997 [info] Getting sessions for user:email...
2025-10-15 20:23:49.997 [info] Got 1 sessions for user:email...
2025-10-15 20:23:52.436 [info] Getting sessions for read:user,repo,user:email,workflow...
2025-10-15 20:23:52.436 [info] Got 0 sessions for read:user,repo,user:email,workflow...
2025-10-15 20:23:52.437 [info] Getting sessions for read:user...
2025-10-15 20:23:52.437 [info] Got 0 sessions for read:user...
2025-10-15 20:23:52.438 [info] Getting sessions for user:email...
2025-10-15 20:23:52.438 [info] Got 1 sessions for user:email...
2025-10-15 20:25:42.479 [info] Getting sessions for read:user,repo,user:email,workflow...
2025-10-15 20:25:42.479 [info] Got 0 sessions for read:user,repo,user:email,workflow...
2025-10-15 20:25:42.480 [info] Getting sessions for read:user...
2025-10-15 20:25:42.480 [info] Got 0 sessions for read:user...
2025-10-15 20:25:42.482 [info] Getting sessions for user:email...
2025-10-15 20:25:42.482 [info] Got 1 sessions for user:email...
2025-10-15 20:25:43.677 [info] Getting sessions for read:user,repo,user:email,workflow...
2025-10-15 20:25:43.677 [info] Got 0 sessions for read:user,repo,user:email,workflow...
2025-10-15 20:25:43.678 [info] Getting sessions for read:user...
2025-10-15 20:25:43.678 [info] Got 0 sessions for read:user...
2025-10-15 20:25:43.679 [info] Getting sessions for user:email...
2025-10-15 20:25:43.679 [info] Got 1 sessions for user:email...
2025-10-15 20:25:46.492 [info] Getting sessions for read:user,repo,user:email,workflow...
2025-10-15 20:25:46.492 [info] Got 0 sessions for read:user,repo,user:email,workflow...
2025-10-15 20:25:46.493 [info] Getting sessions for read:user...
2025-10-15 20:25:46.493 [info] Got 0 sessions for read:user...
2025-10-15 20:25:46.494 [info] Getting sessions for user:email...
2025-10-15 20:25:46.494 [info] Got 1 sessions for user:email...
2025-10-15 20:25:49.272 [info] Getting sessions for read:user,repo,user:email,workflow...
2025-10-15 20:25:49.272 [info] Got 0 sessions for read:user,repo,user:email,workflow...
2025-10-15 20:25:49.273 [info] Getting sessions for read:user...
2025-10-15 20:25:49.273 [info] Got 0 sessions for read:user...
2025-10-15 20:25:49.274 [info] Getting sessions for user:email...
2025-10-15 20:25:49.274 [info] Got 1 sessions for user:email...
2025-10-15 20:25:51.529 [info] Getting sessions for read:user,repo,user:email,workflow...
2025-10-15 20:25:51.529 [info] Got 0 sessions for read:user,repo,user:email,workflow...
2025-10-15 20:25:51.530 [info] Getting sessions for read:user...
2025-10-15 20:25:51.530 [info] Got 0 sessions for read:user...
2025-10-15 20:25:51.531 [info] Getting sessions for user:email...
2025-10-15 20:25:51.531 [info] Got 1 sessions for user:email...
2025-10-15 20:25:51.892 [info] Getting sessions for read:user,repo,user:email,workflow...
2025-10-15 20:25:51.892 [info] Got 0 sessions for read:user,repo,user:email,workflow...
2025-10-15 20:25:51.892 [info] Getting sessions for read:user...
2025-10-15 20:25:51.892 [info] Got 0 sessions for read:user...
2025-10-15 20:25:51.893 [info] Getting sessions for user:email...
2025-10-15 20:25:51.893 [info] Got 1 sessions for user:email...
2025-10-15 20:26:06.923 [info] Getting sessions for read:user,repo,user:email,workflow...
2025-10-15 20:26:06.924 [info] Got 0 sessions for read:user,repo,user:email,workflow...
2025-10-15 20:26:06.924 [info] Getting sessions for read:user...
2025-10-15 20:26:06.924 [info] Got 0 sessions for read:user...
2025-10-15 20:26:06.973 [info] Getting sessions for user:email...
2025-10-15 20:26:06.973 [info] Got 1 sessions for user:email...
2025-10-15 20:26:09.489 [info] Getting sessions for read:user,repo,user:email,workflow...
2025-10-15 20:26:09.489 [info] Got 0 sessions for read:user,repo,user:email,workflow...
2025-10-15 20:26:09.490 [info] Getting sessions for read:user...
2025-10-15 20:26:09.490 [info] Got 0 sessions for read:user...
2025-10-15 20:26:09.503 [info] Getting sessions for user:email...
2025-10-15 20:26:09.503 [info] Got 1 sessions for user:email...
2025-10-15 20:26:12.724 [info] Getting sessions for read:user,repo,user:email,workflow...
2025-10-15 20:26:12.724 [info] Got 0 sessions for read:user,repo,user:email,workflow...
2025-10-15 20:26:12.725 [info] Getting sessions for read:user...
2025-10-15 20:26:12.725 [info] Got 0 sessions for read:user...
2025-10-15 20:26:12.726 [info] Getting sessions for user:email...
2025-10-15 20:26:12.726 [info] Got 1 sessions for user:email...
2025-10-15 20:26:57.626 [info] Getting sessions for read:user,repo,user:email,workflow...
2025-10-15 20:26:57.626 [info] Got 0 sessions for read:user,repo,user:email,workflow...
2025-10-15 20:26:57.627 [info] Getting sessions for read:user...
2025-10-15 20:26:57.627 [info] Got 0 sessions for read:user...
2025-10-15 20:26:57.628 [info] Getting sessions for user:email...
2025-10-15 20:26:57.628 [info] Got 1 sessions for user:email...
2025-10-15 20:27:01.222 [info] Getting sessions for read:user,repo,user:email,workflow...
2025-10-15 20:27:01.222 [info] Got 0 sessions for read:user,repo,user:email,workflow...
2025-10-15 20:27:01.229 [info] Getting sessions for read:user...
2025-10-15 20:27:01.229 [info] Got 0 sessions for read:user...
2025-10-15 20:27:01.230 [info] Getting sessions for user:email...
2025-10-15 20:27:01.230 [info] Got 1 sessions for user:email...
2025-10-15 20:28:52.985 [info] Getting sessions for read:user,repo,user:email,workflow...
2025-10-15 20:28:52.985 [info] Got 0 sessions for read:user,repo,user:email,workflow...
2025-10-15 20:28:52.986 [info] Getting sessions for read:user...
2025-10-15 20:28:52.986 [info] Got 0 sessions for read:user...
2025-10-15 20:28:52.986 [info] Getting sessions for user:email...
2025-10-15 20:28:52.986 [info] Got 1 sessions for user:email...
2025-10-15 20:28:53.934 [info] Getting sessions for read:user,repo,user:email,workflow...
2025-10-15 20:28:53.935 [info] Got 0 sessions for read:user,repo,user:email,workflow...
2025-10-15 20:28:53.938 [info] Getting sessions for read:user...
2025-10-15 20:28:53.938 [info] Got 0 sessions for read:user...
2025-10-15 20:28:53.954 [info] Getting sessions for user:email...
2025-10-15 20:28:53.954 [info] Got 1 sessions for user:email...
2025-10-15 20:28:55.115 [info] Getting sessions for read:user,repo,user:email,workflow...
2025-10-15 20:28:55.115 [info] Got 0 sessions for read:user,repo,user:email,workflow...
2025-10-15 20:28:55.132 [info] Getting sessions for read:user...
2025-10-15 20:28:55.132 [info] Got 0 sessions for read:user...
2025-10-15 20:28:55.133 [info] Getting sessions for user:email...
2025-10-15 20:28:55.133 [info] Got 1 sessions for user:email...
2025-10-15 20:29:05.368 [info] Getting sessions for read:user,repo,user:email,workflow...
2025-10-15 20:29:05.368 [info] Got 0 sessions for read:user,repo,user:email,workflow...
2025-10-15 20:29:05.368 [info] Getting sessions for read:user...
2025-10-15 20:29:05.368 [info] Got 0 sessions for read:user...
2025-10-15 20:29:05.369 [info] Getting sessions for user:email...
2025-10-15 20:29:05.369 [info] Got 1 sessions for user:email...
2025-10-15 20:29:05.832 [info] Getting sessions for read:user,repo,user:email,workflow...
2025-10-15 20:29:05.832 [info] Got 0 sessions for read:user,repo,user:email,workflow...
2025-10-15 20:29:05.833 [info] Getting sessions for read:user...
2025-10-15 20:29:05.833 [info] Got 0 sessions for read:user...
2025-10-15 20:29:05.833 [info] Getting sessions for user:email...
2025-10-15 20:29:05.833 [info] Got 1 sessions for user:email...
2025-10-15 20:29:14.708 [info] Getting sessions for read:user,repo,user:email,workflow...
2025-10-15 20:29:14.708 [info] Got 0 sessions for read:user,repo,user:email,workflow...
2025-10-15 20:29:14.708 [info] Getting sessions for read:user...
2025-10-15 20:29:14.708 [info] Got 0 sessions for read:user...
2025-10-15 20:29:14.709 [info] Getting sessions for user:email...
2025-10-15 20:29:14.709 [info] Got 1 sessions for user:email...
2025-10-15 20:29:15.396 [info] Getting sessions for read:user,repo,user:email,workflow...
2025-10-15 20:29:15.396 [info] Got 0 sessions for read:user,repo,user:email,workflow...
2025-10-15 20:29:15.413 [info] Getting sessions for read:user...
2025-10-15 20:29:15.413 [info] Got 0 sessions for read:user...
2025-10-15 20:29:15.414 [info] Getting sessions for user:email...
2025-10-15 20:29:15.414 [info] Got 1 sessions for user:email...
2025-10-15 20:29:16.686 [info] Getting sessions for read:user,repo,user:email,workflow...
2025-10-15 20:29:16.686 [info] Got 0 sessions for read:user,repo,user:email,workflow...
2025-10-15 20:29:16.687 [info] Getting sessions for read:user...
2025-10-15 20:29:16.687 [info] Got 0 sessions for read:user...
2025-10-15 20:29:16.687 [info] Getting sessions for user:email...
2025-10-15 20:29:16.687 [info] Got 1 sessions for user:email...
2025-10-15 20:29:21.624 [info] Getting sessions for read:user,repo,user:email,workflow...
2025-10-15 20:29:21.624 [info] Got 0 sessions for read:user,repo,user:email,workflow...
2025-10-15 20:29:21.626 [info] Getting sessions for read:user...
2025-10-15 20:29:21.626 [info] Got 0 sessions for read:user...
2025-10-15 20:29:21.627 [info] Getting sessions for user:email...
2025-10-15 20:29:21.627 [info] Got 1 sessions for user:email...
2025-10-15 20:29:22.250 [info] Getting sessions for read:user,repo,user:email,workflow...
2025-10-15 20:29:22.250 [info] Got 0 sessions for read:user,repo,user:email,workflow...
2025-10-15 20:29:22.251 [info] Getting sessions for read:user...
2025-10-15 20:29:22.251 [info] Got 0 sessions for read:user...
2025-10-15 20:29:22.254 [info] Getting sessions for user:email...
2025-10-15 20:29:22.254 [info] Got 1 sessions for user:email...
2025-10-15 20:29:23.039 [info] Getting sessions for read:user,repo,user:email,workflow...
2025-10-15 20:29:23.039 [info] Got 0 sessions for read:user,repo,user:email,workflow...
2025-10-15 20:29:23.044 [info] Getting sessions for read:user...
2025-10-15 20:29:23.044 [info] Got 0 sessions for read:user...
2025-10-15 20:29:23.045 [info] Getting sessions for user:email...
2025-10-15 20:29:23.045 [info] Got 1 sessions for user:email...
2025-10-15 20:29:23.404 [info] Getting sessions for read:user,repo,user:email,workflow...
2025-10-15 20:29:23.404 [info] Got 0 sessions for read:user,repo,user:email,workflow...
2025-10-15 20:29:23.404 [info] Getting sessions for read:user...
2025-10-15 20:29:23.404 [info] Got 0 sessions for read:user...
2025-10-15 20:29:23.405 [info] Getting sessions for user:email...
2025-10-15 20:29:23.405 [info] Got 1 sessions for user:email...
2025-10-15 20:29:33.221 [info] Getting sessions for read:user,repo,user:email,workflow...
2025-10-15 20:29:33.221 [info] Got 0 sessions for read:user,repo,user:email,workflow...
2025-10-15 20:29:33.222 [info] Getting sessions for read:user...
2025-10-15 20:29:33.222 [info] Got 0 sessions for read:user...
2025-10-15 20:29:33.223 [info] Getting sessions for user:email...
2025-10-15 20:29:33.223 [info] Got 1 sessions for user:email...
2025-10-15 20:30:21.525 [info] Getting sessions for read:user,repo,user:email,workflow...
2025-10-15 20:30:21.525 [info] Got 0 sessions for read:user,repo,user:email,workflow...
2025-10-15 20:30:21.531 [info] Getting sessions for read:user...
2025-10-15 20:30:21.531 [info] Got 0 sessions for read:user...
2025-10-15 20:30:21.532 [info] Getting sessions for user:email...
2025-10-15 20:30:21.532 [info] Got 1 sessions for user:email...
2025-10-15 20:30:29.977 [info] Getting sessions for read:user,repo,user:email,workflow...
2025-10-15 20:30:29.977 [info] Got 0 sessions for read:user,repo,user:email,workflow...
2025-10-15 20:30:29.978 [info] Getting sessions for read:user...
2025-10-15 20:30:29.978 [info] Got 0 sessions for read:user...
2025-10-15 20:30:29.978 [info] Getting sessions for user:email...
2025-10-15 20:30:29.978 [info] Got 1 sessions for user:email...
2025-10-15 20:38:47.406 [info] Getting sessions for read:user,repo,user:email,workflow...
2025-10-15 20:38:47.406 [info] Got 0 sessions for read:user,repo,user:email,workflow...
2025-10-15 20:38:47.418 [info] Getting sessions for read:user...
2025-10-15 20:38:47.418 [info] Got 0 sessions for read:user...
2025-10-15 20:38:47.420 [info] Getting sessions for user:email...
2025-10-15 20:38:47.420 [info] Got 1 sessions for user:email...
2025-10-15 20:39:18.710 [info] Getting sessions for read:user,repo,user:email,workflow...
2025-10-15 20:39:18.710 [info] Got 0 sessions for read:user,repo,user:email,workflow...
2025-10-15 20:39:18.711 [info] Getting sessions for read:user...
2025-10-15 20:39:18.711 [info] Got 0 sessions for read:user...
2025-10-15 20:39:18.712 [info] Getting sessions for user:email...
2025-10-15 20:39:18.712 [info] Got 1 sessions for user:email...
