2025-11-10 16:39:05.639 [info] [main] Log level: Info
2025-11-10 16:39:05.639 [info] [main] Validating found git in: "git"
2025-11-10 16:39:05.639 [info] [main] Using git "2.51.2" from "git"
2025-11-10 16:39:05.639 [info] [Model][doInitialScan] Initial repository scan started
2025-11-10 16:39:05.639 [info] > git rev-parse --show-toplevel [66ms]
2025-11-10 16:39:05.639 [info] fatal: not a git repository (or any parent up to mount point /)
Stopping at filesystem boundary (GIT_DISCOVERY_ACROSS_FILESYSTEM not set).
2025-11-10 16:39:05.639 [info] > git rev-parse --show-toplevel [3ms]
2025-11-10 16:39:05.639 [info] fatal: not a git repository (or any parent up to mount point /)
Stopping at filesystem boundary (GIT_DISCOVERY_ACROSS_FILESYSTEM not set).
2025-11-10 16:39:05.640 [info] > git rev-parse --show-toplevel [8ms]
2025-11-10 16:39:05.640 [info] fatal: not a git repository (or any parent up to mount point /)
Stopping at filesystem boundary (GIT_DISCOVERY_ACROSS_FILESYSTEM not set).
2025-11-10 16:39:08.599 [info] > git rev-parse --show-toplevel [114ms]
2025-11-10 16:39:08.599 [info] fatal: not a git repository (or any parent up to mount point /)
Stopping at filesystem boundary (GIT_DISCOVERY_ACROSS_FILESYSTEM not set).
2025-11-10 16:39:08.848 [info] > git rev-parse --show-toplevel [189ms]
2025-11-10 16:39:08.848 [info] fatal: not a git repository (or any parent up to mount point /)
Stopping at filesystem boundary (GIT_DISCOVERY_ACROSS_FILESYSTEM not set).
2025-11-10 16:39:09.201 [info] > git rev-parse --show-toplevel [347ms]
2025-11-10 16:39:09.201 [info] fatal: not a git repository (or any parent up to mount point /)
Stopping at filesystem boundary (GIT_DISCOVERY_ACROSS_FILESYSTEM not set).
2025-11-10 16:39:09.238 [info] > git rev-parse --show-toplevel [24ms]
2025-11-10 16:39:09.249 [info] > git rev-parse --git-dir --git-common-dir --show-superproject-working-tree [3ms]
2025-11-10 16:39:09.260 [info] [Model][openRepository] Opened repository (path): /home/user/repos/my_test
2025-11-10 16:39:09.260 [info] [Model][openRepository] Opened repository (real path): /home/user/repos/my_test
2025-11-10 16:39:09.260 [info] [Model][openRepository] Opened repository (kind): repository
2025-11-10 16:39:09.281 [info] > git rev-parse --show-toplevel [5ms]
2025-11-10 16:39:09.282 [info] > git config --get commit.template [12ms]
2025-11-10 16:39:09.298 [info] > git rev-parse --git-dir --git-common-dir --show-superproject-working-tree [8ms]
2025-11-10 16:39:09.303 [info] [Model][openRepository] Opened repository (path): /home/user/repos/test_repository
2025-11-10 16:39:09.303 [info] [Model][openRepository] Opened repository (real path): /home/user/repos/test_repository
2025-11-10 16:39:09.303 [info] [Model][openRepository] Opened repository (kind): repository
2025-11-10 16:39:09.320 [info] > git for-each-ref --format=%(refname)%00%(upstream:short)%00%(objectname)%00%(upstream:track)%00%(upstream:remotename)%00%(upstream:remoteref) refs/heads/main refs/remotes/main [23ms]
2025-11-10 16:39:09.362 [info] > git status -z -uall [36ms]
2025-11-10 16:39:09.363 [info] > git rev-parse --show-toplevel [43ms]
2025-11-10 16:39:09.363 [info] fatal: not a git repository (or any parent up to mount point /)
Stopping at filesystem boundary (GIT_DISCOVERY_ACROSS_FILESYSTEM not set).
2025-11-10 16:39:09.363 [info] > git config --get commit.template [50ms]
2025-11-10 16:39:09.373 [info] > git for-each-ref --sort -committerdate --format %(refname)%00%(objectname)%00%(*objectname) [41ms]
2025-11-10 16:39:09.428 [info] > git for-each-ref --format=%(refname)%00%(upstream:short)%00%(objectname)%00%(upstream:track)%00%(upstream:remotename)%00%(upstream:remoteref) refs/heads/main refs/remotes/main [31ms]
2025-11-10 16:39:09.434 [info] > git rev-parse --show-toplevel [62ms]
2025-11-10 16:39:09.493 [info] > git config --get --local branch.main.vscode-merge-base [59ms]
2025-11-10 16:39:09.500 [info] > git config --get commit.template [73ms]
2025-11-10 16:39:09.500 [info] > git for-each-ref --format=%(refname)%00%(upstream:short)%00%(objectname)%00%(upstream:track)%00%(upstream:remotename)%00%(upstream:remoteref) refs/heads/main refs/remotes/main [80ms]
2025-11-10 16:39:09.510 [warning] [Git][revParse] Unable to read file: ENOENT: no such file or directory, open '/home/user/repos/test_repository/.git/refs/remotes/origin/main'
2025-11-10 16:39:09.511 [info] > git for-each-ref --format=%(refname)%00%(upstream:short)%00%(objectname)%00%(upstream:track)%00%(upstream:remotename)%00%(upstream:remoteref) refs/heads/origin/main refs/remotes/origin/main [10ms]
2025-11-10 16:39:09.512 [info] > git rev-parse --git-dir --git-common-dir --show-superproject-working-tree [19ms]
2025-11-10 16:39:09.515 [info] [Model][openRepository] Opened repository (path): /home/user/repos/weather_predictor
2025-11-10 16:39:09.515 [info] [Model][openRepository] Opened repository (real path): /home/user/repos/weather_predictor
2025-11-10 16:39:09.515 [info] [Model][openRepository] Opened repository (kind): repository
2025-11-10 16:39:09.536 [info] > git rev-parse refs/remotes/origin/main [26ms]
2025-11-10 16:39:09.682 [info] > git status -z -uall [137ms]
2025-11-10 16:39:09.682 [info] > git for-each-ref --sort -committerdate --format %(refname)%00%(objectname)%00%(*objectname) [131ms]
2025-11-10 16:39:09.693 [info] > git rev-parse --show-toplevel [157ms]
2025-11-10 16:39:09.693 [info] fatal: not a git repository (or any parent up to mount point /)
Stopping at filesystem boundary (GIT_DISCOVERY_ACROSS_FILESYSTEM not set).
2025-11-10 16:39:09.693 [info] > git config --get commit.template [164ms]
2025-11-10 16:39:09.693 [info] > git for-each-ref --format=%(refname)%00%(upstream:short)%00%(objectname)%00%(upstream:track)%00%(upstream:remotename)%00%(upstream:remoteref) refs/heads/main refs/remotes/main [171ms]
2025-11-10 16:39:09.728 [info] > git status -z -uall [29ms]
2025-11-10 16:39:09.728 [info] > git for-each-ref --sort -committerdate --format %(refname)%00%(objectname)%00%(*objectname) [23ms]
2025-11-10 16:39:09.731 [info] > git for-each-ref --format=%(refname)%00%(upstream:short)%00%(objectname)%00%(upstream:track)%00%(upstream:remotename)%00%(upstream:remoteref) refs/heads/main refs/remotes/main [40ms]
2025-11-10 16:39:09.752 [info] > git config --get --local branch.main.vscode-merge-base [11ms]
2025-11-10 16:39:09.760 [info] > git rev-parse --show-toplevel [35ms]
2025-11-10 16:39:09.760 [info] > git config --get commit.template [42ms]
2025-11-10 16:39:09.770 [info] > git for-each-ref --format=%(refname)%00%(upstream:short)%00%(objectname)%00%(upstream:track)%00%(upstream:remotename)%00%(upstream:remoteref) refs/heads/origin/main refs/remotes/origin/main [10ms]
2025-11-10 16:39:09.779 [info] > git for-each-ref --format=%(refname)%00%(upstream:short)%00%(objectname)%00%(upstream:track)%00%(upstream:remotename)%00%(upstream:remoteref) refs/heads/main refs/remotes/main [28ms]
2025-11-10 16:39:09.804 [info] > git status -z -uall [18ms]
2025-11-10 16:39:09.804 [info] > git merge-base refs/heads/main refs/remotes/origin/main [26ms]
2025-11-10 16:39:09.814 [info] > git rev-parse --git-dir --git-common-dir --show-superproject-working-tree [45ms]
2025-11-10 16:39:09.820 [info] [Model][openRepository] Opened repository (path): /home/user/repos/xss-shop
2025-11-10 16:39:09.820 [info] [Model][openRepository] Opened repository (real path): /home/user/repos/xss-shop
2025-11-10 16:39:09.820 [info] [Model][openRepository] Opened repository (kind): repository
2025-11-10 16:39:09.822 [info] [Model][doInitialScan] Initial repository scan completed - repositories (4), closed repositories (0), parent repositories (0), unsafe repositories (0)
2025-11-10 16:39:09.858 [info] > git diff --name-status -z --diff-filter=ADMR c5711b66ad5e152a05fb6fbbd78abe531e7248e2...refs/remotes/origin/main [44ms]
2025-11-10 16:39:09.858 [info] > git for-each-ref --format=%(refname)%00%(upstream:short)%00%(objectname)%00%(upstream:track)%00%(upstream:remotename)%00%(upstream:remoteref) refs/heads/main refs/remotes/main [56ms]
2025-11-10 16:39:09.858 [info] > git for-each-ref --sort -committerdate --format %(refname)%00%(objectname)%00%(*objectname) [64ms]
2025-11-10 16:39:09.879 [warning] [Git][revParse] Unable to read file: ENOENT: no such file or directory, open '/home/user/repos/test_repository/.git/refs/remotes/origin/main'
2025-11-10 16:39:09.895 [info] > git for-each-ref --format=%(refname)%00%(upstream:short)%00%(objectname)%00%(upstream:track)%00%(upstream:remotename)%00%(upstream:remoteref) refs/heads/main refs/remotes/main [27ms]
2025-11-10 16:39:09.903 [info] > git rev-parse --show-toplevel [63ms]
2025-11-10 16:39:09.903 [info] fatal: not a git repository (or any parent up to mount point /)
Stopping at filesystem boundary (GIT_DISCOVERY_ACROSS_FILESYSTEM not set).
2025-11-10 16:39:09.903 [info] > git config --get commit.template [71ms]
2025-11-10 16:39:09.915 [info] > git config --get --local branch.main.vscode-merge-base [12ms]
2025-11-10 16:39:09.915 [warning] [Git][config] git config failed: Failed to execute git
2025-11-10 16:39:09.923 [info] > git config --get commit.template [37ms]
2025-11-10 16:39:09.923 [info] > git rev-parse refs/remotes/origin/main [44ms]
2025-11-10 16:39:09.948 [info] > git status -z -uall [18ms]
2025-11-10 16:39:09.948 [info] > git for-each-ref --sort -committerdate --format %(refname)%00%(objectname)%00%(*objectname) [10ms]
2025-11-10 16:39:09.960 [info] > git for-each-ref --format=%(refname)%00%(upstream:short)%00%(objectname)%00%(upstream:track)%00%(upstream:remotename)%00%(upstream:remoteref) refs/heads/master refs/remotes/master [13ms]
2025-11-10 16:39:09.961 [info] > git reflog main --grep-reflog=branch: Created from *. [37ms]
2025-11-10 16:39:09.975 [warning] [Git][revParse] Unable to read file: ENOENT: no such file or directory, open '/home/user/repos/xss-shop/.git/refs/remotes/origin/master'
2025-11-10 16:39:09.975 [info] > git for-each-ref --format=%(refname)%00%(upstream:short)%00%(objectname)%00%(upstream:track)%00%(upstream:remotename)%00%(upstream:remoteref) refs/heads/main refs/remotes/main [15ms]
2025-11-10 16:39:09.994 [info] > git status -z -uall [11ms]
2025-11-10 16:39:09.994 [info] > git rev-parse refs/remotes/origin/master [19ms]
2025-11-10 16:39:10.008 [info] > git reflog HEAD --grep-reflog=checkout: moving from .* to main [41ms]
2025-11-10 16:39:10.031 [info] > git status -z -uall [30ms]
2025-11-10 16:39:10.031 [info] > git for-each-ref --sort -committerdate --format %(refname)%00%(objectname)%00%(*objectname) [23ms]
2025-11-10 16:39:10.044 [info] > git for-each-ref --sort -committerdate --format %(refname)%00%(objectname)%00%(*objectname) [54ms]
2025-11-10 16:39:10.058 [info] > git for-each-ref --format=%(refname)%00%(upstream:short)%00%(objectname)%00%(upstream:track)%00%(upstream:remotename)%00%(upstream:remoteref) refs/heads/master refs/remotes/master [16ms]
2025-11-10 16:39:10.066 [info] > git for-each-ref --format=%(refname)%00%(upstream:short)%00%(objectname)%00%(upstream:track)%00%(upstream:remotename)%00%(upstream:remoteref) refs/heads/dev refs/remotes/dev [51ms]
2025-11-10 16:39:10.079 [info] > git symbolic-ref --short refs/remotes/origin/HEAD [5ms]
2025-11-10 16:39:10.079 [info] fatal: ref refs/remotes/origin/HEAD is not a symbolic ref
2025-11-10 16:39:10.079 [warning] [Repository][getDefaultBranch] Failed to get default branch details: Failed to execute git.
2025-11-10 16:39:10.080 [info] > git config --get --local branch.master.vscode-merge-base [14ms]
2025-11-10 16:39:10.087 [info] > git config --get commit.template [34ms]
2025-11-10 16:39:10.089 [info] > git for-each-ref --format=%(refname)%00%(upstream:short)%00%(objectname)%00%(upstream:track)%00%(upstream:remotename)%00%(upstream:remoteref) refs/heads/origin/master refs/remotes/origin/master [2ms]
2025-11-10 16:39:10.105 [info] > git merge-base refs/heads/master refs/remotes/origin/master [9ms]
2025-11-10 16:39:10.113 [info] > git for-each-ref --format=%(refname)%00%(upstream:short)%00%(objectname)%00%(upstream:track)%00%(upstream:remotename)%00%(upstream:remoteref) refs/heads/master refs/remotes/master [9ms]
2025-11-10 16:39:10.121 [warning] [Git][revParse] Unable to read file: ENOENT: no such file or directory, open '/home/user/repos/xss-shop/.git/refs/remotes/origin/master'
2025-11-10 16:39:10.126 [info] > git diff --name-status -z --diff-filter=ADMR 9d8d421c8527678bba71e07749d36202b94cac0f...refs/remotes/origin/master [14ms]
2025-11-10 16:39:10.129 [info] > git rev-parse refs/remotes/origin/master [8ms]
2025-11-10 16:39:10.148 [info] > git status -z -uall [12ms]
2025-11-10 16:39:10.148 [info] > git for-each-ref --sort -committerdate --format %(refname)%00%(objectname)%00%(*objectname) [5ms]
2025-11-10 16:39:10.258 [info] > git check-ignore -v -z --stdin [36ms]
2025-11-10 16:39:10.259 [info] > git check-ignore -v -z --stdin [21ms]
2025-11-10 16:39:10.260 [info] > git check-ignore -v -z --stdin [13ms]
2025-11-10 16:43:05.524 [info] > git check-ignore -v -z --stdin [8ms]
2025-11-10 16:43:05.525 [info] > git check-ignore -v -z --stdin [1ms]
2025-11-10 16:43:10.401 [info] > git show --textconv :back/predictor.py [10ms]
2025-11-10 16:43:10.405 [info] > git ls-files --stage -- back/predictor.py [6ms]
2025-11-10 16:43:10.414 [info] > git cat-file -s 4deea5661ab2471b15a504ed139bb251ecfcd57d [1ms]
2025-11-10 16:43:10.482 [info] > git blame --root --incremental 9582efe30ffab3f853d593a01d44403d3c0d2c2a -- back/predictor.py [16ms]
2025-11-10 16:43:14.606 [info] > git config --get commit.template [2ms]
2025-11-10 16:43:14.615 [info] > git for-each-ref --format=%(refname)%00%(upstream:short)%00%(objectname)%00%(upstream:track)%00%(upstream:remotename)%00%(upstream:remoteref) refs/heads/main refs/remotes/main [2ms]
2025-11-10 16:43:14.632 [info] > git status -z -uall [9ms]
2025-11-10 16:43:14.633 [info] > git for-each-ref --sort -committerdate --format %(refname)%00%(objectname)%00%(*objectname) [2ms]
2025-11-10 16:44:40.259 [info] > git config --get commit.template [12ms]
2025-11-10 16:44:40.260 [info] > git for-each-ref --format=%(refname)%00%(upstream:short)%00%(objectname)%00%(upstream:track)%00%(upstream:remotename)%00%(upstream:remoteref) refs/heads/main refs/remotes/main [2ms]
2025-11-10 16:44:40.280 [info] > git status -z -uall [11ms]
2025-11-10 16:44:40.281 [info] > git for-each-ref --sort -committerdate --format %(refname)%00%(objectname)%00%(*objectname) [2ms]
2025-11-10 16:44:45.310 [info] > git config --get commit.template [13ms]
2025-11-10 16:44:45.310 [info] > git for-each-ref --format=%(refname)%00%(upstream:short)%00%(objectname)%00%(upstream:track)%00%(upstream:remotename)%00%(upstream:remoteref) refs/heads/main refs/remotes/main [2ms]
2025-11-10 16:44:45.336 [info] > git status -z -uall [14ms]
2025-11-10 16:44:45.338 [info] > git for-each-ref --sort -committerdate --format %(refname)%00%(objectname)%00%(*objectname) [2ms]
2025-11-10 16:44:50.350 [info] > git config --get commit.template [1ms]
2025-11-10 16:44:50.358 [info] > git for-each-ref --format=%(refname)%00%(upstream:short)%00%(objectname)%00%(upstream:track)%00%(upstream:remotename)%00%(upstream:remoteref) refs/heads/main refs/remotes/main [1ms]
2025-11-10 16:44:50.375 [info] > git status -z -uall [9ms]
2025-11-10 16:44:50.376 [info] > git for-each-ref --sort -committerdate --format %(refname)%00%(objectname)%00%(*objectname) [2ms]
2025-11-10 16:44:55.401 [info] > git config --get commit.template [10ms]
2025-11-10 16:44:55.402 [info] > git for-each-ref --format=%(refname)%00%(upstream:short)%00%(objectname)%00%(upstream:track)%00%(upstream:remotename)%00%(upstream:remoteref) refs/heads/main refs/remotes/main [1ms]
2025-11-10 16:44:55.421 [info] > git status -z -uall [10ms]
2025-11-10 16:44:55.422 [info] > git for-each-ref --sort -committerdate --format %(refname)%00%(objectname)%00%(*objectname) [2ms]
2025-11-10 16:45:00.444 [info] > git config --get commit.template [8ms]
2025-11-10 16:45:00.444 [info] > git for-each-ref --format=%(refname)%00%(upstream:short)%00%(objectname)%00%(upstream:track)%00%(upstream:remotename)%00%(upstream:remoteref) refs/heads/main refs/remotes/main [1ms]
2025-11-10 16:45:00.461 [info] > git status -z -uall [9ms]
2025-11-10 16:45:00.462 [info] > git for-each-ref --sort -committerdate --format %(refname)%00%(objectname)%00%(*objectname) [2ms]
2025-11-10 16:45:05.486 [info] > git for-each-ref --format=%(refname)%00%(upstream:short)%00%(objectname)%00%(upstream:track)%00%(upstream:remotename)%00%(upstream:remoteref) refs/heads/main refs/remotes/main [2ms]
2025-11-10 16:45:05.486 [info] > git config --get commit.template [10ms]
2025-11-10 16:45:05.503 [info] > git status -z -uall [10ms]
2025-11-10 16:45:05.504 [info] > git for-each-ref --sort -committerdate --format %(refname)%00%(objectname)%00%(*objectname) [2ms]
2025-11-10 16:45:10.529 [info] > git config --get commit.template [11ms]
2025-11-10 16:45:10.530 [info] > git for-each-ref --format=%(refname)%00%(upstream:short)%00%(objectname)%00%(upstream:track)%00%(upstream:remotename)%00%(upstream:remoteref) refs/heads/main refs/remotes/main [2ms]
2025-11-10 16:45:10.555 [info] > git status -z -uall [15ms]
2025-11-10 16:45:10.557 [info] > git for-each-ref --sort -committerdate --format %(refname)%00%(objectname)%00%(*objectname) [4ms]
2025-11-10 16:45:15.577 [info] > git config --get commit.template [2ms]
2025-11-10 16:45:15.602 [info] > git for-each-ref --format=%(refname)%00%(upstream:short)%00%(objectname)%00%(upstream:track)%00%(upstream:remotename)%00%(upstream:remoteref) refs/heads/main refs/remotes/main [15ms]
2025-11-10 16:45:15.621 [info] > git status -z -uall [11ms]
2025-11-10 16:45:15.621 [info] > git for-each-ref --sort -committerdate --format %(refname)%00%(objectname)%00%(*objectname) [2ms]
2025-11-10 16:45:20.651 [info] > git config --get commit.template [14ms]
2025-11-10 16:45:20.653 [info] > git for-each-ref --format=%(refname)%00%(upstream:short)%00%(objectname)%00%(upstream:track)%00%(upstream:remotename)%00%(upstream:remoteref) refs/heads/main refs/remotes/main [3ms]
2025-11-10 16:45:20.678 [info] > git status -z -uall [14ms]
2025-11-10 16:45:20.679 [info] > git for-each-ref --sort -committerdate --format %(refname)%00%(objectname)%00%(*objectname) [4ms]
2025-11-10 16:45:25.710 [info] > git config --get commit.template [11ms]
2025-11-10 16:45:25.711 [info] > git for-each-ref --format=%(refname)%00%(upstream:short)%00%(objectname)%00%(upstream:track)%00%(upstream:remotename)%00%(upstream:remoteref) refs/heads/main refs/remotes/main [2ms]
2025-11-10 16:45:25.731 [info] > git status -z -uall [11ms]
2025-11-10 16:45:25.732 [info] > git for-each-ref --sort -committerdate --format %(refname)%00%(objectname)%00%(*objectname) [2ms]
2025-11-10 16:45:30.749 [info] > git config --get commit.template [2ms]
2025-11-10 16:45:30.762 [info] > git for-each-ref --format=%(refname)%00%(upstream:short)%00%(objectname)%00%(upstream:track)%00%(upstream:remotename)%00%(upstream:remoteref) refs/heads/main refs/remotes/main [1ms]
2025-11-10 16:45:30.781 [info] > git status -z -uall [10ms]
2025-11-10 16:45:30.782 [info] > git for-each-ref --sort -committerdate --format %(refname)%00%(objectname)%00%(*objectname) [2ms]
2025-11-10 16:45:35.800 [info] > git config --get commit.template [7ms]
2025-11-10 16:45:35.801 [info] > git for-each-ref --format=%(refname)%00%(upstream:short)%00%(objectname)%00%(upstream:track)%00%(upstream:remotename)%00%(upstream:remoteref) refs/heads/main refs/remotes/main [1ms]
2025-11-10 16:45:35.815 [info] > git status -z -uall [8ms]
2025-11-10 16:45:35.816 [info] > git for-each-ref --sort -committerdate --format %(refname)%00%(objectname)%00%(*objectname) [1ms]
2025-11-10 16:45:40.839 [info] > git config --get commit.template [10ms]
2025-11-10 16:45:40.840 [info] > git for-each-ref --format=%(refname)%00%(upstream:short)%00%(objectname)%00%(upstream:track)%00%(upstream:remotename)%00%(upstream:remoteref) refs/heads/main refs/remotes/main [1ms]
2025-11-10 16:45:40.862 [info] > git status -z -uall [11ms]
2025-11-10 16:45:40.863 [info] > git for-each-ref --sort -committerdate --format %(refname)%00%(objectname)%00%(*objectname) [2ms]
2025-11-10 16:45:48.768 [info] > git show --textconv HEAD:back/predictor.py [10ms]
2025-11-10 16:45:48.769 [info] > git ls-tree -l HEAD -- back/predictor.py [2ms]
2025-11-10 16:45:54.311 [info] > git config --get commit.template [9ms]
2025-11-10 16:45:54.313 [info] > git for-each-ref --format=%(refname)%00%(upstream:short)%00%(objectname)%00%(upstream:track)%00%(upstream:remotename)%00%(upstream:remoteref) refs/heads/main refs/remotes/main [2ms]
2025-11-10 16:45:54.331 [info] > git status -z -uall [9ms]
2025-11-10 16:45:54.332 [info] > git for-each-ref --sort -committerdate --format %(refname)%00%(objectname)%00%(*objectname) [2ms]
2025-11-10 16:46:07.431 [info] > git config --get commit.template [3ms]
2025-11-10 16:46:07.441 [info] > git for-each-ref --format=%(refname)%00%(upstream:short)%00%(objectname)%00%(upstream:track)%00%(upstream:remotename)%00%(upstream:remoteref) refs/heads/main refs/remotes/main [1ms]
2025-11-10 16:46:07.468 [info] > git status -z -uall [13ms]
2025-11-10 16:46:07.470 [info] > git for-each-ref --sort -committerdate --format %(refname)%00%(objectname)%00%(*objectname) [3ms]
2025-11-10 16:46:11.368 [info] > git check-ignore -v -z --stdin [1ms]
2025-11-10 16:46:11.854 [info] > git ls-files --stage -- back/predictor.py [1ms]
2025-11-10 16:46:11.863 [info] > git cat-file -s 4deea5661ab2471b15a504ed139bb251ecfcd57d [2ms]
2025-11-10 16:46:18.070 [info] > git ls-files --stage -- back/predictor.py [15ms]
2025-11-10 16:46:18.095 [info] > git cat-file -s 4deea5661ab2471b15a504ed139bb251ecfcd57d [13ms]
2025-11-10 16:46:18.096 [info] > git config --get commit.template [27ms]
2025-11-10 16:46:18.097 [info] > git for-each-ref --format=%(refname)%00%(upstream:short)%00%(objectname)%00%(upstream:track)%00%(upstream:remotename)%00%(upstream:remoteref) refs/heads/main refs/remotes/main [4ms]
2025-11-10 16:46:18.116 [info] > git status -z -uall [11ms]
2025-11-10 16:46:18.117 [info] > git for-each-ref --sort -committerdate --format %(refname)%00%(objectname)%00%(*objectname) [2ms]
2025-11-10 16:46:23.130 [info] > git config --get commit.template [2ms]
2025-11-10 16:46:23.137 [info] > git for-each-ref --format=%(refname)%00%(upstream:short)%00%(objectname)%00%(upstream:track)%00%(upstream:remotename)%00%(upstream:remoteref) refs/heads/main refs/remotes/main [1ms]
2025-11-10 16:46:23.150 [info] > git status -z -uall [7ms]
2025-11-10 16:46:23.151 [info] > git for-each-ref --sort -committerdate --format %(refname)%00%(objectname)%00%(*objectname) [1ms]
2025-11-10 16:46:32.213 [info] > git ls-files --stage -- back/predictor.py [1ms]
2025-11-10 16:46:32.222 [info] > git cat-file -s 4deea5661ab2471b15a504ed139bb251ecfcd57d [1ms]
2025-11-10 16:49:06.555 [info] > git config --get commit.template [7ms]
2025-11-10 16:49:06.556 [info] > git for-each-ref --format=%(refname)%00%(upstream:short)%00%(objectname)%00%(upstream:track)%00%(upstream:remotename)%00%(upstream:remoteref) refs/heads/main refs/remotes/main [1ms]
2025-11-10 16:49:06.568 [info] > git status -z -uall [7ms]
2025-11-10 16:49:06.568 [info] > git for-each-ref --sort -committerdate --format %(refname)%00%(objectname)%00%(*objectname) [1ms]
2025-11-10 16:49:52.798 [info] > git config --get commit.template [7ms]
2025-11-10 16:49:52.799 [info] > git for-each-ref --format=%(refname)%00%(upstream:short)%00%(objectname)%00%(upstream:track)%00%(upstream:remotename)%00%(upstream:remoteref) refs/heads/main refs/remotes/main [1ms]
2025-11-10 16:49:52.811 [info] > git status -z -uall [6ms]
2025-11-10 16:49:52.813 [info] > git for-each-ref --sort -committerdate --format %(refname)%00%(objectname)%00%(*objectname) [2ms]
2025-11-10 16:50:28.552 [info] > git for-each-ref --format=%(refname)%00%(upstream:short)%00%(objectname)%00%(upstream:track)%00%(upstream:remotename)%00%(upstream:remoteref) refs/heads/main refs/remotes/main [2ms]
2025-11-10 16:50:28.552 [info] > git config --get commit.template [8ms]
2025-11-10 16:50:28.566 [info] > git status -z -uall [7ms]
2025-11-10 16:50:28.567 [info] > git for-each-ref --sort -committerdate --format %(refname)%00%(objectname)%00%(*objectname) [1ms]
2025-11-10 16:51:09.845 [info] > git config --get commit.template [2ms]
2025-11-10 16:51:09.856 [info] > git for-each-ref --format=%(refname)%00%(upstream:short)%00%(objectname)%00%(upstream:track)%00%(upstream:remotename)%00%(upstream:remoteref) refs/heads/main refs/remotes/main [2ms]
2025-11-10 16:51:09.874 [info] > git status -z -uall [8ms]
2025-11-10 16:51:09.874 [info] > git for-each-ref --sort -committerdate --format %(refname)%00%(objectname)%00%(*objectname) [1ms]
2025-11-10 16:52:39.363 [info] > git config --get commit.template [18ms]
2025-11-10 16:52:39.365 [info] > git for-each-ref --format=%(refname)%00%(upstream:short)%00%(objectname)%00%(upstream:track)%00%(upstream:remotename)%00%(upstream:remoteref) refs/heads/main refs/remotes/main [2ms]
2025-11-10 16:52:39.388 [info] > git status -z -uall [13ms]
2025-11-10 16:52:39.390 [info] > git for-each-ref --sort -committerdate --format %(refname)%00%(objectname)%00%(*objectname) [3ms]
2025-11-10 16:53:42.994 [info] > git config --get commit.template [2ms]
2025-11-10 16:53:43.017 [info] > git for-each-ref --format=%(refname)%00%(upstream:short)%00%(objectname)%00%(upstream:track)%00%(upstream:remotename)%00%(upstream:remoteref) refs/heads/main refs/remotes/main [3ms]
2025-11-10 16:53:43.042 [info] > git status -z -uall [14ms]
2025-11-10 16:53:43.045 [info] > git for-each-ref --sort -committerdate --format %(refname)%00%(objectname)%00%(*objectname) [4ms]
2025-11-10 16:53:49.801 [info] > git config --get commit.template [10ms]
2025-11-10 16:53:49.802 [info] > git for-each-ref --format=%(refname)%00%(upstream:short)%00%(objectname)%00%(upstream:track)%00%(upstream:remotename)%00%(upstream:remoteref) refs/heads/main refs/remotes/main [2ms]
2025-11-10 16:53:49.821 [info] > git status -z -uall [10ms]
2025-11-10 16:53:49.822 [info] > git for-each-ref --sort -committerdate --format %(refname)%00%(objectname)%00%(*objectname) [1ms]
2025-11-10 16:55:32.034 [info] > git rev-parse --show-toplevel [5ms]
2025-11-10 16:55:32.034 [info] fatal: not a git repository (or any parent up to mount point /)
Stopping at filesystem boundary (GIT_DISCOVERY_ACROSS_FILESYSTEM not set).
2025-11-10 17:50:02.520 [info] > git show --textconv :back/predictor.py [9ms]
2025-11-10 17:50:02.521 [info] > git ls-files --stage -- back/predictor.py [2ms]
2025-11-10 17:50:02.529 [info] > git cat-file -s 4deea5661ab2471b15a504ed139bb251ecfcd57d [1ms]
2025-11-10 17:50:04.240 [info] > git config --get commit.template [7ms]
2025-11-10 17:50:04.241 [info] > git for-each-ref --format=%(refname)%00%(upstream:short)%00%(objectname)%00%(upstream:track)%00%(upstream:remotename)%00%(upstream:remoteref) refs/heads/main refs/remotes/main [1ms]
2025-11-10 17:50:04.254 [info] > git status -z -uall [7ms]
2025-11-10 17:50:04.256 [info] > git for-each-ref --sort -committerdate --format %(refname)%00%(objectname)%00%(*objectname) [2ms]
2025-11-10 17:50:12.599 [info] > git rev-parse --show-toplevel [2ms]
2025-11-10 17:50:12.599 [info] fatal: not a git repository (or any parent up to mount point /)
Stopping at filesystem boundary (GIT_DISCOVERY_ACROSS_FILESYSTEM not set).
2025-11-10 20:18:06.191 [info] > git ls-files --stage -- back/back.py [1ms]
2025-11-10 20:18:06.202 [info] > git show --textconv :back/back.py [21ms]
2025-11-10 20:18:06.205 [info] > git cat-file -s f0c0a9ac9e58015aa6e7703582c42962f9022853 [3ms]
2025-11-10 20:18:15.183 [info] > git show --textconv :main.py [10ms]
2025-11-10 20:18:15.184 [info] > git ls-files --stage -- main.py [2ms]
2025-11-10 20:18:15.195 [info] > git cat-file -s 8b4ed8c34135bbeb1e39dd251da0baea6f097fd6 [1ms]
2025-11-10 20:18:15.295 [info] > git blame --root --incremental 9582efe30ffab3f853d593a01d44403d3c0d2c2a -- main.py [59ms]
2025-11-10 20:36:12.147 [info] > git show --textconv :back/back.py [10ms]
2025-11-10 20:36:12.148 [info] > git ls-files --stage -- back/back.py [2ms]
2025-11-10 20:36:12.156 [info] > git cat-file -s f0c0a9ac9e58015aa6e7703582c42962f9022853 [1ms]
2025-11-10 20:36:13.619 [info] > git show --textconv :main.py [24ms]
2025-11-10 20:36:13.627 [info] > git ls-files --stage -- main.py [9ms]
2025-11-10 20:36:13.636 [info] > git cat-file -s 8b4ed8c34135bbeb1e39dd251da0baea6f097fd6 [1ms]
2025-11-10 20:36:15.397 [info] > git rev-parse --show-toplevel [2ms]
2025-11-10 20:36:15.397 [info] fatal: not a git repository (or any parent up to mount point /)
Stopping at filesystem boundary (GIT_DISCOVERY_ACROSS_FILESYSTEM not set).
2025-11-10 20:36:15.689 [info] > git rev-parse --show-toplevel [2ms]
2025-11-10 20:36:15.689 [info] fatal: not a git repository (or any parent up to mount point /)
Stopping at filesystem boundary (GIT_DISCOVERY_ACROSS_FILESYSTEM not set).
2025-11-10 20:36:32.189 [info] > git check-ignore -v -z --stdin [1ms]
2025-11-10 20:37:00.832 [info] > git show --textconv :back/assistant.py [10ms]
2025-11-10 20:37:00.843 [info] > git ls-files --stage -- back/assistant.py [12ms]
2025-11-10 20:37:00.852 [info] > git hash-object -t tree /dev/null [10ms]
2025-11-10 20:37:00.852 [warning] [GitFileSystemProvider][readFile] File not found - git:/home/user/repos/weather_predictor/back/assistant.py.git?%7B%22path%22%3A%22%2Fhome%2Fuser%2Frepos%2Fweather_predictor%2Fback%2Fassistant.py%22%2C%22ref%22%3A%22%22%7D
2025-11-10 20:37:00.861 [info] > git hash-object -t tree /dev/null [10ms]
2025-11-10 20:37:00.861 [warning] [GitFileSystemProvider][stat] File not found - git:/home/user/repos/weather_predictor/back/assistant.py.git?%7B%22path%22%3A%22%2Fhome%2Fuser%2Frepos%2Fweather_predictor%2Fback%2Fassistant.py%22%2C%22ref%22%3A%22%22%7D
2025-11-10 20:37:01.101 [info] > git check-ignore -v -z --stdin [1ms]
2025-11-10 20:37:01.670 [info] > git config --get commit.template [1ms]
2025-11-10 20:37:01.679 [info] > git for-each-ref --format=%(refname)%00%(upstream:short)%00%(objectname)%00%(upstream:track)%00%(upstream:remotename)%00%(upstream:remoteref) refs/heads/main refs/remotes/main [2ms]
2025-11-10 20:37:01.695 [info] > git status -z -uall [9ms]
2025-11-10 20:37:01.697 [info] > git for-each-ref --sort -committerdate --format %(refname)%00%(objectname)%00%(*objectname) [2ms]
2025-11-10 20:48:44.485 [info] > git show --textconv :back/back.py [9ms]
2025-11-10 20:48:44.486 [info] > git ls-files --stage -- back/back.py [2ms]
2025-11-10 20:48:44.496 [info] > git cat-file -s f0c0a9ac9e58015aa6e7703582c42962f9022853 [2ms]
2025-11-10 20:48:47.658 [info] > git show --textconv :main.py [9ms]
2025-11-10 20:48:47.659 [info] > git ls-files --stage -- main.py [1ms]
2025-11-10 20:48:47.669 [info] > git cat-file -s 8b4ed8c34135bbeb1e39dd251da0baea6f097fd6 [1ms]
