2025-08-02 21:11:22.304 [info] GitLens v17.3.3 activating in Code - OSS (1.102.3) on the desktop; language='en', logLevel='warn', defaultDateLocale='null' (someValue.machineId|someValue.sessionId)
To enable debug logging, set `"gitlens.outputLevel": "debug"` or run "GitLens: Enable Debug Logging" from the Command Palette
[2025-08-02 18:11:22.203] as.e
EntryNotFound (FileSystemError): Error: ENOENT: no such file or directory, open '/home/user/.local/share/gk/repoMapping.json'

2025-08-02 21:11:34.683 [info] [2025-08-02 18:11:34.183] Warning(/usr/bin/git -c core.quotepath=false -c color.ui=false log --format=%x1E%H%x1D --summary -n1 0040f4044b04320713bce43e7cff34d86470ce21^ -- polybar/modules.ini): fatal: bad revision '0040f4044b04320713bce43e7cff34d86470ce21^'


2025-08-02 21:13:46.307 [info] [2025-08-02 18:13:45.807] Warning(/usr/bin/git -c core.quotepath=false -c color.ui=false log --format=%x1E%H%x1D --summary -n1 0040f4044b04320713bce43e7cff34d86470ce21^ -- polybar/modules.ini): fatal: bad revision '0040f4044b04320713bce43e7cff34d86470ce21^'


2025-08-02 21:13:50.809 [info] [2025-08-02 18:13:50.353] Warning(/usr/bin/git -c core.quotepath=false -c color.ui=false log --format=%x1E%H%x1D --summary -n1 0040f4044b04320713bce43e7cff34d86470ce21^ -- polybar/modules.ini): fatal: bad revision '0040f4044b04320713bce43e7cff34d86470ce21^'


2025-08-02 21:14:03.578 [info] [2025-08-02 18:14:03.077] Warning(/usr/bin/git -c core.quotepath=false -c color.ui=false log --format=%x1E%H%x1D --summary -n1 0040f4044b04320713bce43e7cff34d86470ce21^ -- polybar/modules.ini): fatal: bad revision '0040f4044b04320713bce43e7cff34d86470ce21^'


2025-08-02 21:14:07.579 [info] [2025-08-02 18:14:07.123] Warning(/usr/bin/git -c core.quotepath=false -c color.ui=false log --format=%x1E%H%x1D --summary -n1 0040f4044b04320713bce43e7cff34d86470ce21^ -- polybar/modules.ini): fatal: bad revision '0040f4044b04320713bce43e7cff34d86470ce21^'


2025-08-02 21:14:59.814 [info] [2025-08-02 18:14:59.312] Warning(/usr/bin/git -c core.quotepath=false -c color.ui=false log --format=%x1E%H%x1D --summary -n1 0040f4044b04320713bce43e7cff34d86470ce21^ -- polybar/modules.ini): fatal: bad revision '0040f4044b04320713bce43e7cff34d86470ce21^'


2025-08-02 21:17:35.282 [info] [2025-08-02 18:17:34.782] Warning(/usr/bin/git -c core.quotepath=false -c color.ui=false log --format=%x1E%H%x1D --summary -n1 0040f4044b04320713bce43e7cff34d86470ce21^ -- polybar/modules.ini): fatal: bad revision '0040f4044b04320713bce43e7cff34d86470ce21^'


2025-08-02 21:18:49.850 [info] [2025-08-02 18:18:49.349] Warning(/usr/bin/git -c core.quotepath=false -c color.ui=false log --format=%x1E%H%x1D --summary -n1 0040f4044b04320713bce43e7cff34d86470ce21^ -- polybar/modules.ini): fatal: bad revision '0040f4044b04320713bce43e7cff34d86470ce21^'


2025-08-02 21:19:14.321 [info] [2025-08-02 18:19:13.820] Warning(/usr/bin/git -c core.quotepath=false -c color.ui=false log --format=%x1E%H%x1D --summary -n1 0040f4044b04320713bce43e7cff34d86470ce21^ -- polybar/config.ini): fatal: bad revision '0040f4044b04320713bce43e7cff34d86470ce21^'


2025-08-02 21:19:30.823 [info] [2025-08-02 18:19:30.322] Warning(/usr/bin/git -c core.quotepath=false -c color.ui=false log --format=%x1E%H%x1D --summary -n1 0040f4044b04320713bce43e7cff34d86470ce21^ -- polybar/config.ini): fatal: bad revision '0040f4044b04320713bce43e7cff34d86470ce21^'


2025-08-02 21:20:14.121 [info] [2025-08-02 18:20:13.621] Warning(/usr/bin/git -c core.quotepath=false -c color.ui=false log --format=%x1E%H%x1D --summary -n1 0040f4044b04320713bce43e7cff34d86470ce21^ -- polybar/colors.ini): fatal: bad revision '0040f4044b04320713bce43e7cff34d86470ce21^'


2025-08-02 21:21:02.731 [info] [2025-08-02 18:21:02.231] Warning(/usr/bin/git -c core.quotepath=false -c color.ui=false log --format=%x1E%H%x1D --summary -n1 0040f4044b04320713bce43e7cff34d86470ce21^ -- polybar/modules.ini): fatal: bad revision '0040f4044b04320713bce43e7cff34d86470ce21^'


2025-08-02 21:22:02.963 [info] [2025-08-02 18:22:02.463] Warning(/usr/bin/git -c core.quotepath=false -c color.ui=false log --format=%x1E%H%x1D --summary -n1 0040f4044b04320713bce43e7cff34d86470ce21^ -- polybar/modules.ini): fatal: bad revision '0040f4044b04320713bce43e7cff34d86470ce21^'


2025-08-02 21:22:53.925 [info] [2025-08-02 18:22:53.424] Warning(/usr/bin/git -c core.quotepath=false -c color.ui=false log --format=%x1E%H%x1D --summary -n1 0040f4044b04320713bce43e7cff34d86470ce21^ -- polybar/modules.ini): fatal: bad revision '0040f4044b04320713bce43e7cff34d86470ce21^'


2025-08-02 21:23:10.319 [info] [2025-08-02 18:23:09.818] Warning(/usr/bin/git -c core.quotepath=false -c color.ui=false log --format=%x1E%H%x1D --summary -n1 0040f4044b04320713bce43e7cff34d86470ce21^ -- polybar/modules.ini): fatal: bad revision '0040f4044b04320713bce43e7cff34d86470ce21^'


2025-08-02 21:24:45.106 [info] [2025-08-02 18:24:44.606] Warning(/usr/bin/git -c core.quotepath=false -c color.ui=false log --format=%x1E%H%x1D --summary -n1 0040f4044b04320713bce43e7cff34d86470ce21^ -- polybar/modules.ini): fatal: bad revision '0040f4044b04320713bce43e7cff34d86470ce21^'


2025-08-02 21:25:45.273 [info] [2025-08-02 18:25:44.772] Warning(/usr/bin/git -c core.quotepath=false -c color.ui=false log --format=%x1E%H%x1D --summary -n1 0040f4044b04320713bce43e7cff34d86470ce21^ -- polybar/modules.ini): fatal: bad revision '0040f4044b04320713bce43e7cff34d86470ce21^'


2025-08-02 21:27:02.855 [info] [2025-08-02 18:27:02.355] Warning(/usr/bin/git -c core.quotepath=false -c color.ui=false log --format=%x1E%H%x1D --summary -n1 0040f4044b04320713bce43e7cff34d86470ce21^ -- polybar/modules.ini): fatal: bad revision '0040f4044b04320713bce43e7cff34d86470ce21^'


2025-08-02 21:27:03.355 [info] [2025-08-02 18:27:03.043] Warning(/usr/bin/git -c core.quotepath=false -c color.ui=false log --format=%x1E%H%x1D --summary -n1 0040f4044b04320713bce43e7cff34d86470ce21^ -- polybar/modules.ini): fatal: bad revision '0040f4044b04320713bce43e7cff34d86470ce21^'


2025-08-02 21:28:14.757 [info] [2025-08-02 18:28:14.257] Warning(/usr/bin/git -c core.quotepath=false -c color.ui=false log --format=%x1E%H%x1D --summary -n1 0040f4044b04320713bce43e7cff34d86470ce21^ -- polybar/config.ini): fatal: bad revision '0040f4044b04320713bce43e7cff34d86470ce21^'

[2025-08-02 18:28:14.670] Warning(/usr/bin/git -c core.quotepath=false -c color.ui=false log --format=%x1E%H%x1D --summary -n1 0040f4044b04320713bce43e7cff34d86470ce21^ -- polybar/config.ini): fatal: bad revision '0040f4044b04320713bce43e7cff34d86470ce21^'


