2025-08-02 20:21:45.656 [info] [2025-08-02 17:21:45.650] [         18ms] [/home/user/homelab] git rev-parse --show-toplevel • FAILED
2025-08-02 20:21:45.657 [info] 
Error: fatal: not a git repository (or any parent up to mount point /)
Stopping at filesystem boundary (GIT_DISCOVERY_ACROSS_FILESYSTEM not set).

2025-08-02 20:21:45.770 [info] [2025-08-02 17:21:45.770] [          9ms] [/home/user/homelab] git rev-parse --show-toplevel • FAILED
2025-08-02 20:21:45.770 [info] 
Error: fatal: not a git repository (or any parent up to mount point /)
Stopping at filesystem boundary (GIT_DISCOVERY_ACROSS_FILESYSTEM not set).

2025-08-02 20:21:45.770 [info] [2025-08-02 17:21:45.770] [         16ms] [/home/user/homelab/lenses] git rev-parse --show-toplevel • FAILED
2025-08-02 20:21:45.770 [info] 
Error: fatal: not a git repository (or any parent up to mount point /)
Stopping at filesystem boundary (GIT_DISCOVERY_ACROSS_FILESYSTEM not set).

2025-08-02 20:21:45.771 [info] [2025-08-02 17:21:45.770] [         11ms] [/home/user/homelab/lenses] git rev-parse --show-toplevel (waiting) • FAILED
2025-08-02 20:21:45.771 [info] 
Error: fatal: not a git repository (or any parent up to mount point /)
Stopping at filesystem boundary (GIT_DISCOVERY_ACROSS_FILESYSTEM not set).

2025-08-02 20:21:45.771 [info] [2025-08-02 17:21:45.771] [         22ms] [/home/user/homelab/lenses/app] git rev-parse --show-toplevel • FAILED
2025-08-02 20:21:45.771 [info] 
Error: fatal: not a git repository (or any parent up to mount point /)
Stopping at filesystem boundary (GIT_DISCOVERY_ACROSS_FILESYSTEM not set).

2025-08-02 20:21:45.771 [info] [2025-08-02 17:21:45.771] [         11ms] [/home/user/homelab/lenses/app] git rev-parse --show-toplevel (waiting) • FAILED
2025-08-02 20:21:45.771 [info] 
Error: fatal: not a git repository (or any parent up to mount point /)
Stopping at filesystem boundary (GIT_DISCOVERY_ACROSS_FILESYSTEM not set).

2025-08-02 20:21:45.771 [info] [2025-08-02 17:21:45.771] [         10ms] [/home/user/homelab/lenses/app] git rev-parse --show-toplevel (waiting) • FAILED
2025-08-02 20:21:45.771 [info] 
Error: fatal: not a git repository (or any parent up to mount point /)
Stopping at filesystem boundary (GIT_DISCOVERY_ACROSS_FILESYSTEM not set).

