2025-11-13 11:25:10.263 [info] 
=== Python Envs Configuration Levels ===
2025-11-13 11:25:10.263 [info] {
  "section": "Python Envs Configuration Levels",
  "defaultEnvManager": {
    "workspaceFolderValue": "undefined",
    "workspaceValue": "undefined",
    "globalValue": "undefined",
    "defaultValue": "ms-python.python:venv"
  },
  "defaultPackageManager": {
    "workspaceFolderValue": "undefined",
    "workspaceValue": "undefined",
    "globalValue": "undefined",
    "defaultValue": "ms-python.python:pip"
  }
}
2025-11-13 11:25:10.263 [info] [pet] Starting Python Locator /home/user/.vscode/extensions/ms-python.vscode-python-envs-1.10.0-linux-x64/python-env-tools/bin/pet server
2025-11-13 11:25:10.263 [info] getAllExtraSearchPaths completed. Total unique search directories: 0 Paths: []
2025-11-13 11:25:10.263 [info] [pet] configure: Sending configuration update: {"workspaceDirectories":["/home/user/repos"],"environmentDirectories":[],"poetryExecutable":"poetry","cacheDirectory":"/home/user/.config/Code/User/globalStorage/ms-python.vscode-python-envs/pythonLocator"}
2025-11-13 11:25:10.365 [info] Discovered env: /bin/python
2025-11-13 11:25:10.367 [info] Discovered env: /usr/bin/python
2025-11-13 11:25:10.378 [info] [pet] Env ("/usr/sbin/python") in Path resolved as ResolvedPythonEnv { executable: "/usr/sbin/python", prefix: "/usr", version: "3.13.7.final.0", is64_bit: true, symlinks: Some(["/usr/sbin/python"]) } and reported as Some(GlobalPaths)
2025-11-13 11:25:10.378 [info] Discovered env: /usr/sbin/python
2025-11-13 11:25:10.384 [info] [pet] Env ("/sbin/python") in Path resolved as ResolvedPythonEnv { executable: "/sbin/python", prefix: "/usr", version: "3.13.7.final.0", is64_bit: true, symlinks: Some(["/sbin/python"]) } and reported as Some(GlobalPaths)
2025-11-13 11:25:10.392 [info] Discovered env: /sbin/python
2025-11-13 11:25:10.696 [info] [pet] Env ("/usr/sbin/python3") in Path resolved as ResolvedPythonEnv { executable: "/usr/sbin/python3", prefix: "/usr", version: "3.13.7.final.0", is64_bit: true, symlinks: Some(["/usr/sbin/python3"]) } and reported as Some(GlobalPaths)
2025-11-13 11:25:14.083 [info] Discovered env: /usr/sbin/python3
2025-11-13 11:25:15.528 [info] [pet] Env ("/sbin/python3") in Path resolved as ResolvedPythonEnv { executable: "/sbin/python3", prefix: "/usr", version: "3.13.7.final.0", is64_bit: true, symlinks: Some(["/sbin/python3"]) } and reported as Some(GlobalPaths)
2025-11-13 11:25:15.558 [info] Discovered env: /sbin/python3
2025-11-13 11:25:15.672 [info] [pet] Env ("/sbin/python3.13") in Path resolved as ResolvedPythonEnv { executable: "/sbin/python3.13", prefix: "/usr", version: "3.13.7.final.0", is64_bit: true, symlinks: Some(["/sbin/python3.13"]) } and reported as Some(GlobalPaths)
2025-11-13 11:25:15.687 [info] Discovered env: /sbin/python3.13
2025-11-13 11:25:15.712 [info] [pet] Env ("/usr/sbin/python3.13") in Path resolved as ResolvedPythonEnv { executable: "/usr/sbin/python3.13", prefix: "/usr", version: "3.13.7.final.0", is64_bit: true, symlinks: Some(["/usr/sbin/python3.13"]) } and reported as Some(GlobalPaths)
2025-11-13 11:25:15.981 [info] Discovered env: /usr/sbin/python3.13
2025-11-13 11:25:16.095 [info] [pet] Locator Conda took 222.36697ms
2025-11-13 11:25:16.105 [info] [pet] Locator Homebrew took 406.452µs
2025-11-13 11:25:16.174 [info] [pet] Locator LinuxGlobal took 95.167603ms
2025-11-13 11:25:16.305 [info] [pet] Locator PipEnv took 28.024µs
2025-11-13 11:25:16.343 [info] [pet] Locator Pixi took 45.526µs
2025-11-13 11:25:16.358 [info] [pet] Locator Poetry took 6.422172ms
2025-11-13 11:25:16.386 [info] [pet] Locator PyEnv took 1.936748ms
2025-11-13 11:25:16.388 [info] [pet] Locator Venv took 25.725µs
2025-11-13 11:25:16.409 [info] [pet] Locator VirtualEnv took 31.695µs
2025-11-13 11:25:16.420 [info] [pet] Locator VirtualEnvWrapper took 77.457µs
2025-11-13 11:25:16.436 [info] [pet] Locator GlobalVirtualEnvs took 82.728µs
2025-11-13 11:25:16.461 [info] [pet] Locator Locators took 222.798083ms
2025-11-13 11:25:16.465 [info] [pet] Locator Path took 175.708012ms
2025-11-13 11:25:16.502 [info] [pet] Locator Workspaces took 18.02696ms
2025-11-13 11:25:16.547 [info] getAllExtraSearchPaths completed. Total unique search directories: 0 Paths: []
2025-11-13 11:25:16.550 [info] Conda not found, turning off conda features. Error: Conda not found
    at R (/home/user/.vscode/extensions/ms-python.vscode-python-envs-1.10.0-linux-x64/dist/extension.js:2:529904)
    at L (/home/user/.vscode/extensions/ms-python.vscode-python-envs-1.10.0-linux-x64/dist/extension.js:2:530029)
    at t.registerCondaFeatures (/home/user/.vscode/extensions/ms-python.vscode-python-envs-1.10.0-linux-x64/dist/extension.js:2:546478)
    at async Promise.all (index 1)
    at Immediate.<anonymous> (/home/user/.vscode/extensions/ms-python.vscode-python-envs-1.10.0-linux-x64/dist/extension.js:2:678817)
2025-11-13 11:25:16.647 [info] [pet] Telemetry:  {"event":"RefreshPerformance","data":{"refreshPerformance":{"total":222,"breakdown":{"GlobalVirtualEnvs":0,"Locators":222,"Path":175,"Workspaces":18},"locators":{"Conda":222,"Homebrew":0,"LinuxGlobal":95,"PipEnv":0,"Pixi":0,"Poetry":6,"PyEnv":1,"Venv":0,"VirtualEnv":0,"VirtualEnvWrapper":0}}}}
2025-11-13 11:25:16.748 [info] Discovered env: /bin/python
2025-11-13 11:25:16.749 [info] Discovered env: /usr/bin/python
2025-11-13 11:25:16.749 [info] [pet] Env ("/sbin/python") in Path resolved as ResolvedPythonEnv { executable: "/sbin/python", prefix: "/usr", version: "3.13.7.final.0", is64_bit: true, symlinks: Some(["/sbin/python"]) } and reported as Some(GlobalPaths)
2025-11-13 11:25:16.750 [info] Discovered env: /sbin/python
2025-11-13 11:25:16.750 [info] [pet] Env ("/usr/sbin/python") in Path resolved as ResolvedPythonEnv { executable: "/usr/sbin/python", prefix: "/usr", version: "3.13.7.final.0", is64_bit: true, symlinks: Some(["/usr/sbin/python"]) } and reported as Some(GlobalPaths)
2025-11-13 11:25:16.750 [info] Discovered env: /usr/sbin/python
2025-11-13 11:25:16.751 [info] [pet] Env ("/sbin/python3") in Path resolved as ResolvedPythonEnv { executable: "/sbin/python3", prefix: "/usr", version: "3.13.7.final.0", is64_bit: true, symlinks: Some(["/sbin/python3"]) } and reported as Some(GlobalPaths)
2025-11-13 11:25:16.751 [info] Discovered env: /sbin/python3
2025-11-13 11:25:16.751 [info] [pet] Env ("/usr/sbin/python3") in Path resolved as ResolvedPythonEnv { executable: "/usr/sbin/python3", prefix: "/usr", version: "3.13.7.final.0", is64_bit: true, symlinks: Some(["/usr/sbin/python3"]) } and reported as Some(GlobalPaths)
2025-11-13 11:25:16.751 [info] Discovered env: /usr/sbin/python3
2025-11-13 11:25:16.751 [info] [pet] Env ("/sbin/python3.13") in Path resolved as ResolvedPythonEnv { executable: "/sbin/python3.13", prefix: "/usr", version: "3.13.7.final.0", is64_bit: true, symlinks: Some(["/sbin/python3.13"]) } and reported as Some(GlobalPaths)
2025-11-13 11:25:16.751 [info] Discovered env: /sbin/python3.13
2025-11-13 11:25:16.751 [info] [pet] Env ("/usr/sbin/python3.13") in Path resolved as ResolvedPythonEnv { executable: "/usr/sbin/python3.13", prefix: "/usr", version: "3.13.7.final.0", is64_bit: true, symlinks: Some(["/usr/sbin/python3.13"]) } and reported as Some(GlobalPaths)
2025-11-13 11:25:16.752 [info] Discovered env: /usr/sbin/python3.13
2025-11-13 11:25:16.752 [info] [pet] Locator Conda took 100.717636ms
2025-11-13 11:25:16.752 [info] [pet] Locator Homebrew took 66.351µs
2025-11-13 11:25:16.752 [info] [pet] Locator LinuxGlobal took 76.753813ms
2025-11-13 11:25:16.752 [info] [pet] Locator PipEnv took 121.762µs
2025-11-13 11:25:16.752 [info] [pet] Locator Pixi took 15.788µs
2025-11-13 11:25:16.752 [info] [pet] Locator Poetry took 244.308µs
2025-11-13 11:25:16.752 [info] [pet] Locator PyEnv took 120.134µs
2025-11-13 11:25:16.752 [info] [pet] Locator Venv took 18.058µs
2025-11-13 11:25:16.752 [info] [pet] Locator VirtualEnv took 26.356µs
2025-11-13 11:25:16.752 [info] [pet] Locator VirtualEnvWrapper took 31.817µs
2025-11-13 11:25:16.752 [info] [pet] Locator GlobalVirtualEnvs took 77.581µs
2025-11-13 11:25:16.752 [info] [pet] Locator Locators took 102.504891ms
2025-11-13 11:25:16.752 [info] [pet] Locator Path took 150.272456ms
2025-11-13 11:25:16.752 [info] [pet] Locator Workspaces took 13.14424ms
2025-11-13 11:25:16.753 [info] getAllExtraSearchPaths completed. Total unique search directories: 0 Paths: []
2025-11-13 11:25:16.753 [info] Pipenv not found
2025-11-13 11:25:16.753 [info] Pipenv not found, turning off pipenv features.
2025-11-13 11:25:16.754 [info] [pet] Telemetry:  {"event":"RefreshPerformance","data":{"refreshPerformance":{"total":150,"breakdown":{"GlobalVirtualEnvs":0,"Locators":102,"Path":150,"Workspaces":13},"locators":{"Conda":100,"Homebrew":0,"LinuxGlobal":76,"PipEnv":0,"Pixi":0,"Poetry":0,"PyEnv":0,"Venv":0,"VirtualEnv":0,"VirtualEnvWrapper":0}}}}
2025-11-13 11:25:16.817 [info] Discovered env: /bin/python
2025-11-13 11:25:16.947 [info] Discovered env: /usr/bin/python
2025-11-13 11:25:16.948 [info] [pet] Env ("/sbin/python") in Path resolved as ResolvedPythonEnv { executable: "/sbin/python", prefix: "/usr", version: "3.13.7.final.0", is64_bit: true, symlinks: Some(["/sbin/python"]) } and reported as Some(GlobalPaths)
2025-11-13 11:25:16.948 [info] Discovered env: /sbin/python
2025-11-13 11:25:16.948 [info] [pet] Env ("/usr/sbin/python") in Path resolved as ResolvedPythonEnv { executable: "/usr/sbin/python", prefix: "/usr", version: "3.13.7.final.0", is64_bit: true, symlinks: Some(["/usr/sbin/python"]) } and reported as Some(GlobalPaths)
2025-11-13 11:25:16.948 [info] Discovered env: /usr/sbin/python
2025-11-13 11:25:16.949 [info] [pet] Env ("/sbin/python3") in Path resolved as ResolvedPythonEnv { executable: "/sbin/python3", prefix: "/usr", version: "3.13.7.final.0", is64_bit: true, symlinks: Some(["/sbin/python3"]) } and reported as Some(GlobalPaths)
2025-11-13 11:25:16.949 [info] Discovered env: /sbin/python3
2025-11-13 11:25:16.950 [info] [pet] Env ("/usr/sbin/python3") in Path resolved as ResolvedPythonEnv { executable: "/usr/sbin/python3", prefix: "/usr", version: "3.13.7.final.0", is64_bit: true, symlinks: Some(["/usr/sbin/python3"]) } and reported as Some(GlobalPaths)
2025-11-13 11:25:16.950 [info] Discovered env: /usr/sbin/python3
2025-11-13 11:25:16.950 [info] [pet] Env ("/usr/sbin/python3.13") in Path resolved as ResolvedPythonEnv { executable: "/usr/sbin/python3.13", prefix: "/usr", version: "3.13.7.final.0", is64_bit: true, symlinks: Some(["/usr/sbin/python3.13"]) } and reported as Some(GlobalPaths)
2025-11-13 11:25:16.950 [info] Discovered env: /usr/sbin/python3.13
2025-11-13 11:25:16.950 [info] [pet] Env ("/sbin/python3.13") in Path resolved as ResolvedPythonEnv { executable: "/sbin/python3.13", prefix: "/usr", version: "3.13.7.final.0", is64_bit: true, symlinks: Some(["/sbin/python3.13"]) } and reported as Some(GlobalPaths)
2025-11-13 11:25:16.950 [info] Discovered env: /sbin/python3.13
2025-11-13 11:25:16.950 [info] [pet] Locator Conda took 83.837299ms
2025-11-13 11:25:16.950 [info] [pet] Locator Homebrew took 109.992µs
2025-11-13 11:25:16.950 [info] [pet] Locator LinuxGlobal took 87.702255ms
2025-11-13 11:25:16.950 [info] [pet] Locator PipEnv took 18.421µs
2025-11-13 11:25:16.950 [info] [pet] Locator Pixi took 27.161µs
2025-11-13 11:25:16.950 [info] [pet] Locator Poetry took 1.054971ms
2025-11-13 11:25:16.951 [info] [pet] Locator PyEnv took 904.732µs
2025-11-13 11:25:16.951 [info] [pet] Locator Venv took 18.472µs
2025-11-13 11:25:16.951 [info] [pet] Locator VirtualEnv took 89.929µs
2025-11-13 11:25:16.951 [info] [pet] Locator VirtualEnvWrapper took 15.216µs
2025-11-13 11:25:16.951 [info] [pet] Locator GlobalVirtualEnvs took 46.965µs
2025-11-13 11:25:16.951 [info] [pet] Locator Locators took 90.390134ms
2025-11-13 11:25:16.951 [info] [pet] Locator Path took 173.453967ms
2025-11-13 11:25:16.951 [info] [pet] Locator Workspaces took 7.760847ms
2025-11-13 11:25:16.951 [info] getAllExtraSearchPaths completed. Total unique search directories: 0 Paths: []
2025-11-13 11:25:16.951 [info] Pyenv not found, turning off pyenv features.
2025-11-13 11:25:16.952 [info] [pet] Telemetry:  {"event":"RefreshPerformance","data":{"refreshPerformance":{"total":173,"breakdown":{"GlobalVirtualEnvs":0,"Locators":90,"Path":173,"Workspaces":7},"locators":{"Conda":83,"Homebrew":0,"LinuxGlobal":87,"PipEnv":0,"Pixi":0,"Poetry":1,"PyEnv":0,"Venv":0,"VirtualEnv":0,"VirtualEnvWrapper":0}}}}
2025-11-13 11:25:17.034 [info] Discovered env: /bin/python
2025-11-13 11:25:17.043 [info] Discovered env: /usr/bin/python
2025-11-13 11:25:17.047 [info] [pet] Env ("/sbin/python") in Path resolved as ResolvedPythonEnv { executable: "/sbin/python", prefix: "/usr", version: "3.13.7.final.0", is64_bit: true, symlinks: Some(["/sbin/python"]) } and reported as Some(GlobalPaths)
2025-11-13 11:25:17.048 [info] Discovered env: /sbin/python
2025-11-13 11:25:17.054 [info] [pet] Env ("/usr/sbin/python") in Path resolved as ResolvedPythonEnv { executable: "/usr/sbin/python", prefix: "/usr", version: "3.13.7.final.0", is64_bit: true, symlinks: Some(["/usr/sbin/python"]) } and reported as Some(GlobalPaths)
2025-11-13 11:25:17.055 [info] Discovered env: /usr/sbin/python
2025-11-13 11:25:17.064 [info] [pet] Env ("/sbin/python3") in Path resolved as ResolvedPythonEnv { executable: "/sbin/python3", prefix: "/usr", version: "3.13.7.final.0", is64_bit: true, symlinks: Some(["/sbin/python3"]) } and reported as Some(GlobalPaths)
2025-11-13 11:25:17.067 [info] Discovered env: /sbin/python3
2025-11-13 11:25:17.081 [info] [pet] Env ("/usr/sbin/python3") in Path resolved as ResolvedPythonEnv { executable: "/usr/sbin/python3", prefix: "/usr", version: "3.13.7.final.0", is64_bit: true, symlinks: Some(["/usr/sbin/python3"]) } and reported as Some(GlobalPaths)
2025-11-13 11:25:17.085 [info] Discovered env: /usr/sbin/python3
2025-11-13 11:25:17.091 [info] [pet] Env ("/sbin/python3.13") in Path resolved as ResolvedPythonEnv { executable: "/sbin/python3.13", prefix: "/usr", version: "3.13.7.final.0", is64_bit: true, symlinks: Some(["/sbin/python3.13"]) } and reported as Some(GlobalPaths)
2025-11-13 11:25:17.092 [info] Discovered env: /sbin/python3.13
2025-11-13 11:25:17.093 [info] [pet] Env ("/usr/sbin/python3.13") in Path resolved as ResolvedPythonEnv { executable: "/usr/sbin/python3.13", prefix: "/usr", version: "3.13.7.final.0", is64_bit: true, symlinks: Some(["/usr/sbin/python3.13"]) } and reported as Some(GlobalPaths)
2025-11-13 11:25:17.093 [info] Discovered env: /usr/sbin/python3.13
2025-11-13 11:25:17.093 [info] [pet] Locator Conda took 88.934897ms
2025-11-13 11:25:17.093 [info] [pet] Locator Homebrew took 58.915µs
2025-11-13 11:25:17.094 [info] [pet] Locator LinuxGlobal took 87.88919ms
2025-11-13 11:25:17.094 [info] [pet] Locator PipEnv took 62.554µs
2025-11-13 11:25:17.094 [info] [pet] Locator Pixi took 17.579µs
2025-11-13 11:25:17.094 [info] [pet] Locator Poetry took 191.584µs
2025-11-13 11:25:17.094 [info] [pet] Locator PyEnv took 76.961µs
2025-11-13 11:25:17.094 [info] [pet] Locator Venv took 238.966µs
2025-11-13 11:25:17.094 [info] [pet] Locator VirtualEnv took 32.934µs
2025-11-13 11:25:17.094 [info] [pet] Locator VirtualEnvWrapper took 51.914µs
2025-11-13 11:25:17.094 [info] [pet] Locator GlobalVirtualEnvs took 42.601µs
2025-11-13 11:25:17.094 [info] [pet] Locator Locators took 100.228945ms
2025-11-13 11:25:17.094 [info] [pet] Locator Path took 140.84144ms
2025-11-13 11:25:17.094 [info] [pet] Locator Workspaces took 14.422119ms
2025-11-13 11:25:17.095 [info] getAllExtraSearchPaths completed. Total unique search directories: 0 Paths: []
2025-11-13 11:25:17.095 [info] Poetry not found, turning off poetry features.
2025-11-13 11:25:17.096 [info] [resolveDefaultInterpreter] User configured defaultInterpreterPath: /bin/python and defaultEnvManager: undefined
2025-11-13 11:25:17.096 [info] getAllExtraSearchPaths completed. Total unique search directories: 0 Paths: []
2025-11-13 11:25:17.097 [info] [pet] Telemetry:  {"event":"RefreshPerformance","data":{"refreshPerformance":{"total":140,"breakdown":{"GlobalVirtualEnvs":0,"Locators":100,"Path":140,"Workspaces":14},"locators":{"Conda":88,"Homebrew":0,"LinuxGlobal":87,"PipEnv":0,"Pixi":0,"Poetry":0,"PyEnv":0,"Venv":0,"VirtualEnv":0,"VirtualEnvWrapper":0}}}}
2025-11-13 11:25:17.182 [info] Discovered env: /bin/python
2025-11-13 11:25:17.212 [info] [pet] Env ("/usr/sbin/python") in Path resolved as ResolvedPythonEnv { executable: "/usr/sbin/python", prefix: "/usr", version: "3.13.7.final.0", is64_bit: true, symlinks: Some(["/usr/sbin/python"]) } and reported as Some(GlobalPaths)
2025-11-13 11:25:17.213 [info] Discovered env: /usr/sbin/python
2025-11-13 11:25:17.215 [info] Discovered env: /usr/bin/python
2025-11-13 11:25:17.215 [info] [pet] Env ("/sbin/python") in Path resolved as ResolvedPythonEnv { executable: "/sbin/python", prefix: "/usr", version: "3.13.7.final.0", is64_bit: true, symlinks: Some(["/sbin/python"]) } and reported as Some(GlobalPaths)
2025-11-13 11:25:17.215 [info] Discovered env: /sbin/python
2025-11-13 11:25:17.218 [info] Resolved Python Environment /bin/python
2025-11-13 11:25:17.231 [info] [pet] Env ("/usr/sbin/python3") in Path resolved as ResolvedPythonEnv { executable: "/usr/sbin/python3", prefix: "/usr", version: "3.13.7.final.0", is64_bit: true, symlinks: Some(["/usr/sbin/python3"]) } and reported as Some(GlobalPaths)
2025-11-13 11:25:17.232 [info] Discovered env: /usr/sbin/python3
2025-11-13 11:25:17.237 [info] [pet] Env ("/sbin/python3") in Path resolved as ResolvedPythonEnv { executable: "/sbin/python3", prefix: "/usr", version: "3.13.7.final.0", is64_bit: true, symlinks: Some(["/sbin/python3"]) } and reported as Some(GlobalPaths)
2025-11-13 11:25:17.238 [info] Discovered env: /sbin/python3
2025-11-13 11:25:17.256 [info] [pet] Env ("/usr/sbin/python3.13") in Path resolved as ResolvedPythonEnv { executable: "/usr/sbin/python3.13", prefix: "/usr", version: "3.13.7.final.0", is64_bit: true, symlinks: Some(["/usr/sbin/python3.13"]) } and reported as Some(GlobalPaths)
2025-11-13 11:25:17.256 [info] Discovered env: /usr/sbin/python3.13
2025-11-13 11:25:17.256 [info] [pet] Env ("/sbin/python3.13") in Path resolved as ResolvedPythonEnv { executable: "/sbin/python3.13", prefix: "/usr", version: "3.13.7.final.0", is64_bit: true, symlinks: Some(["/sbin/python3.13"]) } and reported as Some(GlobalPaths)
2025-11-13 11:25:17.256 [info] Discovered env: /sbin/python3.13
2025-11-13 11:25:17.258 [info] [pet] Locator Conda took 106.277986ms
2025-11-13 11:25:17.258 [info] [pet] Locator Homebrew took 66.848µs
2025-11-13 11:25:17.258 [info] [pet] Locator LinuxGlobal took 108.392991ms
2025-11-13 11:25:17.258 [info] [pet] Locator PipEnv took 39.899µs
2025-11-13 11:25:17.258 [info] [pet] Locator Pixi took 19.376µs
2025-11-13 11:25:17.258 [info] [pet] Locator Poetry took 126.228µs
2025-11-13 11:25:17.258 [info] [pet] Locator PyEnv took 95.649µs
2025-11-13 11:25:17.258 [info] [pet] Locator Venv took 21.706µs
2025-11-13 11:25:17.258 [info] [pet] Locator VirtualEnv took 21.859µs
2025-11-13 11:25:17.258 [info] [pet] Locator VirtualEnvWrapper took 38.756µs
2025-11-13 11:25:17.258 [info] [pet] Locator GlobalVirtualEnvs took 44.061µs
2025-11-13 11:25:17.259 [info] [pet] Locator Locators took 112.497683ms
2025-11-13 11:25:17.259 [info] [pet] Locator Path took 160.526474ms
2025-11-13 11:25:17.259 [info] [pet] Locator Workspaces took 4.864413ms
2025-11-13 11:25:17.259 [info] getAllExtraSearchPaths completed. Total unique search directories: 0 Paths: []
2025-11-13 11:25:17.263 [info] [pet] Telemetry:  {"event":"RefreshPerformance","data":{"refreshPerformance":{"total":160,"breakdown":{"GlobalVirtualEnvs":0,"Locators":112,"Path":160,"Workspaces":4},"locators":{"Conda":106,"Homebrew":0,"LinuxGlobal":108,"PipEnv":0,"Pixi":0,"Poetry":0,"PyEnv":0,"Venv":0,"VirtualEnv":0,"VirtualEnvWrapper":0}}}}
2025-11-13 11:25:17.327 [info] Discovered env: /bin/python
2025-11-13 11:25:17.361 [info] Discovered env: /usr/bin/python
2025-11-13 11:25:17.361 [info] [pet] Env ("/sbin/python") in Path resolved as ResolvedPythonEnv { executable: "/sbin/python", prefix: "/usr", version: "3.13.7.final.0", is64_bit: true, symlinks: Some(["/sbin/python"]) } and reported as Some(GlobalPaths)
2025-11-13 11:25:17.363 [info] Discovered env: /sbin/python
2025-11-13 11:25:17.364 [info] [pet] Env ("/usr/sbin/python") in Path resolved as ResolvedPythonEnv { executable: "/usr/sbin/python", prefix: "/usr", version: "3.13.7.final.0", is64_bit: true, symlinks: Some(["/usr/sbin/python"]) } and reported as Some(GlobalPaths)
2025-11-13 11:25:17.364 [info] Discovered env: /usr/sbin/python
2025-11-13 11:25:17.364 [info] [pet] Env ("/sbin/python3") in Path resolved as ResolvedPythonEnv { executable: "/sbin/python3", prefix: "/usr", version: "3.13.7.final.0", is64_bit: true, symlinks: Some(["/sbin/python3"]) } and reported as Some(GlobalPaths)
2025-11-13 11:25:17.364 [info] Discovered env: /sbin/python3
2025-11-13 11:25:17.374 [info] [pet] Env ("/usr/sbin/python3") in Path resolved as ResolvedPythonEnv { executable: "/usr/sbin/python3", prefix: "/usr", version: "3.13.7.final.0", is64_bit: true, symlinks: Some(["/usr/sbin/python3"]) } and reported as Some(GlobalPaths)
2025-11-13 11:25:17.374 [info] Discovered env: /usr/sbin/python3
2025-11-13 11:25:17.378 [info] [pet] Env ("/sbin/python3.13") in Path resolved as ResolvedPythonEnv { executable: "/sbin/python3.13", prefix: "/usr", version: "3.13.7.final.0", is64_bit: true, symlinks: Some(["/sbin/python3.13"]) } and reported as Some(GlobalPaths)
2025-11-13 11:25:17.379 [info] Discovered env: /sbin/python3.13
2025-11-13 11:25:17.390 [info] [pet] Env ("/usr/sbin/python3.13") in Path resolved as ResolvedPythonEnv { executable: "/usr/sbin/python3.13", prefix: "/usr", version: "3.13.7.final.0", is64_bit: true, symlinks: Some(["/usr/sbin/python3.13"]) } and reported as Some(GlobalPaths)
2025-11-13 11:25:17.390 [info] Discovered env: /usr/sbin/python3.13
2025-11-13 11:25:17.392 [info] [pet] Locator Conda took 76.132053ms
2025-11-13 11:25:17.392 [info] [pet] Locator Homebrew took 164.564µs
2025-11-13 11:25:17.392 [info] [pet] Locator LinuxGlobal took 70.713954ms
2025-11-13 11:25:17.392 [info] [pet] Locator PipEnv took 17.911µs
2025-11-13 11:25:17.392 [info] [pet] Locator Pixi took 20.455µs
2025-11-13 11:25:17.392 [info] [pet] Locator Poetry took 103.848µs
2025-11-13 11:25:17.392 [info] [pet] Locator PyEnv took 123.917µs
2025-11-13 11:25:17.392 [info] [pet] Locator Venv took 28.741µs
2025-11-13 11:25:17.392 [info] [pet] Locator VirtualEnv took 19.177µs
2025-11-13 11:25:17.392 [info] [pet] Locator VirtualEnvWrapper took 20.656µs
2025-11-13 11:25:17.392 [info] [pet] Locator GlobalVirtualEnvs took 76.112µs
2025-11-13 11:25:17.392 [info] [pet] Locator Locators took 76.479889ms
2025-11-13 11:25:17.393 [info] [pet] Locator Path took 128.596983ms
2025-11-13 11:25:17.393 [info] [pet] Locator Workspaces took 6.35689ms
2025-11-13 11:25:17.393 [info] getAllExtraSearchPaths completed. Total unique search directories: 0 Paths: []
2025-11-13 11:25:17.400 [info] [pet] Telemetry:  {"event":"RefreshPerformance","data":{"refreshPerformance":{"total":128,"breakdown":{"GlobalVirtualEnvs":0,"Locators":76,"Path":128,"Workspaces":6},"locators":{"Conda":76,"Homebrew":0,"LinuxGlobal":70,"PipEnv":0,"Pixi":0,"Poetry":0,"PyEnv":0,"Venv":0,"VirtualEnv":0,"VirtualEnvWrapper":0}}}}
2025-11-13 11:25:17.467 [info] [pet] Env ("/sbin/python") in Path resolved as ResolvedPythonEnv { executable: "/sbin/python", prefix: "/usr", version: "3.13.7.final.0", is64_bit: true, symlinks: Some(["/sbin/python"]) } and reported as Some(GlobalPaths)
2025-11-13 11:25:17.467 [info] Discovered env: /sbin/python
2025-11-13 11:25:17.471 [info] [pet] Env ("/usr/sbin/python") in Path resolved as ResolvedPythonEnv { executable: "/usr/sbin/python", prefix: "/usr", version: "3.13.7.final.0", is64_bit: true, symlinks: Some(["/usr/sbin/python"]) } and reported as Some(GlobalPaths)
2025-11-13 11:25:17.472 [info] Discovered env: /usr/sbin/python
2025-11-13 11:25:17.482 [info] Discovered env: /bin/python
2025-11-13 11:25:17.485 [info] Discovered env: /usr/bin/python
2025-11-13 11:25:17.496 [info] [pet] Env ("/sbin/python3") in Path resolved as ResolvedPythonEnv { executable: "/sbin/python3", prefix: "/usr", version: "3.13.7.final.0", is64_bit: true, symlinks: Some(["/sbin/python3"]) } and reported as Some(GlobalPaths)
2025-11-13 11:25:17.496 [info] Discovered env: /sbin/python3
2025-11-13 11:25:17.497 [info] [pet] Env ("/usr/sbin/python3") in Path resolved as ResolvedPythonEnv { executable: "/usr/sbin/python3", prefix: "/usr", version: "3.13.7.final.0", is64_bit: true, symlinks: Some(["/usr/sbin/python3"]) } and reported as Some(GlobalPaths)
2025-11-13 11:25:17.498 [info] Discovered env: /usr/sbin/python3
2025-11-13 11:25:17.516 [info] [pet] Env ("/usr/sbin/python3.13") in Path resolved as ResolvedPythonEnv { executable: "/usr/sbin/python3.13", prefix: "/usr", version: "3.13.7.final.0", is64_bit: true, symlinks: Some(["/usr/sbin/python3.13"]) } and reported as Some(GlobalPaths)
2025-11-13 11:25:17.517 [info] Discovered env: /usr/sbin/python3.13
2025-11-13 11:25:17.521 [info] [pet] Env ("/sbin/python3.13") in Path resolved as ResolvedPythonEnv { executable: "/sbin/python3.13", prefix: "/usr", version: "3.13.7.final.0", is64_bit: true, symlinks: Some(["/sbin/python3.13"]) } and reported as Some(GlobalPaths)
2025-11-13 11:25:17.521 [info] Discovered env: /sbin/python3.13
2025-11-13 11:25:17.525 [info] [pet] Locator Conda took 91.414226ms
2025-11-13 11:25:17.525 [info] [pet] Locator Homebrew took 54.242µs
2025-11-13 11:25:17.525 [info] [pet] Locator LinuxGlobal took 83.101658ms
2025-11-13 11:25:17.525 [info] [pet] Locator PipEnv took 15.327µs
2025-11-13 11:25:17.525 [info] [pet] Locator Pixi took 25.689µs
2025-11-13 11:25:17.525 [info] [pet] Locator Poetry took 176.061µs
2025-11-13 11:25:17.526 [info] [pet] Locator PyEnv took 82.96µs
2025-11-13 11:25:17.526 [info] [pet] Locator Venv took 18.122µs
2025-11-13 11:25:17.526 [info] [pet] Locator VirtualEnv took 19.737µs
2025-11-13 11:25:17.526 [info] [pet] Locator VirtualEnvWrapper took 25.545µs
2025-11-13 11:25:17.526 [info] [pet] Locator GlobalVirtualEnvs took 48.493µs
2025-11-13 11:25:17.526 [info] [pet] Locator Locators took 93.552846ms
2025-11-13 11:25:17.526 [info] [pet] Locator Path took 125.252955ms
2025-11-13 11:25:17.526 [info] [pet] Locator Workspaces took 9.159399ms
2025-11-13 11:25:17.596 [info] Python API: Changed environment from undefined to Python 3.13.7 for: /home/user/repos
2025-11-13 11:25:17.596 [info] Internal: Changed environment from undefined to Python 3.13.7 for: /home/user/repos
2025-11-13 11:25:17.597 [info] [pet] Telemetry:  {"event":"RefreshPerformance","data":{"refreshPerformance":{"total":125,"breakdown":{"GlobalVirtualEnvs":0,"Locators":93,"Path":125,"Workspaces":9},"locators":{"Conda":91,"Homebrew":0,"LinuxGlobal":83,"PipEnv":0,"Pixi":0,"Poetry":0,"PyEnv":0,"Venv":0,"VirtualEnv":0,"VirtualEnvWrapper":0}}}}
2025-11-13 11:25:19.175 [info] Python API: Changed environment from undefined to Python 3.13.7 for: global
2025-11-13 11:25:19.175 [info] Internal: Changed environment from undefined to Python 3.13.7 for: global
2025-11-13 12:05:46.875 [info] getAllExtraSearchPaths completed. Total unique search directories: 0 Paths: []
2025-11-13 12:05:46.883 [info] Resolved Python Environment /bin/python
2025-11-13 12:05:46.883 [info] getAllExtraSearchPaths completed. Total unique search directories: 0 Paths: []
2025-11-13 12:05:46.891 [info] Resolved Python Environment /bin/python
2025-11-13 12:05:47.327 [info] getAllExtraSearchPaths completed. Total unique search directories: 0 Paths: []
2025-11-13 12:05:47.340 [info] Resolved Python Environment /bin/python
2025-11-13 12:05:47.340 [info] getAllExtraSearchPaths completed. Total unique search directories: 0 Paths: []
2025-11-13 12:05:47.352 [info] Resolved Python Environment /bin/python
2025-11-13 12:05:47.428 [info] getAllExtraSearchPaths completed. Total unique search directories: 0 Paths: []
2025-11-13 12:05:47.438 [info] Resolved Python Environment /bin/python
2025-11-13 12:05:47.438 [info] getAllExtraSearchPaths completed. Total unique search directories: 0 Paths: []
2025-11-13 12:05:47.449 [info] Resolved Python Environment /bin/python
2025-11-13 12:13:31.538 [info] getAllExtraSearchPaths completed. Total unique search directories: 0 Paths: []
2025-11-13 12:13:31.579 [info] Resolved Python Environment /bin/python
2025-11-13 12:13:31.580 [info] getAllExtraSearchPaths completed. Total unique search directories: 0 Paths: []
2025-11-13 12:13:31.592 [info] Resolved Python Environment /bin/python
2025-11-13 12:13:32.683 [info] getAllExtraSearchPaths completed. Total unique search directories: 0 Paths: []
2025-11-13 12:13:32.693 [info] Resolved Python Environment /bin/python
2025-11-13 12:13:32.694 [info] getAllExtraSearchPaths completed. Total unique search directories: 0 Paths: []
2025-11-13 12:13:32.704 [info] Resolved Python Environment /bin/python
2025-11-13 12:13:33.713 [info] getAllExtraSearchPaths completed. Total unique search directories: 0 Paths: []
2025-11-13 12:13:33.723 [info] Resolved Python Environment /bin/python
2025-11-13 12:13:33.723 [info] getAllExtraSearchPaths completed. Total unique search directories: 0 Paths: []
2025-11-13 12:13:33.732 [info] Resolved Python Environment /bin/python
2025-11-13 12:13:33.925 [info] getAllExtraSearchPaths completed. Total unique search directories: 0 Paths: []
2025-11-13 12:13:33.935 [info] Resolved Python Environment /bin/python
2025-11-13 12:13:33.935 [info] getAllExtraSearchPaths completed. Total unique search directories: 0 Paths: []
2025-11-13 12:13:33.944 [info] Resolved Python Environment /bin/python
2025-11-13 12:13:34.161 [info] getAllExtraSearchPaths completed. Total unique search directories: 0 Paths: []
2025-11-13 12:13:34.170 [info] Resolved Python Environment /bin/python
2025-11-13 12:13:34.171 [info] getAllExtraSearchPaths completed. Total unique search directories: 0 Paths: []
2025-11-13 12:13:34.179 [info] Resolved Python Environment /bin/python
2025-11-13 12:13:35.761 [info] getAllExtraSearchPaths completed. Total unique search directories: 0 Paths: []
2025-11-13 12:13:35.769 [info] Resolved Python Environment /bin/python
2025-11-13 12:13:35.770 [info] getAllExtraSearchPaths completed. Total unique search directories: 0 Paths: []
2025-11-13 12:13:35.778 [info] Resolved Python Environment /bin/python
2025-11-13 12:13:36.568 [info] getAllExtraSearchPaths completed. Total unique search directories: 0 Paths: []
2025-11-13 12:13:36.576 [info] Resolved Python Environment /bin/python
2025-11-13 12:13:36.576 [info] getAllExtraSearchPaths completed. Total unique search directories: 0 Paths: []
2025-11-13 12:13:36.585 [info] Resolved Python Environment /bin/python
2025-11-13 12:13:39.528 [info] getAllExtraSearchPaths completed. Total unique search directories: 0 Paths: []
2025-11-13 12:13:39.539 [info] Resolved Python Environment /bin/python
2025-11-13 12:13:39.539 [info] getAllExtraSearchPaths completed. Total unique search directories: 0 Paths: []
2025-11-13 12:13:39.548 [info] Resolved Python Environment /bin/python
2025-11-13 12:13:40.045 [info] getAllExtraSearchPaths completed. Total unique search directories: 0 Paths: []
2025-11-13 12:13:40.054 [info] Resolved Python Environment /bin/python
2025-11-13 12:13:40.054 [info] getAllExtraSearchPaths completed. Total unique search directories: 0 Paths: []
2025-11-13 12:13:40.063 [info] Resolved Python Environment /bin/python
2025-11-13 12:13:41.102 [info] getAllExtraSearchPaths completed. Total unique search directories: 0 Paths: []
2025-11-13 12:13:41.111 [info] Resolved Python Environment /bin/python
2025-11-13 12:13:41.111 [info] getAllExtraSearchPaths completed. Total unique search directories: 0 Paths: []
2025-11-13 12:13:41.120 [info] Resolved Python Environment /bin/python
2025-11-13 12:13:42.024 [info] getAllExtraSearchPaths completed. Total unique search directories: 0 Paths: []
2025-11-13 12:13:42.034 [info] Resolved Python Environment /bin/python
2025-11-13 12:13:42.034 [info] getAllExtraSearchPaths completed. Total unique search directories: 0 Paths: []
2025-11-13 12:13:42.045 [info] Resolved Python Environment /bin/python
2025-11-13 12:14:20.178 [info] getAllExtraSearchPaths completed. Total unique search directories: 0 Paths: []
2025-11-13 12:14:20.220 [info] Resolved Python Environment /bin/python
2025-11-13 12:14:20.221 [info] getAllExtraSearchPaths completed. Total unique search directories: 0 Paths: []
2025-11-13 12:14:20.231 [info] Resolved Python Environment /bin/python
2025-11-13 12:14:21.541 [info] getAllExtraSearchPaths completed. Total unique search directories: 0 Paths: []
2025-11-13 12:14:21.552 [info] Resolved Python Environment /bin/python
2025-11-13 12:14:21.553 [info] getAllExtraSearchPaths completed. Total unique search directories: 0 Paths: []
2025-11-13 12:14:21.562 [info] Resolved Python Environment /bin/python
2025-11-13 12:14:40.127 [info] getAllExtraSearchPaths completed. Total unique search directories: 0 Paths: []
2025-11-13 12:14:40.167 [info] Resolved Python Environment /bin/python
2025-11-13 12:14:40.167 [info] getAllExtraSearchPaths completed. Total unique search directories: 0 Paths: []
2025-11-13 12:14:40.182 [info] Resolved Python Environment /bin/python
2025-11-13 12:14:41.694 [info] getAllExtraSearchPaths completed. Total unique search directories: 0 Paths: []
2025-11-13 12:14:41.702 [info] Resolved Python Environment /bin/python
2025-11-13 12:14:41.703 [info] getAllExtraSearchPaths completed. Total unique search directories: 0 Paths: []
2025-11-13 12:14:41.710 [info] Resolved Python Environment /bin/python
2025-11-13 12:18:36.334 [info] getAllExtraSearchPaths completed. Total unique search directories: 0 Paths: []
2025-11-13 12:18:36.343 [info] Resolved Python Environment /bin/python
2025-11-13 12:18:36.343 [info] getAllExtraSearchPaths completed. Total unique search directories: 0 Paths: []
2025-11-13 12:18:36.352 [info] Resolved Python Environment /bin/python
2025-11-13 12:20:16.793 [info] getAllExtraSearchPaths completed. Total unique search directories: 0 Paths: []
2025-11-13 12:20:16.803 [info] Resolved Python Environment /bin/python
2025-11-13 12:20:16.803 [info] getAllExtraSearchPaths completed. Total unique search directories: 0 Paths: []
2025-11-13 12:20:16.812 [info] Resolved Python Environment /bin/python
2025-11-13 13:35:56.231 [info] getAllExtraSearchPaths completed. Total unique search directories: 0 Paths: []
2025-11-13 13:35:56.241 [info] Resolved Python Environment /bin/python
2025-11-13 13:35:56.241 [info] getAllExtraSearchPaths completed. Total unique search directories: 0 Paths: []
2025-11-13 13:35:56.248 [info] Resolved Python Environment /bin/python
2025-11-13 13:35:57.848 [info] getAllExtraSearchPaths completed. Total unique search directories: 0 Paths: []
2025-11-13 13:35:57.869 [info] Resolved Python Environment /bin/python
2025-11-13 13:35:57.869 [info] getAllExtraSearchPaths completed. Total unique search directories: 0 Paths: []
2025-11-13 13:35:57.888 [info] Resolved Python Environment /bin/python
2025-11-13 13:36:09.438 [info] getAllExtraSearchPaths completed. Total unique search directories: 0 Paths: []
2025-11-13 13:36:09.475 [info] Resolved Python Environment /bin/python
2025-11-13 13:36:09.476 [info] getAllExtraSearchPaths completed. Total unique search directories: 0 Paths: []
2025-11-13 13:36:09.496 [info] Resolved Python Environment /bin/python
2025-11-13 13:36:12.650 [info] getAllExtraSearchPaths completed. Total unique search directories: 0 Paths: []
2025-11-13 13:36:12.657 [info] Resolved Python Environment /bin/python
2025-11-13 13:36:12.658 [info] getAllExtraSearchPaths completed. Total unique search directories: 0 Paths: []
2025-11-13 13:36:12.665 [info] Resolved Python Environment /bin/python
2025-11-13 13:36:34.155 [info] getAllExtraSearchPaths completed. Total unique search directories: 0 Paths: []
2025-11-13 13:36:34.164 [info] Resolved Python Environment /bin/python
2025-11-13 13:36:34.164 [info] getAllExtraSearchPaths completed. Total unique search directories: 0 Paths: []
2025-11-13 13:36:34.172 [info] Resolved Python Environment /bin/python
2025-11-13 17:15:34.265 [info] getAllExtraSearchPaths completed. Total unique search directories: 0 Paths: []
2025-11-13 17:15:34.275 [info] Resolved Python Environment /bin/python
2025-11-13 17:15:34.276 [info] getAllExtraSearchPaths completed. Total unique search directories: 0 Paths: []
2025-11-13 17:15:34.286 [info] Resolved Python Environment /bin/python
2025-11-13 17:15:39.405 [info] getAllExtraSearchPaths completed. Total unique search directories: 0 Paths: []
2025-11-13 17:15:39.414 [info] Resolved Python Environment /bin/python
2025-11-13 17:15:39.414 [info] getAllExtraSearchPaths completed. Total unique search directories: 0 Paths: []
2025-11-13 17:15:39.422 [info] Resolved Python Environment /bin/python
2025-11-13 17:24:37.444 [info] getAllExtraSearchPaths completed. Total unique search directories: 0 Paths: []
2025-11-13 17:24:37.502 [info] Resolved Python Environment /bin/python
2025-11-13 17:24:37.503 [info] getAllExtraSearchPaths completed. Total unique search directories: 0 Paths: []
2025-11-13 17:24:37.511 [info] Resolved Python Environment /bin/python
2025-11-13 17:25:59.718 [info] getAllExtraSearchPaths completed. Total unique search directories: 0 Paths: []
2025-11-13 17:25:59.726 [info] Resolved Python Environment /bin/python
2025-11-13 17:25:59.727 [info] getAllExtraSearchPaths completed. Total unique search directories: 0 Paths: []
2025-11-13 17:25:59.734 [info] Resolved Python Environment /bin/python
2025-11-13 17:26:01.809 [info] getAllExtraSearchPaths completed. Total unique search directories: 0 Paths: []
2025-11-13 17:26:01.818 [info] Resolved Python Environment /bin/python
2025-11-13 17:26:01.818 [info] getAllExtraSearchPaths completed. Total unique search directories: 0 Paths: []
2025-11-13 17:26:01.828 [info] Resolved Python Environment /bin/python
2025-11-13 17:52:28.271 [info] getAllExtraSearchPaths completed. Total unique search directories: 0 Paths: []
2025-11-13 17:52:28.284 [info] Resolved Python Environment /bin/python
2025-11-13 17:52:28.284 [info] getAllExtraSearchPaths completed. Total unique search directories: 0 Paths: []
2025-11-13 17:52:28.292 [info] Resolved Python Environment /bin/python
2025-11-13 17:52:29.244 [info] Running: /bin/python -m pip list
2025-11-13 17:52:29.604 [info] python: Package                   Version

2025-11-13 17:52:29.604 [info] python: ------------------------- ----------------
accelerate                1.11.0

2025-11-13 17:52:29.604 [info] python: altair                    5.5.0

2025-11-13 17:52:29.604 [info] python: appdirs                   1.4.4

2025-11-13 17:52:29.605 [info] python: arandr                    0.1.11

2025-11-13 17:52:29.605 [info] python: attrs                     25.4.0

2025-11-13 17:52:29.605 [info] python: Automat                   25.4.16

2025-11-13 17:52:29.605 [info] python: bitsandbytes              0.48.2

2025-11-13 17:52:29.605 [info] python: blinker                   1.9.0

2025-11-13 17:52:29.605 [info] python: btrfsutil                 6.17.1

2025-11-13 17:52:29.605 [info] python: cachetools                6.2.0

2025-11-13 17:52:29.605 [info] python: certifi                   2025.8.3

2025-11-13 17:52:29.605 [info] python: cffi                      2.0.0

2025-11-13 17:52:29.605 [info] python: charset-normalizer        3.4.3

2025-11-13 17:52:29.606 [info] python: click                     8.3.0

2025-11-13 17:52:29.606 [info] python: colorz                    1.0.3

2025-11-13 17:52:29.606 [info] python: constantly                23.10.4

2025-11-13 17:52:29.606 [info] python: construct                 2.10.70

2025-11-13 17:52:29.606 [info] python: contourpy                 1.3.3

2025-11-13 17:52:29.606 [info] python: cryptography              46.0.3

2025-11-13 17:52:29.606 [info] python: cycler                    0.12.1

2025-11-13 17:52:29.606 [info] python: DeepFilterLib             0.5.6

2025-11-13 17:52:29.607 [info] python: DeepFilterNet             0.5.6

2025-11-13 17:52:29.607 [info] python: filelock                  3.20.0

2025-11-13 17:52:29.607 [info] python: Flask                     3.1.2

2025-11-13 17:52:29.607 [info] python: fonttools                 4.60.1

2025-11-13 17:52:29.607 [info] python: fsspec                    2025.7.0

2025-11-13 17:52:29.607 [info] python: gitdb                     4.0.12

2025-11-13 17:52:29.607 [info] python: GitPython                 3.1.45

2025-11-13 17:52:29.607 [info] python: gpg                       2.0.0b25

2025-11-13 17:52:29.607 [info] python: hf-xet                    1.2.0

2025-11-13 17:52:29.608 [info] python: huggingface-hub           0.36.0

2025-11-13 17:52:29.608 [info] python: hyperlink                 21.0.0

2025-11-13 17:52:29.608 [info] python: idna                      3.10

2025-11-13 17:52:29.608 [info] python: incremental               24.7.2

2025-11-13 17:52:29.608 [info] python: itsdangerous              2.2.0

2025-11-13 17:52:29.608 [info] python: Jinja2                    3.1.6

2025-11-13 17:52:29.609 [info] python: joblib                    1.5.2
jsonschema                4.25.1
jsonschema-specifications 2025.9.1
kiwisolver                1.4.7

2025-11-13 17:52:29.609 [info] python: libtorrent                2.0.11

2025-11-13 17:52:29.609 [info] python: loguru                    0.7.3

2025-11-13 17:52:29.609 [info] python: MarkupSafe                3.0.2

2025-11-13 17:52:29.609 [info] python: matplotlib                3.10.6

2025-11-13 17:52:29.609 [info] python: mpmath                    1.3.0

2025-11-13 17:52:29.609 [info] python: narwhals                  2.7.0

2025-11-13 17:52:29.609 [info] python: networkx                  3.5

2025-11-13 17:52:29.609 [info] python: nftables                  0.1

2025-11-13 17:52:29.610 [info] python: numpy                     1.26.4

2025-11-13 17:52:29.610 [info] python: nvidia-cublas-cu12        12.8.4.1

2025-11-13 17:52:29.610 [info] python: nvidia-cuda-cupti-cu12    12.8.90

2025-11-13 17:52:29.610 [info] python: nvidia-cuda-nvrtc-cu12    12.8.93

2025-11-13 17:52:29.610 [info] python: nvidia-cuda-runtime-cu12  12.8.90

2025-11-13 17:52:29.610 [info] python: nvidia-cudnn-cu12         9.10.2.21

2025-11-13 17:52:29.610 [info] python: nvidia-cufft-cu12         11.3.3.83

2025-11-13 17:52:29.610 [info] python: nvidia-cufile-cu12        1.13.1.3

2025-11-13 17:52:29.611 [info] python: nvidia-curand-cu12        10.3.9.90

2025-11-13 17:52:29.611 [info] python: nvidia-cusolver-cu12      11.7.3.90

2025-11-13 17:52:29.611 [info] python: nvidia-cusparse-cu12      12.5.8.93

2025-11-13 17:52:29.611 [info] python: nvidia-cusparselt-cu12    0.7.1

2025-11-13 17:52:29.611 [info] python: nvidia-nccl-cu12          2.27.5

2025-11-13 17:52:29.611 [info] python: nvidia-nvjitlink-cu12     12.8.93

2025-11-13 17:52:29.611 [info] python: nvidia-nvshmem-cu12       3.3.20

2025-11-13 17:52:29.612 [info] python: nvidia-nvtx-cu12          12.8.90

2025-11-13 17:52:29.612 [info] python: packaging                 23.2

2025-11-13 17:52:29.612 [info] python: pandas                    2.3.3

2025-11-13 17:52:29.612 [info] python: pillow                    11.3.0

2025-11-13 17:52:29.612 [info] python: pip                       25.2

2025-11-13 17:52:29.612 [info] python: protobuf                  6.32.1

2025-11-13 17:52:29.612 [info] python: psutil                    7.1.3

2025-11-13 17:52:29.613 [info] python: pyarrow                   21.0.0

2025-11-13 17:52:29.613 [info] python: pyasn1                    0.6.1

2025-11-13 17:52:29.613 [info] python: pycairo                   1.29.0

2025-11-13 17:52:29.613 [info] python: pycparser                 2.23

2025-11-13 17:52:29.613 [info] python: pydeck                    0.9.1

2025-11-13 17:52:29.613 [info] python: PyGObject                 3.54.5

2025-11-13 17:52:29.613 [info] python: pyparsing                 3.2.5

2025-11-13 17:52:29.614 [info] python: PyQt5                     5.15.11

2025-11-13 17:52:29.614 [info] python: PyQt5_sip                 12.17.1

2025-11-13 17:52:29.614 [info] python: pysnmp                    7.1.21

2025-11-13 17:52:29.614 [info] python: PySocks                   1.7.1

2025-11-13 17:52:29.614 [info] python: python-dateutil           2.9.0

2025-11-13 17:52:29.614 [info] python: python-dotenv             1.1.1

2025-11-13 17:52:29.614 [info] python: pytorch-triton-rocm       3.5.0

2025-11-13 17:52:29.615 [info] python: pytz                      2025.2

2025-11-13 17:52:29.615 [info] python: pywal                     3.3.0

2025-11-13 17:52:29.615 [info] python: PyYAML                    6.0.3

2025-11-13 17:52:29.615 [info] python: referencing               0.36.2

2025-11-13 17:52:29.615 [info] python: Reflector                 2023.6.28.0.36.1

2025-11-13 17:52:29.615 [info] python: regex                     2025.11.3

2025-11-13 17:52:29.615 [info] python: requests                  2.32.5

2025-11-13 17:52:29.615 [info] python: rpds-py                   0.27.1

2025-11-13 17:52:29.616 [info] python: safetensors               0.6.2

2025-11-13 17:52:29.616 [info] python: scikit-learn              1.7.2

2025-11-13 17:52:29.616 [info] python: scipy                     1.16.1

2025-11-13 17:52:29.616 [info] python: sentencepiece             0.2.1

2025-11-13 17:52:29.616 [info] python: setuptools                80.9.0

2025-11-13 17:52:29.616 [info] python: six                       1.17.0

2025-11-13 17:52:29.616 [info] python: smmap                     5.0.2

2025-11-13 17:52:29.617 [info] python: streamlit                 1.50.0

2025-11-13 17:52:29.617 [info] python: sympy                     1.14.0

2025-11-13 17:52:29.617 [info] python: TBB                       0.2

2025-11-13 17:52:29.617 [info] python: tenacity                  9.1.2

2025-11-13 17:52:29.617 [info] python: tensor                    0.3.6

2025-11-13 17:52:29.617 [info] python: threadpoolctl             3.6.0

2025-11-13 17:52:29.617 [info] python: tokenizers                0.22.1

2025-11-13 17:52:29.617 [info] python: toml                      0.10.2

2025-11-13 17:52:29.618 [info] python: torbrowser-launcher       0.3.7

2025-11-13 17:52:29.618 [info] python: torch                     2.9.0

2025-11-13 17:52:29.618 [info] python: tornado                   6.5.2

2025-11-13 17:52:29.618 [info] python: tqdm                      4.67.1

2025-11-13 17:52:29.618 [info] python: transformers              4.57.1

2025-11-13 17:52:29.618 [info] python: triton                    3.5.0

2025-11-13 17:52:29.618 [info] python: Twisted                   25.5.0

2025-11-13 17:52:29.619 [info] python: typing_extensions         4.14.1

2025-11-13 17:52:29.619 [info] python: tzdata                    2025.2

2025-11-13 17:52:29.619 [info] python: urllib3                   2.5.0

2025-11-13 17:52:29.619 [info] python: watchdog                  6.0.0

2025-11-13 17:52:29.619 [info] python: Werkzeug                  3.1.3

2025-11-13 17:52:29.619 [info] python: wheel                     0.45.1

2025-11-13 17:52:29.619 [info] python: zope.interface            8.0.1

2025-11-13 17:52:31.768 [info] getAllExtraSearchPaths completed. Total unique search directories: 0 Paths: []
2025-11-13 17:52:31.776 [info] Resolved Python Environment /bin/python
2025-11-13 17:52:31.777 [info] getAllExtraSearchPaths completed. Total unique search directories: 0 Paths: []
2025-11-13 17:52:31.785 [info] Resolved Python Environment /bin/python
2025-11-13 17:52:32.988 [info] Running: /bin/python -m pip list
2025-11-13 17:52:33.292 [info] python: Package                   Version

2025-11-13 17:52:33.292 [info] python: ------------------------- ----------------

2025-11-13 17:52:33.292 [info] python: accelerate                1.11.0

2025-11-13 17:52:33.292 [info] python: altair                    5.5.0

2025-11-13 17:52:33.292 [info] python: appdirs                   1.4.4

2025-11-13 17:52:33.293 [info] python: arandr                    0.1.11

2025-11-13 17:52:33.293 [info] python: attrs                     25.4.0

2025-11-13 17:52:33.293 [info] python: Automat                   25.4.16

2025-11-13 17:52:33.293 [info] python: bitsandbytes              0.48.2

2025-11-13 17:52:33.293 [info] python: blinker                   1.9.0

2025-11-13 17:52:33.293 [info] python: btrfsutil                 6.17.1

2025-11-13 17:52:33.293 [info] python: cachetools                6.2.0

2025-11-13 17:52:33.294 [info] python: certifi                   2025.8.3

2025-11-13 17:52:33.294 [info] python: cffi                      2.0.0

2025-11-13 17:52:33.294 [info] python: charset-normalizer        3.4.3

2025-11-13 17:52:33.294 [info] python: click                     8.3.0

2025-11-13 17:52:33.294 [info] python: colorz                    1.0.3

2025-11-13 17:52:33.294 [info] python: constantly                23.10.4

2025-11-13 17:52:33.294 [info] python: construct                 2.10.70

2025-11-13 17:52:33.294 [info] python: contourpy                 1.3.3

2025-11-13 17:52:33.294 [info] python: cryptography              46.0.3

2025-11-13 17:52:33.295 [info] python: cycler                    0.12.1

2025-11-13 17:52:33.295 [info] python: DeepFilterLib             0.5.6

2025-11-13 17:52:33.295 [info] python: DeepFilterNet             0.5.6

2025-11-13 17:52:33.295 [info] python: filelock                  3.20.0

2025-11-13 17:52:33.295 [info] python: Flask                     3.1.2

2025-11-13 17:52:33.295 [info] python: flask-cors                6.0.1

2025-11-13 17:52:33.295 [info] python: fonttools                 4.60.1

2025-11-13 17:52:33.295 [info] python: fsspec                    2025.7.0

2025-11-13 17:52:33.295 [info] python: gitdb                     4.0.12

2025-11-13 17:52:33.296 [info] python: GitPython                 3.1.45

2025-11-13 17:52:33.296 [info] python: gpg                       2.0.0b25

2025-11-13 17:52:33.296 [info] python: hf-xet                    1.2.0

2025-11-13 17:52:33.296 [info] python: huggingface-hub           0.36.0

2025-11-13 17:52:33.296 [info] python: hyperlink                 21.0.0

2025-11-13 17:52:33.296 [info] python: idna                      3.10

2025-11-13 17:52:33.296 [info] python: incremental               24.7.2

2025-11-13 17:52:33.296 [info] python: itsdangerous              2.2.0

2025-11-13 17:52:33.296 [info] python: Jinja2                    3.1.6

2025-11-13 17:52:33.297 [info] python: joblib                    1.5.2

2025-11-13 17:52:33.297 [info] python: jsonschema                4.25.1

2025-11-13 17:52:33.297 [info] python: jsonschema-specifications 2025.9.1

2025-11-13 17:52:33.297 [info] python: kiwisolver                1.4.7

2025-11-13 17:52:33.297 [info] python: libtorrent                2.0.11

2025-11-13 17:52:33.297 [info] python: loguru                    0.7.3

2025-11-13 17:52:33.297 [info] python: MarkupSafe                3.0.2

2025-11-13 17:52:33.297 [info] python: matplotlib                3.10.6

2025-11-13 17:52:33.297 [info] python: mpmath                    1.3.0

2025-11-13 17:52:33.298 [info] python: narwhals                  2.7.0

2025-11-13 17:52:33.298 [info] python: networkx                  3.5

2025-11-13 17:52:33.298 [info] python: nftables                  0.1

2025-11-13 17:52:33.298 [info] python: numpy                     1.26.4

2025-11-13 17:52:33.298 [info] python: nvidia-cublas-cu12        12.8.4.1

2025-11-13 17:52:33.298 [info] python: nvidia-cuda-cupti-cu12    12.8.90

2025-11-13 17:52:33.298 [info] python: nvidia-cuda-nvrtc-cu12    12.8.93

2025-11-13 17:52:33.298 [info] python: nvidia-cuda-runtime-cu12  12.8.90

2025-11-13 17:52:33.298 [info] python: nvidia-cudnn-cu12         9.10.2.21

2025-11-13 17:52:33.299 [info] python: nvidia-cufft-cu12         11.3.3.83

2025-11-13 17:52:33.299 [info] python: nvidia-cufile-cu12        1.13.1.3

2025-11-13 17:52:33.299 [info] python: nvidia-curand-cu12        10.3.9.90

2025-11-13 17:52:33.299 [info] python: nvidia-cusolver-cu12      11.7.3.90

2025-11-13 17:52:33.299 [info] python: nvidia-cusparse-cu12      12.5.8.93

2025-11-13 17:52:33.299 [info] python: nvidia-cusparselt-cu12    0.7.1

2025-11-13 17:52:33.299 [info] python: nvidia-nccl-cu12          2.27.5

2025-11-13 17:52:33.299 [info] python: nvidia-nvjitlink-cu12     12.8.93

2025-11-13 17:52:33.299 [info] python: nvidia-nvshmem-cu12       3.3.20

2025-11-13 17:52:33.299 [info] python: nvidia-nvtx-cu12          12.8.90

2025-11-13 17:52:33.300 [info] python: packaging                 23.2

2025-11-13 17:52:33.300 [info] python: pandas                    2.3.3

2025-11-13 17:52:33.300 [info] python: pillow                    11.3.0

2025-11-13 17:52:33.300 [info] python: pip                       25.2

2025-11-13 17:52:33.300 [info] python: protobuf                  6.32.1

2025-11-13 17:52:33.300 [info] python: psutil                    7.1.3

2025-11-13 17:52:33.300 [info] python: pyarrow                   21.0.0

2025-11-13 17:52:33.300 [info] python: pyasn1                    0.6.1

2025-11-13 17:52:33.301 [info] python: pycairo                   1.29.0

2025-11-13 17:52:33.301 [info] python: pycparser                 2.23

2025-11-13 17:52:33.301 [info] python: pydeck                    0.9.1

2025-11-13 17:52:33.301 [info] python: PyGObject                 3.54.5

2025-11-13 17:52:33.301 [info] python: pyparsing                 3.2.5

2025-11-13 17:52:33.301 [info] python: PyQt5                     5.15.11

2025-11-13 17:52:33.301 [info] python: PyQt5_sip                 12.17.1

2025-11-13 17:52:33.301 [info] python: pysnmp                    7.1.21

2025-11-13 17:52:33.302 [info] python: PySocks                   1.7.1

2025-11-13 17:52:33.302 [info] python: python-dateutil           2.9.0

2025-11-13 17:52:33.302 [info] python: python-dotenv             1.1.1

2025-11-13 17:52:33.302 [info] python: pytorch-triton-rocm       3.5.0

2025-11-13 17:52:33.302 [info] python: pytz                      2025.2

2025-11-13 17:52:33.302 [info] python: pywal                     3.3.0

2025-11-13 17:52:33.302 [info] python: PyYAML                    6.0.3

2025-11-13 17:52:33.302 [info] python: referencing               0.36.2

2025-11-13 17:52:33.303 [info] python: Reflector                 2023.6.28.0.36.1

2025-11-13 17:52:33.303 [info] python: regex                     2025.11.3

2025-11-13 17:52:33.303 [info] python: requests                  2.32.5

2025-11-13 17:52:33.303 [info] python: rpds-py                   0.27.1

2025-11-13 17:52:33.303 [info] python: safetensors               0.6.2

2025-11-13 17:52:33.303 [info] python: scikit-learn              1.7.2

2025-11-13 17:52:33.303 [info] python: scipy                     1.16.1

2025-11-13 17:52:33.303 [info] python: sentencepiece             0.2.1

2025-11-13 17:52:33.303 [info] python: setuptools                80.9.0

2025-11-13 17:52:33.304 [info] python: six                       1.17.0

2025-11-13 17:52:33.304 [info] python: smmap                     5.0.2

2025-11-13 17:52:33.304 [info] python: streamlit                 1.50.0

2025-11-13 17:52:33.304 [info] python: sympy                     1.14.0

2025-11-13 17:52:33.304 [info] python: TBB                       0.2

2025-11-13 17:52:33.304 [info] python: tenacity                  9.1.2

2025-11-13 17:52:33.304 [info] python: tensor                    0.3.6

2025-11-13 17:52:33.305 [info] python: threadpoolctl             3.6.0

2025-11-13 17:52:33.305 [info] python: tokenizers                0.22.1

2025-11-13 17:52:33.305 [info] python: toml                      0.10.2

2025-11-13 17:52:33.305 [info] python: torbrowser-launcher       0.3.7

2025-11-13 17:52:33.305 [info] python: torch                     2.9.0

2025-11-13 17:52:33.305 [info] python: tornado                   6.5.2

2025-11-13 17:52:33.305 [info] python: tqdm                      4.67.1

2025-11-13 17:52:33.305 [info] python: transformers              4.57.1

2025-11-13 17:52:33.305 [info] python: triton                    3.5.0

2025-11-13 17:52:33.305 [info] python: Twisted                   25.5.0

2025-11-13 17:52:33.306 [info] python: typing_extensions         4.14.1

2025-11-13 17:52:33.306 [info] python: tzdata                    2025.2

2025-11-13 17:52:33.306 [info] python: urllib3                   2.5.0

2025-11-13 17:52:33.306 [info] python: watchdog                  6.0.0

2025-11-13 17:52:33.306 [info] python: Werkzeug                  3.1.3

2025-11-13 17:52:33.306 [info] python: wheel                     0.45.1

2025-11-13 17:52:33.306 [info] python: zope.interface            8.0.1

2025-11-13 17:52:45.488 [info] getAllExtraSearchPaths completed. Total unique search directories: 0 Paths: []
2025-11-13 17:52:45.497 [info] Resolved Python Environment /bin/python
2025-11-13 17:52:45.498 [info] getAllExtraSearchPaths completed. Total unique search directories: 0 Paths: []
2025-11-13 17:52:45.507 [info] Resolved Python Environment /bin/python
2025-11-13 17:52:49.516 [info] Running: /bin/python -m pip list
2025-11-13 17:52:49.874 [info] python: Package                   Version

2025-11-13 17:52:49.875 [info] python: ------------------------- ----------------

2025-11-13 17:52:49.875 [info] python: accelerate                1.11.0

2025-11-13 17:52:49.875 [info] python: altair                    5.5.0

2025-11-13 17:52:49.875 [info] python: appdirs                   1.4.4

2025-11-13 17:52:49.875 [info] python: arandr                    0.1.11

2025-11-13 17:52:49.875 [info] python: attrs                     25.4.0

2025-11-13 17:52:49.875 [info] python: Automat                   25.4.16

2025-11-13 17:52:49.876 [info] python: bitsandbytes              0.48.2

2025-11-13 17:52:49.876 [info] python: blinker                   1.9.0

2025-11-13 17:52:49.876 [info] python: btrfsutil                 6.17.1

2025-11-13 17:52:49.876 [info] python: cachetools                6.2.0

2025-11-13 17:52:49.876 [info] python: certifi                   2025.8.3

2025-11-13 17:52:49.876 [info] python: cffi                      2.0.0

2025-11-13 17:52:49.876 [info] python: charset-normalizer        3.4.3

2025-11-13 17:52:49.876 [info] python: click                     8.3.0

2025-11-13 17:52:49.877 [info] python: colorama                  0.4.6

2025-11-13 17:52:49.877 [info] python: colorz                    1.0.3

2025-11-13 17:52:49.877 [info] python: constantly                23.10.4

2025-11-13 17:52:49.877 [info] python: construct                 2.10.70

2025-11-13 17:52:49.877 [info] python: contourpy                 1.3.3

2025-11-13 17:52:49.877 [info] python: cors                      1.0.1

2025-11-13 17:52:49.877 [info] python: cryptography              46.0.3

2025-11-13 17:52:49.878 [info] python: cycler                    0.12.1

2025-11-13 17:52:49.878 [info] python: DeepFilterLib             0.5.6

2025-11-13 17:52:49.878 [info] python: DeepFilterNet             0.5.6

2025-11-13 17:52:49.878 [info] python: filelock                  3.20.0

2025-11-13 17:52:49.878 [info] python: Flask                     3.1.2

2025-11-13 17:52:49.878 [info] python: flask-cors                6.0.1

2025-11-13 17:52:49.878 [info] python: fonttools                 4.60.1

2025-11-13 17:52:49.878 [info] python: fsspec                    2025.7.0

2025-11-13 17:52:49.878 [info] python: future                    1.0.0

2025-11-13 17:52:49.879 [info] python: gevent                    25.9.1

2025-11-13 17:52:49.879 [info] python: gitdb                     4.0.12

2025-11-13 17:52:49.879 [info] python: GitPython                 3.1.45

2025-11-13 17:52:49.879 [info] python: gpg                       2.0.0b25

2025-11-13 17:52:49.879 [info] python: greenlet                  3.2.4

2025-11-13 17:52:49.879 [info] python: hf-xet                    1.2.0

2025-11-13 17:52:49.879 [info] python: huggingface-hub           0.36.0

2025-11-13 17:52:49.879 [info] python: hyperlink                 21.0.0

2025-11-13 17:52:49.880 [info] python: idna                      3.10

2025-11-13 17:52:49.880 [info] python: incremental               24.7.2

2025-11-13 17:52:49.880 [info] python: itsdangerous              2.2.0

2025-11-13 17:52:49.880 [info] python: Jinja2                    3.1.6

2025-11-13 17:52:49.880 [info] python: joblib                    1.5.2

2025-11-13 17:52:49.880 [info] python: jsonschema                4.25.1

2025-11-13 17:52:49.880 [info] python: jsonschema-specifications 2025.9.1

2025-11-13 17:52:49.880 [info] python: kiwisolver                1.4.7

2025-11-13 17:52:49.880 [info] python: libtorrent                2.0.11

2025-11-13 17:52:49.881 [info] python: loguru                    0.7.3

2025-11-13 17:52:49.881 [info] python: MarkupSafe                3.0.2

2025-11-13 17:52:49.881 [info] python: matplotlib                3.10.6

2025-11-13 17:52:49.881 [info] python: mpmath                    1.3.0

2025-11-13 17:52:49.881 [info] python: narwhals                  2.7.0

2025-11-13 17:52:49.882 [info] python: networkx                  3.5

2025-11-13 17:52:49.882 [info] python: nftables                  0.1

2025-11-13 17:52:49.882 [info] python: numpy                     1.26.4

2025-11-13 17:52:49.882 [info] python: nvidia-cublas-cu12        12.8.4.1

2025-11-13 17:52:49.883 [info] python: nvidia-cuda-cupti-cu12    12.8.90

2025-11-13 17:52:49.883 [info] python: nvidia-cuda-nvrtc-cu12    12.8.93

2025-11-13 17:52:49.883 [info] python: nvidia-cuda-runtime-cu12  12.8.90

2025-11-13 17:52:49.883 [info] python: nvidia-cudnn-cu12         9.10.2.21

2025-11-13 17:52:49.883 [info] python: nvidia-cufft-cu12         11.3.3.83

2025-11-13 17:52:49.884 [info] python: nvidia-cufile-cu12        1.13.1.3

2025-11-13 17:52:49.884 [info] python: nvidia-curand-cu12        10.3.9.90

2025-11-13 17:52:49.884 [info] python: nvidia-cusolver-cu12      11.7.3.90

2025-11-13 17:52:49.884 [info] python: nvidia-cusparse-cu12      12.5.8.93

2025-11-13 17:52:49.884 [info] python: nvidia-cusparselt-cu12    0.7.1

2025-11-13 17:52:49.885 [info] python: nvidia-nccl-cu12          2.27.5

2025-11-13 17:52:49.885 [info] python: nvidia-nvjitlink-cu12     12.8.93

2025-11-13 17:52:49.885 [info] python: nvidia-nvshmem-cu12       3.3.20

2025-11-13 17:52:49.885 [info] python: nvidia-nvtx-cu12          12.8.90

2025-11-13 17:52:49.885 [info] python: packaging                 23.2

2025-11-13 17:52:49.886 [info] python: pandas                    2.3.3

2025-11-13 17:52:49.888 [info] python: pillow                    11.3.0
pip                       25.2
protobuf                  6.32.1
psutil                    7.1.3
pyarrow                   21.0.0
pyasn1                    0.6.1
pycairo                   1.29.0
pycparser                 2.23

2025-11-13 17:52:49.888 [info] python: pydeck                    0.9.1

2025-11-13 17:52:49.888 [info] python: PyGObject                 3.54.5

2025-11-13 17:52:49.888 [info] python: pyparsing                 3.2.5

2025-11-13 17:52:49.888 [info] python: PyQt5                     5.15.11
PyQt5_sip                 12.17.1

2025-11-13 17:52:49.889 [info] python: pysnmp                    7.1.21

2025-11-13 17:52:49.889 [info] python: PySocks                   1.7.1
python-dateutil           2.9.0

2025-11-13 17:52:49.891 [info] python: python-dotenv             1.1.1
pytorch-triton-rocm       3.5.0
pytz                      2025.2
pywal                     3.3.0
PyYAML                    6.0.3
referencing               0.36.2
Reflector                 2023.6.28.0.36.1
regex                     2025.11.3

2025-11-13 17:52:49.891 [info] python: requests                  2.32.5

2025-11-13 17:52:49.891 [info] python: requests-file             3.0.1

2025-11-13 17:52:49.891 [info] python: rpds-py                   0.27.1

2025-11-13 17:52:49.891 [info] python: safetensors               0.6.2

2025-11-13 17:52:49.892 [info] python: scikit-learn              1.7.2

2025-11-13 17:52:49.892 [info] python: scipy                     1.16.1

2025-11-13 17:52:49.892 [info] python: sentencepiece             0.2.1

2025-11-13 17:52:49.892 [info] python: setuptools                80.9.0

2025-11-13 17:52:49.892 [info] python: six                       1.17.0

2025-11-13 17:52:49.893 [info] python: smmap                     5.0.2

2025-11-13 17:52:49.893 [info] python: streamlit                 1.50.0

2025-11-13 17:52:49.893 [info] python: sympy                     1.14.0

2025-11-13 17:52:49.893 [info] python: TBB                       0.2

2025-11-13 17:52:49.893 [info] python: tenacity                  9.1.2

2025-11-13 17:52:49.894 [info] python: tensor                    0.3.6

2025-11-13 17:52:49.894 [info] python: threadpoolctl             3.6.0

2025-11-13 17:52:49.894 [info] python: tldextract                5.3.0

2025-11-13 17:52:49.894 [info] python: tokenizers                0.22.1

2025-11-13 17:52:49.894 [info] python: toml                      0.10.2

2025-11-13 17:52:49.895 [info] python: torbrowser-launcher       0.3.7

2025-11-13 17:52:49.895 [info] python: torch                     2.9.0

2025-11-13 17:52:49.895 [info] python: tornado                   6.5.2

2025-11-13 17:52:49.895 [info] python: tqdm                      4.67.1

2025-11-13 17:52:49.895 [info] python: transformers              4.57.1

2025-11-13 17:52:49.895 [info] python: triton                    3.5.0

2025-11-13 17:52:49.895 [info] python: Twisted                   25.5.0

2025-11-13 17:52:49.895 [info] python: typing_extensions         4.14.1

2025-11-13 17:52:49.895 [info] python: tzdata                    2025.2

2025-11-13 17:52:49.896 [info] python: urllib3                   2.5.0

2025-11-13 17:52:49.896 [info] python: watchdog                  6.0.0

2025-11-13 17:52:49.896 [info] python: Werkzeug                  3.1.3

2025-11-13 17:52:49.896 [info] python: wheel                     0.45.1

2025-11-13 17:52:49.896 [info] python: zope.event                6.1

2025-11-13 17:52:49.896 [info] python: zope.interface            8.0.1

2025-11-13 18:17:15.485 [info] getAllExtraSearchPaths completed. Total unique search directories: 0 Paths: []
2025-11-13 18:17:15.496 [info] Resolved Python Environment /bin/python
2025-11-13 18:17:15.496 [info] getAllExtraSearchPaths completed. Total unique search directories: 0 Paths: []
2025-11-13 18:17:15.506 [info] Resolved Python Environment /bin/python
2025-11-13 18:17:16.402 [info] getAllExtraSearchPaths completed. Total unique search directories: 0 Paths: []
2025-11-13 18:17:16.409 [info] Resolved Python Environment /bin/python
2025-11-13 18:17:16.410 [info] getAllExtraSearchPaths completed. Total unique search directories: 0 Paths: []
2025-11-13 18:17:16.418 [info] Resolved Python Environment /bin/python
2025-11-13 18:17:25.659 [info] getAllExtraSearchPaths completed. Total unique search directories: 0 Paths: []
2025-11-13 18:17:25.701 [info] Resolved Python Environment /bin/python
2025-11-13 18:17:25.701 [info] getAllExtraSearchPaths completed. Total unique search directories: 0 Paths: []
2025-11-13 18:17:25.709 [info] Resolved Python Environment /bin/python
2025-11-13 18:17:45.542 [info] getAllExtraSearchPaths completed. Total unique search directories: 0 Paths: []
2025-11-13 18:17:45.568 [info] Resolved Python Environment /bin/python
2025-11-13 18:17:45.568 [info] getAllExtraSearchPaths completed. Total unique search directories: 0 Paths: []
2025-11-13 18:17:45.596 [info] Resolved Python Environment /bin/python
2025-11-13 18:17:47.772 [info] getAllExtraSearchPaths completed. Total unique search directories: 0 Paths: []
2025-11-13 18:17:47.781 [info] Resolved Python Environment /bin/python
2025-11-13 18:17:47.781 [info] getAllExtraSearchPaths completed. Total unique search directories: 0 Paths: []
2025-11-13 18:17:47.789 [info] Resolved Python Environment /bin/python
2025-11-13 18:17:57.159 [info] getAllExtraSearchPaths completed. Total unique search directories: 0 Paths: []
2025-11-13 18:17:57.169 [info] Resolved Python Environment /bin/python
2025-11-13 18:17:57.170 [info] getAllExtraSearchPaths completed. Total unique search directories: 0 Paths: []
2025-11-13 18:17:57.179 [info] Resolved Python Environment /bin/python
2025-11-13 18:18:02.889 [info] getAllExtraSearchPaths completed. Total unique search directories: 0 Paths: []
2025-11-13 18:18:02.899 [info] Resolved Python Environment /bin/python
2025-11-13 18:18:02.899 [info] getAllExtraSearchPaths completed. Total unique search directories: 0 Paths: []
2025-11-13 18:18:02.907 [info] Resolved Python Environment /bin/python
2025-11-13 19:50:22.313 [info] getAllExtraSearchPaths completed. Total unique search directories: 0 Paths: []
2025-11-13 19:50:22.323 [info] Resolved Python Environment /bin/python
2025-11-13 19:50:22.324 [info] getAllExtraSearchPaths completed. Total unique search directories: 0 Paths: []
2025-11-13 19:50:22.332 [info] Resolved Python Environment /bin/python
2025-11-13 19:50:27.030 [info] getAllExtraSearchPaths completed. Total unique search directories: 0 Paths: []
2025-11-13 19:50:27.041 [info] Resolved Python Environment /bin/python
2025-11-13 19:50:27.041 [info] getAllExtraSearchPaths completed. Total unique search directories: 0 Paths: []
2025-11-13 19:50:27.050 [info] Resolved Python Environment /bin/python
2025-11-13 20:00:24.046 [info] getAllExtraSearchPaths completed. Total unique search directories: 0 Paths: []
2025-11-13 20:00:24.058 [info] Resolved Python Environment /bin/python
2025-11-13 20:00:24.058 [info] getAllExtraSearchPaths completed. Total unique search directories: 0 Paths: []
2025-11-13 20:00:24.069 [info] Resolved Python Environment /bin/python
2025-11-13 20:00:27.969 [info] getAllExtraSearchPaths completed. Total unique search directories: 0 Paths: []
2025-11-13 20:00:27.978 [info] Resolved Python Environment /bin/python
2025-11-13 20:00:27.979 [info] getAllExtraSearchPaths completed. Total unique search directories: 0 Paths: []
2025-11-13 20:00:27.986 [info] Resolved Python Environment /bin/python
