2025-08-02 21:11:21.537 [info] [main] Log level: Info
2025-08-02 21:11:21.537 [info] [main] Validating found git in: "git"
2025-08-02 21:11:21.537 [info] [main] Using git "2.50.1" from "git"
2025-08-02 21:11:21.537 [info] [Model][doInitialScan] Initial repository scan started
2025-08-02 21:11:21.537 [info] > git rev-parse --show-toplevel [13ms]
2025-08-02 21:11:21.537 [info] > git rev-parse --show-toplevel [1ms]
2025-08-02 21:11:21.537 [info] [Model][doInitialScan] Initial repository scan completed - repositories (0), closed repositories (0), parent repositories (1), unsafe repositories (0)
2025-08-02 21:11:21.537 [info] > git rev-parse --show-toplevel [1ms]
2025-08-02 21:11:21.537 [info] > git rev-parse --show-toplevel [1ms]
2025-08-02 21:11:22.069 [info] > git rev-parse --show-toplevel [72ms]
2025-08-02 21:11:22.107 [info] > git rev-parse --show-toplevel [15ms]
2025-08-02 21:11:22.124 [info] > git rev-parse --show-toplevel [1ms]
2025-08-02 21:11:23.503 [info] > git rev-parse --show-toplevel [1ms]
2025-08-02 21:11:33.768 [info] > git rev-parse --show-toplevel [2ms]
2025-08-02 21:19:13.445 [info] > git rev-parse --show-toplevel [1ms]
2025-08-02 21:19:30.986 [info] > git rev-parse --show-toplevel [2ms]
2025-08-02 21:19:33.067 [info] > git rev-parse --show-toplevel [2ms]
2025-08-02 21:19:33.985 [info] > git rev-parse --show-toplevel [1ms]
2025-08-02 21:20:06.393 [info] > git rev-parse --show-toplevel [2ms]
2025-08-02 21:20:13.246 [info] > git rev-parse --show-toplevel [1ms]
2025-08-02 21:20:17.732 [info] > git rev-parse --show-toplevel [2ms]
2025-08-02 21:20:59.314 [info] > git rev-parse --show-toplevel [2ms]
2025-08-02 21:26:16.727 [info] > git rev-parse --show-toplevel [1ms]
2025-08-02 21:26:20.197 [info] > git rev-parse --show-toplevel [2ms]
2025-08-02 21:26:21.844 [info] > git rev-parse --show-toplevel [1ms]
2025-08-02 21:26:23.564 [info] > git rev-parse --show-toplevel [2ms]
2025-08-02 21:27:40.469 [info] > git rev-parse --show-toplevel [1ms]
2025-08-02 21:27:42.125 [info] > git rev-parse --show-toplevel [1ms]
