2025-08-02 21:11:21.178 [info] Extension host with pid 62900 started
2025-08-02 21:11:21.178 [info] Skipping acquiring lock for /home/user/.config/Code - OSS/User/workspaceStorage/7c7612b681b8789346704ae9279d3b40.
2025-08-02 21:11:21.320 [info] ExtensionService#_doActivateExtension vscode.emmet, startup: false, activationEvent: 'onLanguage'
2025-08-02 21:11:21.366 [info] ExtensionService#_doActivateExtension vscode.git-base, startup: true, activationEvent: '*', root cause: vscode.git
2025-08-02 21:11:21.370 [info] ExtensionService#_doActivateExtension vscode.git, startup: true, activationEvent: '*'
2025-08-02 21:11:21.419 [info] ExtensionService#_doActivateExtension vscode.github, startup: true, activationEvent: '*'
2025-08-02 21:11:21.546 [info] Eager extensions activated
2025-08-02 21:11:21.556 [info] ExtensionService#_doActivateExtension vscode.debug-auto-launch, startup: false, activationEvent: 'onStartupFinished'
2025-08-02 21:11:21.559 [info] ExtensionService#_doActivateExtension vscode.merge-conflict, startup: false, activationEvent: 'onStartupFinished'
2025-08-02 21:11:21.580 [info] ExtensionService#_doActivateExtension eamodio.gitlens, startup: false, activationEvent: 'onStartupFinished'
2025-08-02 21:11:21.998 [info] ExtensionService#_doActivateExtension vscode.github-authentication, startup: false, activationEvent: 'onAuthenticationRequest:github'
2025-08-02 21:19:13.382 [warning] TextEditor is closed/disposed
2025-08-02 21:19:30.958 [warning] TextEditor is closed/disposed
2025-08-02 21:19:33.032 [warning] TextEditor is closed/disposed
2025-08-02 21:19:33.960 [warning] TextEditor is closed/disposed
2025-08-02 21:20:13.207 [warning] TextEditor is closed/disposed
2025-08-02 21:20:17.715 [warning] TextEditor is closed/disposed
2025-08-02 21:26:20.180 [warning] TextEditor is closed/disposed
2025-08-02 21:26:21.827 [warning] TextEditor is closed/disposed
2025-08-02 21:26:23.543 [warning] TextEditor is closed/disposed
2025-08-02 21:27:40.421 [warning] TextEditor is closed/disposed
2025-08-02 21:28:14.880 [info] Extension host terminating: renderer closed the MessagePort
2025-08-02 21:28:14.893 [error] An error occurred when disposing the subscriptions for extension 'eamodio.gitlens':
2025-08-02 21:28:14.893 [error] TypeError: Cannot read properties of undefined (reading 'dispose')
	at Object.dispose (file:///usr/lib/code/out/vs/workbench/api/node/extensionHostProcess.js:140:121704)
	at Yv.<anonymous> (file:///usr/lib/code/out/vs/workbench/api/node/extensionHostProcess.js:107:8922)
	at Yv.dispose (file:///usr/lib/code/out/vs/workbench/api/node/extensionHostProcess.js:107:9018)
	at Object.dispose (/home/user/.vscode-oss/extensions/eamodio.gitlens-17.3.3-universal/dist/gitlens.js:536:29282)
	at /home/user/.vscode-oss/extensions/eamodio.gitlens-17.3.3-universal/dist/gitlens.js:813:16179
	at Array.forEach (<anonymous>)
	at Object.dispose (/home/user/.vscode-oss/extensions/eamodio.gitlens-17.3.3-universal/dist/gitlens.js:813:16161)
	at wr (file:///usr/lib/code/out/vs/workbench/api/node/extensionHostProcess.js:25:748)
	at file:///usr/lib/code/out/vs/workbench/api/node/extensionHostProcess.js:117:15048
	at file:///usr/lib/code/out/vs/workbench/api/node/extensionHostProcess.js:25:1058
	at Object.dispose (file:///usr/lib/code/out/vs/workbench/api/node/extensionHostProcess.js:8:705)
	at QG.eb (file:///usr/lib/code/out/vs/workbench/api/node/extensionHostProcess.js:117:11921)
	at file:///usr/lib/code/out/vs/workbench/api/node/extensionHostProcess.js:117:9876
	at Array.map (<anonymous>)
	at QG.$ (file:///usr/lib/code/out/vs/workbench/api/node/extensionHostProcess.js:117:9864)
	at QG.terminate (file:///usr/lib/code/out/vs/workbench/api/node/extensionHostProcess.js:117:10107)
	at Y3.terminate (file:///usr/lib/code/out/vs/workbench/api/node/extensionHostProcess.js:119:914)
	at us (file:///usr/lib/code/out/vs/workbench/api/node/extensionHostProcess.js:356:9945)
	at MessagePortMain.<anonymous> (file:///usr/lib/code/out/vs/workbench/api/node/extensionHostProcess.js:356:6484)
	at MessagePortMain.emit (node:events:518:28)
	at MessagePortMain._internalPort.emit (node:electron/js2c/utility_init:2:3073)
2025-08-02 21:28:14.894 [info] Extension host with pid 62900 exiting with code 0
