2025-08-02 20:22:15.756 [info] GitLens v17.3.3 activating in Code - OSS (1.102.3) on the desktop; language='en', logLevel='warn', defaultDateLocale='null' (someValue.machineId|someValue.sessionId)
To enable debug logging, set `"gitlens.outputLevel": "debug"` or run "GitLens: Enable Debug Logging" from the Command Palette
[2025-08-02 17:22:15.417] Warning(/usr/bin/git -c core.quotepath=false -c color.ui=false rev-parse --show-toplevel): fatal: not a git repository (or any parent up to mount point /)
Stopping at filesystem boundary (GIT_DISCOVERY_ACROSS_FILESYSTEM not set).

[2025-08-02 17:22:15.417] [GIT          ] [/home/user/homelab] git rev-parse --show-toplevel • not a git repository (or any parent up to mount point /) • Stopping at filesystem boundary (GIT_DISCOVERY_ACROSS_FILESYSTEM not set). [31ms]
[2025-08-02 17:22:15.513] Warning(/usr/bin/git -c core.quotepath=false -c color.ui=false rev-parse --show-toplevel): fatal: not a git repository (or any parent up to mount point /)
Stopping at filesystem boundary (GIT_DISCOVERY_ACROSS_FILESYSTEM not set).

[2025-08-02 17:22:15.513] [GIT          ] [/home/user/homelab] git rev-parse --show-toplevel • not a git repository (or any parent up to mount point /) • Stopping at filesystem boundary (GIT_DISCOVERY_ACROSS_FILESYSTEM not set). [27ms]

2025-08-02 20:22:19.759 [info] [2025-08-02 17:22:19.337] Warning(/usr/bin/git -c core.quotepath=false -c color.ui=false rev-parse --show-toplevel): fatal: not a git repository (or any parent up to mount point /)
Stopping at filesystem boundary (GIT_DISCOVERY_ACROSS_FILESYSTEM not set).

[2025-08-02 17:22:19.337] [GIT          ] [/home/user/homelab/lenses/app] git rev-parse --show-toplevel • not a git repository (or any parent up to mount point /) • Stopping at filesystem boundary (GIT_DISCOVERY_ACROSS_FILESYSTEM not set). [6ms]

2025-08-02 20:22:20.760 [info] [2025-08-02 17:22:20.582] Warning(/usr/bin/git -c core.quotepath=false -c color.ui=false rev-parse --show-toplevel): fatal: not a git repository (or any parent up to mount point /)
Stopping at filesystem boundary (GIT_DISCOVERY_ACROSS_FILESYSTEM not set).

[2025-08-02 17:22:20.582] [GIT          ] [/home/user/homelab] git rev-parse --show-toplevel • not a git repository (or any parent up to mount point /) • Stopping at filesystem boundary (GIT_DISCOVERY_ACROSS_FILESYSTEM not set). [5ms]

2025-08-02 20:22:24.262 [info] [2025-08-02 17:22:23.850] Warning(/usr/bin/git -c core.quotepath=false -c color.ui=false rev-parse --show-toplevel): fatal: not a git repository (or any parent up to mount point /)
Stopping at filesystem boundary (GIT_DISCOVERY_ACROSS_FILESYSTEM not set).

[2025-08-02 17:22:23.850] [GIT          ] [/home/user/homelab] git rev-parse --show-toplevel • not a git repository (or any parent up to mount point /) • Stopping at filesystem boundary (GIT_DISCOVERY_ACROSS_FILESYSTEM not set). [6ms]

2025-08-02 20:24:01.568 [info] [2025-08-02 17:24:01.068] Warning(/usr/bin/git -c core.quotepath=false -c color.ui=false rev-list --max-parents=0 HEAD --): fatal: bad revision 'HEAD'


2025-08-02 20:25:57.673 [info] [2025-08-02 17:25:57.173] Warning(/usr/bin/git -c core.quotepath=false -c color.ui=false log --format=%x1E%H%x1D --summary -n1 051ff69fb2ac4d04431c094f69ff4ffe7a628174^ -- lenses/app/example.env): fatal: bad revision '051ff69fb2ac4d04431c094f69ff4ffe7a628174^'


2025-08-02 20:26:17.802 [info] [2025-08-02 17:26:17.302] Warning(/usr/bin/git -c core.quotepath=false -c color.ui=false -c log.showSignature=false log --format=%x1E%H%x1D -n2 -L1,1:lenses/Dockerfile): fatal: file lenses/Dockerfile has only 0 lines

[2025-08-02 17:26:17.302] [GIT          ] [/home/user/homelab] git log --format=%x1E%H%x1D -n2 -L1,1:lenses/Dockerfile • file lenses/Dockerfile has only 0 lines [6ms]
[2025-08-02 17:26:17.309] Warning(/usr/bin/git -c core.quotepath=false -c color.ui=false -c log.showSignature=false log --format=%x1E%H%x1D -n2 -L0,0:lenses/Dockerfile): fatal: -L invalid line number: 0

[2025-08-02 17:26:17.310] [GIT          ] [/home/user/homelab] git log --format=%x1E%H%x1D -n2 -L0,0:lenses/Dockerfile • -L invalid line number: 0 [7ms]
[2025-08-02 17:26:17.313] Git.exec
Error: fatal: -L invalid line number: 0

2025-08-02 20:26:26.508 [info] [2025-08-02 17:26:26.006] Warning(/usr/bin/git -c core.quotepath=false -c color.ui=false log --format=%x1E%H%x1D --summary -n1 051ff69fb2ac4d04431c094f69ff4ffe7a628174^ -- lenses/app/lenses_bot.py): fatal: bad revision '051ff69fb2ac4d04431c094f69ff4ffe7a628174^'


2025-08-02 20:26:30.510 [info] [2025-08-02 17:26:30.433] Warning(/usr/bin/git -c core.quotepath=false -c color.ui=false -c log.showSignature=false log --format=%x1E%H%x1D -n2 -L1,1:lenses/Dockerfile): fatal: file lenses/Dockerfile has only 0 lines

[2025-08-02 17:26:30.433] [GIT          ] [/home/user/homelab] git log --format=%x1E%H%x1D -n2 -L1,1:lenses/Dockerfile • file lenses/Dockerfile has only 0 lines [6ms]
[2025-08-02 17:26:30.439] Warning(/usr/bin/git -c core.quotepath=false -c color.ui=false -c log.showSignature=false log --format=%x1E%H%x1D -n2 -L0,0:lenses/Dockerfile): fatal: -L invalid line number: 0

[2025-08-02 17:26:30.439] [GIT          ] [/home/user/homelab] git log --format=%x1E%H%x1D -n2 -L0,0:lenses/Dockerfile • -L invalid line number: 0 [5ms]
[2025-08-02 17:26:30.440] Git.exec
Error: fatal: -L invalid line number: 0

2025-08-02 20:26:42.313 [info] [2025-08-02 17:26:41.813] Warning(/usr/bin/git -c core.quotepath=false -c color.ui=false -c log.showSignature=false log --format=%x1E%H%x1D -n2 -L1,1:lenses/Dockerfile): fatal: file lenses/Dockerfile has only 0 lines

[2025-08-02 17:26:41.813] [GIT          ] [/home/user/homelab] git log --format=%x1E%H%x1D -n2 -L1,1:lenses/Dockerfile • file lenses/Dockerfile has only 0 lines [9ms]
[2025-08-02 17:26:41.823] Warning(/usr/bin/git -c core.quotepath=false -c color.ui=false -c log.showSignature=false log --format=%x1E%H%x1D -n2 -L0,0:lenses/Dockerfile): fatal: -L invalid line number: 0

[2025-08-02 17:26:41.823] [GIT          ] [/home/user/homelab] git log --format=%x1E%H%x1D -n2 -L0,0:lenses/Dockerfile • -L invalid line number: 0 [10ms]
[2025-08-02 17:26:41.824] Git.exec
Error: fatal: -L invalid line number: 0

2025-08-02 20:27:29.877 [info] [2025-08-02 17:27:29.378] Warning(/usr/bin/git -c core.quotepath=false -c color.ui=false -c log.showSignature=false log --format=%x1E%H%x1D -n2 -L1,1:lenses/Dockerfile): fatal: file lenses/Dockerfile has only 0 lines

[2025-08-02 17:27:29.378] [GIT          ] [/home/user/homelab] git log --format=%x1E%H%x1D -n2 -L1,1:lenses/Dockerfile • file lenses/Dockerfile has only 0 lines [6ms]
[2025-08-02 17:27:29.385] Warning(/usr/bin/git -c core.quotepath=false -c color.ui=false -c log.showSignature=false log --format=%x1E%H%x1D -n2 -L0,0:lenses/Dockerfile): fatal: -L invalid line number: 0

[2025-08-02 17:27:29.385] [GIT          ] [/home/user/homelab] git log --format=%x1E%H%x1D -n2 -L0,0:lenses/Dockerfile • -L invalid line number: 0 [6ms]
[2025-08-02 17:27:29.385] Git.exec
Error: fatal: -L invalid line number: 0

2025-08-02 20:27:30.378 [info] [2025-08-02 17:27:29.877] Warning(/usr/bin/git -c core.quotepath=false -c color.ui=false -c log.showSignature=false log --format=%x1E%H%x1D -n2 -L1,1:lenses/Dockerfile): fatal: file lenses/Dockerfile has only 0 lines

[2025-08-02 17:27:29.878] [GIT          ] [/home/user/homelab] git log --format=%x1E%H%x1D -n2 -L1,1:lenses/Dockerfile • file lenses/Dockerfile has only 0 lines [5ms]
[2025-08-02 17:27:29.884] Warning(/usr/bin/git -c core.quotepath=false -c color.ui=false -c log.showSignature=false log --format=%x1E%H%x1D -n2 -L0,0:lenses/Dockerfile): fatal: -L invalid line number: 0

[2025-08-02 17:27:29.884] [GIT          ] [/home/user/homelab] git log --format=%x1E%H%x1D -n2 -L0,0:lenses/Dockerfile • -L invalid line number: 0 [6ms]
[2025-08-02 17:27:29.884] Git.exec
Error: fatal: -L invalid line number: 0

2025-08-02 20:27:32.381 [info] [2025-08-02 17:27:31.903] Warning(/usr/bin/git -c core.quotepath=false -c color.ui=false -c log.showSignature=false log --format=%x1E%H%x1D -n2 -L6,6:lenses/Dockerfile): fatal: file lenses/Dockerfile has only 0 lines

[2025-08-02 17:27:31.903] [GIT          ] [/home/user/homelab] git log --format=%x1E%H%x1D -n2 -L6,6:lenses/Dockerfile • file lenses/Dockerfile has only 0 lines [5ms]
[2025-08-02 17:27:31.909] Warning(/usr/bin/git -c core.quotepath=false -c color.ui=false -c log.showSignature=false log --format=%x1E%H%x1D -n2 -L0,0:lenses/Dockerfile): fatal: -L invalid line number: 0

[2025-08-02 17:27:31.909] [GIT          ] [/home/user/homelab] git log --format=%x1E%H%x1D -n2 -L0,0:lenses/Dockerfile • -L invalid line number: 0 [5ms]
[2025-08-02 17:27:31.909] Git.exec
Error: fatal: -L invalid line number: 0

2025-08-02 20:28:16.357 [info] [2025-08-02 17:28:15.857] Warning(/usr/bin/git -c core.quotepath=false -c color.ui=false -c log.showSignature=false log --format=%x1E%H%x1D -n2 -L1,1:lenses/Dockerfile): fatal: file lenses/Dockerfile has only 0 lines

[2025-08-02 17:28:15.857] [GIT          ] [/home/user/homelab] git log --format=%x1E%H%x1D -n2 -L1,1:lenses/Dockerfile • file lenses/Dockerfile has only 0 lines [6ms]
[2025-08-02 17:28:15.864] Warning(/usr/bin/git -c core.quotepath=false -c color.ui=false -c log.showSignature=false log --format=%x1E%H%x1D -n2 -L0,0:lenses/Dockerfile): fatal: -L invalid line number: 0

[2025-08-02 17:28:15.864] [GIT          ] [/home/user/homelab] git log --format=%x1E%H%x1D -n2 -L0,0:lenses/Dockerfile • -L invalid line number: 0 [6ms]
[2025-08-02 17:28:15.864] Git.exec
Error: fatal: -L invalid line number: 0

2025-08-02 20:30:01.236 [info] [2025-08-02 17:30:00.736] Warning(/usr/bin/git -c core.quotepath=false -c color.ui=false -c log.showSignature=false log --format=%x1E%H%x1D -n2 -L1,1:lenses/Dockerfile): fatal: file lenses/Dockerfile has only 0 lines

[2025-08-02 17:30:00.736] [GIT          ] [/home/user/homelab] git log --format=%x1E%H%x1D -n2 -L1,1:lenses/Dockerfile • file lenses/Dockerfile has only 0 lines [7ms]
[2025-08-02 17:30:00.741] Warning(/usr/bin/git -c core.quotepath=false -c color.ui=false -c log.showSignature=false log --format=%x1E%H%x1D -n2 -L0,0:lenses/Dockerfile): fatal: -L invalid line number: 0

[2025-08-02 17:30:00.741] [GIT          ] [/home/user/homelab] git log --format=%x1E%H%x1D -n2 -L0,0:lenses/Dockerfile • -L invalid line number: 0 [5ms]
[2025-08-02 17:30:00.742] Git.exec
Error: fatal: -L invalid line number: 0

2025-08-02 20:30:10.525 [info] [2025-08-02 17:30:10.025] Warning(/usr/bin/git -c core.quotepath=false -c color.ui=false -c log.showSignature=false log --format=%x1E%H%x1D -n2 -L1,1:lenses/Dockerfile): fatal: file lenses/Dockerfile has only 0 lines

[2025-08-02 17:30:10.025] [GIT          ] [/home/user/homelab] git log --format=%x1E%H%x1D -n2 -L1,1:lenses/Dockerfile • file lenses/Dockerfile has only 0 lines [7ms]
[2025-08-02 17:30:10.032] Warning(/usr/bin/git -c core.quotepath=false -c color.ui=false -c log.showSignature=false log --format=%x1E%H%x1D -n2 -L0,0:lenses/Dockerfile): fatal: -L invalid line number: 0

[2025-08-02 17:30:10.032] [GIT          ] [/home/user/homelab] git log --format=%x1E%H%x1D -n2 -L0,0:lenses/Dockerfile • -L invalid line number: 0 [6ms]
[2025-08-02 17:30:10.032] Git.exec
Error: fatal: -L invalid line number: 0

2025-08-02 20:49:47.485 [info] [2025-08-02 17:49:46.985] Warning(/usr/bin/git -c core.quotepath=false -c color.ui=false -c log.showSignature=false log --format=%x1E%H%x1D -n2 -L1,1:lenses/Dockerfile): fatal: file lenses/Dockerfile has only 0 lines

[2025-08-02 17:49:46.985] [GIT          ] [/home/user/homelab] git log --format=%x1E%H%x1D -n2 -L1,1:lenses/Dockerfile • file lenses/Dockerfile has only 0 lines [7ms]
[2025-08-02 17:49:46.992] Warning(/usr/bin/git -c core.quotepath=false -c color.ui=false -c log.showSignature=false log --format=%x1E%H%x1D -n2 -L0,0:lenses/Dockerfile): fatal: -L invalid line number: 0

[2025-08-02 17:49:46.992] [GIT          ] [/home/user/homelab] git log --format=%x1E%H%x1D -n2 -L0,0:lenses/Dockerfile • -L invalid line number: 0 [6ms]
[2025-08-02 17:49:46.992] Git.exec
Error: fatal: -L invalid line number: 0

2025-08-02 20:49:47.985 [info] [2025-08-02 17:49:47.647] Warning(/usr/bin/git -c core.quotepath=false -c color.ui=false -c log.showSignature=false log --format=%x1E%H%x1D -n2 -L1,1:lenses/Dockerfile): fatal: file lenses/Dockerfile has only 0 lines

[2025-08-02 17:49:47.647] [GIT          ] [/home/user/homelab] git log --format=%x1E%H%x1D -n2 -L1,1:lenses/Dockerfile • file lenses/Dockerfile has only 0 lines [14ms]
[2025-08-02 17:49:47.657] Warning(/usr/bin/git -c core.quotepath=false -c color.ui=false -c log.showSignature=false log --format=%x1E%H%x1D -n2 -L0,0:lenses/Dockerfile): fatal: -L invalid line number: 0

[2025-08-02 17:49:47.658] [GIT          ] [/home/user/homelab] git log --format=%x1E%H%x1D -n2 -L0,0:lenses/Dockerfile • -L invalid line number: 0 [10ms]
[2025-08-02 17:49:47.658] Git.exec
Error: fatal: -L invalid line number: 0

2025-08-02 20:49:48.485 [info] [2025-08-02 17:49:48.398] Warning(/usr/bin/git -c core.quotepath=false -c color.ui=false -c log.showSignature=false log --format=%x1E%H%x1D -n2 -L1,1:lenses/Dockerfile): fatal: file lenses/Dockerfile has only 0 lines

[2025-08-02 17:49:48.398] [GIT          ] [/home/user/homelab] git log --format=%x1E%H%x1D -n2 -L1,1:lenses/Dockerfile • file lenses/Dockerfile has only 0 lines [7ms]
[2025-08-02 17:49:48.408] Warning(/usr/bin/git -c core.quotepath=false -c color.ui=false -c log.showSignature=false log --format=%x1E%H%x1D -n2 -L0,0:lenses/Dockerfile): fatal: -L invalid line number: 0

[2025-08-02 17:49:48.408] [GIT          ] [/home/user/homelab] git log --format=%x1E%H%x1D -n2 -L0,0:lenses/Dockerfile • -L invalid line number: 0 [9ms]
[2025-08-02 17:49:48.408] Git.exec
Error: fatal: -L invalid line number: 0

2025-08-02 20:50:44.985 [info] [2025-08-02 17:50:44.483] Warning(/usr/bin/git -c core.quotepath=false -c color.ui=false -c log.showSignature=false log --format=%x1E%H%x1D -n2 -L1,1:lenses/Dockerfile): fatal: file lenses/Dockerfile has only 0 lines

[2025-08-02 17:50:44.484] [GIT          ] [/home/user/homelab] git log --format=%x1E%H%x1D -n2 -L1,1:lenses/Dockerfile • file lenses/Dockerfile has only 0 lines [7ms]
[2025-08-02 17:50:44.491] Warning(/usr/bin/git -c core.quotepath=false -c color.ui=false -c log.showSignature=false log --format=%x1E%H%x1D -n2 -L0,0:lenses/Dockerfile): fatal: -L invalid line number: 0

[2025-08-02 17:50:44.491] [GIT          ] [/home/user/homelab] git log --format=%x1E%H%x1D -n2 -L0,0:lenses/Dockerfile • -L invalid line number: 0 [7ms]
[2025-08-02 17:50:44.491] Git.exec
Error: fatal: -L invalid line number: 0

2025-08-02 20:56:36.313 [info] [2025-08-02 17:56:35.812] Warning(/usr/bin/git -c core.quotepath=false -c color.ui=false -c log.showSignature=false log --format=%x1E%H%x1D -n2 -L1,1:lenses/Dockerfile): fatal: file lenses/Dockerfile has only 0 lines

[2025-08-02 17:56:35.812] [GIT          ] [/home/user/homelab] git log --format=%x1E%H%x1D -n2 -L1,1:lenses/Dockerfile • file lenses/Dockerfile has only 0 lines [7ms]
[2025-08-02 17:56:35.819] Warning(/usr/bin/git -c core.quotepath=false -c color.ui=false -c log.showSignature=false log --format=%x1E%H%x1D -n2 -L0,0:lenses/Dockerfile): fatal: -L invalid line number: 0

[2025-08-02 17:56:35.819] [GIT          ] [/home/user/homelab] git log --format=%x1E%H%x1D -n2 -L0,0:lenses/Dockerfile • -L invalid line number: 0 [6ms]
[2025-08-02 17:56:35.819] Git.exec
Error: fatal: -L invalid line number: 0

2025-08-02 20:56:41.818 [info] [2025-08-02 17:56:41.721] Warning(/usr/bin/git -c core.quotepath=false -c color.ui=false -c log.showSignature=false log --format=%x1E%H%x1D -n2 -L1,1:lenses/Dockerfile): fatal: file lenses/Dockerfile has only 0 lines

[2025-08-02 17:56:41.721] [GIT          ] [/home/user/homelab] git log --format=%x1E%H%x1D -n2 -L1,1:lenses/Dockerfile • file lenses/Dockerfile has only 0 lines [6ms]
[2025-08-02 17:56:41.728] Warning(/usr/bin/git -c core.quotepath=false -c color.ui=false -c log.showSignature=false log --format=%x1E%H%x1D -n2 -L0,0:lenses/Dockerfile): fatal: -L invalid line number: 0

[2025-08-02 17:56:41.728] [GIT          ] [/home/user/homelab] git log --format=%x1E%H%x1D -n2 -L0,0:lenses/Dockerfile • -L invalid line number: 0 [6ms]
[2025-08-02 17:56:41.728] Git.exec
Error: fatal: -L invalid line number: 0

2025-08-02 21:01:29.439 [info] [2025-08-02 18:01:28.939] Warning(/usr/bin/git -c core.quotepath=false -c color.ui=false log --format=%x1E%H%x1D --summary -n1 051ff69fb2ac4d04431c094f69ff4ffe7a628174^ -- lenses/app/lenses_bot.py): fatal: bad revision '051ff69fb2ac4d04431c094f69ff4ffe7a628174^'


2025-08-02 21:04:40.083 [info] [2025-08-02 18:04:39.583] Warning(/usr/bin/git -c core.quotepath=false -c color.ui=false log --format=%x1E%H%x1D --summary -n1 051ff69fb2ac4d04431c094f69ff4ffe7a628174^ -- lenses/app/example.env): fatal: bad revision '051ff69fb2ac4d04431c094f69ff4ffe7a628174^'


2025-08-02 21:04:50.617 [info] [2025-08-02 18:04:50.118] Warning(/usr/bin/git -c core.quotepath=false -c color.ui=false -c log.showSignature=false log --format=%x1E%H%x1D -n2 -L1,1:lenses/Dockerfile): fatal: file lenses/Dockerfile has only 0 lines

[2025-08-02 18:04:50.118] [GIT          ] [/home/user/homelab] git log --format=%x1E%H%x1D -n2 -L1,1:lenses/Dockerfile • file lenses/Dockerfile has only 0 lines [5ms]
[2025-08-02 18:04:50.123] Warning(/usr/bin/git -c core.quotepath=false -c color.ui=false -c log.showSignature=false log --format=%x1E%H%x1D -n2 -L0,0:lenses/Dockerfile): fatal: -L invalid line number: 0

[2025-08-02 18:04:50.123] [GIT          ] [/home/user/homelab] git log --format=%x1E%H%x1D -n2 -L0,0:lenses/Dockerfile • -L invalid line number: 0 [5ms]
[2025-08-02 18:04:50.124] Git.exec
Error: fatal: -L invalid line number: 0

2025-08-02 21:04:51.118 [info] [2025-08-02 18:04:51.044] Warning(/usr/bin/git -c core.quotepath=false -c color.ui=false -c log.showSignature=false log --format=%x1E%H%x1D -n2 -L1,1:lenses/Dockerfile): fatal: file lenses/Dockerfile has only 0 lines

[2025-08-02 18:04:51.044] [GIT          ] [/home/user/homelab] git log --format=%x1E%H%x1D -n2 -L1,1:lenses/Dockerfile • file lenses/Dockerfile has only 0 lines [6ms]
[2025-08-02 18:04:51.049] Warning(/usr/bin/git -c core.quotepath=false -c color.ui=false -c log.showSignature=false log --format=%x1E%H%x1D -n2 -L0,0:lenses/Dockerfile): fatal: -L invalid line number: 0

[2025-08-02 18:04:51.050] [GIT          ] [/home/user/homelab] git log --format=%x1E%H%x1D -n2 -L0,0:lenses/Dockerfile • -L invalid line number: 0 [5ms]
[2025-08-02 18:04:51.050] Git.exec
Error: fatal: -L invalid line number: 0

2025-08-02 21:05:12.722 [info] [2025-08-02 18:05:12.222] [           c3] GitCodeLensProvider.provideCodeLenses(TextDocument(python, dirty=false, file:///home/user/homelab/tg_bots/time_test.py)) Warning(/usr/bin/git -c core.quotepath=false -c color.ui=false log --format=%x1E%H%x1D --summary -n1 051ff69fb2ac4d04431c094f69ff4ffe7a628174^ -- tg_bots/time_test.py): fatal: bad revision '051ff69fb2ac4d04431c094f69ff4ffe7a628174^'


2025-08-02 21:05:14.724 [info] [2025-08-02 18:05:14.374] Warning(/usr/bin/git -c core.quotepath=false -c color.ui=false log --format=%x1E%H%x1D --summary -n1 051ff69fb2ac4d04431c094f69ff4ffe7a628174^ -- tg_bots/lenses_bot.py): fatal: bad revision '051ff69fb2ac4d04431c094f69ff4ffe7a628174^'


2025-08-02 21:05:15.224 [info] [2025-08-02 18:05:15.168] Warning(/usr/bin/git -c core.quotepath=false -c color.ui=false log --format=%x1E%H%x1D --summary -n1 051ff69fb2ac4d04431c094f69ff4ffe7a628174^ -- tg_bots/time_test.py): fatal: bad revision '051ff69fb2ac4d04431c094f69ff4ffe7a628174^'


2025-08-02 21:05:17.226 [info] [2025-08-02 18:05:17.216] Warning(/usr/bin/git -c core.quotepath=false -c color.ui=false log --format=%x1E%H%x1D --summary -n1 051ff69fb2ac4d04431c094f69ff4ffe7a628174^ -- tg_bots/lenses_bot.py): fatal: bad revision '051ff69fb2ac4d04431c094f69ff4ffe7a628174^'


2025-08-02 21:23:21.658 [info] [2025-08-02 18:23:21.158] Warning(/usr/bin/git -c core.quotepath=false -c color.ui=false log --format=%x1E%H%x1D --summary -n1 051ff69fb2ac4d04431c094f69ff4ffe7a628174^ -- tg_bots/lenses_bot.py): fatal: bad revision '051ff69fb2ac4d04431c094f69ff4ffe7a628174^'


2025-08-02 21:45:54.302 [info] [2025-08-02 18:45:53.802] Warning(/usr/bin/git -c core.quotepath=false -c color.ui=false log --format=%x1E%H%x1D --summary -n1 051ff69fb2ac4d04431c094f69ff4ffe7a628174^ -- tg_bots/3remem_bot.py): fatal: bad revision '051ff69fb2ac4d04431c094f69ff4ffe7a628174^'


2025-08-02 22:39:50.206 [info] [2025-08-02 19:39:49.706] Warning(/usr/bin/git -c core.quotepath=false -c color.ui=false log --format=%x1E%H%x1D --summary -n1 051ff69fb2ac4d04431c094f69ff4ffe7a628174^ -- lenses/app/lenses_bot.py): fatal: bad revision '051ff69fb2ac4d04431c094f69ff4ffe7a628174^'


2025-08-02 23:29:41.207 [info] [2025-08-02 20:29:40.707] [          1f0] GitCodeLensProvider.provideCodeLenses(TextDocument(ignore, dirty=false, file:///home/user/homelab/.gitignore)) Warning(/usr/bin/git -c core.quotepath=false -c color.ui=false log --format=%x1E%H%x1D --summary -n1 051ff69fb2ac4d04431c094f69ff4ffe7a628174^ -- .gitignore): fatal: bad revision '051ff69fb2ac4d04431c094f69ff4ffe7a628174^'


2025-08-02 23:30:38.114 [info] [2025-08-02 20:30:37.614] Warning(/usr/bin/git -c core.quotepath=false -c color.ui=false -c log.showSignature=false log --format=%x1E%H%x1D -n2 -L1,1:lenses/Dockerfile): fatal: file lenses/Dockerfile has only 0 lines

[2025-08-02 20:30:37.614] [GIT          ] [/home/user/homelab] git log --format=%x1E%H%x1D -n2 -L1,1:lenses/Dockerfile • file lenses/Dockerfile has only 0 lines [6ms]
[2025-08-02 20:30:37.621] Warning(/usr/bin/git -c core.quotepath=false -c color.ui=false -c log.showSignature=false log --format=%x1E%H%x1D -n2 -L0,0:lenses/Dockerfile): fatal: -L invalid line number: 0

[2025-08-02 20:30:37.622] [GIT          ] [/home/user/homelab] git log --format=%x1E%H%x1D -n2 -L0,0:lenses/Dockerfile • -L invalid line number: 0 [6ms]
[2025-08-02 20:30:37.622] Git.exec
Error: fatal: -L invalid line number: 0

2025-08-02 23:42:35.695 [info] [2025-08-02 20:42:35.194] Warning(/usr/bin/git -c core.quotepath=false -c color.ui=false -c log.showSignature=false log --format=%x1E%H%x1D -n2 -L1,1:lenses/Dockerfile): fatal: file lenses/Dockerfile has only 0 lines

[2025-08-02 20:42:35.194] [GIT          ] [/home/user/homelab] git log --format=%x1E%H%x1D -n2 -L1,1:lenses/Dockerfile • file lenses/Dockerfile has only 0 lines [6ms]
[2025-08-02 20:42:35.200] Warning(/usr/bin/git -c core.quotepath=false -c color.ui=false -c log.showSignature=false log --format=%x1E%H%x1D -n2 -L0,0:lenses/Dockerfile): fatal: -L invalid line number: 0

[2025-08-02 20:42:35.200] [GIT          ] [/home/user/homelab] git log --format=%x1E%H%x1D -n2 -L0,0:lenses/Dockerfile • -L invalid line number: 0 [6ms]
[2025-08-02 20:42:35.200] Git.exec
Error: fatal: -L invalid line number: 0

2025-08-02 23:57:40.230 [info] [2025-08-02 20:57:39.730] Warning(/usr/bin/git -c core.quotepath=false -c color.ui=false -c log.showSignature=false log --format=%x1E%H%x1D -n2 -L1,1:k8s/lenses.yaml): fatal: There is no path k8s/lenses.yaml in the commit

[2025-08-02 20:57:39.730] [GIT          ] [/home/user/homelab] git log --format=%x1E%H%x1D -n2 -L1,1:k8s/lenses.yaml • There is no path k8s/lenses.yaml in the commit [6ms]
[2025-08-02 20:57:39.730] Git.exec
Error: fatal: There is no path k8s/lenses.yaml in the commit

2025-08-02 23:57:44.234 [info] [2025-08-02 20:57:43.794] [          23e] GitCodeLensProvider.provideCodeLenses(TextDocument(plaintext, dirty=false, file:///home/user/homelab/lenses/app/example.env)) Warning(/usr/bin/git -c core.quotepath=false -c color.ui=false log --format=%x1E%H%x1D --summary -n1 051ff69fb2ac4d04431c094f69ff4ffe7a628174^ -- lenses/app/example.env): fatal: bad revision '051ff69fb2ac4d04431c094f69ff4ffe7a628174^'


2025-08-02 23:57:45.235 [info] [2025-08-02 20:57:44.993] Warning(/usr/bin/git -c core.quotepath=false -c color.ui=false log --format=%x1E%H%x1D --summary -n1 051ff69fb2ac4d04431c094f69ff4ffe7a628174^ -- lenses/app/lenses_bot.py): fatal: bad revision '051ff69fb2ac4d04431c094f69ff4ffe7a628174^'


2025-08-02 23:57:51.676 [info] [2025-08-02 20:57:51.176] [          242] GitCodeLensProvider.provideCodeLenses(TextDocument(plaintext, dirty=false, file:///home/user/homelab/lenses/app/requirements.txt)) Warning(/usr/bin/git -c core.quotepath=false -c color.ui=false -c log.showSignature=false log --format=%x1E%H%x1D -n2 -L1,1:lenses/app/requirements.txt): fatal: There is no path lenses/app/requirements.txt in the commit

[2025-08-02 20:57:51.176] [GIT          ] [/home/user/homelab] git log --format=%x1E%H%x1D -n2 -L1,1:lenses/app/requirements.txt • There is no path lenses/app/requirements.txt in the commit [7ms]
[2025-08-02 20:57:51.176] [          242] GitCodeLensProvider.provideCodeLenses(TextDocument(plaintext, dirty=false, file:///home/user/homelab/lenses/app/requirements.txt)) 
Error: fatal: There is no path lenses/app/requirements.txt in the commit

2025-08-02 23:57:54.178 [info] [2025-08-02 20:57:53.893] Warning(/usr/bin/git -c core.quotepath=false -c color.ui=false -c log.showSignature=false log --format=%x1E%H%x1D -n2 -L1,1:lenses/docker-compose.yaml): fatal: There is no path lenses/docker-compose.yaml in the commit

[2025-08-02 20:57:53.893] [GIT          ] [/home/user/homelab] git log --format=%x1E%H%x1D -n2 -L1,1:lenses/docker-compose.yaml • There is no path lenses/docker-compose.yaml in the commit [5ms]
[2025-08-02 20:57:53.893] Git.exec
Error: fatal: There is no path lenses/docker-compose.yaml in the commit

2025-08-02 23:58:01.933 [info] [2025-08-02 20:58:01.433] Warning(/usr/bin/git -c core.quotepath=false -c color.ui=false -c log.showSignature=false log --format=%x1E%H%x1D -n2 -L1,1:lenses/docker-compose.yaml): fatal: There is no path lenses/docker-compose.yaml in the commit

[2025-08-02 20:58:01.433] [GIT          ] [/home/user/homelab] git log --format=%x1E%H%x1D -n2 -L1,1:lenses/docker-compose.yaml • There is no path lenses/docker-compose.yaml in the commit [5ms]
[2025-08-02 20:58:01.433] Git.exec
Error: fatal: There is no path lenses/docker-compose.yaml in the commit

2025-08-02 23:58:02.434 [info] [2025-08-02 20:58:02.191] Warning(/usr/bin/git -c core.quotepath=false -c color.ui=false -c log.showSignature=false log --format=%x1E%H%x1D -n2 -L1,1:lenses/Dockerfile): fatal: file lenses/Dockerfile has only 0 lines

[2025-08-02 20:58:02.191] [GIT          ] [/home/user/homelab] git log --format=%x1E%H%x1D -n2 -L1,1:lenses/Dockerfile • file lenses/Dockerfile has only 0 lines [5ms]
[2025-08-02 20:58:02.197] Warning(/usr/bin/git -c core.quotepath=false -c color.ui=false -c log.showSignature=false log --format=%x1E%H%x1D -n2 -L0,0:lenses/Dockerfile): fatal: -L invalid line number: 0

[2025-08-02 20:58:02.197] [GIT          ] [/home/user/homelab] git log --format=%x1E%H%x1D -n2 -L0,0:lenses/Dockerfile • -L invalid line number: 0 [6ms]
[2025-08-02 20:58:02.197] Git.exec
Error: fatal: -L invalid line number: 0

2025-08-02 23:58:13.287 [info] [2025-08-02 20:58:12.787] [          251] GitCodeLensProvider.provideCodeLenses(TextDocument(markdown, dirty=false, file:///home/user/homelab/docs/deploy_k8s.md)) Warning(/usr/bin/git -c core.quotepath=false -c color.ui=false log --format=%x1E%H%x1D --summary -n1 051ff69fb2ac4d04431c094f69ff4ffe7a628174^ -- deploy_k8s.md): fatal: bad revision '051ff69fb2ac4d04431c094f69ff4ffe7a628174^'


2025-08-02 23:58:17.793 [info] [2025-08-02 20:58:17.425] Warning(/usr/bin/git -c core.quotepath=false -c color.ui=false -c log.showSignature=false log --format=%x1E%H%x1D -n2 -L1,1:docs/deploy_all.md): fatal: There is no path docs/deploy_all.md in the commit

[2025-08-02 20:58:17.426] [GIT          ] [/home/user/homelab] git log --format=%x1E%H%x1D -n2 -L1,1:docs/deploy_all.md • There is no path docs/deploy_all.md in the commit [6ms]
[2025-08-02 20:58:17.426] Git.exec
Error: fatal: There is no path docs/deploy_all.md in the commit

2025-08-02 23:58:18.794 [info] [2025-08-02 20:58:18.696] Warning(/usr/bin/git -c core.quotepath=false -c color.ui=false -c log.showSignature=false log --format=%x1E%H%x1D -n2 -L14,14:docs/deploy_all.md): fatal: There is no path docs/deploy_all.md in the commit

[2025-08-02 20:58:18.696] [GIT          ] [/home/user/homelab] git log --format=%x1E%H%x1D -n2 -L14,14:docs/deploy_all.md • There is no path docs/deploy_all.md in the commit [7ms]
[2025-08-02 20:58:18.696] Git.exec
Error: fatal: There is no path docs/deploy_all.md in the commit

2025-08-02 23:58:35.618 [info] [2025-08-02 20:58:35.116] Warning(/usr/bin/git -c core.quotepath=false -c color.ui=false -c log.showSignature=false log --format=%x1E%H%x1D -n2 -L1,1:k8s/lenses.yaml): fatal: There is no path k8s/lenses.yaml in the commit

[2025-08-02 20:58:35.116] [GIT          ] [/home/user/homelab] git log --format=%x1E%H%x1D -n2 -L1,1:k8s/lenses.yaml • There is no path k8s/lenses.yaml in the commit [6ms]
[2025-08-02 20:58:35.117] Git.exec
Error: fatal: There is no path k8s/lenses.yaml in the commit

2025-08-02 23:58:38.623 [info] [2025-08-02 20:58:38.307] Warning(/usr/bin/git -c core.quotepath=false -c color.ui=false log --format=%x1E%H%x1D --summary -n1 051ff69fb2ac4d04431c094f69ff4ffe7a628174^ -- deploy_k8s.md): fatal: bad revision '051ff69fb2ac4d04431c094f69ff4ffe7a628174^'


2025-08-02 23:59:45.626 [info] [2025-08-02 20:59:45.126] Warning(/usr/bin/git -c core.quotepath=false -c color.ui=false log --format=%x1E%H%x1D --summary -n1 051ff69fb2ac4d04431c094f69ff4ffe7a628174^ -- deploy_k8s.md): fatal: bad revision '051ff69fb2ac4d04431c094f69ff4ffe7a628174^'


2025-08-03 00:56:20.463 [info] [2025-08-02 21:56:19.964] Warning(/usr/bin/git -c core.quotepath=false -c color.ui=false -c log.showSignature=false log --format=%x1E%H%x1D -n2 -L19,19:docs/deploy_all.md): fatal: file docs/deploy_all.md has only 14 lines

[2025-08-02 21:56:19.964] [GIT          ] [/home/user/homelab] git log --format=%x1E%H%x1D -n2 -L19,19:docs/deploy_all.md • file docs/deploy_all.md has only 14 lines [9ms]

