2025-10-16 13:41:52.741 [info] 
=== Python Envs Configuration Levels ===
2025-10-16 13:41:52.741 [info] {
  "section": "Python Envs Configuration Levels",
  "defaultEnvManager": {
    "workspaceFolderValue": "undefined",
    "workspaceValue": "undefined",
    "globalValue": "undefined",
    "defaultValue": "ms-python.python:venv"
  },
  "defaultPackageManager": {
    "workspaceFolderValue": "undefined",
    "workspaceValue": "undefined",
    "globalValue": "undefined",
    "defaultValue": "ms-python.python:pip"
  }
}
2025-10-16 13:41:52.741 [info] [pet] Starting Python Locator /home/user/.vscode/extensions/ms-python.vscode-python-envs-1.10.0-linux-x64/python-env-tools/bin/pet server
2025-10-16 13:41:52.741 [info] getAllExtraSearchPaths completed. Total unique search directories: 0 Paths: []
2025-10-16 13:41:52.741 [info] [pet] configure: Sending configuration update: {"workspaceDirectories":["/home/user/repos"],"environmentDirectories":[],"poetryExecutable":"poetry","cacheDirectory":"/home/user/.config/Code/User/globalStorage/ms-python.vscode-python-envs/pythonLocator"}
2025-10-16 13:41:56.864 [info] Discovered env: /usr/bin/python
2025-10-16 13:41:56.864 [info] Discovered env: /bin/python
2025-10-16 13:41:56.868 [info] [pet] Env ("/sbin/python") in Path resolved as ResolvedPythonEnv { executable: "/sbin/python", prefix: "/usr", version: "3.13.7.final.0", is64_bit: true, symlinks: Some(["/sbin/python"]) } and reported as Some(GlobalPaths)
2025-10-16 13:41:56.868 [info] Discovered env: /sbin/python
2025-10-16 13:41:56.868 [info] [pet] Env ("/usr/sbin/python") in Path resolved as ResolvedPythonEnv { executable: "/usr/sbin/python", prefix: "/usr", version: "3.13.7.final.0", is64_bit: true, symlinks: Some(["/usr/sbin/python"]) } and reported as Some(GlobalPaths)
2025-10-16 13:41:56.868 [info] Discovered env: /usr/sbin/python
2025-10-16 13:41:56.869 [info] [pet] Env ("/usr/sbin/python3") in Path resolved as ResolvedPythonEnv { executable: "/usr/sbin/python3", prefix: "/usr", version: "3.13.7.final.0", is64_bit: true, symlinks: Some(["/usr/sbin/python3"]) } and reported as Some(GlobalPaths)
2025-10-16 13:41:56.870 [info] Discovered env: /usr/sbin/python3
2025-10-16 13:41:56.870 [info] [pet] Env ("/sbin/python3") in Path resolved as ResolvedPythonEnv { executable: "/sbin/python3", prefix: "/usr", version: "3.13.7.final.0", is64_bit: true, symlinks: Some(["/sbin/python3"]) } and reported as Some(GlobalPaths)
2025-10-16 13:41:56.870 [info] Discovered env: /sbin/python3
2025-10-16 13:41:56.870 [info] [pet] Env ("/usr/sbin/python3.13") in Path resolved as ResolvedPythonEnv { executable: "/usr/sbin/python3.13", prefix: "/usr", version: "3.13.7.final.0", is64_bit: true, symlinks: Some(["/usr/sbin/python3.13"]) } and reported as Some(GlobalPaths)
2025-10-16 13:41:56.870 [info] Discovered env: /usr/sbin/python3.13
2025-10-16 13:41:56.871 [info] [pet] Env ("/sbin/python3.13") in Path resolved as ResolvedPythonEnv { executable: "/sbin/python3.13", prefix: "/usr", version: "3.13.7.final.0", is64_bit: true, symlinks: Some(["/sbin/python3.13"]) } and reported as Some(GlobalPaths)
2025-10-16 13:41:56.871 [info] Discovered env: /sbin/python3.13
2025-10-16 13:41:56.871 [info] [pet] Locator Conda took 130.069919ms
2025-10-16 13:41:56.871 [info] [pet] Locator Homebrew took 181.524µs
2025-10-16 13:41:56.871 [info] [pet] Locator LinuxGlobal took 92.520478ms
2025-10-16 13:41:56.871 [info] [pet] Locator PipEnv took 96.711µs
2025-10-16 13:41:56.871 [info] [pet] Locator Pixi took 390.708µs
2025-10-16 13:41:56.871 [info] [pet] Locator Poetry took 1.728397ms
2025-10-16 13:41:56.871 [info] [pet] Locator PyEnv took 898.754µs
2025-10-16 13:41:56.871 [info] [pet] Locator Venv took 95.76µs
2025-10-16 13:41:56.871 [info] [pet] Locator VirtualEnv took 34.895µs
2025-10-16 13:41:56.871 [info] [pet] Locator VirtualEnvWrapper took 62.63µs
2025-10-16 13:41:56.871 [info] [pet] Locator GlobalVirtualEnvs took 318.893µs
2025-10-16 13:41:56.871 [info] [pet] Locator Locators took 131.479846ms
2025-10-16 13:41:56.871 [info] [pet] Locator Path took 285.885443ms
2025-10-16 13:41:56.871 [info] [pet] Locator Workspaces took 17.061239ms
2025-10-16 13:41:56.872 [info] getAllExtraSearchPaths completed. Total unique search directories: 0 Paths: []
2025-10-16 13:41:56.876 [info] [pet] Telemetry:  {"event":"RefreshPerformance","data":{"refreshPerformance":{"total":286,"breakdown":{"GlobalVirtualEnvs":0,"Locators":131,"Path":285,"Workspaces":17},"locators":{"Conda":130,"Homebrew":0,"LinuxGlobal":92,"PipEnv":0,"Pixi":0,"Poetry":1,"PyEnv":0,"Venv":0,"VirtualEnv":0,"VirtualEnvWrapper":0}}}}
2025-10-16 13:41:56.953 [info] Discovered env: /bin/python
2025-10-16 13:41:56.954 [info] Discovered env: /usr/bin/python
2025-10-16 13:41:56.960 [info] [pet] Env ("/usr/sbin/python") in Path resolved as ResolvedPythonEnv { executable: "/usr/sbin/python", prefix: "/usr", version: "3.13.7.final.0", is64_bit: true, symlinks: Some(["/usr/sbin/python"]) } and reported as Some(GlobalPaths)
2025-10-16 13:41:56.960 [info] Discovered env: /usr/sbin/python
2025-10-16 13:41:56.967 [info] [pet] Env ("/sbin/python") in Path resolved as ResolvedPythonEnv { executable: "/sbin/python", prefix: "/usr", version: "3.13.7.final.0", is64_bit: true, symlinks: Some(["/sbin/python"]) } and reported as Some(GlobalPaths)
2025-10-16 13:41:56.968 [info] Discovered env: /sbin/python
2025-10-16 13:41:56.978 [info] [pet] Env ("/usr/sbin/python3") in Path resolved as ResolvedPythonEnv { executable: "/usr/sbin/python3", prefix: "/usr", version: "3.13.7.final.0", is64_bit: true, symlinks: Some(["/usr/sbin/python3"]) } and reported as Some(GlobalPaths)
2025-10-16 13:41:56.978 [info] Discovered env: /usr/sbin/python3
2025-10-16 13:41:56.985 [info] [pet] Env ("/sbin/python3") in Path resolved as ResolvedPythonEnv { executable: "/sbin/python3", prefix: "/usr", version: "3.13.7.final.0", is64_bit: true, symlinks: Some(["/sbin/python3"]) } and reported as Some(GlobalPaths)
2025-10-16 13:41:56.985 [info] Discovered env: /sbin/python3
2025-10-16 13:41:56.996 [info] [pet] Env ("/usr/sbin/python3.13") in Path resolved as ResolvedPythonEnv { executable: "/usr/sbin/python3.13", prefix: "/usr", version: "3.13.7.final.0", is64_bit: true, symlinks: Some(["/usr/sbin/python3.13"]) } and reported as Some(GlobalPaths)
2025-10-16 13:41:56.996 [info] Discovered env: /usr/sbin/python3.13
2025-10-16 13:41:57.000 [info] [pet] Env ("/sbin/python3.13") in Path resolved as ResolvedPythonEnv { executable: "/sbin/python3.13", prefix: "/usr", version: "3.13.7.final.0", is64_bit: true, symlinks: Some(["/sbin/python3.13"]) } and reported as Some(GlobalPaths)
2025-10-16 13:41:57.001 [info] Discovered env: /sbin/python3.13
2025-10-16 13:41:57.001 [info] [pet] Locator Conda took 83.835669ms
2025-10-16 13:41:57.001 [info] [pet] Locator Homebrew took 62.052µs
2025-10-16 13:41:57.001 [info] [pet] Locator LinuxGlobal took 77.085173ms
2025-10-16 13:41:57.001 [info] [pet] Locator PipEnv took 21.241µs
2025-10-16 13:41:57.001 [info] [pet] Locator Pixi took 41.722µs
2025-10-16 13:41:57.001 [info] [pet] Locator Poetry took 124.912µs
2025-10-16 13:41:57.001 [info] [pet] Locator PyEnv took 110.611µs
2025-10-16 13:41:57.001 [info] [pet] Locator Venv took 49.784µs
2025-10-16 13:41:57.001 [info] [pet] Locator VirtualEnv took 53.719µs
2025-10-16 13:41:57.001 [info] [pet] Locator VirtualEnvWrapper took 22.077µs
2025-10-16 13:41:57.001 [info] [pet] Locator GlobalVirtualEnvs took 60.111µs
2025-10-16 13:41:57.001 [info] [pet] Locator Locators took 84.046286ms
2025-10-16 13:41:57.001 [info] [pet] Locator Path took 124.728591ms
2025-10-16 13:41:57.001 [info] [pet] Locator Workspaces took 4.776728ms
2025-10-16 13:41:57.002 [info] getAllExtraSearchPaths completed. Total unique search directories: 0 Paths: []
2025-10-16 13:41:57.006 [info] [pet] Telemetry:  {"event":"RefreshPerformance","data":{"refreshPerformance":{"total":124,"breakdown":{"GlobalVirtualEnvs":0,"Locators":84,"Path":124,"Workspaces":4},"locators":{"Conda":83,"Homebrew":0,"LinuxGlobal":77,"PipEnv":0,"Pixi":0,"Poetry":0,"PyEnv":0,"Venv":0,"VirtualEnv":0,"VirtualEnvWrapper":0}}}}
2025-10-16 13:41:57.074 [info] Discovered env: /bin/python
2025-10-16 13:41:57.082 [info] Discovered env: /usr/bin/python
2025-10-16 13:41:57.104 [info] [pet] Env ("/sbin/python") in Path resolved as ResolvedPythonEnv { executable: "/sbin/python", prefix: "/usr", version: "3.13.7.final.0", is64_bit: true, symlinks: Some(["/sbin/python"]) } and reported as Some(GlobalPaths)
2025-10-16 13:41:57.104 [info] Discovered env: /sbin/python
2025-10-16 13:41:57.105 [info] [pet] Env ("/usr/sbin/python") in Path resolved as ResolvedPythonEnv { executable: "/usr/sbin/python", prefix: "/usr", version: "3.13.7.final.0", is64_bit: true, symlinks: Some(["/usr/sbin/python"]) } and reported as Some(GlobalPaths)
2025-10-16 13:41:57.106 [info] Discovered env: /usr/sbin/python
2025-10-16 13:41:57.106 [info] [pet] Env ("/sbin/python3") in Path resolved as ResolvedPythonEnv { executable: "/sbin/python3", prefix: "/usr", version: "3.13.7.final.0", is64_bit: true, symlinks: Some(["/sbin/python3"]) } and reported as Some(GlobalPaths)
2025-10-16 13:41:57.107 [info] Discovered env: /sbin/python3
2025-10-16 13:41:57.114 [info] [pet] Env ("/usr/sbin/python3") in Path resolved as ResolvedPythonEnv { executable: "/usr/sbin/python3", prefix: "/usr", version: "3.13.7.final.0", is64_bit: true, symlinks: Some(["/usr/sbin/python3"]) } and reported as Some(GlobalPaths)
2025-10-16 13:41:57.115 [info] Discovered env: /usr/sbin/python3
2025-10-16 13:41:57.123 [info] [pet] Env ("/sbin/python3.13") in Path resolved as ResolvedPythonEnv { executable: "/sbin/python3.13", prefix: "/usr", version: "3.13.7.final.0", is64_bit: true, symlinks: Some(["/sbin/python3.13"]) } and reported as Some(GlobalPaths)
2025-10-16 13:41:57.123 [info] Discovered env: /sbin/python3.13
2025-10-16 13:41:57.186 [info] [pet] Env ("/usr/sbin/python3.13") in Path resolved as ResolvedPythonEnv { executable: "/usr/sbin/python3.13", prefix: "/usr", version: "3.13.7.final.0", is64_bit: true, symlinks: Some(["/usr/sbin/python3.13"]) } and reported as Some(GlobalPaths)
2025-10-16 13:41:57.187 [info] Discovered env: /usr/sbin/python3.13
2025-10-16 13:41:57.187 [info] [pet] Locator Conda took 68.907284ms
2025-10-16 13:41:57.187 [info] [pet] Locator Homebrew took 61.349µs
2025-10-16 13:41:57.187 [info] [pet] Locator LinuxGlobal took 74.462489ms
2025-10-16 13:41:57.187 [info] [pet] Locator PipEnv took 31.552µs
2025-10-16 13:41:57.187 [info] [pet] Locator Pixi took 20.001µs
2025-10-16 13:41:57.187 [info] [pet] Locator Poetry took 92.255µs
2025-10-16 13:41:57.187 [info] [pet] Locator PyEnv took 203.242µs
2025-10-16 13:41:57.187 [info] [pet] Locator Venv took 21.723µs
2025-10-16 13:41:57.187 [info] [pet] Locator VirtualEnv took 19.824µs
2025-10-16 13:41:57.187 [info] [pet] Locator VirtualEnvWrapper took 24.215µs
2025-10-16 13:41:57.187 [info] [pet] Locator GlobalVirtualEnvs took 89.142µs
2025-10-16 13:41:57.187 [info] [pet] Locator Locators took 75.949436ms
2025-10-16 13:41:57.187 [info] [pet] Locator Path took 122.017408ms
2025-10-16 13:41:57.187 [info] [pet] Locator Workspaces took 2.411944ms
2025-10-16 13:41:57.188 [info] getAllExtraSearchPaths completed. Total unique search directories: 0 Paths: []
2025-10-16 13:41:57.190 [info] Conda not found, turning off conda features. Error: Conda not found
    at R (/home/user/.vscode/extensions/ms-python.vscode-python-envs-1.10.0-linux-x64/dist/extension.js:2:529904)
    at L (/home/user/.vscode/extensions/ms-python.vscode-python-envs-1.10.0-linux-x64/dist/extension.js:2:530029)
    at t.registerCondaFeatures (/home/user/.vscode/extensions/ms-python.vscode-python-envs-1.10.0-linux-x64/dist/extension.js:2:546478)
    at async Promise.all (index 1)
    at Immediate.<anonymous> (/home/user/.vscode/extensions/ms-python.vscode-python-envs-1.10.0-linux-x64/dist/extension.js:2:678817)
2025-10-16 13:41:57.190 [info] [pet] Telemetry:  {"event":"RefreshPerformance","data":{"refreshPerformance":{"total":122,"breakdown":{"GlobalVirtualEnvs":0,"Locators":75,"Path":122,"Workspaces":2},"locators":{"Conda":68,"Homebrew":0,"LinuxGlobal":74,"PipEnv":0,"Pixi":0,"Poetry":0,"PyEnv":0,"Venv":0,"VirtualEnv":0,"VirtualEnvWrapper":0}}}}
2025-10-16 13:41:57.257 [info] Discovered env: /bin/python
2025-10-16 13:41:57.264 [info] Discovered env: /usr/bin/python
2025-10-16 13:41:57.274 [info] [pet] Env ("/usr/sbin/python") in Path resolved as ResolvedPythonEnv { executable: "/usr/sbin/python", prefix: "/usr", version: "3.13.7.final.0", is64_bit: true, symlinks: Some(["/usr/sbin/python"]) } and reported as Some(GlobalPaths)
2025-10-16 13:41:57.274 [info] Discovered env: /usr/sbin/python
2025-10-16 13:41:57.275 [info] [pet] Env ("/sbin/python") in Path resolved as ResolvedPythonEnv { executable: "/sbin/python", prefix: "/usr", version: "3.13.7.final.0", is64_bit: true, symlinks: Some(["/sbin/python"]) } and reported as Some(GlobalPaths)
2025-10-16 13:41:57.275 [info] Discovered env: /sbin/python
2025-10-16 13:41:57.292 [info] [pet] Env ("/sbin/python3") in Path resolved as ResolvedPythonEnv { executable: "/sbin/python3", prefix: "/usr", version: "3.13.7.final.0", is64_bit: true, symlinks: Some(["/sbin/python3"]) } and reported as Some(GlobalPaths)
2025-10-16 13:41:57.293 [info] Discovered env: /sbin/python3
2025-10-16 13:41:57.293 [info] [pet] Env ("/usr/sbin/python3") in Path resolved as ResolvedPythonEnv { executable: "/usr/sbin/python3", prefix: "/usr", version: "3.13.7.final.0", is64_bit: true, symlinks: Some(["/usr/sbin/python3"]) } and reported as Some(GlobalPaths)
2025-10-16 13:41:57.293 [info] Discovered env: /usr/sbin/python3
2025-10-16 13:41:57.309 [info] [pet] Env ("/sbin/python3.13") in Path resolved as ResolvedPythonEnv { executable: "/sbin/python3.13", prefix: "/usr", version: "3.13.7.final.0", is64_bit: true, symlinks: Some(["/sbin/python3.13"]) } and reported as Some(GlobalPaths)
2025-10-16 13:41:57.309 [info] Discovered env: /sbin/python3.13
2025-10-16 13:41:57.310 [info] [pet] Env ("/usr/sbin/python3.13") in Path resolved as ResolvedPythonEnv { executable: "/usr/sbin/python3.13", prefix: "/usr", version: "3.13.7.final.0", is64_bit: true, symlinks: Some(["/usr/sbin/python3.13"]) } and reported as Some(GlobalPaths)
2025-10-16 13:41:57.310 [info] Discovered env: /usr/sbin/python3.13
2025-10-16 13:41:57.310 [info] [pet] Locator Conda took 76.03877ms
2025-10-16 13:41:57.310 [info] [pet] Locator Homebrew took 67.931µs
2025-10-16 13:41:57.310 [info] [pet] Locator LinuxGlobal took 70.999568ms
2025-10-16 13:41:57.310 [info] [pet] Locator PipEnv took 16.108µs
2025-10-16 13:41:57.310 [info] [pet] Locator Pixi took 23.97µs
2025-10-16 13:41:57.310 [info] [pet] Locator Poetry took 96.989µs
2025-10-16 13:41:57.310 [info] [pet] Locator PyEnv took 118.015µs
2025-10-16 13:41:57.310 [info] [pet] Locator Venv took 20.816µs
2025-10-16 13:41:57.310 [info] [pet] Locator VirtualEnv took 21.619µs
2025-10-16 13:41:57.310 [info] [pet] Locator VirtualEnvWrapper took 20.526µs
2025-10-16 13:41:57.310 [info] [pet] Locator GlobalVirtualEnvs took 52.153µs
2025-10-16 13:41:57.310 [info] [pet] Locator Locators took 76.2304ms
2025-10-16 13:41:57.310 [info] [pet] Locator Path took 118.691515ms
2025-10-16 13:41:57.310 [info] [pet] Locator Workspaces took 1.99331ms
2025-10-16 13:41:57.311 [info] getAllExtraSearchPaths completed. Total unique search directories: 0 Paths: []
2025-10-16 13:41:57.311 [info] Pipenv not found
2025-10-16 13:41:57.311 [info] Pipenv not found, turning off pipenv features.
2025-10-16 13:41:57.311 [info] [pet] Telemetry:  {"event":"RefreshPerformance","data":{"refreshPerformance":{"total":118,"breakdown":{"GlobalVirtualEnvs":0,"Locators":76,"Path":118,"Workspaces":1},"locators":{"Conda":76,"Homebrew":0,"LinuxGlobal":70,"PipEnv":0,"Pixi":0,"Poetry":0,"PyEnv":0,"Venv":0,"VirtualEnv":0,"VirtualEnvWrapper":0}}}}
2025-10-16 13:41:57.374 [info] Discovered env: /bin/python
2025-10-16 13:41:57.379 [info] Discovered env: /usr/bin/python
2025-10-16 13:41:57.392 [info] [pet] Env ("/sbin/python") in Path resolved as ResolvedPythonEnv { executable: "/sbin/python", prefix: "/usr", version: "3.13.7.final.0", is64_bit: true, symlinks: Some(["/sbin/python"]) } and reported as Some(GlobalPaths)
2025-10-16 13:41:57.392 [info] Discovered env: /sbin/python
2025-10-16 13:41:57.393 [info] [pet] Env ("/usr/sbin/python") in Path resolved as ResolvedPythonEnv { executable: "/usr/sbin/python", prefix: "/usr", version: "3.13.7.final.0", is64_bit: true, symlinks: Some(["/usr/sbin/python"]) } and reported as Some(GlobalPaths)
2025-10-16 13:41:57.393 [info] Discovered env: /usr/sbin/python
2025-10-16 13:41:57.410 [info] [pet] Env ("/sbin/python3") in Path resolved as ResolvedPythonEnv { executable: "/sbin/python3", prefix: "/usr", version: "3.13.7.final.0", is64_bit: true, symlinks: Some(["/sbin/python3"]) } and reported as Some(GlobalPaths)
2025-10-16 13:41:57.410 [info] Discovered env: /sbin/python3
2025-10-16 13:41:57.416 [info] [pet] Env ("/usr/sbin/python3") in Path resolved as ResolvedPythonEnv { executable: "/usr/sbin/python3", prefix: "/usr", version: "3.13.7.final.0", is64_bit: true, symlinks: Some(["/usr/sbin/python3"]) } and reported as Some(GlobalPaths)
2025-10-16 13:41:57.416 [info] Discovered env: /usr/sbin/python3
2025-10-16 13:41:57.421 [info] [pet] Env ("/sbin/python3.13") in Path resolved as ResolvedPythonEnv { executable: "/sbin/python3.13", prefix: "/usr", version: "3.13.7.final.0", is64_bit: true, symlinks: Some(["/sbin/python3.13"]) } and reported as Some(GlobalPaths)
2025-10-16 13:41:57.421 [info] Discovered env: /sbin/python3.13
2025-10-16 13:41:57.425 [info] [pet] Env ("/usr/sbin/python3.13") in Path resolved as ResolvedPythonEnv { executable: "/usr/sbin/python3.13", prefix: "/usr", version: "3.13.7.final.0", is64_bit: true, symlinks: Some(["/usr/sbin/python3.13"]) } and reported as Some(GlobalPaths)
2025-10-16 13:41:57.425 [info] Discovered env: /usr/sbin/python3.13
2025-10-16 13:41:57.425 [info] [pet] Locator Conda took 70.728323ms
2025-10-16 13:41:57.425 [info] [pet] Locator Homebrew took 173.758µs
2025-10-16 13:41:57.425 [info] [pet] Locator LinuxGlobal took 66.465139ms
2025-10-16 13:41:57.425 [info] [pet] Locator PipEnv took 11.708µs
2025-10-16 13:41:57.425 [info] [pet] Locator Pixi took 32.253µs
2025-10-16 13:41:57.425 [info] [pet] Locator Poetry took 97.892µs
2025-10-16 13:41:57.425 [info] [pet] Locator PyEnv took 110.605µs
2025-10-16 13:41:57.425 [info] [pet] Locator Venv took 19.039µs
2025-10-16 13:41:57.425 [info] [pet] Locator VirtualEnv took 14.6µs
2025-10-16 13:41:57.425 [info] [pet] Locator VirtualEnvWrapper took 24.506µs
2025-10-16 13:41:57.425 [info] [pet] Locator GlobalVirtualEnvs took 56.54µs
2025-10-16 13:41:57.425 [info] [pet] Locator Locators took 70.922993ms
2025-10-16 13:41:57.426 [info] [pet] Locator Path took 113.225745ms
2025-10-16 13:41:57.426 [info] [pet] Locator Workspaces took 1.651856ms
2025-10-16 13:41:57.426 [info] getAllExtraSearchPaths completed. Total unique search directories: 0 Paths: []
2025-10-16 13:41:57.426 [info] Pyenv not found, turning off pyenv features.
2025-10-16 13:41:57.427 [info] [pet] Telemetry:  {"event":"RefreshPerformance","data":{"refreshPerformance":{"total":113,"breakdown":{"GlobalVirtualEnvs":0,"Locators":70,"Path":113,"Workspaces":1},"locators":{"Conda":70,"Homebrew":0,"LinuxGlobal":66,"PipEnv":0,"Pixi":0,"Poetry":0,"PyEnv":0,"Venv":0,"VirtualEnv":0,"VirtualEnvWrapper":0}}}}
2025-10-16 13:41:57.492 [info] Discovered env: /bin/python
2025-10-16 13:41:57.499 [info] Discovered env: /usr/bin/python
2025-10-16 13:41:57.504 [info] [pet] Env ("/usr/sbin/python") in Path resolved as ResolvedPythonEnv { executable: "/usr/sbin/python", prefix: "/usr", version: "3.13.7.final.0", is64_bit: true, symlinks: Some(["/usr/sbin/python"]) } and reported as Some(GlobalPaths)
2025-10-16 13:41:57.504 [info] Discovered env: /usr/sbin/python
2025-10-16 13:41:57.510 [info] [pet] Env ("/sbin/python") in Path resolved as ResolvedPythonEnv { executable: "/sbin/python", prefix: "/usr", version: "3.13.7.final.0", is64_bit: true, symlinks: Some(["/sbin/python"]) } and reported as Some(GlobalPaths)
2025-10-16 13:41:57.510 [info] Discovered env: /sbin/python
2025-10-16 13:41:57.520 [info] [pet] Env ("/usr/sbin/python3") in Path resolved as ResolvedPythonEnv { executable: "/usr/sbin/python3", prefix: "/usr", version: "3.13.7.final.0", is64_bit: true, symlinks: Some(["/usr/sbin/python3"]) } and reported as Some(GlobalPaths)
2025-10-16 13:41:57.520 [info] Discovered env: /usr/sbin/python3
2025-10-16 13:41:57.527 [info] [pet] Env ("/sbin/python3") in Path resolved as ResolvedPythonEnv { executable: "/sbin/python3", prefix: "/usr", version: "3.13.7.final.0", is64_bit: true, symlinks: Some(["/sbin/python3"]) } and reported as Some(GlobalPaths)
2025-10-16 13:41:57.527 [info] Discovered env: /sbin/python3
2025-10-16 13:41:57.541 [info] [pet] Env ("/usr/sbin/python3.13") in Path resolved as ResolvedPythonEnv { executable: "/usr/sbin/python3.13", prefix: "/usr", version: "3.13.7.final.0", is64_bit: true, symlinks: Some(["/usr/sbin/python3.13"]) } and reported as Some(GlobalPaths)
2025-10-16 13:41:57.542 [info] Discovered env: /usr/sbin/python3.13
2025-10-16 13:41:57.543 [info] [pet] Env ("/sbin/python3.13") in Path resolved as ResolvedPythonEnv { executable: "/sbin/python3.13", prefix: "/usr", version: "3.13.7.final.0", is64_bit: true, symlinks: Some(["/sbin/python3.13"]) } and reported as Some(GlobalPaths)
2025-10-16 13:41:57.543 [info] Discovered env: /sbin/python3.13
2025-10-16 13:41:57.546 [info] [pet] Locator Conda took 69.670401ms
2025-10-16 13:41:57.551 [info] [pet] Locator Homebrew took 53.862µs
2025-10-16 13:41:57.551 [info] [pet] Locator LinuxGlobal took 70.736338ms
2025-10-16 13:41:57.551 [info] [pet] Locator PipEnv took 24.503µs
2025-10-16 13:41:57.551 [info] [pet] Locator Pixi took 26.985µs
2025-10-16 13:41:57.551 [info] [pet] Locator Poetry took 149.353µs
2025-10-16 13:41:57.551 [info] [pet] Locator PyEnv took 268.933µs
2025-10-16 13:41:57.551 [info] [pet] Locator Venv took 16.898µs
2025-10-16 13:41:57.552 [info] [pet] Locator VirtualEnv took 15.88µs
2025-10-16 13:41:57.552 [info] [pet] Locator VirtualEnvWrapper took 18.622µs
2025-10-16 13:41:57.552 [info] [pet] Locator GlobalVirtualEnvs took 96.794µs
2025-10-16 13:41:57.552 [info] [pet] Locator Locators took 72.261906ms
2025-10-16 13:41:57.552 [info] [pet] Locator Path took 119.169904ms
2025-10-16 13:41:57.552 [info] [pet] Locator Workspaces took 4.564449ms
2025-10-16 13:41:57.552 [info] getAllExtraSearchPaths completed. Total unique search directories: 0 Paths: []
2025-10-16 13:41:57.553 [info] Poetry not found, turning off poetry features.
2025-10-16 13:41:57.553 [info] [resolveDefaultInterpreter] User configured defaultInterpreterPath: undefined and defaultEnvManager: undefined
2025-10-16 13:41:57.556 [info] [pet] Telemetry:  {"event":"RefreshPerformance","data":{"refreshPerformance":{"total":119,"breakdown":{"GlobalVirtualEnvs":0,"Locators":72,"Path":119,"Workspaces":4},"locators":{"Conda":69,"Homebrew":0,"LinuxGlobal":70,"PipEnv":0,"Pixi":0,"Poetry":0,"PyEnv":0,"Venv":0,"VirtualEnv":0,"VirtualEnvWrapper":0}}}}
2025-10-16 13:41:57.634 [info] Discovered env: /bin/python
2025-10-16 13:41:57.639 [info] Discovered env: /usr/bin/python
2025-10-16 13:41:57.648 [info] [pet] Env ("/usr/sbin/python") in Path resolved as ResolvedPythonEnv { executable: "/usr/sbin/python", prefix: "/usr", version: "3.13.7.final.0", is64_bit: true, symlinks: Some(["/usr/sbin/python"]) } and reported as Some(GlobalPaths)
2025-10-16 13:41:57.648 [info] Discovered env: /usr/sbin/python
2025-10-16 13:41:57.651 [info] [pet] Env ("/sbin/python") in Path resolved as ResolvedPythonEnv { executable: "/sbin/python", prefix: "/usr", version: "3.13.7.final.0", is64_bit: true, symlinks: Some(["/sbin/python"]) } and reported as Some(GlobalPaths)
2025-10-16 13:41:57.651 [info] Discovered env: /sbin/python
2025-10-16 13:41:57.662 [info] [pet] Env ("/usr/sbin/python3") in Path resolved as ResolvedPythonEnv { executable: "/usr/sbin/python3", prefix: "/usr", version: "3.13.7.final.0", is64_bit: true, symlinks: Some(["/usr/sbin/python3"]) } and reported as Some(GlobalPaths)
2025-10-16 13:41:57.663 [info] Discovered env: /usr/sbin/python3
2025-10-16 13:41:57.670 [info] [pet] Env ("/sbin/python3") in Path resolved as ResolvedPythonEnv { executable: "/sbin/python3", prefix: "/usr", version: "3.13.7.final.0", is64_bit: true, symlinks: Some(["/sbin/python3"]) } and reported as Some(GlobalPaths)
2025-10-16 13:41:57.671 [info] Discovered env: /sbin/python3
2025-10-16 13:41:57.679 [info] [pet] Env ("/usr/sbin/python3.13") in Path resolved as ResolvedPythonEnv { executable: "/usr/sbin/python3.13", prefix: "/usr", version: "3.13.7.final.0", is64_bit: true, symlinks: Some(["/usr/sbin/python3.13"]) } and reported as Some(GlobalPaths)
2025-10-16 13:41:57.679 [info] Discovered env: /usr/sbin/python3.13
2025-10-16 13:41:57.683 [info] [pet] Env ("/sbin/python3.13") in Path resolved as ResolvedPythonEnv { executable: "/sbin/python3.13", prefix: "/usr", version: "3.13.7.final.0", is64_bit: true, symlinks: Some(["/sbin/python3.13"]) } and reported as Some(GlobalPaths)
2025-10-16 13:41:57.683 [info] Discovered env: /sbin/python3.13
2025-10-16 13:41:57.683 [info] [pet] Locator Conda took 74.397587ms
2025-10-16 13:41:57.683 [info] [pet] Locator Homebrew took 57.807µs
2025-10-16 13:41:57.683 [info] [pet] Locator LinuxGlobal took 78.696049ms
2025-10-16 13:41:57.683 [info] [pet] Locator PipEnv took 16.029µs
2025-10-16 13:41:57.683 [info] [pet] Locator Pixi took 21.522µs
2025-10-16 13:41:57.683 [info] [pet] Locator Poetry took 99.638µs
2025-10-16 13:41:57.683 [info] [pet] Locator PyEnv took 148.755µs
2025-10-16 13:41:57.683 [info] [pet] Locator Venv took 22.244µs
2025-10-16 13:41:57.683 [info] [pet] Locator VirtualEnv took 54.269µs
2025-10-16 13:41:57.683 [info] [pet] Locator VirtualEnvWrapper took 160.972µs
2025-10-16 13:41:57.683 [info] [pet] Locator GlobalVirtualEnvs took 65.039µs
2025-10-16 13:41:57.683 [info] [pet] Locator Locators took 82.555377ms
2025-10-16 13:41:57.683 [info] [pet] Locator Path took 126.092334ms
2025-10-16 13:41:57.683 [info] [pet] Locator Workspaces took 5.821769ms
2025-10-16 13:41:57.745 [info] Python API: Changed environment from undefined to Python 3.13.7 for: /home/user/repos
2025-10-16 13:41:57.745 [info] Internal: Changed environment from undefined to Python 3.13.7 for: /home/user/repos
2025-10-16 13:41:57.746 [info] [pet] Telemetry:  {"event":"RefreshPerformance","data":{"refreshPerformance":{"total":126,"breakdown":{"GlobalVirtualEnvs":0,"Locators":82,"Path":126,"Workspaces":5},"locators":{"Conda":74,"Homebrew":0,"LinuxGlobal":78,"PipEnv":0,"Pixi":0,"Poetry":0,"PyEnv":0,"Venv":0,"VirtualEnv":0,"VirtualEnvWrapper":0}}}}
2025-10-16 13:42:03.536 [info] getAllExtraSearchPaths completed. Total unique search directories: 0 Paths: []
2025-10-16 13:42:03.569 [info] Resolved Python Environment /bin/python
2025-10-16 13:42:03.570 [info] getAllExtraSearchPaths completed. Total unique search directories: 0 Paths: []
2025-10-16 13:42:03.579 [info] Resolved Python Environment /bin/python
2025-10-16 13:42:05.061 [info] getAllExtraSearchPaths completed. Total unique search directories: 0 Paths: []
2025-10-16 13:42:05.069 [info] Resolved Python Environment /bin/python
2025-10-16 13:42:05.069 [info] getAllExtraSearchPaths completed. Total unique search directories: 0 Paths: []
2025-10-16 13:42:05.078 [info] Resolved Python Environment /bin/python
2025-10-16 13:55:58.501 [info] getAllExtraSearchPaths completed. Total unique search directories: 0 Paths: []
2025-10-16 13:55:58.511 [info] Resolved Python Environment /bin/python
2025-10-16 13:55:58.511 [info] getAllExtraSearchPaths completed. Total unique search directories: 0 Paths: []
2025-10-16 13:55:58.520 [info] Resolved Python Environment /bin/python
2025-10-16 13:56:03.713 [info] getAllExtraSearchPaths completed. Total unique search directories: 0 Paths: []
2025-10-16 13:56:03.747 [info] Resolved Python Environment /bin/python
2025-10-16 13:56:03.748 [info] getAllExtraSearchPaths completed. Total unique search directories: 0 Paths: []
2025-10-16 13:56:03.757 [info] Resolved Python Environment /bin/python
2025-10-16 13:56:07.903 [info] getAllExtraSearchPaths completed. Total unique search directories: 0 Paths: []
2025-10-16 13:56:07.939 [info] Resolved Python Environment /bin/python
2025-10-16 13:56:07.939 [info] getAllExtraSearchPaths completed. Total unique search directories: 0 Paths: []
2025-10-16 13:56:07.947 [info] Resolved Python Environment /bin/python
2025-10-16 13:56:16.686 [info] getAllExtraSearchPaths completed. Total unique search directories: 0 Paths: []
2025-10-16 13:56:16.694 [info] Resolved Python Environment /bin/python
2025-10-16 13:56:16.694 [info] getAllExtraSearchPaths completed. Total unique search directories: 0 Paths: []
2025-10-16 13:56:16.701 [info] Resolved Python Environment /bin/python
2025-10-16 13:56:29.757 [info] getAllExtraSearchPaths completed. Total unique search directories: 0 Paths: []
2025-10-16 13:56:29.793 [info] Resolved Python Environment /bin/python
2025-10-16 13:56:29.793 [info] getAllExtraSearchPaths completed. Total unique search directories: 0 Paths: []
2025-10-16 13:56:29.814 [info] Resolved Python Environment /bin/python
2025-10-16 13:56:32.144 [info] getAllExtraSearchPaths completed. Total unique search directories: 0 Paths: []
2025-10-16 13:56:32.153 [info] Resolved Python Environment /bin/python
2025-10-16 13:56:32.153 [info] getAllExtraSearchPaths completed. Total unique search directories: 0 Paths: []
2025-10-16 13:56:32.161 [info] Resolved Python Environment /bin/python
2025-10-16 14:07:31.423 [info] getAllExtraSearchPaths completed. Total unique search directories: 0 Paths: []
2025-10-16 14:07:31.433 [info] Resolved Python Environment /bin/python
2025-10-16 14:07:31.434 [info] getAllExtraSearchPaths completed. Total unique search directories: 0 Paths: []
2025-10-16 14:07:31.442 [info] Resolved Python Environment /bin/python
2025-10-16 14:07:35.677 [info] getAllExtraSearchPaths completed. Total unique search directories: 0 Paths: []
2025-10-16 14:07:35.737 [info] Discovered env: /usr/bin/python
2025-10-16 14:07:35.739 [info] Discovered env: /bin/python
2025-10-16 14:07:35.749 [info] [pet] Env ("/sbin/python") in Path resolved as ResolvedPythonEnv { executable: "/sbin/python", prefix: "/usr", version: "3.13.7.final.0", is64_bit: true, symlinks: Some(["/sbin/python"]) } and reported as Some(GlobalPaths)
2025-10-16 14:07:35.749 [info] Discovered env: /sbin/python
2025-10-16 14:07:35.752 [info] [pet] Env ("/usr/sbin/python") in Path resolved as ResolvedPythonEnv { executable: "/usr/sbin/python", prefix: "/usr", version: "3.13.7.final.0", is64_bit: true, symlinks: Some(["/usr/sbin/python"]) } and reported as Some(GlobalPaths)
2025-10-16 14:07:35.752 [info] Discovered env: /usr/sbin/python
2025-10-16 14:07:35.762 [info] [pet] Env ("/sbin/python3") in Path resolved as ResolvedPythonEnv { executable: "/sbin/python3", prefix: "/usr", version: "3.13.7.final.0", is64_bit: true, symlinks: Some(["/sbin/python3"]) } and reported as Some(GlobalPaths)
2025-10-16 14:07:35.762 [info] Discovered env: /sbin/python3
2025-10-16 14:07:35.770 [info] [pet] Env ("/usr/sbin/python3") in Path resolved as ResolvedPythonEnv { executable: "/usr/sbin/python3", prefix: "/usr", version: "3.13.7.final.0", is64_bit: true, symlinks: Some(["/usr/sbin/python3"]) } and reported as Some(GlobalPaths)
2025-10-16 14:07:35.770 [info] Discovered env: /usr/sbin/python3
2025-10-16 14:07:35.779 [info] [pet] Env ("/sbin/python3.13") in Path resolved as ResolvedPythonEnv { executable: "/sbin/python3.13", prefix: "/usr", version: "3.13.7.final.0", is64_bit: true, symlinks: Some(["/sbin/python3.13"]) } and reported as Some(GlobalPaths)
2025-10-16 14:07:35.779 [info] Discovered env: /sbin/python3.13
2025-10-16 14:07:35.783 [info] [pet] Env ("/usr/sbin/python3.13") in Path resolved as ResolvedPythonEnv { executable: "/usr/sbin/python3.13", prefix: "/usr", version: "3.13.7.final.0", is64_bit: true, symlinks: Some(["/usr/sbin/python3.13"]) } and reported as Some(GlobalPaths)
2025-10-16 14:07:35.783 [info] Discovered env: /usr/sbin/python3.13
2025-10-16 14:07:35.784 [info] [pet] Locator Conda took 69.708436ms
2025-10-16 14:07:35.785 [info] [pet] Locator Homebrew took 113.661µs
2025-10-16 14:07:35.785 [info] [pet] Locator LinuxGlobal took 59.035396ms
2025-10-16 14:07:35.785 [info] [pet] Locator PipEnv took 24.697µs
2025-10-16 14:07:35.785 [info] [pet] Locator Pixi took 86.079µs
2025-10-16 14:07:35.785 [info] [pet] Locator Poetry took 154.085µs
2025-10-16 14:07:35.785 [info] [pet] Locator PyEnv took 232.964µs
2025-10-16 14:07:35.785 [info] [pet] Locator Venv took 17.392µs
2025-10-16 14:07:35.785 [info] [pet] Locator VirtualEnv took 18.327µs
2025-10-16 14:07:35.785 [info] [pet] Locator VirtualEnvWrapper took 22.267µs
2025-10-16 14:07:35.785 [info] [pet] Locator GlobalVirtualEnvs took 169.764µs
2025-10-16 14:07:35.785 [info] [pet] Locator Locators took 70.124641ms
2025-10-16 14:07:35.785 [info] [pet] Locator Path took 105.521212ms
2025-10-16 14:07:35.785 [info] [pet] Locator Workspaces took 6.562933ms
2025-10-16 14:07:35.786 [info] [pet] Telemetry:  {"event":"RefreshPerformance","data":{"refreshPerformance":{"total":105,"breakdown":{"GlobalVirtualEnvs":0,"Locators":70,"Path":105,"Workspaces":6},"locators":{"Conda":69,"Homebrew":0,"LinuxGlobal":59,"PipEnv":0,"Pixi":0,"Poetry":0,"PyEnv":0,"Venv":0,"VirtualEnv":0,"VirtualEnvWrapper":0}}}}
2025-10-16 14:13:23.481 [info] getAllExtraSearchPaths completed. Total unique search directories: 0 Paths: []
2025-10-16 14:13:23.489 [info] Resolved Python Environment /bin/python
2025-10-16 14:13:23.490 [info] getAllExtraSearchPaths completed. Total unique search directories: 0 Paths: []
2025-10-16 14:13:23.498 [info] Resolved Python Environment /bin/python
2025-10-16 14:15:03.693 [info] getAllExtraSearchPaths completed. Total unique search directories: 0 Paths: []
2025-10-16 14:15:03.702 [info] Resolved Python Environment /bin/python
2025-10-16 14:15:03.702 [info] getAllExtraSearchPaths completed. Total unique search directories: 0 Paths: []
2025-10-16 14:15:03.712 [info] Resolved Python Environment /bin/python
2025-10-16 14:15:10.095 [info] getAllExtraSearchPaths completed. Total unique search directories: 0 Paths: []
2025-10-16 14:15:10.119 [info] Resolved Python Environment /bin/python
2025-10-16 14:15:10.120 [info] getAllExtraSearchPaths completed. Total unique search directories: 0 Paths: []
2025-10-16 14:15:10.141 [info] Resolved Python Environment /bin/python
2025-10-16 14:15:23.675 [info] getAllExtraSearchPaths completed. Total unique search directories: 0 Paths: []
2025-10-16 14:15:23.684 [info] Resolved Python Environment /bin/python
2025-10-16 14:15:23.685 [info] getAllExtraSearchPaths completed. Total unique search directories: 0 Paths: []
2025-10-16 14:15:23.714 [info] Resolved Python Environment /bin/python
2025-10-16 14:15:25.240 [info] getAllExtraSearchPaths completed. Total unique search directories: 0 Paths: []
2025-10-16 14:15:25.248 [info] Resolved Python Environment /bin/python
2025-10-16 14:15:25.248 [info] getAllExtraSearchPaths completed. Total unique search directories: 0 Paths: []
2025-10-16 14:15:25.256 [info] Resolved Python Environment /bin/python
2025-10-16 14:18:34.876 [info] getAllExtraSearchPaths completed. Total unique search directories: 0 Paths: []
2025-10-16 14:18:34.886 [info] Resolved Python Environment /bin/python
2025-10-16 14:18:34.886 [info] getAllExtraSearchPaths completed. Total unique search directories: 0 Paths: []
2025-10-16 14:18:34.894 [info] Resolved Python Environment /bin/python
2025-10-16 14:19:36.553 [info] getAllExtraSearchPaths completed. Total unique search directories: 0 Paths: []
2025-10-16 14:19:36.562 [info] Resolved Python Environment /bin/python
2025-10-16 14:19:36.562 [info] getAllExtraSearchPaths completed. Total unique search directories: 0 Paths: []
2025-10-16 14:19:36.569 [info] Resolved Python Environment /bin/python
2025-10-16 14:28:03.441 [info] Python API: Changed environment from undefined to Python 3.13.7 for: global
2025-10-16 14:28:03.441 [info] Internal: Changed environment from undefined to Python 3.13.7 for: global
2025-10-16 14:28:07.217 [info] getAllExtraSearchPaths completed. Total unique search directories: 0 Paths: []
2025-10-16 14:28:07.227 [info] Resolved Python Environment /bin/python
2025-10-16 14:28:07.227 [info] getAllExtraSearchPaths completed. Total unique search directories: 0 Paths: []
2025-10-16 14:28:07.237 [info] Resolved Python Environment /bin/python
2025-10-16 14:28:07.503 [info] getAllExtraSearchPaths completed. Total unique search directories: 0 Paths: []
2025-10-16 14:28:07.517 [info] Resolved Python Environment /bin/python
2025-10-16 14:28:07.517 [info] getAllExtraSearchPaths completed. Total unique search directories: 0 Paths: []
2025-10-16 14:28:07.526 [info] Resolved Python Environment /bin/python
2025-10-16 14:28:07.551 [info] getAllExtraSearchPaths completed. Total unique search directories: 0 Paths: []
2025-10-16 14:28:07.560 [info] Resolved Python Environment /bin/python
2025-10-16 14:28:07.561 [info] getAllExtraSearchPaths completed. Total unique search directories: 0 Paths: []
2025-10-16 14:28:07.568 [info] Resolved Python Environment /bin/python
2025-10-16 14:43:54.797 [info] getAllExtraSearchPaths completed. Total unique search directories: 0 Paths: []
2025-10-16 14:43:54.806 [info] Resolved Python Environment /bin/python
2025-10-16 14:43:54.806 [info] getAllExtraSearchPaths completed. Total unique search directories: 0 Paths: []
2025-10-16 14:43:54.814 [info] Resolved Python Environment /bin/python
2025-10-16 14:59:07.593 [info] getAllExtraSearchPaths completed. Total unique search directories: 0 Paths: []
2025-10-16 14:59:07.602 [info] Resolved Python Environment /bin/python
2025-10-16 14:59:07.603 [info] getAllExtraSearchPaths completed. Total unique search directories: 0 Paths: []
2025-10-16 14:59:07.610 [info] Resolved Python Environment /bin/python
2025-10-16 15:09:52.285 [info] getAllExtraSearchPaths completed. Total unique search directories: 0 Paths: []
2025-10-16 15:09:52.294 [info] Resolved Python Environment /bin/python
2025-10-16 15:09:52.294 [info] getAllExtraSearchPaths completed. Total unique search directories: 0 Paths: []
2025-10-16 15:09:52.303 [info] Resolved Python Environment /bin/python
2025-10-16 15:10:23.330 [info] getAllExtraSearchPaths completed. Total unique search directories: 0 Paths: []
2025-10-16 15:10:23.366 [info] Resolved Python Environment /bin/python
2025-10-16 15:10:23.366 [info] getAllExtraSearchPaths completed. Total unique search directories: 0 Paths: []
2025-10-16 15:10:23.374 [info] Resolved Python Environment /bin/python
2025-10-16 15:10:33.800 [info] getAllExtraSearchPaths completed. Total unique search directories: 0 Paths: []
2025-10-16 15:10:33.839 [info] Resolved Python Environment /bin/python
2025-10-16 15:10:33.839 [info] getAllExtraSearchPaths completed. Total unique search directories: 0 Paths: []
2025-10-16 15:10:33.853 [info] Resolved Python Environment /bin/python
2025-10-16 15:10:35.606 [info] getAllExtraSearchPaths completed. Total unique search directories: 0 Paths: []
2025-10-16 15:10:35.613 [info] Resolved Python Environment /bin/python
2025-10-16 15:10:35.614 [info] getAllExtraSearchPaths completed. Total unique search directories: 0 Paths: []
2025-10-16 15:10:35.621 [info] Resolved Python Environment /bin/python
2025-10-16 15:10:40.431 [info] getAllExtraSearchPaths completed. Total unique search directories: 0 Paths: []
2025-10-16 15:10:40.443 [info] Resolved Python Environment /bin/python
2025-10-16 15:10:40.443 [info] getAllExtraSearchPaths completed. Total unique search directories: 0 Paths: []
2025-10-16 15:10:40.452 [info] Resolved Python Environment /bin/python
2025-10-16 15:10:51.967 [info] getAllExtraSearchPaths completed. Total unique search directories: 0 Paths: []
2025-10-16 15:10:51.977 [info] Resolved Python Environment /bin/python
2025-10-16 15:10:51.977 [info] getAllExtraSearchPaths completed. Total unique search directories: 0 Paths: []
2025-10-16 15:10:51.984 [info] Resolved Python Environment /bin/python
