2025-10-15 19:11:45.804 [info] Reading sessions from keychain...
2025-10-15 19:11:45.804 [info] Getting sessions for all scopes...
2025-10-15 19:11:45.804 [info] Got 0 sessions for ...
2025-10-15 19:11:45.804 [info] Getting sessions for all scopes...
2025-10-15 19:11:45.804 [info] Got 0 sessions for ...
2025-10-15 19:11:45.804 [info] Getting sessions for all scopes...
2025-10-15 19:11:45.804 [info] Got 0 sessions for ...
2025-10-15 19:11:45.804 [info] Getting sessions for all scopes...
2025-10-15 19:11:45.804 [info] Got 0 sessions for ...
2025-10-15 19:11:45.804 [info] Getting sessions for all scopes...
2025-10-15 19:11:45.804 [info] Got 0 sessions for ...
2025-10-15 19:11:45.804 [info] Getting sessions for all scopes...
2025-10-15 19:11:45.804 [info] Got 0 sessions for ...
2025-10-15 19:11:45.804 [info] Getting sessions for all scopes...
2025-10-15 19:11:45.804 [info] Got 0 sessions for ...
2025-10-15 19:11:45.804 [info] Getting sessions for all scopes...
2025-10-15 19:11:45.804 [info] Got 0 sessions for ...
2025-10-15 19:11:45.804 [info] Getting sessions for all scopes...
2025-10-15 19:11:45.804 [info] Got 0 sessions for ...
2025-10-15 19:11:45.804 [info] Getting sessions for all scopes...
2025-10-15 19:11:45.804 [info] Got 0 sessions for ...
2025-10-15 19:11:45.804 [info] Getting sessions for all scopes...
2025-10-15 19:11:45.804 [info] Got 0 sessions for ...
2025-10-15 19:11:45.804 [info] Getting sessions for all scopes...
2025-10-15 19:11:45.804 [info] Got 0 sessions for ...
2025-10-15 19:11:45.804 [info] Getting sessions for all scopes...
2025-10-15 19:11:45.804 [info] Got 0 sessions for ...
2025-10-15 19:11:45.830 [info] Getting sessions for all scopes...
2025-10-15 19:11:45.831 [info] Got 0 sessions for ...
2025-10-15 19:11:46.219 [info] Getting sessions for all scopes...
2025-10-15 19:11:46.219 [info] Got 0 sessions for ...
2025-10-15 19:11:47.425 [info] Getting sessions for all scopes...
2025-10-15 19:11:47.425 [info] Got 0 sessions for ...
2025-10-15 19:11:47.426 [info] Getting sessions for all scopes...
2025-10-15 19:11:47.426 [info] Got 0 sessions for ...
2025-10-15 19:11:47.435 [info] Getting sessions for all scopes...
2025-10-15 19:11:47.435 [info] Got 0 sessions for ...
2025-10-15 19:11:48.347 [info] Getting sessions for read:user,repo,user:email,workflow...
2025-10-15 19:11:48.348 [info] Got 0 sessions for read:user,repo,user:email,workflow...
2025-10-15 19:11:48.415 [info] Getting sessions for read:user,repo,user:email,workflow...
2025-10-15 19:11:48.415 [info] Got 0 sessions for read:user,repo,user:email,workflow...
2025-10-15 19:11:48.453 [info] Getting sessions for read:user,repo,user:email,workflow...
2025-10-15 19:11:48.453 [info] Got 0 sessions for read:user,repo,user:email,workflow...
2025-10-15 19:11:48.478 [info] Getting sessions for read:user,repo,user:email,workflow...
2025-10-15 19:11:48.478 [info] Got 0 sessions for read:user,repo,user:email,workflow...
2025-10-15 19:11:58.440 [info] Logging in with google,  'any' account...
2025-10-15 19:11:58.440 [info] Logging in for the following scopes: user:email
2025-10-15 19:11:58.511 [info] Trying with local server... (user:email)
2025-10-15 19:12:09.643 [info] Exchanging code for token...
2025-10-15 19:12:10.036 [info] Token exchange success!
2025-10-15 19:12:10.037 [info] Getting user info...
2025-10-15 19:12:10.386 [info] Got account info!
2025-10-15 19:12:10.387 [info] Storing 1 sessions...
2025-10-15 19:12:10.821 [info] FetcherService: Electron fetch failed with status: 429 
2025-10-15 19:12:11.295 [info] FetcherService: Node fetch failed with status: 429 Too Many Requests
2025-10-15 19:12:11.716 [info] FetcherService: Node http/s failed with status: 429 Too Many Requests
2025-10-15 19:12:31.201 [info] Reading sessions from keychain...
2025-10-15 19:12:31.201 [info] Stored 1 sessions!
2025-10-15 19:12:31.201 [info] Login success!
2025-10-15 19:12:31.202 [info] Getting sessions for all scopes...
2025-10-15 19:12:31.205 [info] Got stored sessions!
2025-10-15 19:12:31.205 [info] Got 1 verified sessions.
2025-10-15 19:12:31.205 [info] Got 1 sessions for ...
2025-10-15 19:12:31.205 [info] Getting sessions for all scopes...
2025-10-15 19:12:31.205 [info] Got 1 sessions for ...
2025-10-15 19:12:31.206 [info] Getting sessions for all scopes...
2025-10-15 19:12:31.206 [info] Got 1 sessions for ...
2025-10-15 19:12:31.207 [info] Getting sessions for read:user,repo,user:email,workflow...
2025-10-15 19:12:31.207 [info] Got 0 sessions for read:user,repo,user:email,workflow...
2025-10-15 19:12:31.209 [info] Getting sessions for read:user,repo,user:email,workflow...
2025-10-15 19:12:31.209 [info] Got 0 sessions for read:user,repo,user:email,workflow...
2025-10-15 19:12:31.210 [info] Getting sessions for read:user,repo,user:email,workflow...
2025-10-15 19:12:31.210 [info] Got 0 sessions for read:user,repo,user:email,workflow...
2025-10-15 19:12:31.211 [info] Getting sessions for read:user,repo,user:email,workflow...
2025-10-15 19:12:31.211 [info] Got 0 sessions for read:user,repo,user:email,workflow...
2025-10-15 19:12:39.192 [info] Getting sessions for all scopes...
2025-10-15 19:12:39.192 [info] Got 1 sessions for ...
2025-10-15 19:12:39.192 [info] Getting sessions for all scopes...
2025-10-15 19:12:39.192 [info] Got 1 sessions for ...
2025-10-15 19:12:39.477 [info] Getting sessions for read:user,repo,user:email,workflow...
2025-10-15 19:12:39.478 [info] Got 0 sessions for read:user,repo,user:email,workflow...
2025-10-15 19:12:39.799 [info] Getting sessions for all scopes...
2025-10-15 19:12:39.799 [info] Got 1 sessions for ...
2025-10-15 19:12:39.814 [info] Getting sessions for all scopes...
2025-10-15 19:12:39.814 [info] Got 1 sessions for ...
2025-10-15 19:12:39.814 [info] Getting sessions for read:user,repo,user:email,workflow...
2025-10-15 19:12:39.814 [info] Got 0 sessions for read:user,repo,user:email,workflow...
2025-10-15 19:12:39.913 [info] Getting sessions for user:email...
2025-10-15 19:12:39.913 [info] Got 1 sessions for user:email...
2025-10-15 19:12:39.913 [info] Getting sessions for read:user,repo,user:email,workflow...
2025-10-15 19:12:39.913 [info] Got 0 sessions for read:user,repo,user:email,workflow...
2025-10-15 19:12:39.929 [info] Getting sessions for all scopes...
2025-10-15 19:12:39.929 [info] Got 1 sessions for ...
2025-10-15 19:12:39.960 [info] Getting sessions for all scopes...
2025-10-15 19:12:39.960 [info] Got 1 sessions for ...
2025-10-15 19:12:39.962 [info] Getting sessions for read:user...
2025-10-15 19:12:39.962 [info] Got 0 sessions for read:user...
2025-10-15 19:12:39.992 [info] Getting sessions for read:user,repo,user:email,workflow...
2025-10-15 19:12:39.992 [info] Got 0 sessions for read:user,repo,user:email,workflow...
2025-10-15 19:12:39.997 [info] Getting sessions for user:email...
2025-10-15 19:12:39.997 [info] Got 1 sessions for user:email...
2025-10-15 19:12:40.140 [info] Getting sessions for user:email...
2025-10-15 19:12:40.140 [info] Got 1 sessions for user:email...
2025-10-15 19:13:27.960 [info] Logging in with google,  'any' account...
2025-10-15 19:13:27.960 [info] Logging in for the following scopes: user:email
2025-10-15 19:13:27.961 [info] Trying with local server... (user:email)
2025-10-15 19:13:33.024 [info] Exchanging code for token...
2025-10-15 19:13:33.351 [info] Token exchange success!
2025-10-15 19:13:33.352 [info] Getting user info...
2025-10-15 19:13:33.715 [info] Got account info!
2025-10-15 19:13:33.715 [info] Storing 1 sessions...
2025-10-15 19:13:33.717 [info] Reading sessions from keychain...
2025-10-15 19:13:33.718 [info] Stored 1 sessions!
2025-10-15 19:13:33.718 [info] Login success!
2025-10-15 19:13:33.719 [info] Getting sessions for all scopes...
2025-10-15 19:13:33.721 [info] Got stored sessions!
2025-10-15 19:13:33.721 [info] Got 1 verified sessions.
2025-10-15 19:13:33.721 [info] Got 1 sessions for ...
2025-10-15 19:13:33.723 [info] Getting sessions for all scopes...
2025-10-15 19:13:33.723 [info] Got 1 sessions for ...
2025-10-15 19:13:33.723 [info] Getting sessions for all scopes...
2025-10-15 19:13:33.723 [info] Got 1 sessions for ...
2025-10-15 19:13:33.724 [info] Getting sessions for all scopes...
2025-10-15 19:13:33.724 [info] Got 1 sessions for ...
2025-10-15 19:13:33.724 [info] Getting sessions for read:user,repo,user:email,workflow...
2025-10-15 19:13:33.724 [info] Got 0 sessions for read:user,repo,user:email,workflow...
2025-10-15 19:13:33.725 [info] Getting sessions for read:user,repo,user:email,workflow...
2025-10-15 19:13:33.725 [info] Got 0 sessions for read:user,repo,user:email,workflow...
2025-10-15 19:13:33.726 [info] Getting sessions for read:user,repo,user:email,workflow...
2025-10-15 19:13:33.726 [info] Got 0 sessions for read:user,repo,user:email,workflow...
2025-10-15 19:13:33.726 [info] Getting sessions for read:user,repo,user:email,workflow...
2025-10-15 19:13:33.726 [info] Got 0 sessions for read:user,repo,user:email,workflow...
2025-10-15 19:13:33.726 [info] Getting sessions for read:user...
2025-10-15 19:13:33.726 [info] Got 0 sessions for read:user...
2025-10-15 19:13:33.727 [info] Getting sessions for user:email...
2025-10-15 19:13:33.727 [info] Got 1 sessions for user:email...
2025-10-15 19:13:33.727 [info] Getting sessions for read:user,repo,user:email,workflow...
2025-10-15 19:13:33.727 [info] Got 0 sessions for read:user,repo,user:email,workflow...
2025-10-15 19:13:33.728 [info] Getting sessions for read:user,repo,user:email,workflow...
2025-10-15 19:13:33.728 [info] Got 0 sessions for read:user,repo,user:email,workflow...
2025-10-15 19:13:33.728 [info] Getting sessions for user:email...
2025-10-15 19:13:33.728 [info] Got 1 sessions for user:email...
2025-10-15 19:13:33.734 [info] Getting sessions for all scopes...
2025-10-15 19:13:33.734 [info] Got 1 sessions for ...
2025-10-15 19:13:33.735 [info] Getting sessions for read:user,repo,user:email,workflow...
2025-10-15 19:13:33.735 [info] Got 0 sessions for read:user,repo,user:email,workflow...
2025-10-15 19:13:33.736 [info] Getting sessions for read:user,repo,user:email,workflow...
2025-10-15 19:13:33.736 [info] Got 0 sessions for read:user,repo,user:email,workflow...
2025-10-15 19:13:33.737 [info] Getting sessions for user:email...
2025-10-15 19:13:33.737 [info] Got 1 sessions for user:email...
2025-10-15 19:13:34.382 [info] Getting sessions for read:user,repo,user:email,workflow...
2025-10-15 19:13:34.382 [info] Got 0 sessions for read:user,repo,user:email,workflow...
2025-10-15 19:13:34.383 [info] Getting sessions for read:user...
2025-10-15 19:13:34.383 [info] Got 0 sessions for read:user...
2025-10-15 19:13:34.389 [info] Getting sessions for user:email...
2025-10-15 19:13:34.389 [info] Got 1 sessions for user:email...
2025-10-15 19:13:34.390 [info] Getting sessions for read:user,repo,user:email,workflow...
2025-10-15 19:13:34.390 [info] Got 0 sessions for read:user,repo,user:email,workflow...
2025-10-15 19:13:34.391 [info] Getting sessions for read:user...
2025-10-15 19:13:34.391 [info] Got 0 sessions for read:user...
2025-10-15 19:13:34.392 [info] Getting sessions for user:email...
2025-10-15 19:13:34.392 [info] Got 1 sessions for user:email...
2025-10-15 19:14:44.513 [info] Getting sessions for all scopes...
2025-10-15 19:14:44.513 [info] Got 1 sessions for ...
2025-10-15 19:14:46.838 [info] Getting sessions for all scopes...
2025-10-15 19:14:46.838 [info] Got 1 sessions for ...
