2025-11-14 23:20:21.949 [info] [main] Log level: Info
2025-11-14 23:20:21.949 [info] [main] Validating found git in: "git"
2025-11-14 23:20:21.949 [info] [main] Using git "2.51.2" from "git"
2025-11-14 23:20:21.949 [info] [Model][doInitialScan] Initial repository scan started
2025-11-14 23:20:21.949 [info] > git rev-parse --show-toplevel [17ms]
2025-11-14 23:20:21.949 [info] fatal: not a git repository (or any parent up to mount point /)
Stopping at filesystem boundary (GIT_DISCOVERY_ACROSS_FILESYSTEM not set).
2025-11-14 23:20:21.949 [info] > git rev-parse --show-toplevel [3ms]
2025-11-14 23:20:21.956 [info] > git rev-parse --git-dir --git-common-dir --show-superproject-working-tree [2033ms]
2025-11-14 23:20:21.971 [info] [Model][openRepository] Opened repository (path): /home/user/repos/weather_predictor
2025-11-14 23:20:21.971 [info] [Model][openRepository] Opened repository (real path): /home/user/repos/weather_predictor
2025-11-14 23:20:21.971 [info] [Model][openRepository] Opened repository (kind): repository
2025-11-14 23:20:22.158 [info] > git config --get commit.template [127ms]
2025-11-14 23:20:22.335 [info] > git rev-parse --show-toplevel [161ms]
2025-11-14 23:20:22.335 [info] fatal: not a git repository (or any parent up to mount point /)
Stopping at filesystem boundary (GIT_DISCOVERY_ACROSS_FILESYSTEM not set).
2025-11-14 23:20:22.391 [info] > git for-each-ref --format=%(refname)%00%(upstream:short)%00%(objectname)%00%(upstream:track)%00%(upstream:remotename)%00%(upstream:remoteref) refs/heads/main refs/remotes/main [202ms]
2025-11-14 23:20:22.704 [info] > git status -z -uall [307ms]
2025-11-14 23:20:22.704 [info] > git for-each-ref --sort -committerdate --format %(refname)%00%(objectname)%00%(*objectname) [298ms]
2025-11-14 23:20:22.732 [info] > git rev-parse --show-toplevel [342ms]
2025-11-14 23:20:22.732 [info] fatal: not a git repository (or any parent up to mount point /)
Stopping at filesystem boundary (GIT_DISCOVERY_ACROSS_FILESYSTEM not set).
2025-11-14 23:20:22.762 [info] > git check-ignore -v -z --stdin [21ms]
2025-11-14 23:20:22.762 [info] > git for-each-ref --format=%(refname)%00%(upstream:short)%00%(objectname)%00%(upstream:track)%00%(upstream:remotename)%00%(upstream:remoteref) refs/heads/main refs/remotes/main [32ms]
2025-11-14 23:20:22.850 [info] > git config --get --local branch.main.vscode-merge-base [77ms]
2025-11-14 23:20:22.850 [warning] [Git][config] git config failed: Failed to execute git
2025-11-14 23:20:22.857 [info] > git rev-parse --show-toplevel [97ms]
2025-11-14 23:20:22.858 [info] > git config --get commit.template [103ms]
2025-11-14 23:20:22.868 [info] > git reflog main --grep-reflog=branch: Created from *. [11ms]
2025-11-14 23:20:22.884 [info] > git rev-parse --git-dir --git-common-dir --show-superproject-working-tree [16ms]
2025-11-14 23:20:22.889 [info] [Model][openRepository] Opened repository (path): /home/user/repos/my_test
2025-11-14 23:20:22.889 [info] [Model][openRepository] Opened repository (real path): /home/user/repos/my_test
2025-11-14 23:20:22.889 [info] [Model][openRepository] Opened repository (kind): repository
2025-11-14 23:20:22.908 [info] > git for-each-ref --format=%(refname)%00%(upstream:short)%00%(objectname)%00%(upstream:track)%00%(upstream:remotename)%00%(upstream:remoteref) refs/heads/main refs/remotes/main [25ms]
2025-11-14 23:20:22.922 [info] > git reflog HEAD --grep-reflog=checkout: moving from .* to main [46ms]
2025-11-14 23:20:22.940 [info] > git status -z -uall [25ms]
2025-11-14 23:20:22.940 [info] > git for-each-ref --format=%(refname)%00%(upstream:short)%00%(objectname)%00%(upstream:track)%00%(upstream:remotename)%00%(upstream:remoteref) refs/heads/dev refs/remotes/dev [11ms]
2025-11-14 23:20:22.949 [info] > git for-each-ref --sort -committerdate --format %(refname)%00%(objectname)%00%(*objectname) [27ms]
2025-11-14 23:20:22.953 [info] > git rev-parse --show-toplevel [46ms]
2025-11-14 23:20:22.953 [info] > git config --get commit.template [53ms]
2025-11-14 23:20:22.966 [info] > git symbolic-ref --short refs/remotes/origin/HEAD [17ms]
2025-11-14 23:20:22.966 [info] fatal: ref refs/remotes/origin/HEAD is not a symbolic ref
2025-11-14 23:20:22.966 [warning] [Repository][getDefaultBranch] Failed to get default branch details: Failed to execute git.
2025-11-14 23:20:22.978 [info] > git rev-parse --git-dir --git-common-dir --show-superproject-working-tree [13ms]
2025-11-14 23:20:22.982 [info] [Model][openRepository] Opened repository (path): /home/user/repos/test_repository
2025-11-14 23:20:22.982 [info] [Model][openRepository] Opened repository (real path): /home/user/repos/test_repository
2025-11-14 23:20:22.982 [info] [Model][openRepository] Opened repository (kind): repository
2025-11-14 23:20:23.023 [info] > git for-each-ref --format=%(refname)%00%(upstream:short)%00%(objectname)%00%(upstream:track)%00%(upstream:remotename)%00%(upstream:remoteref) refs/heads/main refs/remotes/main [47ms]
2025-11-14 23:20:23.087 [info] > git status -z -uall [58ms]
2025-11-14 23:20:23.087 [info] > git for-each-ref --sort -committerdate --format %(refname)%00%(objectname)%00%(*objectname) [51ms]
2025-11-14 23:20:23.099 [info] > git rev-parse --show-toplevel [77ms]
2025-11-14 23:20:23.099 [info] fatal: not a git repository (or any parent up to mount point /)
Stopping at filesystem boundary (GIT_DISCOVERY_ACROSS_FILESYSTEM not set).
2025-11-14 23:20:23.099 [info] > git config --get commit.template [85ms]
2025-11-14 23:20:23.438 [info] > git for-each-ref --format=%(refname)%00%(upstream:short)%00%(objectname)%00%(upstream:track)%00%(upstream:remotename)%00%(upstream:remoteref) refs/heads/main refs/remotes/main [341ms]
2025-11-14 23:20:23.605 [info] > git config --get --local branch.main.vscode-merge-base [159ms]
2025-11-14 23:20:23.614 [info] > git rev-parse --show-toplevel [180ms]
2025-11-14 23:20:23.614 [info] fatal: not a git repository (or any parent up to mount point /)
Stopping at filesystem boundary (GIT_DISCOVERY_ACROSS_FILESYSTEM not set).
2025-11-14 23:20:23.614 [info] > git config --get commit.template [188ms]
2025-11-14 23:20:23.680 [info] > git check-ignore -v -z --stdin [57ms]
2025-11-14 23:20:23.680 [info] > git for-each-ref --format=%(refname)%00%(upstream:short)%00%(objectname)%00%(upstream:track)%00%(upstream:remotename)%00%(upstream:remoteref) refs/heads/origin/main refs/remotes/origin/main [66ms]
2025-11-14 23:20:23.681 [info] > git for-each-ref --format=%(refname)%00%(upstream:short)%00%(objectname)%00%(upstream:track)%00%(upstream:remotename)%00%(upstream:remoteref) refs/heads/main refs/remotes/main [223ms]
2025-11-14 23:20:23.699 [warning] [Git][revParse] Unable to read file: ENOENT: no such file or directory, open '/home/user/repos/test_repository/.git/refs/remotes/origin/main'
2025-11-14 23:20:23.706 [info] > git rev-parse --show-toplevel [74ms]
2025-11-14 23:20:23.853 [info] > git rev-parse refs/remotes/origin/main [154ms]
2025-11-14 23:20:23.870 [info] > git for-each-ref --format=%(refname)%00%(upstream:short)%00%(objectname)%00%(upstream:track)%00%(upstream:remotename)%00%(upstream:remoteref) refs/heads/main refs/remotes/main [178ms]
2025-11-14 23:20:23.955 [info] > git status -z -uall [94ms]
2025-11-14 23:20:23.955 [info] > git status -z -uall [77ms]
2025-11-14 23:20:23.955 [info] > git for-each-ref --sort -committerdate --format %(refname)%00%(objectname)%00%(*objectname) [68ms]
2025-11-14 23:20:23.958 [info] > git for-each-ref --sort -committerdate --format %(refname)%00%(objectname)%00%(*objectname) [88ms]
2025-11-14 23:20:23.971 [info] > git rev-parse --git-dir --git-common-dir --show-superproject-working-tree [256ms]
2025-11-14 23:20:23.975 [info] [Model][openRepository] Opened repository (path): /home/user/repos/xss-shop
2025-11-14 23:20:23.975 [info] [Model][openRepository] Opened repository (real path): /home/user/repos/xss-shop
2025-11-14 23:20:23.975 [info] [Model][openRepository] Opened repository (kind): repository
2025-11-14 23:20:23.978 [info] [Model][doInitialScan] Initial repository scan completed - repositories (4), closed repositories (0), parent repositories (0), unsafe repositories (0)
2025-11-14 23:20:24.024 [info] > git show --textconv :main.py [37ms]
2025-11-14 23:20:24.025 [info] > git ls-files --stage -- main.py [28ms]
2025-11-14 23:20:24.034 [info] > git for-each-ref --format=%(refname)%00%(upstream:short)%00%(objectname)%00%(upstream:track)%00%(upstream:remotename)%00%(upstream:remoteref) refs/heads/main refs/remotes/main [64ms]
2025-11-14 23:20:24.046 [info] > git config --get --local branch.main.vscode-merge-base [4ms]
2025-11-14 23:20:24.055 [info] > git cat-file -s 646f542997518dc883ede2491b884a47f33d5b65 [22ms]
2025-11-14 23:20:24.055 [info] > git rev-parse --show-toplevel [31ms]
2025-11-14 23:20:24.055 [info] fatal: not a git repository (or any parent up to mount point /)
Stopping at filesystem boundary (GIT_DISCOVERY_ACROSS_FILESYSTEM not set).
2025-11-14 23:20:24.055 [info] > git config --get commit.template [39ms]
2025-11-14 23:20:24.055 [info] > git config --get commit.template [48ms]
2025-11-14 23:20:24.059 [info] > git for-each-ref --format=%(refname)%00%(upstream:short)%00%(objectname)%00%(upstream:track)%00%(upstream:remotename)%00%(upstream:remoteref) refs/heads/origin/main refs/remotes/origin/main [5ms]
2025-11-14 23:20:24.109 [info] > git merge-base refs/heads/main refs/remotes/origin/main [40ms]
2025-11-14 23:20:24.201 [info] > git diff --name-status -z --diff-filter=ADMR --find-renames=50% c5711b66ad5e152a05fb6fbbd78abe531e7248e2...refs/remotes/origin/main -- [79ms]
2025-11-14 23:20:24.202 [info] > git for-each-ref --format=%(refname)%00%(upstream:short)%00%(objectname)%00%(upstream:track)%00%(upstream:remotename)%00%(upstream:remoteref) refs/heads/master refs/remotes/master [93ms]
2025-11-14 23:20:24.202 [info] > git for-each-ref --format=%(refname)%00%(upstream:short)%00%(objectname)%00%(upstream:track)%00%(upstream:remotename)%00%(upstream:remoteref) refs/heads/main refs/remotes/main [117ms]
2025-11-14 23:20:24.213 [warning] [Git][revParse] Unable to read file: ENOENT: no such file or directory, open '/home/user/repos/xss-shop/.git/refs/remotes/origin/master'
2025-11-14 23:20:24.221 [warning] [Git][revParse] Unable to read file: ENOENT: no such file or directory, open '/home/user/repos/test_repository/.git/refs/remotes/origin/main'
2025-11-14 23:20:24.343 [info] > git rev-parse refs/remotes/origin/main [122ms]
2025-11-14 23:20:24.359 [info] > git rev-parse refs/remotes/origin/master [147ms]
2025-11-14 23:20:24.389 [info] > git status -z -uall [38ms]
2025-11-14 23:20:24.389 [info] > git status -z -uall [22ms]
2025-11-14 23:20:24.391 [info] > git for-each-ref --sort -committerdate --format %(refname)%00%(objectname)%00%(*objectname) [32ms]
2025-11-14 23:20:24.394 [info] > git for-each-ref --sort -committerdate --format %(refname)%00%(objectname)%00%(*objectname) [18ms]
2025-11-14 23:20:24.418 [info] > git for-each-ref --format=%(refname)%00%(upstream:short)%00%(objectname)%00%(upstream:track)%00%(upstream:remotename)%00%(upstream:remoteref) refs/heads/master refs/remotes/master [12ms]
2025-11-14 23:20:24.438 [info] > git config --get --local branch.master.vscode-merge-base [12ms]
2025-11-14 23:20:24.446 [info] > git config --get commit.template [30ms]
2025-11-14 23:20:24.452 [info] > git blame --root --incremental 54d75361c5cd2f6833392423400ba4ee8f189c22 -- main.py [15ms]
2025-11-14 23:20:24.470 [info] > git for-each-ref --format=%(refname)%00%(upstream:short)%00%(objectname)%00%(upstream:track)%00%(upstream:remotename)%00%(upstream:remoteref) refs/heads/origin/master refs/remotes/origin/master [24ms]
2025-11-14 23:20:24.482 [info] > git merge-base refs/heads/master refs/remotes/origin/master [3ms]
2025-11-14 23:20:24.491 [info] > git for-each-ref --format=%(refname)%00%(upstream:short)%00%(objectname)%00%(upstream:track)%00%(upstream:remotename)%00%(upstream:remoteref) refs/heads/master refs/remotes/master [21ms]
2025-11-14 23:20:24.499 [warning] [Git][revParse] Unable to read file: ENOENT: no such file or directory, open '/home/user/repos/xss-shop/.git/refs/remotes/origin/master'
2025-11-14 23:20:24.499 [info] > git diff --name-status -z --diff-filter=ADMR --find-renames=50% 9d8d421c8527678bba71e07749d36202b94cac0f...refs/remotes/origin/master -- [9ms]
2025-11-14 23:20:24.501 [info] > git rev-parse refs/remotes/origin/master [2ms]
2025-11-14 23:20:24.517 [info] > git status -z -uall [9ms]
2025-11-14 23:20:24.518 [info] > git for-each-ref --sort -committerdate --format %(refname)%00%(objectname)%00%(*objectname) [2ms]
2025-11-14 23:20:24.595 [info] > git check-ignore -v -z --stdin [25ms]
2025-11-14 23:20:24.595 [info] > git check-ignore -v -z --stdin [4ms]
2025-11-14 23:24:04.869 [info] > git config --get commit.template [12ms]
2025-11-14 23:24:04.870 [info] > git for-each-ref --format=%(refname)%00%(upstream:short)%00%(objectname)%00%(upstream:track)%00%(upstream:remotename)%00%(upstream:remoteref) refs/heads/main refs/remotes/main [1ms]
2025-11-14 23:24:04.891 [info] > git status -z -uall [11ms]
2025-11-14 23:24:04.892 [info] > git for-each-ref --sort -committerdate --format %(refname)%00%(objectname)%00%(*objectname) [1ms]
2025-11-14 23:38:18.765 [info] > git config --get commit.template [13ms]
2025-11-14 23:38:18.765 [info] > git for-each-ref --format=%(refname)%00%(upstream:short)%00%(objectname)%00%(upstream:track)%00%(upstream:remotename)%00%(upstream:remoteref) refs/heads/main refs/remotes/main [3ms]
2025-11-14 23:38:18.789 [info] > git status -z -uall [14ms]
2025-11-14 23:38:18.791 [info] > git for-each-ref --sort -committerdate --format %(refname)%00%(objectname)%00%(*objectname) [3ms]
2025-11-14 23:39:21.444 [info] > git config --get commit.template [2ms]
2025-11-14 23:39:21.459 [info] > git for-each-ref --format=%(refname)%00%(upstream:short)%00%(objectname)%00%(upstream:track)%00%(upstream:remotename)%00%(upstream:remoteref) refs/heads/main refs/remotes/main [2ms]
2025-11-14 23:39:21.481 [info] > git status -z -uall [11ms]
2025-11-14 23:39:21.483 [info] > git for-each-ref --sort -committerdate --format %(refname)%00%(objectname)%00%(*objectname) [2ms]
2025-11-14 23:48:03.076 [info] > git show --textconv :back/assistant/assistant.py [23ms]
2025-11-14 23:48:03.081 [info] > git ls-files --stage -- back/assistant/assistant.py [6ms]
2025-11-14 23:48:03.095 [info] > git cat-file -s 16e1db7f84d93718eb8f6aa2c5dbcc2cf002422f [1ms]
2025-11-14 23:48:03.142 [info] > git blame --root --incremental 54d75361c5cd2f6833392423400ba4ee8f189c22 -- back/assistant/assistant.py [7ms]
2025-11-14 23:50:48.955 [info] > git config --get commit.template [7ms]
2025-11-14 23:50:48.956 [info] > git for-each-ref --format=%(refname)%00%(upstream:short)%00%(objectname)%00%(upstream:track)%00%(upstream:remotename)%00%(upstream:remoteref) refs/heads/main refs/remotes/main [1ms]
2025-11-14 23:50:48.971 [info] > git status -z -uall [8ms]
2025-11-14 23:50:48.972 [info] > git for-each-ref --sort -committerdate --format %(refname)%00%(objectname)%00%(*objectname) [2ms]
2025-11-14 23:50:53.987 [info] > git config --get commit.template [7ms]
2025-11-14 23:50:53.988 [info] > git for-each-ref --format=%(refname)%00%(upstream:short)%00%(objectname)%00%(upstream:track)%00%(upstream:remotename)%00%(upstream:remoteref) refs/heads/main refs/remotes/main [1ms]
2025-11-14 23:50:54.002 [info] > git status -z -uall [7ms]
2025-11-14 23:50:54.002 [info] > git for-each-ref --sort -committerdate --format %(refname)%00%(objectname)%00%(*objectname) [1ms]
2025-11-14 23:56:41.837 [info] > git config --get commit.template [10ms]
2025-11-14 23:56:41.838 [info] > git for-each-ref --format=%(refname)%00%(upstream:short)%00%(objectname)%00%(upstream:track)%00%(upstream:remotename)%00%(upstream:remoteref) refs/heads/main refs/remotes/main [1ms]
2025-11-14 23:56:41.854 [info] > git status -z -uall [9ms]
2025-11-14 23:56:41.855 [info] > git for-each-ref --sort -committerdate --format %(refname)%00%(objectname)%00%(*objectname) [2ms]
2025-11-14 23:57:32.209 [info] > git config --get commit.template [11ms]
2025-11-14 23:57:32.210 [info] > git for-each-ref --format=%(refname)%00%(upstream:short)%00%(objectname)%00%(upstream:track)%00%(upstream:remotename)%00%(upstream:remoteref) refs/heads/main refs/remotes/main [2ms]
2025-11-14 23:57:32.228 [info] > git status -z -uall [10ms]
2025-11-14 23:57:32.228 [info] > git for-each-ref --sort -committerdate --format %(refname)%00%(objectname)%00%(*objectname) [2ms]
2025-11-14 23:57:47.556 [info] > git config --get commit.template [7ms]
2025-11-14 23:57:47.557 [info] > git for-each-ref --format=%(refname)%00%(upstream:short)%00%(objectname)%00%(upstream:track)%00%(upstream:remotename)%00%(upstream:remoteref) refs/heads/main refs/remotes/main [1ms]
2025-11-14 23:57:47.572 [info] > git status -z -uall [8ms]
2025-11-14 23:57:47.572 [info] > git for-each-ref --sort -committerdate --format %(refname)%00%(objectname)%00%(*objectname) [1ms]
2025-11-15 00:03:49.871 [info] > git show --textconv :back/assistant/docker-compose.yml [8ms]
2025-11-15 00:03:49.872 [info] > git ls-files --stage -- back/assistant/docker-compose.yml [2ms]
2025-11-15 00:03:49.880 [info] > git cat-file -s bb0282093abdf5c262a4b2d2cfbb2e3f9acc5014 [1ms]
2025-11-15 00:03:49.896 [info] > git blame --root --incremental 54d75361c5cd2f6833392423400ba4ee8f189c22 -- back/assistant/docker-compose.yml [2ms]
2025-11-15 00:03:53.817 [info] > git show --textconv :back/assistant/assistant.py [8ms]
2025-11-15 00:03:53.818 [info] > git ls-files --stage -- back/assistant/assistant.py [1ms]
2025-11-15 00:03:53.832 [info] > git cat-file -s 16e1db7f84d93718eb8f6aa2c5dbcc2cf002422f [5ms]
2025-11-15 00:05:31.266 [info] > git show --textconv :main.py [7ms]
2025-11-15 00:05:31.267 [info] > git ls-files --stage -- main.py [2ms]
2025-11-15 00:05:31.275 [info] > git cat-file -s 646f542997518dc883ede2491b884a47f33d5b65 [1ms]
2025-11-15 00:05:37.514 [info] > git config --get commit.template [6ms]
2025-11-15 00:05:37.514 [info] > git for-each-ref --format=%(refname)%00%(upstream:short)%00%(objectname)%00%(upstream:track)%00%(upstream:remotename)%00%(upstream:remoteref) refs/heads/main refs/remotes/main [1ms]
2025-11-15 00:05:37.529 [info] > git status -z -uall [9ms]
2025-11-15 00:05:37.530 [info] > git for-each-ref --sort -committerdate --format %(refname)%00%(objectname)%00%(*objectname) [2ms]
2025-11-15 00:05:58.526 [info] > git show --textconv :back/assistant/assistant.py [9ms]
2025-11-15 00:05:58.527 [info] > git ls-files --stage -- back/assistant/assistant.py [2ms]
2025-11-15 00:05:58.536 [info] > git cat-file -s 16e1db7f84d93718eb8f6aa2c5dbcc2cf002422f [1ms]
2025-11-15 01:23:52.763 [info] > git config --get commit.template [9ms]
2025-11-15 01:23:52.763 [info] > git for-each-ref --format=%(refname)%00%(upstream:short)%00%(objectname)%00%(upstream:track)%00%(upstream:remotename)%00%(upstream:remoteref) refs/heads/main refs/remotes/main [1ms]
2025-11-15 01:23:52.779 [info] > git status -z -uall [8ms]
2025-11-15 01:23:52.779 [info] > git for-each-ref --sort -committerdate --format %(refname)%00%(objectname)%00%(*objectname) [1ms]
2025-11-15 01:24:43.149 [info] > git config --get commit.template [7ms]
2025-11-15 01:24:43.150 [info] > git for-each-ref --format=%(refname)%00%(upstream:short)%00%(objectname)%00%(upstream:track)%00%(upstream:remotename)%00%(upstream:remoteref) refs/heads/main refs/remotes/main [1ms]
2025-11-15 01:24:43.163 [info] > git status -z -uall [7ms]
2025-11-15 01:24:43.164 [info] > git for-each-ref --sort -committerdate --format %(refname)%00%(objectname)%00%(*objectname) [2ms]
2025-11-15 01:28:34.843 [info] > git config --get commit.template [8ms]
2025-11-15 01:28:34.844 [info] > git for-each-ref --format=%(refname)%00%(upstream:short)%00%(objectname)%00%(upstream:track)%00%(upstream:remotename)%00%(upstream:remoteref) refs/heads/main refs/remotes/main [1ms]
2025-11-15 01:28:34.858 [info] > git status -z -uall [7ms]
2025-11-15 01:28:34.859 [info] > git for-each-ref --sort -committerdate --format %(refname)%00%(objectname)%00%(*objectname) [1ms]
2025-11-15 01:28:57.866 [info] > git config --get commit.template [1ms]
2025-11-15 01:28:57.874 [info] > git for-each-ref --format=%(refname)%00%(upstream:short)%00%(objectname)%00%(upstream:track)%00%(upstream:remotename)%00%(upstream:remoteref) refs/heads/main refs/remotes/main [1ms]
2025-11-15 01:28:57.887 [info] > git status -z -uall [7ms]
2025-11-15 01:28:57.888 [info] > git for-each-ref --sort -committerdate --format %(refname)%00%(objectname)%00%(*objectname) [1ms]
2025-11-15 01:29:03.070 [info] > git config --get commit.template [8ms]
2025-11-15 01:29:03.070 [info] > git for-each-ref --format=%(refname)%00%(upstream:short)%00%(objectname)%00%(upstream:track)%00%(upstream:remotename)%00%(upstream:remoteref) refs/heads/main refs/remotes/main [1ms]
2025-11-15 01:29:03.085 [info] > git status -z -uall [8ms]
2025-11-15 01:29:03.087 [info] > git for-each-ref --sort -committerdate --format %(refname)%00%(objectname)%00%(*objectname) [1ms]
2025-11-15 01:29:03.163 [info] > git ls-files --stage -- back/assistant/assistant.py [1ms]
2025-11-15 01:29:03.171 [info] > git cat-file -s 16e1db7f84d93718eb8f6aa2c5dbcc2cf002422f [1ms]
2025-11-15 01:29:03.181 [info] > git show --textconv :back/assistant/assistant.py [1ms]
2025-11-15 01:29:13.328 [info] > git show --textconv :docker-compose.yml [14ms]
2025-11-15 01:29:13.331 [info] > git ls-files --stage -- docker-compose.yml [3ms]
2025-11-15 01:29:13.341 [info] > git cat-file -s 8cd581123665e4ebca5cb4ed805d5b44f4628eec [2ms]
2025-11-15 01:29:13.392 [info] > git blame --root --incremental 54d75361c5cd2f6833392423400ba4ee8f189c22 -- docker-compose.yml [32ms]
2025-11-15 01:29:18.098 [info] > git config --get commit.template [8ms]
2025-11-15 01:29:18.098 [info] > git for-each-ref --format=%(refname)%00%(upstream:short)%00%(objectname)%00%(upstream:track)%00%(upstream:remotename)%00%(upstream:remoteref) refs/heads/main refs/remotes/main [1ms]
2025-11-15 01:29:18.113 [info] > git status -z -uall [8ms]
2025-11-15 01:29:18.114 [info] > git for-each-ref --sort -committerdate --format %(refname)%00%(objectname)%00%(*objectname) [2ms]
2025-11-15 01:29:19.427 [info] > git ls-files --stage -- docker-compose.yml [4ms]
2025-11-15 01:29:19.438 [info] > git cat-file -s 8cd581123665e4ebca5cb4ed805d5b44f4628eec [1ms]
2025-11-15 01:29:19.448 [info] > git show --textconv :docker-compose.yml [1ms]
2025-11-15 01:29:21.346 [info] > git show --textconv :back/assistant/docker-compose.yml [9ms]
2025-11-15 01:29:21.347 [info] > git ls-files --stage -- back/assistant/docker-compose.yml [2ms]
2025-11-15 01:29:21.355 [info] > git cat-file -s bb0282093abdf5c262a4b2d2cfbb2e3f9acc5014 [1ms]
2025-11-15 01:29:23.132 [info] > git config --get commit.template [8ms]
2025-11-15 01:29:23.132 [info] > git for-each-ref --format=%(refname)%00%(upstream:short)%00%(objectname)%00%(upstream:track)%00%(upstream:remotename)%00%(upstream:remoteref) refs/heads/main refs/remotes/main [1ms]
2025-11-15 01:29:23.147 [info] > git status -z -uall [8ms]
2025-11-15 01:29:23.148 [info] > git for-each-ref --sort -committerdate --format %(refname)%00%(objectname)%00%(*objectname) [1ms]
2025-11-15 01:29:28.423 [info] > git config --get commit.template [1ms]
2025-11-15 01:29:28.431 [info] > git for-each-ref --format=%(refname)%00%(upstream:short)%00%(objectname)%00%(upstream:track)%00%(upstream:remotename)%00%(upstream:remoteref) refs/heads/main refs/remotes/main [1ms]
2025-11-15 01:29:28.445 [info] > git status -z -uall [7ms]
2025-11-15 01:29:28.446 [info] > git for-each-ref --sort -committerdate --format %(refname)%00%(objectname)%00%(*objectname) [1ms]
2025-11-15 01:29:35.909 [info] > git config --get commit.template [1ms]
2025-11-15 01:29:35.918 [info] > git for-each-ref --format=%(refname)%00%(upstream:short)%00%(objectname)%00%(upstream:track)%00%(upstream:remotename)%00%(upstream:remoteref) refs/heads/main refs/remotes/main [1ms]
2025-11-15 01:29:35.933 [info] > git status -z -uall [8ms]
2025-11-15 01:29:35.934 [info] > git for-each-ref --sort -committerdate --format %(refname)%00%(objectname)%00%(*objectname) [2ms]
2025-11-15 01:29:36.254 [info] > git show --textconv HEAD:back/assistant/docker-compose.yml [9ms]
2025-11-15 01:29:36.255 [info] > git ls-tree -l HEAD -- back/assistant/docker-compose.yml [2ms]
2025-11-15 01:29:36.972 [info] > git config --get commit.template [1ms]
2025-11-15 01:29:36.980 [info] > git for-each-ref --format=%(refname)%00%(upstream:short)%00%(objectname)%00%(upstream:track)%00%(upstream:remotename)%00%(upstream:remoteref) refs/heads/main refs/remotes/main [1ms]
2025-11-15 01:29:36.995 [info] > git status -z -uall [8ms]
2025-11-15 01:29:36.996 [info] > git for-each-ref --sort -committerdate --format %(refname)%00%(objectname)%00%(*objectname) [2ms]
2025-11-15 01:29:37.073 [info] > git ls-files --stage -- back/assistant/docker-compose.yml [8ms]
2025-11-15 01:29:37.081 [info] > git ls-tree -l HEAD -- back/assistant/docker-compose.yml [8ms]
2025-11-15 01:29:37.082 [info] > git cat-file -s 9d0e91d4af4464fc0a29be5cca948ad83fb4d394 [2ms]
2025-11-15 01:29:37.097 [info] > git show --textconv HEAD:back/assistant/docker-compose.yml [8ms]
2025-11-15 01:29:37.098 [info] > git show --textconv :back/assistant/docker-compose.yml [1ms]
2025-11-15 01:29:51.228 [info] > git config --get commit.template [1ms]
2025-11-15 01:29:51.237 [info] > git for-each-ref --format=%(refname)%00%(upstream:short)%00%(objectname)%00%(upstream:track)%00%(upstream:remotename)%00%(upstream:remoteref) refs/heads/main refs/remotes/main [1ms]
2025-11-15 01:29:51.253 [info] > git status -z -uall [9ms]
2025-11-15 01:29:51.254 [info] > git for-each-ref --sort -committerdate --format %(refname)%00%(objectname)%00%(*objectname) [2ms]
2025-11-15 01:29:51.266 [info] > git blame --root --incremental cc3bac107f10d4544898ee16f45596ded2b859b9 -- back/assistant/docker-compose.yml [3ms]
2025-11-15 01:29:52.295 [info] > git config --get commit.template [8ms]
2025-11-15 01:29:52.296 [info] > git for-each-ref --format=%(refname)%00%(upstream:short)%00%(objectname)%00%(upstream:track)%00%(upstream:remotename)%00%(upstream:remoteref) refs/heads/main refs/remotes/main [1ms]
2025-11-15 01:29:52.309 [info] > git status -z -uall [7ms]
2025-11-15 01:29:52.310 [info] > git for-each-ref --sort -committerdate --format %(refname)%00%(objectname)%00%(*objectname) [1ms]
2025-11-15 01:29:52.389 [info] > git ls-files --stage -- back/assistant/docker-compose.yml [2ms]
2025-11-15 01:29:52.398 [info] > git cat-file -s 9d0e91d4af4464fc0a29be5cca948ad83fb4d394 [1ms]
2025-11-15 01:29:52.407 [info] > git show --textconv :back/assistant/docker-compose.yml [1ms]
2025-11-15 01:29:55.383 [info] > git config --get commit.template [1ms]
2025-11-15 01:29:55.392 [info] > git for-each-ref --format=%(refname)%00%(upstream:short)%00%(objectname)%00%(upstream:track)%00%(upstream:remotename)%00%(upstream:remoteref) refs/heads/main refs/remotes/main [1ms]
2025-11-15 01:29:55.407 [info] > git status -z -uall [7ms]
2025-11-15 01:29:55.408 [info] > git for-each-ref --sort -committerdate --format %(refname)%00%(objectname)%00%(*objectname) [1ms]
2025-11-15 01:30:01.340 [info] > git check-ignore -v -z --stdin [2ms]
2025-11-15 01:31:36.666 [info] > git check-ignore -v -z --stdin [13ms]
2025-11-15 01:31:36.667 [info] > git check-ignore -v -z --stdin [2ms]
2025-11-15 01:34:42.525 [info] > git show --textconv :back/assistant/Dockerfile [9ms]
2025-11-15 01:34:42.526 [info] > git ls-files --stage -- back/assistant/Dockerfile [2ms]
2025-11-15 01:34:42.535 [info] > git cat-file -s 8cbfda9a6a5031eb635dc94f266bf2d4037d7fbd [2ms]
2025-11-15 01:34:42.553 [info] > git blame --root --incremental cc3bac107f10d4544898ee16f45596ded2b859b9 -- back/assistant/Dockerfile [5ms]
2025-11-15 01:34:46.422 [info] > git show --textconv :Dockerfile [9ms]
2025-11-15 01:34:46.423 [info] > git ls-files --stage -- Dockerfile [2ms]
2025-11-15 01:34:46.432 [info] > git cat-file -s 94124daf3233e8c033b0e8b50af4d49f274ae087 [1ms]
2025-11-15 01:34:46.447 [info] > git blame --root --incremental cc3bac107f10d4544898ee16f45596ded2b859b9 -- Dockerfile [3ms]
2025-11-15 01:35:13.048 [info] > git show --textconv :.gitignore [7ms]
2025-11-15 01:35:13.049 [info] > git ls-files --stage -- .gitignore [1ms]
2025-11-15 01:35:13.057 [info] > git cat-file -s 77ee30e4924d35de0f3681bd9b1897d5005d4cab [1ms]
2025-11-15 01:35:13.081 [info] > git blame --root --incremental cc3bac107f10d4544898ee16f45596ded2b859b9 -- .gitignore [11ms]
2025-11-15 01:35:13.518 [info] > git show --textconv :.dockerignore [8ms]
2025-11-15 01:35:13.519 [info] > git ls-files --stage -- .dockerignore [1ms]
2025-11-15 01:35:13.527 [info] > git cat-file -s c9b815a5a684f1383e09a27d080b8af30b47e864 [1ms]
2025-11-15 01:35:14.766 [info] > git blame --root --incremental cc3bac107f10d4544898ee16f45596ded2b859b9 -- .dockerignore [3ms]
2025-11-15 01:35:25.800 [info] > git config --get commit.template [8ms]
2025-11-15 01:35:25.800 [info] > git for-each-ref --format=%(refname)%00%(upstream:short)%00%(objectname)%00%(upstream:track)%00%(upstream:remotename)%00%(upstream:remoteref) refs/heads/main refs/remotes/main [1ms]
2025-11-15 01:35:25.815 [info] > git status -z -uall [8ms]
2025-11-15 01:35:25.816 [info] > git for-each-ref --sort -committerdate --format %(refname)%00%(objectname)%00%(*objectname) [2ms]
2025-11-15 01:35:35.453 [info] > git config --get commit.template [2ms]
2025-11-15 01:35:35.462 [info] > git for-each-ref --format=%(refname)%00%(upstream:short)%00%(objectname)%00%(upstream:track)%00%(upstream:remotename)%00%(upstream:remoteref) refs/heads/main refs/remotes/main [1ms]
2025-11-15 01:35:35.478 [info] > git status -z -uall [8ms]
2025-11-15 01:35:35.479 [info] > git for-each-ref --sort -committerdate --format %(refname)%00%(objectname)%00%(*objectname) [2ms]
2025-11-15 01:35:35.798 [info] > git show --textconv HEAD:.dockerignore [8ms]
2025-11-15 01:35:35.799 [info] > git ls-tree -l HEAD -- .dockerignore [2ms]
2025-11-15 01:35:36.516 [info] > git config --get commit.template [9ms]
2025-11-15 01:35:36.517 [info] > git for-each-ref --format=%(refname)%00%(upstream:short)%00%(objectname)%00%(upstream:track)%00%(upstream:remotename)%00%(upstream:remoteref) refs/heads/main refs/remotes/main [1ms]
2025-11-15 01:35:36.532 [info] > git status -z -uall [7ms]
2025-11-15 01:35:36.533 [info] > git for-each-ref --sort -committerdate --format %(refname)%00%(objectname)%00%(*objectname) [1ms]
2025-11-15 01:35:36.614 [info] > git ls-files --stage -- .dockerignore [7ms]
2025-11-15 01:35:36.620 [info] > git ls-tree -l HEAD -- .dockerignore [7ms]
2025-11-15 01:35:36.621 [info] > git cat-file -s 8334dbb2e814b32a457255598c6ae87630c861e2 [2ms]
2025-11-15 01:35:36.643 [info] > git show --textconv HEAD:.dockerignore [12ms]
2025-11-15 01:35:36.647 [info] > git show --textconv :.dockerignore [3ms]
2025-11-15 01:35:37.745 [info] > git config --get commit.template [1ms]
2025-11-15 01:35:37.754 [info] > git for-each-ref --format=%(refname)%00%(upstream:short)%00%(objectname)%00%(upstream:track)%00%(upstream:remotename)%00%(upstream:remoteref) refs/heads/main refs/remotes/main [1ms]
2025-11-15 01:35:37.768 [info] > git status -z -uall [7ms]
2025-11-15 01:35:37.769 [info] > git for-each-ref --sort -committerdate --format %(refname)%00%(objectname)%00%(*objectname) [1ms]
2025-11-15 01:35:37.785 [info] > git blame --root --incremental 8d2fdeeaa80b590d87c25ab15754a025f4cd4a9c -- .dockerignore [5ms]
2025-11-15 01:35:38.899 [info] > git ls-files --stage -- .dockerignore [1ms]
2025-11-15 01:35:38.906 [info] > git cat-file -s 8334dbb2e814b32a457255598c6ae87630c861e2 [1ms]
2025-11-15 01:35:38.920 [info] > git show --textconv :.dockerignore [1ms]
2025-11-15 01:35:41.552 [info] > git config --get commit.template [9ms]
2025-11-15 01:35:41.552 [info] > git for-each-ref --format=%(refname)%00%(upstream:short)%00%(objectname)%00%(upstream:track)%00%(upstream:remotename)%00%(upstream:remoteref) refs/heads/main refs/remotes/main [1ms]
2025-11-15 01:35:41.568 [info] > git status -z -uall [8ms]
2025-11-15 01:35:41.569 [info] > git for-each-ref --sort -committerdate --format %(refname)%00%(objectname)%00%(*objectname) [1ms]
2025-11-15 01:35:43.112 [info] > git config --get commit.template [1ms]
2025-11-15 01:35:43.122 [info] > git for-each-ref --format=%(refname)%00%(upstream:short)%00%(objectname)%00%(upstream:track)%00%(upstream:remotename)%00%(upstream:remoteref) refs/heads/main refs/remotes/main [2ms]
2025-11-15 01:35:43.136 [info] > git status -z -uall [7ms]
2025-11-15 01:35:43.137 [info] > git for-each-ref --sort -committerdate --format %(refname)%00%(objectname)%00%(*objectname) [2ms]
2025-11-15 01:36:10.162 [info] > git config --get commit.template [1ms]
2025-11-15 01:36:10.172 [info] > git for-each-ref --format=%(refname)%00%(upstream:short)%00%(objectname)%00%(upstream:track)%00%(upstream:remotename)%00%(upstream:remoteref) refs/heads/main refs/remotes/main [1ms]
2025-11-15 01:36:10.189 [info] > git status -z -uall [9ms]
2025-11-15 01:36:10.189 [info] > git for-each-ref --sort -committerdate --format %(refname)%00%(objectname)%00%(*objectname) [1ms]
2025-11-15 01:36:17.233 [info] > git config --get commit.template [1ms]
2025-11-15 01:36:17.242 [info] > git for-each-ref --format=%(refname)%00%(upstream:short)%00%(objectname)%00%(upstream:track)%00%(upstream:remotename)%00%(upstream:remoteref) refs/heads/main refs/remotes/main [2ms]
2025-11-15 01:36:17.257 [info] > git status -z -uall [8ms]
2025-11-15 01:36:17.258 [info] > git for-each-ref --sort -committerdate --format %(refname)%00%(objectname)%00%(*objectname) [2ms]
2025-11-15 01:37:32.314 [info] > git check-ignore -v -z --stdin [1ms]
2025-11-15 01:37:55.910 [info] > git config --get commit.template [8ms]
2025-11-15 01:37:55.911 [info] > git for-each-ref --format=%(refname)%00%(upstream:short)%00%(objectname)%00%(upstream:track)%00%(upstream:remotename)%00%(upstream:remoteref) refs/heads/main refs/remotes/main [2ms]
2025-11-15 01:37:55.927 [info] > git status -z -uall [8ms]
2025-11-15 01:37:55.927 [info] > git for-each-ref --sort -committerdate --format %(refname)%00%(objectname)%00%(*objectname) [1ms]
2025-11-15 01:37:58.329 [info] > git config --get commit.template [1ms]
2025-11-15 01:37:58.339 [info] > git for-each-ref --format=%(refname)%00%(upstream:short)%00%(objectname)%00%(upstream:track)%00%(upstream:remotename)%00%(upstream:remoteref) refs/heads/main refs/remotes/main [2ms]
2025-11-15 01:37:58.356 [info] > git status -z -uall [9ms]
2025-11-15 01:37:58.356 [info] > git for-each-ref --sort -committerdate --format %(refname)%00%(objectname)%00%(*objectname) [1ms]
2025-11-15 01:37:58.675 [info] > git show --textconv HEAD:.dockerignore [9ms]
2025-11-15 01:37:58.676 [info] > git ls-tree -l HEAD -- .dockerignore [1ms]
2025-11-15 01:37:59.505 [info] > git ls-files --stage -- .dockerignore [9ms]
2025-11-15 01:37:59.513 [info] > git ls-tree -l HEAD -- .dockerignore [9ms]
2025-11-15 01:37:59.514 [info] > git cat-file -s 30a0586f2ea277ac24ecfaa645183a3b6efa2f40 [1ms]
2025-11-15 01:37:59.530 [info] > git show --textconv HEAD:.dockerignore [8ms]
2025-11-15 01:37:59.531 [info] > git show --textconv :.dockerignore [1ms]
2025-11-15 01:38:00.954 [info] > git for-each-ref --format=%(refname)%00%(upstream:short)%00%(objectname)%00%(upstream:track)%00%(upstream:remotename)%00%(upstream:remoteref) refs/heads/main refs/remotes/main [5ms]
2025-11-15 01:38:00.954 [info] > git config --get commit.template [15ms]
2025-11-15 01:38:00.975 [info] > git status -z -uall [11ms]
2025-11-15 01:38:00.976 [info] > git for-each-ref --sort -committerdate --format %(refname)%00%(objectname)%00%(*objectname) [3ms]
2025-11-15 01:38:00.999 [info] > git config --get commit.template [3ms]
2025-11-15 01:38:00.999 [info] > git blame --root --incremental faa9375c5abf291c9e554e403a66c4828a1a0eab -- .dockerignore [14ms]
2025-11-15 01:38:01.010 [info] > git for-each-ref --format=%(refname)%00%(upstream:short)%00%(objectname)%00%(upstream:track)%00%(upstream:remotename)%00%(upstream:remoteref) refs/heads/main refs/remotes/main [2ms]
2025-11-15 01:38:01.029 [info] > git status -z -uall [10ms]
2025-11-15 01:38:01.029 [info] > git for-each-ref --sort -committerdate --format %(refname)%00%(objectname)%00%(*objectname) [2ms]
2025-11-15 01:38:02.138 [info] > git ls-files --stage -- .dockerignore [1ms]
2025-11-15 01:38:02.147 [info] > git cat-file -s 30a0586f2ea277ac24ecfaa645183a3b6efa2f40 [1ms]
2025-11-15 01:38:02.157 [info] > git show --textconv :.dockerignore [1ms]
2025-11-15 01:38:05.083 [info] > git config --get commit.template [1ms]
2025-11-15 01:38:05.095 [info] > git for-each-ref --format=%(refname)%00%(upstream:short)%00%(objectname)%00%(upstream:track)%00%(upstream:remotename)%00%(upstream:remoteref) refs/heads/main refs/remotes/main [2ms]
2025-11-15 01:38:05.113 [info] > git status -z -uall [10ms]
2025-11-15 01:38:05.114 [info] > git for-each-ref --sort -committerdate --format %(refname)%00%(objectname)%00%(*objectname) [1ms]
