2025-10-15 20:22:27.726 [info] [main] Log level: Info
2025-10-15 20:22:27.726 [info] [main] Validating found git in: "git"
2025-10-15 20:22:27.726 [info] [main] Using git "2.51.0" from "git"
2025-10-15 20:22:27.726 [info] [Model][doInitialScan] Initial repository scan started
2025-10-15 20:22:27.726 [info] > git rev-parse --show-toplevel [12ms]
2025-10-15 20:22:27.726 [info] fatal: not a git repository (or any parent up to mount point /)
Stopping at filesystem boundary (GIT_DISCOVERY_ACROSS_FILESYSTEM not set).
2025-10-15 20:22:27.726 [info] > git rev-parse --show-toplevel [27ms]
2025-10-15 20:22:27.727 [info] > git rev-parse --git-dir --git-common-dir --show-superproject-working-tree [6ms]
2025-10-15 20:22:27.743 [info] [Model][openRepository] Opened repository (path): /home/user/repos/weather_predictor
2025-10-15 20:22:27.743 [info] [Model][openRepository] Opened repository (real path): /home/user/repos/weather_predictor
2025-10-15 20:22:27.743 [info] [Model][openRepository] Opened repository (kind): repository
2025-10-15 20:22:30.351 [info] > git rev-parse --show-toplevel [2509ms]
2025-10-15 20:22:30.351 [info] fatal: not a git repository (or any parent up to mount point /)
Stopping at filesystem boundary (GIT_DISCOVERY_ACROSS_FILESYSTEM not set).
2025-10-15 20:22:30.352 [info] > git config --get commit.template [2512ms]
2025-10-15 20:22:30.596 [info] > git rev-parse --show-toplevel [121ms]
2025-10-15 20:22:30.596 [info] fatal: not a git repository (or any parent up to mount point /)
Stopping at filesystem boundary (GIT_DISCOVERY_ACROSS_FILESYSTEM not set).
2025-10-15 20:22:30.651 [info] > git for-each-ref --format=%(refname)%00%(upstream:short)%00%(objectname)%00%(upstream:track)%00%(upstream:remotename)%00%(upstream:remoteref) refs/heads/main refs/remotes/main [83ms]
2025-10-15 20:22:30.837 [info] > git status -z -uall [181ms]
2025-10-15 20:22:30.837 [info] > git for-each-ref --sort -committerdate --format %(refname)%00%(objectname)%00%(*objectname) [176ms]
2025-10-15 20:22:30.859 [info] > git rev-parse --show-toplevel [209ms]
2025-10-15 20:22:30.859 [info] fatal: not a git repository (or any parent up to mount point /)
Stopping at filesystem boundary (GIT_DISCOVERY_ACROSS_FILESYSTEM not set).
2025-10-15 20:22:30.872 [info] > git for-each-ref --format=%(refname)%00%(upstream:short)%00%(objectname)%00%(upstream:track)%00%(upstream:remotename)%00%(upstream:remoteref) refs/heads/main refs/remotes/main [15ms]
2025-10-15 20:22:31.181 [info] > git config --get --local branch.main.vscode-merge-base [304ms]
2025-10-15 20:22:31.181 [warning] [Git][config] git config failed: Failed to execute git
2025-10-15 20:22:31.186 [info] > git rev-parse --show-toplevel [315ms]
2025-10-15 20:22:31.186 [info] > git config --get commit.template [318ms]
2025-10-15 20:22:31.212 [info] > git check-ignore -v -z --stdin [20ms]
2025-10-15 20:22:31.213 [info] > git rev-parse --git-dir --git-common-dir --show-superproject-working-tree [10ms]
2025-10-15 20:22:31.218 [info] [Model][openRepository] Opened repository (path): /home/user/repos/my_test
2025-10-15 20:22:31.218 [info] [Model][openRepository] Opened repository (real path): /home/user/repos/my_test
2025-10-15 20:22:31.218 [info] [Model][openRepository] Opened repository (kind): repository
2025-10-15 20:22:31.219 [info] > git reflog main --grep-reflog=branch: Created from *. [34ms]
2025-10-15 20:22:31.238 [info] > git for-each-ref --format=%(refname)%00%(upstream:short)%00%(objectname)%00%(upstream:track)%00%(upstream:remotename)%00%(upstream:remoteref) refs/heads/main refs/remotes/main [27ms]
2025-10-15 20:22:31.254 [info] > git status -z -uall [11ms]
2025-10-15 20:22:31.254 [info] > git for-each-ref --sort -committerdate --format %(refname)%00%(objectname)%00%(*objectname) [5ms]
2025-10-15 20:22:31.256 [info] > git rev-parse --show-toplevel [19ms]
2025-10-15 20:22:31.256 [info] > git config --get commit.template [25ms]
2025-10-15 20:22:31.256 [info] > git reflog HEAD --grep-reflog=checkout: moving from .* to main [31ms]
2025-10-15 20:22:31.272 [info] > git for-each-ref --format=%(refname)%00%(upstream:short)%00%(objectname)%00%(upstream:track)%00%(upstream:remotename)%00%(upstream:remoteref) refs/heads/dev refs/remotes/dev [11ms]
2025-10-15 20:22:31.286 [info] > git symbolic-ref --short refs/remotes/origin/HEAD [8ms]
2025-10-15 20:22:31.286 [info] fatal: ref refs/remotes/origin/HEAD is not a symbolic ref
2025-10-15 20:22:31.286 [warning] [Repository][getDefaultBranch] Failed to get default branch details: Failed to execute git.
2025-10-15 20:22:31.287 [info] > git rev-parse --git-dir --git-common-dir --show-superproject-working-tree [15ms]
2025-10-15 20:22:31.291 [info] [Model][openRepository] Opened repository (path): /home/user/repos/test_repository
2025-10-15 20:22:31.291 [info] [Model][openRepository] Opened repository (real path): /home/user/repos/test_repository
2025-10-15 20:22:31.291 [info] [Model][openRepository] Opened repository (kind): repository
2025-10-15 20:22:31.304 [info] > git for-each-ref --format=%(refname)%00%(upstream:short)%00%(objectname)%00%(upstream:track)%00%(upstream:remotename)%00%(upstream:remoteref) refs/heads/main refs/remotes/main [18ms]
2025-10-15 20:22:31.319 [info] > git status -z -uall [10ms]
2025-10-15 20:22:31.319 [info] > git for-each-ref --sort -committerdate --format %(refname)%00%(objectname)%00%(*objectname) [5ms]
2025-10-15 20:22:31.328 [info] > git rev-parse --show-toplevel [25ms]
2025-10-15 20:22:31.328 [info] fatal: not a git repository (or any parent up to mount point /)
Stopping at filesystem boundary (GIT_DISCOVERY_ACROSS_FILESYSTEM not set).
2025-10-15 20:22:31.328 [info] > git config --get commit.template [30ms]
2025-10-15 20:22:31.346 [info] > git for-each-ref --format=%(refname)%00%(upstream:short)%00%(objectname)%00%(upstream:track)%00%(upstream:remotename)%00%(upstream:remoteref) refs/heads/main refs/remotes/main [19ms]
2025-10-15 20:22:31.360 [info] > git config --get --local branch.main.vscode-merge-base [9ms]
2025-10-15 20:22:31.365 [info] > git rev-parse --show-toplevel [20ms]
2025-10-15 20:22:31.365 [info] fatal: not a git repository (or any parent up to mount point /)
Stopping at filesystem boundary (GIT_DISCOVERY_ACROSS_FILESYSTEM not set).
2025-10-15 20:22:31.366 [info] > git config --get commit.template [25ms]
2025-10-15 20:22:31.404 [info] > git for-each-ref --format=%(refname)%00%(upstream:short)%00%(objectname)%00%(upstream:track)%00%(upstream:remotename)%00%(upstream:remoteref) refs/heads/origin/main refs/remotes/origin/main [39ms]
2025-10-15 20:22:31.405 [info] > git for-each-ref --format=%(refname)%00%(upstream:short)%00%(objectname)%00%(upstream:track)%00%(upstream:remotename)%00%(upstream:remoteref) refs/heads/main refs/remotes/main [46ms]
2025-10-15 20:22:31.467 [warning] [Git][revParse] Unable to read file: ENOENT: no such file or directory, open '/home/user/repos/test_repository/.git/refs/remotes/origin/main'
2025-10-15 20:22:31.467 [info] > git rev-parse --show-toplevel [65ms]
2025-10-15 20:22:31.476 [info] > git rev-parse refs/remotes/origin/main [9ms]
2025-10-15 20:22:31.486 [info] > git for-each-ref --format=%(refname)%00%(upstream:short)%00%(objectname)%00%(upstream:track)%00%(upstream:remotename)%00%(upstream:remoteref) refs/heads/main refs/remotes/main [24ms]
2025-10-15 20:22:31.500 [info] > git status -z -uall [20ms]
2025-10-15 20:22:31.500 [info] > git status -z -uall [9ms]
2025-10-15 20:22:31.501 [info] > git for-each-ref --sort -committerdate --format %(refname)%00%(objectname)%00%(*objectname) [5ms]
2025-10-15 20:22:31.503 [info] > git for-each-ref --sort -committerdate --format %(refname)%00%(objectname)%00%(*objectname) [17ms]
2025-10-15 20:22:31.513 [info] > git rev-parse --git-dir --git-common-dir --show-superproject-working-tree [38ms]
2025-10-15 20:22:31.516 [info] [Model][openRepository] Opened repository (path): /home/user/repos/xss-shop
2025-10-15 20:22:31.516 [info] [Model][openRepository] Opened repository (real path): /home/user/repos/xss-shop
2025-10-15 20:22:31.516 [info] [Model][openRepository] Opened repository (kind): repository
2025-10-15 20:22:31.518 [info] [Model][doInitialScan] Initial repository scan completed - repositories (4), closed repositories (0), parent repositories (0), unsafe repositories (0)
2025-10-15 20:22:31.574 [info] > git show --textconv :main.py [49ms]
2025-10-15 20:22:31.575 [info] > git ls-files --stage -- main.py [44ms]
2025-10-15 20:22:31.581 [info] > git for-each-ref --format=%(refname)%00%(upstream:short)%00%(objectname)%00%(upstream:track)%00%(upstream:remotename)%00%(upstream:remoteref) refs/heads/main refs/remotes/main [70ms]
2025-10-15 20:22:31.590 [info] > git config --get --local branch.main.vscode-merge-base [4ms]
2025-10-15 20:22:31.596 [info] > git cat-file -s b03bdd2e1234498cea311b081f638f10153e0a04 [16ms]
2025-10-15 20:22:31.596 [info] > git rev-parse --show-toplevel [47ms]
2025-10-15 20:22:31.597 [info] fatal: not a git repository (or any parent up to mount point /)
Stopping at filesystem boundary (GIT_DISCOVERY_ACROSS_FILESYSTEM not set).
2025-10-15 20:22:31.597 [info] > git config --get commit.template [54ms]
2025-10-15 20:22:31.597 [info] > git config --get commit.template [59ms]
2025-10-15 20:22:31.609 [info] > git for-each-ref --format=%(refname)%00%(upstream:short)%00%(objectname)%00%(upstream:track)%00%(upstream:remotename)%00%(upstream:remoteref) refs/heads/origin/main refs/remotes/origin/main [13ms]
2025-10-15 20:22:31.634 [info] > git merge-base refs/heads/main refs/remotes/origin/main [18ms]
2025-10-15 20:22:31.640 [info] > git rev-parse --show-toplevel [32ms]
2025-10-15 20:22:31.640 [info] fatal: not a git repository (or any parent up to mount point /)
Stopping at filesystem boundary (GIT_DISCOVERY_ACROSS_FILESYSTEM not set).
2025-10-15 20:22:31.643 [info] > git diff --name-status -z --diff-filter=ADMR c5711b66ad5e152a05fb6fbbd78abe531e7248e2...refs/remotes/origin/main [3ms]
2025-10-15 20:22:31.644 [info] > git for-each-ref --format=%(refname)%00%(upstream:short)%00%(objectname)%00%(upstream:track)%00%(upstream:remotename)%00%(upstream:remoteref) refs/heads/master refs/remotes/master [11ms]
2025-10-15 20:22:31.644 [info] > git for-each-ref --format=%(refname)%00%(upstream:short)%00%(objectname)%00%(upstream:track)%00%(upstream:remotename)%00%(upstream:remoteref) refs/heads/main refs/remotes/main [18ms]
2025-10-15 20:22:31.649 [warning] [Git][revParse] Unable to read file: ENOENT: no such file or directory, open '/home/user/repos/xss-shop/.git/refs/remotes/origin/master'
2025-10-15 20:22:31.653 [warning] [Git][revParse] Unable to read file: ENOENT: no such file or directory, open '/home/user/repos/test_repository/.git/refs/remotes/origin/main'
2025-10-15 20:22:31.783 [info] > git rev-parse refs/remotes/origin/main [129ms]
2025-10-15 20:22:31.793 [info] > git rev-parse refs/remotes/origin/master [144ms]
2025-10-15 20:22:31.806 [info] > git status -z -uall [19ms]
2025-10-15 20:22:31.806 [info] > git status -z -uall [8ms]
2025-10-15 20:22:31.806 [info] > git for-each-ref --sort -committerdate --format %(refname)%00%(objectname)%00%(*objectname) [13ms]
2025-10-15 20:22:31.810 [info] > git for-each-ref --sort -committerdate --format %(refname)%00%(objectname)%00%(*objectname) [6ms]
2025-10-15 20:22:31.830 [info] > git for-each-ref --format=%(refname)%00%(upstream:short)%00%(objectname)%00%(upstream:track)%00%(upstream:remotename)%00%(upstream:remoteref) refs/heads/master refs/remotes/master [9ms]
2025-10-15 20:22:31.845 [info] > git config --get --local branch.master.vscode-merge-base [10ms]
2025-10-15 20:22:31.851 [info] > git config --get commit.template [22ms]
2025-10-15 20:22:31.860 [info] > git for-each-ref --format=%(refname)%00%(upstream:short)%00%(objectname)%00%(upstream:track)%00%(upstream:remotename)%00%(upstream:remoteref) refs/heads/origin/master refs/remotes/origin/master [10ms]
2025-10-15 20:22:31.868 [info] > git for-each-ref --format=%(refname)%00%(upstream:short)%00%(objectname)%00%(upstream:track)%00%(upstream:remotename)%00%(upstream:remoteref) refs/heads/master refs/remotes/master [9ms]
2025-10-15 20:22:31.874 [warning] [Git][revParse] Unable to read file: ENOENT: no such file or directory, open '/home/user/repos/xss-shop/.git/refs/remotes/origin/master'
2025-10-15 20:22:31.875 [info] > git merge-base refs/heads/master refs/remotes/origin/master [8ms]
2025-10-15 20:22:31.882 [info] > git blame --root --incremental 73408e3aabe1d422e3efacf7342f0a17c26e03ea -- main.py [38ms]
2025-10-15 20:22:31.897 [info] > git diff --name-status -z --diff-filter=ADMR 9d8d421c8527678bba71e07749d36202b94cac0f...refs/remotes/origin/master [16ms]
2025-10-15 20:22:31.898 [info] > git rev-parse refs/remotes/origin/master [24ms]
2025-10-15 20:22:31.914 [info] > git status -z -uall [10ms]
2025-10-15 20:22:31.914 [info] > git for-each-ref --sort -committerdate --format %(refname)%00%(objectname)%00%(*objectname) [5ms]
2025-10-15 20:22:32.141 [info] > git check-ignore -v -z --stdin [32ms]
2025-10-15 20:22:32.142 [info] > git check-ignore -v -z --stdin [25ms]
2025-10-15 20:22:32.142 [info] > git check-ignore -v -z --stdin [16ms]
2025-10-15 20:22:32.142 [info] > git check-ignore -v -z --stdin [7ms]
2025-10-15 20:23:52.152 [info] > git config --get commit.template [7ms]
2025-10-15 20:23:52.152 [info] > git for-each-ref --format=%(refname)%00%(upstream:short)%00%(objectname)%00%(upstream:track)%00%(upstream:remotename)%00%(upstream:remoteref) refs/heads/main refs/remotes/main [1ms]
2025-10-15 20:23:52.164 [info] > git status -z -uall [6ms]
2025-10-15 20:23:52.165 [info] > git for-each-ref --sort -committerdate --format %(refname)%00%(objectname)%00%(*objectname) [2ms]
2025-10-15 20:23:57.182 [info] > git config --get commit.template [7ms]
2025-10-15 20:23:57.182 [info] > git for-each-ref --format=%(refname)%00%(upstream:short)%00%(objectname)%00%(upstream:track)%00%(upstream:remotename)%00%(upstream:remoteref) refs/heads/main refs/remotes/main [1ms]
2025-10-15 20:23:57.193 [info] > git status -z -uall [6ms]
2025-10-15 20:23:57.194 [info] > git for-each-ref --sort -committerdate --format %(refname)%00%(objectname)%00%(*objectname) [1ms]
2025-10-15 20:24:49.434 [info] > git config --get commit.template [6ms]
2025-10-15 20:24:49.434 [info] > git for-each-ref --format=%(refname)%00%(upstream:short)%00%(objectname)%00%(upstream:track)%00%(upstream:remotename)%00%(upstream:remoteref) refs/heads/main refs/remotes/main [1ms]
2025-10-15 20:24:49.447 [info] > git status -z -uall [7ms]
2025-10-15 20:24:49.448 [info] > git for-each-ref --sort -committerdate --format %(refname)%00%(objectname)%00%(*objectname) [2ms]
2025-10-15 20:24:54.460 [info] > git config --get commit.template [2ms]
2025-10-15 20:24:54.466 [info] > git for-each-ref --format=%(refname)%00%(upstream:short)%00%(objectname)%00%(upstream:track)%00%(upstream:remotename)%00%(upstream:remoteref) refs/heads/main refs/remotes/main [2ms]
2025-10-15 20:24:54.476 [info] > git status -z -uall [5ms]
2025-10-15 20:24:54.477 [info] > git for-each-ref --sort -committerdate --format %(refname)%00%(objectname)%00%(*objectname) [1ms]
2025-10-15 20:24:59.417 [info] > git show --textconv :templates/get-8days.html [8ms]
2025-10-15 20:24:59.418 [info] > git ls-files --stage -- templates/get-8days.html [2ms]
2025-10-15 20:24:59.426 [info] > git cat-file -s 0ff0e25308da3c1d51d1c8465865f2b8c7830309 [1ms]
2025-10-15 20:24:59.460 [info] > git blame --root --incremental 73408e3aabe1d422e3efacf7342f0a17c26e03ea -- templates/get-8days.html [12ms]
2025-10-15 20:25:08.429 [info] > git config --get commit.template [2ms]
2025-10-15 20:25:08.436 [info] > git for-each-ref --format=%(refname)%00%(upstream:short)%00%(objectname)%00%(upstream:track)%00%(upstream:remotename)%00%(upstream:remoteref) refs/heads/main refs/remotes/main [2ms]
2025-10-15 20:25:08.447 [info] > git status -z -uall [6ms]
2025-10-15 20:25:08.448 [info] > git for-each-ref --sort -committerdate --format %(refname)%00%(objectname)%00%(*objectname) [1ms]
2025-10-15 20:25:08.517 [info] > git ls-files --stage -- templates/get-8days.html [1ms]
2025-10-15 20:25:08.522 [info] > git cat-file -s 0ff0e25308da3c1d51d1c8465865f2b8c7830309 [1ms]
2025-10-15 20:25:08.530 [info] > git show --textconv :templates/get-8days.html [1ms]
2025-10-15 20:25:10.565 [info] > git config --get commit.template [1ms]
2025-10-15 20:25:10.573 [info] > git for-each-ref --format=%(refname)%00%(upstream:short)%00%(objectname)%00%(upstream:track)%00%(upstream:remotename)%00%(upstream:remoteref) refs/heads/main refs/remotes/main [2ms]
2025-10-15 20:25:10.585 [info] > git status -z -uall [7ms]
2025-10-15 20:25:10.586 [info] > git for-each-ref --sort -committerdate --format %(refname)%00%(objectname)%00%(*objectname) [2ms]
2025-10-15 20:25:10.904 [info] > git show --textconv HEAD:templates/get-8days.html [7ms]
2025-10-15 20:25:10.904 [info] > git ls-tree -l HEAD -- templates/get-8days.html [1ms]
2025-10-15 20:25:11.732 [info] > git ls-files --stage -- templates/get-8days.html [5ms]
2025-10-15 20:25:11.739 [info] > git ls-tree -l HEAD -- templates/get-8days.html [7ms]
2025-10-15 20:25:11.740 [info] > git cat-file -s fc9ac574de3da83c27ed13436cd72567277f0d22 [2ms]
2025-10-15 20:25:11.761 [info] > git show --textconv HEAD:templates/get-8days.html [8ms]
2025-10-15 20:25:11.762 [info] > git show --textconv :templates/get-8days.html [2ms]
2025-10-15 20:25:13.463 [info] > git config --get commit.template [7ms]
2025-10-15 20:25:13.463 [info] > git for-each-ref --format=%(refname)%00%(upstream:short)%00%(objectname)%00%(upstream:track)%00%(upstream:remotename)%00%(upstream:remoteref) refs/heads/main refs/remotes/main [1ms]
2025-10-15 20:25:13.474 [info] > git status -z -uall [6ms]
2025-10-15 20:25:13.475 [info] > git for-each-ref --sort -committerdate --format %(refname)%00%(objectname)%00%(*objectname) [2ms]
2025-10-15 20:25:24.028 [info] > git config --get commit.template [1ms]
2025-10-15 20:25:24.036 [info] > git for-each-ref --format=%(refname)%00%(upstream:short)%00%(objectname)%00%(upstream:track)%00%(upstream:remotename)%00%(upstream:remoteref) refs/heads/main refs/remotes/main [1ms]
2025-10-15 20:25:24.049 [info] > git status -z -uall [7ms]
2025-10-15 20:25:24.050 [info] > git for-each-ref --sort -committerdate --format %(refname)%00%(objectname)%00%(*objectname) [1ms]
2025-10-15 20:25:24.062 [info] > git blame --root --incremental ecff8f3be06196af4700c08861e918852f2aacc0 -- templates/get-8days.html [4ms]
2025-10-15 20:25:25.097 [info] > git config --get commit.template [7ms]
2025-10-15 20:25:25.097 [info] > git for-each-ref --format=%(refname)%00%(upstream:short)%00%(objectname)%00%(upstream:track)%00%(upstream:remotename)%00%(upstream:remoteref) refs/heads/main refs/remotes/main [0ms]
2025-10-15 20:25:25.108 [info] > git status -z -uall [5ms]
2025-10-15 20:25:25.109 [info] > git for-each-ref --sort -committerdate --format %(refname)%00%(objectname)%00%(*objectname) [2ms]
2025-10-15 20:25:25.193 [info] > git ls-files --stage -- templates/get-8days.html [1ms]
2025-10-15 20:25:25.199 [info] > git cat-file -s fc9ac574de3da83c27ed13436cd72567277f0d22 [1ms]
2025-10-15 20:25:25.208 [info] > git show --textconv :templates/get-8days.html [2ms]
2025-10-15 20:25:28.655 [info] > git config --get commit.template [1ms]
2025-10-15 20:25:28.662 [info] > git for-each-ref --format=%(refname)%00%(upstream:short)%00%(objectname)%00%(upstream:track)%00%(upstream:remotename)%00%(upstream:remoteref) refs/heads/main refs/remotes/main [1ms]
2025-10-15 20:25:28.676 [info] > git status -z -uall [7ms]
2025-10-15 20:25:28.676 [info] > git for-each-ref --sort -committerdate --format %(refname)%00%(objectname)%00%(*objectname) [1ms]
2025-10-15 20:25:31.735 [info] > git show --textconv :main.py [6ms]
2025-10-15 20:25:31.736 [info] > git ls-files --stage -- main.py [2ms]
2025-10-15 20:25:31.741 [info] > git cat-file -s c78988abc63d1023f6d20ca9bb8abcc22cb3e009 [1ms]
2025-10-15 20:25:31.764 [info] > git blame --root --incremental ecff8f3be06196af4700c08861e918852f2aacc0 -- main.py [5ms]
2025-10-15 20:25:52.099 [info] > git config --get commit.template [8ms]
2025-10-15 20:25:52.099 [info] > git for-each-ref --format=%(refname)%00%(upstream:short)%00%(objectname)%00%(upstream:track)%00%(upstream:remotename)%00%(upstream:remoteref) refs/heads/main refs/remotes/main [1ms]
2025-10-15 20:25:52.113 [info] > git status -z -uall [7ms]
2025-10-15 20:25:52.114 [info] > git for-each-ref --sort -committerdate --format %(refname)%00%(objectname)%00%(*objectname) [2ms]
2025-10-15 20:26:14.255 [info] > git config --get commit.template [6ms]
2025-10-15 20:26:14.255 [info] > git for-each-ref --format=%(refname)%00%(upstream:short)%00%(objectname)%00%(upstream:track)%00%(upstream:remotename)%00%(upstream:remoteref) refs/heads/main refs/remotes/main [1ms]
2025-10-15 20:26:14.267 [info] > git status -z -uall [6ms]
2025-10-15 20:26:14.268 [info] > git for-each-ref --sort -committerdate --format %(refname)%00%(objectname)%00%(*objectname) [1ms]
2025-10-15 20:27:03.834 [info] > git config --get commit.template [7ms]
2025-10-15 20:27:03.834 [info] > git for-each-ref --format=%(refname)%00%(upstream:short)%00%(objectname)%00%(upstream:track)%00%(upstream:remotename)%00%(upstream:remoteref) refs/heads/main refs/remotes/main [1ms]
2025-10-15 20:27:03.845 [info] > git status -z -uall [6ms]
2025-10-15 20:27:03.846 [info] > git for-each-ref --sort -committerdate --format %(refname)%00%(objectname)%00%(*objectname) [2ms]
2025-10-15 20:28:28.652 [info] > git show --textconv :static/style.css [8ms]
2025-10-15 20:28:28.653 [info] > git ls-files --stage -- static/style.css [2ms]
2025-10-15 20:28:28.662 [info] > git cat-file -s 135f83dfd0a843069872d5ce9d61c2f78e8bcd37 [2ms]
2025-10-15 20:28:28.687 [info] > git blame --root --incremental ecff8f3be06196af4700c08861e918852f2aacc0 -- static/style.css [8ms]
2025-10-15 20:29:03.546 [info] > git config --get commit.template [8ms]
2025-10-15 20:29:03.547 [info] > git for-each-ref --format=%(refname)%00%(upstream:short)%00%(objectname)%00%(upstream:track)%00%(upstream:remotename)%00%(upstream:remoteref) refs/heads/main refs/remotes/main [2ms]
2025-10-15 20:29:03.562 [info] > git status -z -uall [8ms]
2025-10-15 20:29:03.563 [info] > git for-each-ref --sort -committerdate --format %(refname)%00%(objectname)%00%(*objectname) [2ms]
2025-10-15 20:29:13.271 [info] > git config --get commit.template [8ms]
2025-10-15 20:29:13.271 [info] > git for-each-ref --format=%(refname)%00%(upstream:short)%00%(objectname)%00%(upstream:track)%00%(upstream:remotename)%00%(upstream:remoteref) refs/heads/main refs/remotes/main [1ms]
2025-10-15 20:29:13.287 [info] > git status -z -uall [9ms]
2025-10-15 20:29:13.288 [info] > git for-each-ref --sort -committerdate --format %(refname)%00%(objectname)%00%(*objectname) [2ms]
2025-10-15 20:29:18.297 [info] > git config --get commit.template [1ms]
2025-10-15 20:29:18.303 [info] > git for-each-ref --format=%(refname)%00%(upstream:short)%00%(objectname)%00%(upstream:track)%00%(upstream:remotename)%00%(upstream:remoteref) refs/heads/main refs/remotes/main [1ms]
2025-10-15 20:29:18.319 [info] > git status -z -uall [8ms]
2025-10-15 20:29:18.320 [info] > git for-each-ref --sort -committerdate --format %(refname)%00%(objectname)%00%(*objectname) [1ms]
2025-10-15 20:29:23.461 [info] > git config --get commit.template [7ms]
2025-10-15 20:29:23.462 [info] > git for-each-ref --format=%(refname)%00%(upstream:short)%00%(objectname)%00%(upstream:track)%00%(upstream:remotename)%00%(upstream:remoteref) refs/heads/main refs/remotes/main [2ms]
2025-10-15 20:29:23.474 [info] > git status -z -uall [7ms]
2025-10-15 20:29:23.475 [info] > git for-each-ref --sort -committerdate --format %(refname)%00%(objectname)%00%(*objectname) [1ms]
2025-10-15 20:29:30.535 [info] > git config --get commit.template [9ms]
2025-10-15 20:29:30.536 [info] > git for-each-ref --format=%(refname)%00%(upstream:short)%00%(objectname)%00%(upstream:track)%00%(upstream:remotename)%00%(upstream:remoteref) refs/heads/main refs/remotes/main [2ms]
2025-10-15 20:29:30.549 [info] > git status -z -uall [7ms]
2025-10-15 20:29:30.550 [info] > git for-each-ref --sort -committerdate --format %(refname)%00%(objectname)%00%(*objectname) [1ms]
2025-10-15 20:29:39.993 [info] > git config --get commit.template [1ms]
2025-10-15 20:29:40.002 [info] > git for-each-ref --format=%(refname)%00%(upstream:short)%00%(objectname)%00%(upstream:track)%00%(upstream:remotename)%00%(upstream:remoteref) refs/heads/main refs/remotes/main [2ms]
2025-10-15 20:29:40.017 [info] > git status -z -uall [8ms]
2025-10-15 20:29:40.017 [info] > git for-each-ref --sort -committerdate --format %(refname)%00%(objectname)%00%(*objectname) [1ms]
2025-10-15 20:30:20.831 [info] > git config --get commit.template [1ms]
2025-10-15 20:30:20.837 [info] > git for-each-ref --format=%(refname)%00%(upstream:short)%00%(objectname)%00%(upstream:track)%00%(upstream:remotename)%00%(upstream:remoteref) refs/heads/main refs/remotes/main [1ms]
2025-10-15 20:30:20.848 [info] > git status -z -uall [6ms]
2025-10-15 20:30:20.849 [info] > git for-each-ref --sort -committerdate --format %(refname)%00%(objectname)%00%(*objectname) [2ms]
2025-10-15 20:30:28.274 [info] > git config --get commit.template [2ms]
2025-10-15 20:30:28.281 [info] > git for-each-ref --format=%(refname)%00%(upstream:short)%00%(objectname)%00%(upstream:track)%00%(upstream:remotename)%00%(upstream:remoteref) refs/heads/main refs/remotes/main [1ms]
2025-10-15 20:30:28.295 [info] > git status -z -uall [7ms]
2025-10-15 20:30:28.296 [info] > git for-each-ref --sort -committerdate --format %(refname)%00%(objectname)%00%(*objectname) [1ms]
2025-10-15 20:30:36.670 [info] > git config --get commit.template [9ms]
2025-10-15 20:30:36.671 [info] > git for-each-ref --format=%(refname)%00%(upstream:short)%00%(objectname)%00%(upstream:track)%00%(upstream:remotename)%00%(upstream:remoteref) refs/heads/main refs/remotes/main [2ms]
2025-10-15 20:30:36.685 [info] > git status -z -uall [8ms]
2025-10-15 20:30:36.686 [info] > git for-each-ref --sort -committerdate --format %(refname)%00%(objectname)%00%(*objectname) [2ms]
2025-10-15 20:31:58.915 [info] > git show --textconv :main.py [8ms]
2025-10-15 20:31:58.916 [info] > git ls-files --stage -- main.py [1ms]
2025-10-15 20:31:58.923 [info] > git cat-file -s c78988abc63d1023f6d20ca9bb8abcc22cb3e009 [2ms]
2025-10-15 20:32:05.190 [info] > git config --get commit.template [2ms]
2025-10-15 20:32:05.197 [info] > git for-each-ref --format=%(refname)%00%(upstream:short)%00%(objectname)%00%(upstream:track)%00%(upstream:remotename)%00%(upstream:remoteref) refs/heads/main refs/remotes/main [1ms]
2025-10-15 20:32:05.209 [info] > git status -z -uall [6ms]
2025-10-15 20:32:05.210 [info] > git for-each-ref --sort -committerdate --format %(refname)%00%(objectname)%00%(*objectname) [1ms]
2025-10-15 20:32:05.526 [info] > git show --textconv HEAD:main.py [6ms]
2025-10-15 20:32:05.527 [info] > git ls-tree -l HEAD -- main.py [1ms]
2025-10-15 20:32:06.261 [info] > git config --get commit.template [6ms]
2025-10-15 20:32:06.262 [info] > git for-each-ref --format=%(refname)%00%(upstream:short)%00%(objectname)%00%(upstream:track)%00%(upstream:remotename)%00%(upstream:remoteref) refs/heads/main refs/remotes/main [2ms]
2025-10-15 20:32:06.274 [info] > git status -z -uall [6ms]
2025-10-15 20:32:06.275 [info] > git for-each-ref --sort -committerdate --format %(refname)%00%(objectname)%00%(*objectname) [2ms]
2025-10-15 20:32:06.362 [info] > git ls-files --stage -- main.py [7ms]
2025-10-15 20:32:06.367 [info] > git ls-tree -l HEAD -- main.py [6ms]
2025-10-15 20:32:06.368 [info] > git cat-file -s 04f449b0f314e80e95eddfe4a46397609c5fc760 [2ms]
2025-10-15 20:32:06.381 [info] > git show --textconv HEAD:main.py [7ms]
2025-10-15 20:32:06.383 [info] > git show --textconv :main.py [2ms]
2025-10-15 20:32:32.722 [info] > git config --get commit.template [1ms]
2025-10-15 20:32:32.729 [info] > git for-each-ref --format=%(refname)%00%(upstream:short)%00%(objectname)%00%(upstream:track)%00%(upstream:remotename)%00%(upstream:remoteref) refs/heads/main refs/remotes/main [1ms]
2025-10-15 20:32:32.741 [info] > git status -z -uall [6ms]
2025-10-15 20:32:32.742 [info] > git for-each-ref --sort -committerdate --format %(refname)%00%(objectname)%00%(*objectname) [2ms]
2025-10-15 20:32:32.755 [info] > git blame --root --incremental f7cd6a975dd6c15ab117ec9eec74630952577e1f -- main.py [5ms]
2025-10-15 20:32:33.791 [info] > git config --get commit.template [6ms]
2025-10-15 20:32:33.792 [info] > git for-each-ref --format=%(refname)%00%(upstream:short)%00%(objectname)%00%(upstream:track)%00%(upstream:remotename)%00%(upstream:remoteref) refs/heads/main refs/remotes/main [1ms]
2025-10-15 20:32:33.803 [info] > git status -z -uall [6ms]
2025-10-15 20:32:33.804 [info] > git for-each-ref --sort -committerdate --format %(refname)%00%(objectname)%00%(*objectname) [1ms]
2025-10-15 20:32:33.885 [info] > git ls-files --stage -- main.py [1ms]
2025-10-15 20:32:33.892 [info] > git cat-file -s 04f449b0f314e80e95eddfe4a46397609c5fc760 [1ms]
2025-10-15 20:32:33.899 [info] > git show --textconv :main.py [1ms]
2025-10-15 20:32:36.304 [info] > git config --get commit.template [1ms]
2025-10-15 20:32:36.312 [info] > git for-each-ref --format=%(refname)%00%(upstream:short)%00%(objectname)%00%(upstream:track)%00%(upstream:remotename)%00%(upstream:remoteref) refs/heads/main refs/remotes/main [1ms]
2025-10-15 20:32:36.326 [info] > git status -z -uall [8ms]
2025-10-15 20:32:36.327 [info] > git for-each-ref --sort -committerdate --format %(refname)%00%(objectname)%00%(*objectname) [2ms]
2025-10-15 20:33:23.108 [info] > git config --get commit.template [6ms]
2025-10-15 20:33:23.109 [info] > git for-each-ref --format=%(refname)%00%(upstream:short)%00%(objectname)%00%(upstream:track)%00%(upstream:remotename)%00%(upstream:remoteref) refs/heads/main refs/remotes/main [1ms]
2025-10-15 20:33:23.121 [info] > git status -z -uall [7ms]
2025-10-15 20:33:23.122 [info] > git for-each-ref --sort -committerdate --format %(refname)%00%(objectname)%00%(*objectname) [2ms]
2025-10-15 20:33:49.053 [info] > git show --textconv :static/style.css [7ms]
2025-10-15 20:33:49.054 [info] > git ls-files --stage -- static/style.css [1ms]
2025-10-15 20:33:49.062 [info] > git cat-file -s ab0697c2583cd2e85d908656a4d0f3f036dc4830 [2ms]
2025-10-15 20:33:49.084 [info] > git blame --root --incremental f7cd6a975dd6c15ab117ec9eec74630952577e1f -- static/style.css [3ms]
2025-10-15 20:38:41.881 [info] > git show --textconv :main.py [8ms]
2025-10-15 20:38:41.882 [info] > git ls-files --stage -- main.py [2ms]
2025-10-15 20:38:41.889 [info] > git cat-file -s 04f449b0f314e80e95eddfe4a46397609c5fc760 [1ms]
2025-10-15 20:39:16.294 [info] > git config --get commit.template [8ms]
2025-10-15 20:39:16.295 [info] > git for-each-ref --format=%(refname)%00%(upstream:short)%00%(objectname)%00%(upstream:track)%00%(upstream:remotename)%00%(upstream:remoteref) refs/heads/main refs/remotes/main [1ms]
2025-10-15 20:39:16.309 [info] > git status -z -uall [7ms]
2025-10-15 20:39:16.310 [info] > git for-each-ref --sort -committerdate --format %(refname)%00%(objectname)%00%(*objectname) [1ms]
2025-10-15 20:39:18.362 [info] > git show --textconv :static/style.css [8ms]
2025-10-15 20:39:18.363 [info] > git ls-files --stage -- static/style.css [1ms]
2025-10-15 20:39:18.370 [info] > git cat-file -s ab0697c2583cd2e85d908656a4d0f3f036dc4830 [1ms]
2025-10-15 20:40:03.941 [info] > git config --get commit.template [10ms]
2025-10-15 20:40:03.942 [info] > git for-each-ref --format=%(refname)%00%(upstream:short)%00%(objectname)%00%(upstream:track)%00%(upstream:remotename)%00%(upstream:remoteref) refs/heads/main refs/remotes/main [2ms]
2025-10-15 20:40:03.961 [info] > git status -z -uall [12ms]
2025-10-15 20:40:03.962 [info] > git for-each-ref --sort -committerdate --format %(refname)%00%(objectname)%00%(*objectname) [3ms]
2025-10-15 20:40:09.036 [info] > git config --get commit.template [10ms]
2025-10-15 20:40:09.037 [info] > git for-each-ref --format=%(refname)%00%(upstream:short)%00%(objectname)%00%(upstream:track)%00%(upstream:remotename)%00%(upstream:remoteref) refs/heads/main refs/remotes/main [2ms]
2025-10-15 20:40:09.051 [info] > git status -z -uall [7ms]
2025-10-15 20:40:09.052 [info] > git for-each-ref --sort -committerdate --format %(refname)%00%(objectname)%00%(*objectname) [1ms]
2025-10-15 20:40:10.343 [info] > git show --textconv :main.py [9ms]
2025-10-15 20:40:10.344 [info] > git ls-files --stage -- main.py [2ms]
2025-10-15 20:40:10.352 [info] > git cat-file -s 04f449b0f314e80e95eddfe4a46397609c5fc760 [1ms]
2025-10-15 20:41:03.015 [info] > git config --get commit.template [6ms]
2025-10-15 20:41:03.016 [info] > git for-each-ref --format=%(refname)%00%(upstream:short)%00%(objectname)%00%(upstream:track)%00%(upstream:remotename)%00%(upstream:remoteref) refs/heads/main refs/remotes/main [1ms]
2025-10-15 20:41:03.028 [info] > git status -z -uall [7ms]
2025-10-15 20:41:03.029 [info] > git for-each-ref --sort -committerdate --format %(refname)%00%(objectname)%00%(*objectname) [2ms]
2025-10-15 20:41:47.607 [info] > git config --get commit.template [6ms]
2025-10-15 20:41:47.608 [info] > git for-each-ref --format=%(refname)%00%(upstream:short)%00%(objectname)%00%(upstream:track)%00%(upstream:remotename)%00%(upstream:remoteref) refs/heads/main refs/remotes/main [2ms]
2025-10-15 20:41:47.618 [info] > git status -z -uall [5ms]
2025-10-15 20:41:47.619 [info] > git for-each-ref --sort -committerdate --format %(refname)%00%(objectname)%00%(*objectname) [1ms]
2025-10-15 20:41:53.507 [info] > git config --get commit.template [2ms]
2025-10-15 20:41:53.513 [info] > git for-each-ref --format=%(refname)%00%(upstream:short)%00%(objectname)%00%(upstream:track)%00%(upstream:remotename)%00%(upstream:remoteref) refs/heads/main refs/remotes/main [1ms]
2025-10-15 20:41:53.524 [info] > git status -z -uall [6ms]
2025-10-15 20:41:53.525 [info] > git for-each-ref --sort -committerdate --format %(refname)%00%(objectname)%00%(*objectname) [1ms]
2025-10-15 20:41:53.606 [info] > git ls-files --stage -- main.py [1ms]
2025-10-15 20:41:53.613 [info] > git cat-file -s 04f449b0f314e80e95eddfe4a46397609c5fc760 [1ms]
2025-10-15 20:41:53.621 [info] > git show --textconv :main.py [2ms]
2025-10-15 20:41:53.675 [info] > git config --get commit.template [1ms]
2025-10-15 20:41:53.685 [info] > git for-each-ref --format=%(refname)%00%(upstream:short)%00%(objectname)%00%(upstream:track)%00%(upstream:remotename)%00%(upstream:remoteref) refs/heads/main refs/remotes/main [2ms]
2025-10-15 20:41:53.701 [info] > git status -z -uall [8ms]
2025-10-15 20:41:53.701 [info] > git for-each-ref --sort -committerdate --format %(refname)%00%(objectname)%00%(*objectname) [1ms]
2025-10-15 20:41:54.016 [info] > git show --textconv HEAD:main.py [6ms]
2025-10-15 20:41:54.017 [info] > git ls-tree -l HEAD -- main.py [1ms]
2025-10-15 20:41:54.825 [info] > git ls-files --stage -- main.py [7ms]
2025-10-15 20:41:54.834 [info] > git ls-tree -l HEAD -- main.py [10ms]
2025-10-15 20:41:54.835 [info] > git cat-file -s c99a9fa459181e86e7458241822e7d6086e73455 [2ms]
2025-10-15 20:41:54.852 [info] > git show --textconv HEAD:main.py [9ms]
2025-10-15 20:41:54.853 [info] > git show --textconv :main.py [1ms]
2025-10-15 20:41:58.540 [info] > git config --get commit.template [6ms]
2025-10-15 20:41:58.540 [info] > git for-each-ref --format=%(refname)%00%(upstream:short)%00%(objectname)%00%(upstream:track)%00%(upstream:remotename)%00%(upstream:remoteref) refs/heads/main refs/remotes/main [1ms]
2025-10-15 20:41:58.552 [info] > git status -z -uall [6ms]
2025-10-15 20:41:58.552 [info] > git for-each-ref --sort -committerdate --format %(refname)%00%(objectname)%00%(*objectname) [1ms]
2025-10-15 20:42:14.188 [info] > git config --get commit.template [1ms]
2025-10-15 20:42:14.197 [info] > git for-each-ref --format=%(refname)%00%(upstream:short)%00%(objectname)%00%(upstream:track)%00%(upstream:remotename)%00%(upstream:remoteref) refs/heads/main refs/remotes/main [1ms]
2025-10-15 20:42:14.210 [info] > git status -z -uall [7ms]
2025-10-15 20:42:14.211 [info] > git for-each-ref --sort -committerdate --format %(refname)%00%(objectname)%00%(*objectname) [1ms]
2025-10-15 20:42:14.224 [info] > git blame --root --incremental 0b30cbbc0f5f9f3e96f0a82fb0b58bcf1c9e0545 -- main.py [5ms]
2025-10-15 20:42:15.262 [info] > git config --get commit.template [8ms]
2025-10-15 20:42:15.262 [info] > git for-each-ref --format=%(refname)%00%(upstream:short)%00%(objectname)%00%(upstream:track)%00%(upstream:remotename)%00%(upstream:remoteref) refs/heads/main refs/remotes/main [1ms]
2025-10-15 20:42:15.275 [info] > git status -z -uall [6ms]
2025-10-15 20:42:15.276 [info] > git for-each-ref --sort -committerdate --format %(refname)%00%(objectname)%00%(*objectname) [1ms]
2025-10-15 20:42:15.357 [info] > git ls-files --stage -- main.py [1ms]
2025-10-15 20:42:15.364 [info] > git cat-file -s c99a9fa459181e86e7458241822e7d6086e73455 [1ms]
2025-10-15 20:42:15.372 [info] > git show --textconv :main.py [1ms]
2025-10-15 20:42:18.675 [info] > git config --get commit.template [10ms]
2025-10-15 20:42:18.676 [info] > git for-each-ref --format=%(refname)%00%(upstream:short)%00%(objectname)%00%(upstream:track)%00%(upstream:remotename)%00%(upstream:remoteref) refs/heads/main refs/remotes/main [2ms]
2025-10-15 20:42:18.690 [info] > git status -z -uall [7ms]
2025-10-15 20:42:18.691 [info] > git for-each-ref --sort -committerdate --format %(refname)%00%(objectname)%00%(*objectname) [2ms]
2025-10-15 20:42:48.018 [info] > git show --textconv :static/style.css [7ms]
2025-10-15 20:42:48.019 [info] > git ls-files --stage -- static/style.css [1ms]
2025-10-15 20:42:48.025 [info] > git cat-file -s ab0697c2583cd2e85d908656a4d0f3f036dc4830 [1ms]
2025-10-15 20:42:48.047 [info] > git blame --root --incremental 0b30cbbc0f5f9f3e96f0a82fb0b58bcf1c9e0545 -- static/style.css [4ms]
2025-10-15 20:42:48.667 [info] > git show --textconv :main.py [6ms]
2025-10-15 20:42:48.668 [info] > git ls-files --stage -- main.py [1ms]
2025-10-15 20:42:48.676 [info] > git cat-file -s c99a9fa459181e86e7458241822e7d6086e73455 [1ms]
