2025-12-04 23:28:33.481 [info] 
=== Python Envs Configuration Levels ===
2025-12-04 23:28:33.481 [info] {
  "section": "Python Envs Configuration Levels",
  "defaultEnvManager": {
    "workspaceFolderValue": "undefined",
    "workspaceValue": "undefined",
    "globalValue": "undefined",
    "defaultValue": "ms-python.python:venv"
  },
  "defaultPackageManager": {
    "workspaceFolderValue": "undefined",
    "workspaceValue": "undefined",
    "globalValue": "undefined",
    "defaultValue": "ms-python.python:pip"
  }
}
2025-12-04 23:28:33.481 [info] [pet] Starting Python Locator /home/user/.vscode/extensions/ms-python.vscode-python-envs-1.12.0-linux-x64/python-env-tools/bin/pet server
2025-12-04 23:28:33.481 [info] Using poetry from settings: poetry
2025-12-04 23:28:33.481 [info] The `shell` command is not available by default in Poetry versions 2.0.0 and above. Therefore all shell activation will be handled by calling `source <path-to-activate>`. If you face any problems with shell activation, please file an issue at https://github.com/microsoft/vscode-python-environments/issues to help us improve this implementation.
2025-12-04 23:28:33.481 [info] Poetry found at poetry, version: undefined
2025-12-04 23:28:33.483 [info] getAllExtraSearchPaths completed. Total unique search directories: 0 Paths: []
2025-12-04 23:28:33.484 [info] [pet] configure: Sending configuration update: {"workspaceDirectories":["/home/user/repos/homelab"],"environmentDirectories":[],"poetryExecutable":"poetry","cacheDirectory":"/home/user/.config/Code/User/globalStorage/ms-python.vscode-python-envs/pythonLocator"}
2025-12-04 23:28:33.556 [info] Refreshing Poetry Environments
2025-12-04 23:28:33.556 [info] Refreshing poetry environments
2025-12-04 23:28:33.578 [info] Discovered env: /bin/python
2025-12-04 23:28:33.580 [info] Discovered env: /usr/bin/python
2025-12-04 23:28:33.585 [info] [pet] Env ("/sbin/python") in Path resolved as ResolvedPythonEnv { executable: "/sbin/python", prefix: "/usr", version: "3.13.7.final.0", is64_bit: true, symlinks: Some(["/sbin/python"]) } and reported as Some(GlobalPaths)
2025-12-04 23:28:33.585 [info] Discovered env: /sbin/python
2025-12-04 23:28:33.658 [info] [pet] Env ("/usr/sbin/python") in Path resolved as ResolvedPythonEnv { executable: "/usr/sbin/python", prefix: "/usr", version: "3.13.7.final.0", is64_bit: true, symlinks: Some(["/usr/sbin/python"]) } and reported as Some(GlobalPaths)
2025-12-04 23:28:33.658 [info] Discovered env: /usr/sbin/python
2025-12-04 23:28:33.658 [info] [pet] Env ("/sbin/python3") in Path resolved as ResolvedPythonEnv { executable: "/sbin/python3", prefix: "/usr", version: "3.13.7.final.0", is64_bit: true, symlinks: Some(["/sbin/python3"]) } and reported as Some(GlobalPaths)
2025-12-04 23:28:33.658 [info] Discovered env: /sbin/python3
2025-12-04 23:28:33.659 [info] [pet] Env ("/usr/sbin/python3") in Path resolved as ResolvedPythonEnv { executable: "/usr/sbin/python3", prefix: "/usr", version: "3.13.7.final.0", is64_bit: true, symlinks: Some(["/usr/sbin/python3"]) } and reported as Some(GlobalPaths)
2025-12-04 23:28:33.659 [info] Discovered env: /usr/sbin/python3
2025-12-04 23:28:33.659 [info] [pet] Env ("/sbin/python3.13") in Path resolved as ResolvedPythonEnv { executable: "/sbin/python3.13", prefix: "/usr", version: "3.13.7.final.0", is64_bit: true, symlinks: Some(["/sbin/python3.13"]) } and reported as Some(GlobalPaths)
2025-12-04 23:28:33.660 [info] Discovered env: /sbin/python3.13
2025-12-04 23:28:33.660 [info] [pet] Env ("/usr/sbin/python3.13") in Path resolved as ResolvedPythonEnv { executable: "/usr/sbin/python3.13", prefix: "/usr", version: "3.13.7.final.0", is64_bit: true, symlinks: Some(["/usr/sbin/python3.13"]) } and reported as Some(GlobalPaths)
2025-12-04 23:28:33.660 [info] Discovered env: /usr/sbin/python3.13
2025-12-04 23:28:33.660 [info] [pet] Locator Conda took 94.759152ms
2025-12-04 23:28:33.660 [info] [pet] Locator Homebrew took 263.843µs
2025-12-04 23:28:33.660 [info] [pet] Locator LinuxGlobal took 91.74762ms
2025-12-04 23:28:33.660 [info] [pet] Locator PipEnv took 147.239µs
2025-12-04 23:28:33.660 [info] [pet] Locator Pixi took 126.481µs
2025-12-04 23:28:33.660 [info] [pet] Locator Poetry took 851.934µs
2025-12-04 23:28:33.660 [info] [pet] Locator PyEnv took 610.279µs
2025-12-04 23:28:33.660 [info] [pet] Locator Venv took 41.571µs
2025-12-04 23:28:33.660 [info] [pet] Locator VirtualEnv took 47.892µs
2025-12-04 23:28:33.660 [info] [pet] Locator VirtualEnvWrapper took 49.904µs
2025-12-04 23:28:33.660 [info] [pet] Locator GlobalVirtualEnvs took 274.721µs
2025-12-04 23:28:33.660 [info] [pet] Locator Locators took 94.946724ms
2025-12-04 23:28:33.660 [info] [pet] Locator Path took 145.187057ms
2025-12-04 23:28:33.660 [info] [pet] Locator Workspaces took 1.828926ms
2025-12-04 23:28:33.661 [info] getAllExtraSearchPaths completed. Total unique search directories: 0 Paths: []
2025-12-04 23:28:33.662 [info] Conda not found, turning off conda features. [Error: Conda not found
	at F (/home/user/.vscode/extensions/ms-python.vscode-python-envs-1.12.0-linux-x64/dist/extension.js:2:542420)
	at async L (/home/user/.vscode/extensions/ms-python.vscode-python-envs-1.12.0-linux-x64/dist/extension.js:2:542545)
	at async t.registerCondaFeatures (/home/user/.vscode/extensions/ms-python.vscode-python-envs-1.12.0-linux-x64/dist/extension.js:2:559171)
	at async Promise.all (index 1)
	at async Immediate.<anonymous> (/home/user/.vscode/extensions/ms-python.vscode-python-envs-1.12.0-linux-x64/dist/extension.js:2:690957)]
2025-12-04 23:28:33.662 [info] [pet] Telemetry:  {"event":"RefreshPerformance","data":{"refreshPerformance":{"total":145,"breakdown":{"GlobalVirtualEnvs":0,"Locators":94,"Path":145,"Workspaces":1},"locators":{"Conda":94,"Homebrew":0,"LinuxGlobal":91,"PipEnv":0,"Pixi":0,"Poetry":0,"PyEnv":0,"Venv":0,"VirtualEnv":0,"VirtualEnvWrapper":0}}}}
2025-12-04 23:28:33.740 [info] Discovered env: /bin/python
2025-12-04 23:28:33.744 [info] Discovered env: /usr/bin/python
2025-12-04 23:28:33.750 [info] [pet] Env ("/usr/sbin/python") in Path resolved as ResolvedPythonEnv { executable: "/usr/sbin/python", prefix: "/usr", version: "3.13.7.final.0", is64_bit: true, symlinks: Some(["/usr/sbin/python"]) } and reported as Some(GlobalPaths)
2025-12-04 23:28:33.750 [info] Discovered env: /usr/sbin/python
2025-12-04 23:28:33.754 [info] [pet] Env ("/sbin/python") in Path resolved as ResolvedPythonEnv { executable: "/sbin/python", prefix: "/usr", version: "3.13.7.final.0", is64_bit: true, symlinks: Some(["/sbin/python"]) } and reported as Some(GlobalPaths)
2025-12-04 23:28:33.754 [info] Discovered env: /sbin/python
2025-12-04 23:28:33.773 [info] [pet] Env ("/sbin/python3") in Path resolved as ResolvedPythonEnv { executable: "/sbin/python3", prefix: "/usr", version: "3.13.7.final.0", is64_bit: true, symlinks: Some(["/sbin/python3"]) } and reported as Some(GlobalPaths)
2025-12-04 23:28:33.773 [info] Discovered env: /sbin/python3
2025-12-04 23:28:33.774 [info] [pet] Env ("/usr/sbin/python3") in Path resolved as ResolvedPythonEnv { executable: "/usr/sbin/python3", prefix: "/usr", version: "3.13.7.final.0", is64_bit: true, symlinks: Some(["/usr/sbin/python3"]) } and reported as Some(GlobalPaths)
2025-12-04 23:28:33.774 [info] Discovered env: /usr/sbin/python3
2025-12-04 23:28:33.795 [info] [pet] Env ("/sbin/python3.13") in Path resolved as ResolvedPythonEnv { executable: "/sbin/python3.13", prefix: "/usr", version: "3.13.7.final.0", is64_bit: true, symlinks: Some(["/sbin/python3.13"]) } and reported as Some(GlobalPaths)
2025-12-04 23:28:33.795 [info] Discovered env: /sbin/python3.13
2025-12-04 23:28:33.797 [info] [pet] Env ("/usr/sbin/python3.13") in Path resolved as ResolvedPythonEnv { executable: "/usr/sbin/python3.13", prefix: "/usr", version: "3.13.7.final.0", is64_bit: true, symlinks: Some(["/usr/sbin/python3.13"]) } and reported as Some(GlobalPaths)
2025-12-04 23:28:33.797 [info] Discovered env: /usr/sbin/python3.13
2025-12-04 23:28:33.801 [info] [pet] Locator Conda took 98.814344ms
2025-12-04 23:28:33.801 [info] [pet] Locator Homebrew took 67.699µs
2025-12-04 23:28:33.801 [info] [pet] Locator LinuxGlobal took 78.340265ms
2025-12-04 23:28:33.801 [info] [pet] Locator PipEnv took 24.412µs
2025-12-04 23:28:33.801 [info] [pet] Locator Pixi took 21.987µs
2025-12-04 23:28:33.801 [info] [pet] Locator Poetry took 108.563µs
2025-12-04 23:28:33.801 [info] [pet] Locator PyEnv took 169.82µs
2025-12-04 23:28:33.801 [info] [pet] Locator Venv took 43.819µs
2025-12-04 23:28:33.801 [info] [pet] Locator VirtualEnv took 121.786µs
2025-12-04 23:28:33.801 [info] [pet] Locator VirtualEnvWrapper took 43.339µs
2025-12-04 23:28:33.801 [info] [pet] Locator GlobalVirtualEnvs took 143.275µs
2025-12-04 23:28:33.801 [info] [pet] Locator Locators took 100.097105ms
2025-12-04 23:28:33.801 [info] [pet] Locator Path took 137.152657ms
2025-12-04 23:28:33.801 [info] [pet] Locator Workspaces took 5.395722ms
2025-12-04 23:28:33.802 [info] getAllExtraSearchPaths completed. Total unique search directories: 0 Paths: []
2025-12-04 23:28:33.802 [info] Pipenv not found
2025-12-04 23:28:33.802 [info] Pipenv not found, turning off pipenv features.
2025-12-04 23:28:33.803 [info] [pet] Telemetry:  {"event":"RefreshPerformance","data":{"refreshPerformance":{"total":137,"breakdown":{"GlobalVirtualEnvs":0,"Locators":100,"Path":137,"Workspaces":5},"locators":{"Conda":98,"Homebrew":0,"LinuxGlobal":78,"PipEnv":0,"Pixi":0,"Poetry":0,"PyEnv":0,"Venv":0,"VirtualEnv":0,"VirtualEnvWrapper":0}}}}
2025-12-04 23:28:33.988 [info] Discovered env: /bin/python
2025-12-04 23:28:33.989 [info] Discovered env: /usr/bin/python
2025-12-04 23:28:33.990 [info] [pet] Env ("/sbin/python") in Path resolved as ResolvedPythonEnv { executable: "/sbin/python", prefix: "/usr", version: "3.13.7.final.0", is64_bit: true, symlinks: Some(["/sbin/python"]) } and reported as Some(GlobalPaths)
2025-12-04 23:28:33.990 [info] Discovered env: /sbin/python
2025-12-04 23:28:33.991 [info] [pet] Env ("/usr/sbin/python") in Path resolved as ResolvedPythonEnv { executable: "/usr/sbin/python", prefix: "/usr", version: "3.13.7.final.0", is64_bit: true, symlinks: Some(["/usr/sbin/python"]) } and reported as Some(GlobalPaths)
2025-12-04 23:28:33.991 [info] Discovered env: /usr/sbin/python
2025-12-04 23:28:33.991 [info] [pet] Env ("/sbin/python3") in Path resolved as ResolvedPythonEnv { executable: "/sbin/python3", prefix: "/usr", version: "3.13.7.final.0", is64_bit: true, symlinks: Some(["/sbin/python3"]) } and reported as Some(GlobalPaths)
2025-12-04 23:28:33.991 [info] Discovered env: /sbin/python3
2025-12-04 23:28:33.991 [info] [pet] Env ("/usr/sbin/python3") in Path resolved as ResolvedPythonEnv { executable: "/usr/sbin/python3", prefix: "/usr", version: "3.13.7.final.0", is64_bit: true, symlinks: Some(["/usr/sbin/python3"]) } and reported as Some(GlobalPaths)
2025-12-04 23:28:33.995 [info] Discovered env: /usr/sbin/python3
2025-12-04 23:28:33.996 [info] [pet] Env ("/sbin/python3.13") in Path resolved as ResolvedPythonEnv { executable: "/sbin/python3.13", prefix: "/usr", version: "3.13.7.final.0", is64_bit: true, symlinks: Some(["/sbin/python3.13"]) } and reported as Some(GlobalPaths)
2025-12-04 23:28:33.997 [info] Discovered env: /sbin/python3.13
2025-12-04 23:28:33.997 [info] [pet] Env ("/usr/sbin/python3.13") in Path resolved as ResolvedPythonEnv { executable: "/usr/sbin/python3.13", prefix: "/usr", version: "3.13.7.final.0", is64_bit: true, symlinks: Some(["/usr/sbin/python3.13"]) } and reported as Some(GlobalPaths)
2025-12-04 23:28:33.998 [info] Discovered env: /usr/sbin/python3.13
2025-12-04 23:28:33.998 [info] [pet] Locator Conda took 91.701485ms
2025-12-04 23:28:33.998 [info] [pet] Locator Homebrew took 101.911µs
2025-12-04 23:28:33.998 [info] [pet] Locator LinuxGlobal took 81.060415ms
2025-12-04 23:28:33.998 [info] [pet] Locator PipEnv took 25.761µs
2025-12-04 23:28:33.998 [info] [pet] Locator Pixi took 24.416µs
2025-12-04 23:28:33.998 [info] [pet] Locator Poetry took 792.163µs
2025-12-04 23:28:33.998 [info] [pet] Locator PyEnv took 161.889µs
2025-12-04 23:28:33.998 [info] [pet] Locator Venv took 16.1µs
2025-12-04 23:28:33.998 [info] [pet] Locator VirtualEnv took 14.088µs
2025-12-04 23:28:33.998 [info] [pet] Locator VirtualEnvWrapper took 17.887µs
2025-12-04 23:28:33.998 [info] [pet] Locator GlobalVirtualEnvs took 168.556µs
2025-12-04 23:28:33.998 [info] [pet] Locator Locators took 92.475483ms
2025-12-04 23:28:33.998 [info] [pet] Locator Path took 183.013926ms
2025-12-04 23:28:33.998 [info] [pet] Locator Workspaces took 1.786871ms
2025-12-04 23:28:33.999 [info] getAllExtraSearchPaths completed. Total unique search directories: 0 Paths: []
2025-12-04 23:28:33.999 [info] Pyenv not found, turning off pyenv features.
2025-12-04 23:28:34.000 [info] [resolveDefaultInterpreter] User configured defaultInterpreterPath: /bin/python and defaultEnvManager: undefined
2025-12-04 23:28:34.000 [info] getAllExtraSearchPaths completed. Total unique search directories: 0 Paths: []
2025-12-04 23:28:34.010 [info] [pet] Telemetry:  {"event":"RefreshPerformance","data":{"refreshPerformance":{"total":183,"breakdown":{"GlobalVirtualEnvs":0,"Locators":92,"Path":183,"Workspaces":1},"locators":{"Conda":91,"Homebrew":0,"LinuxGlobal":81,"PipEnv":0,"Pixi":0,"Poetry":0,"PyEnv":0,"Venv":0,"VirtualEnv":0,"VirtualEnvWrapper":0}}}}
2025-12-04 23:28:34.050 [info] Discovered env: /bin/python
2025-12-04 23:28:34.090 [info] Resolved Python Environment /bin/python
2025-12-04 23:28:34.111 [info] Python API: Changed environment from undefined to Python 3.13.7 for: /home/user/repos/homelab
2025-12-04 23:28:34.111 [info] Internal: Changed environment from undefined to Python 3.13.7 for: /home/user/repos/homelab
2025-12-04 23:28:34.112 [info] [pet] Env ("/sbin/python") in Path resolved as ResolvedPythonEnv { executable: "/sbin/python", prefix: "/usr", version: "3.13.7.final.0", is64_bit: true, symlinks: Some(["/sbin/python"]) } and reported as Some(GlobalPaths)
2025-12-04 23:28:34.112 [info] Discovered env: /sbin/python
2025-12-04 23:28:34.113 [info] Discovered env: /usr/bin/python
2025-12-04 23:28:34.114 [info] [pet] Env ("/usr/sbin/python") in Path resolved as ResolvedPythonEnv { executable: "/usr/sbin/python", prefix: "/usr", version: "3.13.7.final.0", is64_bit: true, symlinks: Some(["/usr/sbin/python"]) } and reported as Some(GlobalPaths)
2025-12-04 23:28:34.114 [info] Discovered env: /usr/sbin/python
2025-12-04 23:28:34.114 [info] [pet] Env ("/sbin/python3") in Path resolved as ResolvedPythonEnv { executable: "/sbin/python3", prefix: "/usr", version: "3.13.7.final.0", is64_bit: true, symlinks: Some(["/sbin/python3"]) } and reported as Some(GlobalPaths)
2025-12-04 23:28:34.114 [info] Discovered env: /sbin/python3
2025-12-04 23:28:34.131 [info] [pet] Env ("/usr/sbin/python3") in Path resolved as ResolvedPythonEnv { executable: "/usr/sbin/python3", prefix: "/usr", version: "3.13.7.final.0", is64_bit: true, symlinks: Some(["/usr/sbin/python3"]) } and reported as Some(GlobalPaths)
2025-12-04 23:28:34.132 [info] Discovered env: /usr/sbin/python3
2025-12-04 23:28:34.138 [info] [pet] Env ("/sbin/python3.13") in Path resolved as ResolvedPythonEnv { executable: "/sbin/python3.13", prefix: "/usr", version: "3.13.7.final.0", is64_bit: true, symlinks: Some(["/sbin/python3.13"]) } and reported as Some(GlobalPaths)
2025-12-04 23:28:34.138 [info] Discovered env: /sbin/python3.13
2025-12-04 23:28:34.143 [info] [pet] Env ("/usr/sbin/python3.13") in Path resolved as ResolvedPythonEnv { executable: "/usr/sbin/python3.13", prefix: "/usr", version: "3.13.7.final.0", is64_bit: true, symlinks: Some(["/usr/sbin/python3.13"]) } and reported as Some(GlobalPaths)
2025-12-04 23:28:34.143 [info] Discovered env: /usr/sbin/python3.13
2025-12-04 23:28:34.144 [info] [pet] Locator Conda took 98.949691ms
2025-12-04 23:28:34.144 [info] [pet] Locator Homebrew took 57.242µs
2025-12-04 23:28:34.144 [info] [pet] Locator LinuxGlobal took 94.681784ms
2025-12-04 23:28:34.144 [info] [pet] Locator PipEnv took 29.839µs
2025-12-04 23:28:34.144 [info] [pet] Locator Pixi took 196.22µs
2025-12-04 23:28:34.144 [info] [pet] Locator Poetry took 254.45µs
2025-12-04 23:28:34.144 [info] [pet] Locator PyEnv took 290.914µs
2025-12-04 23:28:34.144 [info] [pet] Locator Venv took 18.671µs
2025-12-04 23:28:34.144 [info] [pet] Locator VirtualEnv took 19.338µs
2025-12-04 23:28:34.144 [info] [pet] Locator VirtualEnvWrapper took 67.426µs
2025-12-04 23:28:34.144 [info] [pet] Locator GlobalVirtualEnvs took 933.763µs
2025-12-04 23:28:34.144 [info] [pet] Locator Locators took 100.958022ms
2025-12-04 23:28:34.144 [info] [pet] Locator Path took 141.737355ms
2025-12-04 23:28:34.144 [info] [pet] Locator Workspaces took 2.724252ms
2025-12-04 23:28:34.144 [info] getAllExtraSearchPaths completed. Total unique search directories: 0 Paths: []
2025-12-04 23:28:34.146 [info] [pet] Telemetry:  {"event":"RefreshPerformance","data":{"refreshPerformance":{"total":141,"breakdown":{"GlobalVirtualEnvs":0,"Locators":100,"Path":141,"Workspaces":2},"locators":{"Conda":98,"Homebrew":0,"LinuxGlobal":94,"PipEnv":0,"Pixi":0,"Poetry":0,"PyEnv":0,"Venv":0,"VirtualEnv":0,"VirtualEnvWrapper":0}}}}
2025-12-04 23:28:34.206 [info] Discovered env: /bin/python
2025-12-04 23:28:34.221 [info] Discovered env: /usr/bin/python
2025-12-04 23:28:34.230 [info] [pet] Env ("/usr/sbin/python") in Path resolved as ResolvedPythonEnv { executable: "/usr/sbin/python", prefix: "/usr", version: "3.13.7.final.0", is64_bit: true, symlinks: Some(["/usr/sbin/python"]) } and reported as Some(GlobalPaths)
2025-12-04 23:28:34.230 [info] Discovered env: /usr/sbin/python
2025-12-04 23:28:34.231 [info] [pet] Env ("/sbin/python") in Path resolved as ResolvedPythonEnv { executable: "/sbin/python", prefix: "/usr", version: "3.13.7.final.0", is64_bit: true, symlinks: Some(["/sbin/python"]) } and reported as Some(GlobalPaths)
2025-12-04 23:28:34.231 [info] Discovered env: /sbin/python
2025-12-04 23:28:34.249 [info] [pet] Env ("/sbin/python3") in Path resolved as ResolvedPythonEnv { executable: "/sbin/python3", prefix: "/usr", version: "3.13.7.final.0", is64_bit: true, symlinks: Some(["/sbin/python3"]) } and reported as Some(GlobalPaths)
2025-12-04 23:28:34.250 [info] Discovered env: /sbin/python3
2025-12-04 23:28:34.251 [info] [pet] Env ("/usr/sbin/python3") in Path resolved as ResolvedPythonEnv { executable: "/usr/sbin/python3", prefix: "/usr", version: "3.13.7.final.0", is64_bit: true, symlinks: Some(["/usr/sbin/python3"]) } and reported as Some(GlobalPaths)
2025-12-04 23:28:34.252 [info] Discovered env: /usr/sbin/python3
2025-12-04 23:28:34.268 [info] [pet] Env ("/sbin/python3.13") in Path resolved as ResolvedPythonEnv { executable: "/sbin/python3.13", prefix: "/usr", version: "3.13.7.final.0", is64_bit: true, symlinks: Some(["/sbin/python3.13"]) } and reported as Some(GlobalPaths)
2025-12-04 23:28:34.268 [info] Discovered env: /sbin/python3.13
2025-12-04 23:28:34.268 [info] [pet] Env ("/usr/sbin/python3.13") in Path resolved as ResolvedPythonEnv { executable: "/usr/sbin/python3.13", prefix: "/usr", version: "3.13.7.final.0", is64_bit: true, symlinks: Some(["/usr/sbin/python3.13"]) } and reported as Some(GlobalPaths)
2025-12-04 23:28:34.269 [info] Discovered env: /usr/sbin/python3.13
2025-12-04 23:28:34.269 [info] [pet] Locator Conda took 69.183398ms
2025-12-04 23:28:34.269 [info] [pet] Locator Homebrew took 75.273µs
2025-12-04 23:28:34.269 [info] [pet] Locator LinuxGlobal took 73.645771ms
2025-12-04 23:28:34.269 [info] [pet] Locator PipEnv took 18.765µs
2025-12-04 23:28:34.269 [info] [pet] Locator Pixi took 55.693µs
2025-12-04 23:28:34.269 [info] [pet] Locator Poetry took 278.591µs
2025-12-04 23:28:34.269 [info] [pet] Locator PyEnv took 229.469µs
2025-12-04 23:28:34.269 [info] [pet] Locator Venv took 31.595µs
2025-12-04 23:28:34.269 [info] [pet] Locator VirtualEnv took 19.793µs
2025-12-04 23:28:34.269 [info] [pet] Locator VirtualEnvWrapper took 34.174µs
2025-12-04 23:28:34.269 [info] [pet] Locator GlobalVirtualEnvs took 160.826µs
2025-12-04 23:28:34.269 [info] [pet] Locator Locators took 74.794925ms
2025-12-04 23:28:34.269 [info] [pet] Locator Path took 122.490336ms
2025-12-04 23:28:34.269 [info] [pet] Locator Workspaces took 1.068551ms
2025-12-04 23:28:34.270 [info] getAllExtraSearchPaths completed. Total unique search directories: 0 Paths: []
2025-12-04 23:28:34.271 [info] [pet] Telemetry:  {"event":"RefreshPerformance","data":{"refreshPerformance":{"total":122,"breakdown":{"GlobalVirtualEnvs":0,"Locators":74,"Path":122,"Workspaces":1},"locators":{"Conda":69,"Homebrew":0,"LinuxGlobal":73,"PipEnv":0,"Pixi":0,"Poetry":0,"PyEnv":0,"Venv":0,"VirtualEnv":0,"VirtualEnvWrapper":0}}}}
2025-12-04 23:28:34.273 [info] Python API: Changed environment from Python 3.13.7 to Python 3.13.7 for: /home/user/repos/homelab
2025-12-04 23:28:34.273 [info] Internal: Changed environment from Python 3.13.7 to Python 3.13.7 for: /home/user/repos/homelab
2025-12-04 23:28:34.274 [info] [pet] Locator GlobalVirtualEnvs took 205ns
2025-12-04 23:28:34.274 [info] [pet] Locator Locators took 199ns
2025-12-04 23:28:34.274 [info] [pet] Locator Path took 218ns
2025-12-04 23:28:34.274 [info] [pet] Locator Workspaces took 697ns
2025-12-04 23:28:34.283 [info] [pet] Telemetry:  {"event":"RefreshPerformance","data":{"refreshPerformance":{"total":0,"breakdown":{"GlobalVirtualEnvs":0,"Locators":0,"Path":0,"Workspaces":0},"locators":{}}}}
2025-12-04 23:28:36.437 [info] Python API: Changed environment from undefined to Python 3.13.7 for: global
2025-12-04 23:28:36.437 [info] Internal: Changed environment from undefined to Python 3.13.7 for: global
2025-12-04 23:29:52.033 [info] getAllExtraSearchPaths completed. Total unique search directories: 0 Paths: []
2025-12-04 23:29:52.043 [info] Resolved Python Environment /bin/python
2025-12-04 23:29:52.043 [info] getAllExtraSearchPaths completed. Total unique search directories: 0 Paths: []
2025-12-04 23:29:52.052 [info] Resolved Python Environment /bin/python
2025-12-04 23:29:52.053 [info] Refreshing poetry environments
2025-12-04 23:29:52.053 [info] getAllExtraSearchPaths completed. Total unique search directories: 0 Paths: []
2025-12-04 23:29:52.064 [info] Resolved Python Environment /bin/python
2025-12-04 23:29:53.956 [info] getAllExtraSearchPaths completed. Total unique search directories: 0 Paths: []
2025-12-04 23:29:53.977 [info] Resolved Python Environment /bin/python
2025-12-04 23:29:53.977 [info] getAllExtraSearchPaths completed. Total unique search directories: 0 Paths: []
2025-12-04 23:29:54.002 [info] Resolved Python Environment /bin/python
2025-12-04 23:29:54.003 [info] getAllExtraSearchPaths completed. Total unique search directories: 0 Paths: []
2025-12-04 23:29:54.011 [info] Resolved Python Environment /bin/python
2025-12-04 23:30:01.095 [info] getAllExtraSearchPaths completed. Total unique search directories: 0 Paths: []
2025-12-04 23:30:01.116 [info] Resolved Python Environment /bin/python
2025-12-04 23:30:01.117 [info] getAllExtraSearchPaths completed. Total unique search directories: 0 Paths: []
2025-12-04 23:30:01.173 [info] Resolved Python Environment /bin/python
2025-12-04 23:30:01.173 [info] getAllExtraSearchPaths completed. Total unique search directories: 0 Paths: []
2025-12-04 23:30:01.181 [info] Resolved Python Environment /bin/python
2025-12-04 23:30:03.459 [info] getAllExtraSearchPaths completed. Total unique search directories: 0 Paths: []
2025-12-04 23:30:03.470 [info] Resolved Python Environment /bin/python
2025-12-04 23:30:03.470 [info] getAllExtraSearchPaths completed. Total unique search directories: 0 Paths: []
2025-12-04 23:30:03.478 [info] Resolved Python Environment /bin/python
2025-12-04 23:30:03.479 [info] getAllExtraSearchPaths completed. Total unique search directories: 0 Paths: []
2025-12-04 23:30:03.487 [info] Resolved Python Environment /bin/python
2025-12-04 23:35:27.544 [info] getAllExtraSearchPaths completed. Total unique search directories: 0 Paths: []
2025-12-04 23:35:27.555 [info] Resolved Python Environment /bin/python
2025-12-04 23:35:27.555 [info] getAllExtraSearchPaths completed. Total unique search directories: 0 Paths: []
2025-12-04 23:35:27.563 [info] Resolved Python Environment /bin/python
2025-12-04 23:35:27.564 [info] getAllExtraSearchPaths completed. Total unique search directories: 0 Paths: []
2025-12-04 23:35:27.573 [info] Resolved Python Environment /bin/python
2025-12-04 23:40:36.579 [info] getAllExtraSearchPaths completed. Total unique search directories: 0 Paths: []
2025-12-04 23:40:36.589 [info] Resolved Python Environment /bin/python
2025-12-04 23:40:36.590 [info] getAllExtraSearchPaths completed. Total unique search directories: 0 Paths: []
2025-12-04 23:40:36.599 [info] Resolved Python Environment /bin/python
2025-12-04 23:40:36.599 [info] getAllExtraSearchPaths completed. Total unique search directories: 0 Paths: []
2025-12-04 23:40:36.607 [info] Resolved Python Environment /bin/python
2025-12-04 23:40:43.681 [info] Running: uv --version
2025-12-04 23:40:43.688 [info] Running: /bin/python -m pip list
2025-12-04 23:40:44.055 [info] python: Package                   Version

2025-12-04 23:40:44.056 [info] python: ------------------------- ----------------
accelerate                1.11.0

2025-12-04 23:40:44.056 [info] python: aiofiles                  24.1.0

2025-12-04 23:40:44.056 [info] python: aiogram                   3.22.0

2025-12-04 23:40:44.056 [info] python: aiohappyeyeballs          2.6.1

2025-12-04 23:40:44.056 [info] python: aiohttp                   3.12.15

2025-12-04 23:40:44.056 [info] python: aiosignal                 1.4.0

2025-12-04 23:40:44.056 [info] python: altair                    5.5.0

2025-12-04 23:40:44.057 [info] python: annotated-types           0.7.0

2025-12-04 23:40:44.057 [info] python: appdirs                   1.4.4

2025-12-04 23:40:44.057 [info] python: arandr                    0.1.11

2025-12-04 23:40:44.057 [info] python: argcomplete               3.6.3

2025-12-04 23:40:44.057 [info] python: attrs                     25.4.0

2025-12-04 23:40:44.057 [info] python: Automat                   25.4.16

2025-12-04 23:40:44.057 [info] python: bitsandbytes              0.48.2

2025-12-04 23:40:44.057 [info] python: blinker                   1.9.0

2025-12-04 23:40:44.058 [info] python: btrfsutil                 6.17.1

2025-12-04 23:40:44.058 [info] python: cachetools                6.2.0

2025-12-04 23:40:44.058 [info] python: certifi                   2025.8.3

2025-12-04 23:40:44.058 [info] python: cffi                      2.0.0

2025-12-04 23:40:44.058 [info] python: charset-normalizer        3.4.3

2025-12-04 23:40:44.058 [info] python: click                     8.3.0

2025-12-04 23:40:44.058 [info] python: colorama                  0.4.6

2025-12-04 23:40:44.058 [info] python: colorz                    1.0.3

2025-12-04 23:40:44.059 [info] python: constantly                23.10.4

2025-12-04 23:40:44.059 [info] python: construct                 2.10.70

2025-12-04 23:40:44.059 [info] python: contourpy                 1.3.3

2025-12-04 23:40:44.059 [info] python: cors                      1.0.1

2025-12-04 23:40:44.059 [info] python: cryptography              46.0.3

2025-12-04 23:40:44.059 [info] python: cycler                    0.12.1

2025-12-04 23:40:44.059 [info] python: DeepFilterLib             0.5.6

2025-12-04 23:40:44.059 [info] python: DeepFilterNet             0.5.6

2025-12-04 23:40:44.060 [info] python: filelock                  3.20.0

2025-12-04 23:40:44.060 [info] python: Flask                     3.1.2

2025-12-04 23:40:44.060 [info] python: flask-cors                6.0.1

2025-12-04 23:40:44.060 [info] python: fonttools                 4.61.0

2025-12-04 23:40:44.060 [info] python: frozenlist                1.8.0

2025-12-04 23:40:44.060 [info] python: fsspec                    2025.7.0

2025-12-04 23:40:44.060 [info] python: future                    1.0.0

2025-12-04 23:40:44.060 [info] python: gevent                    25.9.1

2025-12-04 23:40:44.060 [info] python: gitdb                     4.0.12

2025-12-04 23:40:44.061 [info] python: GitPython                 3.1.45

2025-12-04 23:40:44.061 [info] python: gpg                       2.0.0b25

2025-12-04 23:40:44.061 [info] python: greenlet                  3.2.4

2025-12-04 23:40:44.061 [info] python: hf-xet                    1.2.0

2025-12-04 23:40:44.061 [info] python: huggingface-hub           0.36.0

2025-12-04 23:40:44.061 [info] python: hyperlink                 21.0.0

2025-12-04 23:40:44.061 [info] python: idna                      3.10

2025-12-04 23:40:44.061 [info] python: incremental               24.7.2

2025-12-04 23:40:44.061 [info] python: itsdangerous              2.2.0

2025-12-04 23:40:44.062 [info] python: Jinja2                    3.1.6

2025-12-04 23:40:44.062 [info] python: joblib                    1.5.2

2025-12-04 23:40:44.062 [info] python: jsonschema                4.25.1

2025-12-04 23:40:44.062 [info] python: jsonschema-specifications 2025.9.1

2025-12-04 23:40:44.062 [info] python: kiwisolver                1.4.7

2025-12-04 23:40:44.062 [info] python: libtorrent                2.0.11

2025-12-04 23:40:44.062 [info] python: loguru                    0.7.3

2025-12-04 23:40:44.062 [info] python: magic-filter              1.0.12

2025-12-04 23:40:44.062 [info] python: MarkupSafe                3.0.2

2025-12-04 23:40:44.062 [info] python: matplotlib                3.10.8

2025-12-04 23:40:44.063 [info] python: mpmath                    1.3.0

2025-12-04 23:40:44.063 [info] python: multidict                 6.7.0

2025-12-04 23:40:44.063 [info] python: narwhals                  2.7.0

2025-12-04 23:40:44.063 [info] python: networkx                  3.5

2025-12-04 23:40:44.063 [info] python: nftables                  0.1

2025-12-04 23:40:44.063 [info] python: numpy                     1.26.4

2025-12-04 23:40:44.063 [info] python: nvidia-cublas-cu12        12.8.4.1

2025-12-04 23:40:44.063 [info] python: nvidia-cuda-cupti-cu12    12.8.90

2025-12-04 23:40:44.063 [info] python: nvidia-cuda-nvrtc-cu12    12.8.93

2025-12-04 23:40:44.064 [info] python: nvidia-cuda-runtime-cu12  12.8.90

2025-12-04 23:40:44.064 [info] python: nvidia-cudnn-cu12         9.10.2.21

2025-12-04 23:40:44.064 [info] python: nvidia-cufft-cu12         11.3.3.83

2025-12-04 23:40:44.064 [info] python: nvidia-cufile-cu12        1.13.1.3

2025-12-04 23:40:44.064 [info] python: nvidia-curand-cu12        10.3.9.90

2025-12-04 23:40:44.064 [info] python: nvidia-cusolver-cu12      11.7.3.90

2025-12-04 23:40:44.064 [info] python: nvidia-cusparse-cu12      12.5.8.93

2025-12-04 23:40:44.064 [info] python: nvidia-cusparselt-cu12    0.7.1

2025-12-04 23:40:44.064 [info] python: nvidia-nccl-cu12          2.27.5

2025-12-04 23:40:44.065 [info] python: nvidia-nvjitlink-cu12     12.8.93

2025-12-04 23:40:44.065 [info] python: nvidia-nvshmem-cu12       3.3.20

2025-12-04 23:40:44.065 [info] python: nvidia-nvtx-cu12          12.8.90

2025-12-04 23:40:44.065 [info] python: packaging                 23.2

2025-12-04 23:40:44.065 [info] python: pandas                    2.3.3

2025-12-04 23:40:44.065 [info] python: pillow                    11.3.0

2025-12-04 23:40:44.065 [info] python: pip                       25.3

2025-12-04 23:40:44.065 [info] python: pipx                      1.8.0

2025-12-04 23:40:44.065 [info] python: platformdirs              4.5.0

2025-12-04 23:40:44.066 [info] python: propcache                 0.4.1

2025-12-04 23:40:44.066 [info] python: protobuf                  6.32.1

2025-12-04 23:40:44.066 [info] python: psutil                    7.1.3

2025-12-04 23:40:44.066 [info] python: pyarrow                   21.0.0

2025-12-04 23:40:44.066 [info] python: pyasn1                    0.6.1

2025-12-04 23:40:44.066 [info] python: pycairo                   1.29.0

2025-12-04 23:40:44.066 [info] python: pycparser                 2.23

2025-12-04 23:40:44.066 [info] python: pydantic                  2.11.10

2025-12-04 23:40:44.067 [info] python: pydantic_core             2.33.2

2025-12-04 23:40:44.067 [info] python: pydeck                    0.9.1

2025-12-04 23:40:44.067 [info] python: pyelftools                0.32

2025-12-04 23:40:44.067 [info] python: PyGObject                 3.54.5

2025-12-04 23:40:44.067 [info] python: pyparsing                 3.2.5

2025-12-04 23:40:44.067 [info] python: PyQt5                     5.15.11

2025-12-04 23:40:44.067 [info] python: PyQt5_sip                 12.17.1

2025-12-04 23:40:44.068 [info] python: pysnmp                    7.1.21

2025-12-04 23:40:44.068 [info] python: PySocks                   1.7.1

2025-12-04 23:40:44.068 [info] python: python-dateutil           2.9.0

2025-12-04 23:40:44.068 [info] python: python-dotenv             1.1.1

2025-12-04 23:40:44.068 [info] python: pytorch-triton-rocm       3.5.0

2025-12-04 23:40:44.068 [info] python: pytz                      2025.2

2025-12-04 23:40:44.068 [info] python: pywal                     3.3.0

2025-12-04 23:40:44.069 [info] python: pyxss                     0.0.0

2025-12-04 23:40:44.069 [info] python: PyYAML                    6.0.3

2025-12-04 23:40:44.069 [info] python: referencing               0.36.2

2025-12-04 23:40:44.069 [info] python: Reflector                 2023.6.28.0.36.1

2025-12-04 23:40:44.069 [info] python: regex                     2025.11.3

2025-12-04 23:40:44.069 [info] python: requests                  2.32.5

2025-12-04 23:40:44.069 [info] python: requests-file             3.0.1

2025-12-04 23:40:44.069 [info] python: rpds-py                   0.27.1

2025-12-04 23:40:44.069 [info] python: safetensors               0.6.2

2025-12-04 23:40:44.070 [info] python: scikit-learn              1.7.2

2025-12-04 23:40:44.070 [info] python: scipy                     1.16.1

2025-12-04 23:40:44.070 [info] python: sentencepiece             0.2.1

2025-12-04 23:40:44.070 [info] python: setuptools                80.9.0

2025-12-04 23:40:44.070 [info] python: six                       1.17.0

2025-12-04 23:40:44.070 [info] python: smmap                     5.0.2

2025-12-04 23:40:44.071 [info] python: streamlit                 1.50.0

2025-12-04 23:40:44.071 [info] python: sympy                     1.14.0

2025-12-04 23:40:44.071 [info] python: TBB                       0.2

2025-12-04 23:40:44.071 [info] python: tenacity                  9.1.2

2025-12-04 23:40:44.071 [info] python: tensor                    0.3.6

2025-12-04 23:40:44.071 [info] python: threadpoolctl             3.6.0

2025-12-04 23:40:44.071 [info] python: tldextract                5.3.0

2025-12-04 23:40:44.071 [info] python: tokenizers                0.22.1

2025-12-04 23:40:44.071 [info] python: toml                      0.10.2

2025-12-04 23:40:44.072 [info] python: torbrowser-launcher       0.3.7

2025-12-04 23:40:44.072 [info] python: torch                     2.9.0

2025-12-04 23:40:44.072 [info] python: tornado                   6.5.2

2025-12-04 23:40:44.072 [info] python: tqdm                      4.67.1

2025-12-04 23:40:44.072 [info] python: transformers              4.57.1

2025-12-04 23:40:44.072 [info] python: triton                    3.5.0

2025-12-04 23:40:44.073 [info] python: Twisted                   25.5.0

2025-12-04 23:40:44.073 [info] python: typing_extensions         4.14.1

2025-12-04 23:40:44.073 [info] python: typing-inspection         0.4.2

2025-12-04 23:40:44.073 [info] python: tzdata                    2025.2

2025-12-04 23:40:44.073 [info] python: urllib3                   2.5.0

2025-12-04 23:40:44.073 [info] python: userpath                  1.9.2

2025-12-04 23:40:44.073 [info] python: watchdog                  6.0.0

2025-12-04 23:40:44.073 [info] python: Werkzeug                  3.1.3

2025-12-04 23:40:44.073 [info] python: wheel                     0.45.1

2025-12-04 23:40:44.074 [info] python: yarl                      1.22.0

2025-12-04 23:40:44.074 [info] python: zope.event                6.1

2025-12-04 23:40:44.074 [info] python: zope.interface            8.0.1

2025-12-04 23:42:03.145 [info] getAllExtraSearchPaths completed. Total unique search directories: 0 Paths: []
2025-12-04 23:42:03.156 [info] Resolved Python Environment /bin/python
2025-12-04 23:42:03.157 [info] getAllExtraSearchPaths completed. Total unique search directories: 0 Paths: []
2025-12-04 23:42:03.166 [info] Resolved Python Environment /bin/python
2025-12-04 23:42:03.166 [info] getAllExtraSearchPaths completed. Total unique search directories: 0 Paths: []
2025-12-04 23:42:03.177 [info] Resolved Python Environment /bin/python
2025-12-04 23:42:53.307 [info] getAllExtraSearchPaths completed. Total unique search directories: 0 Paths: []
2025-12-04 23:42:53.318 [info] Resolved Python Environment /bin/python
2025-12-04 23:42:53.319 [info] getAllExtraSearchPaths completed. Total unique search directories: 0 Paths: []
2025-12-04 23:42:53.329 [info] Resolved Python Environment /bin/python
2025-12-04 23:42:53.329 [info] getAllExtraSearchPaths completed. Total unique search directories: 0 Paths: []
2025-12-04 23:42:53.338 [info] Resolved Python Environment /bin/python
2025-12-04 23:42:54.441 [info] getAllExtraSearchPaths completed. Total unique search directories: 0 Paths: []
2025-12-04 23:42:54.460 [info] Resolved Python Environment /bin/python
2025-12-04 23:42:54.461 [info] getAllExtraSearchPaths completed. Total unique search directories: 0 Paths: []
2025-12-04 23:42:54.479 [info] Resolved Python Environment /bin/python
2025-12-04 23:42:54.480 [info] getAllExtraSearchPaths completed. Total unique search directories: 0 Paths: []
2025-12-04 23:42:54.489 [info] Resolved Python Environment /bin/python
2025-12-04 23:42:55.031 [info] getAllExtraSearchPaths completed. Total unique search directories: 0 Paths: []
2025-12-04 23:42:55.039 [info] Resolved Python Environment /bin/python
2025-12-04 23:42:55.040 [info] getAllExtraSearchPaths completed. Total unique search directories: 0 Paths: []
2025-12-04 23:42:55.050 [info] Resolved Python Environment /bin/python
2025-12-04 23:42:55.050 [info] getAllExtraSearchPaths completed. Total unique search directories: 0 Paths: []
2025-12-04 23:42:55.059 [info] Resolved Python Environment /bin/python
2025-12-04 23:43:19.775 [info] getAllExtraSearchPaths completed. Total unique search directories: 0 Paths: []
2025-12-04 23:43:19.831 [info] Resolved Python Environment /bin/python
2025-12-04 23:43:19.832 [info] getAllExtraSearchPaths completed. Total unique search directories: 0 Paths: []
2025-12-04 23:43:19.851 [info] Resolved Python Environment /bin/python
2025-12-04 23:43:19.852 [info] getAllExtraSearchPaths completed. Total unique search directories: 0 Paths: []
2025-12-04 23:43:19.860 [info] Resolved Python Environment /bin/python
2025-12-04 23:43:24.610 [info] getAllExtraSearchPaths completed. Total unique search directories: 0 Paths: []
2025-12-04 23:43:24.621 [info] Resolved Python Environment /bin/python
2025-12-04 23:43:24.621 [info] getAllExtraSearchPaths completed. Total unique search directories: 0 Paths: []
2025-12-04 23:43:24.631 [info] Resolved Python Environment /bin/python
2025-12-04 23:43:24.631 [info] getAllExtraSearchPaths completed. Total unique search directories: 0 Paths: []
2025-12-04 23:43:24.640 [info] Resolved Python Environment /bin/python
2025-12-04 23:44:07.474 [info] getAllExtraSearchPaths completed. Total unique search directories: 0 Paths: []
2025-12-04 23:44:07.483 [info] Resolved Python Environment /bin/python
2025-12-04 23:44:07.483 [info] getAllExtraSearchPaths completed. Total unique search directories: 0 Paths: []
2025-12-04 23:44:07.491 [info] Resolved Python Environment /bin/python
2025-12-04 23:44:07.491 [info] getAllExtraSearchPaths completed. Total unique search directories: 0 Paths: []
2025-12-04 23:44:07.500 [info] Resolved Python Environment /bin/python
2025-12-04 23:44:12.933 [info] getAllExtraSearchPaths completed. Total unique search directories: 0 Paths: []
2025-12-04 23:44:12.943 [info] Resolved Python Environment /bin/python
2025-12-04 23:44:12.943 [info] getAllExtraSearchPaths completed. Total unique search directories: 0 Paths: []
2025-12-04 23:44:12.952 [info] Resolved Python Environment /bin/python
2025-12-04 23:44:12.953 [info] getAllExtraSearchPaths completed. Total unique search directories: 0 Paths: []
2025-12-04 23:44:12.961 [info] Resolved Python Environment /bin/python
2025-12-04 23:44:15.127 [info] getAllExtraSearchPaths completed. Total unique search directories: 0 Paths: []
2025-12-04 23:44:15.145 [info] Resolved Python Environment /bin/python
2025-12-04 23:44:15.145 [info] getAllExtraSearchPaths completed. Total unique search directories: 0 Paths: []
2025-12-04 23:44:15.162 [info] Resolved Python Environment /bin/python
2025-12-04 23:44:15.163 [info] getAllExtraSearchPaths completed. Total unique search directories: 0 Paths: []
2025-12-04 23:44:15.173 [info] Resolved Python Environment /bin/python
2025-12-04 23:44:20.740 [info] getAllExtraSearchPaths completed. Total unique search directories: 0 Paths: []
2025-12-04 23:44:20.777 [info] Resolved Python Environment /bin/python
2025-12-04 23:44:20.777 [info] getAllExtraSearchPaths completed. Total unique search directories: 0 Paths: []
2025-12-04 23:44:20.813 [info] Resolved Python Environment /bin/python
2025-12-04 23:44:20.814 [info] getAllExtraSearchPaths completed. Total unique search directories: 0 Paths: []
2025-12-04 23:44:20.821 [info] Resolved Python Environment /bin/python
2025-12-04 23:44:22.242 [info] getAllExtraSearchPaths completed. Total unique search directories: 0 Paths: []
2025-12-04 23:44:22.250 [info] Resolved Python Environment /bin/python
2025-12-04 23:44:22.251 [info] getAllExtraSearchPaths completed. Total unique search directories: 0 Paths: []
2025-12-04 23:44:22.259 [info] Resolved Python Environment /bin/python
2025-12-04 23:44:22.259 [info] getAllExtraSearchPaths completed. Total unique search directories: 0 Paths: []
2025-12-04 23:44:22.270 [info] Resolved Python Environment /bin/python
