2025-11-09 19:48:15.112 [info] [aebc6443-996d-45c2-90f0-388ff96faa56] Native Broker is only available on Windows and macOS
2025-11-09 19:48:15.112 [info] [getSessions] [all] starting
2025-11-09 19:48:15.112 [info] [getSessions] [all] returned 0 session(s)
2025-11-09 19:48:15.112 [info] [getSessions] [all] starting
2025-11-09 19:48:15.112 [info] [getSessions] [all] returned 0 session(s)
2025-11-09 19:48:15.112 [info] [getSessions] [all] starting
2025-11-09 19:48:15.112 [info] [getSessions] [all] returned 0 session(s)
2025-11-09 19:48:15.112 [info] [getSessions] [499b84ac-1321-427f-aa17-267ca6975798/.default offline_access] starting
2025-11-09 19:48:15.112 [info] [aebc6443-996d-45c2-90f0-388ff96faa56] Native Broker is only available on Windows and macOS
2025-11-09 19:48:15.112 [info] [getSessions] [499b84ac-1321-427f-aa17-267ca6975798/.default offline_access] returned 0 session(s)
2025-11-09 19:48:17.047 [info] [getSessions] [all] starting
2025-11-09 19:48:17.047 [info] [getSessions] [all] returned 0 session(s)
2025-11-09 19:48:17.048 [info] [getSessions] [all] starting
2025-11-09 19:48:17.048 [info] [getSessions] [all] returned 0 session(s)
2025-11-09 19:48:17.048 [info] [getSessions] [all] starting
2025-11-09 19:48:17.048 [info] [getSessions] [all] returned 0 session(s)
2025-11-09 19:48:45.785 [info] [aebc6443-996d-45c2-90f0-388ff96faa56] Native Broker is only available on Windows and macOS
2025-11-09 19:48:45.949 [info] [getSessions] [all] starting
2025-11-09 19:48:45.949 [info] [getSessions] [all] returned 0 session(s)
2025-11-09 19:48:45.949 [info] [getSessions] [all] starting
2025-11-09 19:48:45.949 [info] [getSessions] [all] returned 0 session(s)
2025-11-09 19:48:45.949 [info] [getSessions] [all] starting
2025-11-09 19:48:45.949 [info] [getSessions] [all] returned 0 session(s)
2025-11-09 19:48:45.949 [info] [getSessions] [all] starting
2025-11-09 19:48:45.949 [info] [getSessions] [all] returned 0 session(s)
2025-11-09 19:48:46.050 [info] [getSessions] [499b84ac-1321-427f-aa17-267ca6975798/.default offline_access] starting
2025-11-09 19:48:46.050 [info] [aebc6443-996d-45c2-90f0-388ff96faa56] Native Broker is only available on Windows and macOS
2025-11-09 19:48:46.122 [info] [getSessions] [499b84ac-1321-427f-aa17-267ca6975798/.default offline_access] returned 0 session(s)
2025-11-09 19:48:47.585 [info] [getSessions] [all] starting
2025-11-09 19:48:47.585 [info] [getSessions] [all] returned 0 session(s)
