2025-11-09 19:48:15.046 [info] Reading sessions from keychain...
2025-11-09 19:48:15.046 [info] Got stored sessions!
2025-11-09 19:48:15.046 [info] Got 1 verified sessions.
2025-11-09 19:48:15.046 [info] Getting sessions for all scopes...
2025-11-09 19:48:15.046 [info] Got 1 sessions for ...
2025-11-09 19:48:15.046 [info] Getting sessions for all scopes...
2025-11-09 19:48:15.046 [info] Got 1 sessions for ...
2025-11-09 19:48:15.046 [info] Getting sessions for all scopes...
2025-11-09 19:48:15.046 [info] Got 1 sessions for ...
2025-11-09 19:48:15.046 [info] Getting sessions for all scopes...
2025-11-09 19:48:15.046 [info] Got 1 sessions for ...
2025-11-09 19:48:15.046 [info] Getting sessions for all scopes...
2025-11-09 19:48:15.046 [info] Got 1 sessions for ...
2025-11-09 19:48:15.046 [info] Getting sessions for all scopes...
2025-11-09 19:48:15.046 [info] Got 1 sessions for ...
2025-11-09 19:48:15.046 [info] Getting sessions for all scopes...
2025-11-09 19:48:15.046 [info] Got 1 sessions for ...
2025-11-09 19:48:15.046 [info] Getting sessions for all scopes...
2025-11-09 19:48:15.046 [info] Got 1 sessions for ...
2025-11-09 19:48:15.046 [info] Getting sessions for all scopes...
2025-11-09 19:48:15.046 [info] Got 1 sessions for ...
2025-11-09 19:48:15.046 [info] Getting sessions for all scopes...
2025-11-09 19:48:15.046 [info] Got 1 sessions for ...
2025-11-09 19:48:15.046 [info] Getting sessions for all scopes...
2025-11-09 19:48:15.046 [info] Got 1 sessions for ...
2025-11-09 19:48:15.046 [info] Getting sessions for all scopes...
2025-11-09 19:48:15.046 [info] Got 1 sessions for ...
2025-11-09 19:48:15.046 [info] Getting sessions for all scopes...
2025-11-09 19:48:15.046 [info] Got 1 sessions for ...
2025-11-09 19:48:15.046 [info] Getting sessions for all scopes...
2025-11-09 19:48:15.046 [info] Got 1 sessions for ...
2025-11-09 19:48:15.046 [info] Getting sessions for all scopes...
2025-11-09 19:48:15.046 [info] Got 1 sessions for ...
2025-11-09 19:48:15.046 [info] Getting sessions for all scopes...
2025-11-09 19:48:15.046 [info] Got 1 sessions for ...
2025-11-09 19:48:15.046 [info] Getting sessions for all scopes...
2025-11-09 19:48:15.046 [info] Got 1 sessions for ...
2025-11-09 19:48:15.046 [info] Getting sessions for all scopes...
2025-11-09 19:48:15.046 [info] Got 1 sessions for ...
2025-11-09 19:48:15.046 [info] Getting sessions for read:user,repo,user:email,workflow...
2025-11-09 19:48:15.046 [info] Got 0 sessions for read:user,repo,user:email,workflow...
2025-11-09 19:48:15.074 [info] Getting sessions for user:email...
2025-11-09 19:48:15.074 [info] Got 1 sessions for user:email...
2025-11-09 19:48:15.074 [info] Getting sessions for read:user,repo,user:email,workflow...
2025-11-09 19:48:15.074 [info] Got 0 sessions for read:user,repo,user:email,workflow...
2025-11-09 19:48:15.098 [info] Getting sessions for all scopes...
2025-11-09 19:48:15.098 [info] Got 1 sessions for ...
2025-11-09 19:48:15.099 [info] Getting sessions for read:user,repo,user:email,workflow...
2025-11-09 19:48:15.099 [info] Got 0 sessions for read:user,repo,user:email,workflow...
2025-11-09 19:48:15.100 [info] Getting sessions for user:email...
2025-11-09 19:48:15.100 [info] Got 1 sessions for user:email...
2025-11-09 19:48:17.047 [info] Getting sessions for all scopes...
2025-11-09 19:48:17.047 [info] Got 1 sessions for ...
2025-11-09 19:48:17.048 [info] Getting sessions for all scopes...
2025-11-09 19:48:17.048 [info] Got 1 sessions for ...
2025-11-09 19:48:17.048 [info] Getting sessions for all scopes...
2025-11-09 19:48:17.048 [info] Got 1 sessions for ...
2025-11-09 19:48:17.682 [info] Getting sessions for all scopes...
2025-11-09 19:48:17.682 [info] Got 1 sessions for ...
2025-11-09 19:48:17.683 [info] FetcherService: Electron fetch failed with status: 429 
2025-11-09 19:48:17.693 [info] Getting sessions for all scopes...
2025-11-09 19:48:17.693 [info] Got 1 sessions for ...
2025-11-09 19:48:17.722 [info] Getting sessions for all scopes...
2025-11-09 19:48:17.722 [info] Got 1 sessions for ...
2025-11-09 19:48:17.722 [info] Getting sessions for read:user,repo,user:email,workflow...
2025-11-09 19:48:17.722 [info] Got 0 sessions for read:user,repo,user:email,workflow...
2025-11-09 19:48:17.723 [info] Getting sessions for read:user,repo,user:email,workflow...
2025-11-09 19:48:17.723 [info] Got 0 sessions for read:user,repo,user:email,workflow...
2025-11-09 19:48:17.724 [info] Getting sessions for read:user...
2025-11-09 19:48:17.724 [info] Got 0 sessions for read:user...
2025-11-09 19:48:17.724 [info] Getting sessions for user:email...
2025-11-09 19:48:17.724 [info] Got 1 sessions for user:email...
2025-11-09 19:48:17.726 [info] Getting sessions for user:email...
2025-11-09 19:48:17.726 [info] Got 1 sessions for user:email...
2025-11-09 19:48:18.289 [info] FetcherService: Node fetch failed with status: 429 Too Many Requests
2025-11-09 19:48:18.832 [info] FetcherService: Node http/s failed with status: 429 Too Many Requests
2025-11-09 19:48:42.024 [info] Reading sessions from keychain...
2025-11-09 19:48:42.024 [info] Got stored sessions!
2025-11-09 19:48:42.024 [info] Got 1 verified sessions.
2025-11-09 19:48:42.024 [info] Getting sessions for all scopes...
2025-11-09 19:48:42.024 [info] Got 1 sessions for ...
2025-11-09 19:48:42.024 [info] Getting sessions for all scopes...
2025-11-09 19:48:42.024 [info] Got 1 sessions for ...
2025-11-09 19:48:42.024 [info] Getting sessions for all scopes...
2025-11-09 19:48:42.024 [info] Got 1 sessions for ...
2025-11-09 19:48:42.024 [info] Getting sessions for all scopes...
2025-11-09 19:48:42.024 [info] Got 1 sessions for ...
2025-11-09 19:48:42.024 [info] Getting sessions for all scopes...
2025-11-09 19:48:42.024 [info] Got 1 sessions for ...
2025-11-09 19:48:42.024 [info] Getting sessions for all scopes...
2025-11-09 19:48:42.024 [info] Got 1 sessions for ...
2025-11-09 19:48:42.024 [info] Getting sessions for all scopes...
2025-11-09 19:48:42.024 [info] Got 1 sessions for ...
2025-11-09 19:48:42.024 [info] Getting sessions for all scopes...
2025-11-09 19:48:42.024 [info] Got 1 sessions for ...
2025-11-09 19:48:42.024 [info] Getting sessions for all scopes...
2025-11-09 19:48:42.024 [info] Got 1 sessions for ...
2025-11-09 19:48:42.024 [info] Getting sessions for all scopes...
2025-11-09 19:48:42.024 [info] Got 1 sessions for ...
2025-11-09 19:48:42.024 [info] Getting sessions for all scopes...
2025-11-09 19:48:42.024 [info] Got 1 sessions for ...
2025-11-09 19:48:42.024 [info] Getting sessions for all scopes...
2025-11-09 19:48:42.024 [info] Got 1 sessions for ...
2025-11-09 19:48:42.024 [info] Getting sessions for all scopes...
2025-11-09 19:48:42.024 [info] Got 1 sessions for ...
2025-11-09 19:48:42.024 [info] Getting sessions for all scopes...
2025-11-09 19:48:42.024 [info] Got 1 sessions for ...
2025-11-09 19:48:42.024 [info] Getting sessions for all scopes...
2025-11-09 19:48:42.024 [info] Got 1 sessions for ...
2025-11-09 19:48:42.024 [info] Getting sessions for all scopes...
2025-11-09 19:48:42.024 [info] Got 1 sessions for ...
2025-11-09 19:48:44.957 [info] Getting sessions for all scopes...
2025-11-09 19:48:44.957 [info] Got 1 sessions for ...
2025-11-09 19:48:44.957 [info] Getting sessions for all scopes...
2025-11-09 19:48:44.957 [info] Got 1 sessions for ...
2025-11-09 19:48:44.958 [info] Getting sessions for all scopes...
2025-11-09 19:48:44.958 [info] Got 1 sessions for ...
2025-11-09 19:48:45.168 [info] Getting sessions for all scopes...
2025-11-09 19:48:45.168 [info] Got 1 sessions for ...
2025-11-09 19:48:45.168 [info] Getting sessions for all scopes...
2025-11-09 19:48:45.168 [info] Got 1 sessions for ...
2025-11-09 19:48:45.421 [info] Getting sessions for all scopes...
2025-11-09 19:48:45.421 [info] Got 1 sessions for ...
2025-11-09 19:48:45.732 [info] Getting sessions for read:user,repo,user:email,workflow...
2025-11-09 19:48:45.732 [info] Got 0 sessions for read:user,repo,user:email,workflow...
2025-11-09 19:48:45.746 [info] Getting sessions for all scopes...
2025-11-09 19:48:45.746 [info] Got 1 sessions for ...
2025-11-09 19:48:45.754 [info] Getting sessions for all scopes...
2025-11-09 19:48:45.754 [info] Got 1 sessions for ...
2025-11-09 19:48:45.754 [info] Getting sessions for read:user,repo,user:email,workflow...
2025-11-09 19:48:45.754 [info] Got 0 sessions for read:user,repo,user:email,workflow...
2025-11-09 19:48:45.818 [info] Getting sessions for user:email...
2025-11-09 19:48:45.818 [info] Got 1 sessions for user:email...
2025-11-09 19:48:45.819 [info] Getting sessions for read:user,repo,user:email,workflow...
2025-11-09 19:48:45.819 [info] Got 0 sessions for read:user,repo,user:email,workflow...
2025-11-09 19:48:45.871 [info] FetcherService: Electron fetch failed with status: 429 
2025-11-09 19:48:45.897 [info] Getting sessions for read:user...
2025-11-09 19:48:45.897 [info] Got 0 sessions for read:user...
2025-11-09 19:48:45.948 [info] Getting sessions for all scopes...
2025-11-09 19:48:45.948 [info] Got 1 sessions for ...
2025-11-09 19:48:45.991 [info] Getting sessions for read:user,repo,user:email,workflow...
2025-11-09 19:48:45.991 [info] Got 0 sessions for read:user,repo,user:email,workflow...
2025-11-09 19:48:46.077 [info] Getting sessions for user:email...
2025-11-09 19:48:46.078 [info] Got 1 sessions for user:email...
2025-11-09 19:48:46.122 [info] Getting sessions for read:user,repo,user:email,workflow...
2025-11-09 19:48:46.122 [info] Got 0 sessions for read:user,repo,user:email,workflow...
2025-11-09 19:48:46.259 [info] Getting sessions for read:user,repo,user:email,workflow...
2025-11-09 19:48:46.259 [info] Got 0 sessions for read:user,repo,user:email,workflow...
2025-11-09 19:48:46.550 [info] Getting sessions for read:user,repo,user:email,workflow...
2025-11-09 19:48:46.550 [info] Got 0 sessions for read:user,repo,user:email,workflow...
2025-11-09 19:48:47.585 [info] Getting sessions for all scopes...
2025-11-09 19:48:47.585 [info] Got 1 sessions for ...
2025-11-09 19:48:48.426 [info] FetcherService: Node fetch failed with status: 429 Too Many Requests
2025-11-09 19:48:48.973 [info] FetcherService: Node http/s failed with status: 429 Too Many Requests
