2025-11-14 13:58:53.609 [info] Reading sessions from keychain...
2025-11-14 13:58:53.609 [info] Getting sessions for all scopes...
2025-11-14 13:58:53.609 [info] Got stored sessions!
2025-11-14 13:58:53.609 [info] Got 1 verified sessions.
2025-11-14 13:58:53.609 [info] Got 1 sessions for ...
2025-11-14 13:58:53.609 [info] Getting sessions for all scopes...
2025-11-14 13:58:53.609 [info] Got 1 sessions for ...
2025-11-14 13:58:53.609 [info] Getting sessions for all scopes...
2025-11-14 13:58:53.609 [info] Got 1 sessions for ...
2025-11-14 13:58:53.609 [info] Getting sessions for all scopes...
2025-11-14 13:58:53.609 [info] Got 1 sessions for ...
2025-11-14 13:58:53.609 [info] Getting sessions for all scopes...
2025-11-14 13:58:53.609 [info] Got 1 sessions for ...
2025-11-14 13:58:53.609 [info] Getting sessions for all scopes...
2025-11-14 13:58:53.609 [info] Got 1 sessions for ...
2025-11-14 13:58:53.609 [info] Getting sessions for all scopes...
2025-11-14 13:58:53.609 [info] Got 1 sessions for ...
2025-11-14 13:58:53.609 [info] Getting sessions for all scopes...
2025-11-14 13:58:53.609 [info] Got 1 sessions for ...
2025-11-14 13:58:53.609 [info] Getting sessions for all scopes...
2025-11-14 13:58:53.609 [info] Got 1 sessions for ...
2025-11-14 13:58:53.609 [info] Getting sessions for all scopes...
2025-11-14 13:58:53.609 [info] Got 1 sessions for ...
2025-11-14 13:58:53.609 [info] Getting sessions for all scopes...
2025-11-14 13:58:53.609 [info] Got 1 sessions for ...
2025-11-14 13:58:53.609 [info] Getting sessions for all scopes...
2025-11-14 13:58:53.609 [info] Got 1 sessions for ...
2025-11-14 13:58:53.609 [info] Getting sessions for all scopes...
2025-11-14 13:58:53.609 [info] Got 1 sessions for ...
2025-11-14 13:58:53.609 [info] Getting sessions for all scopes...
2025-11-14 13:58:53.609 [info] Got 1 sessions for ...
2025-11-14 13:58:53.609 [info] Getting sessions for all scopes...
2025-11-14 13:58:53.609 [info] Got 1 sessions for ...
2025-11-14 13:58:53.609 [info] Getting sessions for all scopes...
2025-11-14 13:58:53.609 [info] Got 1 sessions for ...
2025-11-14 13:58:56.098 [info] Getting sessions for all scopes...
2025-11-14 13:58:56.098 [info] Got 1 sessions for ...
2025-11-14 13:58:57.309 [info] Getting sessions for all scopes...
2025-11-14 13:58:57.309 [info] Got 1 sessions for ...
2025-11-14 13:58:57.812 [info] Getting sessions for all scopes...
2025-11-14 13:58:57.812 [info] Got 1 sessions for ...
2025-11-14 13:58:57.812 [info] Getting sessions for read:user,repo,user:email,workflow...
2025-11-14 13:58:57.812 [info] Got 0 sessions for read:user,repo,user:email,workflow...
2025-11-14 13:58:57.979 [info] Getting sessions for read:user,repo,user:email,workflow...
2025-11-14 13:58:57.979 [info] Got 0 sessions for read:user,repo,user:email,workflow...
2025-11-14 13:58:57.979 [info] Getting sessions for read:user...
2025-11-14 13:58:57.979 [info] Got 0 sessions for read:user...
2025-11-14 13:58:58.101 [info] Getting sessions for read:user,repo,user:email,workflow...
2025-11-14 13:58:58.102 [info] Got 0 sessions for read:user,repo,user:email,workflow...
2025-11-14 13:58:58.102 [info] Getting sessions for user:email...
2025-11-14 13:58:58.102 [info] Got 1 sessions for user:email...
2025-11-14 13:58:58.191 [info] Getting sessions for read:user,repo,user:email,workflow...
2025-11-14 13:58:58.191 [info] Got 0 sessions for read:user,repo,user:email,workflow...
2025-11-14 13:58:58.504 [info] Getting sessions for read:user,repo,user:email,workflow...
2025-11-14 13:58:58.504 [info] Got 0 sessions for read:user,repo,user:email,workflow...
2025-11-14 13:59:02.512 [info] FetcherService: Electron fetch failed with status: 429 
2025-11-14 13:59:03.127 [info] FetcherService: Node fetch failed with status: 429 Too Many Requests
2025-11-14 13:59:03.652 [info] FetcherService: Node http/s failed with status: 429 Too Many Requests
2025-11-14 13:59:11.502 [info] Getting sessions for all scopes...
2025-11-14 13:59:11.502 [info] Got 1 sessions for ...
2025-11-14 13:59:11.502 [info] Getting sessions for all scopes...
2025-11-14 13:59:11.502 [info] Got 1 sessions for ...
2025-11-14 13:59:11.583 [info] Getting sessions for read:user,repo,user:email,workflow...
2025-11-14 13:59:11.583 [info] Got 0 sessions for read:user,repo,user:email,workflow...
2025-11-14 13:59:11.587 [info] Getting sessions for user:email...
2025-11-14 13:59:11.587 [info] Got 1 sessions for user:email...
2025-11-14 13:59:11.590 [info] Getting sessions for read:user,repo,user:email,workflow...
2025-11-14 13:59:11.590 [info] Got 0 sessions for read:user,repo,user:email,workflow...
2025-11-14 13:59:11.600 [info] Getting sessions for all scopes...
2025-11-14 13:59:11.600 [info] Got 1 sessions for ...
2025-11-14 13:59:11.602 [info] Getting sessions for read:user,repo,user:email,workflow...
2025-11-14 13:59:11.602 [info] Got 0 sessions for read:user,repo,user:email,workflow...
2025-11-14 13:59:11.603 [info] Getting sessions for user:email...
2025-11-14 13:59:11.603 [info] Got 1 sessions for user:email...
2025-11-14 13:59:13.040 [info] Getting sessions for all scopes...
2025-11-14 13:59:13.040 [info] Got 1 sessions for ...
2025-11-14 13:59:13.040 [info] Getting sessions for all scopes...
2025-11-14 13:59:13.040 [info] Got 1 sessions for ...
2025-11-14 13:59:13.359 [info] Getting sessions for read:user,repo,user:email,workflow...
2025-11-14 13:59:13.359 [info] Got 0 sessions for read:user,repo,user:email,workflow...
2025-11-14 13:59:13.365 [info] Getting sessions for user:email...
2025-11-14 13:59:13.365 [info] Got 1 sessions for user:email...
2025-11-14 13:59:13.365 [info] Getting sessions for read:user,repo,user:email,workflow...
2025-11-14 13:59:13.365 [info] Got 0 sessions for read:user,repo,user:email,workflow...
2025-11-14 13:59:14.718 [info] Getting sessions for all scopes...
2025-11-14 13:59:14.718 [info] Got 1 sessions for ...
2025-11-14 13:59:14.719 [info] Getting sessions for read:user,repo,user:email,workflow...
2025-11-14 13:59:14.719 [info] Got 0 sessions for read:user,repo,user:email,workflow...
2025-11-14 13:59:14.720 [info] Getting sessions for read:user,repo,user:email,workflow...
2025-11-14 13:59:14.720 [info] Got 0 sessions for read:user,repo,user:email,workflow...
2025-11-14 14:10:14.282 [info] Getting sessions for read:user,repo,user:email,workflow...
2025-11-14 14:10:14.282 [info] Got 0 sessions for read:user,repo,user:email,workflow...
2025-11-14 14:10:14.304 [info] Getting sessions for read:user...
2025-11-14 14:10:14.304 [info] Got 0 sessions for read:user...
2025-11-14 14:10:14.305 [info] Getting sessions for user:email...
2025-11-14 14:10:14.305 [info] Got 1 sessions for user:email...
2025-11-14 14:10:14.863 [info] Getting sessions for read:user,repo,user:email,workflow...
2025-11-14 14:10:14.863 [info] Got 0 sessions for read:user,repo,user:email,workflow...
2025-11-14 14:10:14.866 [info] Getting sessions for read:user...
2025-11-14 14:10:14.866 [info] Got 0 sessions for read:user...
2025-11-14 14:10:14.884 [info] Getting sessions for user:email...
2025-11-14 14:10:14.884 [info] Got 1 sessions for user:email...
2025-11-14 14:10:16.759 [info] Getting sessions for read:user,repo,user:email,workflow...
2025-11-14 14:10:16.759 [info] Got 0 sessions for read:user,repo,user:email,workflow...
2025-11-14 14:10:16.760 [info] Getting sessions for read:user...
2025-11-14 14:10:16.760 [info] Got 0 sessions for read:user...
2025-11-14 14:10:16.761 [info] Getting sessions for user:email...
2025-11-14 14:10:16.761 [info] Got 1 sessions for user:email...
2025-11-14 14:10:31.554 [info] Getting sessions for read:user,repo,user:email,workflow...
2025-11-14 14:10:31.554 [info] Got 0 sessions for read:user,repo,user:email,workflow...
2025-11-14 14:10:31.555 [info] Getting sessions for read:user...
2025-11-14 14:10:31.555 [info] Got 0 sessions for read:user...
2025-11-14 14:10:31.556 [info] Getting sessions for user:email...
2025-11-14 14:10:31.556 [info] Got 1 sessions for user:email...
2025-11-14 14:10:31.816 [info] Getting sessions for read:user,repo,user:email,workflow...
2025-11-14 14:10:31.816 [info] Got 0 sessions for read:user,repo,user:email,workflow...
2025-11-14 14:10:31.820 [info] Getting sessions for read:user...
2025-11-14 14:10:31.820 [info] Got 0 sessions for read:user...
2025-11-14 14:10:31.821 [info] Getting sessions for user:email...
2025-11-14 14:10:31.821 [info] Got 1 sessions for user:email...
2025-11-14 14:10:32.487 [info] Getting sessions for read:user,repo,user:email,workflow...
2025-11-14 14:10:32.487 [info] Got 0 sessions for read:user,repo,user:email,workflow...
2025-11-14 14:10:32.488 [info] Getting sessions for read:user...
2025-11-14 14:10:32.488 [info] Got 0 sessions for read:user...
2025-11-14 14:10:32.489 [info] Getting sessions for user:email...
2025-11-14 14:10:32.489 [info] Got 1 sessions for user:email...
2025-11-14 14:10:33.327 [info] Getting sessions for read:user,repo,user:email,workflow...
2025-11-14 14:10:33.327 [info] Got 0 sessions for read:user,repo,user:email,workflow...
2025-11-14 14:10:33.328 [info] Getting sessions for read:user...
2025-11-14 14:10:33.328 [info] Got 0 sessions for read:user...
2025-11-14 14:10:33.328 [info] Getting sessions for user:email...
2025-11-14 14:10:33.328 [info] Got 1 sessions for user:email...
2025-11-14 14:10:35.488 [info] Getting sessions for read:user,repo,user:email,workflow...
2025-11-14 14:10:35.488 [info] Got 0 sessions for read:user,repo,user:email,workflow...
2025-11-14 14:10:35.489 [info] Getting sessions for read:user...
2025-11-14 14:10:35.489 [info] Got 0 sessions for read:user...
2025-11-14 14:10:35.490 [info] Getting sessions for user:email...
2025-11-14 14:10:35.490 [info] Got 1 sessions for user:email...
2025-11-14 14:10:35.911 [info] Getting sessions for read:user,repo,user:email,workflow...
2025-11-14 14:10:35.911 [info] Got 0 sessions for read:user,repo,user:email,workflow...
2025-11-14 14:10:35.920 [info] Getting sessions for read:user...
2025-11-14 14:10:35.920 [info] Got 0 sessions for read:user...
2025-11-14 14:10:35.924 [info] Getting sessions for user:email...
2025-11-14 14:10:35.924 [info] Got 1 sessions for user:email...
2025-11-14 14:10:36.695 [info] Getting sessions for read:user,repo,user:email,workflow...
2025-11-14 14:10:36.695 [info] Got 0 sessions for read:user,repo,user:email,workflow...
2025-11-14 14:10:36.696 [info] Getting sessions for read:user...
2025-11-14 14:10:36.696 [info] Got 0 sessions for read:user...
2025-11-14 14:10:36.697 [info] Getting sessions for user:email...
2025-11-14 14:10:36.697 [info] Got 1 sessions for user:email...
2025-11-14 14:10:39.170 [info] Getting sessions for read:user,repo,user:email,workflow...
2025-11-14 14:10:39.170 [info] Got 0 sessions for read:user,repo,user:email,workflow...
2025-11-14 14:10:39.170 [info] Getting sessions for read:user...
2025-11-14 14:10:39.170 [info] Got 0 sessions for read:user...
2025-11-14 14:10:39.171 [info] Getting sessions for user:email...
2025-11-14 14:10:39.171 [info] Got 1 sessions for user:email...
2025-11-14 14:10:39.733 [info] Getting sessions for read:user,repo,user:email,workflow...
2025-11-14 14:10:39.733 [info] Got 0 sessions for read:user,repo,user:email,workflow...
2025-11-14 14:10:39.735 [info] Getting sessions for read:user...
2025-11-14 14:10:39.735 [info] Got 0 sessions for read:user...
2025-11-14 14:10:39.736 [info] Getting sessions for user:email...
2025-11-14 14:10:39.736 [info] Got 1 sessions for user:email...
2025-11-14 14:10:40.272 [info] Getting sessions for read:user,repo,user:email,workflow...
2025-11-14 14:10:40.272 [info] Got 0 sessions for read:user,repo,user:email,workflow...
2025-11-14 14:10:40.275 [info] Getting sessions for read:user...
2025-11-14 14:10:40.275 [info] Got 0 sessions for read:user...
2025-11-14 14:10:40.278 [info] Getting sessions for user:email...
2025-11-14 14:10:40.278 [info] Got 1 sessions for user:email...
2025-11-14 14:10:40.842 [info] Getting sessions for read:user,repo,user:email,workflow...
2025-11-14 14:10:40.842 [info] Got 0 sessions for read:user,repo,user:email,workflow...
2025-11-14 14:10:40.843 [info] Getting sessions for read:user...
2025-11-14 14:10:40.843 [info] Got 0 sessions for read:user...
2025-11-14 14:10:40.843 [info] Getting sessions for user:email...
2025-11-14 14:10:40.843 [info] Got 1 sessions for user:email...
2025-11-14 14:10:41.209 [info] Getting sessions for read:user,repo,user:email,workflow...
2025-11-14 14:10:41.209 [info] Got 0 sessions for read:user,repo,user:email,workflow...
2025-11-14 14:10:41.210 [info] Getting sessions for read:user...
2025-11-14 14:10:41.210 [info] Got 0 sessions for read:user...
2025-11-14 14:10:41.211 [info] Getting sessions for user:email...
2025-11-14 14:10:41.211 [info] Got 1 sessions for user:email...
2025-11-14 14:10:42.693 [info] Getting sessions for read:user,repo,user:email,workflow...
2025-11-14 14:10:42.693 [info] Got 0 sessions for read:user,repo,user:email,workflow...
2025-11-14 14:10:42.694 [info] Getting sessions for read:user...
2025-11-14 14:10:42.694 [info] Got 0 sessions for read:user...
2025-11-14 14:10:42.694 [info] Getting sessions for user:email...
2025-11-14 14:10:42.694 [info] Got 1 sessions for user:email...
2025-11-14 14:10:43.206 [info] Getting sessions for read:user,repo,user:email,workflow...
2025-11-14 14:10:43.206 [info] Got 0 sessions for read:user,repo,user:email,workflow...
2025-11-14 14:10:43.207 [info] Getting sessions for read:user...
2025-11-14 14:10:43.207 [info] Got 0 sessions for read:user...
2025-11-14 14:10:43.208 [info] Getting sessions for user:email...
2025-11-14 14:10:43.208 [info] Got 1 sessions for user:email...
2025-11-14 14:10:43.603 [info] Getting sessions for read:user,repo,user:email,workflow...
2025-11-14 14:10:43.603 [info] Got 0 sessions for read:user,repo,user:email,workflow...
2025-11-14 14:10:43.604 [info] Getting sessions for read:user...
2025-11-14 14:10:43.604 [info] Got 0 sessions for read:user...
2025-11-14 14:10:43.605 [info] Getting sessions for user:email...
2025-11-14 14:10:43.605 [info] Got 1 sessions for user:email...
2025-11-14 14:10:44.105 [info] Getting sessions for read:user,repo,user:email,workflow...
2025-11-14 14:10:44.105 [info] Got 0 sessions for read:user,repo,user:email,workflow...
2025-11-14 14:10:44.105 [info] Getting sessions for read:user...
2025-11-14 14:10:44.105 [info] Got 0 sessions for read:user...
2025-11-14 14:10:44.106 [info] Getting sessions for user:email...
2025-11-14 14:10:44.106 [info] Got 1 sessions for user:email...
2025-11-14 14:10:44.798 [info] Getting sessions for read:user,repo,user:email,workflow...
2025-11-14 14:10:44.798 [info] Got 0 sessions for read:user,repo,user:email,workflow...
2025-11-14 14:10:44.799 [info] Getting sessions for read:user...
2025-11-14 14:10:44.799 [info] Got 0 sessions for read:user...
2025-11-14 14:10:44.800 [info] Getting sessions for user:email...
2025-11-14 14:10:44.800 [info] Got 1 sessions for user:email...
2025-11-14 14:10:45.125 [info] Getting sessions for read:user,repo,user:email,workflow...
2025-11-14 14:10:45.125 [info] Got 0 sessions for read:user,repo,user:email,workflow...
2025-11-14 14:10:45.126 [info] Getting sessions for read:user...
2025-11-14 14:10:45.126 [info] Got 0 sessions for read:user...
2025-11-14 14:10:45.126 [info] Getting sessions for user:email...
2025-11-14 14:10:45.127 [info] Got 1 sessions for user:email...
2025-11-14 14:10:45.709 [info] Getting sessions for read:user,repo,user:email,workflow...
2025-11-14 14:10:45.710 [info] Got 0 sessions for read:user,repo,user:email,workflow...
2025-11-14 14:10:45.710 [info] Getting sessions for read:user...
2025-11-14 14:10:45.710 [info] Got 0 sessions for read:user...
2025-11-14 14:10:45.711 [info] Getting sessions for user:email...
2025-11-14 14:10:45.711 [info] Got 1 sessions for user:email...
2025-11-14 14:10:46.276 [info] Getting sessions for read:user,repo,user:email,workflow...
2025-11-14 14:10:46.277 [info] Got 0 sessions for read:user,repo,user:email,workflow...
2025-11-14 14:10:46.277 [info] Getting sessions for read:user...
2025-11-14 14:10:46.277 [info] Got 0 sessions for read:user...
2025-11-14 14:10:46.278 [info] Getting sessions for user:email...
2025-11-14 14:10:46.278 [info] Got 1 sessions for user:email...
2025-11-14 14:10:46.678 [info] Getting sessions for read:user,repo,user:email,workflow...
2025-11-14 14:10:46.678 [info] Got 0 sessions for read:user,repo,user:email,workflow...
2025-11-14 14:10:46.679 [info] Getting sessions for read:user...
2025-11-14 14:10:46.679 [info] Got 0 sessions for read:user...
2025-11-14 14:10:46.680 [info] Getting sessions for user:email...
2025-11-14 14:10:46.680 [info] Got 1 sessions for user:email...
2025-11-14 14:10:47.322 [info] Getting sessions for read:user,repo,user:email,workflow...
2025-11-14 14:10:47.322 [info] Got 0 sessions for read:user,repo,user:email,workflow...
2025-11-14 14:10:47.323 [info] Getting sessions for read:user...
2025-11-14 14:10:47.323 [info] Got 0 sessions for read:user...
2025-11-14 14:10:47.324 [info] Getting sessions for user:email...
2025-11-14 14:10:47.324 [info] Got 1 sessions for user:email...
2025-11-14 14:10:48.196 [info] Getting sessions for read:user,repo,user:email,workflow...
2025-11-14 14:10:48.196 [info] Got 0 sessions for read:user,repo,user:email,workflow...
2025-11-14 14:10:48.197 [info] Getting sessions for read:user...
2025-11-14 14:10:48.197 [info] Got 0 sessions for read:user...
2025-11-14 14:10:48.198 [info] Getting sessions for user:email...
2025-11-14 14:10:48.198 [info] Got 1 sessions for user:email...
2025-11-14 14:10:48.641 [info] Getting sessions for read:user,repo,user:email,workflow...
2025-11-14 14:10:48.641 [info] Got 0 sessions for read:user,repo,user:email,workflow...
2025-11-14 14:10:48.642 [info] Getting sessions for read:user...
2025-11-14 14:10:48.642 [info] Got 0 sessions for read:user...
2025-11-14 14:10:48.643 [info] Getting sessions for user:email...
2025-11-14 14:10:48.643 [info] Got 1 sessions for user:email...
2025-11-14 14:10:49.079 [info] Getting sessions for read:user,repo,user:email,workflow...
2025-11-14 14:10:49.079 [info] Got 0 sessions for read:user,repo,user:email,workflow...
2025-11-14 14:10:49.080 [info] Getting sessions for read:user...
2025-11-14 14:10:49.080 [info] Got 0 sessions for read:user...
2025-11-14 14:10:49.081 [info] Getting sessions for user:email...
2025-11-14 14:10:49.081 [info] Got 1 sessions for user:email...
2025-11-14 14:10:49.737 [info] Getting sessions for read:user,repo,user:email,workflow...
2025-11-14 14:10:49.737 [info] Got 0 sessions for read:user,repo,user:email,workflow...
2025-11-14 14:10:49.738 [info] Getting sessions for read:user...
2025-11-14 14:10:49.738 [info] Got 0 sessions for read:user...
2025-11-14 14:10:49.739 [info] Getting sessions for user:email...
2025-11-14 14:10:49.739 [info] Got 1 sessions for user:email...
2025-11-14 14:10:50.092 [info] Getting sessions for read:user,repo,user:email,workflow...
2025-11-14 14:10:50.092 [info] Got 0 sessions for read:user,repo,user:email,workflow...
2025-11-14 14:10:50.093 [info] Getting sessions for read:user...
2025-11-14 14:10:50.093 [info] Got 0 sessions for read:user...
2025-11-14 14:10:50.094 [info] Getting sessions for user:email...
2025-11-14 14:10:50.094 [info] Got 1 sessions for user:email...
2025-11-14 14:10:50.863 [info] Getting sessions for read:user,repo,user:email,workflow...
2025-11-14 14:10:50.863 [info] Got 0 sessions for read:user,repo,user:email,workflow...
2025-11-14 14:10:50.864 [info] Getting sessions for read:user...
2025-11-14 14:10:50.864 [info] Got 0 sessions for read:user...
2025-11-14 14:10:50.865 [info] Getting sessions for user:email...
2025-11-14 14:10:50.865 [info] Got 1 sessions for user:email...
2025-11-14 14:10:51.295 [info] Getting sessions for read:user,repo,user:email,workflow...
2025-11-14 14:10:51.295 [info] Got 0 sessions for read:user,repo,user:email,workflow...
2025-11-14 14:10:51.295 [info] Getting sessions for read:user...
2025-11-14 14:10:51.295 [info] Got 0 sessions for read:user...
2025-11-14 14:10:51.296 [info] Getting sessions for user:email...
2025-11-14 14:10:51.296 [info] Got 1 sessions for user:email...
2025-11-14 14:10:51.898 [info] Getting sessions for read:user,repo,user:email,workflow...
2025-11-14 14:10:51.899 [info] Got 0 sessions for read:user,repo,user:email,workflow...
2025-11-14 14:10:51.899 [info] Getting sessions for read:user...
2025-11-14 14:10:51.899 [info] Got 0 sessions for read:user...
2025-11-14 14:10:51.900 [info] Getting sessions for user:email...
2025-11-14 14:10:51.900 [info] Got 1 sessions for user:email...
2025-11-14 14:10:52.718 [info] Getting sessions for read:user,repo,user:email,workflow...
2025-11-14 14:10:52.718 [info] Got 0 sessions for read:user,repo,user:email,workflow...
2025-11-14 14:10:52.719 [info] Getting sessions for read:user...
2025-11-14 14:10:52.719 [info] Got 0 sessions for read:user...
2025-11-14 14:10:52.720 [info] Getting sessions for user:email...
2025-11-14 14:10:52.720 [info] Got 1 sessions for user:email...
2025-11-14 14:10:56.239 [info] Getting sessions for read:user,repo,user:email,workflow...
2025-11-14 14:10:56.239 [info] Got 0 sessions for read:user,repo,user:email,workflow...
2025-11-14 14:10:56.240 [info] Getting sessions for read:user...
2025-11-14 14:10:56.240 [info] Got 0 sessions for read:user...
2025-11-14 14:10:56.241 [info] Getting sessions for user:email...
2025-11-14 14:10:56.241 [info] Got 1 sessions for user:email...
2025-11-14 14:10:56.938 [info] Getting sessions for read:user,repo,user:email,workflow...
2025-11-14 14:10:56.938 [info] Got 0 sessions for read:user,repo,user:email,workflow...
2025-11-14 14:10:56.939 [info] Getting sessions for read:user...
2025-11-14 14:10:56.939 [info] Got 0 sessions for read:user...
2025-11-14 14:10:56.940 [info] Getting sessions for user:email...
2025-11-14 14:10:56.940 [info] Got 1 sessions for user:email...
2025-11-14 14:10:57.288 [info] Getting sessions for read:user,repo,user:email,workflow...
2025-11-14 14:10:57.288 [info] Got 0 sessions for read:user,repo,user:email,workflow...
2025-11-14 14:10:57.289 [info] Getting sessions for read:user...
2025-11-14 14:10:57.289 [info] Got 0 sessions for read:user...
2025-11-14 14:10:57.290 [info] Getting sessions for user:email...
2025-11-14 14:10:57.290 [info] Got 1 sessions for user:email...
2025-11-14 14:10:58.331 [info] Getting sessions for read:user,repo,user:email,workflow...
2025-11-14 14:10:58.331 [info] Got 0 sessions for read:user,repo,user:email,workflow...
2025-11-14 14:10:58.332 [info] Getting sessions for read:user...
2025-11-14 14:10:58.332 [info] Got 0 sessions for read:user...
2025-11-14 14:10:58.333 [info] Getting sessions for user:email...
2025-11-14 14:10:58.333 [info] Got 1 sessions for user:email...
2025-11-14 14:10:58.757 [info] Getting sessions for read:user,repo,user:email,workflow...
2025-11-14 14:10:58.757 [info] Got 0 sessions for read:user,repo,user:email,workflow...
2025-11-14 14:10:58.758 [info] Getting sessions for read:user...
2025-11-14 14:10:58.758 [info] Got 0 sessions for read:user...
2025-11-14 14:10:58.758 [info] Getting sessions for user:email...
2025-11-14 14:10:58.758 [info] Got 1 sessions for user:email...
2025-11-14 14:10:59.198 [info] Getting sessions for read:user,repo,user:email,workflow...
2025-11-14 14:10:59.198 [info] Got 0 sessions for read:user,repo,user:email,workflow...
2025-11-14 14:10:59.199 [info] Getting sessions for read:user...
2025-11-14 14:10:59.199 [info] Got 0 sessions for read:user...
2025-11-14 14:10:59.200 [info] Getting sessions for user:email...
2025-11-14 14:10:59.200 [info] Got 1 sessions for user:email...
2025-11-14 14:10:59.714 [info] Getting sessions for read:user,repo,user:email,workflow...
2025-11-14 14:10:59.714 [info] Got 0 sessions for read:user,repo,user:email,workflow...
2025-11-14 14:10:59.715 [info] Getting sessions for read:user...
2025-11-14 14:10:59.715 [info] Got 0 sessions for read:user...
2025-11-14 14:10:59.715 [info] Getting sessions for user:email...
2025-11-14 14:10:59.715 [info] Got 1 sessions for user:email...
2025-11-14 14:11:00.126 [info] Getting sessions for read:user,repo,user:email,workflow...
2025-11-14 14:11:00.126 [info] Got 0 sessions for read:user,repo,user:email,workflow...
2025-11-14 14:11:00.127 [info] Getting sessions for read:user...
2025-11-14 14:11:00.127 [info] Got 0 sessions for read:user...
2025-11-14 14:11:00.128 [info] Getting sessions for user:email...
2025-11-14 14:11:00.128 [info] Got 1 sessions for user:email...
2025-11-14 14:11:00.629 [info] Getting sessions for read:user,repo,user:email,workflow...
2025-11-14 14:11:00.629 [info] Got 0 sessions for read:user,repo,user:email,workflow...
2025-11-14 14:11:00.629 [info] Getting sessions for read:user...
2025-11-14 14:11:00.629 [info] Got 0 sessions for read:user...
2025-11-14 14:11:00.630 [info] Getting sessions for user:email...
2025-11-14 14:11:00.630 [info] Got 1 sessions for user:email...
2025-11-14 14:11:01.059 [info] Getting sessions for read:user,repo,user:email,workflow...
2025-11-14 14:11:01.059 [info] Got 0 sessions for read:user,repo,user:email,workflow...
2025-11-14 14:11:01.059 [info] Getting sessions for read:user...
2025-11-14 14:11:01.059 [info] Got 0 sessions for read:user...
2025-11-14 14:11:01.060 [info] Getting sessions for user:email...
2025-11-14 14:11:01.060 [info] Got 1 sessions for user:email...
2025-11-14 14:11:01.373 [info] Getting sessions for read:user,repo,user:email,workflow...
2025-11-14 14:11:01.373 [info] Got 0 sessions for read:user,repo,user:email,workflow...
2025-11-14 14:11:01.374 [info] Getting sessions for read:user...
2025-11-14 14:11:01.374 [info] Got 0 sessions for read:user...
2025-11-14 14:11:01.375 [info] Getting sessions for user:email...
2025-11-14 14:11:01.375 [info] Got 1 sessions for user:email...
2025-11-14 14:11:01.843 [info] Getting sessions for read:user,repo,user:email,workflow...
2025-11-14 14:11:01.843 [info] Got 0 sessions for read:user,repo,user:email,workflow...
2025-11-14 14:11:01.844 [info] Getting sessions for read:user...
2025-11-14 14:11:01.844 [info] Got 0 sessions for read:user...
2025-11-14 14:11:01.845 [info] Getting sessions for user:email...
2025-11-14 14:11:01.845 [info] Got 1 sessions for user:email...
2025-11-14 14:11:02.991 [info] Getting sessions for read:user,repo,user:email,workflow...
2025-11-14 14:11:02.991 [info] Got 0 sessions for read:user,repo,user:email,workflow...
2025-11-14 14:11:02.992 [info] Getting sessions for read:user...
2025-11-14 14:11:02.992 [info] Got 0 sessions for read:user...
2025-11-14 14:11:02.992 [info] Getting sessions for user:email...
2025-11-14 14:11:02.992 [info] Got 1 sessions for user:email...
2025-11-14 14:11:03.661 [info] Getting sessions for read:user,repo,user:email,workflow...
2025-11-14 14:11:03.661 [info] Got 0 sessions for read:user,repo,user:email,workflow...
2025-11-14 14:11:03.663 [info] Getting sessions for read:user...
2025-11-14 14:11:03.663 [info] Got 0 sessions for read:user...
2025-11-14 14:11:03.666 [info] Getting sessions for user:email...
2025-11-14 14:11:03.666 [info] Got 1 sessions for user:email...
2025-11-14 14:11:04.246 [info] Getting sessions for read:user,repo,user:email,workflow...
2025-11-14 14:11:04.246 [info] Got 0 sessions for read:user,repo,user:email,workflow...
2025-11-14 14:11:04.247 [info] Getting sessions for read:user...
2025-11-14 14:11:04.247 [info] Got 0 sessions for read:user...
2025-11-14 14:11:04.248 [info] Getting sessions for user:email...
2025-11-14 14:11:04.248 [info] Got 1 sessions for user:email...
2025-11-14 14:11:04.775 [info] Getting sessions for read:user,repo,user:email,workflow...
2025-11-14 14:11:04.775 [info] Got 0 sessions for read:user,repo,user:email,workflow...
2025-11-14 14:11:04.776 [info] Getting sessions for read:user...
2025-11-14 14:11:04.776 [info] Got 0 sessions for read:user...
2025-11-14 14:11:04.777 [info] Getting sessions for user:email...
2025-11-14 14:11:04.777 [info] Got 1 sessions for user:email...
2025-11-14 14:11:05.401 [info] Getting sessions for read:user,repo,user:email,workflow...
2025-11-14 14:11:05.401 [info] Got 0 sessions for read:user,repo,user:email,workflow...
2025-11-14 14:11:05.402 [info] Getting sessions for read:user...
2025-11-14 14:11:05.402 [info] Got 0 sessions for read:user...
2025-11-14 14:11:05.403 [info] Getting sessions for user:email...
2025-11-14 14:11:05.403 [info] Got 1 sessions for user:email...
2025-11-14 14:11:05.892 [info] Getting sessions for read:user,repo,user:email,workflow...
2025-11-14 14:11:05.892 [info] Got 0 sessions for read:user,repo,user:email,workflow...
2025-11-14 14:11:05.894 [info] Getting sessions for read:user...
2025-11-14 14:11:05.894 [info] Got 0 sessions for read:user...
2025-11-14 14:11:05.894 [info] Getting sessions for user:email...
2025-11-14 14:11:05.895 [info] Got 1 sessions for user:email...
2025-11-14 14:11:06.741 [info] Getting sessions for read:user,repo,user:email,workflow...
2025-11-14 14:11:06.741 [info] Got 0 sessions for read:user,repo,user:email,workflow...
2025-11-14 14:11:06.742 [info] Getting sessions for read:user...
2025-11-14 14:11:06.742 [info] Got 0 sessions for read:user...
2025-11-14 14:11:06.743 [info] Getting sessions for user:email...
2025-11-14 14:11:06.743 [info] Got 1 sessions for user:email...
2025-11-14 14:11:07.140 [info] Getting sessions for read:user,repo,user:email,workflow...
2025-11-14 14:11:07.140 [info] Got 0 sessions for read:user,repo,user:email,workflow...
2025-11-14 14:11:07.141 [info] Getting sessions for read:user...
2025-11-14 14:11:07.141 [info] Got 0 sessions for read:user...
2025-11-14 14:11:07.142 [info] Getting sessions for user:email...
2025-11-14 14:11:07.142 [info] Got 1 sessions for user:email...
2025-11-14 14:11:07.885 [info] Getting sessions for read:user,repo,user:email,workflow...
2025-11-14 14:11:07.885 [info] Got 0 sessions for read:user,repo,user:email,workflow...
2025-11-14 14:11:07.891 [info] Getting sessions for read:user...
2025-11-14 14:11:07.891 [info] Got 0 sessions for read:user...
2025-11-14 14:11:07.891 [info] Getting sessions for user:email...
2025-11-14 14:11:07.891 [info] Got 1 sessions for user:email...
2025-11-14 14:11:08.322 [info] Getting sessions for read:user,repo,user:email,workflow...
2025-11-14 14:11:08.322 [info] Got 0 sessions for read:user,repo,user:email,workflow...
2025-11-14 14:11:08.323 [info] Getting sessions for read:user...
2025-11-14 14:11:08.323 [info] Got 0 sessions for read:user...
2025-11-14 14:11:08.324 [info] Getting sessions for user:email...
2025-11-14 14:11:08.324 [info] Got 1 sessions for user:email...
2025-11-14 14:11:08.702 [info] Getting sessions for read:user,repo,user:email,workflow...
2025-11-14 14:11:08.702 [info] Got 0 sessions for read:user,repo,user:email,workflow...
2025-11-14 14:11:08.703 [info] Getting sessions for read:user...
2025-11-14 14:11:08.703 [info] Got 0 sessions for read:user...
2025-11-14 14:11:08.704 [info] Getting sessions for user:email...
2025-11-14 14:11:08.704 [info] Got 1 sessions for user:email...
2025-11-14 14:11:52.556 [info] Getting sessions for read:user,repo,user:email,workflow...
2025-11-14 14:11:52.556 [info] Got 0 sessions for read:user,repo,user:email,workflow...
2025-11-14 14:11:52.592 [info] Getting sessions for read:user...
2025-11-14 14:11:52.592 [info] Got 0 sessions for read:user...
2025-11-14 14:11:52.621 [info] Getting sessions for user:email...
2025-11-14 14:11:52.621 [info] Got 1 sessions for user:email...
2025-11-14 14:20:09.104 [info] Getting sessions for read:user,repo,user:email,workflow...
2025-11-14 14:20:09.104 [info] Got 0 sessions for read:user,repo,user:email,workflow...
2025-11-14 14:20:09.107 [info] Getting sessions for read:user...
2025-11-14 14:20:09.107 [info] Got 0 sessions for read:user...
2025-11-14 14:20:09.109 [info] Getting sessions for user:email...
2025-11-14 14:20:09.109 [info] Got 1 sessions for user:email...
2025-11-14 14:20:11.340 [info] Getting sessions for read:user,repo,user:email,workflow...
2025-11-14 14:20:11.340 [info] Got 0 sessions for read:user,repo,user:email,workflow...
2025-11-14 14:20:11.341 [info] Getting sessions for read:user...
2025-11-14 14:20:11.341 [info] Got 0 sessions for read:user...
2025-11-14 14:20:11.343 [info] Getting sessions for user:email...
2025-11-14 14:20:11.343 [info] Got 1 sessions for user:email...
2025-11-14 14:20:14.718 [info] Getting sessions for read:user,repo,user:email,workflow...
2025-11-14 14:20:14.718 [info] Got 0 sessions for read:user,repo,user:email,workflow...
2025-11-14 14:20:14.721 [info] Getting sessions for read:user...
2025-11-14 14:20:14.721 [info] Got 0 sessions for read:user...
2025-11-14 14:20:14.723 [info] Getting sessions for user:email...
2025-11-14 14:20:14.723 [info] Got 1 sessions for user:email...
2025-11-14 14:20:17.289 [info] Getting sessions for read:user,repo,user:email,workflow...
2025-11-14 14:20:17.289 [info] Got 0 sessions for read:user,repo,user:email,workflow...
2025-11-14 14:20:17.303 [info] Getting sessions for read:user...
2025-11-14 14:20:17.303 [info] Got 0 sessions for read:user...
2025-11-14 14:20:17.308 [info] Getting sessions for user:email...
2025-11-14 14:20:17.308 [info] Got 1 sessions for user:email...
2025-11-14 14:20:19.495 [info] Getting sessions for read:user,repo,user:email,workflow...
2025-11-14 14:20:19.495 [info] Got 0 sessions for read:user,repo,user:email,workflow...
2025-11-14 14:20:19.498 [info] Getting sessions for read:user...
2025-11-14 14:20:19.498 [info] Got 0 sessions for read:user...
2025-11-14 14:20:19.500 [info] Getting sessions for user:email...
2025-11-14 14:20:19.501 [info] Got 1 sessions for user:email...
2025-11-14 14:54:13.273 [info] Getting sessions for read:user,repo,user:email,workflow...
2025-11-14 14:54:13.273 [info] Got 0 sessions for read:user,repo,user:email,workflow...
2025-11-14 14:54:13.274 [info] Getting sessions for read:user...
2025-11-14 14:54:13.274 [info] Got 0 sessions for read:user...
2025-11-14 14:54:13.274 [info] Getting sessions for user:email...
2025-11-14 14:54:13.274 [info] Got 1 sessions for user:email...
2025-11-14 14:54:48.934 [info] Getting sessions for read:user,repo,user:email,workflow...
2025-11-14 14:54:48.934 [info] Got 0 sessions for read:user,repo,user:email,workflow...
2025-11-14 14:54:48.939 [info] Getting sessions for read:user...
2025-11-14 14:54:48.939 [info] Got 0 sessions for read:user...
2025-11-14 14:54:48.959 [info] Getting sessions for user:email...
2025-11-14 14:54:48.959 [info] Got 1 sessions for user:email...
2025-11-14 14:54:51.107 [info] Getting sessions for read:user,repo,user:email,workflow...
2025-11-14 14:54:51.107 [info] Got 0 sessions for read:user,repo,user:email,workflow...
2025-11-14 14:54:51.109 [info] Getting sessions for read:user...
2025-11-14 14:54:51.109 [info] Got 0 sessions for read:user...
2025-11-14 14:54:51.110 [info] Getting sessions for user:email...
2025-11-14 14:54:51.110 [info] Got 1 sessions for user:email...
2025-11-14 14:54:51.582 [info] Getting sessions for read:user,repo,user:email,workflow...
2025-11-14 14:54:51.582 [info] Got 0 sessions for read:user,repo,user:email,workflow...
2025-11-14 14:54:51.583 [info] Getting sessions for read:user...
2025-11-14 14:54:51.583 [info] Got 0 sessions for read:user...
2025-11-14 14:54:51.584 [info] Getting sessions for user:email...
2025-11-14 14:54:51.584 [info] Got 1 sessions for user:email...
2025-11-14 14:54:51.997 [info] Getting sessions for read:user,repo,user:email,workflow...
2025-11-14 14:54:51.997 [info] Got 0 sessions for read:user,repo,user:email,workflow...
2025-11-14 14:54:52.000 [info] Getting sessions for read:user...
2025-11-14 14:54:52.001 [info] Got 0 sessions for read:user...
2025-11-14 14:54:52.001 [info] Getting sessions for user:email...
2025-11-14 14:54:52.001 [info] Got 1 sessions for user:email...
2025-11-14 14:54:56.705 [info] Getting sessions for read:user,repo,user:email,workflow...
2025-11-14 14:54:56.705 [info] Got 0 sessions for read:user,repo,user:email,workflow...
2025-11-14 14:54:56.705 [info] Getting sessions for read:user...
2025-11-14 14:54:56.705 [info] Got 0 sessions for read:user...
2025-11-14 14:54:56.706 [info] Getting sessions for user:email...
2025-11-14 14:54:56.706 [info] Got 1 sessions for user:email...
2025-11-14 14:54:57.068 [info] Getting sessions for read:user,repo,user:email,workflow...
2025-11-14 14:54:57.068 [info] Got 0 sessions for read:user,repo,user:email,workflow...
2025-11-14 14:54:57.069 [info] Getting sessions for read:user...
2025-11-14 14:54:57.069 [info] Got 0 sessions for read:user...
2025-11-14 14:54:57.069 [info] Getting sessions for user:email...
2025-11-14 14:54:57.069 [info] Got 1 sessions for user:email...
2025-11-14 14:55:18.213 [info] Getting sessions for read:user,repo,user:email,workflow...
2025-11-14 14:55:18.213 [info] Got 0 sessions for read:user,repo,user:email,workflow...
2025-11-14 14:55:18.214 [info] Getting sessions for read:user...
2025-11-14 14:55:18.214 [info] Got 0 sessions for read:user...
2025-11-14 14:55:18.225 [info] Getting sessions for user:email...
2025-11-14 14:55:18.225 [info] Got 1 sessions for user:email...
2025-11-14 14:55:51.607 [info] Getting sessions for read:user,repo,user:email,workflow...
2025-11-14 14:55:51.607 [info] Got 0 sessions for read:user,repo,user:email,workflow...
2025-11-14 14:55:51.608 [info] Getting sessions for read:user...
2025-11-14 14:55:51.608 [info] Got 0 sessions for read:user...
2025-11-14 14:55:51.609 [info] Getting sessions for user:email...
2025-11-14 14:55:51.609 [info] Got 1 sessions for user:email...
2025-11-14 15:05:01.770 [info] Getting sessions for read:user,repo,user:email,workflow...
2025-11-14 15:05:01.770 [info] Got 0 sessions for read:user,repo,user:email,workflow...
2025-11-14 15:05:01.771 [info] Getting sessions for read:user...
2025-11-14 15:05:01.771 [info] Got 0 sessions for read:user...
2025-11-14 15:05:01.772 [info] Getting sessions for user:email...
2025-11-14 15:05:01.772 [info] Got 1 sessions for user:email...
2025-11-14 15:34:03.417 [info] Getting sessions for read:user,repo,user:email,workflow...
2025-11-14 15:34:03.417 [info] Got 0 sessions for read:user,repo,user:email,workflow...
2025-11-14 15:34:03.418 [info] Getting sessions for read:user...
2025-11-14 15:34:03.418 [info] Got 0 sessions for read:user...
2025-11-14 15:34:03.418 [info] Getting sessions for user:email...
2025-11-14 15:34:03.418 [info] Got 1 sessions for user:email...
2025-11-14 15:34:04.075 [info] Getting sessions for read:user,repo,user:email,workflow...
2025-11-14 15:34:04.075 [info] Got 0 sessions for read:user,repo,user:email,workflow...
2025-11-14 15:34:04.076 [info] Getting sessions for read:user...
2025-11-14 15:34:04.076 [info] Got 0 sessions for read:user...
2025-11-14 15:34:04.077 [info] Getting sessions for user:email...
2025-11-14 15:34:04.077 [info] Got 1 sessions for user:email...
