2025-11-12 17:45:57.755 [info] 
=== Python Envs Configuration Levels ===
2025-11-12 17:45:57.755 [info] {
  "section": "Python Envs Configuration Levels",
  "defaultEnvManager": {
    "workspaceFolderValue": "undefined",
    "workspaceValue": "undefined",
    "globalValue": "undefined",
    "defaultValue": "ms-python.python:venv"
  },
  "defaultPackageManager": {
    "workspaceFolderValue": "undefined",
    "workspaceValue": "undefined",
    "globalValue": "undefined",
    "defaultValue": "ms-python.python:pip"
  }
}
2025-11-12 17:45:57.755 [info] [pet] Starting Python Locator /home/user/.vscode/extensions/ms-python.vscode-python-envs-1.10.0-linux-x64/python-env-tools/bin/pet server
2025-11-12 17:45:57.755 [info] getAllExtraSearchPaths completed. Total unique search directories: 0 Paths: []
2025-11-12 17:45:57.755 [info] [pet] configure: Sending configuration update: {"workspaceDirectories":["/home/user/repos"],"environmentDirectories":[],"poetryExecutable":"poetry","cacheDirectory":"/home/user/.config/Code/User/globalStorage/ms-python.vscode-python-envs/pythonLocator"}
2025-11-12 17:46:03.234 [info] Discovered env: /usr/bin/python
2025-11-12 17:46:03.234 [info] Discovered env: /bin/python
2025-11-12 17:46:03.235 [info] [pet] Env ("/sbin/python") in Path resolved as ResolvedPythonEnv { executable: "/sbin/python", prefix: "/usr", version: "3.13.7.final.0", is64_bit: true, symlinks: Some(["/sbin/python"]) } and reported as Some(GlobalPaths)
2025-11-12 17:46:03.235 [info] [pet] Env ("/usr/sbin/python") in Path resolved as ResolvedPythonEnv { executable: "/usr/sbin/python", prefix: "/usr", version: "3.13.7.final.0", is64_bit: true, symlinks: Some(["/usr/sbin/python"]) } and reported as Some(GlobalPaths)
2025-11-12 17:46:03.235 [info] Discovered env: /sbin/python
2025-11-12 17:46:03.236 [info] Discovered env: /usr/sbin/python
2025-11-12 17:46:03.241 [info] [pet] Env ("/sbin/python3") in Path resolved as ResolvedPythonEnv { executable: "/sbin/python3", prefix: "/usr", version: "3.13.7.final.0", is64_bit: true, symlinks: Some(["/sbin/python3"]) } and reported as Some(GlobalPaths)
2025-11-12 17:46:03.241 [info] Discovered env: /sbin/python3
2025-11-12 17:46:03.241 [info] [pet] Env ("/usr/sbin/python3") in Path resolved as ResolvedPythonEnv { executable: "/usr/sbin/python3", prefix: "/usr", version: "3.13.7.final.0", is64_bit: true, symlinks: Some(["/usr/sbin/python3"]) } and reported as Some(GlobalPaths)
2025-11-12 17:46:03.242 [info] Discovered env: /usr/sbin/python3
2025-11-12 17:46:03.242 [info] [pet] Env ("/sbin/python3.13") in Path resolved as ResolvedPythonEnv { executable: "/sbin/python3.13", prefix: "/usr", version: "3.13.7.final.0", is64_bit: true, symlinks: Some(["/sbin/python3.13"]) } and reported as Some(GlobalPaths)
2025-11-12 17:46:03.242 [info] Discovered env: /sbin/python3.13
2025-11-12 17:46:03.242 [info] [pet] Env ("/usr/sbin/python3.13") in Path resolved as ResolvedPythonEnv { executable: "/usr/sbin/python3.13", prefix: "/usr", version: "3.13.7.final.0", is64_bit: true, symlinks: Some(["/usr/sbin/python3.13"]) } and reported as Some(GlobalPaths)
2025-11-12 17:46:03.242 [info] Discovered env: /usr/sbin/python3.13
2025-11-12 17:46:03.242 [info] [pet] Locator Conda took 164.322307ms
2025-11-12 17:46:03.242 [info] [pet] Locator Homebrew took 436.617µs
2025-11-12 17:46:03.242 [info] [pet] Locator LinuxGlobal took 117.460089ms
2025-11-12 17:46:03.242 [info] [pet] Locator PipEnv took 20.083µs
2025-11-12 17:46:03.242 [info] [pet] Locator Pixi took 35.139µs
2025-11-12 17:46:03.242 [info] [pet] Locator Poetry took 2.36887ms
2025-11-12 17:46:03.242 [info] [pet] Locator PyEnv took 391.382µs
2025-11-12 17:46:03.242 [info] [pet] Locator Venv took 214.139µs
2025-11-12 17:46:03.242 [info] [pet] Locator VirtualEnv took 18.546µs
2025-11-12 17:46:03.242 [info] [pet] Locator VirtualEnvWrapper took 15.194µs
2025-11-12 17:46:03.242 [info] [pet] Locator GlobalVirtualEnvs took 79.688µs
2025-11-12 17:46:03.242 [info] [pet] Locator Locators took 165.435991ms
2025-11-12 17:46:03.242 [info] [pet] Locator Path took 193.937894ms
2025-11-12 17:46:03.242 [info] [pet] Locator Workspaces took 17.300137ms
2025-11-12 17:46:03.243 [info] getAllExtraSearchPaths completed. Total unique search directories: 0 Paths: []
2025-11-12 17:46:03.246 [info] Conda not found, turning off conda features. Error: Conda not found
    at R (/home/user/.vscode/extensions/ms-python.vscode-python-envs-1.10.0-linux-x64/dist/extension.js:2:529904)
    at L (/home/user/.vscode/extensions/ms-python.vscode-python-envs-1.10.0-linux-x64/dist/extension.js:2:530029)
    at t.registerCondaFeatures (/home/user/.vscode/extensions/ms-python.vscode-python-envs-1.10.0-linux-x64/dist/extension.js:2:546478)
    at async Promise.all (index 1)
    at Immediate.<anonymous> (/home/user/.vscode/extensions/ms-python.vscode-python-envs-1.10.0-linux-x64/dist/extension.js:2:678817)
2025-11-12 17:46:03.255 [info] [pet] Telemetry:  {"event":"RefreshPerformance","data":{"refreshPerformance":{"total":194,"breakdown":{"GlobalVirtualEnvs":0,"Locators":165,"Path":193,"Workspaces":17},"locators":{"Conda":164,"Homebrew":0,"LinuxGlobal":117,"PipEnv":0,"Pixi":0,"Poetry":2,"PyEnv":0,"Venv":0,"VirtualEnv":0,"VirtualEnvWrapper":0}}}}
2025-11-12 17:46:03.313 [info] Discovered env: /bin/python
2025-11-12 17:46:03.348 [info] Discovered env: /usr/bin/python
2025-11-12 17:46:03.354 [info] [pet] Env ("/usr/sbin/python") in Path resolved as ResolvedPythonEnv { executable: "/usr/sbin/python", prefix: "/usr", version: "3.13.7.final.0", is64_bit: true, symlinks: Some(["/usr/sbin/python"]) } and reported as Some(GlobalPaths)
2025-11-12 17:46:03.354 [info] Discovered env: /usr/sbin/python
2025-11-12 17:46:03.380 [info] [pet] Env ("/sbin/python") in Path resolved as ResolvedPythonEnv { executable: "/sbin/python", prefix: "/usr", version: "3.13.7.final.0", is64_bit: true, symlinks: Some(["/sbin/python"]) } and reported as Some(GlobalPaths)
2025-11-12 17:46:03.380 [info] Discovered env: /sbin/python
2025-11-12 17:46:03.381 [info] [pet] Env ("/usr/sbin/python3") in Path resolved as ResolvedPythonEnv { executable: "/usr/sbin/python3", prefix: "/usr", version: "3.13.7.final.0", is64_bit: true, symlinks: Some(["/usr/sbin/python3"]) } and reported as Some(GlobalPaths)
2025-11-12 17:46:03.381 [info] Discovered env: /usr/sbin/python3
2025-11-12 17:46:03.391 [info] [pet] Env ("/usr/sbin/python3.13") in Path resolved as ResolvedPythonEnv { executable: "/usr/sbin/python3.13", prefix: "/usr", version: "3.13.7.final.0", is64_bit: true, symlinks: Some(["/usr/sbin/python3.13"]) } and reported as Some(GlobalPaths)
2025-11-12 17:46:03.392 [info] Discovered env: /usr/sbin/python3.13
2025-11-12 17:46:03.394 [info] [pet] Env ("/sbin/python3") in Path resolved as ResolvedPythonEnv { executable: "/sbin/python3", prefix: "/usr", version: "3.13.7.final.0", is64_bit: true, symlinks: Some(["/sbin/python3"]) } and reported as Some(GlobalPaths)
2025-11-12 17:46:03.394 [info] Discovered env: /sbin/python3
2025-11-12 17:46:03.405 [info] [pet] Env ("/sbin/python3.13") in Path resolved as ResolvedPythonEnv { executable: "/sbin/python3.13", prefix: "/usr", version: "3.13.7.final.0", is64_bit: true, symlinks: Some(["/sbin/python3.13"]) } and reported as Some(GlobalPaths)
2025-11-12 17:46:03.405 [info] Discovered env: /sbin/python3.13
2025-11-12 17:46:03.406 [info] [pet] Locator Conda took 91.615967ms
2025-11-12 17:46:03.406 [info] [pet] Locator Homebrew took 65.644µs
2025-11-12 17:46:03.406 [info] [pet] Locator LinuxGlobal took 88.08782ms
2025-11-12 17:46:03.406 [info] [pet] Locator PipEnv took 16.106µs
2025-11-12 17:46:03.406 [info] [pet] Locator Pixi took 17.277µs
2025-11-12 17:46:03.406 [info] [pet] Locator Poetry took 75.892µs
2025-11-12 17:46:03.406 [info] [pet] Locator PyEnv took 71.421µs
2025-11-12 17:46:03.406 [info] [pet] Locator Venv took 281.972µs
2025-11-12 17:46:03.406 [info] [pet] Locator VirtualEnv took 99.342µs
2025-11-12 17:46:03.406 [info] [pet] Locator VirtualEnvWrapper took 20.971µs
2025-11-12 17:46:03.406 [info] [pet] Locator GlobalVirtualEnvs took 122.112µs
2025-11-12 17:46:03.406 [info] [pet] Locator Locators took 92.041132ms
2025-11-12 17:46:03.406 [info] [pet] Locator Path took 149.29945ms
2025-11-12 17:46:03.406 [info] [pet] Locator Workspaces took 14.305303ms
2025-11-12 17:46:03.407 [info] getAllExtraSearchPaths completed. Total unique search directories: 0 Paths: []
2025-11-12 17:46:03.408 [info] Pipenv not found
2025-11-12 17:46:03.408 [info] Pipenv not found, turning off pipenv features.
2025-11-12 17:46:03.408 [info] [pet] Telemetry:  {"event":"RefreshPerformance","data":{"refreshPerformance":{"total":149,"breakdown":{"GlobalVirtualEnvs":0,"Locators":92,"Path":149,"Workspaces":14},"locators":{"Conda":91,"Homebrew":0,"LinuxGlobal":88,"PipEnv":0,"Pixi":0,"Poetry":0,"PyEnv":0,"Venv":0,"VirtualEnv":0,"VirtualEnvWrapper":0}}}}
2025-11-12 17:46:03.447 [info] Discovered env: /bin/python
2025-11-12 17:46:03.488 [info] Discovered env: /usr/bin/python
2025-11-12 17:46:03.495 [info] [pet] Env ("/usr/sbin/python") in Path resolved as ResolvedPythonEnv { executable: "/usr/sbin/python", prefix: "/usr", version: "3.13.7.final.0", is64_bit: true, symlinks: Some(["/usr/sbin/python"]) } and reported as Some(GlobalPaths)
2025-11-12 17:46:03.498 [info] Discovered env: /usr/sbin/python
2025-11-12 17:46:03.505 [info] [pet] Env ("/sbin/python") in Path resolved as ResolvedPythonEnv { executable: "/sbin/python", prefix: "/usr", version: "3.13.7.final.0", is64_bit: true, symlinks: Some(["/sbin/python"]) } and reported as Some(GlobalPaths)
2025-11-12 17:46:03.505 [info] Discovered env: /sbin/python
2025-11-12 17:46:03.521 [info] [pet] Env ("/usr/sbin/python3") in Path resolved as ResolvedPythonEnv { executable: "/usr/sbin/python3", prefix: "/usr", version: "3.13.7.final.0", is64_bit: true, symlinks: Some(["/usr/sbin/python3"]) } and reported as Some(GlobalPaths)
2025-11-12 17:46:03.525 [info] Discovered env: /usr/sbin/python3
2025-11-12 17:46:03.533 [info] [pet] Env ("/sbin/python3") in Path resolved as ResolvedPythonEnv { executable: "/sbin/python3", prefix: "/usr", version: "3.13.7.final.0", is64_bit: true, symlinks: Some(["/sbin/python3"]) } and reported as Some(GlobalPaths)
2025-11-12 17:46:03.533 [info] Discovered env: /sbin/python3
2025-11-12 17:46:03.543 [info] [pet] Env ("/usr/sbin/python3.13") in Path resolved as ResolvedPythonEnv { executable: "/usr/sbin/python3.13", prefix: "/usr", version: "3.13.7.final.0", is64_bit: true, symlinks: Some(["/usr/sbin/python3.13"]) } and reported as Some(GlobalPaths)
2025-11-12 17:46:03.543 [info] Discovered env: /usr/sbin/python3.13
2025-11-12 17:46:03.554 [info] [pet] Env ("/sbin/python3.13") in Path resolved as ResolvedPythonEnv { executable: "/sbin/python3.13", prefix: "/usr", version: "3.13.7.final.0", is64_bit: true, symlinks: Some(["/sbin/python3.13"]) } and reported as Some(GlobalPaths)
2025-11-12 17:46:03.554 [info] Discovered env: /sbin/python3.13
2025-11-12 17:46:03.554 [info] [pet] Locator Conda took 91.729766ms
2025-11-12 17:46:03.554 [info] [pet] Locator Homebrew took 79.298µs
2025-11-12 17:46:03.554 [info] [pet] Locator LinuxGlobal took 76.024792ms
2025-11-12 17:46:03.554 [info] [pet] Locator PipEnv took 20.552µs
2025-11-12 17:46:03.554 [info] [pet] Locator Pixi took 19.007µs
2025-11-12 17:46:03.554 [info] [pet] Locator Poetry took 106.023µs
2025-11-12 17:46:03.554 [info] [pet] Locator PyEnv took 73.158µs
2025-11-12 17:46:03.555 [info] [pet] Locator Venv took 1.881755ms
2025-11-12 17:46:03.555 [info] [pet] Locator VirtualEnv took 26.087µs
2025-11-12 17:46:03.555 [info] [pet] Locator VirtualEnvWrapper took 141.26µs
2025-11-12 17:46:03.555 [info] [pet] Locator GlobalVirtualEnvs took 53.644µs
2025-11-12 17:46:03.555 [info] [pet] Locator Locators took 92.003332ms
2025-11-12 17:46:03.555 [info] [pet] Locator Path took 144.695545ms
2025-11-12 17:46:03.555 [info] [pet] Locator Workspaces took 20.149785ms
2025-11-12 17:46:03.556 [info] getAllExtraSearchPaths completed. Total unique search directories: 0 Paths: []
2025-11-12 17:46:03.556 [info] Pyenv not found, turning off pyenv features.
2025-11-12 17:46:03.556 [info] [pet] Telemetry:  {"event":"RefreshPerformance","data":{"refreshPerformance":{"total":144,"breakdown":{"GlobalVirtualEnvs":0,"Locators":92,"Path":144,"Workspaces":20},"locators":{"Conda":91,"Homebrew":0,"LinuxGlobal":76,"PipEnv":0,"Pixi":0,"Poetry":0,"PyEnv":0,"Venv":1,"VirtualEnv":0,"VirtualEnvWrapper":0}}}}
2025-11-12 17:46:03.609 [info] Discovered env: /usr/bin/python
2025-11-12 17:46:03.653 [info] Discovered env: /bin/python
2025-11-12 17:46:03.656 [info] [pet] Env ("/sbin/python") in Path resolved as ResolvedPythonEnv { executable: "/sbin/python", prefix: "/usr", version: "3.13.7.final.0", is64_bit: true, symlinks: Some(["/sbin/python"]) } and reported as Some(GlobalPaths)
2025-11-12 17:46:03.656 [info] Discovered env: /sbin/python
2025-11-12 17:46:03.659 [info] [pet] Env ("/usr/sbin/python") in Path resolved as ResolvedPythonEnv { executable: "/usr/sbin/python", prefix: "/usr", version: "3.13.7.final.0", is64_bit: true, symlinks: Some(["/usr/sbin/python"]) } and reported as Some(GlobalPaths)
2025-11-12 17:46:03.659 [info] Discovered env: /usr/sbin/python
2025-11-12 17:46:03.703 [info] [pet] Env ("/sbin/python3") in Path resolved as ResolvedPythonEnv { executable: "/sbin/python3", prefix: "/usr", version: "3.13.7.final.0", is64_bit: true, symlinks: Some(["/sbin/python3"]) } and reported as Some(GlobalPaths)
2025-11-12 17:46:03.704 [info] Discovered env: /sbin/python3
2025-11-12 17:46:03.704 [info] [pet] Env ("/usr/sbin/python3") in Path resolved as ResolvedPythonEnv { executable: "/usr/sbin/python3", prefix: "/usr", version: "3.13.7.final.0", is64_bit: true, symlinks: Some(["/usr/sbin/python3"]) } and reported as Some(GlobalPaths)
2025-11-12 17:46:03.704 [info] Discovered env: /usr/sbin/python3
2025-11-12 17:46:03.704 [info] [pet] Env ("/sbin/python3.13") in Path resolved as ResolvedPythonEnv { executable: "/sbin/python3.13", prefix: "/usr", version: "3.13.7.final.0", is64_bit: true, symlinks: Some(["/sbin/python3.13"]) } and reported as Some(GlobalPaths)
2025-11-12 17:46:03.704 [info] Discovered env: /sbin/python3.13
2025-11-12 17:46:03.705 [info] [pet] Env ("/usr/sbin/python3.13") in Path resolved as ResolvedPythonEnv { executable: "/usr/sbin/python3.13", prefix: "/usr", version: "3.13.7.final.0", is64_bit: true, symlinks: Some(["/usr/sbin/python3.13"]) } and reported as Some(GlobalPaths)
2025-11-12 17:46:03.705 [info] Discovered env: /usr/sbin/python3.13
2025-11-12 17:46:03.705 [info] [pet] Locator Conda took 98.291501ms
2025-11-12 17:46:03.705 [info] [pet] Locator Homebrew took 222.646µs
2025-11-12 17:46:03.705 [info] [pet] Locator LinuxGlobal took 92.084948ms
2025-11-12 17:46:03.705 [info] [pet] Locator PipEnv took 50.654µs
2025-11-12 17:46:03.705 [info] [pet] Locator Pixi took 18.282µs
2025-11-12 17:46:03.705 [info] [pet] Locator Poetry took 99.694µs
2025-11-12 17:46:03.705 [info] [pet] Locator PyEnv took 114.589µs
2025-11-12 17:46:03.705 [info] [pet] Locator Venv took 27.532µs
2025-11-12 17:46:03.705 [info] [pet] Locator VirtualEnv took 34.524µs
2025-11-12 17:46:03.705 [info] [pet] Locator VirtualEnvWrapper took 25.058µs
2025-11-12 17:46:03.705 [info] [pet] Locator GlobalVirtualEnvs took 94.006µs
2025-11-12 17:46:03.705 [info] [pet] Locator Locators took 98.765967ms
2025-11-12 17:46:03.705 [info] [pet] Locator Path took 138.727016ms
2025-11-12 17:46:03.705 [info] [pet] Locator Workspaces took 21.406822ms
2025-11-12 17:46:03.705 [info] getAllExtraSearchPaths completed. Total unique search directories: 0 Paths: []
2025-11-12 17:46:03.706 [info] Poetry not found, turning off poetry features.
2025-11-12 17:46:03.706 [info] [resolveDefaultInterpreter] User configured defaultInterpreterPath: undefined and defaultEnvManager: undefined
2025-11-12 17:46:03.709 [info] [pet] Telemetry:  {"event":"RefreshPerformance","data":{"refreshPerformance":{"total":138,"breakdown":{"GlobalVirtualEnvs":0,"Locators":98,"Path":138,"Workspaces":21},"locators":{"Conda":98,"Homebrew":0,"LinuxGlobal":92,"PipEnv":0,"Pixi":0,"Poetry":0,"PyEnv":0,"Venv":0,"VirtualEnv":0,"VirtualEnvWrapper":0}}}}
2025-11-12 17:46:03.749 [info] Discovered env: /bin/python
2025-11-12 17:46:03.770 [info] Discovered env: /usr/bin/python
2025-11-12 17:46:03.793 [info] [pet] Env ("/sbin/python") in Path resolved as ResolvedPythonEnv { executable: "/sbin/python", prefix: "/usr", version: "3.13.7.final.0", is64_bit: true, symlinks: Some(["/sbin/python"]) } and reported as Some(GlobalPaths)
2025-11-12 17:46:03.793 [info] Discovered env: /sbin/python
2025-11-12 17:46:03.795 [info] [pet] Env ("/usr/sbin/python") in Path resolved as ResolvedPythonEnv { executable: "/usr/sbin/python", prefix: "/usr", version: "3.13.7.final.0", is64_bit: true, symlinks: Some(["/usr/sbin/python"]) } and reported as Some(GlobalPaths)
2025-11-12 17:46:03.795 [info] Discovered env: /usr/sbin/python
2025-11-12 17:46:03.814 [info] [pet] Env ("/sbin/python3") in Path resolved as ResolvedPythonEnv { executable: "/sbin/python3", prefix: "/usr", version: "3.13.7.final.0", is64_bit: true, symlinks: Some(["/sbin/python3"]) } and reported as Some(GlobalPaths)
2025-11-12 17:46:03.814 [info] [pet] Env ("/usr/sbin/python3") in Path resolved as ResolvedPythonEnv { executable: "/usr/sbin/python3", prefix: "/usr", version: "3.13.7.final.0", is64_bit: true, symlinks: Some(["/usr/sbin/python3"]) } and reported as Some(GlobalPaths)
2025-11-12 17:46:03.814 [info] Discovered env: /sbin/python3
2025-11-12 17:46:03.814 [info] Discovered env: /usr/sbin/python3
2025-11-12 17:46:03.829 [info] [pet] Env ("/usr/sbin/python3.13") in Path resolved as ResolvedPythonEnv { executable: "/usr/sbin/python3.13", prefix: "/usr", version: "3.13.7.final.0", is64_bit: true, symlinks: Some(["/usr/sbin/python3.13"]) } and reported as Some(GlobalPaths)
2025-11-12 17:46:03.829 [info] Discovered env: /usr/sbin/python3.13
2025-11-12 17:46:03.829 [info] [pet] Env ("/sbin/python3.13") in Path resolved as ResolvedPythonEnv { executable: "/sbin/python3.13", prefix: "/usr", version: "3.13.7.final.0", is64_bit: true, symlinks: Some(["/sbin/python3.13"]) } and reported as Some(GlobalPaths)
2025-11-12 17:46:03.829 [info] Discovered env: /sbin/python3.13
2025-11-12 17:46:03.830 [info] [pet] Locator Conda took 76.514229ms
2025-11-12 17:46:03.830 [info] [pet] Locator Homebrew took 48.642µs
2025-11-12 17:46:03.830 [info] [pet] Locator LinuxGlobal took 58.301028ms
2025-11-12 17:46:03.830 [info] [pet] Locator PipEnv took 28.295µs
2025-11-12 17:46:03.830 [info] [pet] Locator Pixi took 23.668µs
2025-11-12 17:46:03.830 [info] [pet] Locator Poetry took 125.04µs
2025-11-12 17:46:03.830 [info] [pet] Locator PyEnv took 178.554µs
2025-11-12 17:46:03.830 [info] [pet] Locator Venv took 191.054µs
2025-11-12 17:46:03.830 [info] [pet] Locator VirtualEnv took 154.537µs
2025-11-12 17:46:03.830 [info] [pet] Locator VirtualEnvWrapper took 16.99µs
2025-11-12 17:46:03.830 [info] [pet] Locator GlobalVirtualEnvs took 86.483µs
2025-11-12 17:46:03.830 [info] [pet] Locator Locators took 78.891947ms
2025-11-12 17:46:03.830 [info] [pet] Locator Path took 119.498735ms
2025-11-12 17:46:03.830 [info] [pet] Locator Workspaces took 20.870926ms
2025-11-12 17:46:03.830 [info] getAllExtraSearchPaths completed. Total unique search directories: 0 Paths: []
2025-11-12 17:46:03.835 [info] [pet] Telemetry:  {"event":"RefreshPerformance","data":{"refreshPerformance":{"total":119,"breakdown":{"GlobalVirtualEnvs":0,"Locators":78,"Path":119,"Workspaces":20},"locators":{"Conda":76,"Homebrew":0,"LinuxGlobal":58,"PipEnv":0,"Pixi":0,"Poetry":0,"PyEnv":0,"Venv":0,"VirtualEnv":0,"VirtualEnvWrapper":0}}}}
2025-11-12 17:46:03.907 [info] Discovered env: /usr/bin/python
2025-11-12 17:46:03.908 [info] Discovered env: /bin/python
2025-11-12 17:46:03.922 [info] [pet] Env ("/usr/sbin/python") in Path resolved as ResolvedPythonEnv { executable: "/usr/sbin/python", prefix: "/usr", version: "3.13.7.final.0", is64_bit: true, symlinks: Some(["/usr/sbin/python"]) } and reported as Some(GlobalPaths)
2025-11-12 17:46:03.922 [info] Discovered env: /usr/sbin/python
2025-11-12 17:46:03.924 [info] [pet] Env ("/sbin/python") in Path resolved as ResolvedPythonEnv { executable: "/sbin/python", prefix: "/usr", version: "3.13.7.final.0", is64_bit: true, symlinks: Some(["/sbin/python"]) } and reported as Some(GlobalPaths)
2025-11-12 17:46:03.924 [info] Discovered env: /sbin/python
2025-11-12 17:46:03.940 [info] [pet] Env ("/usr/sbin/python3") in Path resolved as ResolvedPythonEnv { executable: "/usr/sbin/python3", prefix: "/usr", version: "3.13.7.final.0", is64_bit: true, symlinks: Some(["/usr/sbin/python3"]) } and reported as Some(GlobalPaths)
2025-11-12 17:46:03.940 [info] Discovered env: /usr/sbin/python3
2025-11-12 17:46:03.958 [info] [pet] Env ("/sbin/python3") in Path resolved as ResolvedPythonEnv { executable: "/sbin/python3", prefix: "/usr", version: "3.13.7.final.0", is64_bit: true, symlinks: Some(["/sbin/python3"]) } and reported as Some(GlobalPaths)
2025-11-12 17:46:03.958 [info] Discovered env: /sbin/python3
2025-11-12 17:46:03.959 [info] [pet] Env ("/sbin/python3.13") in Path resolved as ResolvedPythonEnv { executable: "/sbin/python3.13", prefix: "/usr", version: "3.13.7.final.0", is64_bit: true, symlinks: Some(["/sbin/python3.13"]) } and reported as Some(GlobalPaths)
2025-11-12 17:46:03.959 [info] Discovered env: /sbin/python3.13
2025-11-12 17:46:03.959 [info] [pet] Env ("/usr/sbin/python3.13") in Path resolved as ResolvedPythonEnv { executable: "/usr/sbin/python3.13", prefix: "/usr", version: "3.13.7.final.0", is64_bit: true, symlinks: Some(["/usr/sbin/python3.13"]) } and reported as Some(GlobalPaths)
2025-11-12 17:46:03.959 [info] Discovered env: /usr/sbin/python3.13
2025-11-12 17:46:03.959 [info] [pet] Locator Conda took 79.664382ms
2025-11-12 17:46:03.959 [info] [pet] Locator Homebrew took 56.733µs
2025-11-12 17:46:03.959 [info] [pet] Locator LinuxGlobal took 68.849957ms
2025-11-12 17:46:03.959 [info] [pet] Locator PipEnv took 15.786µs
2025-11-12 17:46:03.959 [info] [pet] Locator Pixi took 109.124µs
2025-11-12 17:46:03.959 [info] [pet] Locator Poetry took 114.871µs
2025-11-12 17:46:03.959 [info] [pet] Locator PyEnv took 109.219µs
2025-11-12 17:46:03.959 [info] [pet] Locator Venv took 101.441µs
2025-11-12 17:46:03.959 [info] [pet] Locator VirtualEnv took 26.147µs
2025-11-12 17:46:03.959 [info] [pet] Locator VirtualEnvWrapper took 12.58µs
2025-11-12 17:46:03.959 [info] [pet] Locator GlobalVirtualEnvs took 47.041µs
2025-11-12 17:46:03.960 [info] [pet] Locator Locators took 80.789245ms
2025-11-12 17:46:03.960 [info] [pet] Locator Path took 124.232488ms
2025-11-12 17:46:03.960 [info] [pet] Locator Workspaces took 4.167449ms
2025-11-12 17:46:03.960 [info] getAllExtraSearchPaths completed. Total unique search directories: 0 Paths: []
2025-11-12 17:46:03.964 [info] [pet] Telemetry:  {"event":"RefreshPerformance","data":{"refreshPerformance":{"total":124,"breakdown":{"GlobalVirtualEnvs":0,"Locators":80,"Path":124,"Workspaces":4},"locators":{"Conda":79,"Homebrew":0,"LinuxGlobal":68,"PipEnv":0,"Pixi":0,"Poetry":0,"PyEnv":0,"Venv":0,"VirtualEnv":0,"VirtualEnvWrapper":0}}}}
2025-11-12 17:46:04.023 [info] Discovered env: /bin/python
2025-11-12 17:46:04.035 [info] Discovered env: /usr/bin/python
2025-11-12 17:46:04.043 [info] [pet] Env ("/sbin/python") in Path resolved as ResolvedPythonEnv { executable: "/sbin/python", prefix: "/usr", version: "3.13.7.final.0", is64_bit: true, symlinks: Some(["/sbin/python"]) } and reported as Some(GlobalPaths)
2025-11-12 17:46:04.043 [info] Discovered env: /sbin/python
2025-11-12 17:46:04.048 [info] [pet] Env ("/usr/sbin/python") in Path resolved as ResolvedPythonEnv { executable: "/usr/sbin/python", prefix: "/usr", version: "3.13.7.final.0", is64_bit: true, symlinks: Some(["/usr/sbin/python"]) } and reported as Some(GlobalPaths)
2025-11-12 17:46:04.048 [info] Discovered env: /usr/sbin/python
2025-11-12 17:46:04.063 [info] [pet] Env ("/sbin/python3") in Path resolved as ResolvedPythonEnv { executable: "/sbin/python3", prefix: "/usr", version: "3.13.7.final.0", is64_bit: true, symlinks: Some(["/sbin/python3"]) } and reported as Some(GlobalPaths)
2025-11-12 17:46:04.063 [info] Discovered env: /sbin/python3
2025-11-12 17:46:04.072 [info] [pet] Env ("/usr/sbin/python3") in Path resolved as ResolvedPythonEnv { executable: "/usr/sbin/python3", prefix: "/usr", version: "3.13.7.final.0", is64_bit: true, symlinks: Some(["/usr/sbin/python3"]) } and reported as Some(GlobalPaths)
2025-11-12 17:46:04.072 [info] Discovered env: /usr/sbin/python3
2025-11-12 17:46:04.083 [info] [pet] Env ("/sbin/python3.13") in Path resolved as ResolvedPythonEnv { executable: "/sbin/python3.13", prefix: "/usr", version: "3.13.7.final.0", is64_bit: true, symlinks: Some(["/sbin/python3.13"]) } and reported as Some(GlobalPaths)
2025-11-12 17:46:04.083 [info] Discovered env: /sbin/python3.13
2025-11-12 17:46:04.088 [info] [pet] Env ("/usr/sbin/python3.13") in Path resolved as ResolvedPythonEnv { executable: "/usr/sbin/python3.13", prefix: "/usr", version: "3.13.7.final.0", is64_bit: true, symlinks: Some(["/usr/sbin/python3.13"]) } and reported as Some(GlobalPaths)
2025-11-12 17:46:04.089 [info] Discovered env: /usr/sbin/python3.13
2025-11-12 17:46:04.089 [info] [pet] Locator Conda took 78.274562ms
2025-11-12 17:46:04.089 [info] [pet] Locator Homebrew took 248.41µs
2025-11-12 17:46:04.089 [info] [pet] Locator LinuxGlobal took 67.394534ms
2025-11-12 17:46:04.089 [info] [pet] Locator PipEnv took 43.337µs
2025-11-12 17:46:04.089 [info] [pet] Locator Pixi took 31.277µs
2025-11-12 17:46:04.089 [info] [pet] Locator Poetry took 87.329µs
2025-11-12 17:46:04.089 [info] [pet] Locator PyEnv took 107.891µs
2025-11-12 17:46:04.089 [info] [pet] Locator Venv took 18.885µs
2025-11-12 17:46:04.089 [info] [pet] Locator VirtualEnv took 32.733µs
2025-11-12 17:46:04.089 [info] [pet] Locator VirtualEnvWrapper took 19.012µs
2025-11-12 17:46:04.089 [info] [pet] Locator GlobalVirtualEnvs took 86.33µs
2025-11-12 17:46:04.089 [info] [pet] Locator Locators took 81.942081ms
2025-11-12 17:46:04.089 [info] [pet] Locator Path took 123.912401ms
2025-11-12 17:46:04.089 [info] [pet] Locator Workspaces took 1.160435ms
2025-11-12 17:46:04.154 [info] Python API: Changed environment from undefined to Python 3.13.7 for: /home/user/repos
2025-11-12 17:46:04.154 [info] Internal: Changed environment from undefined to Python 3.13.7 for: /home/user/repos
2025-11-12 17:46:04.155 [info] [pet] Telemetry:  {"event":"RefreshPerformance","data":{"refreshPerformance":{"total":124,"breakdown":{"GlobalVirtualEnvs":0,"Locators":81,"Path":123,"Workspaces":1},"locators":{"Conda":78,"Homebrew":0,"LinuxGlobal":67,"PipEnv":0,"Pixi":0,"Poetry":0,"PyEnv":0,"Venv":0,"VirtualEnv":0,"VirtualEnvWrapper":0}}}}
2025-11-12 17:46:05.521 [info] Python API: Changed environment from undefined to Python 3.13.7 for: global
2025-11-12 17:46:05.521 [info] Internal: Changed environment from undefined to Python 3.13.7 for: global
