2025-10-15 19:28:15.482 [info] [main] Log level: Info
2025-10-15 19:28:15.482 [info] [main] Validating found git in: "git"
2025-10-15 19:28:15.482 [info] [main] Using git "2.51.0" from "git"
2025-10-15 19:28:15.482 [info] [Model][doInitialScan] Initial repository scan started
2025-10-15 19:28:15.482 [info] > git rev-parse --show-toplevel [9ms]
2025-10-15 19:28:15.482 [info] fatal: not a git repository (or any parent up to mount point /)
Stopping at filesystem boundary (GIT_DISCOVERY_ACROSS_FILESYSTEM not set).
2025-10-15 19:28:15.482 [info] > git rev-parse --show-toplevel [2ms]
2025-10-15 19:28:15.482 [info] fatal: not a git repository (or any parent up to mount point /)
Stopping at filesystem boundary (GIT_DISCOVERY_ACROSS_FILESYSTEM not set).
2025-10-15 19:28:15.482 [info] > git rev-parse --show-toplevel [2ms]
2025-10-15 19:28:15.482 [info] fatal: not a git repository (or any parent up to mount point /)
Stopping at filesystem boundary (GIT_DISCOVERY_ACROSS_FILESYSTEM not set).
2025-10-15 19:28:15.482 [info] > git rev-parse --show-toplevel [1ms]
2025-10-15 19:28:15.482 [info] > git rev-parse --git-dir --git-common-dir --show-superproject-working-tree [2ms]
2025-10-15 19:28:15.482 [info] [Model][openRepository] Opened repository (path): /home/user/repos/my_test
2025-10-15 19:28:15.482 [info] [Model][openRepository] Opened repository (real path): /home/user/repos/my_test
2025-10-15 19:28:15.482 [info] [Model][openRepository] Opened repository (kind): repository
2025-10-15 19:28:15.482 [info] > git rev-parse --show-toplevel [31ms]
2025-10-15 19:28:15.482 [info] > git config --get commit.template [34ms]
2025-10-15 19:28:15.483 [info] > git rev-parse --git-dir --git-common-dir --show-superproject-working-tree [11ms]
2025-10-15 19:28:15.487 [info] [Model][openRepository] Opened repository (path): /home/user/repos/test_repository
2025-10-15 19:28:15.487 [info] [Model][openRepository] Opened repository (real path): /home/user/repos/test_repository
2025-10-15 19:28:15.487 [info] [Model][openRepository] Opened repository (kind): repository
2025-10-15 19:28:17.273 [info] > git for-each-ref --format=%(refname)%00%(upstream:short)%00%(objectname)%00%(upstream:track)%00%(upstream:remotename)%00%(upstream:remoteref) refs/heads/main refs/remotes/main [1792ms]
2025-10-15 19:28:17.327 [info] > git status -z -uall [50ms]
2025-10-15 19:28:17.328 [info] > git check-ignore -v -z --stdin [37ms]
2025-10-15 19:28:17.328 [info] > git for-each-ref --sort -committerdate --format %(refname)%00%(objectname)%00%(*objectname) [45ms]
2025-10-15 19:28:17.350 [info] > git rev-parse --show-toplevel [82ms]
2025-10-15 19:28:17.350 [info] fatal: not a git repository (or any parent up to mount point /)
Stopping at filesystem boundary (GIT_DISCOVERY_ACROSS_FILESYSTEM not set).
2025-10-15 19:28:17.350 [info] > git config --get commit.template [86ms]
2025-10-15 19:28:17.389 [info] > git for-each-ref --format=%(refname)%00%(upstream:short)%00%(objectname)%00%(upstream:track)%00%(upstream:remotename)%00%(upstream:remoteref) refs/heads/main refs/remotes/main [41ms]
2025-10-15 19:28:17.445 [info] > git config --get --local branch.main.vscode-merge-base [52ms]
2025-10-15 19:28:17.451 [info] > git rev-parse --show-toplevel [89ms]
2025-10-15 19:28:17.452 [info] > git config --get commit.template [93ms]
2025-10-15 19:28:17.599 [info] > git for-each-ref --format=%(refname)%00%(upstream:short)%00%(objectname)%00%(upstream:track)%00%(upstream:remotename)%00%(upstream:remoteref) refs/heads/origin/main refs/remotes/origin/main [148ms]
2025-10-15 19:28:17.600 [info] > git for-each-ref --format=%(refname)%00%(upstream:short)%00%(objectname)%00%(upstream:track)%00%(upstream:remotename)%00%(upstream:remoteref) refs/heads/main refs/remotes/main [200ms]
2025-10-15 19:28:17.612 [warning] [Git][revParse] Unable to read file: ENOENT: no such file or directory, open '/home/user/repos/test_repository/.git/refs/remotes/origin/main'
2025-10-15 19:28:17.613 [info] > git rev-parse --git-dir --git-common-dir --show-superproject-working-tree [14ms]
2025-10-15 19:28:17.618 [info] [Model][openRepository] Opened repository (path): /home/user/repos/weather_predictor
2025-10-15 19:28:17.618 [info] [Model][openRepository] Opened repository (real path): /home/user/repos/weather_predictor
2025-10-15 19:28:17.618 [info] [Model][openRepository] Opened repository (kind): repository
2025-10-15 19:28:17.942 [info] > git rev-parse refs/remotes/origin/main [330ms]
2025-10-15 19:28:17.955 [info] > git for-each-ref --format=%(refname)%00%(upstream:short)%00%(objectname)%00%(upstream:track)%00%(upstream:remotename)%00%(upstream:remoteref) refs/heads/main refs/remotes/main [347ms]
2025-10-15 19:28:17.998 [info] > git status -z -uall [50ms]
2025-10-15 19:28:17.998 [info] > git status -z -uall [36ms]
2025-10-15 19:28:17.998 [info] > git check-ignore -v -z --stdin [25ms]
2025-10-15 19:28:17.999 [info] > git check-ignore -v -z --stdin [20ms]
2025-10-15 19:28:17.999 [info] > git for-each-ref --sort -committerdate --format %(refname)%00%(objectname)%00%(*objectname) [32ms]
2025-10-15 19:28:18.004 [info] > git for-each-ref --sort -committerdate --format %(refname)%00%(objectname)%00%(*objectname) [49ms]
2025-10-15 19:28:18.016 [info] > git rev-parse --show-toplevel [78ms]
2025-10-15 19:28:18.016 [info] fatal: not a git repository (or any parent up to mount point /)
Stopping at filesystem boundary (GIT_DISCOVERY_ACROSS_FILESYSTEM not set).
2025-10-15 19:28:18.017 [info] > git config --get commit.template [83ms]
2025-10-15 19:28:18.042 [info] > git for-each-ref --format=%(refname)%00%(upstream:short)%00%(objectname)%00%(upstream:track)%00%(upstream:remotename)%00%(upstream:remoteref) refs/heads/main refs/remotes/main [27ms]
2025-10-15 19:28:18.092 [info] > git config --get --local branch.main.vscode-merge-base [44ms]
2025-10-15 19:28:18.099 [info] > git rev-parse --show-toplevel [58ms]
2025-10-15 19:28:18.100 [info] > git config --get commit.template [64ms]
2025-10-15 19:28:18.109 [info] > git for-each-ref --format=%(refname)%00%(upstream:short)%00%(objectname)%00%(upstream:track)%00%(upstream:remotename)%00%(upstream:remoteref) refs/heads/origin/main refs/remotes/origin/main [10ms]
2025-10-15 19:28:18.117 [info] > git for-each-ref --format=%(refname)%00%(upstream:short)%00%(objectname)%00%(upstream:track)%00%(upstream:remotename)%00%(upstream:remoteref) refs/heads/main refs/remotes/main [26ms]
2025-10-15 19:28:18.140 [info] > git status -z -uall [15ms]
2025-10-15 19:28:18.140 [info] > git for-each-ref --sort -committerdate --format %(refname)%00%(objectname)%00%(*objectname) [9ms]
2025-10-15 19:28:18.150 [info] > git merge-base refs/heads/main refs/remotes/origin/main [34ms]
2025-10-15 19:28:18.157 [info] > git rev-parse --git-dir --git-common-dir --show-superproject-working-tree [49ms]
2025-10-15 19:28:18.162 [info] [Model][openRepository] Opened repository (path): /home/user/repos/xss-shop
2025-10-15 19:28:18.162 [info] [Model][openRepository] Opened repository (real path): /home/user/repos/xss-shop
2025-10-15 19:28:18.162 [info] [Model][openRepository] Opened repository (kind): repository
2025-10-15 19:28:18.164 [info] [Model][doInitialScan] Initial repository scan completed - repositories (4), closed repositories (0), parent repositories (0), unsafe repositories (0)
2025-10-15 19:28:18.211 [info] > git diff --name-status -z --diff-filter=ADMR c5711b66ad5e152a05fb6fbbd78abe531e7248e2...refs/remotes/origin/main [55ms]
2025-10-15 19:28:18.212 [info] > git for-each-ref --format=%(refname)%00%(upstream:short)%00%(objectname)%00%(upstream:track)%00%(upstream:remotename)%00%(upstream:remoteref) refs/heads/main refs/remotes/main [64ms]
2025-10-15 19:28:18.220 [info] > git for-each-ref --format=%(refname)%00%(upstream:short)%00%(objectname)%00%(upstream:track)%00%(upstream:remotename)%00%(upstream:remoteref) refs/heads/main refs/remotes/main [81ms]
2025-10-15 19:28:18.231 [warning] [Git][revParse] Unable to read file: ENOENT: no such file or directory, open '/home/user/repos/test_repository/.git/refs/remotes/origin/main'
2025-10-15 19:28:18.232 [info] > git config --get --local branch.main.vscode-merge-base [13ms]
2025-10-15 19:28:18.232 [warning] [Git][config] git config failed: Failed to execute git
2025-10-15 19:28:18.247 [info] > git rev-parse --show-toplevel [64ms]
2025-10-15 19:28:18.247 [info] fatal: not a git repository (or any parent up to mount point /)
Stopping at filesystem boundary (GIT_DISCOVERY_ACROSS_FILESYSTEM not set).
2025-10-15 19:28:18.247 [info] > git config --get commit.template [69ms]
2025-10-15 19:28:18.248 [info] > git config --get commit.template [76ms]
2025-10-15 19:28:18.251 [info] > git reflog main --grep-reflog=branch: Created from *. [4ms]
2025-10-15 19:28:18.257 [info] > git rev-parse refs/remotes/origin/main [27ms]
2025-10-15 19:28:18.282 [info] > git status -z -uall [19ms]
2025-10-15 19:28:18.283 [info] > git reflog HEAD --grep-reflog=checkout: moving from .* to main [26ms]
2025-10-15 19:28:18.289 [info] > git for-each-ref --format=%(refname)%00%(upstream:short)%00%(objectname)%00%(upstream:track)%00%(upstream:remotename)%00%(upstream:remoteref) refs/heads/master refs/remotes/master [7ms]
2025-10-15 19:28:18.290 [info] > git for-each-ref --format=%(refname)%00%(upstream:short)%00%(objectname)%00%(upstream:track)%00%(upstream:remotename)%00%(upstream:remoteref) refs/heads/main refs/remotes/main [14ms]
2025-10-15 19:28:18.301 [info] > git for-each-ref --sort -committerdate --format %(refname)%00%(objectname)%00%(*objectname) [31ms]
2025-10-15 19:28:18.311 [warning] [Git][revParse] Unable to read file: ENOENT: no such file or directory, open '/home/user/repos/xss-shop/.git/refs/remotes/origin/master'
2025-10-15 19:28:18.312 [info] > git status -z -uall [17ms]
2025-10-15 19:28:18.312 [info] > git for-each-ref --sort -committerdate --format %(refname)%00%(objectname)%00%(*objectname) [11ms]
2025-10-15 19:28:18.313 [info] > git for-each-ref --format=%(refname)%00%(upstream:short)%00%(objectname)%00%(upstream:track)%00%(upstream:remotename)%00%(upstream:remoteref) refs/heads/dev refs/remotes/dev [25ms]
2025-10-15 19:28:18.322 [info] > git symbolic-ref --short refs/remotes/origin/HEAD [2ms]
2025-10-15 19:28:18.322 [info] fatal: ref refs/remotes/origin/HEAD is not a symbolic ref
2025-10-15 19:28:18.322 [warning] [Repository][getDefaultBranch] Failed to get default branch details: Failed to execute git.
2025-10-15 19:28:18.323 [info] > git rev-parse refs/remotes/origin/master [12ms]
2025-10-15 19:28:18.339 [info] > git status -z -uall [10ms]
2025-10-15 19:28:18.339 [info] > git for-each-ref --sort -committerdate --format %(refname)%00%(objectname)%00%(*objectname) [4ms]
2025-10-15 19:28:18.359 [info] > git for-each-ref --format=%(refname)%00%(upstream:short)%00%(objectname)%00%(upstream:track)%00%(upstream:remotename)%00%(upstream:remoteref) refs/heads/master refs/remotes/master [11ms]
2025-10-15 19:28:18.370 [info] > git config --get --local branch.master.vscode-merge-base [5ms]
2025-10-15 19:28:18.376 [info] > git config --get commit.template [19ms]
2025-10-15 19:28:18.403 [info] > git for-each-ref --format=%(refname)%00%(upstream:short)%00%(objectname)%00%(upstream:track)%00%(upstream:remotename)%00%(upstream:remoteref) refs/heads/origin/master refs/remotes/origin/master [27ms]
2025-10-15 19:28:18.411 [info] > git merge-base refs/heads/master refs/remotes/origin/master [2ms]
2025-10-15 19:28:18.417 [info] > git for-each-ref --format=%(refname)%00%(upstream:short)%00%(objectname)%00%(upstream:track)%00%(upstream:remotename)%00%(upstream:remoteref) refs/heads/master refs/remotes/master [15ms]
2025-10-15 19:28:18.423 [warning] [Git][revParse] Unable to read file: ENOENT: no such file or directory, open '/home/user/repos/xss-shop/.git/refs/remotes/origin/master'
2025-10-15 19:28:18.424 [info] > git rev-parse refs/remotes/origin/master [1ms]
2025-10-15 19:28:18.435 [info] > git diff --name-status -z --diff-filter=ADMR 9d8d421c8527678bba71e07749d36202b94cac0f...refs/remotes/origin/master [19ms]
2025-10-15 19:28:18.562 [info] > git status -z -uall [132ms]
2025-10-15 19:28:18.578 [info] > git for-each-ref --sort -committerdate --format %(refname)%00%(objectname)%00%(*objectname) [143ms]
2025-10-15 19:28:18.775 [info] > git check-ignore -v -z --stdin [19ms]
2025-10-15 19:28:18.776 [info] > git check-ignore -v -z --stdin [14ms]
2025-10-15 19:28:18.776 [info] > git check-ignore -v -z --stdin [8ms]
2025-10-15 19:28:18.776 [info] > git check-ignore -v -z --stdin [2ms]
2025-10-15 19:28:34.274 [info] > git check-ignore -v -z --stdin [2ms]
2025-10-15 19:28:34.986 [info] > git check-ignore -v -z --stdin [2ms]
2025-10-15 19:28:36.223 [info] > git show --textconv :static/style.css [20ms]
2025-10-15 19:28:36.224 [info] > git ls-files --stage -- static/style.css [1ms]
2025-10-15 19:28:36.235 [info] > git cat-file -s 22b0d6ef9faf9b16848526913f531ec36b06d7f7 [2ms]
2025-10-15 19:28:36.390 [info] > git blame --root --incremental 73408e3aabe1d422e3efacf7342f0a17c26e03ea -- static/style.css [5ms]
2025-10-15 19:28:55.338 [info] > git rev-parse --show-toplevel [3ms]
2025-10-15 19:28:55.338 [info] fatal: not a git repository (or any parent up to mount point /)
Stopping at filesystem boundary (GIT_DISCOVERY_ACROSS_FILESYSTEM not set).
2025-10-15 19:28:56.193 [info] > git show --textconv :static/style.css [9ms]
2025-10-15 19:28:56.194 [info] > git ls-files --stage -- static/style.css [2ms]
2025-10-15 19:28:56.201 [info] > git cat-file -s 22b0d6ef9faf9b16848526913f531ec36b06d7f7 [1ms]
2025-10-15 19:31:38.595 [info] > git config --get commit.template [7ms]
2025-10-15 19:31:38.596 [info] > git for-each-ref --format=%(refname)%00%(upstream:short)%00%(objectname)%00%(upstream:track)%00%(upstream:remotename)%00%(upstream:remoteref) refs/heads/main refs/remotes/main [1ms]
2025-10-15 19:31:38.609 [info] > git status -z -uall [7ms]
2025-10-15 19:31:38.610 [info] > git for-each-ref --sort -committerdate --format %(refname)%00%(objectname)%00%(*objectname) [2ms]
2025-10-15 19:32:45.667 [info] > git rev-parse --show-toplevel [1ms]
2025-10-15 19:32:45.667 [info] fatal: not a git repository (or any parent up to mount point /)
Stopping at filesystem boundary (GIT_DISCOVERY_ACROSS_FILESYSTEM not set).
2025-10-15 19:32:46.146 [info] > git rev-parse --show-toplevel [2ms]
2025-10-15 19:32:46.146 [info] fatal: not a git repository (or any parent up to mount point /)
Stopping at filesystem boundary (GIT_DISCOVERY_ACROSS_FILESYSTEM not set).
2025-10-15 19:33:07.645 [info] > git config --get commit.template [5ms]
2025-10-15 19:33:07.660 [info] > git for-each-ref --format=%(refname)%00%(upstream:short)%00%(objectname)%00%(upstream:track)%00%(upstream:remotename)%00%(upstream:remoteref) refs/heads/main refs/remotes/main [2ms]
2025-10-15 19:33:07.689 [info] > git status -z -uall [16ms]
2025-10-15 19:33:07.690 [info] > git for-each-ref --sort -committerdate --format %(refname)%00%(objectname)%00%(*objectname) [2ms]
2025-10-15 19:33:12.720 [info] > git config --get commit.template [10ms]
2025-10-15 19:33:12.721 [info] > git for-each-ref --format=%(refname)%00%(upstream:short)%00%(objectname)%00%(upstream:track)%00%(upstream:remotename)%00%(upstream:remoteref) refs/heads/main refs/remotes/main [1ms]
2025-10-15 19:33:12.744 [info] > git status -z -uall [11ms]
2025-10-15 19:33:12.745 [info] > git for-each-ref --sort -committerdate --format %(refname)%00%(objectname)%00%(*objectname) [2ms]
2025-10-15 19:33:18.243 [info] > git show --textconv :templates/index.html [16ms]
2025-10-15 19:33:18.244 [info] > git ls-files --stage -- templates/index.html [2ms]
2025-10-15 19:33:18.252 [info] > git cat-file -s ab77cc13faa57634b15b7c4a8a7ec038e39066a9 [1ms]
2025-10-15 19:33:18.578 [info] > git show --textconv :templates/get-24hrs.html [21ms]
2025-10-15 19:33:18.584 [info] > git ls-files --stage -- templates/get-24hrs.html [7ms]
2025-10-15 19:33:18.606 [info] > git cat-file -s d097d3cab149f6a9c1aa8bd4e134c96e0108f43b [3ms]
2025-10-15 19:33:24.420 [info] > git blame --root --incremental 73408e3aabe1d422e3efacf7342f0a17c26e03ea -- templates/get-24hrs.html [5ms]
2025-10-15 19:33:27.662 [info] > git show --textconv :templates/error.html [11ms]
2025-10-15 19:33:27.667 [info] > git ls-files --stage -- templates/error.html [6ms]
2025-10-15 19:33:27.689 [info] > git cat-file -s 5ec4a196335c2dfb55840342443f85565c4d185d [1ms]
2025-10-15 19:33:28.557 [info] > git show --textconv :static/style.css [12ms]
2025-10-15 19:33:28.558 [info] > git ls-files --stage -- static/style.css [2ms]
2025-10-15 19:33:28.567 [info] > git cat-file -s 22b0d6ef9faf9b16848526913f531ec36b06d7f7 [1ms]
2025-10-15 19:33:33.433 [info] > git config --get commit.template [1ms]
2025-10-15 19:33:33.441 [info] > git for-each-ref --format=%(refname)%00%(upstream:short)%00%(objectname)%00%(upstream:track)%00%(upstream:remotename)%00%(upstream:remoteref) refs/heads/main refs/remotes/main [1ms]
2025-10-15 19:33:33.453 [info] > git status -z -uall [7ms]
2025-10-15 19:33:33.454 [info] > git for-each-ref --sort -committerdate --format %(refname)%00%(objectname)%00%(*objectname) [2ms]
2025-10-15 19:34:58.641 [info] > git config --get commit.template [7ms]
2025-10-15 19:34:58.642 [info] > git for-each-ref --format=%(refname)%00%(upstream:short)%00%(objectname)%00%(upstream:track)%00%(upstream:remotename)%00%(upstream:remoteref) refs/heads/main refs/remotes/main [2ms]
2025-10-15 19:34:58.659 [info] > git status -z -uall [11ms]
2025-10-15 19:34:58.660 [info] > git for-each-ref --sort -committerdate --format %(refname)%00%(objectname)%00%(*objectname) [2ms]
2025-10-15 19:35:15.672 [info] > git config --get commit.template [1ms]
2025-10-15 19:35:15.679 [info] > git for-each-ref --format=%(refname)%00%(upstream:short)%00%(objectname)%00%(upstream:track)%00%(upstream:remotename)%00%(upstream:remoteref) refs/heads/main refs/remotes/main [1ms]
2025-10-15 19:35:15.691 [info] > git status -z -uall [6ms]
2025-10-15 19:35:15.692 [info] > git for-each-ref --sort -committerdate --format %(refname)%00%(objectname)%00%(*objectname) [1ms]
2025-10-15 19:35:20.707 [info] > git config --get commit.template [6ms]
2025-10-15 19:35:20.707 [info] > git for-each-ref --format=%(refname)%00%(upstream:short)%00%(objectname)%00%(upstream:track)%00%(upstream:remotename)%00%(upstream:remoteref) refs/heads/main refs/remotes/main [1ms]
2025-10-15 19:35:20.721 [info] > git status -z -uall [9ms]
2025-10-15 19:35:20.721 [info] > git for-each-ref --sort -committerdate --format %(refname)%00%(objectname)%00%(*objectname) [2ms]
2025-10-15 19:35:25.736 [info] > git config --get commit.template [5ms]
2025-10-15 19:35:25.736 [info] > git for-each-ref --format=%(refname)%00%(upstream:short)%00%(objectname)%00%(upstream:track)%00%(upstream:remotename)%00%(upstream:remoteref) refs/heads/main refs/remotes/main [1ms]
2025-10-15 19:35:25.747 [info] > git status -z -uall [6ms]
2025-10-15 19:35:25.748 [info] > git for-each-ref --sort -committerdate --format %(refname)%00%(objectname)%00%(*objectname) [1ms]
2025-10-15 19:35:35.562 [info] > git config --get commit.template [8ms]
2025-10-15 19:35:35.563 [info] > git for-each-ref --format=%(refname)%00%(upstream:short)%00%(objectname)%00%(upstream:track)%00%(upstream:remotename)%00%(upstream:remoteref) refs/heads/main refs/remotes/main [2ms]
2025-10-15 19:35:35.577 [info] > git status -z -uall [8ms]
2025-10-15 19:35:35.578 [info] > git for-each-ref --sort -committerdate --format %(refname)%00%(objectname)%00%(*objectname) [2ms]
2025-10-15 19:36:20.261 [info] > git config --get commit.template [3ms]
2025-10-15 19:36:20.270 [info] > git for-each-ref --format=%(refname)%00%(upstream:short)%00%(objectname)%00%(upstream:track)%00%(upstream:remotename)%00%(upstream:remoteref) refs/heads/main refs/remotes/main [1ms]
2025-10-15 19:36:20.287 [info] > git status -z -uall [9ms]
2025-10-15 19:36:20.288 [info] > git for-each-ref --sort -committerdate --format %(refname)%00%(objectname)%00%(*objectname) [2ms]
2025-10-15 19:36:27.442 [info] > git config --get commit.template [7ms]
2025-10-15 19:36:27.443 [info] > git for-each-ref --format=%(refname)%00%(upstream:short)%00%(objectname)%00%(upstream:track)%00%(upstream:remotename)%00%(upstream:remoteref) refs/heads/main refs/remotes/main [1ms]
2025-10-15 19:36:27.455 [info] > git status -z -uall [7ms]
2025-10-15 19:36:27.456 [info] > git for-each-ref --sort -committerdate --format %(refname)%00%(objectname)%00%(*objectname) [2ms]
2025-10-15 19:36:32.473 [info] > git config --get commit.template [7ms]
2025-10-15 19:36:32.474 [info] > git for-each-ref --format=%(refname)%00%(upstream:short)%00%(objectname)%00%(upstream:track)%00%(upstream:remotename)%00%(upstream:remoteref) refs/heads/main refs/remotes/main [1ms]
2025-10-15 19:36:32.487 [info] > git status -z -uall [7ms]
2025-10-15 19:36:32.488 [info] > git for-each-ref --sort -committerdate --format %(refname)%00%(objectname)%00%(*objectname) [2ms]
2025-10-15 19:36:42.170 [info] > git config --get commit.template [8ms]
2025-10-15 19:36:42.171 [info] > git for-each-ref --format=%(refname)%00%(upstream:short)%00%(objectname)%00%(upstream:track)%00%(upstream:remotename)%00%(upstream:remoteref) refs/heads/main refs/remotes/main [2ms]
2025-10-15 19:36:42.185 [info] > git status -z -uall [8ms]
2025-10-15 19:36:42.186 [info] > git for-each-ref --sort -committerdate --format %(refname)%00%(objectname)%00%(*objectname) [1ms]
2025-10-15 19:36:45.634 [info] > git show --textconv :templates/error.html [6ms]
2025-10-15 19:36:45.635 [info] > git ls-files --stage -- templates/error.html [1ms]
2025-10-15 19:36:45.643 [info] > git cat-file -s 5ec4a196335c2dfb55840342443f85565c4d185d [2ms]
2025-10-15 19:36:46.211 [info] > git show --textconv :static/style.css [9ms]
2025-10-15 19:36:46.212 [info] > git ls-files --stage -- static/style.css [2ms]
2025-10-15 19:36:46.219 [info] > git cat-file -s 22b0d6ef9faf9b16848526913f531ec36b06d7f7 [1ms]
2025-10-15 19:36:47.047 [info] > git show --textconv :templates/get-24hrs.html [7ms]
2025-10-15 19:36:47.048 [info] > git ls-files --stage -- templates/get-24hrs.html [2ms]
2025-10-15 19:36:47.056 [info] > git cat-file -s d097d3cab149f6a9c1aa8bd4e134c96e0108f43b [2ms]
2025-10-15 19:36:59.095 [info] > git show --textconv :static/style.css [6ms]
2025-10-15 19:36:59.095 [info] > git ls-files --stage -- static/style.css [1ms]
2025-10-15 19:36:59.102 [info] > git cat-file -s 22b0d6ef9faf9b16848526913f531ec36b06d7f7 [1ms]
2025-10-15 19:37:16.281 [info] > git config --get commit.template [7ms]
2025-10-15 19:37:16.282 [info] > git for-each-ref --format=%(refname)%00%(upstream:short)%00%(objectname)%00%(upstream:track)%00%(upstream:remotename)%00%(upstream:remoteref) refs/heads/main refs/remotes/main [1ms]
2025-10-15 19:37:16.296 [info] > git status -z -uall [8ms]
2025-10-15 19:37:16.297 [info] > git for-each-ref --sort -committerdate --format %(refname)%00%(objectname)%00%(*objectname) [2ms]
2025-10-15 19:37:32.342 [info] > git show --textconv :templates/get-24hrs.html [7ms]
2025-10-15 19:37:32.343 [info] > git ls-files --stage -- templates/get-24hrs.html [1ms]
2025-10-15 19:37:32.351 [info] > git cat-file -s d097d3cab149f6a9c1aa8bd4e134c96e0108f43b [1ms]
2025-10-15 19:37:33.336 [info] > git show --textconv :static/style.css [7ms]
2025-10-15 19:37:33.336 [info] > git ls-files --stage -- static/style.css [1ms]
2025-10-15 19:37:33.344 [info] > git cat-file -s 22b0d6ef9faf9b16848526913f531ec36b06d7f7 [2ms]
2025-10-15 19:37:42.987 [info] > git show --textconv :templates/get-24hrs.html [6ms]
2025-10-15 19:37:42.987 [info] > git ls-files --stage -- templates/get-24hrs.html [1ms]
2025-10-15 19:37:42.994 [info] > git cat-file -s d097d3cab149f6a9c1aa8bd4e134c96e0108f43b [1ms]
2025-10-15 19:37:46.929 [info] > git show --textconv :static/style.css [8ms]
2025-10-15 19:37:46.929 [info] > git ls-files --stage -- static/style.css [1ms]
2025-10-15 19:37:46.938 [info] > git cat-file -s 22b0d6ef9faf9b16848526913f531ec36b06d7f7 [1ms]
2025-10-15 19:37:50.729 [info] > git show --textconv :templates/get-24hrs.html [9ms]
2025-10-15 19:37:50.730 [info] > git ls-files --stage -- templates/get-24hrs.html [1ms]
2025-10-15 19:37:50.738 [info] > git cat-file -s d097d3cab149f6a9c1aa8bd4e134c96e0108f43b [1ms]
2025-10-15 19:38:57.960 [info] > git show --textconv :static/style.css [7ms]
2025-10-15 19:38:57.961 [info] > git ls-files --stage -- static/style.css [1ms]
2025-10-15 19:38:57.967 [info] > git cat-file -s 22b0d6ef9faf9b16848526913f531ec36b06d7f7 [1ms]
2025-10-15 19:38:58.618 [info] > git show --textconv :templates/get-24hrs.html [7ms]
2025-10-15 19:38:58.618 [info] > git ls-files --stage -- templates/get-24hrs.html [1ms]
2025-10-15 19:38:58.625 [info] > git cat-file -s d097d3cab149f6a9c1aa8bd4e134c96e0108f43b [1ms]
2025-10-15 19:39:06.996 [info] > git show --textconv :static/style.css [7ms]
2025-10-15 19:39:06.997 [info] > git ls-files --stage -- static/style.css [1ms]
2025-10-15 19:39:07.004 [info] > git cat-file -s 22b0d6ef9faf9b16848526913f531ec36b06d7f7 [1ms]
2025-10-15 19:39:20.970 [info] > git show --textconv :templates/get-24hrs.html [5ms]
2025-10-15 19:39:20.971 [info] > git ls-files --stage -- templates/get-24hrs.html [1ms]
2025-10-15 19:39:20.978 [info] > git cat-file -s d097d3cab149f6a9c1aa8bd4e134c96e0108f43b [1ms]
2025-10-15 19:39:25.152 [info] > git config --get commit.template [6ms]
2025-10-15 19:39:25.153 [info] > git for-each-ref --format=%(refname)%00%(upstream:short)%00%(objectname)%00%(upstream:track)%00%(upstream:remotename)%00%(upstream:remoteref) refs/heads/main refs/remotes/main [0ms]
2025-10-15 19:39:25.164 [info] > git status -z -uall [7ms]
2025-10-15 19:39:25.165 [info] > git for-each-ref --sort -committerdate --format %(refname)%00%(objectname)%00%(*objectname) [2ms]
2025-10-15 19:39:32.432 [info] > git config --get commit.template [2ms]
2025-10-15 19:39:32.438 [info] > git for-each-ref --format=%(refname)%00%(upstream:short)%00%(objectname)%00%(upstream:track)%00%(upstream:remotename)%00%(upstream:remoteref) refs/heads/main refs/remotes/main [1ms]
2025-10-15 19:39:32.450 [info] > git status -z -uall [7ms]
2025-10-15 19:39:32.450 [info] > git for-each-ref --sort -committerdate --format %(refname)%00%(objectname)%00%(*objectname) [1ms]
2025-10-15 19:40:10.588 [info] > git show --textconv :static/style.css [8ms]
2025-10-15 19:40:10.589 [info] > git ls-files --stage -- static/style.css [2ms]
2025-10-15 19:40:10.596 [info] > git cat-file -s 22b0d6ef9faf9b16848526913f531ec36b06d7f7 [1ms]
2025-10-15 19:40:22.309 [info] > git config --get commit.template [6ms]
2025-10-15 19:40:22.309 [info] > git for-each-ref --format=%(refname)%00%(upstream:short)%00%(objectname)%00%(upstream:track)%00%(upstream:remotename)%00%(upstream:remoteref) refs/heads/main refs/remotes/main [1ms]
2025-10-15 19:40:22.322 [info] > git status -z -uall [7ms]
2025-10-15 19:40:22.322 [info] > git for-each-ref --sort -committerdate --format %(refname)%00%(objectname)%00%(*objectname) [1ms]
2025-10-15 19:40:35.811 [info] > git config --get commit.template [8ms]
2025-10-15 19:40:35.811 [info] > git for-each-ref --format=%(refname)%00%(upstream:short)%00%(objectname)%00%(upstream:track)%00%(upstream:remotename)%00%(upstream:remoteref) refs/heads/main refs/remotes/main [1ms]
2025-10-15 19:40:35.824 [info] > git status -z -uall [7ms]
2025-10-15 19:40:35.825 [info] > git for-each-ref --sort -committerdate --format %(refname)%00%(objectname)%00%(*objectname) [2ms]
2025-10-15 19:40:58.803 [info] > git config --get commit.template [8ms]
2025-10-15 19:40:58.804 [info] > git for-each-ref --format=%(refname)%00%(upstream:short)%00%(objectname)%00%(upstream:track)%00%(upstream:remotename)%00%(upstream:remoteref) refs/heads/main refs/remotes/main [1ms]
2025-10-15 19:40:58.819 [info] > git status -z -uall [7ms]
2025-10-15 19:40:58.819 [info] > git for-each-ref --sort -committerdate --format %(refname)%00%(objectname)%00%(*objectname) [1ms]
2025-10-15 19:41:01.534 [info] > git show --textconv :templates/get-8days.html [9ms]
2025-10-15 19:41:01.535 [info] > git ls-files --stage -- templates/get-8days.html [2ms]
2025-10-15 19:41:01.542 [info] > git cat-file -s 0ff0e25308da3c1d51d1c8465865f2b8c7830309 [1ms]
2025-10-15 19:41:01.917 [info] > git show --textconv :templates/get-24hrs.html [7ms]
2025-10-15 19:41:01.918 [info] > git ls-files --stage -- templates/get-24hrs.html [1ms]
2025-10-15 19:41:01.924 [info] > git cat-file -s d097d3cab149f6a9c1aa8bd4e134c96e0108f43b [1ms]
2025-10-15 19:41:21.007 [info] > git config --get commit.template [8ms]
2025-10-15 19:41:21.007 [info] > git for-each-ref --format=%(refname)%00%(upstream:short)%00%(objectname)%00%(upstream:track)%00%(upstream:remotename)%00%(upstream:remoteref) refs/heads/main refs/remotes/main [1ms]
2025-10-15 19:41:21.020 [info] > git status -z -uall [6ms]
2025-10-15 19:41:21.021 [info] > git for-each-ref --sort -committerdate --format %(refname)%00%(objectname)%00%(*objectname) [2ms]
2025-10-15 19:41:23.183 [info] > git show --textconv :templates/get-8days.html [8ms]
2025-10-15 19:41:23.184 [info] > git ls-files --stage -- templates/get-8days.html [2ms]
2025-10-15 19:41:23.192 [info] > git cat-file -s 0ff0e25308da3c1d51d1c8465865f2b8c7830309 [2ms]
2025-10-15 19:41:31.666 [info] > git blame --root --incremental 73408e3aabe1d422e3efacf7342f0a17c26e03ea -- templates/get-8days.html [4ms]
2025-10-15 19:41:39.506 [info] > git config --get commit.template [7ms]
2025-10-15 19:41:39.507 [info] > git for-each-ref --format=%(refname)%00%(upstream:short)%00%(objectname)%00%(upstream:track)%00%(upstream:remotename)%00%(upstream:remoteref) refs/heads/main refs/remotes/main [1ms]
2025-10-15 19:41:39.524 [info] > git status -z -uall [9ms]
2025-10-15 19:41:39.525 [info] > git for-each-ref --sort -committerdate --format %(refname)%00%(objectname)%00%(*objectname) [2ms]
2025-10-15 19:42:37.663 [info] > git show --textconv :static/style.css [7ms]
2025-10-15 19:42:37.664 [info] > git ls-files --stage -- static/style.css [1ms]
2025-10-15 19:42:37.671 [info] > git cat-file -s 22b0d6ef9faf9b16848526913f531ec36b06d7f7 [2ms]
2025-10-15 19:42:39.742 [info] > git show --textconv :templates/error.html [7ms]
2025-10-15 19:42:39.743 [info] > git ls-files --stage -- templates/error.html [1ms]
2025-10-15 19:42:39.750 [info] > git cat-file -s 5ec4a196335c2dfb55840342443f85565c4d185d [1ms]
2025-10-15 19:42:40.015 [info] > git show --textconv :templates/get-8days.html [7ms]
2025-10-15 19:42:40.015 [info] > git ls-files --stage -- templates/get-8days.html [1ms]
2025-10-15 19:42:40.023 [info] > git cat-file -s 0ff0e25308da3c1d51d1c8465865f2b8c7830309 [1ms]
2025-10-15 19:43:08.362 [info] > git show --textconv :static/style.css [7ms]
2025-10-15 19:43:08.363 [info] > git ls-files --stage -- static/style.css [1ms]
2025-10-15 19:43:08.370 [info] > git cat-file -s 22b0d6ef9faf9b16848526913f531ec36b06d7f7 [1ms]
2025-10-15 19:43:28.902 [info] > git config --get commit.template [1ms]
2025-10-15 19:43:28.909 [info] > git for-each-ref --format=%(refname)%00%(upstream:short)%00%(objectname)%00%(upstream:track)%00%(upstream:remotename)%00%(upstream:remoteref) refs/heads/main refs/remotes/main [1ms]
2025-10-15 19:43:28.923 [info] > git status -z -uall [7ms]
2025-10-15 19:43:28.923 [info] > git for-each-ref --sort -committerdate --format %(refname)%00%(objectname)%00%(*objectname) [1ms]
2025-10-15 19:43:44.731 [info] > git show --textconv :templates/get-8days.html [5ms]
2025-10-15 19:43:44.732 [info] > git ls-files --stage -- templates/get-8days.html [2ms]
2025-10-15 19:43:44.740 [info] > git cat-file -s 0ff0e25308da3c1d51d1c8465865f2b8c7830309 [1ms]
2025-10-15 19:43:53.194 [info] > git show --textconv :static/style.css [7ms]
2025-10-15 19:43:53.194 [info] > git ls-files --stage -- static/style.css [1ms]
2025-10-15 19:43:53.201 [info] > git cat-file -s 22b0d6ef9faf9b16848526913f531ec36b06d7f7 [1ms]
2025-10-15 19:44:06.152 [info] > git config --get commit.template [1ms]
2025-10-15 19:44:06.160 [info] > git for-each-ref --format=%(refname)%00%(upstream:short)%00%(objectname)%00%(upstream:track)%00%(upstream:remotename)%00%(upstream:remoteref) refs/heads/main refs/remotes/main [1ms]
2025-10-15 19:44:06.173 [info] > git status -z -uall [7ms]
2025-10-15 19:44:06.173 [info] > git for-each-ref --sort -committerdate --format %(refname)%00%(objectname)%00%(*objectname) [1ms]
2025-10-15 19:44:17.463 [info] > git config --get commit.template [8ms]
2025-10-15 19:44:17.464 [info] > git for-each-ref --format=%(refname)%00%(upstream:short)%00%(objectname)%00%(upstream:track)%00%(upstream:remotename)%00%(upstream:remoteref) refs/heads/main refs/remotes/main [2ms]
2025-10-15 19:44:17.478 [info] > git status -z -uall [7ms]
2025-10-15 19:44:17.479 [info] > git for-each-ref --sort -committerdate --format %(refname)%00%(objectname)%00%(*objectname) [1ms]
2025-10-15 19:44:36.130 [info] > git show --textconv :templates/get-8days.html [7ms]
2025-10-15 19:44:36.130 [info] > git ls-files --stage -- templates/get-8days.html [1ms]
2025-10-15 19:44:36.138 [info] > git cat-file -s 0ff0e25308da3c1d51d1c8465865f2b8c7830309 [1ms]
2025-10-15 19:44:49.355 [info] > git config --get commit.template [8ms]
2025-10-15 19:44:49.356 [info] > git for-each-ref --format=%(refname)%00%(upstream:short)%00%(objectname)%00%(upstream:track)%00%(upstream:remotename)%00%(upstream:remoteref) refs/heads/main refs/remotes/main [1ms]
2025-10-15 19:44:49.369 [info] > git status -z -uall [6ms]
2025-10-15 19:44:49.370 [info] > git for-each-ref --sort -committerdate --format %(refname)%00%(objectname)%00%(*objectname) [1ms]
2025-10-15 19:45:11.446 [info] > git config --get commit.template [8ms]
2025-10-15 19:45:11.446 [info] > git for-each-ref --format=%(refname)%00%(upstream:short)%00%(objectname)%00%(upstream:track)%00%(upstream:remotename)%00%(upstream:remoteref) refs/heads/main refs/remotes/main [1ms]
2025-10-15 19:45:11.460 [info] > git status -z -uall [7ms]
2025-10-15 19:45:11.461 [info] > git for-each-ref --sort -committerdate --format %(refname)%00%(objectname)%00%(*objectname) [1ms]
2025-10-15 19:45:20.242 [info] > git show --textconv :static/style.css [7ms]
2025-10-15 19:45:20.243 [info] > git ls-files --stage -- static/style.css [1ms]
2025-10-15 19:45:20.250 [info] > git cat-file -s 22b0d6ef9faf9b16848526913f531ec36b06d7f7 [1ms]
2025-10-15 19:45:26.299 [info] > git show --textconv :templates/get-8days.html [8ms]
2025-10-15 19:45:26.299 [info] > git ls-files --stage -- templates/get-8days.html [1ms]
2025-10-15 19:45:26.306 [info] > git cat-file -s 0ff0e25308da3c1d51d1c8465865f2b8c7830309 [1ms]
2025-10-15 19:45:28.542 [info] > git show --textconv :static/style.css [9ms]
2025-10-15 19:45:28.543 [info] > git ls-files --stage -- static/style.css [2ms]
2025-10-15 19:45:28.551 [info] > git cat-file -s 22b0d6ef9faf9b16848526913f531ec36b06d7f7 [1ms]
2025-10-15 19:45:29.045 [info] > git show --textconv :templates/get-8days.html [8ms]
2025-10-15 19:45:29.045 [info] > git ls-files --stage -- templates/get-8days.html [1ms]
2025-10-15 19:45:29.052 [info] > git cat-file -s 0ff0e25308da3c1d51d1c8465865f2b8c7830309 [1ms]
2025-10-15 19:45:44.948 [info] > git config --get commit.template [2ms]
2025-10-15 19:45:44.956 [info] > git for-each-ref --format=%(refname)%00%(upstream:short)%00%(objectname)%00%(upstream:track)%00%(upstream:remotename)%00%(upstream:remoteref) refs/heads/main refs/remotes/main [1ms]
2025-10-15 19:45:44.969 [info] > git status -z -uall [7ms]
2025-10-15 19:45:44.970 [info] > git for-each-ref --sort -committerdate --format %(refname)%00%(objectname)%00%(*objectname) [2ms]
2025-10-15 19:45:54.460 [info] > git config --get commit.template [7ms]
2025-10-15 19:45:54.460 [info] > git for-each-ref --format=%(refname)%00%(upstream:short)%00%(objectname)%00%(upstream:track)%00%(upstream:remotename)%00%(upstream:remoteref) refs/heads/main refs/remotes/main [1ms]
2025-10-15 19:45:54.475 [info] > git status -z -uall [8ms]
2025-10-15 19:45:54.476 [info] > git for-each-ref --sort -committerdate --format %(refname)%00%(objectname)%00%(*objectname) [2ms]
2025-10-15 19:46:01.395 [info] > git show --textconv :static/style.css [7ms]
2025-10-15 19:46:01.396 [info] > git ls-files --stage -- static/style.css [2ms]
2025-10-15 19:46:01.402 [info] > git cat-file -s 22b0d6ef9faf9b16848526913f531ec36b06d7f7 [1ms]
2025-10-15 19:46:02.234 [info] > git config --get commit.template [6ms]
2025-10-15 19:46:02.234 [info] > git for-each-ref --format=%(refname)%00%(upstream:short)%00%(objectname)%00%(upstream:track)%00%(upstream:remotename)%00%(upstream:remoteref) refs/heads/main refs/remotes/main [1ms]
2025-10-15 19:46:02.248 [info] > git status -z -uall [6ms]
2025-10-15 19:46:02.248 [info] > git for-each-ref --sort -committerdate --format %(refname)%00%(objectname)%00%(*objectname) [1ms]
2025-10-15 19:46:02.778 [info] > git show --textconv :templates/error.html [8ms]
2025-10-15 19:46:02.779 [info] > git ls-files --stage -- templates/error.html [1ms]
2025-10-15 19:46:02.785 [info] > git cat-file -s 5ec4a196335c2dfb55840342443f85565c4d185d [1ms]
2025-10-15 19:46:03.843 [info] > git show --textconv :static/style.css [13ms]
2025-10-15 19:46:03.846 [info] > git ls-files --stage -- static/style.css [4ms]
2025-10-15 19:46:03.857 [info] > git cat-file -s 22b0d6ef9faf9b16848526913f531ec36b06d7f7 [2ms]
2025-10-15 19:46:07.566 [info] > git show --textconv :templates/get-8days.html [6ms]
2025-10-15 19:46:07.567 [info] > git ls-files --stage -- templates/get-8days.html [1ms]
2025-10-15 19:46:07.577 [info] > git cat-file -s 0ff0e25308da3c1d51d1c8465865f2b8c7830309 [2ms]
2025-10-15 19:46:15.804 [info] > git config --get commit.template [7ms]
2025-10-15 19:46:15.805 [info] > git for-each-ref --format=%(refname)%00%(upstream:short)%00%(objectname)%00%(upstream:track)%00%(upstream:remotename)%00%(upstream:remoteref) refs/heads/main refs/remotes/main [1ms]
2025-10-15 19:46:15.821 [info] > git status -z -uall [9ms]
2025-10-15 19:46:15.822 [info] > git for-each-ref --sort -committerdate --format %(refname)%00%(objectname)%00%(*objectname) [1ms]
2025-10-15 19:46:27.331 [info] > git for-each-ref --format=%(refname)%00%(upstream:short)%00%(objectname)%00%(upstream:track)%00%(upstream:remotename)%00%(upstream:remoteref) refs/heads/main refs/remotes/main [2ms]
2025-10-15 19:46:27.331 [info] > git config --get commit.template [11ms]
2025-10-15 19:46:27.352 [info] > git status -z -uall [11ms]
2025-10-15 19:46:27.355 [info] > git for-each-ref --sort -committerdate --format %(refname)%00%(objectname)%00%(*objectname) [4ms]
2025-10-15 19:46:37.701 [info] > git config --get commit.template [9ms]
2025-10-15 19:46:37.702 [info] > git for-each-ref --format=%(refname)%00%(upstream:short)%00%(objectname)%00%(upstream:track)%00%(upstream:remotename)%00%(upstream:remoteref) refs/heads/main refs/remotes/main [2ms]
2025-10-15 19:46:37.716 [info] > git status -z -uall [8ms]
2025-10-15 19:46:37.717 [info] > git for-each-ref --sort -committerdate --format %(refname)%00%(objectname)%00%(*objectname) [2ms]
2025-10-15 19:46:43.397 [info] > git config --get commit.template [1ms]
2025-10-15 19:46:43.404 [info] > git for-each-ref --format=%(refname)%00%(upstream:short)%00%(objectname)%00%(upstream:track)%00%(upstream:remotename)%00%(upstream:remoteref) refs/heads/main refs/remotes/main [2ms]
2025-10-15 19:46:43.417 [info] > git status -z -uall [7ms]
2025-10-15 19:46:43.418 [info] > git for-each-ref --sort -committerdate --format %(refname)%00%(objectname)%00%(*objectname) [1ms]
2025-10-15 19:47:05.939 [info] > git show --textconv :templates/get-24hrs.html [8ms]
2025-10-15 19:47:05.940 [info] > git ls-files --stage -- templates/get-24hrs.html [2ms]
2025-10-15 19:47:05.947 [info] > git cat-file -s d097d3cab149f6a9c1aa8bd4e134c96e0108f43b [2ms]
2025-10-15 19:47:21.106 [info] > git show --textconv :static/style.css [6ms]
2025-10-15 19:47:21.107 [info] > git ls-files --stage -- static/style.css [0ms]
2025-10-15 19:47:21.114 [info] > git cat-file -s 22b0d6ef9faf9b16848526913f531ec36b06d7f7 [1ms]
2025-10-15 19:47:39.074 [info] > git config --get commit.template [8ms]
2025-10-15 19:47:39.075 [info] > git for-each-ref --format=%(refname)%00%(upstream:short)%00%(objectname)%00%(upstream:track)%00%(upstream:remotename)%00%(upstream:remoteref) refs/heads/main refs/remotes/main [1ms]
2025-10-15 19:47:39.089 [info] > git status -z -uall [7ms]
2025-10-15 19:47:39.090 [info] > git for-each-ref --sort -committerdate --format %(refname)%00%(objectname)%00%(*objectname) [1ms]
2025-10-15 19:47:56.838 [info] > git config --get commit.template [1ms]
2025-10-15 19:47:56.848 [info] > git for-each-ref --format=%(refname)%00%(upstream:short)%00%(objectname)%00%(upstream:track)%00%(upstream:remotename)%00%(upstream:remoteref) refs/heads/main refs/remotes/main [1ms]
2025-10-15 19:47:56.868 [info] > git status -z -uall [10ms]
2025-10-15 19:47:56.868 [info] > git for-each-ref --sort -committerdate --format %(refname)%00%(objectname)%00%(*objectname) [2ms]
2025-10-15 19:48:01.881 [info] > git config --get commit.template [1ms]
2025-10-15 19:48:01.887 [info] > git for-each-ref --format=%(refname)%00%(upstream:short)%00%(objectname)%00%(upstream:track)%00%(upstream:remotename)%00%(upstream:remoteref) refs/heads/main refs/remotes/main [1ms]
2025-10-15 19:48:01.898 [info] > git status -z -uall [6ms]
2025-10-15 19:48:01.898 [info] > git for-each-ref --sort -committerdate --format %(refname)%00%(objectname)%00%(*objectname) [1ms]
2025-10-15 19:48:30.097 [info] > git config --get commit.template [9ms]
2025-10-15 19:48:30.097 [info] > git for-each-ref --format=%(refname)%00%(upstream:short)%00%(objectname)%00%(upstream:track)%00%(upstream:remotename)%00%(upstream:remoteref) refs/heads/main refs/remotes/main [1ms]
2025-10-15 19:48:30.111 [info] > git status -z -uall [7ms]
2025-10-15 19:48:30.112 [info] > git for-each-ref --sort -committerdate --format %(refname)%00%(objectname)%00%(*objectname) [1ms]
2025-10-15 19:48:41.180 [info] > git config --get commit.template [8ms]
2025-10-15 19:48:41.181 [info] > git for-each-ref --format=%(refname)%00%(upstream:short)%00%(objectname)%00%(upstream:track)%00%(upstream:remotename)%00%(upstream:remoteref) refs/heads/main refs/remotes/main [2ms]
2025-10-15 19:48:41.195 [info] > git status -z -uall [7ms]
2025-10-15 19:48:41.196 [info] > git for-each-ref --sort -committerdate --format %(refname)%00%(objectname)%00%(*objectname) [1ms]
2025-10-15 19:49:57.888 [info] > git config --get commit.template [8ms]
2025-10-15 19:49:57.889 [info] > git for-each-ref --format=%(refname)%00%(upstream:short)%00%(objectname)%00%(upstream:track)%00%(upstream:remotename)%00%(upstream:remoteref) refs/heads/main refs/remotes/main [1ms]
2025-10-15 19:49:57.904 [info] > git status -z -uall [8ms]
2025-10-15 19:49:57.906 [info] > git for-each-ref --sort -committerdate --format %(refname)%00%(objectname)%00%(*objectname) [2ms]
2025-10-15 19:50:13.138 [info] > git config --get commit.template [8ms]
2025-10-15 19:50:13.139 [info] > git for-each-ref --format=%(refname)%00%(upstream:short)%00%(objectname)%00%(upstream:track)%00%(upstream:remotename)%00%(upstream:remoteref) refs/heads/main refs/remotes/main [1ms]
2025-10-15 19:50:13.153 [info] > git status -z -uall [7ms]
2025-10-15 19:50:13.154 [info] > git for-each-ref --sort -committerdate --format %(refname)%00%(objectname)%00%(*objectname) [2ms]
2025-10-15 19:50:19.441 [info] > git config --get commit.template [8ms]
2025-10-15 19:50:19.442 [info] > git for-each-ref --format=%(refname)%00%(upstream:short)%00%(objectname)%00%(upstream:track)%00%(upstream:remotename)%00%(upstream:remoteref) refs/heads/main refs/remotes/main [2ms]
2025-10-15 19:50:19.455 [info] > git status -z -uall [7ms]
2025-10-15 19:50:19.456 [info] > git for-each-ref --sort -committerdate --format %(refname)%00%(objectname)%00%(*objectname) [2ms]
2025-10-15 19:50:56.359 [info] > git config --get commit.template [8ms]
2025-10-15 19:50:56.359 [info] > git for-each-ref --format=%(refname)%00%(upstream:short)%00%(objectname)%00%(upstream:track)%00%(upstream:remotename)%00%(upstream:remoteref) refs/heads/main refs/remotes/main [1ms]
2025-10-15 19:50:56.376 [info] > git status -z -uall [8ms]
2025-10-15 19:50:56.376 [info] > git for-each-ref --sort -committerdate --format %(refname)%00%(objectname)%00%(*objectname) [2ms]
2025-10-15 19:51:20.480 [info] > git config --get commit.template [9ms]
2025-10-15 19:51:20.482 [info] > git for-each-ref --format=%(refname)%00%(upstream:short)%00%(objectname)%00%(upstream:track)%00%(upstream:remotename)%00%(upstream:remoteref) refs/heads/main refs/remotes/main [3ms]
2025-10-15 19:51:20.499 [info] > git status -z -uall [9ms]
2025-10-15 19:51:20.501 [info] > git for-each-ref --sort -committerdate --format %(refname)%00%(objectname)%00%(*objectname) [2ms]
2025-10-15 19:51:30.120 [info] > git config --get commit.template [9ms]
2025-10-15 19:51:30.120 [info] > git for-each-ref --format=%(refname)%00%(upstream:short)%00%(objectname)%00%(upstream:track)%00%(upstream:remotename)%00%(upstream:remoteref) refs/heads/main refs/remotes/main [1ms]
2025-10-15 19:51:30.135 [info] > git status -z -uall [7ms]
2025-10-15 19:51:30.136 [info] > git for-each-ref --sort -committerdate --format %(refname)%00%(objectname)%00%(*objectname) [1ms]
2025-10-15 19:52:23.447 [info] > git config --get commit.template [7ms]
2025-10-15 19:52:23.449 [info] > git for-each-ref --format=%(refname)%00%(upstream:short)%00%(objectname)%00%(upstream:track)%00%(upstream:remotename)%00%(upstream:remoteref) refs/heads/main refs/remotes/main [2ms]
2025-10-15 19:52:23.461 [info] > git status -z -uall [6ms]
2025-10-15 19:52:23.462 [info] > git for-each-ref --sort -committerdate --format %(refname)%00%(objectname)%00%(*objectname) [1ms]
2025-10-15 19:52:26.353 [info] > git show --textconv :templates/index.html [8ms]
2025-10-15 19:52:26.354 [info] > git ls-files --stage -- templates/index.html [2ms]
2025-10-15 19:52:26.361 [info] > git cat-file -s ab77cc13faa57634b15b7c4a8a7ec038e39066a9 [1ms]
2025-10-15 19:52:27.472 [info] > git blame --root --incremental 73408e3aabe1d422e3efacf7342f0a17c26e03ea -- templates/index.html [7ms]
2025-10-15 19:52:29.439 [info] > git show --textconv :static/style.css [6ms]
2025-10-15 19:52:29.440 [info] > git ls-files --stage -- static/style.css [1ms]
2025-10-15 19:52:29.447 [info] > git cat-file -s 22b0d6ef9faf9b16848526913f531ec36b06d7f7 [1ms]
2025-10-15 19:52:30.993 [info] > git config --get commit.template [6ms]
2025-10-15 19:52:30.993 [info] > git for-each-ref --format=%(refname)%00%(upstream:short)%00%(objectname)%00%(upstream:track)%00%(upstream:remotename)%00%(upstream:remoteref) refs/heads/main refs/remotes/main [1ms]
2025-10-15 19:52:31.004 [info] > git status -z -uall [6ms]
2025-10-15 19:52:31.005 [info] > git for-each-ref --sort -committerdate --format %(refname)%00%(objectname)%00%(*objectname) [1ms]
2025-10-15 19:53:11.699 [info] > git config --get commit.template [6ms]
2025-10-15 19:53:11.699 [info] > git for-each-ref --format=%(refname)%00%(upstream:short)%00%(objectname)%00%(upstream:track)%00%(upstream:remotename)%00%(upstream:remoteref) refs/heads/main refs/remotes/main [1ms]
2025-10-15 19:53:11.711 [info] > git status -z -uall [6ms]
2025-10-15 19:53:11.712 [info] > git for-each-ref --sort -committerdate --format %(refname)%00%(objectname)%00%(*objectname) [1ms]
2025-10-15 19:53:25.973 [info] > git config --get commit.template [10ms]
2025-10-15 19:53:25.973 [info] > git for-each-ref --format=%(refname)%00%(upstream:short)%00%(objectname)%00%(upstream:track)%00%(upstream:remotename)%00%(upstream:remoteref) refs/heads/main refs/remotes/main [1ms]
2025-10-15 19:53:25.991 [info] > git status -z -uall [9ms]
2025-10-15 19:53:25.991 [info] > git for-each-ref --sort -committerdate --format %(refname)%00%(objectname)%00%(*objectname) [1ms]
2025-10-15 19:54:13.203 [info] > git config --get commit.template [8ms]
2025-10-15 19:54:13.203 [info] > git for-each-ref --format=%(refname)%00%(upstream:short)%00%(objectname)%00%(upstream:track)%00%(upstream:remotename)%00%(upstream:remoteref) refs/heads/main refs/remotes/main [1ms]
2025-10-15 19:54:13.216 [info] > git status -z -uall [6ms]
2025-10-15 19:54:13.217 [info] > git for-each-ref --sort -committerdate --format %(refname)%00%(objectname)%00%(*objectname) [2ms]
2025-10-15 19:54:14.914 [info] > git show --textconv :templates/index.html [7ms]
2025-10-15 19:54:14.915 [info] > git ls-files --stage -- templates/index.html [1ms]
2025-10-15 19:54:14.922 [info] > git cat-file -s ab77cc13faa57634b15b7c4a8a7ec038e39066a9 [1ms]
2025-10-15 19:54:22.272 [info] > git show --textconv :static/style.css [7ms]
2025-10-15 19:54:22.273 [info] > git ls-files --stage -- static/style.css [1ms]
2025-10-15 19:54:22.280 [info] > git cat-file -s 22b0d6ef9faf9b16848526913f531ec36b06d7f7 [1ms]
2025-10-15 19:54:23.905 [info] > git show --textconv :templates/index.html [7ms]
2025-10-15 19:54:23.906 [info] > git ls-files --stage -- templates/index.html [1ms]
2025-10-15 19:54:23.914 [info] > git cat-file -s ab77cc13faa57634b15b7c4a8a7ec038e39066a9 [2ms]
2025-10-15 19:54:25.072 [info] > git show --textconv :static/style.css [7ms]
2025-10-15 19:54:25.073 [info] > git ls-files --stage -- static/style.css [1ms]
2025-10-15 19:54:25.080 [info] > git cat-file -s 22b0d6ef9faf9b16848526913f531ec36b06d7f7 [1ms]
2025-10-15 19:54:41.650 [info] > git config --get commit.template [10ms]
2025-10-15 19:54:41.651 [info] > git for-each-ref --format=%(refname)%00%(upstream:short)%00%(objectname)%00%(upstream:track)%00%(upstream:remotename)%00%(upstream:remoteref) refs/heads/main refs/remotes/main [2ms]
2025-10-15 19:54:41.670 [info] > git status -z -uall [11ms]
2025-10-15 19:54:41.671 [info] > git for-each-ref --sort -committerdate --format %(refname)%00%(objectname)%00%(*objectname) [1ms]
2025-10-15 19:54:46.689 [info] > git config --get commit.template [6ms]
2025-10-15 19:54:46.690 [info] > git for-each-ref --format=%(refname)%00%(upstream:short)%00%(objectname)%00%(upstream:track)%00%(upstream:remotename)%00%(upstream:remoteref) refs/heads/main refs/remotes/main [1ms]
2025-10-15 19:54:46.702 [info] > git status -z -uall [6ms]
2025-10-15 19:54:46.702 [info] > git for-each-ref --sort -committerdate --format %(refname)%00%(objectname)%00%(*objectname) [1ms]
2025-10-15 19:55:13.383 [info] > git show --textconv :templates/index.html [6ms]
2025-10-15 19:55:13.384 [info] > git ls-files --stage -- templates/index.html [1ms]
2025-10-15 19:55:13.392 [info] > git cat-file -s ab77cc13faa57634b15b7c4a8a7ec038e39066a9 [2ms]
2025-10-15 19:55:14.788 [info] > git show --textconv :static/style.css [8ms]
2025-10-15 19:55:14.788 [info] > git ls-files --stage -- static/style.css [1ms]
2025-10-15 19:55:14.795 [info] > git cat-file -s 22b0d6ef9faf9b16848526913f531ec36b06d7f7 [1ms]
2025-10-15 19:55:41.972 [info] > git config --get commit.template [8ms]
2025-10-15 19:55:41.973 [info] > git for-each-ref --format=%(refname)%00%(upstream:short)%00%(objectname)%00%(upstream:track)%00%(upstream:remotename)%00%(upstream:remoteref) refs/heads/main refs/remotes/main [1ms]
2025-10-15 19:55:41.989 [info] > git status -z -uall [7ms]
2025-10-15 19:55:41.990 [info] > git for-each-ref --sort -committerdate --format %(refname)%00%(objectname)%00%(*objectname) [1ms]
2025-10-15 19:55:59.935 [info] > git config --get commit.template [5ms]
2025-10-15 19:55:59.936 [info] > git for-each-ref --format=%(refname)%00%(upstream:short)%00%(objectname)%00%(upstream:track)%00%(upstream:remotename)%00%(upstream:remoteref) refs/heads/main refs/remotes/main [1ms]
2025-10-15 19:55:59.946 [info] > git status -z -uall [5ms]
2025-10-15 19:55:59.947 [info] > git for-each-ref --sort -committerdate --format %(refname)%00%(objectname)%00%(*objectname) [2ms]
2025-10-15 19:56:36.477 [info] > git config --get commit.template [8ms]
2025-10-15 19:56:36.478 [info] > git for-each-ref --format=%(refname)%00%(upstream:short)%00%(objectname)%00%(upstream:track)%00%(upstream:remotename)%00%(upstream:remoteref) refs/heads/main refs/remotes/main [1ms]
2025-10-15 19:56:36.492 [info] > git status -z -uall [8ms]
2025-10-15 19:56:36.493 [info] > git for-each-ref --sort -committerdate --format %(refname)%00%(objectname)%00%(*objectname) [2ms]
2025-10-15 19:56:46.908 [info] > git show --textconv :templates/index.html [7ms]
2025-10-15 19:56:46.909 [info] > git ls-files --stage -- templates/index.html [2ms]
2025-10-15 19:56:46.915 [info] > git cat-file -s ab77cc13faa57634b15b7c4a8a7ec038e39066a9 [1ms]
2025-10-15 19:56:47.596 [info] > git show --textconv :static/style.css [7ms]
2025-10-15 19:56:47.597 [info] > git ls-files --stage -- static/style.css [2ms]
2025-10-15 19:56:47.605 [info] > git cat-file -s 22b0d6ef9faf9b16848526913f531ec36b06d7f7 [1ms]
2025-10-15 19:56:59.862 [info] > git config --get commit.template [9ms]
2025-10-15 19:56:59.863 [info] > git for-each-ref --format=%(refname)%00%(upstream:short)%00%(objectname)%00%(upstream:track)%00%(upstream:remotename)%00%(upstream:remoteref) refs/heads/main refs/remotes/main [2ms]
2025-10-15 19:56:59.881 [info] > git status -z -uall [10ms]
2025-10-15 19:56:59.882 [info] > git for-each-ref --sort -committerdate --format %(refname)%00%(objectname)%00%(*objectname) [2ms]
2025-10-15 19:57:19.720 [info] > git config --get commit.template [9ms]
2025-10-15 19:57:19.720 [info] > git for-each-ref --format=%(refname)%00%(upstream:short)%00%(objectname)%00%(upstream:track)%00%(upstream:remotename)%00%(upstream:remoteref) refs/heads/main refs/remotes/main [1ms]
2025-10-15 19:57:19.736 [info] > git status -z -uall [8ms]
2025-10-15 19:57:19.737 [info] > git for-each-ref --sort -committerdate --format %(refname)%00%(objectname)%00%(*objectname) [1ms]
2025-10-15 19:57:24.763 [info] > git config --get commit.template [7ms]
2025-10-15 19:57:24.763 [info] > git for-each-ref --format=%(refname)%00%(upstream:short)%00%(objectname)%00%(upstream:track)%00%(upstream:remotename)%00%(upstream:remoteref) refs/heads/main refs/remotes/main [1ms]
2025-10-15 19:57:24.776 [info] > git status -z -uall [6ms]
2025-10-15 19:57:24.776 [info] > git for-each-ref --sort -committerdate --format %(refname)%00%(objectname)%00%(*objectname) [1ms]
2025-10-15 19:57:37.352 [info] > git show --textconv :templates/get-24hrs.html [7ms]
2025-10-15 19:57:37.353 [info] > git ls-files --stage -- templates/get-24hrs.html [2ms]
2025-10-15 19:57:37.361 [info] > git cat-file -s d097d3cab149f6a9c1aa8bd4e134c96e0108f43b [1ms]
2025-10-15 19:57:56.897 [info] > git show --textconv :static/style.css [7ms]
2025-10-15 19:57:56.898 [info] > git ls-files --stage -- static/style.css [1ms]
2025-10-15 19:57:56.906 [info] > git cat-file -s 22b0d6ef9faf9b16848526913f531ec36b06d7f7 [2ms]
2025-10-15 19:58:00.386 [info] > git show --textconv :templates/get-24hrs.html [9ms]
2025-10-15 19:58:00.388 [info] > git ls-files --stage -- templates/get-24hrs.html [3ms]
2025-10-15 19:58:00.396 [info] > git cat-file -s d097d3cab149f6a9c1aa8bd4e134c96e0108f43b [1ms]
2025-10-15 19:58:08.186 [info] > git config --get commit.template [7ms]
2025-10-15 19:58:08.187 [info] > git for-each-ref --format=%(refname)%00%(upstream:short)%00%(objectname)%00%(upstream:track)%00%(upstream:remotename)%00%(upstream:remoteref) refs/heads/main refs/remotes/main [1ms]
2025-10-15 19:58:08.201 [info] > git status -z -uall [7ms]
2025-10-15 19:58:08.202 [info] > git for-each-ref --sort -committerdate --format %(refname)%00%(objectname)%00%(*objectname) [1ms]
2025-10-15 19:58:14.023 [info] > git config --get commit.template [7ms]
2025-10-15 19:58:14.024 [info] > git for-each-ref --format=%(refname)%00%(upstream:short)%00%(objectname)%00%(upstream:track)%00%(upstream:remotename)%00%(upstream:remoteref) refs/heads/main refs/remotes/main [2ms]
2025-10-15 19:58:14.036 [info] > git status -z -uall [6ms]
2025-10-15 19:58:14.037 [info] > git for-each-ref --sort -committerdate --format %(refname)%00%(objectname)%00%(*objectname) [1ms]
2025-10-15 20:00:01.228 [info] > git show --textconv :Dockerfile [7ms]
2025-10-15 20:00:01.228 [info] > git ls-files --stage -- Dockerfile [1ms]
2025-10-15 20:00:01.235 [info] > git cat-file -s 94124daf3233e8c033b0e8b50af4d49f274ae087 [1ms]
2025-10-15 20:00:01.561 [info] > git blame --root --incremental 73408e3aabe1d422e3efacf7342f0a17c26e03ea -- Dockerfile [2ms]
2025-10-15 20:03:09.866 [info] > git config --get commit.template [6ms]
2025-10-15 20:03:09.866 [info] > git for-each-ref --format=%(refname)%00%(upstream:short)%00%(objectname)%00%(upstream:track)%00%(upstream:remotename)%00%(upstream:remoteref) refs/heads/main refs/remotes/main [1ms]
2025-10-15 20:03:09.878 [info] > git status -z -uall [7ms]
2025-10-15 20:03:09.879 [info] > git for-each-ref --sort -committerdate --format %(refname)%00%(objectname)%00%(*objectname) [2ms]
2025-10-15 20:03:28.841 [info] > git show --textconv :main.py [9ms]
2025-10-15 20:03:28.843 [info] > git ls-files --stage -- main.py [4ms]
2025-10-15 20:03:28.898 [info] > git cat-file -s b03bdd2e1234498cea311b081f638f10153e0a04 [47ms]
2025-10-15 20:03:37.195 [info] > git blame --root --incremental 73408e3aabe1d422e3efacf7342f0a17c26e03ea -- main.py [8ms]
2025-10-15 20:04:25.416 [info] > git config --get commit.template [9ms]
2025-10-15 20:04:25.416 [info] > git for-each-ref --format=%(refname)%00%(upstream:short)%00%(objectname)%00%(upstream:track)%00%(upstream:remotename)%00%(upstream:remoteref) refs/heads/main refs/remotes/main [1ms]
2025-10-15 20:04:25.430 [info] > git status -z -uall [8ms]
2025-10-15 20:04:25.431 [info] > git for-each-ref --sort -committerdate --format %(refname)%00%(objectname)%00%(*objectname) [1ms]
2025-10-15 20:04:27.148 [info] > git show --textconv :templates/get-24hrs.html [9ms]
2025-10-15 20:04:27.149 [info] > git ls-files --stage -- templates/get-24hrs.html [2ms]
2025-10-15 20:04:27.157 [info] > git cat-file -s d097d3cab149f6a9c1aa8bd4e134c96e0108f43b [1ms]
2025-10-15 20:07:57.413 [info] > git show --textconv :templates/get-8days.html [7ms]
2025-10-15 20:07:57.413 [info] > git ls-files --stage -- templates/get-8days.html [1ms]
2025-10-15 20:07:57.422 [info] > git cat-file -s 0ff0e25308da3c1d51d1c8465865f2b8c7830309 [1ms]
2025-10-15 20:07:57.537 [info] > git config --get commit.template [7ms]
2025-10-15 20:07:57.537 [info] > git for-each-ref --format=%(refname)%00%(upstream:short)%00%(objectname)%00%(upstream:track)%00%(upstream:remotename)%00%(upstream:remoteref) refs/heads/main refs/remotes/main [1ms]
2025-10-15 20:07:57.552 [info] > git status -z -uall [8ms]
2025-10-15 20:07:57.553 [info] > git for-each-ref --sort -committerdate --format %(refname)%00%(objectname)%00%(*objectname) [2ms]
2025-10-15 20:08:22.304 [info] > git config --get commit.template [8ms]
2025-10-15 20:08:22.305 [info] > git for-each-ref --format=%(refname)%00%(upstream:short)%00%(objectname)%00%(upstream:track)%00%(upstream:remotename)%00%(upstream:remoteref) refs/heads/main refs/remotes/main [2ms]
2025-10-15 20:08:22.328 [info] > git status -z -uall [14ms]
2025-10-15 20:08:22.331 [info] > git for-each-ref --sort -committerdate --format %(refname)%00%(objectname)%00%(*objectname) [5ms]
2025-10-15 20:08:24.700 [info] > git show --textconv :main.py [10ms]
2025-10-15 20:08:24.701 [info] > git ls-files --stage -- main.py [2ms]
2025-10-15 20:08:24.711 [info] > git cat-file -s b03bdd2e1234498cea311b081f638f10153e0a04 [2ms]
2025-10-15 20:08:55.337 [info] > git config --get commit.template [8ms]
2025-10-15 20:08:55.338 [info] > git for-each-ref --format=%(refname)%00%(upstream:short)%00%(objectname)%00%(upstream:track)%00%(upstream:remotename)%00%(upstream:remoteref) refs/heads/main refs/remotes/main [1ms]
2025-10-15 20:08:55.352 [info] > git status -z -uall [7ms]
2025-10-15 20:08:55.353 [info] > git for-each-ref --sort -committerdate --format %(refname)%00%(objectname)%00%(*objectname) [1ms]
2025-10-15 20:15:57.133 [info] > git config --get commit.template [7ms]
2025-10-15 20:15:57.134 [info] > git for-each-ref --format=%(refname)%00%(upstream:short)%00%(objectname)%00%(upstream:track)%00%(upstream:remotename)%00%(upstream:remoteref) refs/heads/main refs/remotes/main [1ms]
2025-10-15 20:15:57.147 [info] > git status -z -uall [7ms]
2025-10-15 20:15:57.147 [info] > git for-each-ref --sort -committerdate --format %(refname)%00%(objectname)%00%(*objectname) [1ms]
2025-10-15 20:16:17.453 [info] > git config --get commit.template [9ms]
2025-10-15 20:16:17.453 [info] > git for-each-ref --format=%(refname)%00%(upstream:short)%00%(objectname)%00%(upstream:track)%00%(upstream:remotename)%00%(upstream:remoteref) refs/heads/main refs/remotes/main [2ms]
2025-10-15 20:16:17.467 [info] > git status -z -uall [8ms]
2025-10-15 20:16:17.468 [info] > git for-each-ref --sort -committerdate --format %(refname)%00%(objectname)%00%(*objectname) [2ms]
2025-10-15 20:16:54.919 [info] > git config --get commit.template [8ms]
2025-10-15 20:16:54.920 [info] > git for-each-ref --format=%(refname)%00%(upstream:short)%00%(objectname)%00%(upstream:track)%00%(upstream:remotename)%00%(upstream:remoteref) refs/heads/main refs/remotes/main [1ms]
2025-10-15 20:16:54.935 [info] > git status -z -uall [7ms]
2025-10-15 20:16:54.936 [info] > git for-each-ref --sort -committerdate --format %(refname)%00%(objectname)%00%(*objectname) [1ms]
2025-10-15 20:17:28.453 [info] > git config --get commit.template [6ms]
2025-10-15 20:17:28.454 [info] > git for-each-ref --format=%(refname)%00%(upstream:short)%00%(objectname)%00%(upstream:track)%00%(upstream:remotename)%00%(upstream:remoteref) refs/heads/main refs/remotes/main [1ms]
2025-10-15 20:17:28.465 [info] > git status -z -uall [6ms]
2025-10-15 20:17:28.466 [info] > git for-each-ref --sort -committerdate --format %(refname)%00%(objectname)%00%(*objectname) [1ms]
2025-10-15 20:18:22.611 [info] > git config --get commit.template [7ms]
2025-10-15 20:18:22.611 [info] > git for-each-ref --format=%(refname)%00%(upstream:short)%00%(objectname)%00%(upstream:track)%00%(upstream:remotename)%00%(upstream:remoteref) refs/heads/main refs/remotes/main [1ms]
2025-10-15 20:18:22.624 [info] > git status -z -uall [7ms]
2025-10-15 20:18:22.624 [info] > git for-each-ref --sort -committerdate --format %(refname)%00%(objectname)%00%(*objectname) [1ms]
2025-10-15 20:18:32.029 [info] > git config --get commit.template [8ms]
2025-10-15 20:18:32.029 [info] > git for-each-ref --format=%(refname)%00%(upstream:short)%00%(objectname)%00%(upstream:track)%00%(upstream:remotename)%00%(upstream:remoteref) refs/heads/main refs/remotes/main [1ms]
2025-10-15 20:18:32.045 [info] > git status -z -uall [9ms]
2025-10-15 20:18:32.045 [info] > git for-each-ref --sort -committerdate --format %(refname)%00%(objectname)%00%(*objectname) [1ms]
2025-10-15 20:18:47.855 [info] > git config --get commit.template [7ms]
2025-10-15 20:18:47.856 [info] > git for-each-ref --format=%(refname)%00%(upstream:short)%00%(objectname)%00%(upstream:track)%00%(upstream:remotename)%00%(upstream:remoteref) refs/heads/main refs/remotes/main [1ms]
2025-10-15 20:18:47.871 [info] > git status -z -uall [8ms]
2025-10-15 20:18:47.872 [info] > git for-each-ref --sort -committerdate --format %(refname)%00%(objectname)%00%(*objectname) [2ms]
2025-10-15 20:19:01.687 [info] > git config --get commit.template [9ms]
2025-10-15 20:19:01.687 [info] > git for-each-ref --format=%(refname)%00%(upstream:short)%00%(objectname)%00%(upstream:track)%00%(upstream:remotename)%00%(upstream:remoteref) refs/heads/main refs/remotes/main [1ms]
2025-10-15 20:19:01.704 [info] > git status -z -uall [8ms]
2025-10-15 20:19:01.705 [info] > git for-each-ref --sort -committerdate --format %(refname)%00%(objectname)%00%(*objectname) [2ms]
