2025-11-14 20:37:18.000 [info] [main] Log level: Info
2025-11-14 20:37:18.000 [info] [main] Validating found git in: "git"
2025-11-14 20:37:18.000 [info] [main] Using git "2.51.2" from "git"
2025-11-14 20:37:18.000 [info] [Model][doInitialScan] Initial repository scan started
2025-11-14 20:37:18.000 [info] > git rev-parse --show-toplevel [17ms]
2025-11-14 20:37:18.000 [info] fatal: not a git repository (or any parent up to mount point /)
Stopping at filesystem boundary (GIT_DISCOVERY_ACROSS_FILESYSTEM not set).
2025-11-14 20:37:18.000 [info] > git rev-parse --show-toplevel [100ms]
2025-11-14 20:37:18.056 [info] > git rev-parse --git-dir --git-common-dir --show-superproject-working-tree [50ms]
2025-11-14 20:37:18.075 [info] [Model][openRepository] Opened repository (path): /home/user/repos/weather_predictor
2025-11-14 20:37:18.075 [info] [Model][openRepository] Opened repository (real path): /home/user/repos/weather_predictor
2025-11-14 20:37:18.075 [info] [Model][openRepository] Opened repository (kind): repository
2025-11-14 20:37:18.411 [info] > git config --get commit.template [307ms]
2025-11-14 20:37:18.860 [info] > git rev-parse --show-toplevel [369ms]
2025-11-14 20:37:18.860 [info] fatal: not a git repository (or any parent up to mount point /)
Stopping at filesystem boundary (GIT_DISCOVERY_ACROSS_FILESYSTEM not set).
2025-11-14 20:37:18.881 [info] > git for-each-ref --format=%(refname)%00%(upstream:short)%00%(objectname)%00%(upstream:track)%00%(upstream:remotename)%00%(upstream:remoteref) refs/heads/main refs/remotes/main [23ms]
2025-11-14 20:37:18.902 [info] > git status -z -uall [12ms]
2025-11-14 20:37:18.902 [info] > git for-each-ref --sort -committerdate --format %(refname)%00%(objectname)%00%(*objectname) [5ms]
2025-11-14 20:37:18.932 [info] > git rev-parse --show-toplevel [52ms]
2025-11-14 20:37:18.932 [info] fatal: not a git repository (or any parent up to mount point /)
Stopping at filesystem boundary (GIT_DISCOVERY_ACROSS_FILESYSTEM not set).
2025-11-14 20:37:19.021 [info] > git check-ignore -v -z --stdin [81ms]
2025-11-14 20:37:19.023 [info] > git for-each-ref --format=%(refname)%00%(upstream:short)%00%(objectname)%00%(upstream:track)%00%(upstream:remotename)%00%(upstream:remoteref) refs/heads/main refs/remotes/main [93ms]
2025-11-14 20:37:19.067 [info] > git config --get --local branch.main.vscode-merge-base [35ms]
2025-11-14 20:37:19.067 [warning] [Git][config] git config failed: Failed to execute git
2025-11-14 20:37:19.076 [info] > git rev-parse --show-toplevel [56ms]
2025-11-14 20:37:19.076 [info] > git config --get commit.template [64ms]
2025-11-14 20:37:19.191 [info] > git reflog main --grep-reflog=branch: Created from *. [115ms]
2025-11-14 20:37:19.445 [info] > git reflog HEAD --grep-reflog=checkout: moving from .* to main [247ms]
2025-11-14 20:37:19.452 [info] > git rev-parse --git-dir --git-common-dir --show-superproject-working-tree [263ms]
2025-11-14 20:37:19.457 [info] [Model][openRepository] Opened repository (path): /home/user/repos/my_test
2025-11-14 20:37:19.457 [info] [Model][openRepository] Opened repository (real path): /home/user/repos/my_test
2025-11-14 20:37:19.457 [info] [Model][openRepository] Opened repository (kind): repository
2025-11-14 20:37:19.475 [info] > git for-each-ref --format=%(refname)%00%(upstream:short)%00%(objectname)%00%(upstream:track)%00%(upstream:remotename)%00%(upstream:remoteref) refs/heads/dev refs/remotes/dev [23ms]
2025-11-14 20:37:19.483 [info] > git for-each-ref --format=%(refname)%00%(upstream:short)%00%(objectname)%00%(upstream:track)%00%(upstream:remotename)%00%(upstream:remoteref) refs/heads/main refs/remotes/main [40ms]
2025-11-14 20:37:19.502 [info] > git status -z -uall [11ms]
2025-11-14 20:37:19.502 [info] > git for-each-ref --sort -committerdate --format %(refname)%00%(objectname)%00%(*objectname) [3ms]
2025-11-14 20:37:19.506 [info] > git symbolic-ref --short refs/remotes/origin/HEAD [23ms]
2025-11-14 20:37:19.506 [info] fatal: ref refs/remotes/origin/HEAD is not a symbolic ref
2025-11-14 20:37:19.506 [warning] [Repository][getDefaultBranch] Failed to get default branch details: Failed to execute git.
2025-11-14 20:37:19.507 [info] > git rev-parse --show-toplevel [33ms]
2025-11-14 20:37:19.507 [info] > git config --get commit.template [41ms]
2025-11-14 20:37:19.533 [info] > git for-each-ref --format=%(refname)%00%(upstream:short)%00%(objectname)%00%(upstream:track)%00%(upstream:remotename)%00%(upstream:remoteref) refs/heads/main refs/remotes/main [7ms]
2025-11-14 20:37:19.548 [info] > git rev-parse --git-dir --git-common-dir --show-superproject-working-tree [30ms]
2025-11-14 20:37:19.553 [info] [Model][openRepository] Opened repository (path): /home/user/repos/test_repository
2025-11-14 20:37:19.553 [info] [Model][openRepository] Opened repository (real path): /home/user/repos/test_repository
2025-11-14 20:37:19.553 [info] [Model][openRepository] Opened repository (kind): repository
2025-11-14 20:37:19.570 [info] > git status -z -uall [30ms]
2025-11-14 20:37:19.570 [info] > git for-each-ref --sort -committerdate --format %(refname)%00%(objectname)%00%(*objectname) [22ms]
2025-11-14 20:37:19.758 [info] > git for-each-ref --format=%(refname)%00%(upstream:short)%00%(objectname)%00%(upstream:track)%00%(upstream:remotename)%00%(upstream:remoteref) refs/heads/main refs/remotes/main [175ms]
2025-11-14 20:37:19.766 [info] > git rev-parse --show-toplevel [196ms]
2025-11-14 20:37:19.766 [info] fatal: not a git repository (or any parent up to mount point /)
Stopping at filesystem boundary (GIT_DISCOVERY_ACROSS_FILESYSTEM not set).
2025-11-14 20:37:19.766 [info] > git config --get commit.template [205ms]
2025-11-14 20:37:19.784 [info] > git config --get --local branch.main.vscode-merge-base [19ms]
2025-11-14 20:37:19.791 [info] > git config --get commit.template [195ms]
2025-11-14 20:37:19.810 [info] > git for-each-ref --format=%(refname)%00%(upstream:short)%00%(objectname)%00%(upstream:track)%00%(upstream:remotename)%00%(upstream:remoteref) refs/heads/origin/main refs/remotes/origin/main [19ms]
2025-11-14 20:37:19.811 [info] > git rev-parse --show-toplevel [33ms]
2025-11-14 20:37:19.811 [info] fatal: not a git repository (or any parent up to mount point /)
Stopping at filesystem boundary (GIT_DISCOVERY_ACROSS_FILESYSTEM not set).
2025-11-14 20:37:19.974 [info] > git for-each-ref --format=%(refname)%00%(upstream:short)%00%(objectname)%00%(upstream:track)%00%(upstream:remotename)%00%(upstream:remoteref) refs/heads/main refs/remotes/main [170ms]
2025-11-14 20:37:19.985 [warning] [Git][revParse] Unable to read file: ENOENT: no such file or directory, open '/home/user/repos/test_repository/.git/refs/remotes/origin/main'
2025-11-14 20:37:20.037 [info] > git rev-parse --show-toplevel [209ms]
2025-11-14 20:37:20.037 [info] > git for-each-ref --format=%(refname)%00%(upstream:short)%00%(objectname)%00%(upstream:track)%00%(upstream:remotename)%00%(upstream:remoteref) refs/heads/main refs/remotes/main [217ms]
2025-11-14 20:37:20.112 [info] > git status -z -uall [68ms]
2025-11-14 20:37:20.112 [info] > git for-each-ref --sort -committerdate --format %(refname)%00%(objectname)%00%(*objectname) [60ms]
2025-11-14 20:37:20.115 [info] > git rev-parse refs/remotes/origin/main [130ms]
2025-11-14 20:37:20.133 [info] > git status -z -uall [11ms]
2025-11-14 20:37:20.133 [info] > git for-each-ref --sort -committerdate --format %(refname)%00%(objectname)%00%(*objectname) [3ms]
2025-11-14 20:37:20.145 [info] > git rev-parse --git-dir --git-common-dir --show-superproject-working-tree [36ms]
2025-11-14 20:37:20.149 [info] [Model][openRepository] Opened repository (path): /home/user/repos/xss-shop
2025-11-14 20:37:20.149 [info] [Model][openRepository] Opened repository (real path): /home/user/repos/xss-shop
2025-11-14 20:37:20.149 [info] [Model][openRepository] Opened repository (kind): repository
2025-11-14 20:37:20.151 [info] [Model][doInitialScan] Initial repository scan completed - repositories (4), closed repositories (0), parent repositories (0), unsafe repositories (0)
2025-11-14 20:37:20.193 [info] > git show --textconv :back/assistant/assistant.py [34ms]
2025-11-14 20:37:20.193 [info] > git ls-files --stage -- back/assistant/assistant.py [25ms]
2025-11-14 20:37:20.202 [info] > git for-each-ref --format=%(refname)%00%(upstream:short)%00%(objectname)%00%(upstream:track)%00%(upstream:remotename)%00%(upstream:remoteref) refs/heads/main refs/remotes/main [58ms]
2025-11-14 20:37:20.334 [info] > git config --get --local branch.main.vscode-merge-base [124ms]
2025-11-14 20:37:20.342 [info] > git cat-file -s c8decb87b265d3746d83ae7a499d5b4566f9de46 [140ms]
2025-11-14 20:37:20.343 [info] > git rev-parse --show-toplevel [150ms]
2025-11-14 20:37:20.343 [info] fatal: not a git repository (or any parent up to mount point /)
Stopping at filesystem boundary (GIT_DISCOVERY_ACROSS_FILESYSTEM not set).
2025-11-14 20:37:20.343 [info] > git config --get commit.template [157ms]
2025-11-14 20:37:20.343 [info] > git config --get commit.template [165ms]
2025-11-14 20:37:20.477 [info] > git for-each-ref --format=%(refname)%00%(upstream:short)%00%(objectname)%00%(upstream:track)%00%(upstream:remotename)%00%(upstream:remoteref) refs/heads/origin/main refs/remotes/origin/main [135ms]
2025-11-14 20:37:20.508 [info] > git merge-base refs/heads/main refs/remotes/origin/main [22ms]
2025-11-14 20:37:20.517 [info] > git for-each-ref --format=%(refname)%00%(upstream:short)%00%(objectname)%00%(upstream:track)%00%(upstream:remotename)%00%(upstream:remoteref) refs/heads/master refs/remotes/master [13ms]
2025-11-14 20:37:20.517 [info] > git for-each-ref --format=%(refname)%00%(upstream:short)%00%(objectname)%00%(upstream:track)%00%(upstream:remotename)%00%(upstream:remoteref) refs/heads/main refs/remotes/main [22ms]
2025-11-14 20:37:20.525 [warning] [Git][revParse] Unable to read file: ENOENT: no such file or directory, open '/home/user/repos/xss-shop/.git/refs/remotes/origin/master'
2025-11-14 20:37:20.532 [warning] [Git][revParse] Unable to read file: ENOENT: no such file or directory, open '/home/user/repos/test_repository/.git/refs/remotes/origin/main'
2025-11-14 20:37:20.533 [info] > git diff --name-status -z --diff-filter=ADMR --find-renames=50% c5711b66ad5e152a05fb6fbbd78abe531e7248e2...refs/remotes/origin/main -- [17ms]
2025-11-14 20:37:20.539 [info] > git rev-parse refs/remotes/origin/main [7ms]
2025-11-14 20:37:20.555 [info] > git rev-parse refs/remotes/origin/master [30ms]
2025-11-14 20:37:20.572 [info] > git status -z -uall [25ms]
2025-11-14 20:37:20.572 [info] > git status -z -uall [9ms]
2025-11-14 20:37:20.572 [info] > git for-each-ref --sort -committerdate --format %(refname)%00%(objectname)%00%(*objectname) [17ms]
2025-11-14 20:37:20.587 [info] > git for-each-ref --sort -committerdate --format %(refname)%00%(objectname)%00%(*objectname) [16ms]
2025-11-14 20:37:20.617 [info] > git for-each-ref --format=%(refname)%00%(upstream:short)%00%(objectname)%00%(upstream:track)%00%(upstream:remotename)%00%(upstream:remoteref) refs/heads/master refs/remotes/master [18ms]
2025-11-14 20:37:20.626 [info] > git blame --root --incremental 3029ad9b7f26781cd9b9919f8e0d4ce30ab39b58 -- back/assistant/assistant.py [39ms]
2025-11-14 20:37:20.629 [info] > git config --get --local branch.master.vscode-merge-base [4ms]
2025-11-14 20:37:20.638 [info] > git config --get commit.template [27ms]
2025-11-14 20:37:20.647 [info] > git for-each-ref --format=%(refname)%00%(upstream:short)%00%(objectname)%00%(upstream:track)%00%(upstream:remotename)%00%(upstream:remoteref) refs/heads/origin/master refs/remotes/origin/master [9ms]
2025-11-14 20:37:20.660 [info] > git merge-base refs/heads/master refs/remotes/origin/master [4ms]
2025-11-14 20:37:20.668 [info] > git for-each-ref --format=%(refname)%00%(upstream:short)%00%(objectname)%00%(upstream:track)%00%(upstream:remotename)%00%(upstream:remoteref) refs/heads/master refs/remotes/master [22ms]
2025-11-14 20:37:20.677 [warning] [Git][revParse] Unable to read file: ENOENT: no such file or directory, open '/home/user/repos/xss-shop/.git/refs/remotes/origin/master'
2025-11-14 20:37:20.678 [info] > git diff --name-status -z --diff-filter=ADMR --find-renames=50% 9d8d421c8527678bba71e07749d36202b94cac0f...refs/remotes/origin/master -- [10ms]
2025-11-14 20:37:20.678 [info] > git rev-parse refs/remotes/origin/master [1ms]
2025-11-14 20:37:20.695 [info] > git status -z -uall [9ms]
2025-11-14 20:37:20.696 [info] > git for-each-ref --sort -committerdate --format %(refname)%00%(objectname)%00%(*objectname) [2ms]
2025-11-14 20:37:20.929 [info] > git check-ignore -v -z --stdin [92ms]
2025-11-14 20:37:20.930 [info] > git check-ignore -v -z --stdin [82ms]
2025-11-14 20:37:20.930 [info] > git check-ignore -v -z --stdin [71ms]
2025-11-14 20:37:20.931 [info] > git check-ignore -v -z --stdin [63ms]
2025-11-14 20:42:33.658 [info] > git config --get commit.template [10ms]
2025-11-14 20:42:33.659 [info] > git for-each-ref --format=%(refname)%00%(upstream:short)%00%(objectname)%00%(upstream:track)%00%(upstream:remotename)%00%(upstream:remoteref) refs/heads/main refs/remotes/main [2ms]
2025-11-14 20:42:33.677 [info] > git status -z -uall [10ms]
2025-11-14 20:42:33.679 [info] > git for-each-ref --sort -committerdate --format %(refname)%00%(objectname)%00%(*objectname) [3ms]
2025-11-14 20:42:37.051 [info] > git check-ignore -v -z --stdin [1ms]
2025-11-14 20:42:38.696 [info] > git config --get commit.template [7ms]
2025-11-14 20:42:38.697 [info] > git for-each-ref --format=%(refname)%00%(upstream:short)%00%(objectname)%00%(upstream:track)%00%(upstream:remotename)%00%(upstream:remoteref) refs/heads/main refs/remotes/main [1ms]
2025-11-14 20:42:38.711 [info] > git status -z -uall [7ms]
2025-11-14 20:42:38.711 [info] > git for-each-ref --sort -committerdate --format %(refname)%00%(objectname)%00%(*objectname) [1ms]
2025-11-14 20:44:09.087 [info] > git config --get commit.template [9ms]
2025-11-14 20:44:09.088 [info] > git for-each-ref --format=%(refname)%00%(upstream:short)%00%(objectname)%00%(upstream:track)%00%(upstream:remotename)%00%(upstream:remoteref) refs/heads/main refs/remotes/main [2ms]
2025-11-14 20:44:09.103 [info] > git status -z -uall [8ms]
2025-11-14 20:44:09.104 [info] > git for-each-ref --sort -committerdate --format %(refname)%00%(objectname)%00%(*objectname) [2ms]
2025-11-14 20:44:48.072 [info] > git config --get commit.template [1ms]
2025-11-14 20:44:48.083 [info] > git for-each-ref --format=%(refname)%00%(upstream:short)%00%(objectname)%00%(upstream:track)%00%(upstream:remotename)%00%(upstream:remoteref) refs/heads/main refs/remotes/main [2ms]
2025-11-14 20:44:48.100 [info] > git status -z -uall [9ms]
2025-11-14 20:44:48.102 [info] > git for-each-ref --sort -committerdate --format %(refname)%00%(objectname)%00%(*objectname) [2ms]
2025-11-14 20:44:56.709 [info] > git for-each-ref --format=%(refname)%00%(upstream:short)%00%(objectname)%00%(upstream:track)%00%(upstream:remotename)%00%(upstream:remoteref) refs/heads/main refs/remotes/main [1ms]
2025-11-14 20:44:56.710 [info] > git config --get commit.template [12ms]
2025-11-14 20:44:56.728 [info] > git status -z -uall [9ms]
2025-11-14 20:44:56.729 [info] > git for-each-ref --sort -committerdate --format %(refname)%00%(objectname)%00%(*objectname) [1ms]
2025-11-14 20:45:10.884 [info] > git config --get commit.template [12ms]
2025-11-14 20:45:10.885 [info] > git for-each-ref --format=%(refname)%00%(upstream:short)%00%(objectname)%00%(upstream:track)%00%(upstream:remotename)%00%(upstream:remoteref) refs/heads/main refs/remotes/main [1ms]
2025-11-14 20:45:10.905 [info] > git status -z -uall [10ms]
2025-11-14 20:45:10.906 [info] > git for-each-ref --sort -committerdate --format %(refname)%00%(objectname)%00%(*objectname) [1ms]
2025-11-14 20:45:25.534 [info] > git config --get commit.template [1ms]
2025-11-14 20:45:25.547 [info] > git for-each-ref --format=%(refname)%00%(upstream:short)%00%(objectname)%00%(upstream:track)%00%(upstream:remotename)%00%(upstream:remoteref) refs/heads/main refs/remotes/main [1ms]
2025-11-14 20:45:25.570 [info] > git status -z -uall [12ms]
2025-11-14 20:45:25.572 [info] > git for-each-ref --sort -committerdate --format %(refname)%00%(objectname)%00%(*objectname) [3ms]
2025-11-14 20:46:04.233 [info] > git config --get commit.template [1ms]
2025-11-14 20:46:04.247 [info] > git for-each-ref --format=%(refname)%00%(upstream:short)%00%(objectname)%00%(upstream:track)%00%(upstream:remotename)%00%(upstream:remoteref) refs/heads/main refs/remotes/main [2ms]
2025-11-14 20:46:04.268 [info] > git status -z -uall [10ms]
2025-11-14 20:46:04.271 [info] > git for-each-ref --sort -committerdate --format %(refname)%00%(objectname)%00%(*objectname) [3ms]
2025-11-14 20:46:23.508 [info] > git config --get commit.template [9ms]
2025-11-14 20:46:23.509 [info] > git for-each-ref --format=%(refname)%00%(upstream:short)%00%(objectname)%00%(upstream:track)%00%(upstream:remotename)%00%(upstream:remoteref) refs/heads/main refs/remotes/main [2ms]
2025-11-14 20:46:23.525 [info] > git status -z -uall [9ms]
2025-11-14 20:46:23.525 [info] > git for-each-ref --sort -committerdate --format %(refname)%00%(objectname)%00%(*objectname) [1ms]
2025-11-14 20:47:54.532 [info] > git config --get commit.template [11ms]
2025-11-14 20:47:54.533 [info] > git for-each-ref --format=%(refname)%00%(upstream:short)%00%(objectname)%00%(upstream:track)%00%(upstream:remotename)%00%(upstream:remoteref) refs/heads/main refs/remotes/main [1ms]
2025-11-14 20:47:54.554 [info] > git status -z -uall [11ms]
2025-11-14 20:47:54.555 [info] > git for-each-ref --sort -committerdate --format %(refname)%00%(objectname)%00%(*objectname) [1ms]
2025-11-14 20:48:00.218 [info] > git config --get commit.template [9ms]
2025-11-14 20:48:00.219 [info] > git for-each-ref --format=%(refname)%00%(upstream:short)%00%(objectname)%00%(upstream:track)%00%(upstream:remotename)%00%(upstream:remoteref) refs/heads/main refs/remotes/main [2ms]
2025-11-14 20:48:00.239 [info] > git status -z -uall [11ms]
2025-11-14 20:48:00.240 [info] > git for-each-ref --sort -committerdate --format %(refname)%00%(objectname)%00%(*objectname) [1ms]
2025-11-14 20:48:29.264 [info] > git config --get commit.template [1ms]
2025-11-14 20:48:29.273 [info] > git for-each-ref --format=%(refname)%00%(upstream:short)%00%(objectname)%00%(upstream:track)%00%(upstream:remotename)%00%(upstream:remoteref) refs/heads/main refs/remotes/main [1ms]
2025-11-14 20:48:29.293 [info] > git status -z -uall [10ms]
2025-11-14 20:48:29.294 [info] > git for-each-ref --sort -committerdate --format %(refname)%00%(objectname)%00%(*objectname) [2ms]
2025-11-14 20:48:34.315 [info] > git config --get commit.template [9ms]
2025-11-14 20:48:34.315 [info] > git for-each-ref --format=%(refname)%00%(upstream:short)%00%(objectname)%00%(upstream:track)%00%(upstream:remotename)%00%(upstream:remoteref) refs/heads/main refs/remotes/main [1ms]
2025-11-14 20:48:34.332 [info] > git status -z -uall [8ms]
2025-11-14 20:48:34.333 [info] > git for-each-ref --sort -committerdate --format %(refname)%00%(objectname)%00%(*objectname) [1ms]
2025-11-14 20:48:40.699 [info] > git config --get commit.template [9ms]
2025-11-14 20:48:40.699 [info] > git for-each-ref --format=%(refname)%00%(upstream:short)%00%(objectname)%00%(upstream:track)%00%(upstream:remotename)%00%(upstream:remoteref) refs/heads/main refs/remotes/main [0ms]
2025-11-14 20:48:40.717 [info] > git status -z -uall [9ms]
2025-11-14 20:48:40.718 [info] > git for-each-ref --sort -committerdate --format %(refname)%00%(objectname)%00%(*objectname) [1ms]
2025-11-14 20:53:24.833 [info] > git check-ignore -v -z --stdin [1ms]
2025-11-14 20:53:33.964 [info] > git show --textconv :.gitignore [11ms]
2025-11-14 20:53:33.965 [info] > git ls-files --stage -- .gitignore [2ms]
2025-11-14 20:53:33.975 [info] > git cat-file -s c9b815a5a684f1383e09a27d080b8af30b47e864 [2ms]
2025-11-14 20:53:35.208 [info] > git blame --root --incremental 3029ad9b7f26781cd9b9919f8e0d4ce30ab39b58 -- .gitignore [19ms]
2025-11-14 20:53:43.113 [info] > git check-ignore -v -z --stdin [28ms]
2025-11-14 20:53:43.114 [info] > git check-ignore -v -z --stdin [21ms]
2025-11-14 20:53:43.114 [info] > git check-ignore -v -z --stdin [11ms]
2025-11-14 20:53:43.114 [info] > git check-ignore -v -z --stdin [2ms]
2025-11-14 20:53:43.537 [info] > git config --get commit.template [1ms]
2025-11-14 20:53:43.546 [info] > git for-each-ref --format=%(refname)%00%(upstream:short)%00%(objectname)%00%(upstream:track)%00%(upstream:remotename)%00%(upstream:remoteref) refs/heads/main refs/remotes/main [1ms]
2025-11-14 20:53:43.562 [info] > git status -z -uall [8ms]
2025-11-14 20:53:43.563 [info] > git for-each-ref --sort -committerdate --format %(refname)%00%(objectname)%00%(*objectname) [1ms]
2025-11-14 20:53:48.418 [info] > git config --get commit.template [2ms]
2025-11-14 20:53:48.428 [info] > git for-each-ref --format=%(refname)%00%(upstream:short)%00%(objectname)%00%(upstream:track)%00%(upstream:remotename)%00%(upstream:remoteref) refs/heads/main refs/remotes/main [2ms]
2025-11-14 20:53:48.445 [info] > git status -z -uall [9ms]
2025-11-14 20:53:48.446 [info] > git for-each-ref --sort -committerdate --format %(refname)%00%(objectname)%00%(*objectname) [1ms]
2025-11-14 20:53:48.770 [info] > git show --textconv HEAD:.gitignore [11ms]
2025-11-14 20:53:48.770 [info] > git ls-tree -l HEAD -- .gitignore [1ms]
2025-11-14 20:53:49.486 [info] > git config --get commit.template [9ms]
2025-11-14 20:53:49.487 [info] > git for-each-ref --format=%(refname)%00%(upstream:short)%00%(objectname)%00%(upstream:track)%00%(upstream:remotename)%00%(upstream:remoteref) refs/heads/main refs/remotes/main [1ms]
2025-11-14 20:53:49.505 [info] > git status -z -uall [10ms]
2025-11-14 20:53:49.505 [info] > git for-each-ref --sort -committerdate --format %(refname)%00%(objectname)%00%(*objectname) [1ms]
2025-11-14 20:53:49.586 [info] > git ls-files --stage -- .gitignore [9ms]
2025-11-14 20:53:49.596 [info] > git ls-tree -l HEAD -- .gitignore [9ms]
2025-11-14 20:53:49.596 [info] > git cat-file -s 77ee30e4924d35de0f3681bd9b1897d5005d4cab [1ms]
2025-11-14 20:53:49.615 [info] > git show --textconv HEAD:.gitignore [10ms]
2025-11-14 20:53:49.616 [info] > git show --textconv :.gitignore [2ms]
2025-11-14 20:53:58.629 [info] > git config --get commit.template [2ms]
2025-11-14 20:53:58.640 [info] > git for-each-ref --format=%(refname)%00%(upstream:short)%00%(objectname)%00%(upstream:track)%00%(upstream:remotename)%00%(upstream:remoteref) refs/heads/main refs/remotes/main [2ms]
2025-11-14 20:53:58.657 [info] > git status -z -uall [8ms]
2025-11-14 20:53:58.659 [info] > git for-each-ref --sort -committerdate --format %(refname)%00%(objectname)%00%(*objectname) [2ms]
2025-11-14 20:53:58.675 [info] > git blame --root --incremental d55d70f2d53b4a36406df68a882aef9e1a74f5f2 -- .gitignore [4ms]
2025-11-14 20:53:59.703 [info] > git config --get commit.template [9ms]
2025-11-14 20:53:59.704 [info] > git for-each-ref --format=%(refname)%00%(upstream:short)%00%(objectname)%00%(upstream:track)%00%(upstream:remotename)%00%(upstream:remoteref) refs/heads/main refs/remotes/main [1ms]
2025-11-14 20:53:59.721 [info] > git status -z -uall [10ms]
2025-11-14 20:53:59.722 [info] > git for-each-ref --sort -committerdate --format %(refname)%00%(objectname)%00%(*objectname) [1ms]
2025-11-14 20:53:59.797 [info] > git ls-files --stage -- .gitignore [1ms]
2025-11-14 20:53:59.807 [info] > git cat-file -s 77ee30e4924d35de0f3681bd9b1897d5005d4cab [1ms]
2025-11-14 20:53:59.818 [info] > git show --textconv :.gitignore [2ms]
2025-11-14 20:54:03.900 [info] > git config --get commit.template [9ms]
2025-11-14 20:54:03.900 [info] > git for-each-ref --format=%(refname)%00%(upstream:short)%00%(objectname)%00%(upstream:track)%00%(upstream:remotename)%00%(upstream:remoteref) refs/heads/main refs/remotes/main [1ms]
2025-11-14 20:54:03.916 [info] > git status -z -uall [8ms]
2025-11-14 20:54:03.917 [info] > git for-each-ref --sort -committerdate --format %(refname)%00%(objectname)%00%(*objectname) [1ms]
2025-11-14 21:15:03.380 [info] > git show --textconv :back/assistant/assistant.py [10ms]
2025-11-14 21:15:03.381 [info] > git ls-files --stage -- back/assistant/assistant.py [1ms]
2025-11-14 21:15:03.391 [info] > git cat-file -s 731fee328201a588fbb45f33530ee5608390bb51 [2ms]
2025-11-14 21:15:03.427 [info] > git blame --root --incremental d55d70f2d53b4a36406df68a882aef9e1a74f5f2 -- back/assistant/assistant.py [2ms]
2025-11-14 21:16:28.689 [info] > git config --get commit.template [8ms]
2025-11-14 21:16:28.690 [info] > git for-each-ref --format=%(refname)%00%(upstream:short)%00%(objectname)%00%(upstream:track)%00%(upstream:remotename)%00%(upstream:remoteref) refs/heads/main refs/remotes/main [1ms]
2025-11-14 21:16:28.707 [info] > git status -z -uall [9ms]
2025-11-14 21:16:28.708 [info] > git for-each-ref --sort -committerdate --format %(refname)%00%(objectname)%00%(*objectname) [2ms]
2025-11-14 21:16:34.916 [info] > git config --get commit.template [9ms]
2025-11-14 21:16:34.917 [info] > git for-each-ref --format=%(refname)%00%(upstream:short)%00%(objectname)%00%(upstream:track)%00%(upstream:remotename)%00%(upstream:remoteref) refs/heads/main refs/remotes/main [1ms]
2025-11-14 21:16:34.935 [info] > git status -z -uall [10ms]
2025-11-14 21:16:34.936 [info] > git for-each-ref --sort -committerdate --format %(refname)%00%(objectname)%00%(*objectname) [1ms]
2025-11-14 21:17:20.310 [info] > git config --get commit.template [12ms]
2025-11-14 21:17:20.311 [info] > git for-each-ref --format=%(refname)%00%(upstream:short)%00%(objectname)%00%(upstream:track)%00%(upstream:remotename)%00%(upstream:remoteref) refs/heads/main refs/remotes/main [2ms]
2025-11-14 21:17:20.331 [info] > git status -z -uall [11ms]
2025-11-14 21:17:20.331 [info] > git for-each-ref --sort -committerdate --format %(refname)%00%(objectname)%00%(*objectname) [1ms]
2025-11-14 21:17:35.073 [info] > git config --get commit.template [13ms]
2025-11-14 21:17:35.074 [info] > git for-each-ref --format=%(refname)%00%(upstream:short)%00%(objectname)%00%(upstream:track)%00%(upstream:remotename)%00%(upstream:remoteref) refs/heads/main refs/remotes/main [2ms]
2025-11-14 21:17:35.095 [info] > git status -z -uall [11ms]
2025-11-14 21:17:35.096 [info] > git for-each-ref --sort -committerdate --format %(refname)%00%(objectname)%00%(*objectname) [2ms]
2025-11-14 21:17:42.011 [info] > git config --get commit.template [2ms]
2025-11-14 21:17:42.024 [info] > git for-each-ref --format=%(refname)%00%(upstream:short)%00%(objectname)%00%(upstream:track)%00%(upstream:remotename)%00%(upstream:remoteref) refs/heads/main refs/remotes/main [1ms]
2025-11-14 21:17:42.042 [info] > git status -z -uall [9ms]
2025-11-14 21:17:42.043 [info] > git for-each-ref --sort -committerdate --format %(refname)%00%(objectname)%00%(*objectname) [1ms]
2025-11-14 21:17:42.367 [info] > git show --textconv HEAD:back/assistant/assistant.py [11ms]
2025-11-14 21:17:42.368 [info] > git ls-tree -l HEAD -- back/assistant/assistant.py [2ms]
2025-11-14 21:17:43.079 [info] > git config --get commit.template [10ms]
2025-11-14 21:17:43.079 [info] > git for-each-ref --format=%(refname)%00%(upstream:short)%00%(objectname)%00%(upstream:track)%00%(upstream:remotename)%00%(upstream:remoteref) refs/heads/main refs/remotes/main [1ms]
2025-11-14 21:17:43.097 [info] > git status -z -uall [9ms]
2025-11-14 21:17:43.097 [info] > git for-each-ref --sort -committerdate --format %(refname)%00%(objectname)%00%(*objectname) [1ms]
2025-11-14 21:17:43.181 [info] > git ls-files --stage -- back/assistant/assistant.py [10ms]
2025-11-14 21:17:43.190 [info] > git ls-tree -l HEAD -- back/assistant/assistant.py [10ms]
2025-11-14 21:17:43.190 [info] > git cat-file -s d25913b016cf06bb026db3f3d330d7ace6b40837 [1ms]
2025-11-14 21:17:43.211 [info] > git show --textconv HEAD:back/assistant/assistant.py [11ms]
2025-11-14 21:17:43.212 [info] > git show --textconv :back/assistant/assistant.py [2ms]
2025-11-14 21:17:44.612 [info] > git config --get commit.template [2ms]
2025-11-14 21:17:44.629 [info] > git for-each-ref --format=%(refname)%00%(upstream:short)%00%(objectname)%00%(upstream:track)%00%(upstream:remotename)%00%(upstream:remoteref) refs/heads/main refs/remotes/main [5ms]
2025-11-14 21:17:44.668 [info] > git status -z -uall [14ms]
2025-11-14 21:17:44.669 [info] > git for-each-ref --sort -committerdate --format %(refname)%00%(objectname)%00%(*objectname) [2ms]
2025-11-14 21:17:44.690 [info] > git blame --root --incremental cbefb200ca0c37944078bc379ccc41c9b928fda6 -- back/assistant/assistant.py [4ms]
2025-11-14 21:17:45.782 [info] > git ls-files --stage -- back/assistant/assistant.py [1ms]
2025-11-14 21:17:45.793 [info] > git cat-file -s d25913b016cf06bb026db3f3d330d7ace6b40837 [1ms]
2025-11-14 21:17:45.805 [info] > git show --textconv :back/assistant/assistant.py [1ms]
2025-11-14 21:17:48.865 [info] > git config --get commit.template [2ms]
2025-11-14 21:17:48.875 [info] > git for-each-ref --format=%(refname)%00%(upstream:short)%00%(objectname)%00%(upstream:track)%00%(upstream:remotename)%00%(upstream:remoteref) refs/heads/main refs/remotes/main [2ms]
2025-11-14 21:17:48.893 [info] > git status -z -uall [9ms]
2025-11-14 21:17:48.894 [info] > git for-each-ref --sort -committerdate --format %(refname)%00%(objectname)%00%(*objectname) [2ms]
2025-11-14 22:04:34.184 [info] > git config --get commit.template [11ms]
2025-11-14 22:04:34.185 [info] > git for-each-ref --format=%(refname)%00%(upstream:short)%00%(objectname)%00%(upstream:track)%00%(upstream:remotename)%00%(upstream:remoteref) refs/heads/main refs/remotes/main [1ms]
2025-11-14 22:04:34.203 [info] > git status -z -uall [9ms]
2025-11-14 22:04:34.204 [info] > git for-each-ref --sort -committerdate --format %(refname)%00%(objectname)%00%(*objectname) [1ms]
2025-11-14 22:05:54.238 [info] > git config --get commit.template [2ms]
2025-11-14 22:05:54.250 [info] > git for-each-ref --format=%(refname)%00%(upstream:short)%00%(objectname)%00%(upstream:track)%00%(upstream:remotename)%00%(upstream:remoteref) refs/heads/main refs/remotes/main [2ms]
2025-11-14 22:05:54.269 [info] > git status -z -uall [10ms]
2025-11-14 22:05:54.270 [info] > git for-each-ref --sort -committerdate --format %(refname)%00%(objectname)%00%(*objectname) [2ms]
2025-11-14 22:05:54.595 [info] > git show --textconv HEAD:back/assistant/assistant.py [11ms]
2025-11-14 22:05:54.596 [info] > git ls-tree -l HEAD -- back/assistant/assistant.py [2ms]
2025-11-14 22:05:55.317 [info] > git config --get commit.template [10ms]
2025-11-14 22:05:55.318 [info] > git for-each-ref --format=%(refname)%00%(upstream:short)%00%(objectname)%00%(upstream:track)%00%(upstream:remotename)%00%(upstream:remoteref) refs/heads/main refs/remotes/main [2ms]
2025-11-14 22:05:55.338 [info] > git status -z -uall [11ms]
2025-11-14 22:05:55.339 [info] > git for-each-ref --sort -committerdate --format %(refname)%00%(objectname)%00%(*objectname) [2ms]
2025-11-14 22:05:55.419 [info] > git ls-files --stage -- back/assistant/assistant.py [11ms]
2025-11-14 22:05:55.429 [info] > git ls-tree -l HEAD -- back/assistant/assistant.py [10ms]
2025-11-14 22:05:55.430 [info] > git cat-file -s 30b97ec0ab2c6f109286a9eee842b36776fb0cb0 [1ms]
2025-11-14 22:05:55.451 [info] > git show --textconv HEAD:back/assistant/assistant.py [11ms]
2025-11-14 22:05:55.452 [info] > git show --textconv :back/assistant/assistant.py [1ms]
2025-11-14 22:06:05.264 [info] > git config --get commit.template [12ms]
2025-11-14 22:06:05.265 [info] > git for-each-ref --format=%(refname)%00%(upstream:short)%00%(objectname)%00%(upstream:track)%00%(upstream:remotename)%00%(upstream:remoteref) refs/heads/main refs/remotes/main [1ms]
2025-11-14 22:06:05.289 [info] > git status -z -uall [12ms]
2025-11-14 22:06:05.290 [info] > git for-each-ref --sort -committerdate --format %(refname)%00%(objectname)%00%(*objectname) [2ms]
2025-11-14 22:06:05.307 [info] > git blame --root --incremental 21e4d95760fa8580644a82c4a6a3e60a9d0d339b -- back/assistant/assistant.py [4ms]
2025-11-14 22:06:06.328 [info] > git config --get commit.template [1ms]
2025-11-14 22:06:06.339 [info] > git for-each-ref --format=%(refname)%00%(upstream:short)%00%(objectname)%00%(upstream:track)%00%(upstream:remotename)%00%(upstream:remoteref) refs/heads/main refs/remotes/main [1ms]
2025-11-14 22:06:06.363 [info] > git status -z -uall [13ms]
2025-11-14 22:06:06.364 [info] > git for-each-ref --sort -committerdate --format %(refname)%00%(objectname)%00%(*objectname) [2ms]
2025-11-14 22:06:06.430 [info] > git ls-files --stage -- back/assistant/assistant.py [2ms]
2025-11-14 22:06:06.443 [info] > git cat-file -s 30b97ec0ab2c6f109286a9eee842b36776fb0cb0 [1ms]
2025-11-14 22:06:06.455 [info] > git show --textconv :back/assistant/assistant.py [1ms]
2025-11-14 22:06:11.099 [info] > git config --get commit.template [1ms]
2025-11-14 22:06:11.111 [info] > git for-each-ref --format=%(refname)%00%(upstream:short)%00%(objectname)%00%(upstream:track)%00%(upstream:remotename)%00%(upstream:remoteref) refs/heads/main refs/remotes/main [1ms]
2025-11-14 22:06:11.132 [info] > git status -z -uall [11ms]
2025-11-14 22:06:11.132 [info] > git for-each-ref --sort -committerdate --format %(refname)%00%(objectname)%00%(*objectname) [1ms]
2025-11-14 22:40:51.176 [info] > git config --get commit.template [9ms]
2025-11-14 22:40:51.177 [info] > git for-each-ref --format=%(refname)%00%(upstream:short)%00%(objectname)%00%(upstream:track)%00%(upstream:remotename)%00%(upstream:remoteref) refs/heads/main refs/remotes/main [1ms]
2025-11-14 22:40:51.196 [info] > git status -z -uall [10ms]
2025-11-14 22:40:51.197 [info] > git for-each-ref --sort -committerdate --format %(refname)%00%(objectname)%00%(*objectname) [1ms]
2025-11-14 22:47:05.566 [info] > git config --get commit.template [15ms]
2025-11-14 22:47:05.566 [info] > git for-each-ref --format=%(refname)%00%(upstream:short)%00%(objectname)%00%(upstream:track)%00%(upstream:remotename)%00%(upstream:remoteref) refs/heads/main refs/remotes/main [1ms]
2025-11-14 22:47:05.591 [info] > git status -z -uall [13ms]
2025-11-14 22:47:05.592 [info] > git for-each-ref --sort -committerdate --format %(refname)%00%(objectname)%00%(*objectname) [2ms]
2025-11-14 22:47:09.766 [info] > git show --textconv :back/assistant/Dockerfile [10ms]
2025-11-14 22:47:09.766 [info] > git ls-files --stage -- back/assistant/Dockerfile [1ms]
2025-11-14 22:47:09.780 [info] > git cat-file -s 8cbfda9a6a5031eb635dc94f266bf2d4037d7fbd [1ms]
2025-11-14 22:47:09.795 [info] > git blame --root --incremental 21e4d95760fa8580644a82c4a6a3e60a9d0d339b -- back/assistant/Dockerfile [2ms]
2025-11-14 22:53:07.426 [info] > git check-ignore -v -z --stdin [1ms]
2025-11-14 22:53:13.670 [info] > git show --textconv :back/assistant/assistant.py [10ms]
2025-11-14 22:53:13.671 [info] > git ls-files --stage -- back/assistant/assistant.py [1ms]
2025-11-14 22:53:13.680 [info] > git cat-file -s 30b97ec0ab2c6f109286a9eee842b36776fb0cb0 [1ms]
2025-11-14 22:55:33.946 [info] > git show --textconv :back/assistant/docker-compose.yml [10ms]
2025-11-14 22:55:33.955 [info] > git ls-files --stage -- back/assistant/docker-compose.yml [9ms]
2025-11-14 22:55:33.966 [info] > git hash-object -t tree /dev/null [10ms]
2025-11-14 22:55:33.966 [warning] [GitFileSystemProvider][readFile] File not found - git:/home/user/repos/weather_predictor/back/assistant/docker-compose.yml.git?%7B%22path%22%3A%22%2Fhome%2Fuser%2Frepos%2Fweather_predictor%2Fback%2Fassistant%2Fdocker-compose.yml%22%2C%22ref%22%3A%22%22%7D
2025-11-14 22:55:33.973 [info] > git hash-object -t tree /dev/null [8ms]
2025-11-14 22:55:33.973 [warning] [GitFileSystemProvider][stat] File not found - git:/home/user/repos/weather_predictor/back/assistant/docker-compose.yml.git?%7B%22path%22%3A%22%2Fhome%2Fuser%2Frepos%2Fweather_predictor%2Fback%2Fassistant%2Fdocker-compose.yml%22%2C%22ref%22%3A%22%22%7D
2025-11-14 22:55:34.204 [info] > git check-ignore -v -z --stdin [1ms]
2025-11-14 22:55:34.783 [info] > git config --get commit.template [10ms]
2025-11-14 22:55:34.784 [info] > git for-each-ref --format=%(refname)%00%(upstream:short)%00%(objectname)%00%(upstream:track)%00%(upstream:remotename)%00%(upstream:remoteref) refs/heads/main refs/remotes/main [2ms]
2025-11-14 22:55:34.802 [info] > git status -z -uall [10ms]
2025-11-14 22:55:34.804 [info] > git for-each-ref --sort -committerdate --format %(refname)%00%(objectname)%00%(*objectname) [2ms]
2025-11-14 22:55:39.827 [info] > git config --get commit.template [10ms]
2025-11-14 22:55:39.828 [info] > git for-each-ref --format=%(refname)%00%(upstream:short)%00%(objectname)%00%(upstream:track)%00%(upstream:remotename)%00%(upstream:remoteref) refs/heads/main refs/remotes/main [1ms]
2025-11-14 22:55:39.848 [info] > git status -z -uall [10ms]
2025-11-14 22:55:39.849 [info] > git for-each-ref --sort -committerdate --format %(refname)%00%(objectname)%00%(*objectname) [2ms]
2025-11-14 22:56:20.463 [info] > git show --textconv :back/assistant/assistant.py [12ms]
2025-11-14 22:56:20.464 [info] > git ls-files --stage -- back/assistant/assistant.py [1ms]
2025-11-14 22:56:20.475 [info] > git cat-file -s 30b97ec0ab2c6f109286a9eee842b36776fb0cb0 [1ms]
2025-11-14 22:56:22.806 [info] > git config --get commit.template [2ms]
2025-11-14 22:56:22.817 [info] > git for-each-ref --format=%(refname)%00%(upstream:short)%00%(objectname)%00%(upstream:track)%00%(upstream:remotename)%00%(upstream:remoteref) refs/heads/main refs/remotes/main [1ms]
2025-11-14 22:56:22.835 [info] > git status -z -uall [10ms]
2025-11-14 22:56:22.837 [info] > git for-each-ref --sort -committerdate --format %(refname)%00%(objectname)%00%(*objectname) [2ms]
2025-11-14 22:56:23.159 [info] > git show --textconv HEAD:back/assistant/assistant.py [10ms]
2025-11-14 22:56:23.159 [info] > git ls-tree -l HEAD -- back/assistant/assistant.py [1ms]
2025-11-14 22:56:23.881 [info] > git config --get commit.template [9ms]
2025-11-14 22:56:23.881 [info] > git for-each-ref --format=%(refname)%00%(upstream:short)%00%(objectname)%00%(upstream:track)%00%(upstream:remotename)%00%(upstream:remoteref) refs/heads/main refs/remotes/main [1ms]
2025-11-14 22:56:23.899 [info] > git status -z -uall [9ms]
2025-11-14 22:56:23.900 [info] > git for-each-ref --sort -committerdate --format %(refname)%00%(objectname)%00%(*objectname) [1ms]
2025-11-14 22:56:23.984 [info] > git ls-files --stage -- back/assistant/assistant.py [11ms]
2025-11-14 22:56:23.994 [info] > git ls-tree -l HEAD -- back/assistant/assistant.py [11ms]
2025-11-14 22:56:23.994 [info] > git cat-file -s 16e1db7f84d93718eb8f6aa2c5dbcc2cf002422f [1ms]
2025-11-14 22:56:24.015 [info] > git show --textconv HEAD:back/assistant/assistant.py [11ms]
2025-11-14 22:56:24.016 [info] > git show --textconv :back/assistant/assistant.py [1ms]
2025-11-14 22:56:39.744 [info] > git config --get commit.template [2ms]
2025-11-14 22:56:39.757 [info] > git for-each-ref --format=%(refname)%00%(upstream:short)%00%(objectname)%00%(upstream:track)%00%(upstream:remotename)%00%(upstream:remoteref) refs/heads/main refs/remotes/main [1ms]
2025-11-14 22:56:39.774 [info] > git status -z -uall [9ms]
2025-11-14 22:56:39.776 [info] > git for-each-ref --sort -committerdate --format %(refname)%00%(objectname)%00%(*objectname) [2ms]
2025-11-14 22:56:39.791 [info] > git blame --root --incremental 54d75361c5cd2f6833392423400ba4ee8f189c22 -- back/assistant/assistant.py [3ms]
2025-11-14 22:56:40.817 [info] > git config --get commit.template [10ms]
2025-11-14 22:56:40.817 [info] > git for-each-ref --format=%(refname)%00%(upstream:short)%00%(objectname)%00%(upstream:track)%00%(upstream:remotename)%00%(upstream:remoteref) refs/heads/main refs/remotes/main [1ms]
2025-11-14 22:56:40.838 [info] > git status -z -uall [10ms]
2025-11-14 22:56:40.839 [info] > git for-each-ref --sort -committerdate --format %(refname)%00%(objectname)%00%(*objectname) [2ms]
2025-11-14 22:56:40.909 [info] > git ls-files --stage -- back/assistant/assistant.py [1ms]
2025-11-14 22:56:40.919 [info] > git cat-file -s 16e1db7f84d93718eb8f6aa2c5dbcc2cf002422f [2ms]
2025-11-14 22:56:40.938 [info] > git show --textconv :back/assistant/assistant.py [3ms]
2025-11-14 22:56:43.847 [info] > git config --get commit.template [2ms]
2025-11-14 22:56:43.858 [info] > git for-each-ref --format=%(refname)%00%(upstream:short)%00%(objectname)%00%(upstream:track)%00%(upstream:remotename)%00%(upstream:remoteref) refs/heads/main refs/remotes/main [1ms]
2025-11-14 22:56:43.875 [info] > git status -z -uall [9ms]
2025-11-14 22:56:43.876 [info] > git for-each-ref --sort -committerdate --format %(refname)%00%(objectname)%00%(*objectname) [2ms]
2025-11-14 23:18:52.458 [info] > git config --get commit.template [9ms]
2025-11-14 23:18:52.458 [info] > git for-each-ref --format=%(refname)%00%(upstream:short)%00%(objectname)%00%(upstream:track)%00%(upstream:remotename)%00%(upstream:remoteref) refs/heads/main refs/remotes/main [1ms]
2025-11-14 23:18:52.477 [info] > git status -z -uall [10ms]
2025-11-14 23:18:52.478 [info] > git for-each-ref --sort -committerdate --format %(refname)%00%(objectname)%00%(*objectname) [1ms]
2025-11-14 23:18:58.668 [info] > git show --textconv :main.py [12ms]
2025-11-14 23:18:58.669 [info] > git ls-files --stage -- main.py [1ms]
2025-11-14 23:18:58.681 [info] > git cat-file -s 646f542997518dc883ede2491b884a47f33d5b65 [1ms]
2025-11-14 23:18:58.754 [info] > git blame --root --incremental 54d75361c5cd2f6833392423400ba4ee8f189c22 -- main.py [8ms]
