2025-11-10 16:39:05.517 [info] 
=== Python Envs Configuration Levels ===
2025-11-10 16:39:05.517 [info] {
  "section": "Python Envs Configuration Levels",
  "defaultEnvManager": {
    "workspaceFolderValue": "undefined",
    "workspaceValue": "undefined",
    "globalValue": "undefined",
    "defaultValue": "ms-python.python:venv"
  },
  "defaultPackageManager": {
    "workspaceFolderValue": "undefined",
    "workspaceValue": "undefined",
    "globalValue": "undefined",
    "defaultValue": "ms-python.python:pip"
  }
}
2025-11-10 16:39:05.517 [info] [pet] Starting Python Locator /home/user/.vscode/extensions/ms-python.vscode-python-envs-1.10.0-linux-x64/python-env-tools/bin/pet server
2025-11-10 16:39:05.517 [info] getAllExtraSearchPaths completed. Total unique search directories: 0 Paths: []
2025-11-10 16:39:05.517 [info] [pet] configure: Sending configuration update: {"workspaceDirectories":["/home/user/repos"],"environmentDirectories":[],"poetryExecutable":"poetry","cacheDirectory":"/home/user/.config/Code/User/globalStorage/ms-python.vscode-python-envs/pythonLocator"}
2025-11-10 16:39:10.158 [info] Discovered env: /bin/python
2025-11-10 16:39:10.158 [info] Discovered env: /usr/bin/python
2025-11-10 16:39:10.159 [info] [pet] Env ("/usr/sbin/python") in Path resolved as ResolvedPythonEnv { executable: "/usr/sbin/python", prefix: "/usr", version: "3.13.7.final.0", is64_bit: true, symlinks: Some(["/usr/sbin/python"]) } and reported as Some(GlobalPaths)
2025-11-10 16:39:10.159 [info] Discovered env: /usr/sbin/python
2025-11-10 16:39:10.159 [info] [pet] Env ("/sbin/python") in Path resolved as ResolvedPythonEnv { executable: "/sbin/python", prefix: "/usr", version: "3.13.7.final.0", is64_bit: true, symlinks: Some(["/sbin/python"]) } and reported as Some(GlobalPaths)
2025-11-10 16:39:10.159 [info] Discovered env: /sbin/python
2025-11-10 16:39:10.160 [info] [pet] Env ("/usr/sbin/python3") in Path resolved as ResolvedPythonEnv { executable: "/usr/sbin/python3", prefix: "/usr", version: "3.13.7.final.0", is64_bit: true, symlinks: Some(["/usr/sbin/python3"]) } and reported as Some(GlobalPaths)
2025-11-10 16:39:10.160 [info] [pet] Env ("/sbin/python3") in Path resolved as ResolvedPythonEnv { executable: "/sbin/python3", prefix: "/usr", version: "3.13.7.final.0", is64_bit: true, symlinks: Some(["/sbin/python3"]) } and reported as Some(GlobalPaths)
2025-11-10 16:39:10.160 [info] Discovered env: /usr/sbin/python3
2025-11-10 16:39:10.162 [info] Discovered env: /sbin/python3
2025-11-10 16:39:10.162 [info] [pet] Env ("/sbin/python3.13") in Path resolved as ResolvedPythonEnv { executable: "/sbin/python3.13", prefix: "/usr", version: "3.13.7.final.0", is64_bit: true, symlinks: Some(["/sbin/python3.13"]) } and reported as Some(GlobalPaths)
2025-11-10 16:39:10.162 [info] Discovered env: /sbin/python3.13
2025-11-10 16:39:10.162 [info] [pet] Env ("/usr/sbin/python3.13") in Path resolved as ResolvedPythonEnv { executable: "/usr/sbin/python3.13", prefix: "/usr", version: "3.13.7.final.0", is64_bit: true, symlinks: Some(["/usr/sbin/python3.13"]) } and reported as Some(GlobalPaths)
2025-11-10 16:39:10.162 [info] Discovered env: /usr/sbin/python3.13
2025-11-10 16:39:10.162 [info] [pet] Locator Conda took 2.712602472s
2025-11-10 16:39:10.162 [info] [pet] Locator Homebrew took 149.001µs
2025-11-10 16:39:10.163 [info] [pet] Locator LinuxGlobal took 2.712846143s
2025-11-10 16:39:10.163 [info] [pet] Locator PipEnv took 253.708µs
2025-11-10 16:39:10.163 [info] [pet] Locator Pixi took 27.659µs
2025-11-10 16:39:10.163 [info] [pet] Locator Poetry took 2.066213ms
2025-11-10 16:39:10.163 [info] [pet] Locator PyEnv took 570.311µs
2025-11-10 16:39:10.163 [info] [pet] Locator Venv took 211.527µs
2025-11-10 16:39:10.163 [info] [pet] Locator VirtualEnv took 106.611µs
2025-11-10 16:39:10.163 [info] [pet] Locator VirtualEnvWrapper took 26.179µs
2025-11-10 16:39:10.163 [info] [pet] Locator GlobalVirtualEnvs took 108.199µs
2025-11-10 16:39:10.163 [info] [pet] Locator Locators took 2.713923457s
2025-11-10 16:39:10.163 [info] [pet] Locator Path took 2.862292321s
2025-11-10 16:39:10.163 [info] [pet] Locator Workspaces took 4.229147ms
2025-11-10 16:39:10.164 [info] getAllExtraSearchPaths completed. Total unique search directories: 0 Paths: []
2025-11-10 16:39:10.166 [info] Conda not found, turning off conda features. Error: Conda not found
    at R (/home/user/.vscode/extensions/ms-python.vscode-python-envs-1.10.0-linux-x64/dist/extension.js:2:529904)
    at L (/home/user/.vscode/extensions/ms-python.vscode-python-envs-1.10.0-linux-x64/dist/extension.js:2:530029)
    at t.registerCondaFeatures (/home/user/.vscode/extensions/ms-python.vscode-python-envs-1.10.0-linux-x64/dist/extension.js:2:546478)
    at async Promise.all (index 1)
    at Immediate.<anonymous> (/home/user/.vscode/extensions/ms-python.vscode-python-envs-1.10.0-linux-x64/dist/extension.js:2:678817)
2025-11-10 16:39:10.167 [info] [pet] Telemetry:  {"event":"RefreshPerformance","data":{"refreshPerformance":{"total":2862,"breakdown":{"GlobalVirtualEnvs":0,"Locators":2713,"Path":2862,"Workspaces":4},"locators":{"Conda":2712,"Homebrew":0,"LinuxGlobal":2712,"PipEnv":0,"Pixi":0,"Poetry":2,"PyEnv":0,"Venv":0,"VirtualEnv":0,"VirtualEnvWrapper":0}}}}
2025-11-10 16:39:10.261 [info] Discovered env: /usr/bin/python
2025-11-10 16:39:10.262 [info] Discovered env: /bin/python
2025-11-10 16:39:10.263 [info] [pet] Env ("/sbin/python") in Path resolved as ResolvedPythonEnv { executable: "/sbin/python", prefix: "/usr", version: "3.13.7.final.0", is64_bit: true, symlinks: Some(["/sbin/python"]) } and reported as Some(GlobalPaths)
2025-11-10 16:39:10.263 [info] Discovered env: /sbin/python
2025-11-10 16:39:10.264 [info] [pet] Env ("/usr/sbin/python") in Path resolved as ResolvedPythonEnv { executable: "/usr/sbin/python", prefix: "/usr", version: "3.13.7.final.0", is64_bit: true, symlinks: Some(["/usr/sbin/python"]) } and reported as Some(GlobalPaths)
2025-11-10 16:39:10.264 [info] Discovered env: /usr/sbin/python
2025-11-10 16:39:10.267 [info] [pet] Env ("/sbin/python3") in Path resolved as ResolvedPythonEnv { executable: "/sbin/python3", prefix: "/usr", version: "3.13.7.final.0", is64_bit: true, symlinks: Some(["/sbin/python3"]) } and reported as Some(GlobalPaths)
2025-11-10 16:39:10.268 [info] Discovered env: /sbin/python3
2025-11-10 16:39:10.273 [info] [pet] Env ("/usr/sbin/python3") in Path resolved as ResolvedPythonEnv { executable: "/usr/sbin/python3", prefix: "/usr", version: "3.13.7.final.0", is64_bit: true, symlinks: Some(["/usr/sbin/python3"]) } and reported as Some(GlobalPaths)
2025-11-10 16:39:10.274 [info] Discovered env: /usr/sbin/python3
2025-11-10 16:39:10.283 [info] [pet] Env ("/sbin/python3.13") in Path resolved as ResolvedPythonEnv { executable: "/sbin/python3.13", prefix: "/usr", version: "3.13.7.final.0", is64_bit: true, symlinks: Some(["/sbin/python3.13"]) } and reported as Some(GlobalPaths)
2025-11-10 16:39:10.283 [info] Discovered env: /sbin/python3.13
2025-11-10 16:39:10.284 [info] [pet] Env ("/usr/sbin/python3.13") in Path resolved as ResolvedPythonEnv { executable: "/usr/sbin/python3.13", prefix: "/usr", version: "3.13.7.final.0", is64_bit: true, symlinks: Some(["/usr/sbin/python3.13"]) } and reported as Some(GlobalPaths)
2025-11-10 16:39:10.284 [info] Discovered env: /usr/sbin/python3.13
2025-11-10 16:39:10.284 [info] [pet] Locator Conda took 72.875492ms
2025-11-10 16:39:10.285 [info] [pet] Locator Homebrew took 394.001µs
2025-11-10 16:39:10.285 [info] [pet] Locator LinuxGlobal took 67.357695ms
2025-11-10 16:39:10.285 [info] [pet] Locator PipEnv took 15.33µs
2025-11-10 16:39:10.285 [info] [pet] Locator Pixi took 18.758µs
2025-11-10 16:39:10.285 [info] [pet] Locator Poetry took 143.871µs
2025-11-10 16:39:10.285 [info] [pet] Locator PyEnv took 80.982µs
2025-11-10 16:39:10.285 [info] [pet] Locator Venv took 15.303µs
2025-11-10 16:39:10.285 [info] [pet] Locator VirtualEnv took 25.291µs
2025-11-10 16:39:10.285 [info] [pet] Locator VirtualEnvWrapper took 16.071µs
2025-11-10 16:39:10.285 [info] [pet] Locator GlobalVirtualEnvs took 46.325µs
2025-11-10 16:39:10.285 [info] [pet] Locator Locators took 73.207324ms
2025-11-10 16:39:10.285 [info] [pet] Locator Path took 116.711522ms
2025-11-10 16:39:10.285 [info] [pet] Locator Workspaces took 9.819667ms
2025-11-10 16:39:10.285 [info] getAllExtraSearchPaths completed. Total unique search directories: 0 Paths: []
2025-11-10 16:39:10.286 [info] Pipenv not found
2025-11-10 16:39:10.286 [info] Pipenv not found, turning off pipenv features.
2025-11-10 16:39:10.286 [info] [pet] Telemetry:  {"event":"RefreshPerformance","data":{"refreshPerformance":{"total":116,"breakdown":{"GlobalVirtualEnvs":0,"Locators":73,"Path":116,"Workspaces":9},"locators":{"Conda":72,"Homebrew":0,"LinuxGlobal":67,"PipEnv":0,"Pixi":0,"Poetry":0,"PyEnv":0,"Venv":0,"VirtualEnv":0,"VirtualEnvWrapper":0}}}}
2025-11-10 16:39:10.348 [info] Discovered env: /bin/python
2025-11-10 16:39:10.356 [info] Discovered env: /usr/bin/python
2025-11-10 16:39:10.361 [info] [pet] Env ("/sbin/python") in Path resolved as ResolvedPythonEnv { executable: "/sbin/python", prefix: "/usr", version: "3.13.7.final.0", is64_bit: true, symlinks: Some(["/sbin/python"]) } and reported as Some(GlobalPaths)
2025-11-10 16:39:10.363 [info] Discovered env: /sbin/python
2025-11-10 16:39:10.363 [info] [pet] Env ("/usr/sbin/python") in Path resolved as ResolvedPythonEnv { executable: "/usr/sbin/python", prefix: "/usr", version: "3.13.7.final.0", is64_bit: true, symlinks: Some(["/usr/sbin/python"]) } and reported as Some(GlobalPaths)
2025-11-10 16:39:10.364 [info] Discovered env: /usr/sbin/python
2025-11-10 16:39:10.376 [info] [pet] Env ("/sbin/python3") in Path resolved as ResolvedPythonEnv { executable: "/sbin/python3", prefix: "/usr", version: "3.13.7.final.0", is64_bit: true, symlinks: Some(["/sbin/python3"]) } and reported as Some(GlobalPaths)
2025-11-10 16:39:10.377 [info] Discovered env: /sbin/python3
2025-11-10 16:39:10.383 [info] [pet] Env ("/usr/sbin/python3") in Path resolved as ResolvedPythonEnv { executable: "/usr/sbin/python3", prefix: "/usr", version: "3.13.7.final.0", is64_bit: true, symlinks: Some(["/usr/sbin/python3"]) } and reported as Some(GlobalPaths)
2025-11-10 16:39:10.383 [info] Discovered env: /usr/sbin/python3
2025-11-10 16:39:10.393 [info] [pet] Env ("/sbin/python3.13") in Path resolved as ResolvedPythonEnv { executable: "/sbin/python3.13", prefix: "/usr", version: "3.13.7.final.0", is64_bit: true, symlinks: Some(["/sbin/python3.13"]) } and reported as Some(GlobalPaths)
2025-11-10 16:39:10.393 [info] Discovered env: /sbin/python3.13
2025-11-10 16:39:10.401 [info] [pet] Env ("/usr/sbin/python3.13") in Path resolved as ResolvedPythonEnv { executable: "/usr/sbin/python3.13", prefix: "/usr", version: "3.13.7.final.0", is64_bit: true, symlinks: Some(["/usr/sbin/python3.13"]) } and reported as Some(GlobalPaths)
2025-11-10 16:39:10.401 [info] Discovered env: /usr/sbin/python3.13
2025-11-10 16:39:10.403 [info] [pet] Locator Conda took 74.847121ms
2025-11-10 16:39:10.404 [info] [pet] Locator Homebrew took 50.752µs
2025-11-10 16:39:10.404 [info] [pet] Locator LinuxGlobal took 69.249368ms
2025-11-10 16:39:10.404 [info] [pet] Locator PipEnv took 17.441µs
2025-11-10 16:39:10.404 [info] [pet] Locator Pixi took 41.017µs
2025-11-10 16:39:10.404 [info] [pet] Locator Poetry took 277.521µs
2025-11-10 16:39:10.404 [info] [pet] Locator PyEnv took 119.27µs
2025-11-10 16:39:10.404 [info] [pet] Locator Venv took 99.926µs
2025-11-10 16:39:10.404 [info] [pet] Locator VirtualEnv took 17.544µs
2025-11-10 16:39:10.404 [info] [pet] Locator VirtualEnvWrapper took 132.122µs
2025-11-10 16:39:10.404 [info] [pet] Locator GlobalVirtualEnvs took 80.787µs
2025-11-10 16:39:10.404 [info] [pet] Locator Locators took 75.061513ms
2025-11-10 16:39:10.404 [info] [pet] Locator Path took 116.994492ms
2025-11-10 16:39:10.404 [info] [pet] Locator Workspaces took 4.38163ms
2025-11-10 16:39:10.405 [info] getAllExtraSearchPaths completed. Total unique search directories: 0 Paths: []
2025-11-10 16:39:10.405 [info] Pyenv not found, turning off pyenv features.
2025-11-10 16:39:10.405 [info] [pet] Telemetry:  {"event":"RefreshPerformance","data":{"refreshPerformance":{"total":117,"breakdown":{"GlobalVirtualEnvs":0,"Locators":75,"Path":116,"Workspaces":4},"locators":{"Conda":74,"Homebrew":0,"LinuxGlobal":69,"PipEnv":0,"Pixi":0,"Poetry":0,"PyEnv":0,"Venv":0,"VirtualEnv":0,"VirtualEnvWrapper":0}}}}
2025-11-10 16:39:10.474 [info] Discovered env: /usr/bin/python
2025-11-10 16:39:10.475 [info] Discovered env: /bin/python
2025-11-10 16:39:10.478 [info] [pet] Env ("/sbin/python") in Path resolved as ResolvedPythonEnv { executable: "/sbin/python", prefix: "/usr", version: "3.13.7.final.0", is64_bit: true, symlinks: Some(["/sbin/python"]) } and reported as Some(GlobalPaths)
2025-11-10 16:39:10.478 [info] Discovered env: /sbin/python
2025-11-10 16:39:10.492 [info] [pet] Env ("/usr/sbin/python") in Path resolved as ResolvedPythonEnv { executable: "/usr/sbin/python", prefix: "/usr", version: "3.13.7.final.0", is64_bit: true, symlinks: Some(["/usr/sbin/python"]) } and reported as Some(GlobalPaths)
2025-11-10 16:39:10.493 [info] Discovered env: /usr/sbin/python
2025-11-10 16:39:10.494 [info] [pet] Env ("/sbin/python3") in Path resolved as ResolvedPythonEnv { executable: "/sbin/python3", prefix: "/usr", version: "3.13.7.final.0", is64_bit: true, symlinks: Some(["/sbin/python3"]) } and reported as Some(GlobalPaths)
2025-11-10 16:39:10.494 [info] Discovered env: /sbin/python3
2025-11-10 16:39:10.511 [info] [pet] Env ("/usr/sbin/python3") in Path resolved as ResolvedPythonEnv { executable: "/usr/sbin/python3", prefix: "/usr", version: "3.13.7.final.0", is64_bit: true, symlinks: Some(["/usr/sbin/python3"]) } and reported as Some(GlobalPaths)
2025-11-10 16:39:10.512 [info] Discovered env: /usr/sbin/python3
2025-11-10 16:39:10.514 [info] [pet] Env ("/sbin/python3.13") in Path resolved as ResolvedPythonEnv { executable: "/sbin/python3.13", prefix: "/usr", version: "3.13.7.final.0", is64_bit: true, symlinks: Some(["/sbin/python3.13"]) } and reported as Some(GlobalPaths)
2025-11-10 16:39:10.514 [info] Discovered env: /sbin/python3.13
2025-11-10 16:39:10.520 [info] [pet] Env ("/usr/sbin/python3.13") in Path resolved as ResolvedPythonEnv { executable: "/usr/sbin/python3.13", prefix: "/usr", version: "3.13.7.final.0", is64_bit: true, symlinks: Some(["/usr/sbin/python3.13"]) } and reported as Some(GlobalPaths)
2025-11-10 16:39:10.520 [info] Discovered env: /usr/sbin/python3.13
2025-11-10 16:39:10.520 [info] [pet] Locator Conda took 68.749679ms
2025-11-10 16:39:10.520 [info] [pet] Locator Homebrew took 58.16µs
2025-11-10 16:39:10.520 [info] [pet] Locator LinuxGlobal took 68.444365ms
2025-11-10 16:39:10.520 [info] [pet] Locator PipEnv took 18.258µs
2025-11-10 16:39:10.520 [info] [pet] Locator Pixi took 16.867µs
2025-11-10 16:39:10.520 [info] [pet] Locator Poetry took 102.828µs
2025-11-10 16:39:10.520 [info] [pet] Locator PyEnv took 112.106µs
2025-11-10 16:39:10.520 [info] [pet] Locator Venv took 22.612µs
2025-11-10 16:39:10.520 [info] [pet] Locator VirtualEnv took 29.279µs
2025-11-10 16:39:10.521 [info] [pet] Locator VirtualEnvWrapper took 180.745µs
2025-11-10 16:39:10.521 [info] [pet] Locator GlobalVirtualEnvs took 49.586µs
2025-11-10 16:39:10.521 [info] [pet] Locator Locators took 69.796076ms
2025-11-10 16:39:10.521 [info] [pet] Locator Path took 114.367668ms
2025-11-10 16:39:10.521 [info] [pet] Locator Workspaces took 2.439597ms
2025-11-10 16:39:10.521 [info] getAllExtraSearchPaths completed. Total unique search directories: 0 Paths: []
2025-11-10 16:39:10.521 [info] Poetry not found, turning off poetry features.
2025-11-10 16:39:10.522 [info] [resolveDefaultInterpreter] User configured defaultInterpreterPath: undefined and defaultEnvManager: undefined
2025-11-10 16:39:10.525 [info] [pet] Telemetry:  {"event":"RefreshPerformance","data":{"refreshPerformance":{"total":114,"breakdown":{"GlobalVirtualEnvs":0,"Locators":69,"Path":114,"Workspaces":2},"locators":{"Conda":68,"Homebrew":0,"LinuxGlobal":68,"PipEnv":0,"Pixi":0,"Poetry":0,"PyEnv":0,"Venv":0,"VirtualEnv":0,"VirtualEnvWrapper":0}}}}
2025-11-10 16:39:10.594 [info] Discovered env: /bin/python
2025-11-10 16:39:10.601 [info] Discovered env: /usr/bin/python
2025-11-10 16:39:10.604 [info] [pet] Env ("/usr/sbin/python") in Path resolved as ResolvedPythonEnv { executable: "/usr/sbin/python", prefix: "/usr", version: "3.13.7.final.0", is64_bit: true, symlinks: Some(["/usr/sbin/python"]) } and reported as Some(GlobalPaths)
2025-11-10 16:39:10.604 [info] Discovered env: /usr/sbin/python
2025-11-10 16:39:10.614 [info] [pet] Env ("/sbin/python") in Path resolved as ResolvedPythonEnv { executable: "/sbin/python", prefix: "/usr", version: "3.13.7.final.0", is64_bit: true, symlinks: Some(["/sbin/python"]) } and reported as Some(GlobalPaths)
2025-11-10 16:39:10.614 [info] Discovered env: /sbin/python
2025-11-10 16:39:10.620 [info] [pet] Env ("/usr/sbin/python3") in Path resolved as ResolvedPythonEnv { executable: "/usr/sbin/python3", prefix: "/usr", version: "3.13.7.final.0", is64_bit: true, symlinks: Some(["/usr/sbin/python3"]) } and reported as Some(GlobalPaths)
2025-11-10 16:39:10.620 [info] Discovered env: /usr/sbin/python3
2025-11-10 16:39:10.629 [info] [pet] Env ("/sbin/python3") in Path resolved as ResolvedPythonEnv { executable: "/sbin/python3", prefix: "/usr", version: "3.13.7.final.0", is64_bit: true, symlinks: Some(["/sbin/python3"]) } and reported as Some(GlobalPaths)
2025-11-10 16:39:10.629 [info] Discovered env: /sbin/python3
2025-11-10 16:39:10.642 [info] [pet] Env ("/usr/sbin/python3.13") in Path resolved as ResolvedPythonEnv { executable: "/usr/sbin/python3.13", prefix: "/usr", version: "3.13.7.final.0", is64_bit: true, symlinks: Some(["/usr/sbin/python3.13"]) } and reported as Some(GlobalPaths)
2025-11-10 16:39:10.643 [info] Discovered env: /usr/sbin/python3.13
2025-11-10 16:39:10.645 [info] [pet] Env ("/sbin/python3.13") in Path resolved as ResolvedPythonEnv { executable: "/sbin/python3.13", prefix: "/usr", version: "3.13.7.final.0", is64_bit: true, symlinks: Some(["/sbin/python3.13"]) } and reported as Some(GlobalPaths)
2025-11-10 16:39:10.645 [info] Discovered env: /sbin/python3.13
2025-11-10 16:39:10.648 [info] [pet] Locator Conda took 76.067168ms
2025-11-10 16:39:10.649 [info] [pet] Locator Homebrew took 146.977µs
2025-11-10 16:39:10.649 [info] [pet] Locator LinuxGlobal took 73.58513ms
2025-11-10 16:39:10.649 [info] [pet] Locator PipEnv took 21.673µs
2025-11-10 16:39:10.649 [info] [pet] Locator Pixi took 26.603µs
2025-11-10 16:39:10.649 [info] [pet] Locator Poetry took 127.48µs
2025-11-10 16:39:10.649 [info] [pet] Locator PyEnv took 79.11µs
2025-11-10 16:39:10.649 [info] [pet] Locator Venv took 80.894µs
2025-11-10 16:39:10.649 [info] [pet] Locator VirtualEnv took 54.848µs
2025-11-10 16:39:10.649 [info] [pet] Locator VirtualEnvWrapper took 27.383µs
2025-11-10 16:39:10.649 [info] [pet] Locator GlobalVirtualEnvs took 48.076µs
2025-11-10 16:39:10.649 [info] [pet] Locator Locators took 76.638769ms
2025-11-10 16:39:10.649 [info] [pet] Locator Path took 122.650941ms
2025-11-10 16:39:10.649 [info] [pet] Locator Workspaces took 3.920462ms
2025-11-10 16:39:10.649 [info] getAllExtraSearchPaths completed. Total unique search directories: 0 Paths: []
2025-11-10 16:39:10.654 [info] [pet] Telemetry:  {"event":"RefreshPerformance","data":{"refreshPerformance":{"total":122,"breakdown":{"GlobalVirtualEnvs":0,"Locators":76,"Path":122,"Workspaces":3},"locators":{"Conda":76,"Homebrew":0,"LinuxGlobal":73,"PipEnv":0,"Pixi":0,"Poetry":0,"PyEnv":0,"Venv":0,"VirtualEnv":0,"VirtualEnvWrapper":0}}}}
2025-11-10 16:39:10.721 [info] Discovered env: /bin/python
2025-11-10 16:39:10.734 [info] Discovered env: /usr/bin/python
2025-11-10 16:39:10.737 [info] [pet] Env ("/usr/sbin/python") in Path resolved as ResolvedPythonEnv { executable: "/usr/sbin/python", prefix: "/usr", version: "3.13.7.final.0", is64_bit: true, symlinks: Some(["/usr/sbin/python"]) } and reported as Some(GlobalPaths)
2025-11-10 16:39:10.737 [info] Discovered env: /usr/sbin/python
2025-11-10 16:39:10.747 [info] [pet] Env ("/sbin/python") in Path resolved as ResolvedPythonEnv { executable: "/sbin/python", prefix: "/usr", version: "3.13.7.final.0", is64_bit: true, symlinks: Some(["/sbin/python"]) } and reported as Some(GlobalPaths)
2025-11-10 16:39:10.748 [info] Discovered env: /sbin/python
2025-11-10 16:39:10.752 [info] [pet] Env ("/usr/sbin/python3") in Path resolved as ResolvedPythonEnv { executable: "/usr/sbin/python3", prefix: "/usr", version: "3.13.7.final.0", is64_bit: true, symlinks: Some(["/usr/sbin/python3"]) } and reported as Some(GlobalPaths)
2025-11-10 16:39:10.752 [info] Discovered env: /usr/sbin/python3
2025-11-10 16:39:10.767 [info] [pet] Env ("/sbin/python3") in Path resolved as ResolvedPythonEnv { executable: "/sbin/python3", prefix: "/usr", version: "3.13.7.final.0", is64_bit: true, symlinks: Some(["/sbin/python3"]) } and reported as Some(GlobalPaths)
2025-11-10 16:39:10.768 [info] Discovered env: /sbin/python3
2025-11-10 16:39:10.769 [info] [pet] Env ("/usr/sbin/python3.13") in Path resolved as ResolvedPythonEnv { executable: "/usr/sbin/python3.13", prefix: "/usr", version: "3.13.7.final.0", is64_bit: true, symlinks: Some(["/usr/sbin/python3.13"]) } and reported as Some(GlobalPaths)
2025-11-10 16:39:10.769 [info] Discovered env: /usr/sbin/python3.13
2025-11-10 16:39:10.778 [info] [pet] Env ("/sbin/python3.13") in Path resolved as ResolvedPythonEnv { executable: "/sbin/python3.13", prefix: "/usr", version: "3.13.7.final.0", is64_bit: true, symlinks: Some(["/sbin/python3.13"]) } and reported as Some(GlobalPaths)
2025-11-10 16:39:10.778 [info] Discovered env: /sbin/python3.13
2025-11-10 16:39:10.778 [info] [pet] Locator Conda took 82.736221ms
2025-11-10 16:39:10.778 [info] [pet] Locator Homebrew took 78.664µs
2025-11-10 16:39:10.778 [info] [pet] Locator LinuxGlobal took 79.187595ms
2025-11-10 16:39:10.778 [info] [pet] Locator PipEnv took 57.251µs
2025-11-10 16:39:10.778 [info] [pet] Locator Pixi took 16.388µs
2025-11-10 16:39:10.778 [info] [pet] Locator Poetry took 358.209µs
2025-11-10 16:39:10.778 [info] [pet] Locator PyEnv took 102.784µs
2025-11-10 16:39:10.778 [info] [pet] Locator Venv took 88.894µs
2025-11-10 16:39:10.778 [info] [pet] Locator VirtualEnv took 18.282µs
2025-11-10 16:39:10.778 [info] [pet] Locator VirtualEnvWrapper took 37.636µs
2025-11-10 16:39:10.778 [info] [pet] Locator GlobalVirtualEnvs took 47.914µs
2025-11-10 16:39:10.778 [info] [pet] Locator Locators took 82.874067ms
2025-11-10 16:39:10.778 [info] [pet] Locator Path took 123.989489ms
2025-11-10 16:39:10.778 [info] [pet] Locator Workspaces took 9.571867ms
2025-11-10 16:39:10.779 [info] getAllExtraSearchPaths completed. Total unique search directories: 0 Paths: []
2025-11-10 16:39:10.783 [info] [pet] Telemetry:  {"event":"RefreshPerformance","data":{"refreshPerformance":{"total":124,"breakdown":{"GlobalVirtualEnvs":0,"Locators":82,"Path":123,"Workspaces":9},"locators":{"Conda":82,"Homebrew":0,"LinuxGlobal":79,"PipEnv":0,"Pixi":0,"Poetry":0,"PyEnv":0,"Venv":0,"VirtualEnv":0,"VirtualEnvWrapper":0}}}}
2025-11-10 16:39:10.864 [info] Discovered env: /bin/python
2025-11-10 16:39:10.864 [info] Discovered env: /usr/bin/python
2025-11-10 16:39:10.871 [info] [pet] Env ("/usr/sbin/python") in Path resolved as ResolvedPythonEnv { executable: "/usr/sbin/python", prefix: "/usr", version: "3.13.7.final.0", is64_bit: true, symlinks: Some(["/usr/sbin/python"]) } and reported as Some(GlobalPaths)
2025-11-10 16:39:10.871 [info] Discovered env: /usr/sbin/python
2025-11-10 16:39:10.871 [info] [pet] Env ("/sbin/python") in Path resolved as ResolvedPythonEnv { executable: "/sbin/python", prefix: "/usr", version: "3.13.7.final.0", is64_bit: true, symlinks: Some(["/sbin/python"]) } and reported as Some(GlobalPaths)
2025-11-10 16:39:10.872 [info] Discovered env: /sbin/python
2025-11-10 16:39:10.887 [info] [pet] Env ("/usr/sbin/python3") in Path resolved as ResolvedPythonEnv { executable: "/usr/sbin/python3", prefix: "/usr", version: "3.13.7.final.0", is64_bit: true, symlinks: Some(["/usr/sbin/python3"]) } and reported as Some(GlobalPaths)
2025-11-10 16:39:10.887 [info] Discovered env: /usr/sbin/python3
2025-11-10 16:39:10.893 [info] [pet] Env ("/sbin/python3") in Path resolved as ResolvedPythonEnv { executable: "/sbin/python3", prefix: "/usr", version: "3.13.7.final.0", is64_bit: true, symlinks: Some(["/sbin/python3"]) } and reported as Some(GlobalPaths)
2025-11-10 16:39:10.893 [info] Discovered env: /sbin/python3
2025-11-10 16:39:10.904 [info] [pet] Env ("/usr/sbin/python3.13") in Path resolved as ResolvedPythonEnv { executable: "/usr/sbin/python3.13", prefix: "/usr", version: "3.13.7.final.0", is64_bit: true, symlinks: Some(["/usr/sbin/python3.13"]) } and reported as Some(GlobalPaths)
2025-11-10 16:39:10.904 [info] Discovered env: /usr/sbin/python3.13
2025-11-10 16:39:10.907 [info] [pet] Env ("/sbin/python3.13") in Path resolved as ResolvedPythonEnv { executable: "/sbin/python3.13", prefix: "/usr", version: "3.13.7.final.0", is64_bit: true, symlinks: Some(["/sbin/python3.13"]) } and reported as Some(GlobalPaths)
2025-11-10 16:39:10.907 [info] Discovered env: /sbin/python3.13
2025-11-10 16:39:10.907 [info] [pet] Locator Conda took 75.95195ms
2025-11-10 16:39:10.907 [info] [pet] Locator Homebrew took 76.084µs
2025-11-10 16:39:10.907 [info] [pet] Locator LinuxGlobal took 77.47151ms
2025-11-10 16:39:10.907 [info] [pet] Locator PipEnv took 21.799µs
2025-11-10 16:39:10.907 [info] [pet] Locator Pixi took 23.644µs
2025-11-10 16:39:10.907 [info] [pet] Locator Poetry took 121.141µs
2025-11-10 16:39:10.907 [info] [pet] Locator PyEnv took 166.326µs
2025-11-10 16:39:10.908 [info] [pet] Locator Venv took 16.414µs
2025-11-10 16:39:10.908 [info] [pet] Locator VirtualEnv took 112.649µs
2025-11-10 16:39:10.908 [info] [pet] Locator VirtualEnvWrapper took 26.798µs
2025-11-10 16:39:10.908 [info] [pet] Locator GlobalVirtualEnvs took 72.624µs
2025-11-10 16:39:10.908 [info] [pet] Locator Locators took 78.409853ms
2025-11-10 16:39:10.908 [info] [pet] Locator Path took 123.644558ms
2025-11-10 16:39:10.908 [info] [pet] Locator Workspaces took 4.358747ms
2025-11-10 16:39:10.966 [info] Python API: Changed environment from undefined to Python 3.13.7 for: /home/user/repos
2025-11-10 16:39:10.966 [info] Internal: Changed environment from undefined to Python 3.13.7 for: /home/user/repos
2025-11-10 16:39:10.968 [info] [pet] Telemetry:  {"event":"RefreshPerformance","data":{"refreshPerformance":{"total":123,"breakdown":{"GlobalVirtualEnvs":0,"Locators":78,"Path":123,"Workspaces":4},"locators":{"Conda":75,"Homebrew":0,"LinuxGlobal":77,"PipEnv":0,"Pixi":0,"Poetry":0,"PyEnv":0,"Venv":0,"VirtualEnv":0,"VirtualEnvWrapper":0}}}}
2025-11-10 16:39:12.297 [info] Python API: Changed environment from undefined to Python 3.13.7 for: global
2025-11-10 16:39:12.297 [info] Internal: Changed environment from undefined to Python 3.13.7 for: global
