[2025-Sep-12 20:38:19.623 +03:00][ 3769: 3769][info ] Logging initialized
[2025-Sep-13 15:16:14.063 +03:00][25205:25205][info ] Logging initialized
[2025-Sep-13 21:39:48.484 +03:00][49898:49898][info ] Logging initialized
[2025-Sep-13 21:39:51.645 +03:00][49898:49898][info ] Logging initialized
[2025-Sep-14 16:21:58.164 +03:00][15148:15148][info ] Logging initialized
[2025-Sep-16 17:33:23.857 +03:00][18810:18810][info ] Logging initialized
[2025-Sep-18 17:38:50.160 +03:00][23082:23082][info ] Logging initialized
[2025-Sep-19 18:46:02.458 +03:00][25884:25884][info ] Logging initialized
[2025-Sep-20 13:33:58.612 +03:00][30118:30118][info ] Logging initialized
[2025-Sep-21 11:53:27.119 +03:00][19052:19052][info ] Logging initialized
[2025-Sep-26 16:52:16.393 +00:00][ 6352: 6352][info ] Logging initialized
[2025-Sep-27 13:22:33.873 +00:00][15174:15174][info ] Logging initialized
[2025-Sep-28 13:28:38.958 +00:00][30626:30626][info ] Logging initialized
[2025-Sep-29 16:21:48.122 +00:00][ 9910: 9910][info ] Logging initialized
[2025-Sep-29 16:34:26.664 +00:00][11613:11613][info ] Logging initialized
[2025-Sep-30 15:17:37.514 +00:00][ 8996: 8996][info ] Logging initialized
[2025-Oct-01 18:39:32.724 +00:00][10622:10622][info ] Logging initialized
[2025-Oct-02 18:08:58.350 +00:00][26579:26579][info ] Logging initialized
[2025-Oct-03 12:43:31.848 +00:00][22422:22422][info ] Logging initialized
[2025-Oct-04 13:54:02.026 +00:00][13280:13280][info ] Logging initialized
[2025-Oct-05 14:16:31.247 +00:00][15154:15154][info ] Logging initialized
[2025-Oct-06 15:39:23.674 +00:00][41617:41617][info ] Logging initialized
[2025-Oct-07 20:19:40.010 +00:00][46983:46983][info ] Logging initialized
[2025-Oct-08 13:16:11.031 +00:00][27339:27339][info ] Logging initialized
[2025-Oct-09 13:01:41.689 +00:00][21733:21733][info ] Logging initialized
[2025-Oct-09 13:03:32.765 +00:00][24117:24117][info ] Logging initialized
[2025-Oct-09 13:10:11.606 +00:00][26056:26056][info ] Logging initialized
[2025-Oct-09 23:34:51.732 +00:00][78060:78060][info ] Logging initialized
[2025-Oct-09 23:38:03.163 +00:00][ 3200: 3200][info ] Logging initialized
[2025-Oct-11 12:45:26.997 +00:00][ 6606: 6606][info ] Logging initialized
[2025-Oct-14 18:48:28.757 +00:00][36033:36033][info ] Logging initialized
[2025-Oct-14 19:20:46.142 +00:00][36033:36033][info ] Logging initialized
[2025-Oct-18 23:37:33.850 +03:00][14747:14747][info ] Logging initialized
[2025-Oct-22 15:44:14.295 +03:00][10213:10213][info ] Logging initialized
[2025-Nov-01 17:32:14.020 +03:00][42006:42006][info ] Logging initialized
[2025-Nov-04 15:13:05.612 +03:00][37424:37424][info ] Logging initialized
[2025-Nov-14 19:32:39.684 +03:00][28791:28791][info ] Logging initialized
[2025-Nov-19 16:02:48.486 +03:00][62489:62489][info ] Logging initialized
[2025-Nov-23 15:49:21.231 +03:00][74596:74596][info ] Logging initialized
