2025-11-14 13:58:56.058 [info] Native locator: Refresh started
2025-11-14 13:58:56.665 [info] > pyenv which python
2025-11-14 13:58:56.665 [info] cwd: .
2025-11-14 13:58:59.123 [info] Active interpreter [/home/user/repos]:  /bin/python
2025-11-14 13:58:59.125 [info] Native locator: Refresh finished in 3068 ms
2025-11-14 13:58:59.301 [info] Discover tests for workspace name: repos - uri: /home/user/repos
2025-11-14 13:59:00.887 [info] Starting Pylance language server.
2025-11-14 14:11:10.681 [info] Discover tests for workspace name: repos - uri: /home/user/repos/weather_predictor/main.py
2025-11-14 14:18:20.124 [info] Discover tests for workspace name: repos - uri: /home/user/repos/weather_predictor/main.py
2025-11-14 14:55:15.292 [info] Running installed packages checker:  {
  id: '/bin/python',
  displayName: 'Python 3.13.7',
  detailedDisplayName: 'Python 3.13.7',
  envType: 'System',
  envPath: '/usr',
  type: undefined,
  path: '/bin/python',
  version: {
    raw: '3.13.7.final.0',
    major: 3,
    minor: 13,
    patch: 7,
    build: [],
    prerelease: []
  },
  sysVersion: '3.13.7.final.0',
  architecture: 3,
  sysPrefix: '/usr'
} /home/user/.vscode/extensions/ms-python.python-2025.18.0-linux-x64/python_files/installed_check.py /home/user/repos/weather_predictor/back/requirements.txt
2025-11-14 14:55:15.292 [info] > /bin/python ~/.vscode/extensions/ms-python.python-2025.18.0-linux-x64/python_files/installed_check.py ./weather_predictor/back/requirements.txt
2025-11-14 14:55:20.074 [info] Running installed packages checker:  {
  id: '/bin/python',
  displayName: 'Python 3.13.7',
  detailedDisplayName: 'Python 3.13.7',
  envType: 'System',
  envPath: '/usr',
  type: undefined,
  path: '/bin/python',
  version: {
    raw: '3.13.7.final.0',
    major: 3,
    minor: 13,
    patch: 7,
    build: [],
    prerelease: []
  },
  sysVersion: '3.13.7.final.0',
  architecture: 3,
  sysPrefix: '/usr'
} /home/user/.vscode/extensions/ms-python.python-2025.18.0-linux-x64/python_files/installed_check.py /home/user/repos/weather_predictor/back/requirements.txt
2025-11-14 14:55:20.074 [info] > /bin/python ~/.vscode/extensions/ms-python.python-2025.18.0-linux-x64/python_files/installed_check.py ./weather_predictor/back/requirements.txt
2025-11-14 14:55:40.947 [info] Running installed packages checker:  {
  id: '/bin/python',
  displayName: 'Python 3.13.7',
  detailedDisplayName: 'Python 3.13.7',
  envType: 'System',
  envPath: '/usr',
  type: undefined,
  path: '/bin/python',
  version: {
    raw: '3.13.7.final.0',
    major: 3,
    minor: 13,
    patch: 7,
    build: [],
    prerelease: []
  },
  sysVersion: '3.13.7.final.0',
  architecture: 3,
  sysPrefix: '/usr'
} /home/user/.vscode/extensions/ms-python.python-2025.18.0-linux-x64/python_files/installed_check.py /home/user/repos/weather_predictor/back/assistant/requirements.txt
2025-11-14 14:55:40.947 [info] > /bin/python ~/.vscode/extensions/ms-python.python-2025.18.0-linux-x64/python_files/installed_check.py ./weather_predictor/back/assistant/requirements.txt
2025-11-14 15:05:07.322 [info] Running installed packages checker:  {
  id: '/bin/python',
  displayName: 'Python 3.13.7',
  detailedDisplayName: 'Python 3.13.7',
  envType: 'System',
  envPath: '/usr',
  type: undefined,
  path: '/bin/python',
  version: {
    raw: '3.13.7.final.0',
    major: 3,
    minor: 13,
    patch: 7,
    build: [],
    prerelease: []
  },
  sysVersion: '3.13.7.final.0',
  architecture: 3,
  sysPrefix: '/usr'
} /home/user/.vscode/extensions/ms-python.python-2025.18.0-linux-x64/python_files/installed_check.py /home/user/repos/weather_predictor/back/assistant/requirements.txt
2025-11-14 15:05:07.322 [info] > /bin/python ~/.vscode/extensions/ms-python.python-2025.18.0-linux-x64/python_files/installed_check.py ./weather_predictor/back/assistant/requirements.txt
2025-11-14 15:06:41.015 [info] Running installed packages checker:  {
  id: '/bin/python',
  displayName: 'Python 3.13.7',
  detailedDisplayName: 'Python 3.13.7',
  envType: 'System',
  envPath: '/usr',
  type: undefined,
  path: '/bin/python',
  version: {
    raw: '3.13.7.final.0',
    major: 3,
    minor: 13,
    patch: 7,
    build: [],
    prerelease: []
  },
  sysVersion: '3.13.7.final.0',
  architecture: 3,
  sysPrefix: '/usr'
} /home/user/.vscode/extensions/ms-python.python-2025.18.0-linux-x64/python_files/installed_check.py /home/user/repos/weather_predictor/back/assistant/requirements.txt
2025-11-14 15:06:41.015 [info] > /bin/python ~/.vscode/extensions/ms-python.python-2025.18.0-linux-x64/python_files/installed_check.py ./weather_predictor/back/assistant/requirements.txt
2025-11-14 15:06:41.320 [info] Running installed packages checker:  {
  id: '/bin/python',
  displayName: 'Python 3.13.7',
  detailedDisplayName: 'Python 3.13.7',
  envType: 'System',
  envPath: '/usr',
  type: undefined,
  path: '/bin/python',
  version: {
    raw: '3.13.7.final.0',
    major: 3,
    minor: 13,
    patch: 7,
    build: [],
    prerelease: []
  },
  sysVersion: '3.13.7.final.0',
  architecture: 3,
  sysPrefix: '/usr'
} /home/user/.vscode/extensions/ms-python.python-2025.18.0-linux-x64/python_files/installed_check.py /home/user/repos/weather_predictor/back/assistant/requirements.txt
2025-11-14 15:06:41.320 [info] > /bin/python ~/.vscode/extensions/ms-python.python-2025.18.0-linux-x64/python_files/installed_check.py ./weather_predictor/back/assistant/requirements.txt
2025-11-14 15:34:05.795 [info] Discover tests for workspace name: repos - uri: /home/user/repos/weather_predictor/main.py
2025-11-14 15:34:06.264 [info] Discover tests for workspace name: repos - uri: /home/user/repos/weather_predictor/main.py
