2025-10-17 00:40:15.849 [info] Reading sessions from keychain...
2025-10-17 00:40:15.849 [info] Getting sessions for all scopes...
2025-10-17 00:40:15.849 [info] Got stored sessions!
2025-10-17 00:40:15.849 [info] Got 1 verified sessions.
2025-10-17 00:40:15.849 [info] Got 1 sessions for ...
2025-10-17 00:40:15.849 [info] Getting sessions for all scopes...
2025-10-17 00:40:15.849 [info] Got 1 sessions for ...
2025-10-17 00:40:15.849 [info] Getting sessions for all scopes...
2025-10-17 00:40:15.849 [info] Got 1 sessions for ...
2025-10-17 00:40:15.849 [info] Getting sessions for all scopes...
2025-10-17 00:40:15.849 [info] Got 1 sessions for ...
2025-10-17 00:40:15.849 [info] Getting sessions for all scopes...
2025-10-17 00:40:15.849 [info] Got 1 sessions for ...
2025-10-17 00:40:15.849 [info] Getting sessions for all scopes...
2025-10-17 00:40:15.849 [info] Got 1 sessions for ...
2025-10-17 00:40:15.849 [info] Getting sessions for all scopes...
2025-10-17 00:40:15.849 [info] Got 1 sessions for ...
2025-10-17 00:40:15.849 [info] Getting sessions for all scopes...
2025-10-17 00:40:15.849 [info] Got 1 sessions for ...
2025-10-17 00:40:15.849 [info] Getting sessions for all scopes...
2025-10-17 00:40:15.849 [info] Got 1 sessions for ...
2025-10-17 00:40:15.849 [info] Getting sessions for all scopes...
2025-10-17 00:40:15.849 [info] Got 1 sessions for ...
2025-10-17 00:40:15.849 [info] Getting sessions for all scopes...
2025-10-17 00:40:15.849 [info] Got 1 sessions for ...
2025-10-17 00:40:15.849 [info] Getting sessions for all scopes...
2025-10-17 00:40:15.849 [info] Got 1 sessions for ...
2025-10-17 00:40:15.849 [info] Getting sessions for all scopes...
2025-10-17 00:40:15.849 [info] Got 1 sessions for ...
2025-10-17 00:40:15.978 [info] Getting sessions for all scopes...
2025-10-17 00:40:15.978 [info] Got 1 sessions for ...
2025-10-17 00:40:18.676 [info] Getting sessions for all scopes...
2025-10-17 00:40:18.676 [info] Got 1 sessions for ...
2025-10-17 00:40:18.684 [info] Getting sessions for all scopes...
2025-10-17 00:40:18.684 [info] Got 1 sessions for ...
2025-10-17 00:40:18.684 [info] Getting sessions for all scopes...
2025-10-17 00:40:18.684 [info] Got 1 sessions for ...
2025-10-17 00:40:18.685 [info] Getting sessions for all scopes...
2025-10-17 00:40:18.685 [info] Got 1 sessions for ...
2025-10-17 00:40:18.757 [info] Getting sessions for all scopes...
2025-10-17 00:40:18.757 [info] Got 1 sessions for ...
2025-10-17 00:40:18.757 [info] Getting sessions for all scopes...
2025-10-17 00:40:18.757 [info] Got 1 sessions for ...
2025-10-17 00:40:19.431 [info] Getting sessions for read:user,repo,user:email,workflow...
2025-10-17 00:40:19.431 [info] Got 0 sessions for read:user,repo,user:email,workflow...
2025-10-17 00:40:19.435 [info] FetcherService: Electron fetch failed with status: 429 
2025-10-17 00:40:19.438 [info] Getting sessions for all scopes...
2025-10-17 00:40:19.438 [info] Got 1 sessions for ...
2025-10-17 00:40:19.459 [info] Getting sessions for all scopes...
2025-10-17 00:40:19.459 [info] Got 1 sessions for ...
2025-10-17 00:40:19.460 [info] Getting sessions for read:user,repo,user:email,workflow...
2025-10-17 00:40:19.460 [info] Got 0 sessions for read:user,repo,user:email,workflow...
2025-10-17 00:40:19.462 [info] Getting sessions for user:email...
2025-10-17 00:40:19.462 [info] Got 1 sessions for user:email...
2025-10-17 00:40:19.462 [info] Getting sessions for read:user,repo,user:email,workflow...
2025-10-17 00:40:19.462 [info] Got 0 sessions for read:user,repo,user:email,workflow...
2025-10-17 00:40:19.466 [info] Getting sessions for read:user...
2025-10-17 00:40:19.466 [info] Got 0 sessions for read:user...
2025-10-17 00:40:19.471 [info] Getting sessions for user:email...
2025-10-17 00:40:19.472 [info] Got 1 sessions for user:email...
2025-10-17 00:40:19.485 [info] Getting sessions for all scopes...
2025-10-17 00:40:19.485 [info] Got 1 sessions for ...
2025-10-17 00:40:19.638 [info] Getting sessions for all scopes...
2025-10-17 00:40:19.638 [info] Got 1 sessions for ...
2025-10-17 00:40:19.639 [info] Getting sessions for read:user,repo,user:email,workflow...
2025-10-17 00:40:19.639 [info] Got 0 sessions for read:user,repo,user:email,workflow...
2025-10-17 00:40:19.640 [info] Getting sessions for user:email...
2025-10-17 00:40:19.640 [info] Got 1 sessions for user:email...
2025-10-17 00:40:19.730 [info] Getting sessions for all scopes...
2025-10-17 00:40:19.730 [info] Got 1 sessions for ...
2025-10-17 00:40:19.731 [info] Getting sessions for read:user,repo,user:email,workflow...
2025-10-17 00:40:19.731 [info] Got 0 sessions for read:user,repo,user:email,workflow...
2025-10-17 00:40:19.731 [info] Getting sessions for user:email...
2025-10-17 00:40:19.731 [info] Got 1 sessions for user:email...
2025-10-17 00:40:19.903 [info] FetcherService: Node fetch failed with status: 429 Too Many Requests
2025-10-17 00:40:20.293 [info] FetcherService: Node http/s failed with status: 429 Too Many Requests
