2025-10-15 20:22:27.652 [info] 
=== Python Envs Configuration Levels ===
2025-10-15 20:22:27.652 [info] {
  "section": "Python Envs Configuration Levels",
  "defaultEnvManager": {
    "workspaceFolderValue": "undefined",
    "workspaceValue": "undefined",
    "globalValue": "undefined",
    "defaultValue": "ms-python.python:venv"
  },
  "defaultPackageManager": {
    "workspaceFolderValue": "undefined",
    "workspaceValue": "undefined",
    "globalValue": "undefined",
    "defaultValue": "ms-python.python:pip"
  }
}
2025-10-15 20:22:27.652 [info] [pet] Starting Python Locator /home/user/.vscode/extensions/ms-python.vscode-python-envs-1.10.0-linux-x64/python-env-tools/bin/pet server
2025-10-15 20:22:27.652 [info] getAllExtraSearchPaths completed. Total unique search directories: 0 Paths: []
2025-10-15 20:22:27.652 [info] [pet] configure: Sending configuration update: {"workspaceDirectories":["/home/user/repos"],"environmentDirectories":[],"poetryExecutable":"poetry","cacheDirectory":"/home/user/.config/Code/User/globalStorage/ms-python.vscode-python-envs/pythonLocator"}
2025-10-15 20:22:31.925 [info] Discovered env: /bin/python
2025-10-15 20:22:31.925 [info] Discovered env: /usr/bin/python
2025-10-15 20:22:31.926 [info] [pet] Env ("/sbin/python") in Path resolved as ResolvedPythonEnv { executable: "/sbin/python", prefix: "/usr", version: "3.13.7.final.0", is64_bit: true, symlinks: Some(["/sbin/python"]) } and reported as Some(GlobalPaths)
2025-10-15 20:22:31.926 [info] [pet] Env ("/usr/sbin/python") in Path resolved as ResolvedPythonEnv { executable: "/usr/sbin/python", prefix: "/usr", version: "3.13.7.final.0", is64_bit: true, symlinks: Some(["/usr/sbin/python"]) } and reported as Some(GlobalPaths)
2025-10-15 20:22:31.926 [info] Discovered env: /sbin/python
2025-10-15 20:22:31.927 [info] Discovered env: /usr/sbin/python
2025-10-15 20:22:31.927 [info] [pet] Env ("/sbin/python3") in Path resolved as ResolvedPythonEnv { executable: "/sbin/python3", prefix: "/usr", version: "3.13.7.final.0", is64_bit: true, symlinks: Some(["/sbin/python3"]) } and reported as Some(GlobalPaths)
2025-10-15 20:22:31.927 [info] Discovered env: /sbin/python3
2025-10-15 20:22:31.927 [info] [pet] Env ("/usr/sbin/python3") in Path resolved as ResolvedPythonEnv { executable: "/usr/sbin/python3", prefix: "/usr", version: "3.13.7.final.0", is64_bit: true, symlinks: Some(["/usr/sbin/python3"]) } and reported as Some(GlobalPaths)
2025-10-15 20:22:31.928 [info] Discovered env: /usr/sbin/python3
2025-10-15 20:22:31.928 [info] [pet] Env ("/sbin/python3.13") in Path resolved as ResolvedPythonEnv { executable: "/sbin/python3.13", prefix: "/usr", version: "3.13.7.final.0", is64_bit: true, symlinks: Some(["/sbin/python3.13"]) } and reported as Some(GlobalPaths)
2025-10-15 20:22:31.928 [info] Discovered env: /sbin/python3.13
2025-10-15 20:22:31.928 [info] [pet] Env ("/usr/sbin/python3.13") in Path resolved as ResolvedPythonEnv { executable: "/usr/sbin/python3.13", prefix: "/usr", version: "3.13.7.final.0", is64_bit: true, symlinks: Some(["/usr/sbin/python3.13"]) } and reported as Some(GlobalPaths)
2025-10-15 20:22:31.928 [info] Discovered env: /usr/sbin/python3.13
2025-10-15 20:22:31.928 [info] [pet] Locator Conda took 144.875092ms
2025-10-15 20:22:31.928 [info] [pet] Locator Homebrew took 190.458µs
2025-10-15 20:22:31.928 [info] [pet] Locator LinuxGlobal took 103.049178ms
2025-10-15 20:22:31.928 [info] [pet] Locator PipEnv took 17.305µs
2025-10-15 20:22:31.928 [info] [pet] Locator Pixi took 22.713µs
2025-10-15 20:22:31.928 [info] [pet] Locator Poetry took 15.601643ms
2025-10-15 20:22:31.928 [info] [pet] Locator PyEnv took 13.458127ms
2025-10-15 20:22:31.928 [info] [pet] Locator Venv took 89.153µs
2025-10-15 20:22:31.928 [info] [pet] Locator VirtualEnv took 139.155µs
2025-10-15 20:22:31.928 [info] [pet] Locator VirtualEnvWrapper took 5.001244ms
2025-10-15 20:22:31.928 [info] [pet] Locator GlobalVirtualEnvs took 310.697µs
2025-10-15 20:22:31.928 [info] [pet] Locator Locators took 145.165984ms
2025-10-15 20:22:31.928 [info] [pet] Locator Path took 2.631133016s
2025-10-15 20:22:31.928 [info] [pet] Locator Workspaces took 23.592192ms
2025-10-15 20:22:31.929 [info] getAllExtraSearchPaths completed. Total unique search directories: 0 Paths: []
2025-10-15 20:22:31.931 [info] Conda not found, turning off conda features. Error: Conda not found
    at R (/home/user/.vscode/extensions/ms-python.vscode-python-envs-1.10.0-linux-x64/dist/extension.js:2:529904)
    at L (/home/user/.vscode/extensions/ms-python.vscode-python-envs-1.10.0-linux-x64/dist/extension.js:2:530029)
    at t.registerCondaFeatures (/home/user/.vscode/extensions/ms-python.vscode-python-envs-1.10.0-linux-x64/dist/extension.js:2:546478)
    at async Promise.all (index 1)
    at Immediate.<anonymous> (/home/user/.vscode/extensions/ms-python.vscode-python-envs-1.10.0-linux-x64/dist/extension.js:2:678817)
2025-10-15 20:22:31.932 [info] [pet] Telemetry:  {"event":"RefreshPerformance","data":{"refreshPerformance":{"total":2631,"breakdown":{"GlobalVirtualEnvs":0,"Locators":145,"Path":2631,"Workspaces":23},"locators":{"Conda":144,"Homebrew":0,"LinuxGlobal":103,"PipEnv":0,"Pixi":0,"Poetry":15,"PyEnv":13,"Venv":0,"VirtualEnv":0,"VirtualEnvWrapper":5}}}}
2025-10-15 20:22:32.000 [info] Discovered env: /bin/python
2025-10-15 20:22:32.008 [info] Discovered env: /usr/bin/python
2025-10-15 20:22:32.017 [info] [pet] Env ("/usr/sbin/python") in Path resolved as ResolvedPythonEnv { executable: "/usr/sbin/python", prefix: "/usr", version: "3.13.7.final.0", is64_bit: true, symlinks: Some(["/usr/sbin/python"]) } and reported as Some(GlobalPaths)
2025-10-15 20:22:32.017 [info] Discovered env: /usr/sbin/python
2025-10-15 20:22:32.018 [info] [pet] Env ("/sbin/python") in Path resolved as ResolvedPythonEnv { executable: "/sbin/python", prefix: "/usr", version: "3.13.7.final.0", is64_bit: true, symlinks: Some(["/sbin/python"]) } and reported as Some(GlobalPaths)
2025-10-15 20:22:32.018 [info] Discovered env: /sbin/python
2025-10-15 20:22:32.033 [info] [pet] Env ("/usr/sbin/python3") in Path resolved as ResolvedPythonEnv { executable: "/usr/sbin/python3", prefix: "/usr", version: "3.13.7.final.0", is64_bit: true, symlinks: Some(["/usr/sbin/python3"]) } and reported as Some(GlobalPaths)
2025-10-15 20:22:32.034 [info] Discovered env: /usr/sbin/python3
2025-10-15 20:22:32.040 [info] [pet] Env ("/sbin/python3") in Path resolved as ResolvedPythonEnv { executable: "/sbin/python3", prefix: "/usr", version: "3.13.7.final.0", is64_bit: true, symlinks: Some(["/sbin/python3"]) } and reported as Some(GlobalPaths)
2025-10-15 20:22:32.040 [info] Discovered env: /sbin/python3
2025-10-15 20:22:32.050 [info] [pet] Env ("/usr/sbin/python3.13") in Path resolved as ResolvedPythonEnv { executable: "/usr/sbin/python3.13", prefix: "/usr", version: "3.13.7.final.0", is64_bit: true, symlinks: Some(["/usr/sbin/python3.13"]) } and reported as Some(GlobalPaths)
2025-10-15 20:22:32.050 [info] Discovered env: /usr/sbin/python3.13
2025-10-15 20:22:32.051 [info] [pet] Env ("/sbin/python3.13") in Path resolved as ResolvedPythonEnv { executable: "/sbin/python3.13", prefix: "/usr", version: "3.13.7.final.0", is64_bit: true, symlinks: Some(["/sbin/python3.13"]) } and reported as Some(GlobalPaths)
2025-10-15 20:22:32.051 [info] Discovered env: /sbin/python3.13
2025-10-15 20:22:32.051 [info] [pet] Locator Conda took 71.701201ms
2025-10-15 20:22:32.051 [info] [pet] Locator Homebrew took 64.309µs
2025-10-15 20:22:32.051 [info] [pet] Locator LinuxGlobal took 73.290262ms
2025-10-15 20:22:32.051 [info] [pet] Locator PipEnv took 15.589µs
2025-10-15 20:22:32.051 [info] [pet] Locator Pixi took 34.813µs
2025-10-15 20:22:32.052 [info] [pet] Locator Poetry took 123.601µs
2025-10-15 20:22:32.052 [info] [pet] Locator PyEnv took 90.421µs
2025-10-15 20:22:32.052 [info] [pet] Locator Venv took 78.406µs
2025-10-15 20:22:32.052 [info] [pet] Locator VirtualEnv took 77.904µs
2025-10-15 20:22:32.052 [info] [pet] Locator VirtualEnvWrapper took 17.22µs
2025-10-15 20:22:32.052 [info] [pet] Locator GlobalVirtualEnvs took 47.626µs
2025-10-15 20:22:32.052 [info] [pet] Locator Locators took 74.965859ms
2025-10-15 20:22:32.052 [info] [pet] Locator Path took 118.83146ms
2025-10-15 20:22:32.052 [info] [pet] Locator Workspaces took 2.826221ms
2025-10-15 20:22:32.052 [info] getAllExtraSearchPaths completed. Total unique search directories: 0 Paths: []
2025-10-15 20:22:32.052 [info] Pipenv not found
2025-10-15 20:22:32.052 [info] Pipenv not found, turning off pipenv features.
2025-10-15 20:22:32.053 [info] [pet] Telemetry:  {"event":"RefreshPerformance","data":{"refreshPerformance":{"total":118,"breakdown":{"GlobalVirtualEnvs":0,"Locators":74,"Path":118,"Workspaces":2},"locators":{"Conda":71,"Homebrew":0,"LinuxGlobal":73,"PipEnv":0,"Pixi":0,"Poetry":0,"PyEnv":0,"Venv":0,"VirtualEnv":0,"VirtualEnvWrapper":0}}}}
2025-10-15 20:22:32.153 [info] Discovered env: /bin/python
2025-10-15 20:22:32.160 [info] Discovered env: /usr/bin/python
2025-10-15 20:22:32.162 [info] [pet] Env ("/usr/sbin/python") in Path resolved as ResolvedPythonEnv { executable: "/usr/sbin/python", prefix: "/usr", version: "3.13.7.final.0", is64_bit: true, symlinks: Some(["/usr/sbin/python"]) } and reported as Some(GlobalPaths)
2025-10-15 20:22:32.162 [info] Discovered env: /usr/sbin/python
2025-10-15 20:22:32.163 [info] [pet] Env ("/sbin/python") in Path resolved as ResolvedPythonEnv { executable: "/sbin/python", prefix: "/usr", version: "3.13.7.final.0", is64_bit: true, symlinks: Some(["/sbin/python"]) } and reported as Some(GlobalPaths)
2025-10-15 20:22:32.163 [info] Discovered env: /sbin/python
2025-10-15 20:22:32.165 [info] [pet] Env ("/usr/sbin/python3") in Path resolved as ResolvedPythonEnv { executable: "/usr/sbin/python3", prefix: "/usr", version: "3.13.7.final.0", is64_bit: true, symlinks: Some(["/usr/sbin/python3"]) } and reported as Some(GlobalPaths)
2025-10-15 20:22:32.165 [info] Discovered env: /usr/sbin/python3
2025-10-15 20:22:32.165 [info] [pet] Env ("/sbin/python3") in Path resolved as ResolvedPythonEnv { executable: "/sbin/python3", prefix: "/usr", version: "3.13.7.final.0", is64_bit: true, symlinks: Some(["/sbin/python3"]) } and reported as Some(GlobalPaths)
2025-10-15 20:22:32.165 [info] Discovered env: /sbin/python3
2025-10-15 20:22:32.182 [info] [pet] Env ("/usr/sbin/python3.13") in Path resolved as ResolvedPythonEnv { executable: "/usr/sbin/python3.13", prefix: "/usr", version: "3.13.7.final.0", is64_bit: true, symlinks: Some(["/usr/sbin/python3.13"]) } and reported as Some(GlobalPaths)
2025-10-15 20:22:32.182 [info] [pet] Env ("/sbin/python3.13") in Path resolved as ResolvedPythonEnv { executable: "/sbin/python3.13", prefix: "/usr", version: "3.13.7.final.0", is64_bit: true, symlinks: Some(["/sbin/python3.13"]) } and reported as Some(GlobalPaths)
2025-10-15 20:22:32.182 [info] Discovered env: /usr/sbin/python3.13
2025-10-15 20:22:32.182 [info] Discovered env: /sbin/python3.13
2025-10-15 20:22:32.182 [info] [pet] Locator Conda took 69.829958ms
2025-10-15 20:22:32.182 [info] [pet] Locator Homebrew took 55.632µs
2025-10-15 20:22:32.182 [info] [pet] Locator LinuxGlobal took 78.20437ms
2025-10-15 20:22:32.182 [info] [pet] Locator PipEnv took 12.331µs
2025-10-15 20:22:32.182 [info] [pet] Locator Pixi took 26.317µs
2025-10-15 20:22:32.182 [info] [pet] Locator Poetry took 108.943µs
2025-10-15 20:22:32.182 [info] [pet] Locator PyEnv took 116.502µs
2025-10-15 20:22:32.182 [info] [pet] Locator Venv took 22.377µs
2025-10-15 20:22:32.182 [info] [pet] Locator VirtualEnv took 49.721µs
2025-10-15 20:22:32.182 [info] [pet] Locator VirtualEnvWrapper took 20.337µs
2025-10-15 20:22:32.182 [info] [pet] Locator GlobalVirtualEnvs took 55.618µs
2025-10-15 20:22:32.182 [info] [pet] Locator Locators took 79.993496ms
2025-10-15 20:22:32.182 [info] [pet] Locator Path took 124.161725ms
2025-10-15 20:22:32.182 [info] [pet] Locator Workspaces took 3.648671ms
2025-10-15 20:22:32.183 [info] getAllExtraSearchPaths completed. Total unique search directories: 0 Paths: []
2025-10-15 20:22:32.183 [info] Pyenv not found, turning off pyenv features.
2025-10-15 20:22:32.183 [info] [pet] Telemetry:  {"event":"RefreshPerformance","data":{"refreshPerformance":{"total":124,"breakdown":{"GlobalVirtualEnvs":0,"Locators":79,"Path":124,"Workspaces":3},"locators":{"Conda":69,"Homebrew":0,"LinuxGlobal":78,"PipEnv":0,"Pixi":0,"Poetry":0,"PyEnv":0,"Venv":0,"VirtualEnv":0,"VirtualEnvWrapper":0}}}}
2025-10-15 20:22:32.257 [info] Discovered env: /bin/python
2025-10-15 20:22:32.265 [info] Discovered env: /usr/bin/python
2025-10-15 20:22:32.267 [info] [pet] Env ("/usr/sbin/python") in Path resolved as ResolvedPythonEnv { executable: "/usr/sbin/python", prefix: "/usr", version: "3.13.7.final.0", is64_bit: true, symlinks: Some(["/usr/sbin/python"]) } and reported as Some(GlobalPaths)
2025-10-15 20:22:32.267 [info] Discovered env: /usr/sbin/python
2025-10-15 20:22:32.272 [info] [pet] Env ("/sbin/python") in Path resolved as ResolvedPythonEnv { executable: "/sbin/python", prefix: "/usr", version: "3.13.7.final.0", is64_bit: true, symlinks: Some(["/sbin/python"]) } and reported as Some(GlobalPaths)
2025-10-15 20:22:32.273 [info] Discovered env: /sbin/python
2025-10-15 20:22:32.294 [info] [pet] Env ("/sbin/python3") in Path resolved as ResolvedPythonEnv { executable: "/sbin/python3", prefix: "/usr", version: "3.13.7.final.0", is64_bit: true, symlinks: Some(["/sbin/python3"]) } and reported as Some(GlobalPaths)
2025-10-15 20:22:32.295 [info] Discovered env: /sbin/python3
2025-10-15 20:22:32.298 [info] [pet] Env ("/usr/sbin/python3") in Path resolved as ResolvedPythonEnv { executable: "/usr/sbin/python3", prefix: "/usr", version: "3.13.7.final.0", is64_bit: true, symlinks: Some(["/usr/sbin/python3"]) } and reported as Some(GlobalPaths)
2025-10-15 20:22:32.299 [info] Discovered env: /usr/sbin/python3
2025-10-15 20:22:32.313 [info] [pet] Env ("/usr/sbin/python3.13") in Path resolved as ResolvedPythonEnv { executable: "/usr/sbin/python3.13", prefix: "/usr", version: "3.13.7.final.0", is64_bit: true, symlinks: Some(["/usr/sbin/python3.13"]) } and reported as Some(GlobalPaths)
2025-10-15 20:22:32.313 [info] Discovered env: /usr/sbin/python3.13
2025-10-15 20:22:32.313 [info] [pet] Env ("/sbin/python3.13") in Path resolved as ResolvedPythonEnv { executable: "/sbin/python3.13", prefix: "/usr", version: "3.13.7.final.0", is64_bit: true, symlinks: Some(["/sbin/python3.13"]) } and reported as Some(GlobalPaths)
2025-10-15 20:22:32.313 [info] Discovered env: /sbin/python3.13
2025-10-15 20:22:32.314 [info] [pet] Locator Conda took 83.668694ms
2025-10-15 20:22:32.314 [info] [pet] Locator Homebrew took 229.854µs
2025-10-15 20:22:32.314 [info] [pet] Locator LinuxGlobal took 76.855904ms
2025-10-15 20:22:32.314 [info] [pet] Locator PipEnv took 23.793µs
2025-10-15 20:22:32.314 [info] [pet] Locator Pixi took 47.186µs
2025-10-15 20:22:32.314 [info] [pet] Locator Poetry took 120.35µs
2025-10-15 20:22:32.314 [info] [pet] Locator PyEnv took 108.456µs
2025-10-15 20:22:32.314 [info] [pet] Locator Venv took 104.076µs
2025-10-15 20:22:32.314 [info] [pet] Locator VirtualEnv took 19.493µs
2025-10-15 20:22:32.314 [info] [pet] Locator VirtualEnvWrapper took 19.89µs
2025-10-15 20:22:32.314 [info] [pet] Locator GlobalVirtualEnvs took 48.234µs
2025-10-15 20:22:32.315 [info] [pet] Locator Locators took 87.021507ms
2025-10-15 20:22:32.315 [info] [pet] Locator Path took 130.274146ms
2025-10-15 20:22:32.315 [info] [pet] Locator Workspaces took 4.189942ms
2025-10-15 20:22:32.315 [info] getAllExtraSearchPaths completed. Total unique search directories: 0 Paths: []
2025-10-15 20:22:32.315 [info] Poetry not found, turning off poetry features.
2025-10-15 20:22:32.316 [info] [resolveDefaultInterpreter] User configured defaultInterpreterPath: undefined and defaultEnvManager: undefined
2025-10-15 20:22:32.325 [info] [pet] Telemetry:  {"event":"RefreshPerformance","data":{"refreshPerformance":{"total":130,"breakdown":{"GlobalVirtualEnvs":0,"Locators":87,"Path":130,"Workspaces":4},"locators":{"Conda":83,"Homebrew":0,"LinuxGlobal":76,"PipEnv":0,"Pixi":0,"Poetry":0,"PyEnv":0,"Venv":0,"VirtualEnv":0,"VirtualEnvWrapper":0}}}}
2025-10-15 20:22:32.367 [info] Discovered env: /usr/bin/python
2025-10-15 20:22:32.393 [info] Discovered env: /bin/python
2025-10-15 20:22:32.399 [info] [pet] Env ("/sbin/python") in Path resolved as ResolvedPythonEnv { executable: "/sbin/python", prefix: "/usr", version: "3.13.7.final.0", is64_bit: true, symlinks: Some(["/sbin/python"]) } and reported as Some(GlobalPaths)
2025-10-15 20:22:32.399 [info] Discovered env: /sbin/python
2025-10-15 20:22:32.434 [info] [pet] Env ("/usr/sbin/python") in Path resolved as ResolvedPythonEnv { executable: "/usr/sbin/python", prefix: "/usr", version: "3.13.7.final.0", is64_bit: true, symlinks: Some(["/usr/sbin/python"]) } and reported as Some(GlobalPaths)
2025-10-15 20:22:32.434 [info] Discovered env: /usr/sbin/python
2025-10-15 20:22:32.436 [info] [pet] Env ("/sbin/python3") in Path resolved as ResolvedPythonEnv { executable: "/sbin/python3", prefix: "/usr", version: "3.13.7.final.0", is64_bit: true, symlinks: Some(["/sbin/python3"]) } and reported as Some(GlobalPaths)
2025-10-15 20:22:32.436 [info] Discovered env: /sbin/python3
2025-10-15 20:22:32.436 [info] [pet] Env ("/usr/sbin/python3") in Path resolved as ResolvedPythonEnv { executable: "/usr/sbin/python3", prefix: "/usr", version: "3.13.7.final.0", is64_bit: true, symlinks: Some(["/usr/sbin/python3"]) } and reported as Some(GlobalPaths)
2025-10-15 20:22:32.436 [info] Discovered env: /usr/sbin/python3
2025-10-15 20:22:32.437 [info] [pet] Env ("/sbin/python3.13") in Path resolved as ResolvedPythonEnv { executable: "/sbin/python3.13", prefix: "/usr", version: "3.13.7.final.0", is64_bit: true, symlinks: Some(["/sbin/python3.13"]) } and reported as Some(GlobalPaths)
2025-10-15 20:22:32.437 [info] Discovered env: /sbin/python3.13
2025-10-15 20:22:32.439 [info] [pet] Env ("/usr/sbin/python3.13") in Path resolved as ResolvedPythonEnv { executable: "/usr/sbin/python3.13", prefix: "/usr", version: "3.13.7.final.0", is64_bit: true, symlinks: Some(["/usr/sbin/python3.13"]) } and reported as Some(GlobalPaths)
2025-10-15 20:22:32.439 [info] Discovered env: /usr/sbin/python3.13
2025-10-15 20:22:32.439 [info] [pet] Locator Conda took 86.297823ms
2025-10-15 20:22:32.439 [info] [pet] Locator Homebrew took 68.511µs
2025-10-15 20:22:32.439 [info] [pet] Locator LinuxGlobal took 69.804745ms
2025-10-15 20:22:32.439 [info] [pet] Locator PipEnv took 33.177µs
2025-10-15 20:22:32.439 [info] [pet] Locator Pixi took 260.627µs
2025-10-15 20:22:32.439 [info] [pet] Locator Poetry took 166.348µs
2025-10-15 20:22:32.439 [info] [pet] Locator PyEnv took 690.161µs
2025-10-15 20:22:32.439 [info] [pet] Locator Venv took 312.78µs
2025-10-15 20:22:32.439 [info] [pet] Locator VirtualEnv took 22.954µs
2025-10-15 20:22:32.439 [info] [pet] Locator VirtualEnvWrapper took 17.722µs
2025-10-15 20:22:32.439 [info] [pet] Locator GlobalVirtualEnvs took 67.905µs
2025-10-15 20:22:32.439 [info] [pet] Locator Locators took 86.841787ms
2025-10-15 20:22:32.439 [info] [pet] Locator Path took 119.550554ms
2025-10-15 20:22:32.439 [info] [pet] Locator Workspaces took 2.616743ms
2025-10-15 20:22:32.440 [info] getAllExtraSearchPaths completed. Total unique search directories: 0 Paths: []
2025-10-15 20:22:32.444 [info] [pet] Telemetry:  {"event":"RefreshPerformance","data":{"refreshPerformance":{"total":119,"breakdown":{"GlobalVirtualEnvs":0,"Locators":86,"Path":119,"Workspaces":2},"locators":{"Conda":86,"Homebrew":0,"LinuxGlobal":69,"PipEnv":0,"Pixi":0,"Poetry":0,"PyEnv":0,"Venv":0,"VirtualEnv":0,"VirtualEnvWrapper":0}}}}
2025-10-15 20:22:32.512 [info] Discovered env: /usr/bin/python
2025-10-15 20:22:32.519 [info] Discovered env: /bin/python
2025-10-15 20:22:32.556 [info] [pet] Env ("/sbin/python") in Path resolved as ResolvedPythonEnv { executable: "/sbin/python", prefix: "/usr", version: "3.13.7.final.0", is64_bit: true, symlinks: Some(["/sbin/python"]) } and reported as Some(GlobalPaths)
2025-10-15 20:22:32.556 [info] Discovered env: /sbin/python
2025-10-15 20:22:32.556 [info] [pet] Env ("/usr/sbin/python") in Path resolved as ResolvedPythonEnv { executable: "/usr/sbin/python", prefix: "/usr", version: "3.13.7.final.0", is64_bit: true, symlinks: Some(["/usr/sbin/python"]) } and reported as Some(GlobalPaths)
2025-10-15 20:22:32.556 [info] Discovered env: /usr/sbin/python
2025-10-15 20:22:32.557 [info] [pet] Env ("/usr/sbin/python3") in Path resolved as ResolvedPythonEnv { executable: "/usr/sbin/python3", prefix: "/usr", version: "3.13.7.final.0", is64_bit: true, symlinks: Some(["/usr/sbin/python3"]) } and reported as Some(GlobalPaths)
2025-10-15 20:22:32.557 [info] Discovered env: /usr/sbin/python3
2025-10-15 20:22:32.557 [info] [pet] Env ("/sbin/python3") in Path resolved as ResolvedPythonEnv { executable: "/sbin/python3", prefix: "/usr", version: "3.13.7.final.0", is64_bit: true, symlinks: Some(["/sbin/python3"]) } and reported as Some(GlobalPaths)
2025-10-15 20:22:32.557 [info] Discovered env: /sbin/python3
2025-10-15 20:22:32.566 [info] [pet] Env ("/usr/sbin/python3.13") in Path resolved as ResolvedPythonEnv { executable: "/usr/sbin/python3.13", prefix: "/usr", version: "3.13.7.final.0", is64_bit: true, symlinks: Some(["/usr/sbin/python3.13"]) } and reported as Some(GlobalPaths)
2025-10-15 20:22:32.566 [info] Discovered env: /usr/sbin/python3.13
2025-10-15 20:22:32.566 [info] [pet] Env ("/sbin/python3.13") in Path resolved as ResolvedPythonEnv { executable: "/sbin/python3.13", prefix: "/usr", version: "3.13.7.final.0", is64_bit: true, symlinks: Some(["/sbin/python3.13"]) } and reported as Some(GlobalPaths)
2025-10-15 20:22:32.567 [info] Discovered env: /sbin/python3.13
2025-10-15 20:22:32.568 [info] [pet] Locator Conda took 85.059619ms
2025-10-15 20:22:32.568 [info] [pet] Locator Homebrew took 62.262µs
2025-10-15 20:22:32.568 [info] [pet] Locator LinuxGlobal took 72.258992ms
2025-10-15 20:22:32.568 [info] [pet] Locator PipEnv took 12.271µs
2025-10-15 20:22:32.568 [info] [pet] Locator Pixi took 15.98µs
2025-10-15 20:22:32.568 [info] [pet] Locator Poetry took 116.088µs
2025-10-15 20:22:32.568 [info] [pet] Locator PyEnv took 81.621µs
2025-10-15 20:22:32.568 [info] [pet] Locator Venv took 21.02µs
2025-10-15 20:22:32.568 [info] [pet] Locator VirtualEnv took 46.949µs
2025-10-15 20:22:32.568 [info] [pet] Locator VirtualEnvWrapper took 15.264µs
2025-10-15 20:22:32.568 [info] [pet] Locator GlobalVirtualEnvs took 51.23µs
2025-10-15 20:22:32.568 [info] [pet] Locator Locators took 86.921757ms
2025-10-15 20:22:32.568 [info] [pet] Locator Path took 124.178623ms
2025-10-15 20:22:32.568 [info] [pet] Locator Workspaces took 6.144636ms
2025-10-15 20:22:32.569 [info] getAllExtraSearchPaths completed. Total unique search directories: 0 Paths: []
2025-10-15 20:22:32.573 [info] [pet] Telemetry:  {"event":"RefreshPerformance","data":{"refreshPerformance":{"total":124,"breakdown":{"GlobalVirtualEnvs":0,"Locators":86,"Path":124,"Workspaces":6},"locators":{"Conda":85,"Homebrew":0,"LinuxGlobal":72,"PipEnv":0,"Pixi":0,"Poetry":0,"PyEnv":0,"Venv":0,"VirtualEnv":0,"VirtualEnvWrapper":0}}}}
2025-10-15 20:22:32.633 [info] Discovered env: /usr/bin/python
2025-10-15 20:22:32.639 [info] Discovered env: /bin/python
2025-10-15 20:22:32.647 [info] [pet] Env ("/sbin/python") in Path resolved as ResolvedPythonEnv { executable: "/sbin/python", prefix: "/usr", version: "3.13.7.final.0", is64_bit: true, symlinks: Some(["/sbin/python"]) } and reported as Some(GlobalPaths)
2025-10-15 20:22:32.647 [info] Discovered env: /sbin/python
2025-10-15 20:22:32.649 [info] [pet] Env ("/usr/sbin/python") in Path resolved as ResolvedPythonEnv { executable: "/usr/sbin/python", prefix: "/usr", version: "3.13.7.final.0", is64_bit: true, symlinks: Some(["/usr/sbin/python"]) } and reported as Some(GlobalPaths)
2025-10-15 20:22:32.649 [info] Discovered env: /usr/sbin/python
2025-10-15 20:22:32.666 [info] [pet] Env ("/sbin/python3") in Path resolved as ResolvedPythonEnv { executable: "/sbin/python3", prefix: "/usr", version: "3.13.7.final.0", is64_bit: true, symlinks: Some(["/sbin/python3"]) } and reported as Some(GlobalPaths)
2025-10-15 20:22:32.667 [info] [pet] Env ("/usr/sbin/python3") in Path resolved as ResolvedPythonEnv { executable: "/usr/sbin/python3", prefix: "/usr", version: "3.13.7.final.0", is64_bit: true, symlinks: Some(["/usr/sbin/python3"]) } and reported as Some(GlobalPaths)
2025-10-15 20:22:32.667 [info] Discovered env: /sbin/python3
2025-10-15 20:22:32.667 [info] Discovered env: /usr/sbin/python3
2025-10-15 20:22:32.683 [info] [pet] Env ("/usr/sbin/python3.13") in Path resolved as ResolvedPythonEnv { executable: "/usr/sbin/python3.13", prefix: "/usr", version: "3.13.7.final.0", is64_bit: true, symlinks: Some(["/usr/sbin/python3.13"]) } and reported as Some(GlobalPaths)
2025-10-15 20:22:32.683 [info] Discovered env: /usr/sbin/python3.13
2025-10-15 20:22:32.683 [info] [pet] Env ("/sbin/python3.13") in Path resolved as ResolvedPythonEnv { executable: "/sbin/python3.13", prefix: "/usr", version: "3.13.7.final.0", is64_bit: true, symlinks: Some(["/sbin/python3.13"]) } and reported as Some(GlobalPaths)
2025-10-15 20:22:32.683 [info] Discovered env: /sbin/python3.13
2025-10-15 20:22:32.683 [info] [pet] Locator Conda took 72.624059ms
2025-10-15 20:22:32.683 [info] [pet] Locator Homebrew took 47.796µs
2025-10-15 20:22:32.683 [info] [pet] Locator LinuxGlobal took 64.598679ms
2025-10-15 20:22:32.683 [info] [pet] Locator PipEnv took 19.287µs
2025-10-15 20:22:32.683 [info] [pet] Locator Pixi took 56.785µs
2025-10-15 20:22:32.683 [info] [pet] Locator Poetry took 118.859µs
2025-10-15 20:22:32.683 [info] [pet] Locator PyEnv took 110.425µs
2025-10-15 20:22:32.683 [info] [pet] Locator Venv took 26.311µs
2025-10-15 20:22:32.683 [info] [pet] Locator VirtualEnv took 15.608µs
2025-10-15 20:22:32.683 [info] [pet] Locator VirtualEnvWrapper took 14.438µs
2025-10-15 20:22:32.683 [info] [pet] Locator GlobalVirtualEnvs took 81.338µs
2025-10-15 20:22:32.683 [info] [pet] Locator Locators took 73.137686ms
2025-10-15 20:22:32.683 [info] [pet] Locator Path took 109.824904ms
2025-10-15 20:22:32.684 [info] [pet] Locator Workspaces took 3.040208ms
2025-10-15 20:22:32.734 [info] Python API: Changed environment from undefined to Python 3.13.7 for: /home/user/repos
2025-10-15 20:22:32.734 [info] Internal: Changed environment from undefined to Python 3.13.7 for: /home/user/repos
2025-10-15 20:22:32.735 [info] [pet] Telemetry:  {"event":"RefreshPerformance","data":{"refreshPerformance":{"total":109,"breakdown":{"GlobalVirtualEnvs":0,"Locators":73,"Path":109,"Workspaces":3},"locators":{"Conda":72,"Homebrew":0,"LinuxGlobal":64,"PipEnv":0,"Pixi":0,"Poetry":0,"PyEnv":0,"Venv":0,"VirtualEnv":0,"VirtualEnvWrapper":0}}}}
2025-10-15 20:25:03.620 [info] getAllExtraSearchPaths completed. Total unique search directories: 0 Paths: []
2025-10-15 20:25:03.630 [info] Resolved Python Environment /bin/python
2025-10-15 20:25:03.630 [info] getAllExtraSearchPaths completed. Total unique search directories: 0 Paths: []
2025-10-15 20:25:03.668 [info] Resolved Python Environment /bin/python
2025-10-15 20:25:05.905 [info] getAllExtraSearchPaths completed. Total unique search directories: 0 Paths: []
2025-10-15 20:25:05.915 [info] Resolved Python Environment /bin/python
2025-10-15 20:25:05.915 [info] getAllExtraSearchPaths completed. Total unique search directories: 0 Paths: []
2025-10-15 20:25:05.924 [info] Resolved Python Environment /bin/python
2025-10-15 20:25:07.345 [info] getAllExtraSearchPaths completed. Total unique search directories: 0 Paths: []
2025-10-15 20:25:07.353 [info] Resolved Python Environment /bin/python
2025-10-15 20:25:07.354 [info] getAllExtraSearchPaths completed. Total unique search directories: 0 Paths: []
2025-10-15 20:25:07.364 [info] Resolved Python Environment /bin/python
2025-10-15 20:25:10.556 [info] getAllExtraSearchPaths completed. Total unique search directories: 0 Paths: []
2025-10-15 20:25:10.585 [info] Resolved Python Environment /bin/python
2025-10-15 20:25:10.585 [info] getAllExtraSearchPaths completed. Total unique search directories: 0 Paths: []
2025-10-15 20:25:10.593 [info] Resolved Python Environment /bin/python
2025-10-15 20:25:24.016 [info] getAllExtraSearchPaths completed. Total unique search directories: 0 Paths: []
2025-10-15 20:25:24.061 [info] Resolved Python Environment /bin/python
2025-10-15 20:25:24.061 [info] getAllExtraSearchPaths completed. Total unique search directories: 0 Paths: []
2025-10-15 20:25:24.071 [info] Resolved Python Environment /bin/python
2025-10-15 20:25:26.653 [info] getAllExtraSearchPaths completed. Total unique search directories: 0 Paths: []
2025-10-15 20:25:26.661 [info] Resolved Python Environment /bin/python
2025-10-15 20:25:26.662 [info] getAllExtraSearchPaths completed. Total unique search directories: 0 Paths: []
2025-10-15 20:25:26.669 [info] Resolved Python Environment /bin/python
2025-10-15 20:32:01.327 [info] getAllExtraSearchPaths completed. Total unique search directories: 0 Paths: []
2025-10-15 20:32:01.336 [info] Resolved Python Environment /bin/python
2025-10-15 20:32:01.336 [info] getAllExtraSearchPaths completed. Total unique search directories: 0 Paths: []
2025-10-15 20:32:01.345 [info] Resolved Python Environment /bin/python
2025-10-15 20:32:05.179 [info] getAllExtraSearchPaths completed. Total unique search directories: 0 Paths: []
2025-10-15 20:32:05.212 [info] Resolved Python Environment /bin/python
2025-10-15 20:32:05.212 [info] getAllExtraSearchPaths completed. Total unique search directories: 0 Paths: []
2025-10-15 20:32:05.223 [info] Resolved Python Environment /bin/python
2025-10-15 20:32:32.711 [info] getAllExtraSearchPaths completed. Total unique search directories: 0 Paths: []
2025-10-15 20:32:32.753 [info] Resolved Python Environment /bin/python
2025-10-15 20:32:32.753 [info] getAllExtraSearchPaths completed. Total unique search directories: 0 Paths: []
2025-10-15 20:32:32.762 [info] Resolved Python Environment /bin/python
2025-10-15 20:32:34.179 [info] getAllExtraSearchPaths completed. Total unique search directories: 0 Paths: []
2025-10-15 20:32:34.188 [info] Resolved Python Environment /bin/python
2025-10-15 20:32:34.189 [info] getAllExtraSearchPaths completed. Total unique search directories: 0 Paths: []
2025-10-15 20:32:34.197 [info] Resolved Python Environment /bin/python
2025-10-15 20:34:31.862 [info] getAllExtraSearchPaths completed. Total unique search directories: 0 Paths: []
2025-10-15 20:34:31.875 [info] Resolved Python Environment /bin/python
2025-10-15 20:34:31.875 [info] getAllExtraSearchPaths completed. Total unique search directories: 0 Paths: []
2025-10-15 20:34:31.887 [info] Resolved Python Environment /bin/python
2025-10-15 20:34:45.712 [info] getAllExtraSearchPaths completed. Total unique search directories: 0 Paths: []
2025-10-15 20:34:45.722 [info] Resolved Python Environment /bin/python
2025-10-15 20:34:45.722 [info] getAllExtraSearchPaths completed. Total unique search directories: 0 Paths: []
2025-10-15 20:34:45.732 [info] Resolved Python Environment /bin/python
2025-10-15 20:41:52.429 [info] getAllExtraSearchPaths completed. Total unique search directories: 0 Paths: []
2025-10-15 20:41:52.440 [info] Resolved Python Environment /bin/python
2025-10-15 20:41:52.441 [info] getAllExtraSearchPaths completed. Total unique search directories: 0 Paths: []
2025-10-15 20:41:52.448 [info] Resolved Python Environment /bin/python
2025-10-15 20:41:53.650 [info] getAllExtraSearchPaths completed. Total unique search directories: 0 Paths: []
2025-10-15 20:41:53.659 [info] Resolved Python Environment /bin/python
2025-10-15 20:41:53.660 [info] getAllExtraSearchPaths completed. Total unique search directories: 0 Paths: []
2025-10-15 20:41:53.684 [info] Resolved Python Environment /bin/python
2025-10-15 20:42:14.178 [info] getAllExtraSearchPaths completed. Total unique search directories: 0 Paths: []
2025-10-15 20:42:14.211 [info] Resolved Python Environment /bin/python
2025-10-15 20:42:14.211 [info] getAllExtraSearchPaths completed. Total unique search directories: 0 Paths: []
2025-10-15 20:42:14.230 [info] Resolved Python Environment /bin/python
2025-10-15 20:42:16.343 [info] getAllExtraSearchPaths completed. Total unique search directories: 0 Paths: []
2025-10-15 20:42:16.351 [info] Resolved Python Environment /bin/python
2025-10-15 20:42:16.352 [info] getAllExtraSearchPaths completed. Total unique search directories: 0 Paths: []
2025-10-15 20:42:16.360 [info] Resolved Python Environment /bin/python
2025-10-15 20:42:21.011 [info] getAllExtraSearchPaths completed. Total unique search directories: 0 Paths: []
2025-10-15 20:42:21.021 [info] Resolved Python Environment /bin/python
2025-10-15 20:42:21.022 [info] getAllExtraSearchPaths completed. Total unique search directories: 0 Paths: []
2025-10-15 20:42:21.030 [info] Resolved Python Environment /bin/python
2025-10-15 20:42:26.659 [info] getAllExtraSearchPaths completed. Total unique search directories: 0 Paths: []
2025-10-15 20:42:26.667 [info] Resolved Python Environment /bin/python
2025-10-15 20:42:26.667 [info] getAllExtraSearchPaths completed. Total unique search directories: 0 Paths: []
2025-10-15 20:42:26.675 [info] Resolved Python Environment /bin/python
