2025-11-14 23:20:19.761 [info] Reading sessions from keychain...
2025-11-14 23:20:19.761 [info] Got stored sessions!
2025-11-14 23:20:19.761 [info] Got 1 verified sessions.
2025-11-14 23:20:19.761 [info] Getting sessions for all scopes...
2025-11-14 23:20:19.761 [info] Got 1 sessions for ...
2025-11-14 23:20:19.761 [info] Getting sessions for all scopes...
2025-11-14 23:20:19.761 [info] Got 1 sessions for ...
2025-11-14 23:20:19.761 [info] Getting sessions for all scopes...
2025-11-14 23:20:19.761 [info] Got 1 sessions for ...
2025-11-14 23:20:19.761 [info] Getting sessions for all scopes...
2025-11-14 23:20:19.761 [info] Got 1 sessions for ...
2025-11-14 23:20:19.761 [info] Getting sessions for all scopes...
2025-11-14 23:20:19.761 [info] Got 1 sessions for ...
2025-11-14 23:20:19.761 [info] Getting sessions for all scopes...
2025-11-14 23:20:19.761 [info] Got 1 sessions for ...
2025-11-14 23:20:19.761 [info] Getting sessions for all scopes...
2025-11-14 23:20:19.761 [info] Got 1 sessions for ...
2025-11-14 23:20:19.761 [info] Getting sessions for all scopes...
2025-11-14 23:20:19.761 [info] Got 1 sessions for ...
2025-11-14 23:20:19.761 [info] Getting sessions for all scopes...
2025-11-14 23:20:19.761 [info] Got 1 sessions for ...
2025-11-14 23:20:19.761 [info] Getting sessions for all scopes...
2025-11-14 23:20:19.761 [info] Got 1 sessions for ...
2025-11-14 23:20:19.761 [info] Getting sessions for all scopes...
2025-11-14 23:20:19.761 [info] Got 1 sessions for ...
2025-11-14 23:20:19.761 [info] Getting sessions for all scopes...
2025-11-14 23:20:19.761 [info] Got 1 sessions for ...
2025-11-14 23:20:19.761 [info] Getting sessions for all scopes...
2025-11-14 23:20:19.761 [info] Got 1 sessions for ...
2025-11-14 23:20:19.761 [info] Getting sessions for all scopes...
2025-11-14 23:20:19.761 [info] Got 1 sessions for ...
2025-11-14 23:20:19.761 [info] Getting sessions for all scopes...
2025-11-14 23:20:19.761 [info] Got 1 sessions for ...
2025-11-14 23:20:19.761 [info] Getting sessions for all scopes...
2025-11-14 23:20:19.761 [info] Got 1 sessions for ...
2025-11-14 23:20:19.761 [info] Getting sessions for all scopes...
2025-11-14 23:20:19.761 [info] Got 1 sessions for ...
2025-11-14 23:20:19.761 [info] Getting sessions for all scopes...
2025-11-14 23:20:19.761 [info] Got 1 sessions for ...
2025-11-14 23:20:19.761 [info] Getting sessions for read:user,repo,user:email,workflow...
2025-11-14 23:20:19.761 [info] Got 0 sessions for read:user,repo,user:email,workflow...
2025-11-14 23:20:21.940 [info] Getting sessions for user:email...
2025-11-14 23:20:21.940 [info] Got 1 sessions for user:email...
2025-11-14 23:20:21.941 [info] Getting sessions for read:user,repo,user:email,workflow...
2025-11-14 23:20:21.941 [info] Got 0 sessions for read:user,repo,user:email,workflow...
2025-11-14 23:20:22.183 [info] Getting sessions for all scopes...
2025-11-14 23:20:22.183 [info] Got 1 sessions for ...
2025-11-14 23:20:22.183 [info] Getting sessions for all scopes...
2025-11-14 23:20:22.183 [info] Got 1 sessions for ...
2025-11-14 23:20:22.183 [info] Getting sessions for all scopes...
2025-11-14 23:20:22.184 [info] Got 1 sessions for ...
2025-11-14 23:20:22.744 [info] FetcherService: Electron fetch failed with status: 429 
2025-11-14 23:20:22.774 [info] Getting sessions for all scopes...
2025-11-14 23:20:22.774 [info] Got 1 sessions for ...
2025-11-14 23:20:22.779 [info] Getting sessions for read:user,repo,user:email,workflow...
2025-11-14 23:20:22.779 [info] Got 0 sessions for read:user,repo,user:email,workflow...
2025-11-14 23:20:22.859 [info] Getting sessions for all scopes...
2025-11-14 23:20:22.859 [info] Got 1 sessions for ...
2025-11-14 23:20:22.859 [info] Getting sessions for read:user,repo,user:email,workflow...
2025-11-14 23:20:22.859 [info] Got 0 sessions for read:user,repo,user:email,workflow...
2025-11-14 23:20:22.860 [info] Getting sessions for read:user,repo,user:email,workflow...
2025-11-14 23:20:22.860 [info] Got 0 sessions for read:user,repo,user:email,workflow...
2025-11-14 23:20:22.955 [info] Getting sessions for user:email...
2025-11-14 23:20:22.955 [info] Got 1 sessions for user:email...
2025-11-14 23:20:22.955 [info] Getting sessions for read:user,repo,user:email,workflow...
2025-11-14 23:20:22.955 [info] Got 0 sessions for read:user,repo,user:email,workflow...
2025-11-14 23:20:23.001 [info] Getting sessions for read:user...
2025-11-14 23:20:23.001 [info] Got 0 sessions for read:user...
2025-11-14 23:20:23.624 [info] Getting sessions for read:user,repo,user:email,workflow...
2025-11-14 23:20:23.624 [info] Got 0 sessions for read:user,repo,user:email,workflow...
2025-11-14 23:20:23.633 [info] FetcherService: Node fetch failed with status: 429 Too Many Requests
2025-11-14 23:20:23.682 [info] Getting sessions for user:email...
2025-11-14 23:20:23.682 [info] Got 1 sessions for user:email...
2025-11-14 23:20:24.058 [info] Getting sessions for read:user,repo,user:email,workflow...
2025-11-14 23:20:24.058 [info] Got 0 sessions for read:user,repo,user:email,workflow...
2025-11-14 23:20:24.385 [info] FetcherService: Node http/s failed with status: 429 Too Many Requests
2025-11-14 23:20:24.460 [info] Getting sessions for read:user,repo,user:email,workflow...
2025-11-14 23:20:24.460 [info] Got 0 sessions for read:user,repo,user:email,workflow...
2025-11-14 23:20:25.167 [info] Getting sessions for all scopes...
2025-11-14 23:20:25.167 [info] Got 1 sessions for ...
2025-11-14 23:20:25.168 [info] Getting sessions for read:user,repo,user:email,workflow...
2025-11-14 23:20:25.168 [info] Got 0 sessions for read:user,repo,user:email,workflow...
2025-11-14 23:20:25.173 [info] Getting sessions for read:user,repo,user:email,workflow...
2025-11-14 23:20:25.173 [info] Got 0 sessions for read:user,repo,user:email,workflow...
2025-11-14 23:50:46.332 [info] Getting sessions for read:user,repo,user:email,workflow...
2025-11-14 23:50:46.332 [info] Got 0 sessions for read:user,repo,user:email,workflow...
2025-11-14 23:50:46.333 [info] Getting sessions for read:user...
2025-11-14 23:50:46.333 [info] Got 0 sessions for read:user...
2025-11-14 23:50:46.334 [info] Getting sessions for user:email...
2025-11-14 23:50:46.334 [info] Got 1 sessions for user:email...
2025-11-14 23:57:44.062 [info] Getting sessions for read:user,repo,user:email,workflow...
2025-11-14 23:57:44.062 [info] Got 0 sessions for read:user,repo,user:email,workflow...
2025-11-14 23:57:44.070 [info] Getting sessions for read:user...
2025-11-14 23:57:44.070 [info] Got 0 sessions for read:user...
2025-11-14 23:57:44.072 [info] Getting sessions for user:email...
2025-11-14 23:57:44.072 [info] Got 1 sessions for user:email...
2025-11-14 23:57:45.520 [info] Getting sessions for read:user,repo,user:email,workflow...
2025-11-14 23:57:45.520 [info] Got 0 sessions for read:user,repo,user:email,workflow...
2025-11-14 23:57:45.524 [info] Getting sessions for read:user...
2025-11-14 23:57:45.524 [info] Got 0 sessions for read:user...
2025-11-14 23:57:45.524 [info] Getting sessions for user:email...
2025-11-14 23:57:45.525 [info] Got 1 sessions for user:email...
2025-11-15 00:05:35.225 [info] Getting sessions for read:user,repo,user:email,workflow...
2025-11-15 00:05:35.225 [info] Got 0 sessions for read:user,repo,user:email,workflow...
2025-11-15 00:05:35.225 [info] Getting sessions for read:user...
2025-11-15 00:05:35.226 [info] Got 0 sessions for read:user...
2025-11-15 00:05:35.230 [info] Getting sessions for user:email...
2025-11-15 00:05:35.231 [info] Got 1 sessions for user:email...
2025-11-15 00:06:14.859 [info] Getting sessions for read:user,repo,user:email,workflow...
2025-11-15 00:06:14.859 [info] Got 0 sessions for read:user,repo,user:email,workflow...
2025-11-15 00:06:14.860 [info] Getting sessions for read:user...
2025-11-15 00:06:14.860 [info] Got 0 sessions for read:user...
2025-11-15 00:06:14.861 [info] Getting sessions for user:email...
2025-11-15 00:06:14.861 [info] Got 1 sessions for user:email...
2025-11-15 00:06:16.055 [info] Getting sessions for read:user,repo,user:email,workflow...
2025-11-15 00:06:16.055 [info] Got 0 sessions for read:user,repo,user:email,workflow...
2025-11-15 00:06:16.056 [info] Getting sessions for read:user...
2025-11-15 00:06:16.056 [info] Got 0 sessions for read:user...
2025-11-15 00:06:16.056 [info] Getting sessions for user:email...
2025-11-15 00:06:16.056 [info] Got 1 sessions for user:email...
2025-11-15 00:06:16.758 [info] Getting sessions for read:user,repo,user:email,workflow...
2025-11-15 00:06:16.758 [info] Got 0 sessions for read:user,repo,user:email,workflow...
2025-11-15 00:06:16.759 [info] Getting sessions for read:user...
2025-11-15 00:06:16.759 [info] Got 0 sessions for read:user...
2025-11-15 00:06:16.759 [info] Getting sessions for user:email...
2025-11-15 00:06:16.759 [info] Got 1 sessions for user:email...
2025-11-15 00:06:17.342 [info] Getting sessions for read:user,repo,user:email,workflow...
2025-11-15 00:06:17.342 [info] Got 0 sessions for read:user,repo,user:email,workflow...
2025-11-15 00:06:17.342 [info] Getting sessions for read:user...
2025-11-15 00:06:17.343 [info] Got 0 sessions for read:user...
2025-11-15 00:06:17.343 [info] Getting sessions for user:email...
2025-11-15 00:06:17.343 [info] Got 1 sessions for user:email...
2025-11-15 00:06:22.112 [info] Getting sessions for read:user,repo,user:email,workflow...
2025-11-15 00:06:22.112 [info] Got 0 sessions for read:user,repo,user:email,workflow...
2025-11-15 00:06:22.112 [info] Getting sessions for read:user...
2025-11-15 00:06:22.113 [info] Got 0 sessions for read:user...
2025-11-15 00:06:22.113 [info] Getting sessions for user:email...
2025-11-15 00:06:22.113 [info] Got 1 sessions for user:email...
2025-11-15 00:06:22.935 [info] Getting sessions for read:user,repo,user:email,workflow...
2025-11-15 00:06:22.935 [info] Got 0 sessions for read:user,repo,user:email,workflow...
2025-11-15 00:06:22.942 [info] Getting sessions for read:user...
2025-11-15 00:06:22.942 [info] Got 0 sessions for read:user...
2025-11-15 00:06:22.944 [info] Getting sessions for user:email...
2025-11-15 00:06:22.944 [info] Got 1 sessions for user:email...
2025-11-15 00:06:23.617 [info] Getting sessions for read:user,repo,user:email,workflow...
2025-11-15 00:06:23.617 [info] Got 0 sessions for read:user,repo,user:email,workflow...
2025-11-15 00:06:23.618 [info] Getting sessions for read:user...
2025-11-15 00:06:23.618 [info] Got 0 sessions for read:user...
2025-11-15 00:06:23.619 [info] Getting sessions for user:email...
2025-11-15 00:06:23.619 [info] Got 1 sessions for user:email...
2025-11-15 00:06:24.391 [info] Getting sessions for read:user,repo,user:email,workflow...
2025-11-15 00:06:24.391 [info] Got 0 sessions for read:user,repo,user:email,workflow...
2025-11-15 00:06:24.391 [info] Getting sessions for read:user...
2025-11-15 00:06:24.392 [info] Got 0 sessions for read:user...
2025-11-15 00:06:24.392 [info] Getting sessions for user:email...
2025-11-15 00:06:24.393 [info] Got 1 sessions for user:email...
2025-11-15 00:06:24.766 [info] Getting sessions for read:user,repo,user:email,workflow...
2025-11-15 00:06:24.766 [info] Got 0 sessions for read:user,repo,user:email,workflow...
2025-11-15 00:06:24.767 [info] Getting sessions for read:user...
2025-11-15 00:06:24.767 [info] Got 0 sessions for read:user...
2025-11-15 00:06:24.768 [info] Getting sessions for user:email...
2025-11-15 00:06:24.768 [info] Got 1 sessions for user:email...
2025-11-15 00:06:25.607 [info] Getting sessions for read:user,repo,user:email,workflow...
2025-11-15 00:06:25.607 [info] Got 0 sessions for read:user,repo,user:email,workflow...
2025-11-15 00:06:25.608 [info] Getting sessions for read:user...
2025-11-15 00:06:25.608 [info] Got 0 sessions for read:user...
2025-11-15 00:06:25.608 [info] Getting sessions for user:email...
2025-11-15 00:06:25.608 [info] Got 1 sessions for user:email...
2025-11-15 00:06:26.230 [info] Getting sessions for read:user,repo,user:email,workflow...
2025-11-15 00:06:26.230 [info] Got 0 sessions for read:user,repo,user:email,workflow...
2025-11-15 00:06:26.231 [info] Getting sessions for read:user...
2025-11-15 00:06:26.231 [info] Got 0 sessions for read:user...
2025-11-15 00:06:26.232 [info] Getting sessions for user:email...
2025-11-15 00:06:26.232 [info] Got 1 sessions for user:email...
2025-11-15 00:06:26.651 [info] Getting sessions for read:user,repo,user:email,workflow...
2025-11-15 00:06:26.651 [info] Got 0 sessions for read:user,repo,user:email,workflow...
2025-11-15 00:06:26.652 [info] Getting sessions for read:user...
2025-11-15 00:06:26.652 [info] Got 0 sessions for read:user...
2025-11-15 00:06:26.652 [info] Getting sessions for user:email...
2025-11-15 00:06:26.653 [info] Got 1 sessions for user:email...
2025-11-15 00:06:27.431 [info] Getting sessions for read:user,repo,user:email,workflow...
2025-11-15 00:06:27.431 [info] Got 0 sessions for read:user,repo,user:email,workflow...
2025-11-15 00:06:27.432 [info] Getting sessions for read:user...
2025-11-15 00:06:27.432 [info] Got 0 sessions for read:user...
2025-11-15 00:06:27.433 [info] Getting sessions for user:email...
2025-11-15 00:06:27.433 [info] Got 1 sessions for user:email...
2025-11-15 00:07:15.291 [info] Getting sessions for read:user,repo,user:email,workflow...
2025-11-15 00:07:15.292 [info] Got 0 sessions for read:user,repo,user:email,workflow...
2025-11-15 00:07:15.292 [info] Getting sessions for read:user...
2025-11-15 00:07:15.292 [info] Got 0 sessions for read:user...
2025-11-15 00:07:15.305 [info] Getting sessions for user:email...
2025-11-15 00:07:15.305 [info] Got 1 sessions for user:email...
2025-11-15 00:07:16.578 [info] Getting sessions for read:user,repo,user:email,workflow...
2025-11-15 00:07:16.578 [info] Got 0 sessions for read:user,repo,user:email,workflow...
2025-11-15 00:07:16.578 [info] Getting sessions for read:user...
2025-11-15 00:07:16.578 [info] Got 0 sessions for read:user...
2025-11-15 00:07:16.579 [info] Getting sessions for user:email...
2025-11-15 00:07:16.579 [info] Got 1 sessions for user:email...
2025-11-15 00:07:17.257 [info] Getting sessions for read:user,repo,user:email,workflow...
2025-11-15 00:07:17.257 [info] Got 0 sessions for read:user,repo,user:email,workflow...
2025-11-15 00:07:17.258 [info] Getting sessions for read:user...
2025-11-15 00:07:17.258 [info] Got 0 sessions for read:user...
2025-11-15 00:07:17.259 [info] Getting sessions for user:email...
2025-11-15 00:07:17.259 [info] Got 1 sessions for user:email...
2025-11-15 00:07:17.710 [info] Getting sessions for read:user,repo,user:email,workflow...
2025-11-15 00:07:17.710 [info] Got 0 sessions for read:user,repo,user:email,workflow...
2025-11-15 00:07:17.711 [info] Getting sessions for read:user...
2025-11-15 00:07:17.711 [info] Got 0 sessions for read:user...
2025-11-15 00:07:17.712 [info] Getting sessions for user:email...
2025-11-15 00:07:17.712 [info] Got 1 sessions for user:email...
2025-11-15 00:07:20.244 [info] Getting sessions for read:user,repo,user:email,workflow...
2025-11-15 00:07:20.244 [info] Got 0 sessions for read:user,repo,user:email,workflow...
2025-11-15 00:07:20.246 [info] Getting sessions for read:user...
2025-11-15 00:07:20.246 [info] Got 0 sessions for read:user...
2025-11-15 00:07:20.246 [info] Getting sessions for user:email...
2025-11-15 00:07:20.246 [info] Got 1 sessions for user:email...
2025-11-15 00:07:21.090 [info] Getting sessions for read:user,repo,user:email,workflow...
2025-11-15 00:07:21.090 [info] Got 0 sessions for read:user,repo,user:email,workflow...
2025-11-15 00:07:21.091 [info] Getting sessions for read:user...
2025-11-15 00:07:21.091 [info] Got 0 sessions for read:user...
2025-11-15 00:07:21.092 [info] Getting sessions for user:email...
2025-11-15 00:07:21.092 [info] Got 1 sessions for user:email...
2025-11-15 00:07:21.562 [info] Getting sessions for read:user,repo,user:email,workflow...
2025-11-15 00:07:21.562 [info] Got 0 sessions for read:user,repo,user:email,workflow...
2025-11-15 00:07:21.566 [info] Getting sessions for read:user...
2025-11-15 00:07:21.566 [info] Got 0 sessions for read:user...
2025-11-15 00:07:21.567 [info] Getting sessions for user:email...
2025-11-15 00:07:21.567 [info] Got 1 sessions for user:email...
2025-11-15 00:07:22.124 [info] Getting sessions for read:user,repo,user:email,workflow...
2025-11-15 00:07:22.124 [info] Got 0 sessions for read:user,repo,user:email,workflow...
2025-11-15 00:07:22.125 [info] Getting sessions for read:user...
2025-11-15 00:07:22.125 [info] Got 0 sessions for read:user...
2025-11-15 00:07:22.126 [info] Getting sessions for user:email...
2025-11-15 00:07:22.126 [info] Got 1 sessions for user:email...
2025-11-15 00:07:23.072 [info] Getting sessions for read:user,repo,user:email,workflow...
2025-11-15 00:07:23.072 [info] Got 0 sessions for read:user,repo,user:email,workflow...
2025-11-15 00:07:23.073 [info] Getting sessions for read:user...
2025-11-15 00:07:23.073 [info] Got 0 sessions for read:user...
2025-11-15 00:07:23.074 [info] Getting sessions for user:email...
2025-11-15 00:07:23.074 [info] Got 1 sessions for user:email...
2025-11-15 00:07:23.579 [info] Getting sessions for read:user,repo,user:email,workflow...
2025-11-15 00:07:23.579 [info] Got 0 sessions for read:user,repo,user:email,workflow...
2025-11-15 00:07:23.580 [info] Getting sessions for read:user...
2025-11-15 00:07:23.580 [info] Got 0 sessions for read:user...
2025-11-15 00:07:23.580 [info] Getting sessions for user:email...
2025-11-15 00:07:23.580 [info] Got 1 sessions for user:email...
2025-11-15 00:07:24.107 [info] Getting sessions for read:user,repo,user:email,workflow...
2025-11-15 00:07:24.107 [info] Got 0 sessions for read:user,repo,user:email,workflow...
2025-11-15 00:07:24.124 [info] Getting sessions for read:user...
2025-11-15 00:07:24.124 [info] Got 0 sessions for read:user...
2025-11-15 00:07:24.125 [info] Getting sessions for user:email...
2025-11-15 00:07:24.125 [info] Got 1 sessions for user:email...
2025-11-15 01:23:46.796 [info] Getting sessions for read:user,repo,user:email,workflow...
2025-11-15 01:23:46.796 [info] Got 0 sessions for read:user,repo,user:email,workflow...
2025-11-15 01:23:46.800 [info] Getting sessions for read:user...
2025-11-15 01:23:46.800 [info] Got 0 sessions for read:user...
2025-11-15 01:23:46.801 [info] Getting sessions for user:email...
2025-11-15 01:23:46.801 [info] Got 1 sessions for user:email...
2025-11-15 01:24:36.655 [info] Getting sessions for read:user,repo,user:email,workflow...
2025-11-15 01:24:36.655 [info] Got 0 sessions for read:user,repo,user:email,workflow...
2025-11-15 01:24:36.656 [info] Getting sessions for read:user...
2025-11-15 01:24:36.656 [info] Got 0 sessions for read:user...
2025-11-15 01:24:36.656 [info] Getting sessions for user:email...
2025-11-15 01:24:36.656 [info] Got 1 sessions for user:email...
2025-11-15 01:29:15.988 [info] Getting sessions for read:user,repo,user:email,workflow...
2025-11-15 01:29:15.988 [info] Got 0 sessions for read:user,repo,user:email,workflow...
2025-11-15 01:29:15.989 [info] Getting sessions for read:user...
2025-11-15 01:29:15.989 [info] Got 0 sessions for read:user...
2025-11-15 01:29:15.990 [info] Getting sessions for user:email...
2025-11-15 01:29:15.990 [info] Got 1 sessions for user:email...
2025-11-15 01:29:23.827 [info] Getting sessions for read:user,repo,user:email,workflow...
2025-11-15 01:29:23.827 [info] Got 0 sessions for read:user,repo,user:email,workflow...
2025-11-15 01:29:23.828 [info] Getting sessions for read:user...
2025-11-15 01:29:23.828 [info] Got 0 sessions for read:user...
2025-11-15 01:29:23.829 [info] Getting sessions for user:email...
2025-11-15 01:29:23.829 [info] Got 1 sessions for user:email...
2025-11-15 01:29:25.232 [info] Getting sessions for read:user,repo,user:email,workflow...
2025-11-15 01:29:25.232 [info] Got 0 sessions for read:user,repo,user:email,workflow...
2025-11-15 01:29:25.233 [info] Getting sessions for read:user...
2025-11-15 01:29:25.233 [info] Got 0 sessions for read:user...
2025-11-15 01:29:25.233 [info] Getting sessions for user:email...
2025-11-15 01:29:25.233 [info] Got 1 sessions for user:email...
2025-11-15 01:29:25.679 [info] Getting sessions for read:user,repo,user:email,workflow...
2025-11-15 01:29:25.679 [info] Got 0 sessions for read:user,repo,user:email,workflow...
2025-11-15 01:29:25.680 [info] Getting sessions for read:user...
2025-11-15 01:29:25.680 [info] Got 0 sessions for read:user...
2025-11-15 01:29:25.681 [info] Getting sessions for user:email...
2025-11-15 01:29:25.681 [info] Got 1 sessions for user:email...
2025-11-15 01:35:16.751 [info] Getting sessions for read:user,repo,user:email,workflow...
2025-11-15 01:35:16.752 [info] Got 0 sessions for read:user,repo,user:email,workflow...
2025-11-15 01:35:16.754 [info] Getting sessions for read:user...
2025-11-15 01:35:16.754 [info] Got 0 sessions for read:user...
2025-11-15 01:35:16.755 [info] Getting sessions for user:email...
2025-11-15 01:35:16.755 [info] Got 1 sessions for user:email...
2025-11-15 01:35:19.228 [info] Getting sessions for read:user,repo,user:email,workflow...
2025-11-15 01:35:19.228 [info] Got 0 sessions for read:user,repo,user:email,workflow...
2025-11-15 01:35:19.229 [info] Getting sessions for read:user...
2025-11-15 01:35:19.229 [info] Got 0 sessions for read:user...
2025-11-15 01:35:19.230 [info] Getting sessions for user:email...
2025-11-15 01:35:19.230 [info] Got 1 sessions for user:email...
2025-11-15 01:35:21.087 [info] Getting sessions for read:user,repo,user:email,workflow...
2025-11-15 01:35:21.087 [info] Got 0 sessions for read:user,repo,user:email,workflow...
2025-11-15 01:35:21.088 [info] Getting sessions for read:user...
2025-11-15 01:35:21.088 [info] Got 0 sessions for read:user...
2025-11-15 01:35:21.091 [info] Getting sessions for user:email...
2025-11-15 01:35:21.091 [info] Got 1 sessions for user:email...
2025-11-15 01:35:22.391 [info] Getting sessions for read:user,repo,user:email,workflow...
2025-11-15 01:35:22.391 [info] Got 0 sessions for read:user,repo,user:email,workflow...
2025-11-15 01:35:22.392 [info] Getting sessions for read:user...
2025-11-15 01:35:22.392 [info] Got 0 sessions for read:user...
2025-11-15 01:35:22.392 [info] Getting sessions for user:email...
2025-11-15 01:35:22.393 [info] Got 1 sessions for user:email...
2025-11-15 01:35:23.064 [info] Getting sessions for read:user,repo,user:email,workflow...
2025-11-15 01:35:23.064 [info] Got 0 sessions for read:user,repo,user:email,workflow...
2025-11-15 01:35:23.064 [info] Getting sessions for read:user...
2025-11-15 01:35:23.064 [info] Got 0 sessions for read:user...
2025-11-15 01:35:23.065 [info] Getting sessions for user:email...
2025-11-15 01:35:23.065 [info] Got 1 sessions for user:email...
2025-11-15 01:35:25.587 [info] Getting sessions for read:user,repo,user:email,workflow...
2025-11-15 01:35:25.587 [info] Got 0 sessions for read:user,repo,user:email,workflow...
2025-11-15 01:35:25.587 [info] Getting sessions for read:user...
2025-11-15 01:35:25.587 [info] Got 0 sessions for read:user...
2025-11-15 01:35:25.588 [info] Getting sessions for user:email...
2025-11-15 01:35:25.588 [info] Got 1 sessions for user:email...
2025-11-15 01:36:13.245 [info] Getting sessions for read:user,repo,user:email,workflow...
2025-11-15 01:36:13.245 [info] Got 0 sessions for read:user,repo,user:email,workflow...
2025-11-15 01:36:13.246 [info] Getting sessions for read:user...
2025-11-15 01:36:13.246 [info] Got 0 sessions for read:user...
2025-11-15 01:36:13.247 [info] Getting sessions for user:email...
2025-11-15 01:36:13.247 [info] Got 1 sessions for user:email...
2025-11-15 01:37:53.762 [info] Getting sessions for read:user,repo,user:email,workflow...
2025-11-15 01:37:53.762 [info] Got 0 sessions for read:user,repo,user:email,workflow...
2025-11-15 01:37:53.763 [info] Getting sessions for read:user...
2025-11-15 01:37:53.763 [info] Got 0 sessions for read:user...
2025-11-15 01:37:53.764 [info] Getting sessions for user:email...
2025-11-15 01:37:53.764 [info] Got 1 sessions for user:email...
