2025-11-12 18:18:17.378 [info] [main] Log level: Info
2025-11-12 18:18:17.379 [info] [main] Validating found git in: "git"
2025-11-12 18:18:17.379 [info] [main] Using git "2.51.2" from "git"
2025-11-12 18:18:17.379 [info] [Model][doInitialScan] Initial repository scan started
2025-11-12 18:18:17.379 [info] > git rev-parse --show-toplevel [4ms]
2025-11-12 18:18:17.379 [info] fatal: not a git repository (or any parent up to mount point /)
Stopping at filesystem boundary (GIT_DISCOVERY_ACROSS_FILESYSTEM not set).
2025-11-12 18:18:17.379 [info] > git rev-parse --show-toplevel [3ms]
2025-11-12 18:18:17.379 [info] > git rev-parse --git-dir --git-common-dir --show-superproject-working-tree [4ms]
2025-11-12 18:18:17.379 [info] [Model][openRepository] Opened repository (path): /home/user/repos/weather_predictor
2025-11-12 18:18:17.379 [info] [Model][openRepository] Opened repository (real path): /home/user/repos/weather_predictor
2025-11-12 18:18:17.379 [info] [Model][openRepository] Opened repository (kind): repository
2025-11-12 18:18:17.379 [info] > git config --get commit.template [42ms]
2025-11-12 18:18:17.379 [info] > git rev-parse --show-toplevel [36ms]
2025-11-12 18:18:17.379 [info] fatal: not a git repository (or any parent up to mount point /)
Stopping at filesystem boundary (GIT_DISCOVERY_ACROSS_FILESYSTEM not set).
2025-11-12 18:18:17.385 [info] > git rev-parse --show-toplevel [1ms]
2025-11-12 18:18:17.385 [info] fatal: not a git repository (or any parent up to mount point /)
Stopping at filesystem boundary (GIT_DISCOVERY_ACROSS_FILESYSTEM not set).
2025-11-12 18:18:17.385 [info] > git for-each-ref --format=%(refname)%00%(upstream:short)%00%(objectname)%00%(upstream:track)%00%(upstream:remotename)%00%(upstream:remoteref) refs/heads/main refs/remotes/main [7ms]
2025-11-12 18:18:17.408 [info] > git status -z -uall [16ms]
2025-11-12 18:18:17.408 [info] > git for-each-ref --sort -committerdate --format %(refname)%00%(objectname)%00%(*objectname) [9ms]
2025-11-12 18:18:17.443 [info] > git for-each-ref --format=%(refname)%00%(upstream:short)%00%(objectname)%00%(upstream:track)%00%(upstream:remotename)%00%(upstream:remoteref) refs/heads/main refs/remotes/main [7ms]
2025-11-12 18:18:17.450 [info] > git rev-parse --show-toplevel [43ms]
2025-11-12 18:18:20.266 [info] > git config --get --local branch.main.vscode-merge-base [2816ms]
2025-11-12 18:18:20.266 [warning] [Git][config] git config failed: Failed to execute git
2025-11-12 18:18:20.272 [info] > git config --get commit.template [2830ms]
2025-11-12 18:18:20.430 [info] > git check-ignore -v -z --stdin [150ms]
2025-11-12 18:18:20.432 [info] > git reflog main --grep-reflog=branch: Created from *. [160ms]
2025-11-12 18:18:20.438 [info] > git rev-parse --git-dir --git-common-dir --show-superproject-working-tree [175ms]
2025-11-12 18:18:20.443 [info] [Model][openRepository] Opened repository (path): /home/user/repos/my_test
2025-11-12 18:18:20.443 [info] [Model][openRepository] Opened repository (real path): /home/user/repos/my_test
2025-11-12 18:18:20.443 [info] [Model][openRepository] Opened repository (kind): repository
2025-11-12 18:18:20.576 [info] > git reflog HEAD --grep-reflog=checkout: moving from .* to main [138ms]
2025-11-12 18:18:20.595 [info] > git for-each-ref --format=%(refname)%00%(upstream:short)%00%(objectname)%00%(upstream:track)%00%(upstream:remotename)%00%(upstream:remoteref) refs/heads/dev refs/remotes/dev [11ms]
2025-11-12 18:18:20.603 [info] > git rev-parse --show-toplevel [72ms]
2025-11-12 18:18:20.604 [info] > git config --get commit.template [79ms]
2025-11-12 18:18:20.604 [info] > git for-each-ref --format=%(refname)%00%(upstream:short)%00%(objectname)%00%(upstream:track)%00%(upstream:remotename)%00%(upstream:remoteref) refs/heads/main refs/remotes/main [86ms]
2025-11-12 18:18:20.851 [info] > git status -z -uall [241ms]
2025-11-12 18:18:20.852 [info] > git for-each-ref --sort -committerdate --format %(refname)%00%(objectname)%00%(*objectname) [234ms]
2025-11-12 18:18:20.855 [info] > git symbolic-ref --short refs/remotes/origin/HEAD [252ms]
2025-11-12 18:18:20.855 [info] fatal: ref refs/remotes/origin/HEAD is not a symbolic ref
2025-11-12 18:18:20.855 [warning] [Repository][getDefaultBranch] Failed to get default branch details: Failed to execute git.
2025-11-12 18:18:20.929 [info] > git rev-parse --git-dir --git-common-dir --show-superproject-working-tree [94ms]
2025-11-12 18:18:20.934 [info] [Model][openRepository] Opened repository (path): /home/user/repos/test_repository
2025-11-12 18:18:20.935 [info] [Model][openRepository] Opened repository (real path): /home/user/repos/test_repository
2025-11-12 18:18:20.935 [info] [Model][openRepository] Opened repository (kind): repository
2025-11-12 18:18:21.441 [info] > git for-each-ref --format=%(refname)%00%(upstream:short)%00%(objectname)%00%(upstream:track)%00%(upstream:remotename)%00%(upstream:remoteref) refs/heads/main refs/remotes/main [524ms]
2025-11-12 18:18:21.491 [info] > git status -z -uall [42ms]
2025-11-12 18:18:21.491 [info] > git check-ignore -v -z --stdin [27ms]
2025-11-12 18:18:21.492 [info] > git check-ignore -v -z --stdin [21ms]
2025-11-12 18:18:21.492 [info] > git for-each-ref --sort -committerdate --format %(refname)%00%(objectname)%00%(*objectname) [36ms]
2025-11-12 18:18:21.504 [info] > git rev-parse --show-toplevel [96ms]
2025-11-12 18:18:21.504 [info] fatal: not a git repository (or any parent up to mount point /)
Stopping at filesystem boundary (GIT_DISCOVERY_ACROSS_FILESYSTEM not set).
2025-11-12 18:18:21.505 [info] > git config --get commit.template [102ms]
2025-11-12 18:18:21.607 [info] > git for-each-ref --format=%(refname)%00%(upstream:short)%00%(objectname)%00%(upstream:track)%00%(upstream:remotename)%00%(upstream:remoteref) refs/heads/main refs/remotes/main [104ms]
2025-11-12 18:18:21.640 [info] > git config --get --local branch.main.vscode-merge-base [24ms]
2025-11-12 18:18:21.649 [info] > git rev-parse --show-toplevel [43ms]
2025-11-12 18:18:21.649 [info] fatal: not a git repository (or any parent up to mount point /)
Stopping at filesystem boundary (GIT_DISCOVERY_ACROSS_FILESYSTEM not set).
2025-11-12 18:18:21.649 [info] > git config --get commit.template [51ms]
2025-11-12 18:18:21.662 [info] > git for-each-ref --format=%(refname)%00%(upstream:short)%00%(objectname)%00%(upstream:track)%00%(upstream:remotename)%00%(upstream:remoteref) refs/heads/origin/main refs/remotes/origin/main [13ms]
2025-11-12 18:18:21.663 [info] > git for-each-ref --format=%(refname)%00%(upstream:short)%00%(objectname)%00%(upstream:track)%00%(upstream:remotename)%00%(upstream:remoteref) refs/heads/main refs/remotes/main [29ms]
2025-11-12 18:18:21.681 [warning] [Git][revParse] Unable to read file: ENOENT: no such file or directory, open '/home/user/repos/test_repository/.git/refs/remotes/origin/main'
2025-11-12 18:18:21.682 [info] > git rev-parse --show-toplevel [21ms]
2025-11-12 18:18:21.696 [info] > git rev-parse refs/remotes/origin/main [15ms]
2025-11-12 18:18:21.714 [info] > git for-each-ref --format=%(refname)%00%(upstream:short)%00%(objectname)%00%(upstream:track)%00%(upstream:remotename)%00%(upstream:remoteref) refs/heads/main refs/remotes/main [41ms]
2025-11-12 18:18:21.738 [info] > git status -z -uall [34ms]
2025-11-12 18:18:21.738 [info] > git status -z -uall [17ms]
2025-11-12 18:18:21.738 [info] > git for-each-ref --sort -committerdate --format %(refname)%00%(objectname)%00%(*objectname) [10ms]
2025-11-12 18:18:21.740 [info] > git for-each-ref --sort -committerdate --format %(refname)%00%(objectname)%00%(*objectname) [27ms]
2025-11-12 18:18:21.752 [info] > git rev-parse --git-dir --git-common-dir --show-superproject-working-tree [57ms]
2025-11-12 18:18:21.756 [info] [Model][openRepository] Opened repository (path): /home/user/repos/xss-shop
2025-11-12 18:18:21.756 [info] [Model][openRepository] Opened repository (real path): /home/user/repos/xss-shop
2025-11-12 18:18:21.756 [info] [Model][openRepository] Opened repository (kind): repository
2025-11-12 18:18:21.758 [info] [Model][doInitialScan] Initial repository scan completed - repositories (4), closed repositories (0), parent repositories (0), unsafe repositories (0)
2025-11-12 18:18:21.803 [info] > git show --textconv :main.py [36ms]
2025-11-12 18:18:21.803 [info] > git ls-files --stage -- main.py [27ms]
2025-11-12 18:18:21.812 [info] > git for-each-ref --format=%(refname)%00%(upstream:short)%00%(objectname)%00%(upstream:track)%00%(upstream:remotename)%00%(upstream:remoteref) refs/heads/main refs/remotes/main [61ms]
2025-11-12 18:18:21.838 [info] > git config --get --local branch.main.vscode-merge-base [18ms]
2025-11-12 18:18:21.847 [info] > git cat-file -s 8b4ed8c34135bbeb1e39dd251da0baea6f097fd6 [36ms]
2025-11-12 18:18:21.848 [info] > git rev-parse --show-toplevel [46ms]
2025-11-12 18:18:21.848 [info] fatal: not a git repository (or any parent up to mount point /)
Stopping at filesystem boundary (GIT_DISCOVERY_ACROSS_FILESYSTEM not set).
2025-11-12 18:18:21.848 [info] > git config --get commit.template [55ms]
2025-11-12 18:18:21.848 [info] > git config --get commit.template [63ms]
2025-11-12 18:18:21.874 [info] > git for-each-ref --format=%(refname)%00%(upstream:short)%00%(objectname)%00%(upstream:track)%00%(upstream:remotename)%00%(upstream:remoteref) refs/heads/origin/main refs/remotes/origin/main [26ms]
2025-11-12 18:18:21.902 [info] > git merge-base refs/heads/main refs/remotes/origin/main [18ms]
2025-11-12 18:18:21.909 [info] > git rev-parse --show-toplevel [37ms]
2025-11-12 18:18:21.909 [info] fatal: not a git repository (or any parent up to mount point /)
Stopping at filesystem boundary (GIT_DISCOVERY_ACROSS_FILESYSTEM not set).
2025-11-12 18:18:21.910 [info] > git blame --root --incremental 9582efe30ffab3f853d593a01d44403d3c0d2c2a -- main.py [47ms]
2025-11-12 18:18:21.927 [info] > git diff --name-status -z --diff-filter=ADMR c5711b66ad5e152a05fb6fbbd78abe531e7248e2...refs/remotes/origin/main [18ms]
2025-11-12 18:18:21.927 [info] > git for-each-ref --format=%(refname)%00%(upstream:short)%00%(objectname)%00%(upstream:track)%00%(upstream:remotename)%00%(upstream:remoteref) refs/heads/master refs/remotes/master [26ms]
2025-11-12 18:18:21.927 [info] > git for-each-ref --format=%(refname)%00%(upstream:short)%00%(objectname)%00%(upstream:track)%00%(upstream:remotename)%00%(upstream:remoteref) refs/heads/main refs/remotes/main [34ms]
2025-11-12 18:18:21.937 [warning] [Git][revParse] Unable to read file: ENOENT: no such file or directory, open '/home/user/repos/xss-shop/.git/refs/remotes/origin/master'
2025-11-12 18:18:21.946 [warning] [Git][revParse] Unable to read file: ENOENT: no such file or directory, open '/home/user/repos/test_repository/.git/refs/remotes/origin/main'
2025-11-12 18:18:21.946 [info] > git rev-parse --show-toplevel [20ms]
2025-11-12 18:18:21.946 [info] fatal: not a git repository (or any parent up to mount point /)
Stopping at filesystem boundary (GIT_DISCOVERY_ACROSS_FILESYSTEM not set).
2025-11-12 18:18:21.956 [info] > git rev-parse refs/remotes/origin/main [11ms]
2025-11-12 18:18:21.975 [info] > git rev-parse refs/remotes/origin/master [37ms]
2025-11-12 18:18:21.992 [info] > git status -z -uall [25ms]
2025-11-12 18:18:21.992 [info] > git status -z -uall [10ms]
2025-11-12 18:18:21.992 [info] > git for-each-ref --sort -committerdate --format %(refname)%00%(objectname)%00%(*objectname) [2ms]
2025-11-12 18:18:22.005 [info] > git for-each-ref --sort -committerdate --format %(refname)%00%(objectname)%00%(*objectname) [31ms]
2025-11-12 18:18:22.008 [info] > git rev-parse --show-toplevel [54ms]
2025-11-12 18:18:22.008 [info] fatal: not a git repository (or any parent up to mount point /)
Stopping at filesystem boundary (GIT_DISCOVERY_ACROSS_FILESYSTEM not set).
2025-11-12 18:18:22.025 [info] > git for-each-ref --format=%(refname)%00%(upstream:short)%00%(objectname)%00%(upstream:track)%00%(upstream:remotename)%00%(upstream:remoteref) refs/heads/master refs/remotes/master [21ms]
2025-11-12 18:18:22.041 [info] > git config --get --local branch.master.vscode-merge-base [7ms]
2025-11-12 18:18:22.048 [info] > git rev-parse --show-toplevel [23ms]
2025-11-12 18:18:22.048 [info] fatal: not a git repository (or any parent up to mount point /)
Stopping at filesystem boundary (GIT_DISCOVERY_ACROSS_FILESYSTEM not set).
2025-11-12 18:18:22.048 [info] > git config --get commit.template [30ms]
2025-11-12 18:18:22.050 [info] > git for-each-ref --format=%(refname)%00%(upstream:short)%00%(objectname)%00%(upstream:track)%00%(upstream:remotename)%00%(upstream:remoteref) refs/heads/origin/master refs/remotes/origin/master [2ms]
2025-11-12 18:18:22.067 [info] > git merge-base refs/heads/master refs/remotes/origin/master [9ms]
2025-11-12 18:18:22.079 [info] > git diff --name-status -z --diff-filter=ADMR 9d8d421c8527678bba71e07749d36202b94cac0f...refs/remotes/origin/master [4ms]
2025-11-12 18:18:22.080 [info] > git for-each-ref --format=%(refname)%00%(upstream:short)%00%(objectname)%00%(upstream:track)%00%(upstream:remotename)%00%(upstream:remoteref) refs/heads/master refs/remotes/master [14ms]
2025-11-12 18:18:22.088 [warning] [Git][revParse] Unable to read file: ENOENT: no such file or directory, open '/home/user/repos/xss-shop/.git/refs/remotes/origin/master'
2025-11-12 18:18:22.089 [info] > git rev-parse refs/remotes/origin/master [2ms]
2025-11-12 18:18:22.248 [info] > git status -z -uall [152ms]
2025-11-12 18:18:22.248 [info] > git for-each-ref --sort -committerdate --format %(refname)%00%(objectname)%00%(*objectname) [145ms]
2025-11-12 18:18:22.402 [info] > git check-ignore -v -z --stdin [30ms]
2025-11-12 18:18:22.403 [info] > git check-ignore -v -z --stdin [17ms]
2025-11-12 18:18:22.403 [info] > git check-ignore -v -z --stdin [9ms]
2025-11-12 18:18:22.403 [info] > git check-ignore -v -z --stdin [3ms]
2025-11-12 18:18:22.699 [info] > git config --get commit.template [1ms]
2025-11-12 18:18:22.708 [info] > git for-each-ref --format=%(refname)%00%(upstream:short)%00%(objectname)%00%(upstream:track)%00%(upstream:remotename)%00%(upstream:remoteref) refs/heads/main refs/remotes/main [1ms]
2025-11-12 18:18:22.725 [info] > git status -z -uall [10ms]
2025-11-12 18:18:22.726 [info] > git for-each-ref --sort -committerdate --format %(refname)%00%(objectname)%00%(*objectname) [2ms]
2025-11-12 18:18:50.568 [info] > git config --get commit.template [11ms]
2025-11-12 18:18:50.568 [info] > git for-each-ref --format=%(refname)%00%(upstream:short)%00%(objectname)%00%(upstream:track)%00%(upstream:remotename)%00%(upstream:remoteref) refs/heads/main refs/remotes/main [1ms]
2025-11-12 18:18:50.591 [info] > git status -z -uall [12ms]
2025-11-12 18:18:50.592 [info] > git for-each-ref --sort -committerdate --format %(refname)%00%(objectname)%00%(*objectname) [2ms]
2025-11-12 18:19:06.261 [info] > git config --get commit.template [2ms]
2025-11-12 18:19:06.279 [info] > git for-each-ref --format=%(refname)%00%(upstream:short)%00%(objectname)%00%(upstream:track)%00%(upstream:remotename)%00%(upstream:remoteref) refs/heads/main refs/remotes/main [4ms]
2025-11-12 18:19:06.301 [info] > git status -z -uall [11ms]
2025-11-12 18:19:06.302 [info] > git for-each-ref --sort -committerdate --format %(refname)%00%(objectname)%00%(*objectname) [2ms]
2025-11-12 18:19:11.158 [info] > git show --textconv :back/predictor.py [27ms]
2025-11-12 18:19:11.158 [info] > git ls-files --stage -- back/predictor.py [6ms]
2025-11-12 18:19:11.188 [info] > git cat-file -s 4deea5661ab2471b15a504ed139bb251ecfcd57d [6ms]
2025-11-12 18:19:11.266 [info] > git blame --root --incremental 9582efe30ffab3f853d593a01d44403d3c0d2c2a -- back/predictor.py [9ms]
2025-11-12 18:19:15.396 [info] > git config --get commit.template [6ms]
2025-11-12 18:19:15.397 [info] > git for-each-ref --format=%(refname)%00%(upstream:short)%00%(objectname)%00%(upstream:track)%00%(upstream:remotename)%00%(upstream:remoteref) refs/heads/main refs/remotes/main [1ms]
2025-11-12 18:19:15.409 [info] > git status -z -uall [7ms]
2025-11-12 18:19:15.410 [info] > git for-each-ref --sort -committerdate --format %(refname)%00%(objectname)%00%(*objectname) [2ms]
2025-11-12 18:19:23.724 [info] > git config --get commit.template [8ms]
2025-11-12 18:19:23.725 [info] > git for-each-ref --format=%(refname)%00%(upstream:short)%00%(objectname)%00%(upstream:track)%00%(upstream:remotename)%00%(upstream:remoteref) refs/heads/main refs/remotes/main [1ms]
2025-11-12 18:19:23.740 [info] > git status -z -uall [8ms]
2025-11-12 18:19:23.741 [info] > git for-each-ref --sort -committerdate --format %(refname)%00%(objectname)%00%(*objectname) [2ms]
2025-11-12 18:20:08.116 [info] > git config --get commit.template [10ms]
2025-11-12 18:20:08.116 [info] > git for-each-ref --format=%(refname)%00%(upstream:short)%00%(objectname)%00%(upstream:track)%00%(upstream:remotename)%00%(upstream:remoteref) refs/heads/main refs/remotes/main [1ms]
2025-11-12 18:20:08.134 [info] > git status -z -uall [9ms]
2025-11-12 18:20:08.135 [info] > git for-each-ref --sort -committerdate --format %(refname)%00%(objectname)%00%(*objectname) [1ms]
2025-11-12 18:21:48.945 [info] > git config --get commit.template [2ms]
2025-11-12 18:21:48.952 [info] > git for-each-ref --format=%(refname)%00%(upstream:short)%00%(objectname)%00%(upstream:track)%00%(upstream:remotename)%00%(upstream:remoteref) refs/heads/main refs/remotes/main [1ms]
2025-11-12 18:21:48.967 [info] > git status -z -uall [8ms]
2025-11-12 18:21:48.968 [info] > git for-each-ref --sort -committerdate --format %(refname)%00%(objectname)%00%(*objectname) [1ms]
2025-11-12 18:21:57.112 [info] > git config --get commit.template [7ms]
2025-11-12 18:21:57.112 [info] > git for-each-ref --format=%(refname)%00%(upstream:short)%00%(objectname)%00%(upstream:track)%00%(upstream:remotename)%00%(upstream:remoteref) refs/heads/main refs/remotes/main [1ms]
2025-11-12 18:21:57.125 [info] > git status -z -uall [7ms]
2025-11-12 18:21:57.126 [info] > git for-each-ref --sort -committerdate --format %(refname)%00%(objectname)%00%(*objectname) [1ms]
2025-11-12 18:22:07.934 [info] > git config --get commit.template [8ms]
2025-11-12 18:22:07.934 [info] > git for-each-ref --format=%(refname)%00%(upstream:short)%00%(objectname)%00%(upstream:track)%00%(upstream:remotename)%00%(upstream:remoteref) refs/heads/main refs/remotes/main [1ms]
2025-11-12 18:22:07.948 [info] > git status -z -uall [7ms]
2025-11-12 18:22:07.949 [info] > git for-each-ref --sort -committerdate --format %(refname)%00%(objectname)%00%(*objectname) [1ms]
2025-11-12 18:23:52.233 [info] > git show --textconv :back/predictor.py [12ms]
2025-11-12 18:23:52.237 [info] > git ls-files --stage -- back/predictor.py [5ms]
2025-11-12 18:23:52.249 [info] > git cat-file -s 4deea5661ab2471b15a504ed139bb251ecfcd57d [2ms]
2025-11-12 18:24:20.163 [info] > git config --get commit.template [10ms]
2025-11-12 18:24:20.164 [info] > git for-each-ref --format=%(refname)%00%(upstream:short)%00%(objectname)%00%(upstream:track)%00%(upstream:remotename)%00%(upstream:remoteref) refs/heads/main refs/remotes/main [2ms]
2025-11-12 18:24:20.181 [info] > git status -z -uall [9ms]
2025-11-12 18:24:20.182 [info] > git for-each-ref --sort -committerdate --format %(refname)%00%(objectname)%00%(*objectname) [2ms]
2025-11-12 18:24:41.266 [info] > git config --get commit.template [7ms]
2025-11-12 18:24:41.266 [info] > git for-each-ref --format=%(refname)%00%(upstream:short)%00%(objectname)%00%(upstream:track)%00%(upstream:remotename)%00%(upstream:remoteref) refs/heads/main refs/remotes/main [1ms]
2025-11-12 18:24:41.279 [info] > git status -z -uall [7ms]
2025-11-12 18:24:41.280 [info] > git for-each-ref --sort -committerdate --format %(refname)%00%(objectname)%00%(*objectname) [1ms]
2025-11-12 18:24:46.299 [info] > git config --get commit.template [7ms]
2025-11-12 18:24:46.300 [info] > git for-each-ref --format=%(refname)%00%(upstream:short)%00%(objectname)%00%(upstream:track)%00%(upstream:remotename)%00%(upstream:remoteref) refs/heads/main refs/remotes/main [1ms]
2025-11-12 18:24:46.312 [info] > git status -z -uall [7ms]
2025-11-12 18:24:46.313 [info] > git for-each-ref --sort -committerdate --format %(refname)%00%(objectname)%00%(*objectname) [1ms]
2025-11-12 18:24:51.333 [info] > git config --get commit.template [8ms]
2025-11-12 18:24:51.333 [info] > git for-each-ref --format=%(refname)%00%(upstream:short)%00%(objectname)%00%(upstream:track)%00%(upstream:remotename)%00%(upstream:remoteref) refs/heads/main refs/remotes/main [1ms]
2025-11-12 18:24:51.348 [info] > git status -z -uall [8ms]
2025-11-12 18:24:51.348 [info] > git for-each-ref --sort -committerdate --format %(refname)%00%(objectname)%00%(*objectname) [1ms]
2025-11-12 18:25:02.800 [info] > git config --get commit.template [2ms]
2025-11-12 18:25:02.809 [info] > git for-each-ref --format=%(refname)%00%(upstream:short)%00%(objectname)%00%(upstream:track)%00%(upstream:remotename)%00%(upstream:remoteref) refs/heads/main refs/remotes/main [1ms]
2025-11-12 18:25:02.824 [info] > git status -z -uall [8ms]
2025-11-12 18:25:02.824 [info] > git for-each-ref --sort -committerdate --format %(refname)%00%(objectname)%00%(*objectname) [1ms]
2025-11-12 18:25:03.165 [info] > git show --textconv HEAD:main.py [10ms]
2025-11-12 18:25:03.166 [info] > git ls-tree -l HEAD -- main.py [2ms]
2025-11-12 18:25:03.865 [info] > git config --get commit.template [2ms]
2025-11-12 18:25:03.874 [info] > git for-each-ref --format=%(refname)%00%(upstream:short)%00%(objectname)%00%(upstream:track)%00%(upstream:remotename)%00%(upstream:remoteref) refs/heads/main refs/remotes/main [1ms]
2025-11-12 18:25:03.888 [info] > git status -z -uall [8ms]
2025-11-12 18:25:03.889 [info] > git for-each-ref --sort -committerdate --format %(refname)%00%(objectname)%00%(*objectname) [2ms]
2025-11-12 18:25:03.969 [info] > git ls-files --stage -- main.py [8ms]
2025-11-12 18:25:03.977 [info] > git ls-tree -l HEAD -- main.py [8ms]
2025-11-12 18:25:03.978 [info] > git cat-file -s ace682d4443f08e0939e219b2cf25a76746e9641 [2ms]
2025-11-12 18:25:03.995 [info] > git show --textconv HEAD:main.py [8ms]
2025-11-12 18:25:03.997 [info] > git show --textconv :main.py [2ms]
2025-11-12 18:25:04.813 [info] > git config --get commit.template [2ms]
2025-11-12 18:25:04.823 [info] > git for-each-ref --format=%(refname)%00%(upstream:short)%00%(objectname)%00%(upstream:track)%00%(upstream:remotename)%00%(upstream:remoteref) refs/heads/main refs/remotes/main [1ms]
2025-11-12 18:25:04.838 [info] > git status -z -uall [8ms]
2025-11-12 18:25:04.839 [info] > git for-each-ref --sort -committerdate --format %(refname)%00%(objectname)%00%(*objectname) [2ms]
2025-11-12 18:25:06.031 [info] > git ls-files --stage -- main.py [8ms]
2025-11-12 18:25:06.038 [info] > git ls-tree -l HEAD -- main.py [8ms]
2025-11-12 18:25:06.038 [info] > git cat-file -s ace682d4443f08e0939e219b2cf25a76746e9641 [1ms]
2025-11-12 18:25:06.054 [info] > git show --textconv HEAD:main.py [7ms]
2025-11-12 18:25:06.055 [info] > git show --textconv :main.py [1ms]
2025-11-12 18:25:08.910 [info] > git config --get commit.template [9ms]
2025-11-12 18:25:08.910 [info] > git for-each-ref --format=%(refname)%00%(upstream:short)%00%(objectname)%00%(upstream:track)%00%(upstream:remotename)%00%(upstream:remoteref) refs/heads/main refs/remotes/main [1ms]
2025-11-12 18:25:08.926 [info] > git status -z -uall [8ms]
2025-11-12 18:25:08.927 [info] > git for-each-ref --sort -committerdate --format %(refname)%00%(objectname)%00%(*objectname) [2ms]
2025-11-12 18:25:49.534 [info] > git config --get commit.template [3ms]
2025-11-12 18:25:49.547 [info] > git for-each-ref --format=%(refname)%00%(upstream:short)%00%(objectname)%00%(upstream:track)%00%(upstream:remotename)%00%(upstream:remoteref) refs/heads/main refs/remotes/main [2ms]
2025-11-12 18:25:49.576 [info] > git status -z -uall [16ms]
2025-11-12 18:25:49.577 [info] > git for-each-ref --sort -committerdate --format %(refname)%00%(objectname)%00%(*objectname) [5ms]
2025-11-12 18:25:50.699 [info] > git ls-files --stage -- main.py [1ms]
2025-11-12 18:25:50.709 [info] > git cat-file -s ace682d4443f08e0939e219b2cf25a76746e9641 [1ms]
2025-11-12 18:25:50.730 [info] > git show --textconv :main.py [2ms]
2025-11-12 18:25:54.831 [info] > git config --get commit.template [1ms]
2025-11-12 18:25:54.842 [info] > git for-each-ref --format=%(refname)%00%(upstream:short)%00%(objectname)%00%(upstream:track)%00%(upstream:remotename)%00%(upstream:remoteref) refs/heads/main refs/remotes/main [1ms]
2025-11-12 18:25:54.858 [info] > git status -z -uall [8ms]
2025-11-12 18:25:54.859 [info] > git for-each-ref --sort -committerdate --format %(refname)%00%(objectname)%00%(*objectname) [1ms]
2025-11-12 18:26:19.787 [info] > git config --get commit.template [1ms]
2025-11-12 18:26:19.794 [info] > git for-each-ref --format=%(refname)%00%(upstream:short)%00%(objectname)%00%(upstream:track)%00%(upstream:remotename)%00%(upstream:remoteref) refs/heads/main refs/remotes/main [1ms]
2025-11-12 18:26:19.806 [info] > git status -z -uall [7ms]
2025-11-12 18:26:19.807 [info] > git for-each-ref --sort -committerdate --format %(refname)%00%(objectname)%00%(*objectname) [2ms]
2025-11-12 18:27:46.941 [info] > git rev-parse --show-toplevel [2ms]
2025-11-12 18:27:46.941 [info] fatal: not a git repository (or any parent up to mount point /)
Stopping at filesystem boundary (GIT_DISCOVERY_ACROSS_FILESYSTEM not set).
2025-11-12 18:27:51.427 [info] > git rev-parse --show-toplevel [2ms]
2025-11-12 18:27:51.427 [info] fatal: not a git repository (or any parent up to mount point /)
Stopping at filesystem boundary (GIT_DISCOVERY_ACROSS_FILESYSTEM not set).
2025-11-12 18:28:04.759 [info] > git rev-parse --show-toplevel [2ms]
2025-11-12 18:28:04.759 [info] fatal: not a git repository (or any parent up to mount point /)
Stopping at filesystem boundary (GIT_DISCOVERY_ACROSS_FILESYSTEM not set).
2025-11-12 18:29:10.136 [info] > git config --get commit.template [7ms]
2025-11-12 18:29:10.137 [info] > git for-each-ref --format=%(refname)%00%(upstream:short)%00%(objectname)%00%(upstream:track)%00%(upstream:remotename)%00%(upstream:remoteref) refs/heads/main refs/remotes/main [1ms]
2025-11-12 18:29:10.149 [info] > git status -z -uall [6ms]
2025-11-12 18:29:10.150 [info] > git for-each-ref --sort -committerdate --format %(refname)%00%(objectname)%00%(*objectname) [1ms]
2025-11-12 18:30:18.349 [info] > git blame --root --incremental bef45b03ad51d34d5601e014a5c0345fe36a8c72 -- main.py [5ms]
2025-11-12 18:31:48.169 [info] > git config --get commit.template [11ms]
2025-11-12 18:31:48.169 [info] > git for-each-ref --format=%(refname)%00%(upstream:short)%00%(objectname)%00%(upstream:track)%00%(upstream:remotename)%00%(upstream:remoteref) refs/heads/main refs/remotes/main [1ms]
2025-11-12 18:31:48.185 [info] > git status -z -uall [8ms]
2025-11-12 18:31:48.186 [info] > git for-each-ref --sort -committerdate --format %(refname)%00%(objectname)%00%(*objectname) [1ms]
2025-11-12 18:33:21.494 [info] > git config --get commit.template [10ms]
2025-11-12 18:33:21.495 [info] > git for-each-ref --format=%(refname)%00%(upstream:short)%00%(objectname)%00%(upstream:track)%00%(upstream:remotename)%00%(upstream:remoteref) refs/heads/main refs/remotes/main [1ms]
2025-11-12 18:33:21.511 [info] > git status -z -uall [9ms]
2025-11-12 18:33:21.511 [info] > git for-each-ref --sort -committerdate --format %(refname)%00%(objectname)%00%(*objectname) [1ms]
2025-11-12 18:35:52.438 [info] > git config --get commit.template [7ms]
2025-11-12 18:35:52.439 [info] > git for-each-ref --format=%(refname)%00%(upstream:short)%00%(objectname)%00%(upstream:track)%00%(upstream:remotename)%00%(upstream:remoteref) refs/heads/main refs/remotes/main [1ms]
2025-11-12 18:35:52.454 [info] > git status -z -uall [8ms]
2025-11-12 18:35:52.455 [info] > git for-each-ref --sort -committerdate --format %(refname)%00%(objectname)%00%(*objectname) [1ms]
2025-11-12 18:36:12.994 [info] > git config --get commit.template [9ms]
2025-11-12 18:36:12.995 [info] > git for-each-ref --format=%(refname)%00%(upstream:short)%00%(objectname)%00%(upstream:track)%00%(upstream:remotename)%00%(upstream:remoteref) refs/heads/main refs/remotes/main [2ms]
2025-11-12 18:36:13.013 [info] > git status -z -uall [10ms]
2025-11-12 18:36:13.014 [info] > git for-each-ref --sort -committerdate --format %(refname)%00%(objectname)%00%(*objectname) [2ms]
2025-11-12 18:36:18.030 [info] > git config --get commit.template [7ms]
2025-11-12 18:36:18.031 [info] > git for-each-ref --format=%(refname)%00%(upstream:short)%00%(objectname)%00%(upstream:track)%00%(upstream:remotename)%00%(upstream:remoteref) refs/heads/main refs/remotes/main [2ms]
2025-11-12 18:36:18.043 [info] > git status -z -uall [6ms]
2025-11-12 18:36:18.044 [info] > git for-each-ref --sort -committerdate --format %(refname)%00%(objectname)%00%(*objectname) [1ms]
2025-11-12 18:38:04.614 [info] > git for-each-ref --format=%(refname)%00%(upstream:short)%00%(objectname)%00%(upstream:track)%00%(upstream:remotename)%00%(upstream:remoteref) refs/heads/main refs/remotes/main [2ms]
2025-11-12 18:38:04.615 [info] > git config --get commit.template [12ms]
2025-11-12 18:38:04.633 [info] > git status -z -uall [10ms]
2025-11-12 18:38:04.634 [info] > git for-each-ref --sort -committerdate --format %(refname)%00%(objectname)%00%(*objectname) [1ms]
2025-11-12 18:38:16.470 [info] > git config --get commit.template [9ms]
2025-11-12 18:38:16.470 [info] > git for-each-ref --format=%(refname)%00%(upstream:short)%00%(objectname)%00%(upstream:track)%00%(upstream:remotename)%00%(upstream:remoteref) refs/heads/main refs/remotes/main [1ms]
2025-11-12 18:38:16.484 [info] > git status -z -uall [7ms]
2025-11-12 18:38:16.485 [info] > git for-each-ref --sort -committerdate --format %(refname)%00%(objectname)%00%(*objectname) [1ms]
2025-11-12 18:38:21.507 [info] > git config --get commit.template [8ms]
2025-11-12 18:38:21.508 [info] > git for-each-ref --format=%(refname)%00%(upstream:short)%00%(objectname)%00%(upstream:track)%00%(upstream:remotename)%00%(upstream:remoteref) refs/heads/main refs/remotes/main [1ms]
2025-11-12 18:38:21.522 [info] > git status -z -uall [7ms]
2025-11-12 18:38:21.523 [info] > git for-each-ref --sort -committerdate --format %(refname)%00%(objectname)%00%(*objectname) [1ms]
2025-11-12 18:38:59.842 [info] > git config --get commit.template [2ms]
2025-11-12 18:38:59.852 [info] > git for-each-ref --format=%(refname)%00%(upstream:short)%00%(objectname)%00%(upstream:track)%00%(upstream:remotename)%00%(upstream:remoteref) refs/heads/main refs/remotes/main [2ms]
2025-11-12 18:38:59.868 [info] > git status -z -uall [8ms]
2025-11-12 18:38:59.869 [info] > git for-each-ref --sort -committerdate --format %(refname)%00%(objectname)%00%(*objectname) [1ms]
2025-11-12 18:39:34.663 [info] > git config --get commit.template [8ms]
2025-11-12 18:39:34.664 [info] > git for-each-ref --format=%(refname)%00%(upstream:short)%00%(objectname)%00%(upstream:track)%00%(upstream:remotename)%00%(upstream:remoteref) refs/heads/main refs/remotes/main [1ms]
2025-11-12 18:39:34.678 [info] > git status -z -uall [7ms]
2025-11-12 18:39:34.678 [info] > git for-each-ref --sort -committerdate --format %(refname)%00%(objectname)%00%(*objectname) [1ms]
2025-11-12 18:41:44.186 [info] > git config --get commit.template [10ms]
2025-11-12 18:41:44.187 [info] > git for-each-ref --format=%(refname)%00%(upstream:short)%00%(objectname)%00%(upstream:track)%00%(upstream:remotename)%00%(upstream:remoteref) refs/heads/main refs/remotes/main [2ms]
2025-11-12 18:41:44.205 [info] > git status -z -uall [10ms]
2025-11-12 18:41:44.206 [info] > git for-each-ref --sort -committerdate --format %(refname)%00%(objectname)%00%(*objectname) [2ms]
2025-11-12 18:43:31.130 [info] > git check-ignore -v -z --stdin [1ms]
2025-11-12 18:43:32.056 [info] > git show --textconv :templates/get-24hrs.html [10ms]
2025-11-12 18:43:32.060 [info] > git ls-files --stage -- templates/get-24hrs.html [4ms]
2025-11-12 18:43:32.070 [info] > git cat-file -s baea7220291644e1e99bc4323358e7238a381f04 [1ms]
2025-11-12 18:43:36.256 [info] > git blame --root --incremental bef45b03ad51d34d5601e014a5c0345fe36a8c72 -- templates/get-24hrs.html [16ms]
2025-11-12 18:44:03.681 [info] > git show --textconv :main.py [9ms]
2025-11-12 18:44:03.682 [info] > git ls-files --stage -- main.py [1ms]
2025-11-12 18:44:03.691 [info] > git cat-file -s ace682d4443f08e0939e219b2cf25a76746e9641 [1ms]
2025-11-12 18:45:22.361 [info] > git config --get commit.template [6ms]
2025-11-12 18:45:22.362 [info] > git for-each-ref --format=%(refname)%00%(upstream:short)%00%(objectname)%00%(upstream:track)%00%(upstream:remotename)%00%(upstream:remoteref) refs/heads/main refs/remotes/main [1ms]
2025-11-12 18:45:22.375 [info] > git status -z -uall [7ms]
2025-11-12 18:45:22.376 [info] > git for-each-ref --sort -committerdate --format %(refname)%00%(objectname)%00%(*objectname) [1ms]
2025-11-12 18:45:59.123 [info] > git show --textconv :back/back.py [10ms]
2025-11-12 18:45:59.124 [info] > git ls-files --stage -- back/back.py [2ms]
2025-11-12 18:45:59.132 [info] > git cat-file -s f0c0a9ac9e58015aa6e7703582c42962f9022853 [1ms]
2025-11-12 18:46:40.612 [info] > git show --textconv :back/forecast_24h.py [8ms]
2025-11-12 18:46:40.612 [info] > git ls-files --stage -- back/forecast_24h.py [1ms]
2025-11-12 18:46:40.619 [info] > git cat-file -s 9fea5dce51553e00fe3a365de02b90105b3d51ff [1ms]
2025-11-12 18:47:03.489 [info] > git blame --root --incremental bef45b03ad51d34d5601e014a5c0345fe36a8c72 -- back/forecast_24h.py [4ms]
2025-11-12 18:47:36.901 [info] > git show --textconv :main.py [9ms]
2025-11-12 18:47:36.901 [info] > git ls-files --stage -- main.py [0ms]
2025-11-12 18:47:36.910 [info] > git cat-file -s ace682d4443f08e0939e219b2cf25a76746e9641 [2ms]
2025-11-12 18:49:00.402 [info] > git config --get commit.template [10ms]
2025-11-12 18:49:00.403 [info] > git for-each-ref --format=%(refname)%00%(upstream:short)%00%(objectname)%00%(upstream:track)%00%(upstream:remotename)%00%(upstream:remoteref) refs/heads/main refs/remotes/main [2ms]
2025-11-12 18:49:00.421 [info] > git status -z -uall [9ms]
2025-11-12 18:49:00.422 [info] > git for-each-ref --sort -committerdate --format %(refname)%00%(objectname)%00%(*objectname) [2ms]
2025-11-12 18:53:26.594 [info] > git config --get commit.template [10ms]
2025-11-12 18:53:26.595 [info] > git for-each-ref --format=%(refname)%00%(upstream:short)%00%(objectname)%00%(upstream:track)%00%(upstream:remotename)%00%(upstream:remoteref) refs/heads/main refs/remotes/main [2ms]
2025-11-12 18:53:26.615 [info] > git status -z -uall [11ms]
2025-11-12 18:53:26.616 [info] > git for-each-ref --sort -committerdate --format %(refname)%00%(objectname)%00%(*objectname) [2ms]
2025-11-12 18:53:57.368 [info] > git config --get commit.template [8ms]
2025-11-12 18:53:57.369 [info] > git for-each-ref --format=%(refname)%00%(upstream:short)%00%(objectname)%00%(upstream:track)%00%(upstream:remotename)%00%(upstream:remoteref) refs/heads/main refs/remotes/main [1ms]
2025-11-12 18:53:57.384 [info] > git status -z -uall [8ms]
2025-11-12 18:53:57.384 [info] > git for-each-ref --sort -committerdate --format %(refname)%00%(objectname)%00%(*objectname) [1ms]
2025-11-12 18:54:37.779 [info] > git config --get commit.template [1ms]
2025-11-12 18:54:37.795 [info] > git for-each-ref --format=%(refname)%00%(upstream:short)%00%(objectname)%00%(upstream:track)%00%(upstream:remotename)%00%(upstream:remoteref) refs/heads/main refs/remotes/main [2ms]
2025-11-12 18:54:37.832 [info] > git status -z -uall [21ms]
2025-11-12 18:54:37.835 [info] > git for-each-ref --sort -committerdate --format %(refname)%00%(objectname)%00%(*objectname) [7ms]
2025-11-12 18:54:58.173 [info] > git config --get commit.template [14ms]
2025-11-12 18:54:58.173 [info] > git for-each-ref --format=%(refname)%00%(upstream:short)%00%(objectname)%00%(upstream:track)%00%(upstream:remotename)%00%(upstream:remoteref) refs/heads/main refs/remotes/main [2ms]
2025-11-12 18:54:58.197 [info] > git status -z -uall [13ms]
2025-11-12 18:54:58.198 [info] > git for-each-ref --sort -committerdate --format %(refname)%00%(objectname)%00%(*objectname) [2ms]
2025-11-12 18:55:12.981 [info] > git config --get commit.template [12ms]
2025-11-12 18:55:12.982 [info] > git for-each-ref --format=%(refname)%00%(upstream:short)%00%(objectname)%00%(upstream:track)%00%(upstream:remotename)%00%(upstream:remoteref) refs/heads/main refs/remotes/main [1ms]
2025-11-12 18:55:13.005 [info] > git status -z -uall [12ms]
2025-11-12 18:55:13.007 [info] > git for-each-ref --sort -committerdate --format %(refname)%00%(objectname)%00%(*objectname) [2ms]
2025-11-12 18:55:31.085 [info] > git config --get commit.template [12ms]
2025-11-12 18:55:31.086 [info] > git for-each-ref --format=%(refname)%00%(upstream:short)%00%(objectname)%00%(upstream:track)%00%(upstream:remotename)%00%(upstream:remoteref) refs/heads/main refs/remotes/main [2ms]
2025-11-12 18:55:31.110 [info] > git status -z -uall [12ms]
2025-11-12 18:55:31.111 [info] > git for-each-ref --sort -committerdate --format %(refname)%00%(objectname)%00%(*objectname) [2ms]
2025-11-12 18:56:45.440 [info] > git config --get commit.template [7ms]
2025-11-12 18:56:45.464 [info] > git for-each-ref --format=%(refname)%00%(upstream:short)%00%(objectname)%00%(upstream:track)%00%(upstream:remotename)%00%(upstream:remoteref) refs/heads/main refs/remotes/main [6ms]
2025-11-12 18:56:45.517 [info] > git status -z -uall [35ms]
2025-11-12 18:56:45.522 [info] > git for-each-ref --sort -committerdate --format %(refname)%00%(objectname)%00%(*objectname) [9ms]
2025-11-12 18:56:45.866 [info] > git show --textconv HEAD:main.py [15ms]
2025-11-12 18:56:45.869 [info] > git ls-tree -l HEAD -- main.py [4ms]
2025-11-12 18:56:46.677 [info] > git ls-files --stage -- main.py [17ms]
2025-11-12 18:56:46.691 [info] > git ls-files --stage -- back/forecast_24h.py [50ms]
2025-11-12 18:56:46.702 [info] > git cat-file -s ebc816f8022e101a97c41e84fc0fdd16432a34ad [11ms]
2025-11-12 18:56:46.703 [info] > git ls-tree -l HEAD -- main.py [26ms]
2025-11-12 18:56:46.703 [info] > git cat-file -s 9fea5dce51553e00fe3a365de02b90105b3d51ff [2ms]
2025-11-12 18:56:46.725 [info] > git show --textconv :main.py [11ms]
2025-11-12 18:56:46.737 [info] > git show --textconv HEAD:main.py [12ms]
2025-11-12 18:56:46.741 [info] > git show --textconv :back/forecast_24h.py [5ms]
2025-11-12 18:56:56.444 [info] > git config --get commit.template [5ms]
2025-11-12 18:56:56.464 [info] > git for-each-ref --format=%(refname)%00%(upstream:short)%00%(objectname)%00%(upstream:track)%00%(upstream:remotename)%00%(upstream:remoteref) refs/heads/main refs/remotes/main [3ms]
2025-11-12 18:56:56.502 [info] > git status -z -uall [21ms]
2025-11-12 18:56:56.502 [info] > git for-each-ref --sort -committerdate --format %(refname)%00%(objectname)%00%(*objectname) [3ms]
2025-11-12 18:56:56.532 [info] > git blame --root --incremental 9666f564416bca6b71f3efbd0457ae062bba1ae3 -- main.py [11ms]
2025-11-12 18:56:57.630 [info] > git ls-files --stage -- back/forecast_24h.py [13ms]
2025-11-12 18:56:57.640 [info] > git ls-files --stage -- main.py [11ms]
2025-11-12 18:56:57.650 [info] > git cat-file -s 9fea5dce51553e00fe3a365de02b90105b3d51ff [12ms]
2025-11-12 18:56:57.651 [info] > git cat-file -s ebc816f8022e101a97c41e84fc0fdd16432a34ad [2ms]
2025-11-12 18:56:57.681 [info] > git show --textconv :back/forecast_24h.py [15ms]
2025-11-12 18:56:57.682 [info] > git show --textconv :main.py [2ms]
2025-11-12 18:57:00.668 [info] > git config --get commit.template [1ms]
2025-11-12 18:57:00.686 [info] > git for-each-ref --format=%(refname)%00%(upstream:short)%00%(objectname)%00%(upstream:track)%00%(upstream:remotename)%00%(upstream:remoteref) refs/heads/main refs/remotes/main [4ms]
2025-11-12 18:57:00.719 [info] > git status -z -uall [19ms]
2025-11-12 18:57:00.721 [info] > git for-each-ref --sort -committerdate --format %(refname)%00%(objectname)%00%(*objectname) [3ms]
2025-11-12 19:01:22.925 [info] > git show --textconv :back/assistant.py [10ms]
2025-11-12 19:01:22.926 [info] > git ls-files --stage -- back/assistant.py [1ms]
2025-11-12 19:01:22.936 [info] > git cat-file -s a261d6d21ff3c8460eb9bc50026fa95b3450b27a [1ms]
2025-11-12 19:01:40.894 [info] > git blame --root --incremental 9666f564416bca6b71f3efbd0457ae062bba1ae3 -- back/assistant.py [2ms]
2025-11-12 19:05:27.774 [info] > git for-each-ref --format=%(refname)%00%(upstream:short)%00%(objectname)%00%(upstream:track)%00%(upstream:remotename)%00%(upstream:remoteref) refs/heads/main refs/remotes/main [1ms]
2025-11-12 19:05:27.774 [info] > git config --get commit.template [9ms]
2025-11-12 19:05:27.791 [info] > git status -z -uall [8ms]
2025-11-12 19:05:27.792 [info] > git for-each-ref --sort -committerdate --format %(refname)%00%(objectname)%00%(*objectname) [1ms]
2025-11-12 22:06:57.821 [info] > git config --get commit.template [1ms]
2025-11-12 22:06:57.833 [info] > git for-each-ref --format=%(refname)%00%(upstream:short)%00%(objectname)%00%(upstream:track)%00%(upstream:remotename)%00%(upstream:remoteref) refs/heads/main refs/remotes/main [1ms]
2025-11-12 22:06:57.857 [info] > git status -z -uall [14ms]
2025-11-12 22:06:57.858 [info] > git for-each-ref --sort -committerdate --format %(refname)%00%(objectname)%00%(*objectname) [2ms]
2025-11-12 22:12:07.897 [info] > git config --get commit.template [17ms]
2025-11-12 22:12:07.897 [info] > git for-each-ref --format=%(refname)%00%(upstream:short)%00%(objectname)%00%(upstream:track)%00%(upstream:remotename)%00%(upstream:remoteref) refs/heads/main refs/remotes/main [1ms]
2025-11-12 22:12:07.916 [info] > git status -z -uall [10ms]
2025-11-12 22:12:07.918 [info] > git for-each-ref --sort -committerdate --format %(refname)%00%(objectname)%00%(*objectname) [2ms]
