2025-12-05 15:24:43.953 [info] Reading sessions from keychain...
2025-12-05 15:24:43.953 [info] Got stored sessions!
2025-12-05 15:24:43.953 [info] Got 2 verified sessions.
2025-12-05 15:24:43.953 [info] Getting sessions for all scopes...
2025-12-05 15:24:43.953 [info] Got 2 sessions for ...
2025-12-05 15:24:43.953 [info] Getting sessions for all scopes...
2025-12-05 15:24:43.953 [info] Got 2 sessions for ...
2025-12-05 15:24:43.953 [info] Getting sessions for all scopes...
2025-12-05 15:24:43.953 [info] Got 2 sessions for ...
2025-12-05 15:24:43.953 [info] Getting sessions for all scopes...
2025-12-05 15:24:43.953 [info] Got 2 sessions for ...
2025-12-05 15:24:43.953 [info] Getting sessions for all scopes...
2025-12-05 15:24:43.953 [info] Got 2 sessions for ...
2025-12-05 15:24:43.953 [info] Getting sessions for all scopes...
2025-12-05 15:24:43.953 [info] Got 2 sessions for ...
2025-12-05 15:24:43.953 [info] Getting sessions for all scopes...
2025-12-05 15:24:43.953 [info] Got 2 sessions for ...
2025-12-05 15:24:43.953 [info] Getting sessions for all scopes...
2025-12-05 15:24:43.953 [info] Got 2 sessions for ...
2025-12-05 15:24:43.953 [info] Getting sessions for all scopes...
2025-12-05 15:24:43.953 [info] Got 2 sessions for ...
2025-12-05 15:24:43.953 [info] Getting sessions for all scopes...
2025-12-05 15:24:43.953 [info] Got 2 sessions for ...
2025-12-05 15:24:43.953 [info] Getting sessions for all scopes...
2025-12-05 15:24:43.953 [info] Got 2 sessions for ...
2025-12-05 15:24:43.953 [info] Getting sessions for all scopes...
2025-12-05 15:24:43.953 [info] Got 2 sessions for ...
2025-12-05 15:24:43.953 [info] Getting sessions for all scopes...
2025-12-05 15:24:43.953 [info] Got 2 sessions for ...
2025-12-05 15:24:43.953 [info] Getting sessions for all scopes...
2025-12-05 15:24:43.953 [info] Got 2 sessions for ...
2025-12-05 15:24:43.953 [info] Getting sessions for all scopes...
2025-12-05 15:24:43.953 [info] Got 2 sessions for ...
2025-12-05 15:24:43.953 [info] Getting sessions for all scopes...
2025-12-05 15:24:43.953 [info] Got 2 sessions for ...
2025-12-05 15:24:43.953 [info] Getting sessions for all scopes...
2025-12-05 15:24:43.953 [info] Got 2 sessions for ...
2025-12-05 15:24:43.953 [info] Getting sessions for all scopes...
2025-12-05 15:24:43.953 [info] Got 2 sessions for ...
2025-12-05 15:24:43.953 [info] Getting sessions for read:user,repo,user:email,workflow...
2025-12-05 15:24:43.953 [info] Got 1 sessions for read:user,repo,user:email,workflow...
2025-12-05 15:24:44.375 [info] Getting sessions for read:user,repo,user:email,workflow...
2025-12-05 15:24:44.375 [info] Got 1 sessions for read:user,repo,user:email,workflow...
2025-12-05 15:24:44.381 [info] Getting sessions for all scopes...
2025-12-05 15:24:44.381 [info] Got 2 sessions for ...
2025-12-05 15:24:44.431 [info] Getting sessions for read:user,repo,user:email,workflow...
2025-12-05 15:24:44.431 [info] Got 1 sessions for read:user,repo,user:email,workflow...
2025-12-05 15:24:45.011 [info] FetcherService: Electron fetch failed with status: 429 
2025-12-05 15:24:54.239 [info] Getting sessions for all scopes...
2025-12-05 15:24:54.239 [info] Got 2 sessions for ...
2025-12-05 15:24:54.246 [info] Getting sessions for all scopes...
2025-12-05 15:24:54.246 [info] Got 2 sessions for ...
2025-12-05 15:24:54.246 [info] Getting sessions for all scopes...
2025-12-05 15:24:54.246 [info] Got 2 sessions for ...
2025-12-05 15:24:54.246 [info] Getting sessions for all scopes...
2025-12-05 15:24:54.246 [info] Got 2 sessions for ...
2025-12-05 15:24:54.246 [info] Getting sessions for all scopes...
2025-12-05 15:24:54.247 [info] Got 2 sessions for ...
2025-12-05 15:24:54.249 [info] Getting sessions for all scopes...
2025-12-05 15:24:54.249 [info] Got 2 sessions for ...
2025-12-05 15:24:54.249 [info] Getting sessions for all scopes...
2025-12-05 15:24:54.249 [info] Got 2 sessions for ...
2025-12-05 15:24:54.250 [info] Getting sessions for read:user,repo,user:email,workflow...
2025-12-05 15:24:54.250 [info] Got 1 sessions for read:user,repo,user:email,workflow...
2025-12-05 15:24:55.253 [info] Getting sessions for all scopes...
2025-12-05 15:24:55.253 [info] Got 2 sessions for ...
2025-12-05 15:24:55.254 [info] Getting sessions for read:user,repo,user:email,workflow...
2025-12-05 15:24:55.254 [info] Got 1 sessions for read:user,repo,user:email,workflow...
2025-12-05 15:25:13.761 [info] FetcherService: Node fetch failed with status: 429 Too Many Requests
2025-12-05 15:25:14.374 [info] FetcherService: Node http/s failed with status: 429 Too Many Requests
2025-12-05 15:29:54.198 [info] Getting sessions for all scopes...
2025-12-05 15:29:54.198 [info] Got 2 sessions for ...
2025-12-05 15:29:54.199 [info] Getting sessions for read:user,repo,user:email,workflow...
2025-12-05 15:29:54.199 [info] Got 1 sessions for read:user,repo,user:email,workflow...
2025-12-05 15:34:54.207 [info] Getting sessions for all scopes...
2025-12-05 15:34:54.207 [info] Got 2 sessions for ...
2025-12-05 15:34:54.209 [info] Getting sessions for read:user,repo,user:email,workflow...
2025-12-05 15:34:54.209 [info] Got 1 sessions for read:user,repo,user:email,workflow...
2025-12-05 15:39:54.213 [info] Getting sessions for all scopes...
2025-12-05 15:39:54.213 [info] Got 2 sessions for ...
2025-12-05 15:39:54.215 [info] Getting sessions for read:user,repo,user:email,workflow...
2025-12-05 15:39:54.215 [info] Got 1 sessions for read:user,repo,user:email,workflow...
2025-12-05 15:44:54.226 [info] Getting sessions for all scopes...
2025-12-05 15:44:54.226 [info] Got 2 sessions for ...
2025-12-05 15:44:54.230 [info] Getting sessions for read:user,repo,user:email,workflow...
2025-12-05 15:44:54.230 [info] Got 1 sessions for read:user,repo,user:email,workflow...
2025-12-05 15:49:54.233 [info] Getting sessions for all scopes...
2025-12-05 15:49:54.233 [info] Got 2 sessions for ...
2025-12-05 15:49:54.237 [info] Getting sessions for read:user,repo,user:email,workflow...
2025-12-05 15:49:54.237 [info] Got 1 sessions for read:user,repo,user:email,workflow...
2025-12-05 15:54:54.234 [info] Getting sessions for all scopes...
2025-12-05 15:54:54.234 [info] Got 2 sessions for ...
2025-12-05 15:54:54.237 [info] Getting sessions for read:user,repo,user:email,workflow...
2025-12-05 15:54:54.237 [info] Got 1 sessions for read:user,repo,user:email,workflow...
2025-12-05 15:59:54.243 [info] Getting sessions for all scopes...
2025-12-05 15:59:54.243 [info] Got 2 sessions for ...
2025-12-05 15:59:54.245 [info] Getting sessions for read:user,repo,user:email,workflow...
2025-12-05 15:59:54.245 [info] Got 1 sessions for read:user,repo,user:email,workflow...
2025-12-05 16:04:54.251 [info] Getting sessions for all scopes...
2025-12-05 16:04:54.251 [info] Got 2 sessions for ...
2025-12-05 16:04:54.253 [info] Getting sessions for read:user,repo,user:email,workflow...
2025-12-05 16:04:54.253 [info] Got 1 sessions for read:user,repo,user:email,workflow...
2025-12-05 16:09:54.256 [info] Getting sessions for all scopes...
2025-12-05 16:09:54.256 [info] Got 2 sessions for ...
2025-12-05 16:09:54.259 [info] Getting sessions for read:user,repo,user:email,workflow...
2025-12-05 16:09:54.259 [info] Got 1 sessions for read:user,repo,user:email,workflow...
2025-12-05 16:14:54.266 [info] Getting sessions for all scopes...
2025-12-05 16:14:54.266 [info] Got 2 sessions for ...
2025-12-05 16:14:54.270 [info] Getting sessions for read:user,repo,user:email,workflow...
2025-12-05 16:14:54.270 [info] Got 1 sessions for read:user,repo,user:email,workflow...
2025-12-05 16:19:54.273 [info] Getting sessions for all scopes...
2025-12-05 16:19:54.273 [info] Got 2 sessions for ...
2025-12-05 16:19:54.274 [info] Getting sessions for read:user,repo,user:email,workflow...
2025-12-05 16:19:54.274 [info] Got 1 sessions for read:user,repo,user:email,workflow...
2025-12-05 16:24:54.278 [info] Getting sessions for all scopes...
2025-12-05 16:24:54.278 [info] Got 2 sessions for ...
2025-12-05 16:24:54.279 [info] Getting sessions for read:user,repo,user:email,workflow...
2025-12-05 16:24:54.279 [info] Got 1 sessions for read:user,repo,user:email,workflow...
2025-12-05 16:29:54.288 [info] Getting sessions for all scopes...
2025-12-05 16:29:54.288 [info] Got 2 sessions for ...
2025-12-05 16:29:54.290 [info] Getting sessions for read:user,repo,user:email,workflow...
2025-12-05 16:29:54.290 [info] Got 1 sessions for read:user,repo,user:email,workflow...
2025-12-05 16:34:54.294 [info] Getting sessions for all scopes...
2025-12-05 16:34:54.294 [info] Got 2 sessions for ...
2025-12-05 16:34:54.295 [info] Getting sessions for read:user,repo,user:email,workflow...
2025-12-05 16:34:54.295 [info] Got 1 sessions for read:user,repo,user:email,workflow...
2025-12-05 16:39:54.299 [info] Getting sessions for all scopes...
2025-12-05 16:39:54.299 [info] Got 2 sessions for ...
2025-12-05 16:39:54.300 [info] Getting sessions for read:user,repo,user:email,workflow...
2025-12-05 16:39:54.300 [info] Got 1 sessions for read:user,repo,user:email,workflow...
2025-12-05 16:44:54.306 [info] Getting sessions for all scopes...
2025-12-05 16:44:54.306 [info] Got 2 sessions for ...
2025-12-05 16:44:54.307 [info] Getting sessions for read:user,repo,user:email,workflow...
2025-12-05 16:44:54.307 [info] Got 1 sessions for read:user,repo,user:email,workflow...
2025-12-05 16:49:54.313 [info] Getting sessions for all scopes...
2025-12-05 16:49:54.313 [info] Got 2 sessions for ...
2025-12-05 16:49:54.314 [info] Getting sessions for read:user,repo,user:email,workflow...
2025-12-05 16:49:54.314 [info] Got 1 sessions for read:user,repo,user:email,workflow...
2025-12-05 16:54:54.320 [info] Getting sessions for all scopes...
2025-12-05 16:54:54.320 [info] Got 2 sessions for ...
2025-12-05 16:54:54.323 [info] Getting sessions for read:user,repo,user:email,workflow...
2025-12-05 16:54:54.323 [info] Got 1 sessions for read:user,repo,user:email,workflow...
2025-12-05 16:59:54.323 [info] Getting sessions for all scopes...
2025-12-05 16:59:54.323 [info] Got 2 sessions for ...
2025-12-05 16:59:54.324 [info] Getting sessions for read:user,repo,user:email,workflow...
2025-12-05 16:59:54.324 [info] Got 1 sessions for read:user,repo,user:email,workflow...
2025-12-05 17:04:54.329 [info] Getting sessions for all scopes...
2025-12-05 17:04:54.329 [info] Got 2 sessions for ...
2025-12-05 17:04:54.331 [info] Getting sessions for read:user,repo,user:email,workflow...
2025-12-05 17:04:54.331 [info] Got 1 sessions for read:user,repo,user:email,workflow...
2025-12-05 17:09:54.335 [info] Getting sessions for all scopes...
2025-12-05 17:09:54.335 [info] Got 2 sessions for ...
2025-12-05 17:09:54.336 [info] Getting sessions for read:user,repo,user:email,workflow...
2025-12-05 17:09:54.336 [info] Got 1 sessions for read:user,repo,user:email,workflow...
2025-12-05 17:14:54.341 [info] Getting sessions for all scopes...
2025-12-05 17:14:54.341 [info] Got 2 sessions for ...
2025-12-05 17:14:54.344 [info] Getting sessions for read:user,repo,user:email,workflow...
2025-12-05 17:14:54.345 [info] Got 1 sessions for read:user,repo,user:email,workflow...
2025-12-05 17:19:54.345 [info] Getting sessions for all scopes...
2025-12-05 17:19:54.345 [info] Got 2 sessions for ...
2025-12-05 17:19:54.346 [info] Getting sessions for read:user,repo,user:email,workflow...
2025-12-05 17:19:54.346 [info] Got 1 sessions for read:user,repo,user:email,workflow...
2025-12-05 17:24:54.350 [info] Getting sessions for all scopes...
2025-12-05 17:24:54.350 [info] Got 2 sessions for ...
2025-12-05 17:24:54.351 [info] Getting sessions for read:user,repo,user:email,workflow...
2025-12-05 17:24:54.351 [info] Got 1 sessions for read:user,repo,user:email,workflow...
2025-12-05 17:29:54.355 [info] Getting sessions for all scopes...
2025-12-05 17:29:54.355 [info] Got 2 sessions for ...
2025-12-05 17:29:54.356 [info] Getting sessions for read:user,repo,user:email,workflow...
2025-12-05 17:29:54.356 [info] Got 1 sessions for read:user,repo,user:email,workflow...
2025-12-05 17:34:54.359 [info] Getting sessions for all scopes...
2025-12-05 17:34:54.359 [info] Got 2 sessions for ...
2025-12-05 17:34:54.360 [info] Getting sessions for read:user,repo,user:email,workflow...
2025-12-05 17:34:54.360 [info] Got 1 sessions for read:user,repo,user:email,workflow...
2025-12-05 17:39:54.363 [info] Getting sessions for all scopes...
2025-12-05 17:39:54.363 [info] Got 2 sessions for ...
2025-12-05 17:39:54.364 [info] Getting sessions for read:user,repo,user:email,workflow...
2025-12-05 17:39:54.364 [info] Got 1 sessions for read:user,repo,user:email,workflow...
2025-12-05 17:44:54.367 [info] Getting sessions for all scopes...
2025-12-05 17:44:54.367 [info] Got 2 sessions for ...
2025-12-05 17:44:54.367 [info] Getting sessions for read:user,repo,user:email,workflow...
2025-12-05 17:44:54.368 [info] Got 1 sessions for read:user,repo,user:email,workflow...
2025-12-05 17:49:54.371 [info] Getting sessions for all scopes...
2025-12-05 17:49:54.371 [info] Got 2 sessions for ...
2025-12-05 17:49:54.372 [info] Getting sessions for read:user,repo,user:email,workflow...
2025-12-05 17:49:54.372 [info] Got 1 sessions for read:user,repo,user:email,workflow...
2025-12-05 17:54:54.375 [info] Getting sessions for all scopes...
2025-12-05 17:54:54.375 [info] Got 2 sessions for ...
2025-12-05 17:54:54.376 [info] Getting sessions for read:user,repo,user:email,workflow...
2025-12-05 17:54:54.376 [info] Got 1 sessions for read:user,repo,user:email,workflow...
2025-12-05 17:59:54.378 [info] Getting sessions for all scopes...
2025-12-05 17:59:54.378 [info] Got 2 sessions for ...
2025-12-05 17:59:54.379 [info] Getting sessions for read:user,repo,user:email,workflow...
2025-12-05 17:59:54.379 [info] Got 1 sessions for read:user,repo,user:email,workflow...
2025-12-05 18:04:54.381 [info] Getting sessions for all scopes...
2025-12-05 18:04:54.381 [info] Got 2 sessions for ...
2025-12-05 18:04:54.382 [info] Getting sessions for read:user,repo,user:email,workflow...
2025-12-05 18:04:54.382 [info] Got 1 sessions for read:user,repo,user:email,workflow...
2025-12-05 18:09:54.384 [info] Getting sessions for all scopes...
2025-12-05 18:09:54.384 [info] Got 2 sessions for ...
2025-12-05 18:09:54.385 [info] Getting sessions for read:user,repo,user:email,workflow...
2025-12-05 18:09:54.385 [info] Got 1 sessions for read:user,repo,user:email,workflow...
2025-12-05 18:14:54.386 [info] Getting sessions for all scopes...
2025-12-05 18:14:54.386 [info] Got 2 sessions for ...
2025-12-05 18:14:54.387 [info] Getting sessions for read:user,repo,user:email,workflow...
2025-12-05 18:14:54.387 [info] Got 1 sessions for read:user,repo,user:email,workflow...
2025-12-05 18:19:54.388 [info] Getting sessions for all scopes...
2025-12-05 18:19:54.388 [info] Got 2 sessions for ...
2025-12-05 18:19:54.388 [info] Getting sessions for read:user,repo,user:email,workflow...
2025-12-05 18:19:54.389 [info] Got 1 sessions for read:user,repo,user:email,workflow...
2025-12-05 18:24:54.390 [info] Getting sessions for all scopes...
2025-12-05 18:24:54.390 [info] Got 2 sessions for ...
2025-12-05 18:24:54.392 [info] Getting sessions for read:user,repo,user:email,workflow...
2025-12-05 18:24:54.392 [info] Got 1 sessions for read:user,repo,user:email,workflow...
2025-12-05 18:29:54.392 [info] Getting sessions for all scopes...
2025-12-05 18:29:54.392 [info] Got 2 sessions for ...
2025-12-05 18:29:54.393 [info] Getting sessions for read:user,repo,user:email,workflow...
2025-12-05 18:29:54.393 [info] Got 1 sessions for read:user,repo,user:email,workflow...
2025-12-05 18:34:54.393 [info] Getting sessions for all scopes...
2025-12-05 18:34:54.393 [info] Got 2 sessions for ...
2025-12-05 18:34:54.394 [info] Getting sessions for read:user,repo,user:email,workflow...
2025-12-05 18:34:54.394 [info] Got 1 sessions for read:user,repo,user:email,workflow...
2025-12-05 18:39:54.398 [info] Getting sessions for all scopes...
2025-12-05 18:39:54.398 [info] Got 2 sessions for ...
2025-12-05 18:39:54.400 [info] Getting sessions for read:user,repo,user:email,workflow...
2025-12-05 18:39:54.400 [info] Got 1 sessions for read:user,repo,user:email,workflow...
2025-12-05 18:44:54.395 [info] Getting sessions for all scopes...
2025-12-05 18:44:54.395 [info] Got 2 sessions for ...
2025-12-05 18:44:54.396 [info] Getting sessions for read:user,repo,user:email,workflow...
2025-12-05 18:44:54.396 [info] Got 1 sessions for read:user,repo,user:email,workflow...
2025-12-05 18:49:54.398 [info] Getting sessions for all scopes...
2025-12-05 18:49:54.398 [info] Got 2 sessions for ...
2025-12-05 18:49:54.400 [info] Getting sessions for read:user,repo,user:email,workflow...
2025-12-05 18:49:54.400 [info] Got 1 sessions for read:user,repo,user:email,workflow...
2025-12-05 18:54:54.399 [info] Getting sessions for all scopes...
2025-12-05 18:54:54.399 [info] Got 2 sessions for ...
2025-12-05 18:54:54.403 [info] Getting sessions for read:user,repo,user:email,workflow...
2025-12-05 18:54:54.403 [info] Got 1 sessions for read:user,repo,user:email,workflow...
2025-12-05 18:59:54.398 [info] Getting sessions for all scopes...
2025-12-05 18:59:54.398 [info] Got 2 sessions for ...
2025-12-05 18:59:54.399 [info] Getting sessions for read:user,repo,user:email,workflow...
2025-12-05 18:59:54.399 [info] Got 1 sessions for read:user,repo,user:email,workflow...
2025-12-05 19:04:54.398 [info] Getting sessions for all scopes...
2025-12-05 19:04:54.398 [info] Got 2 sessions for ...
2025-12-05 19:04:54.399 [info] Getting sessions for read:user,repo,user:email,workflow...
2025-12-05 19:04:54.399 [info] Got 1 sessions for read:user,repo,user:email,workflow...
2025-12-05 19:09:54.403 [info] Getting sessions for all scopes...
2025-12-05 19:09:54.403 [info] Got 2 sessions for ...
2025-12-05 19:09:54.404 [info] Getting sessions for read:user,repo,user:email,workflow...
2025-12-05 19:09:54.405 [info] Got 1 sessions for read:user,repo,user:email,workflow...
2025-12-05 19:14:54.413 [info] Getting sessions for all scopes...
2025-12-05 19:14:54.413 [info] Got 2 sessions for ...
2025-12-05 19:14:54.414 [info] Getting sessions for read:user,repo,user:email,workflow...
2025-12-05 19:14:54.414 [info] Got 1 sessions for read:user,repo,user:email,workflow...
2025-12-05 19:19:54.423 [info] Getting sessions for all scopes...
2025-12-05 19:19:54.423 [info] Got 2 sessions for ...
2025-12-05 19:19:54.424 [info] Getting sessions for read:user,repo,user:email,workflow...
2025-12-05 19:19:54.424 [info] Got 1 sessions for read:user,repo,user:email,workflow...
2025-12-05 19:24:54.428 [info] Getting sessions for all scopes...
2025-12-05 19:24:54.428 [info] Got 2 sessions for ...
2025-12-05 19:24:54.429 [info] Getting sessions for read:user,repo,user:email,workflow...
2025-12-05 19:24:54.429 [info] Got 1 sessions for read:user,repo,user:email,workflow...
2025-12-05 19:29:54.438 [info] Getting sessions for all scopes...
2025-12-05 19:29:54.439 [info] Got 2 sessions for ...
2025-12-05 19:29:54.440 [info] Getting sessions for read:user,repo,user:email,workflow...
2025-12-05 19:29:54.440 [info] Got 1 sessions for read:user,repo,user:email,workflow...
2025-12-05 19:34:54.448 [info] Getting sessions for all scopes...
2025-12-05 19:34:54.448 [info] Got 2 sessions for ...
2025-12-05 19:34:54.449 [info] Getting sessions for read:user,repo,user:email,workflow...
2025-12-05 19:34:54.449 [info] Got 1 sessions for read:user,repo,user:email,workflow...
2025-12-05 19:39:54.454 [info] Getting sessions for all scopes...
2025-12-05 19:39:54.454 [info] Got 2 sessions for ...
2025-12-05 19:39:54.455 [info] Getting sessions for read:user,repo,user:email,workflow...
2025-12-05 19:39:54.455 [info] Got 1 sessions for read:user,repo,user:email,workflow...
2025-12-05 19:44:54.464 [info] Getting sessions for all scopes...
2025-12-05 19:44:54.464 [info] Got 2 sessions for ...
2025-12-05 19:44:54.465 [info] Getting sessions for read:user,repo,user:email,workflow...
2025-12-05 19:44:54.465 [info] Got 1 sessions for read:user,repo,user:email,workflow...
2025-12-05 19:49:54.474 [info] Getting sessions for all scopes...
2025-12-05 19:49:54.474 [info] Got 2 sessions for ...
2025-12-05 19:49:54.475 [info] Getting sessions for read:user,repo,user:email,workflow...
2025-12-05 19:49:54.475 [info] Got 1 sessions for read:user,repo,user:email,workflow...
2025-12-05 19:54:54.479 [info] Getting sessions for all scopes...
2025-12-05 19:54:54.479 [info] Got 2 sessions for ...
2025-12-05 19:54:54.480 [info] Getting sessions for read:user,repo,user:email,workflow...
2025-12-05 19:54:54.480 [info] Got 1 sessions for read:user,repo,user:email,workflow...
2025-12-05 19:59:54.489 [info] Getting sessions for all scopes...
2025-12-05 19:59:54.489 [info] Got 2 sessions for ...
2025-12-05 19:59:54.490 [info] Getting sessions for read:user,repo,user:email,workflow...
2025-12-05 19:59:54.490 [info] Got 1 sessions for read:user,repo,user:email,workflow...
2025-12-05 20:04:54.501 [info] Getting sessions for all scopes...
2025-12-05 20:04:54.501 [info] Got 2 sessions for ...
2025-12-05 20:04:54.503 [info] Getting sessions for read:user,repo,user:email,workflow...
2025-12-05 20:04:54.503 [info] Got 1 sessions for read:user,repo,user:email,workflow...
2025-12-05 20:09:54.505 [info] Getting sessions for all scopes...
2025-12-05 20:09:54.505 [info] Got 2 sessions for ...
2025-12-05 20:09:54.506 [info] Getting sessions for read:user,repo,user:email,workflow...
2025-12-05 20:09:54.506 [info] Got 1 sessions for read:user,repo,user:email,workflow...
2025-12-05 20:14:54.515 [info] Getting sessions for all scopes...
2025-12-05 20:14:54.515 [info] Got 2 sessions for ...
2025-12-05 20:14:54.516 [info] Getting sessions for read:user,repo,user:email,workflow...
2025-12-05 20:14:54.516 [info] Got 1 sessions for read:user,repo,user:email,workflow...
2025-12-05 20:19:54.525 [info] Getting sessions for all scopes...
2025-12-05 20:19:54.525 [info] Got 2 sessions for ...
2025-12-05 20:19:54.526 [info] Getting sessions for read:user,repo,user:email,workflow...
2025-12-05 20:19:54.526 [info] Got 1 sessions for read:user,repo,user:email,workflow...
2025-12-05 20:24:54.530 [info] Getting sessions for all scopes...
2025-12-05 20:24:54.530 [info] Got 2 sessions for ...
2025-12-05 20:24:54.531 [info] Getting sessions for read:user,repo,user:email,workflow...
2025-12-05 20:24:54.531 [info] Got 1 sessions for read:user,repo,user:email,workflow...
2025-12-05 20:29:54.540 [info] Getting sessions for all scopes...
2025-12-05 20:29:54.540 [info] Got 2 sessions for ...
2025-12-05 20:29:54.541 [info] Getting sessions for read:user,repo,user:email,workflow...
2025-12-05 20:29:54.541 [info] Got 1 sessions for read:user,repo,user:email,workflow...
2025-12-05 20:34:54.550 [info] Getting sessions for all scopes...
2025-12-05 20:34:54.550 [info] Got 2 sessions for ...
2025-12-05 20:34:54.551 [info] Getting sessions for read:user,repo,user:email,workflow...
2025-12-05 20:34:54.551 [info] Got 1 sessions for read:user,repo,user:email,workflow...
2025-12-05 20:39:54.556 [info] Getting sessions for all scopes...
2025-12-05 20:39:54.556 [info] Got 2 sessions for ...
2025-12-05 20:39:54.557 [info] Getting sessions for read:user,repo,user:email,workflow...
2025-12-05 20:39:54.557 [info] Got 1 sessions for read:user,repo,user:email,workflow...
2025-12-05 20:44:54.566 [info] Getting sessions for all scopes...
2025-12-05 20:44:54.566 [info] Got 2 sessions for ...
2025-12-05 20:44:54.568 [info] Getting sessions for read:user,repo,user:email,workflow...
2025-12-05 20:44:54.568 [info] Got 1 sessions for read:user,repo,user:email,workflow...
2025-12-05 20:49:54.576 [info] Getting sessions for all scopes...
2025-12-05 20:49:54.576 [info] Got 2 sessions for ...
2025-12-05 20:49:54.577 [info] Getting sessions for read:user,repo,user:email,workflow...
2025-12-05 20:49:54.577 [info] Got 1 sessions for read:user,repo,user:email,workflow...
2025-12-05 20:54:54.581 [info] Getting sessions for all scopes...
2025-12-05 20:54:54.581 [info] Got 2 sessions for ...
2025-12-05 20:54:54.583 [info] Getting sessions for read:user,repo,user:email,workflow...
2025-12-05 20:54:54.583 [info] Got 1 sessions for read:user,repo,user:email,workflow...
2025-12-05 20:59:54.582 [info] Getting sessions for all scopes...
2025-12-05 20:59:54.582 [info] Got 2 sessions for ...
2025-12-05 20:59:54.584 [info] Getting sessions for read:user,repo,user:email,workflow...
2025-12-05 20:59:54.584 [info] Got 1 sessions for read:user,repo,user:email,workflow...
2025-12-05 21:04:54.592 [info] Getting sessions for all scopes...
2025-12-05 21:04:54.592 [info] Got 2 sessions for ...
2025-12-05 21:04:54.593 [info] Getting sessions for read:user,repo,user:email,workflow...
2025-12-05 21:04:54.593 [info] Got 1 sessions for read:user,repo,user:email,workflow...
2025-12-05 21:09:54.598 [info] Getting sessions for all scopes...
2025-12-05 21:09:54.598 [info] Got 2 sessions for ...
2025-12-05 21:09:54.599 [info] Getting sessions for read:user,repo,user:email,workflow...
2025-12-05 21:09:54.599 [info] Got 1 sessions for read:user,repo,user:email,workflow...
2025-12-05 21:14:54.608 [info] Getting sessions for all scopes...
2025-12-05 21:14:54.608 [info] Got 2 sessions for ...
2025-12-05 21:14:54.609 [info] Getting sessions for read:user,repo,user:email,workflow...
2025-12-05 21:14:54.610 [info] Got 1 sessions for read:user,repo,user:email,workflow...
2025-12-05 21:19:54.618 [info] Getting sessions for all scopes...
2025-12-05 21:19:54.618 [info] Got 2 sessions for ...
2025-12-05 21:19:54.620 [info] Getting sessions for read:user,repo,user:email,workflow...
2025-12-05 21:19:54.620 [info] Got 1 sessions for read:user,repo,user:email,workflow...
2025-12-05 21:24:54.623 [info] Getting sessions for all scopes...
2025-12-05 21:24:54.623 [info] Got 2 sessions for ...
2025-12-05 21:24:54.624 [info] Getting sessions for read:user,repo,user:email,workflow...
2025-12-05 21:24:54.624 [info] Got 1 sessions for read:user,repo,user:email,workflow...
2025-12-05 21:29:54.633 [info] Getting sessions for all scopes...
2025-12-05 21:29:54.633 [info] Got 2 sessions for ...
2025-12-05 21:29:54.634 [info] Getting sessions for read:user,repo,user:email,workflow...
2025-12-05 21:29:54.634 [info] Got 1 sessions for read:user,repo,user:email,workflow...
2025-12-05 21:34:54.643 [info] Getting sessions for all scopes...
2025-12-05 21:34:54.643 [info] Got 2 sessions for ...
2025-12-05 21:34:54.644 [info] Getting sessions for read:user,repo,user:email,workflow...
2025-12-05 21:34:54.644 [info] Got 1 sessions for read:user,repo,user:email,workflow...
2025-12-05 21:39:54.649 [info] Getting sessions for all scopes...
2025-12-05 21:39:54.649 [info] Got 2 sessions for ...
2025-12-05 21:39:54.650 [info] Getting sessions for read:user,repo,user:email,workflow...
2025-12-05 21:39:54.650 [info] Got 1 sessions for read:user,repo,user:email,workflow...
2025-12-05 21:44:54.659 [info] Getting sessions for all scopes...
2025-12-05 21:44:54.659 [info] Got 2 sessions for ...
2025-12-05 21:44:54.660 [info] Getting sessions for read:user,repo,user:email,workflow...
2025-12-05 21:44:54.660 [info] Got 1 sessions for read:user,repo,user:email,workflow...
2025-12-05 21:49:54.669 [info] Getting sessions for all scopes...
2025-12-05 21:49:54.669 [info] Got 2 sessions for ...
2025-12-05 21:49:54.671 [info] Getting sessions for read:user,repo,user:email,workflow...
2025-12-05 21:49:54.671 [info] Got 1 sessions for read:user,repo,user:email,workflow...
2025-12-05 21:54:54.674 [info] Getting sessions for all scopes...
2025-12-05 21:54:54.674 [info] Got 2 sessions for ...
2025-12-05 21:54:54.676 [info] Getting sessions for read:user,repo,user:email,workflow...
2025-12-05 21:54:54.676 [info] Got 1 sessions for read:user,repo,user:email,workflow...
2025-12-05 21:59:54.684 [info] Getting sessions for all scopes...
2025-12-05 21:59:54.684 [info] Got 2 sessions for ...
2025-12-05 21:59:54.685 [info] Getting sessions for read:user,repo,user:email,workflow...
2025-12-05 21:59:54.685 [info] Got 1 sessions for read:user,repo,user:email,workflow...
2025-12-05 22:04:54.694 [info] Getting sessions for all scopes...
2025-12-05 22:04:54.694 [info] Got 2 sessions for ...
2025-12-05 22:04:54.695 [info] Getting sessions for read:user,repo,user:email,workflow...
2025-12-05 22:04:54.695 [info] Got 1 sessions for read:user,repo,user:email,workflow...
2025-12-05 22:09:54.700 [info] Getting sessions for all scopes...
2025-12-05 22:09:54.700 [info] Got 2 sessions for ...
2025-12-05 22:09:54.701 [info] Getting sessions for read:user,repo,user:email,workflow...
2025-12-05 22:09:54.701 [info] Got 1 sessions for read:user,repo,user:email,workflow...
2025-12-05 22:14:54.710 [info] Getting sessions for all scopes...
2025-12-05 22:14:54.710 [info] Got 2 sessions for ...
2025-12-05 22:14:54.713 [info] Getting sessions for read:user,repo,user:email,workflow...
2025-12-05 22:14:54.713 [info] Got 1 sessions for read:user,repo,user:email,workflow...
2025-12-05 22:19:54.720 [info] Getting sessions for all scopes...
2025-12-05 22:19:54.720 [info] Got 2 sessions for ...
2025-12-05 22:19:54.722 [info] Getting sessions for read:user,repo,user:email,workflow...
2025-12-05 22:19:54.722 [info] Got 1 sessions for read:user,repo,user:email,workflow...
2025-12-05 22:24:54.725 [info] Getting sessions for all scopes...
2025-12-05 22:24:54.725 [info] Got 2 sessions for ...
2025-12-05 22:24:54.726 [info] Getting sessions for read:user,repo,user:email,workflow...
2025-12-05 22:24:54.726 [info] Got 1 sessions for read:user,repo,user:email,workflow...
2025-12-05 22:29:54.735 [info] Getting sessions for all scopes...
2025-12-05 22:29:54.735 [info] Got 2 sessions for ...
2025-12-05 22:29:54.736 [info] Getting sessions for read:user,repo,user:email,workflow...
2025-12-05 22:29:54.736 [info] Got 1 sessions for read:user,repo,user:email,workflow...
2025-12-05 22:34:54.745 [info] Getting sessions for all scopes...
2025-12-05 22:34:54.745 [info] Got 2 sessions for ...
2025-12-05 22:34:54.746 [info] Getting sessions for read:user,repo,user:email,workflow...
2025-12-05 22:34:54.746 [info] Got 1 sessions for read:user,repo,user:email,workflow...
2025-12-05 22:39:54.751 [info] Getting sessions for all scopes...
2025-12-05 22:39:54.752 [info] Got 2 sessions for ...
2025-12-05 22:39:54.753 [info] Getting sessions for read:user,repo,user:email,workflow...
2025-12-05 22:39:54.753 [info] Got 1 sessions for read:user,repo,user:email,workflow...
2025-12-05 22:44:54.761 [info] Getting sessions for all scopes...
2025-12-05 22:44:54.761 [info] Got 2 sessions for ...
2025-12-05 22:44:54.762 [info] Getting sessions for read:user,repo,user:email,workflow...
2025-12-05 22:44:54.762 [info] Got 1 sessions for read:user,repo,user:email,workflow...
2025-12-05 22:49:54.772 [info] Getting sessions for all scopes...
2025-12-05 22:49:54.772 [info] Got 2 sessions for ...
2025-12-05 22:49:54.773 [info] Getting sessions for read:user,repo,user:email,workflow...
2025-12-05 22:49:54.773 [info] Got 1 sessions for read:user,repo,user:email,workflow...
2025-12-05 22:54:54.777 [info] Getting sessions for all scopes...
2025-12-05 22:54:54.777 [info] Got 2 sessions for ...
2025-12-05 22:54:54.778 [info] Getting sessions for read:user,repo,user:email,workflow...
2025-12-05 22:54:54.778 [info] Got 1 sessions for read:user,repo,user:email,workflow...
2025-12-05 22:59:54.787 [info] Getting sessions for all scopes...
2025-12-05 22:59:54.787 [info] Got 2 sessions for ...
2025-12-05 22:59:54.790 [info] Getting sessions for read:user,repo,user:email,workflow...
2025-12-05 22:59:54.790 [info] Got 1 sessions for read:user,repo,user:email,workflow...
2025-12-05 23:04:54.797 [info] Getting sessions for all scopes...
2025-12-05 23:04:54.797 [info] Got 2 sessions for ...
2025-12-05 23:04:54.798 [info] Getting sessions for read:user,repo,user:email,workflow...
2025-12-05 23:04:54.798 [info] Got 1 sessions for read:user,repo,user:email,workflow...
2025-12-05 23:09:54.804 [info] Getting sessions for all scopes...
2025-12-05 23:09:54.804 [info] Got 2 sessions for ...
2025-12-05 23:09:54.806 [info] Getting sessions for read:user,repo,user:email,workflow...
2025-12-05 23:09:54.806 [info] Got 1 sessions for read:user,repo,user:email,workflow...
2025-12-05 23:14:54.814 [info] Getting sessions for all scopes...
2025-12-05 23:14:54.814 [info] Got 2 sessions for ...
2025-12-05 23:14:54.815 [info] Getting sessions for read:user,repo,user:email,workflow...
2025-12-05 23:14:54.815 [info] Got 1 sessions for read:user,repo,user:email,workflow...
2025-12-05 23:19:54.824 [info] Getting sessions for all scopes...
2025-12-05 23:19:54.824 [info] Got 2 sessions for ...
2025-12-05 23:19:54.826 [info] Getting sessions for read:user,repo,user:email,workflow...
2025-12-05 23:19:54.826 [info] Got 1 sessions for read:user,repo,user:email,workflow...
2025-12-05 23:24:54.829 [info] Getting sessions for all scopes...
2025-12-05 23:24:54.829 [info] Got 2 sessions for ...
2025-12-05 23:24:54.830 [info] Getting sessions for read:user,repo,user:email,workflow...
2025-12-05 23:24:54.830 [info] Got 1 sessions for read:user,repo,user:email,workflow...
2025-12-05 23:29:54.839 [info] Getting sessions for all scopes...
2025-12-05 23:29:54.839 [info] Got 2 sessions for ...
2025-12-05 23:29:54.841 [info] Getting sessions for read:user,repo,user:email,workflow...
2025-12-05 23:29:54.841 [info] Got 1 sessions for read:user,repo,user:email,workflow...
2025-12-05 23:34:54.849 [info] Getting sessions for all scopes...
2025-12-05 23:34:54.849 [info] Got 2 sessions for ...
2025-12-05 23:34:54.850 [info] Getting sessions for read:user,repo,user:email,workflow...
2025-12-05 23:34:54.850 [info] Got 1 sessions for read:user,repo,user:email,workflow...
2025-12-05 23:39:54.855 [info] Getting sessions for all scopes...
2025-12-05 23:39:54.855 [info] Got 2 sessions for ...
2025-12-05 23:39:54.856 [info] Getting sessions for read:user,repo,user:email,workflow...
2025-12-05 23:39:54.856 [info] Got 1 sessions for read:user,repo,user:email,workflow...
2025-12-05 23:44:54.865 [info] Getting sessions for all scopes...
2025-12-05 23:44:54.865 [info] Got 2 sessions for ...
2025-12-05 23:44:54.866 [info] Getting sessions for read:user,repo,user:email,workflow...
2025-12-05 23:44:54.866 [info] Got 1 sessions for read:user,repo,user:email,workflow...
2025-12-05 23:49:54.876 [info] Getting sessions for all scopes...
2025-12-05 23:49:54.876 [info] Got 2 sessions for ...
2025-12-05 23:49:54.877 [info] Getting sessions for read:user,repo,user:email,workflow...
2025-12-05 23:49:54.877 [info] Got 1 sessions for read:user,repo,user:email,workflow...
2025-12-05 23:54:54.882 [info] Getting sessions for all scopes...
2025-12-05 23:54:54.882 [info] Got 2 sessions for ...
2025-12-05 23:54:54.883 [info] Getting sessions for read:user,repo,user:email,workflow...
2025-12-05 23:54:54.883 [info] Got 1 sessions for read:user,repo,user:email,workflow...
2025-12-05 23:59:54.892 [info] Getting sessions for all scopes...
2025-12-05 23:59:54.892 [info] Got 2 sessions for ...
2025-12-05 23:59:54.893 [info] Getting sessions for read:user,repo,user:email,workflow...
2025-12-05 23:59:54.893 [info] Got 1 sessions for read:user,repo,user:email,workflow...
2025-12-06 00:04:54.902 [info] Getting sessions for all scopes...
2025-12-06 00:04:54.902 [info] Got 2 sessions for ...
2025-12-06 00:04:54.903 [info] Getting sessions for read:user,repo,user:email,workflow...
2025-12-06 00:04:54.903 [info] Got 1 sessions for read:user,repo,user:email,workflow...
2025-12-06 00:09:54.908 [info] Getting sessions for all scopes...
2025-12-06 00:09:54.908 [info] Got 2 sessions for ...
2025-12-06 00:09:54.909 [info] Getting sessions for read:user,repo,user:email,workflow...
2025-12-06 00:09:54.909 [info] Got 1 sessions for read:user,repo,user:email,workflow...
2025-12-06 00:14:54.918 [info] Getting sessions for all scopes...
2025-12-06 00:14:54.918 [info] Got 2 sessions for ...
2025-12-06 00:14:54.919 [info] Getting sessions for read:user,repo,user:email,workflow...
2025-12-06 00:14:54.919 [info] Got 1 sessions for read:user,repo,user:email,workflow...
2025-12-06 00:19:54.928 [info] Getting sessions for all scopes...
2025-12-06 00:19:54.928 [info] Got 2 sessions for ...
2025-12-06 00:19:54.929 [info] Getting sessions for read:user,repo,user:email,workflow...
2025-12-06 00:19:54.929 [info] Got 1 sessions for read:user,repo,user:email,workflow...
2025-12-06 00:24:54.933 [info] Getting sessions for all scopes...
2025-12-06 00:24:54.933 [info] Got 2 sessions for ...
2025-12-06 00:24:54.933 [info] Getting sessions for read:user,repo,user:email,workflow...
2025-12-06 00:24:54.934 [info] Got 1 sessions for read:user,repo,user:email,workflow...
2025-12-06 00:29:54.943 [info] Getting sessions for all scopes...
2025-12-06 00:29:54.943 [info] Got 2 sessions for ...
2025-12-06 00:29:54.944 [info] Getting sessions for read:user,repo,user:email,workflow...
2025-12-06 00:29:54.944 [info] Got 1 sessions for read:user,repo,user:email,workflow...
2025-12-06 00:34:54.953 [info] Getting sessions for all scopes...
2025-12-06 00:34:54.953 [info] Got 2 sessions for ...
2025-12-06 00:34:54.954 [info] Getting sessions for read:user,repo,user:email,workflow...
2025-12-06 00:34:54.954 [info] Got 1 sessions for read:user,repo,user:email,workflow...
2025-12-06 00:39:54.960 [info] Getting sessions for all scopes...
2025-12-06 00:39:54.960 [info] Got 2 sessions for ...
2025-12-06 00:39:54.961 [info] Getting sessions for read:user,repo,user:email,workflow...
2025-12-06 00:39:54.961 [info] Got 1 sessions for read:user,repo,user:email,workflow...
2025-12-06 00:44:54.970 [info] Getting sessions for all scopes...
2025-12-06 00:44:54.970 [info] Got 2 sessions for ...
2025-12-06 00:44:54.971 [info] Getting sessions for read:user,repo,user:email,workflow...
2025-12-06 00:44:54.971 [info] Got 1 sessions for read:user,repo,user:email,workflow...
2025-12-06 00:49:54.980 [info] Getting sessions for all scopes...
2025-12-06 00:49:54.980 [info] Got 2 sessions for ...
2025-12-06 00:49:54.981 [info] Getting sessions for read:user,repo,user:email,workflow...
2025-12-06 00:49:54.981 [info] Got 1 sessions for read:user,repo,user:email,workflow...
2025-12-06 00:54:54.986 [info] Getting sessions for all scopes...
2025-12-06 00:54:54.986 [info] Got 2 sessions for ...
2025-12-06 00:54:54.988 [info] Getting sessions for read:user,repo,user:email,workflow...
2025-12-06 00:54:54.988 [info] Got 1 sessions for read:user,repo,user:email,workflow...
2025-12-06 00:59:54.996 [info] Getting sessions for all scopes...
2025-12-06 00:59:54.996 [info] Got 2 sessions for ...
2025-12-06 00:59:54.997 [info] Getting sessions for read:user,repo,user:email,workflow...
2025-12-06 00:59:54.997 [info] Got 1 sessions for read:user,repo,user:email,workflow...
2025-12-06 01:04:55.007 [info] Getting sessions for all scopes...
2025-12-06 01:04:55.007 [info] Got 2 sessions for ...
2025-12-06 01:04:55.008 [info] Getting sessions for read:user,repo,user:email,workflow...
2025-12-06 01:04:55.008 [info] Got 1 sessions for read:user,repo,user:email,workflow...
2025-12-06 01:09:55.012 [info] Getting sessions for all scopes...
2025-12-06 01:09:55.012 [info] Got 2 sessions for ...
2025-12-06 01:09:55.013 [info] Getting sessions for read:user,repo,user:email,workflow...
2025-12-06 01:09:55.013 [info] Got 1 sessions for read:user,repo,user:email,workflow...
2025-12-06 01:14:55.022 [info] Getting sessions for all scopes...
2025-12-06 01:14:55.022 [info] Got 2 sessions for ...
2025-12-06 01:14:55.023 [info] Getting sessions for read:user,repo,user:email,workflow...
2025-12-06 01:14:55.023 [info] Got 1 sessions for read:user,repo,user:email,workflow...
2025-12-06 01:19:55.032 [info] Getting sessions for all scopes...
2025-12-06 01:19:55.032 [info] Got 2 sessions for ...
2025-12-06 01:19:55.033 [info] Getting sessions for read:user,repo,user:email,workflow...
2025-12-06 01:19:55.033 [info] Got 1 sessions for read:user,repo,user:email,workflow...
2025-12-06 01:24:55.038 [info] Getting sessions for all scopes...
2025-12-06 01:24:55.038 [info] Got 2 sessions for ...
2025-12-06 01:24:55.039 [info] Getting sessions for read:user,repo,user:email,workflow...
2025-12-06 01:24:55.039 [info] Got 1 sessions for read:user,repo,user:email,workflow...
2025-12-06 01:29:55.049 [info] Getting sessions for all scopes...
2025-12-06 01:29:55.049 [info] Got 2 sessions for ...
2025-12-06 01:29:55.050 [info] Getting sessions for read:user,repo,user:email,workflow...
2025-12-06 01:29:55.050 [info] Got 1 sessions for read:user,repo,user:email,workflow...
2025-12-06 01:34:55.059 [info] Getting sessions for all scopes...
2025-12-06 01:34:55.059 [info] Got 2 sessions for ...
2025-12-06 01:34:55.060 [info] Getting sessions for read:user,repo,user:email,workflow...
2025-12-06 01:34:55.060 [info] Got 1 sessions for read:user,repo,user:email,workflow...
2025-12-06 01:39:55.065 [info] Getting sessions for all scopes...
2025-12-06 01:39:55.065 [info] Got 2 sessions for ...
2025-12-06 01:39:55.065 [info] Getting sessions for read:user,repo,user:email,workflow...
2025-12-06 01:39:55.065 [info] Got 1 sessions for read:user,repo,user:email,workflow...
2025-12-06 01:44:55.075 [info] Getting sessions for all scopes...
2025-12-06 01:44:55.075 [info] Got 2 sessions for ...
2025-12-06 01:44:55.076 [info] Getting sessions for read:user,repo,user:email,workflow...
2025-12-06 01:44:55.076 [info] Got 1 sessions for read:user,repo,user:email,workflow...
2025-12-06 01:49:55.084 [info] Getting sessions for all scopes...
2025-12-06 01:49:55.084 [info] Got 2 sessions for ...
2025-12-06 01:49:55.084 [info] Getting sessions for read:user,repo,user:email,workflow...
2025-12-06 01:49:55.085 [info] Got 1 sessions for read:user,repo,user:email,workflow...
2025-12-06 01:54:55.086 [info] Getting sessions for all scopes...
2025-12-06 01:54:55.086 [info] Got 2 sessions for ...
2025-12-06 01:54:55.090 [info] Getting sessions for read:user,repo,user:email,workflow...
2025-12-06 01:54:55.090 [info] Got 1 sessions for read:user,repo,user:email,workflow...
2025-12-06 01:59:55.093 [info] Getting sessions for all scopes...
2025-12-06 01:59:55.093 [info] Got 2 sessions for ...
2025-12-06 01:59:55.094 [info] Getting sessions for read:user,repo,user:email,workflow...
2025-12-06 01:59:55.094 [info] Got 1 sessions for read:user,repo,user:email,workflow...
2025-12-06 02:04:55.102 [info] Getting sessions for all scopes...
2025-12-06 02:04:55.102 [info] Got 2 sessions for ...
2025-12-06 02:04:55.102 [info] Getting sessions for read:user,repo,user:email,workflow...
2025-12-06 02:04:55.102 [info] Got 1 sessions for read:user,repo,user:email,workflow...
2025-12-06 02:09:55.108 [info] Getting sessions for all scopes...
2025-12-06 02:09:55.108 [info] Got 2 sessions for ...
2025-12-06 02:09:55.109 [info] Getting sessions for read:user,repo,user:email,workflow...
2025-12-06 02:09:55.109 [info] Got 1 sessions for read:user,repo,user:email,workflow...
2025-12-06 02:14:55.116 [info] Getting sessions for all scopes...
2025-12-06 02:14:55.116 [info] Got 2 sessions for ...
2025-12-06 02:14:55.117 [info] Getting sessions for read:user,repo,user:email,workflow...
2025-12-06 02:14:55.117 [info] Got 1 sessions for read:user,repo,user:email,workflow...
2025-12-06 02:19:55.124 [info] Getting sessions for all scopes...
2025-12-06 02:19:55.124 [info] Got 2 sessions for ...
2025-12-06 02:19:55.125 [info] Getting sessions for read:user,repo,user:email,workflow...
2025-12-06 02:19:55.125 [info] Got 1 sessions for read:user,repo,user:email,workflow...
2025-12-06 02:24:55.130 [info] Getting sessions for all scopes...
2025-12-06 02:24:55.130 [info] Got 2 sessions for ...
2025-12-06 02:24:55.131 [info] Getting sessions for read:user,repo,user:email,workflow...
2025-12-06 02:24:55.131 [info] Got 1 sessions for read:user,repo,user:email,workflow...
2025-12-06 02:29:55.137 [info] Getting sessions for all scopes...
2025-12-06 02:29:55.137 [info] Got 2 sessions for ...
2025-12-06 02:29:55.138 [info] Getting sessions for read:user,repo,user:email,workflow...
2025-12-06 02:29:55.138 [info] Got 1 sessions for read:user,repo,user:email,workflow...
2025-12-06 02:34:55.145 [info] Getting sessions for all scopes...
2025-12-06 02:34:55.145 [info] Got 2 sessions for ...
2025-12-06 02:34:55.146 [info] Getting sessions for read:user,repo,user:email,workflow...
2025-12-06 02:34:55.146 [info] Got 1 sessions for read:user,repo,user:email,workflow...
2025-12-06 02:39:55.151 [info] Getting sessions for all scopes...
2025-12-06 02:39:55.151 [info] Got 2 sessions for ...
2025-12-06 02:39:55.152 [info] Getting sessions for read:user,repo,user:email,workflow...
2025-12-06 02:39:55.152 [info] Got 1 sessions for read:user,repo,user:email,workflow...
