2025-10-16 13:41:52.668 [info] Reading sessions from keychain...
2025-10-16 13:41:52.668 [info] Getting sessions for all scopes...
2025-10-16 13:41:52.668 [info] Got stored sessions!
2025-10-16 13:41:52.668 [info] Got 1 verified sessions.
2025-10-16 13:41:52.668 [info] Got 1 sessions for ...
2025-10-16 13:41:52.668 [info] Getting sessions for all scopes...
2025-10-16 13:41:52.668 [info] Got 1 sessions for ...
2025-10-16 13:41:52.668 [info] Getting sessions for all scopes...
2025-10-16 13:41:52.668 [info] Got 1 sessions for ...
2025-10-16 13:41:52.668 [info] Getting sessions for all scopes...
2025-10-16 13:41:52.668 [info] Got 1 sessions for ...
2025-10-16 13:41:52.668 [info] Getting sessions for all scopes...
2025-10-16 13:41:52.668 [info] Got 1 sessions for ...
2025-10-16 13:41:52.668 [info] Getting sessions for all scopes...
2025-10-16 13:41:52.668 [info] Got 1 sessions for ...
2025-10-16 13:41:52.668 [info] Getting sessions for all scopes...
2025-10-16 13:41:52.668 [info] Got 1 sessions for ...
2025-10-16 13:41:52.668 [info] Getting sessions for all scopes...
2025-10-16 13:41:52.668 [info] Got 1 sessions for ...
2025-10-16 13:41:52.668 [info] Getting sessions for all scopes...
2025-10-16 13:41:52.668 [info] Got 1 sessions for ...
2025-10-16 13:41:52.668 [info] Getting sessions for all scopes...
2025-10-16 13:41:52.668 [info] Got 1 sessions for ...
2025-10-16 13:41:52.668 [info] Getting sessions for all scopes...
2025-10-16 13:41:52.668 [info] Got 1 sessions for ...
2025-10-16 13:41:52.668 [info] Getting sessions for all scopes...
2025-10-16 13:41:52.668 [info] Got 1 sessions for ...
2025-10-16 13:41:52.668 [info] Getting sessions for all scopes...
2025-10-16 13:41:52.668 [info] Got 1 sessions for ...
2025-10-16 13:41:52.668 [info] Getting sessions for all scopes...
2025-10-16 13:41:52.668 [info] Got 1 sessions for ...
2025-10-16 13:41:52.668 [info] Getting sessions for all scopes...
2025-10-16 13:41:52.668 [info] Got 1 sessions for ...
2025-10-16 13:41:52.668 [info] Getting sessions for all scopes...
2025-10-16 13:41:52.668 [info] Got 1 sessions for ...
2025-10-16 13:41:55.285 [info] Getting sessions for all scopes...
2025-10-16 13:41:55.285 [info] Got 1 sessions for ...
2025-10-16 13:41:55.285 [info] Getting sessions for all scopes...
2025-10-16 13:41:55.285 [info] Got 1 sessions for ...
2025-10-16 13:41:55.286 [info] Getting sessions for all scopes...
2025-10-16 13:41:55.286 [info] Got 1 sessions for ...
2025-10-16 13:41:55.410 [info] Getting sessions for all scopes...
2025-10-16 13:41:55.410 [info] Got 1 sessions for ...
2025-10-16 13:41:55.411 [info] Getting sessions for all scopes...
2025-10-16 13:41:55.411 [info] Got 1 sessions for ...
2025-10-16 13:41:56.013 [info] Getting sessions for read:user,repo,user:email,workflow...
2025-10-16 13:41:56.013 [info] Got 0 sessions for read:user,repo,user:email,workflow...
2025-10-16 13:41:56.016 [info] FetcherService: Electron fetch failed with status: 429 
2025-10-16 13:41:56.046 [info] Getting sessions for all scopes...
2025-10-16 13:41:56.046 [info] Got 1 sessions for ...
2025-10-16 13:41:56.093 [info] Getting sessions for all scopes...
2025-10-16 13:41:56.093 [info] Got 1 sessions for ...
2025-10-16 13:41:56.145 [info] Getting sessions for read:user,repo,user:email,workflow...
2025-10-16 13:41:56.145 [info] Got 0 sessions for read:user,repo,user:email,workflow...
2025-10-16 13:41:56.158 [info] Getting sessions for read:user,repo,user:email,workflow...
2025-10-16 13:41:56.158 [info] Got 0 sessions for read:user,repo,user:email,workflow...
2025-10-16 13:41:56.159 [info] Getting sessions for user:email...
2025-10-16 13:41:56.159 [info] Got 1 sessions for user:email...
2025-10-16 13:41:56.159 [info] Getting sessions for read:user,repo,user:email,workflow...
2025-10-16 13:41:56.159 [info] Got 0 sessions for read:user,repo,user:email,workflow...
2025-10-16 13:41:56.173 [info] Getting sessions for all scopes...
2025-10-16 13:41:56.173 [info] Got 1 sessions for ...
2025-10-16 13:41:56.214 [info] Getting sessions for read:user...
2025-10-16 13:41:56.214 [info] Got 0 sessions for read:user...
2025-10-16 13:41:56.233 [info] Getting sessions for all scopes...
2025-10-16 13:41:56.233 [info] Got 1 sessions for ...
2025-10-16 13:41:56.248 [info] Getting sessions for read:user,repo,user:email,workflow...
2025-10-16 13:41:56.248 [info] Got 0 sessions for read:user,repo,user:email,workflow...
2025-10-16 13:41:56.297 [info] Getting sessions for user:email...
2025-10-16 13:41:56.297 [info] Got 1 sessions for user:email...
2025-10-16 13:41:56.395 [info] Getting sessions for user:email...
2025-10-16 13:41:56.395 [info] Got 1 sessions for user:email...
2025-10-16 13:41:56.407 [info] Getting sessions for read:user,repo,user:email,workflow...
2025-10-16 13:41:56.407 [info] Got 0 sessions for read:user,repo,user:email,workflow...
2025-10-16 13:41:56.649 [info] Getting sessions for read:user,repo,user:email,workflow...
2025-10-16 13:41:56.649 [info] Got 0 sessions for read:user,repo,user:email,workflow...
2025-10-16 13:41:56.652 [info] FetcherService: Node fetch failed with status: 429 Too Many Requests
2025-10-16 13:41:56.805 [info] Getting sessions for read:user,repo,user:email,workflow...
2025-10-16 13:41:56.805 [info] Got 0 sessions for read:user,repo,user:email,workflow...
2025-10-16 13:41:57.154 [info] FetcherService: Node http/s failed with status: 429 Too Many Requests
2025-10-16 13:41:57.747 [info] Getting sessions for all scopes...
2025-10-16 13:41:57.747 [info] Got 1 sessions for ...
2025-10-16 13:44:29.624 [info] Getting sessions for read:user,repo,user:email,workflow...
2025-10-16 13:44:29.624 [info] Got 0 sessions for read:user,repo,user:email,workflow...
2025-10-16 13:44:29.625 [info] Getting sessions for read:user...
2025-10-16 13:44:29.626 [info] Got 0 sessions for read:user...
2025-10-16 13:44:29.633 [info] Getting sessions for user:email...
2025-10-16 13:44:29.633 [info] Got 1 sessions for user:email...
2025-10-16 13:44:30.561 [info] Getting sessions for read:user,repo,user:email,workflow...
2025-10-16 13:44:30.561 [info] Got 0 sessions for read:user,repo,user:email,workflow...
2025-10-16 13:44:30.566 [info] Getting sessions for read:user...
2025-10-16 13:44:30.567 [info] Got 0 sessions for read:user...
2025-10-16 13:44:30.568 [info] Getting sessions for user:email...
2025-10-16 13:44:30.568 [info] Got 1 sessions for user:email...
2025-10-16 13:44:30.996 [info] Getting sessions for read:user,repo,user:email,workflow...
2025-10-16 13:44:30.997 [info] Got 0 sessions for read:user,repo,user:email,workflow...
2025-10-16 13:44:31.009 [info] Getting sessions for read:user...
2025-10-16 13:44:31.010 [info] Got 0 sessions for read:user...
2025-10-16 13:44:31.011 [info] Getting sessions for user:email...
2025-10-16 13:44:31.011 [info] Got 1 sessions for user:email...
2025-10-16 13:44:31.428 [info] Getting sessions for read:user,repo,user:email,workflow...
2025-10-16 13:44:31.428 [info] Got 0 sessions for read:user,repo,user:email,workflow...
2025-10-16 13:44:31.433 [info] Getting sessions for read:user...
2025-10-16 13:44:31.433 [info] Got 0 sessions for read:user...
2025-10-16 13:44:31.434 [info] Getting sessions for user:email...
2025-10-16 13:44:31.434 [info] Got 1 sessions for user:email...
2025-10-16 13:48:10.108 [info] Getting sessions for read:user,repo,user:email,workflow...
2025-10-16 13:48:10.109 [info] Got 0 sessions for read:user,repo,user:email,workflow...
2025-10-16 13:48:10.109 [info] Getting sessions for read:user...
2025-10-16 13:48:10.110 [info] Got 0 sessions for read:user...
2025-10-16 13:48:10.111 [info] Getting sessions for user:email...
2025-10-16 13:48:10.111 [info] Got 1 sessions for user:email...
2025-10-16 13:48:11.076 [info] Getting sessions for read:user,repo,user:email,workflow...
2025-10-16 13:48:11.076 [info] Got 0 sessions for read:user,repo,user:email,workflow...
2025-10-16 13:48:11.080 [info] Getting sessions for read:user...
2025-10-16 13:48:11.081 [info] Got 0 sessions for read:user...
2025-10-16 13:48:11.081 [info] Getting sessions for user:email...
2025-10-16 13:48:11.081 [info] Got 1 sessions for user:email...
2025-10-16 13:48:11.464 [info] Getting sessions for read:user,repo,user:email,workflow...
2025-10-16 13:48:11.464 [info] Got 0 sessions for read:user,repo,user:email,workflow...
2025-10-16 13:48:11.474 [info] Getting sessions for read:user...
2025-10-16 13:48:11.474 [info] Got 0 sessions for read:user...
2025-10-16 13:48:11.475 [info] Getting sessions for user:email...
2025-10-16 13:48:11.475 [info] Got 1 sessions for user:email...
2025-10-16 13:48:12.086 [info] Getting sessions for read:user,repo,user:email,workflow...
2025-10-16 13:48:12.086 [info] Got 0 sessions for read:user,repo,user:email,workflow...
2025-10-16 13:48:12.089 [info] Getting sessions for read:user...
2025-10-16 13:48:12.089 [info] Got 0 sessions for read:user...
2025-10-16 13:48:12.090 [info] Getting sessions for user:email...
2025-10-16 13:48:12.090 [info] Got 1 sessions for user:email...
2025-10-16 13:48:14.703 [info] Getting sessions for read:user,repo,user:email,workflow...
2025-10-16 13:48:14.703 [info] Got 0 sessions for read:user,repo,user:email,workflow...
2025-10-16 13:48:14.704 [info] Getting sessions for read:user...
2025-10-16 13:48:14.704 [info] Got 0 sessions for read:user...
2025-10-16 13:48:14.705 [info] Getting sessions for user:email...
2025-10-16 13:48:14.705 [info] Got 1 sessions for user:email...
2025-10-16 13:48:48.644 [info] Getting sessions for read:user,repo,user:email,workflow...
2025-10-16 13:48:48.644 [info] Got 0 sessions for read:user,repo,user:email,workflow...
2025-10-16 13:48:48.645 [info] Getting sessions for read:user...
2025-10-16 13:48:48.645 [info] Got 0 sessions for read:user...
2025-10-16 13:48:48.649 [info] Getting sessions for user:email...
2025-10-16 13:48:48.649 [info] Got 1 sessions for user:email...
2025-10-16 13:48:50.290 [info] Getting sessions for read:user,repo,user:email,workflow...
2025-10-16 13:48:50.290 [info] Got 0 sessions for read:user,repo,user:email,workflow...
2025-10-16 13:48:50.291 [info] Getting sessions for read:user...
2025-10-16 13:48:50.291 [info] Got 0 sessions for read:user...
2025-10-16 13:48:50.295 [info] Getting sessions for user:email...
2025-10-16 13:48:50.295 [info] Got 1 sessions for user:email...
2025-10-16 13:48:50.895 [info] Getting sessions for read:user,repo,user:email,workflow...
2025-10-16 13:48:50.895 [info] Got 0 sessions for read:user,repo,user:email,workflow...
2025-10-16 13:48:50.896 [info] Getting sessions for read:user...
2025-10-16 13:48:50.896 [info] Got 0 sessions for read:user...
2025-10-16 13:48:50.897 [info] Getting sessions for user:email...
2025-10-16 13:48:50.897 [info] Got 1 sessions for user:email...
2025-10-16 13:48:56.379 [info] Getting sessions for read:user,repo,user:email,workflow...
2025-10-16 13:48:56.379 [info] Got 0 sessions for read:user,repo,user:email,workflow...
2025-10-16 13:48:56.380 [info] Getting sessions for read:user...
2025-10-16 13:48:56.380 [info] Got 0 sessions for read:user...
2025-10-16 13:48:56.380 [info] Getting sessions for user:email...
2025-10-16 13:48:56.380 [info] Got 1 sessions for user:email...
2025-10-16 13:48:57.498 [info] Getting sessions for read:user,repo,user:email,workflow...
2025-10-16 13:48:57.498 [info] Got 0 sessions for read:user,repo,user:email,workflow...
2025-10-16 13:48:57.498 [info] Getting sessions for read:user...
2025-10-16 13:48:57.498 [info] Got 0 sessions for read:user...
2025-10-16 13:48:57.499 [info] Getting sessions for user:email...
2025-10-16 13:48:57.499 [info] Got 1 sessions for user:email...
2025-10-16 13:49:16.809 [info] Getting sessions for read:user,repo,user:email,workflow...
2025-10-16 13:49:16.809 [info] Got 0 sessions for read:user,repo,user:email,workflow...
2025-10-16 13:49:16.810 [info] Getting sessions for read:user...
2025-10-16 13:49:16.810 [info] Got 0 sessions for read:user...
2025-10-16 13:49:16.811 [info] Getting sessions for user:email...
2025-10-16 13:49:16.811 [info] Got 1 sessions for user:email...
2025-10-16 13:49:18.390 [info] Getting sessions for read:user,repo,user:email,workflow...
2025-10-16 13:49:18.390 [info] Got 0 sessions for read:user,repo,user:email,workflow...
2025-10-16 13:49:18.390 [info] Getting sessions for read:user...
2025-10-16 13:49:18.390 [info] Got 0 sessions for read:user...
2025-10-16 13:49:18.391 [info] Getting sessions for user:email...
2025-10-16 13:49:18.391 [info] Got 1 sessions for user:email...
2025-10-16 13:49:18.756 [info] Getting sessions for read:user,repo,user:email,workflow...
2025-10-16 13:49:18.756 [info] Got 0 sessions for read:user,repo,user:email,workflow...
2025-10-16 13:49:18.757 [info] Getting sessions for read:user...
2025-10-16 13:49:18.757 [info] Got 0 sessions for read:user...
2025-10-16 13:49:18.758 [info] Getting sessions for user:email...
2025-10-16 13:49:18.758 [info] Got 1 sessions for user:email...
2025-10-16 13:50:07.536 [info] Getting sessions for read:user,repo,user:email,workflow...
2025-10-16 13:50:07.537 [info] Got 0 sessions for read:user,repo,user:email,workflow...
2025-10-16 13:50:07.537 [info] Getting sessions for read:user...
2025-10-16 13:50:07.537 [info] Got 0 sessions for read:user...
2025-10-16 13:50:07.546 [info] Getting sessions for user:email...
2025-10-16 13:50:07.546 [info] Got 1 sessions for user:email...
2025-10-16 13:50:08.156 [info] Getting sessions for read:user,repo,user:email,workflow...
2025-10-16 13:50:08.156 [info] Got 0 sessions for read:user,repo,user:email,workflow...
2025-10-16 13:50:08.157 [info] Getting sessions for read:user...
2025-10-16 13:50:08.157 [info] Got 0 sessions for read:user...
2025-10-16 13:50:08.158 [info] Getting sessions for user:email...
2025-10-16 13:50:08.158 [info] Got 1 sessions for user:email...
2025-10-16 13:50:28.829 [info] Getting sessions for read:user,repo,user:email,workflow...
2025-10-16 13:50:28.829 [info] Got 0 sessions for read:user,repo,user:email,workflow...
2025-10-16 13:50:28.830 [info] Getting sessions for read:user...
2025-10-16 13:50:28.830 [info] Got 0 sessions for read:user...
2025-10-16 13:50:28.831 [info] Getting sessions for user:email...
2025-10-16 13:50:28.831 [info] Got 1 sessions for user:email...
2025-10-16 13:50:36.349 [info] Getting sessions for read:user,repo,user:email,workflow...
2025-10-16 13:50:36.349 [info] Got 0 sessions for read:user,repo,user:email,workflow...
2025-10-16 13:50:36.350 [info] Getting sessions for read:user...
2025-10-16 13:50:36.350 [info] Got 0 sessions for read:user...
2025-10-16 13:50:36.351 [info] Getting sessions for user:email...
2025-10-16 13:50:36.351 [info] Got 1 sessions for user:email...
2025-10-16 13:50:37.040 [info] Getting sessions for read:user,repo,user:email,workflow...
2025-10-16 13:50:37.040 [info] Got 0 sessions for read:user,repo,user:email,workflow...
2025-10-16 13:50:37.041 [info] Getting sessions for read:user...
2025-10-16 13:50:37.041 [info] Got 0 sessions for read:user...
2025-10-16 13:50:37.042 [info] Getting sessions for user:email...
2025-10-16 13:50:37.042 [info] Got 1 sessions for user:email...
2025-10-16 13:50:38.410 [info] Getting sessions for read:user,repo,user:email,workflow...
2025-10-16 13:50:38.410 [info] Got 0 sessions for read:user,repo,user:email,workflow...
2025-10-16 13:50:38.411 [info] Getting sessions for read:user...
2025-10-16 13:50:38.411 [info] Got 0 sessions for read:user...
2025-10-16 13:50:38.412 [info] Getting sessions for user:email...
2025-10-16 13:50:38.412 [info] Got 1 sessions for user:email...
2025-10-16 13:50:38.897 [info] Getting sessions for read:user,repo,user:email,workflow...
2025-10-16 13:50:38.898 [info] Got 0 sessions for read:user,repo,user:email,workflow...
2025-10-16 13:50:38.898 [info] Getting sessions for read:user...
2025-10-16 13:50:38.898 [info] Got 0 sessions for read:user...
2025-10-16 13:50:38.899 [info] Getting sessions for user:email...
2025-10-16 13:50:38.899 [info] Got 1 sessions for user:email...
2025-10-16 13:50:39.268 [info] Getting sessions for read:user,repo,user:email,workflow...
2025-10-16 13:50:39.268 [info] Got 0 sessions for read:user,repo,user:email,workflow...
2025-10-16 13:50:39.269 [info] Getting sessions for read:user...
2025-10-16 13:50:39.269 [info] Got 0 sessions for read:user...
2025-10-16 13:50:39.270 [info] Getting sessions for user:email...
2025-10-16 13:50:39.270 [info] Got 1 sessions for user:email...
2025-10-16 13:50:41.181 [info] Getting sessions for read:user,repo,user:email,workflow...
2025-10-16 13:50:41.181 [info] Got 0 sessions for read:user,repo,user:email,workflow...
2025-10-16 13:50:41.183 [info] Getting sessions for read:user...
2025-10-16 13:50:41.183 [info] Got 0 sessions for read:user...
2025-10-16 13:50:41.184 [info] Getting sessions for user:email...
2025-10-16 13:50:41.184 [info] Got 1 sessions for user:email...
2025-10-16 13:50:43.758 [info] Getting sessions for read:user,repo,user:email,workflow...
2025-10-16 13:50:43.758 [info] Got 0 sessions for read:user,repo,user:email,workflow...
2025-10-16 13:50:43.759 [info] Getting sessions for read:user...
2025-10-16 13:50:43.759 [info] Got 0 sessions for read:user...
2025-10-16 13:50:43.760 [info] Getting sessions for user:email...
2025-10-16 13:50:43.760 [info] Got 1 sessions for user:email...
2025-10-16 13:57:03.945 [info] Getting sessions for read:user,repo,user:email,workflow...
2025-10-16 13:57:03.945 [info] Got 0 sessions for read:user,repo,user:email,workflow...
2025-10-16 13:57:03.947 [info] Getting sessions for read:user...
2025-10-16 13:57:03.947 [info] Got 0 sessions for read:user...
2025-10-16 13:57:03.947 [info] Getting sessions for user:email...
2025-10-16 13:57:03.947 [info] Got 1 sessions for user:email...
2025-10-16 13:57:04.756 [info] Getting sessions for read:user,repo,user:email,workflow...
2025-10-16 13:57:04.756 [info] Got 0 sessions for read:user,repo,user:email,workflow...
2025-10-16 13:57:04.757 [info] Getting sessions for read:user...
2025-10-16 13:57:04.757 [info] Got 0 sessions for read:user...
2025-10-16 13:57:04.757 [info] Getting sessions for user:email...
2025-10-16 13:57:04.757 [info] Got 1 sessions for user:email...
2025-10-16 13:57:05.173 [info] Getting sessions for read:user,repo,user:email,workflow...
2025-10-16 13:57:05.173 [info] Got 0 sessions for read:user,repo,user:email,workflow...
2025-10-16 13:57:05.178 [info] Getting sessions for read:user...
2025-10-16 13:57:05.178 [info] Got 0 sessions for read:user...
2025-10-16 13:57:05.179 [info] Getting sessions for user:email...
2025-10-16 13:57:05.179 [info] Got 1 sessions for user:email...
2025-10-16 13:57:07.108 [info] Getting sessions for read:user,repo,user:email,workflow...
2025-10-16 13:57:07.108 [info] Got 0 sessions for read:user,repo,user:email,workflow...
2025-10-16 13:57:07.110 [info] Getting sessions for read:user...
2025-10-16 13:57:07.110 [info] Got 0 sessions for read:user...
2025-10-16 13:57:07.111 [info] Getting sessions for user:email...
2025-10-16 13:57:07.111 [info] Got 1 sessions for user:email...
2025-10-16 13:57:24.905 [info] Getting sessions for read:user,repo,user:email,workflow...
2025-10-16 13:57:24.905 [info] Got 0 sessions for read:user,repo,user:email,workflow...
2025-10-16 13:57:24.906 [info] Getting sessions for read:user...
2025-10-16 13:57:24.906 [info] Got 0 sessions for read:user...
2025-10-16 13:57:24.907 [info] Getting sessions for user:email...
2025-10-16 13:57:24.907 [info] Got 1 sessions for user:email...
2025-10-16 13:57:26.391 [info] Getting sessions for read:user,repo,user:email,workflow...
2025-10-16 13:57:26.392 [info] Got 0 sessions for read:user,repo,user:email,workflow...
2025-10-16 13:57:26.400 [info] Getting sessions for read:user...
2025-10-16 13:57:26.400 [info] Got 0 sessions for read:user...
2025-10-16 13:57:26.400 [info] Getting sessions for user:email...
2025-10-16 13:57:26.401 [info] Got 1 sessions for user:email...
2025-10-16 13:57:26.906 [info] Getting sessions for read:user,repo,user:email,workflow...
2025-10-16 13:57:26.906 [info] Got 0 sessions for read:user,repo,user:email,workflow...
2025-10-16 13:57:26.907 [info] Getting sessions for read:user...
2025-10-16 13:57:26.907 [info] Got 0 sessions for read:user...
2025-10-16 13:57:26.908 [info] Getting sessions for user:email...
2025-10-16 13:57:26.908 [info] Got 1 sessions for user:email...
2025-10-16 13:57:28.098 [info] Getting sessions for read:user,repo,user:email,workflow...
2025-10-16 13:57:28.098 [info] Got 0 sessions for read:user,repo,user:email,workflow...
2025-10-16 13:57:28.099 [info] Getting sessions for read:user...
2025-10-16 13:57:28.099 [info] Got 0 sessions for read:user...
2025-10-16 13:57:28.100 [info] Getting sessions for user:email...
2025-10-16 13:57:28.100 [info] Got 1 sessions for user:email...
2025-10-16 13:59:11.366 [info] Getting sessions for read:user,repo,user:email,workflow...
2025-10-16 13:59:11.366 [info] Got 0 sessions for read:user,repo,user:email,workflow...
2025-10-16 13:59:11.369 [info] Getting sessions for read:user...
2025-10-16 13:59:11.369 [info] Got 0 sessions for read:user...
2025-10-16 13:59:11.370 [info] Getting sessions for user:email...
2025-10-16 13:59:11.371 [info] Got 1 sessions for user:email...
2025-10-16 13:59:12.230 [info] Getting sessions for read:user,repo,user:email,workflow...
2025-10-16 13:59:12.230 [info] Got 0 sessions for read:user,repo,user:email,workflow...
2025-10-16 13:59:12.231 [info] Getting sessions for read:user...
2025-10-16 13:59:12.231 [info] Got 0 sessions for read:user...
2025-10-16 13:59:12.232 [info] Getting sessions for user:email...
2025-10-16 13:59:12.232 [info] Got 1 sessions for user:email...
2025-10-16 13:59:39.356 [info] Getting sessions for read:user,repo,user:email,workflow...
2025-10-16 13:59:39.356 [info] Got 0 sessions for read:user,repo,user:email,workflow...
2025-10-16 13:59:39.356 [info] Getting sessions for read:user...
2025-10-16 13:59:39.356 [info] Got 0 sessions for read:user...
2025-10-16 13:59:39.357 [info] Getting sessions for user:email...
2025-10-16 13:59:39.357 [info] Got 1 sessions for user:email...
2025-10-16 13:59:39.698 [info] Getting sessions for read:user,repo,user:email,workflow...
2025-10-16 13:59:39.698 [info] Got 0 sessions for read:user,repo,user:email,workflow...
2025-10-16 13:59:39.698 [info] Getting sessions for read:user...
2025-10-16 13:59:39.698 [info] Got 0 sessions for read:user...
2025-10-16 13:59:39.699 [info] Getting sessions for user:email...
2025-10-16 13:59:39.699 [info] Got 1 sessions for user:email...
2025-10-16 13:59:41.941 [info] Getting sessions for read:user,repo,user:email,workflow...
2025-10-16 13:59:41.941 [info] Got 0 sessions for read:user,repo,user:email,workflow...
2025-10-16 13:59:41.942 [info] Getting sessions for read:user...
2025-10-16 13:59:41.942 [info] Got 0 sessions for read:user...
2025-10-16 13:59:41.943 [info] Getting sessions for user:email...
2025-10-16 13:59:41.943 [info] Got 1 sessions for user:email...
2025-10-16 13:59:43.103 [info] Getting sessions for read:user,repo,user:email,workflow...
2025-10-16 13:59:43.103 [info] Got 0 sessions for read:user,repo,user:email,workflow...
2025-10-16 13:59:43.107 [info] Getting sessions for read:user...
2025-10-16 13:59:43.107 [info] Got 0 sessions for read:user...
2025-10-16 13:59:43.107 [info] Getting sessions for user:email...
2025-10-16 13:59:43.107 [info] Got 1 sessions for user:email...
2025-10-16 14:07:41.174 [info] Getting sessions for read:user,repo,user:email,workflow...
2025-10-16 14:07:41.174 [info] Got 0 sessions for read:user,repo,user:email,workflow...
2025-10-16 14:07:41.176 [info] Getting sessions for read:user...
2025-10-16 14:07:41.176 [info] Got 0 sessions for read:user...
2025-10-16 14:07:41.177 [info] Getting sessions for user:email...
2025-10-16 14:07:41.177 [info] Got 1 sessions for user:email...
2025-10-16 14:07:41.591 [info] Getting sessions for read:user,repo,user:email,workflow...
2025-10-16 14:07:41.591 [info] Got 0 sessions for read:user,repo,user:email,workflow...
2025-10-16 14:07:41.593 [info] Getting sessions for read:user...
2025-10-16 14:07:41.594 [info] Got 0 sessions for read:user...
2025-10-16 14:07:41.595 [info] Getting sessions for user:email...
2025-10-16 14:07:41.595 [info] Got 1 sessions for user:email...
2025-10-16 14:07:42.652 [info] Getting sessions for read:user,repo,user:email,workflow...
2025-10-16 14:07:42.652 [info] Got 0 sessions for read:user,repo,user:email,workflow...
2025-10-16 14:07:42.667 [info] Getting sessions for read:user...
2025-10-16 14:07:42.667 [info] Got 0 sessions for read:user...
2025-10-16 14:07:42.668 [info] Getting sessions for user:email...
2025-10-16 14:07:42.668 [info] Got 1 sessions for user:email...
2025-10-16 14:07:43.419 [info] Getting sessions for read:user,repo,user:email,workflow...
2025-10-16 14:07:43.419 [info] Got 0 sessions for read:user,repo,user:email,workflow...
2025-10-16 14:07:43.420 [info] Getting sessions for read:user...
2025-10-16 14:07:43.420 [info] Got 0 sessions for read:user...
2025-10-16 14:07:43.420 [info] Getting sessions for user:email...
2025-10-16 14:07:43.420 [info] Got 1 sessions for user:email...
2025-10-16 14:07:43.973 [info] Getting sessions for read:user,repo,user:email,workflow...
2025-10-16 14:07:43.973 [info] Got 0 sessions for read:user,repo,user:email,workflow...
2025-10-16 14:07:43.974 [info] Getting sessions for read:user...
2025-10-16 14:07:43.974 [info] Got 0 sessions for read:user...
2025-10-16 14:07:43.975 [info] Getting sessions for user:email...
2025-10-16 14:07:43.975 [info] Got 1 sessions for user:email...
2025-10-16 14:07:55.311 [info] Getting sessions for read:user,repo,user:email,workflow...
2025-10-16 14:07:55.311 [info] Got 0 sessions for read:user,repo,user:email,workflow...
2025-10-16 14:07:55.311 [info] Getting sessions for read:user...
2025-10-16 14:07:55.311 [info] Got 0 sessions for read:user...
2025-10-16 14:07:55.312 [info] Getting sessions for user:email...
2025-10-16 14:07:55.312 [info] Got 1 sessions for user:email...
2025-10-16 14:07:55.573 [info] Getting sessions for read:user,repo,user:email,workflow...
2025-10-16 14:07:55.573 [info] Got 0 sessions for read:user,repo,user:email,workflow...
2025-10-16 14:07:55.574 [info] Getting sessions for read:user...
2025-10-16 14:07:55.574 [info] Got 0 sessions for read:user...
2025-10-16 14:07:55.575 [info] Getting sessions for user:email...
2025-10-16 14:07:55.575 [info] Got 1 sessions for user:email...
2025-10-16 14:07:56.035 [info] Getting sessions for read:user,repo,user:email,workflow...
2025-10-16 14:07:56.035 [info] Got 0 sessions for read:user,repo,user:email,workflow...
2025-10-16 14:07:56.038 [info] Getting sessions for read:user...
2025-10-16 14:07:56.038 [info] Got 0 sessions for read:user...
2025-10-16 14:07:56.038 [info] Getting sessions for user:email...
2025-10-16 14:07:56.038 [info] Got 1 sessions for user:email...
2025-10-16 14:09:02.103 [info] Getting sessions for read:user,repo,user:email,workflow...
2025-10-16 14:09:02.103 [info] Got 0 sessions for read:user,repo,user:email,workflow...
2025-10-16 14:09:02.105 [info] Getting sessions for read:user...
2025-10-16 14:09:02.105 [info] Got 0 sessions for read:user...
2025-10-16 14:09:02.105 [info] Getting sessions for user:email...
2025-10-16 14:09:02.105 [info] Got 1 sessions for user:email...
2025-10-16 14:09:51.827 [info] Getting sessions for read:user,repo,user:email,workflow...
2025-10-16 14:09:51.827 [info] Got 0 sessions for read:user,repo,user:email,workflow...
2025-10-16 14:09:51.828 [info] Getting sessions for read:user...
2025-10-16 14:09:51.828 [info] Got 0 sessions for read:user...
2025-10-16 14:09:51.829 [info] Getting sessions for user:email...
2025-10-16 14:09:51.829 [info] Got 1 sessions for user:email...
2025-10-16 14:09:52.386 [info] Getting sessions for read:user,repo,user:email,workflow...
2025-10-16 14:09:52.386 [info] Got 0 sessions for read:user,repo,user:email,workflow...
2025-10-16 14:09:52.387 [info] Getting sessions for read:user...
2025-10-16 14:09:52.387 [info] Got 0 sessions for read:user...
2025-10-16 14:09:52.388 [info] Getting sessions for user:email...
2025-10-16 14:09:52.388 [info] Got 1 sessions for user:email...
2025-10-16 14:10:00.938 [info] Getting sessions for read:user,repo,user:email,workflow...
2025-10-16 14:10:00.938 [info] Got 0 sessions for read:user,repo,user:email,workflow...
2025-10-16 14:10:00.939 [info] Getting sessions for read:user...
2025-10-16 14:10:00.939 [info] Got 0 sessions for read:user...
2025-10-16 14:10:00.942 [info] Getting sessions for user:email...
2025-10-16 14:10:00.942 [info] Got 1 sessions for user:email...
2025-10-16 14:10:01.410 [info] Getting sessions for read:user,repo,user:email,workflow...
2025-10-16 14:10:01.410 [info] Got 0 sessions for read:user,repo,user:email,workflow...
2025-10-16 14:10:01.411 [info] Getting sessions for read:user...
2025-10-16 14:10:01.411 [info] Got 0 sessions for read:user...
2025-10-16 14:10:01.414 [info] Getting sessions for user:email...
2025-10-16 14:10:01.414 [info] Got 1 sessions for user:email...
2025-10-16 14:10:01.987 [info] Getting sessions for read:user,repo,user:email,workflow...
2025-10-16 14:10:01.987 [info] Got 0 sessions for read:user,repo,user:email,workflow...
2025-10-16 14:10:01.988 [info] Getting sessions for read:user...
2025-10-16 14:10:01.988 [info] Got 0 sessions for read:user...
2025-10-16 14:10:01.988 [info] Getting sessions for user:email...
2025-10-16 14:10:01.988 [info] Got 1 sessions for user:email...
2025-10-16 14:10:02.743 [info] Getting sessions for read:user,repo,user:email,workflow...
2025-10-16 14:10:02.743 [info] Got 0 sessions for read:user,repo,user:email,workflow...
2025-10-16 14:10:02.746 [info] Getting sessions for read:user...
2025-10-16 14:10:02.746 [info] Got 0 sessions for read:user...
2025-10-16 14:10:02.746 [info] Getting sessions for user:email...
2025-10-16 14:10:02.746 [info] Got 1 sessions for user:email...
2025-10-16 14:10:03.856 [info] Getting sessions for read:user,repo,user:email,workflow...
2025-10-16 14:10:03.856 [info] Got 0 sessions for read:user,repo,user:email,workflow...
2025-10-16 14:10:03.857 [info] Getting sessions for read:user...
2025-10-16 14:10:03.857 [info] Got 0 sessions for read:user...
2025-10-16 14:10:03.857 [info] Getting sessions for user:email...
2025-10-16 14:10:03.857 [info] Got 1 sessions for user:email...
2025-10-16 14:10:06.750 [info] Getting sessions for read:user,repo,user:email,workflow...
2025-10-16 14:10:06.750 [info] Got 0 sessions for read:user,repo,user:email,workflow...
2025-10-16 14:10:06.750 [info] Getting sessions for read:user...
2025-10-16 14:10:06.750 [info] Got 0 sessions for read:user...
2025-10-16 14:10:06.751 [info] Getting sessions for user:email...
2025-10-16 14:10:06.751 [info] Got 1 sessions for user:email...
2025-10-16 14:10:08.478 [info] Getting sessions for read:user,repo,user:email,workflow...
2025-10-16 14:10:08.478 [info] Got 0 sessions for read:user,repo,user:email,workflow...
2025-10-16 14:10:08.479 [info] Getting sessions for read:user...
2025-10-16 14:10:08.479 [info] Got 0 sessions for read:user...
2025-10-16 14:10:08.480 [info] Getting sessions for user:email...
2025-10-16 14:10:08.480 [info] Got 1 sessions for user:email...
2025-10-16 14:10:11.447 [info] Getting sessions for read:user,repo,user:email,workflow...
2025-10-16 14:10:11.447 [info] Got 0 sessions for read:user,repo,user:email,workflow...
2025-10-16 14:10:11.447 [info] Getting sessions for read:user...
2025-10-16 14:10:11.447 [info] Got 0 sessions for read:user...
2025-10-16 14:10:11.448 [info] Getting sessions for user:email...
2025-10-16 14:10:11.448 [info] Got 1 sessions for user:email...
2025-10-16 14:10:13.645 [info] Getting sessions for read:user,repo,user:email,workflow...
2025-10-16 14:10:13.645 [info] Got 0 sessions for read:user,repo,user:email,workflow...
2025-10-16 14:10:13.646 [info] Getting sessions for read:user...
2025-10-16 14:10:13.646 [info] Got 0 sessions for read:user...
2025-10-16 14:10:13.647 [info] Getting sessions for user:email...
2025-10-16 14:10:13.647 [info] Got 1 sessions for user:email...
2025-10-16 14:10:14.466 [info] Getting sessions for read:user,repo,user:email,workflow...
2025-10-16 14:10:14.466 [info] Got 0 sessions for read:user,repo,user:email,workflow...
2025-10-16 14:10:14.467 [info] Getting sessions for read:user...
2025-10-16 14:10:14.467 [info] Got 0 sessions for read:user...
2025-10-16 14:10:14.468 [info] Getting sessions for user:email...
2025-10-16 14:10:14.468 [info] Got 1 sessions for user:email...
2025-10-16 14:10:14.834 [info] Getting sessions for read:user,repo,user:email,workflow...
2025-10-16 14:10:14.834 [info] Got 0 sessions for read:user,repo,user:email,workflow...
2025-10-16 14:10:14.835 [info] Getting sessions for read:user...
2025-10-16 14:10:14.835 [info] Got 0 sessions for read:user...
2025-10-16 14:10:14.836 [info] Getting sessions for user:email...
2025-10-16 14:10:14.836 [info] Got 1 sessions for user:email...
2025-10-16 14:10:15.350 [info] Getting sessions for read:user,repo,user:email,workflow...
2025-10-16 14:10:15.350 [info] Got 0 sessions for read:user,repo,user:email,workflow...
2025-10-16 14:10:15.351 [info] Getting sessions for read:user...
2025-10-16 14:10:15.351 [info] Got 0 sessions for read:user...
2025-10-16 14:10:15.352 [info] Getting sessions for user:email...
2025-10-16 14:10:15.352 [info] Got 1 sessions for user:email...
2025-10-16 14:10:15.821 [info] Getting sessions for read:user,repo,user:email,workflow...
2025-10-16 14:10:15.821 [info] Got 0 sessions for read:user,repo,user:email,workflow...
2025-10-16 14:10:15.822 [info] Getting sessions for read:user...
2025-10-16 14:10:15.822 [info] Got 0 sessions for read:user...
2025-10-16 14:10:15.822 [info] Getting sessions for user:email...
2025-10-16 14:10:15.822 [info] Got 1 sessions for user:email...
2025-10-16 14:10:20.241 [info] Getting sessions for read:user,repo,user:email,workflow...
2025-10-16 14:10:20.241 [info] Got 0 sessions for read:user,repo,user:email,workflow...
2025-10-16 14:10:20.242 [info] Getting sessions for read:user...
2025-10-16 14:10:20.242 [info] Got 0 sessions for read:user...
2025-10-16 14:10:20.244 [info] Getting sessions for user:email...
2025-10-16 14:10:20.244 [info] Got 1 sessions for user:email...
2025-10-16 14:10:33.298 [info] Getting sessions for read:user,repo,user:email,workflow...
2025-10-16 14:10:33.298 [info] Got 0 sessions for read:user,repo,user:email,workflow...
2025-10-16 14:10:33.299 [info] Getting sessions for read:user...
2025-10-16 14:10:33.299 [info] Got 0 sessions for read:user...
2025-10-16 14:10:33.300 [info] Getting sessions for user:email...
2025-10-16 14:10:33.300 [info] Got 1 sessions for user:email...
2025-10-16 14:10:33.646 [info] Getting sessions for read:user,repo,user:email,workflow...
2025-10-16 14:10:33.646 [info] Got 0 sessions for read:user,repo,user:email,workflow...
2025-10-16 14:10:33.646 [info] Getting sessions for read:user...
2025-10-16 14:10:33.646 [info] Got 0 sessions for read:user...
2025-10-16 14:10:33.647 [info] Getting sessions for user:email...
2025-10-16 14:10:33.647 [info] Got 1 sessions for user:email...
2025-10-16 14:10:40.763 [info] Getting sessions for read:user,repo,user:email,workflow...
2025-10-16 14:10:40.763 [info] Got 0 sessions for read:user,repo,user:email,workflow...
2025-10-16 14:10:40.764 [info] Getting sessions for read:user...
2025-10-16 14:10:40.764 [info] Got 0 sessions for read:user...
2025-10-16 14:10:40.764 [info] Getting sessions for user:email...
2025-10-16 14:10:40.764 [info] Got 1 sessions for user:email...
2025-10-16 14:10:42.149 [info] Getting sessions for read:user,repo,user:email,workflow...
2025-10-16 14:10:42.149 [info] Got 0 sessions for read:user,repo,user:email,workflow...
2025-10-16 14:10:42.150 [info] Getting sessions for read:user...
2025-10-16 14:10:42.150 [info] Got 0 sessions for read:user...
2025-10-16 14:10:42.150 [info] Getting sessions for user:email...
2025-10-16 14:10:42.150 [info] Got 1 sessions for user:email...
2025-10-16 14:10:44.521 [info] Getting sessions for read:user,repo,user:email,workflow...
2025-10-16 14:10:44.521 [info] Got 0 sessions for read:user,repo,user:email,workflow...
2025-10-16 14:10:44.522 [info] Getting sessions for read:user...
2025-10-16 14:10:44.522 [info] Got 0 sessions for read:user...
2025-10-16 14:10:44.522 [info] Getting sessions for user:email...
2025-10-16 14:10:44.522 [info] Got 1 sessions for user:email...
2025-10-16 14:11:00.939 [info] Getting sessions for read:user,repo,user:email,workflow...
2025-10-16 14:11:00.939 [info] Got 0 sessions for read:user,repo,user:email,workflow...
2025-10-16 14:11:00.940 [info] Getting sessions for read:user...
2025-10-16 14:11:00.940 [info] Got 0 sessions for read:user...
2025-10-16 14:11:00.941 [info] Getting sessions for user:email...
2025-10-16 14:11:00.941 [info] Got 1 sessions for user:email...
2025-10-16 14:13:28.766 [info] Getting sessions for read:user,repo,user:email,workflow...
2025-10-16 14:13:28.766 [info] Got 0 sessions for read:user,repo,user:email,workflow...
2025-10-16 14:13:28.767 [info] Getting sessions for read:user...
2025-10-16 14:13:28.767 [info] Got 0 sessions for read:user...
2025-10-16 14:13:28.767 [info] Getting sessions for user:email...
2025-10-16 14:13:28.767 [info] Got 1 sessions for user:email...
2025-10-16 14:13:29.417 [info] Getting sessions for read:user,repo,user:email,workflow...
2025-10-16 14:13:29.417 [info] Got 0 sessions for read:user,repo,user:email,workflow...
2025-10-16 14:13:29.418 [info] Getting sessions for read:user...
2025-10-16 14:13:29.418 [info] Got 0 sessions for read:user...
2025-10-16 14:13:29.418 [info] Getting sessions for user:email...
2025-10-16 14:13:29.418 [info] Got 1 sessions for user:email...
2025-10-16 14:13:31.110 [info] Getting sessions for read:user,repo,user:email,workflow...
2025-10-16 14:13:31.110 [info] Got 0 sessions for read:user,repo,user:email,workflow...
2025-10-16 14:13:31.115 [info] Getting sessions for read:user...
2025-10-16 14:13:31.115 [info] Got 0 sessions for read:user...
2025-10-16 14:13:31.115 [info] Getting sessions for user:email...
2025-10-16 14:13:31.115 [info] Got 1 sessions for user:email...
2025-10-16 14:13:31.523 [info] Getting sessions for read:user,repo,user:email,workflow...
2025-10-16 14:13:31.523 [info] Got 0 sessions for read:user,repo,user:email,workflow...
2025-10-16 14:13:31.524 [info] Getting sessions for read:user...
2025-10-16 14:13:31.524 [info] Got 0 sessions for read:user...
2025-10-16 14:13:31.525 [info] Getting sessions for user:email...
2025-10-16 14:13:31.525 [info] Got 1 sessions for user:email...
2025-10-16 14:13:32.041 [info] Getting sessions for read:user,repo,user:email,workflow...
2025-10-16 14:13:32.041 [info] Got 0 sessions for read:user,repo,user:email,workflow...
2025-10-16 14:13:32.041 [info] Getting sessions for read:user...
2025-10-16 14:13:32.041 [info] Got 0 sessions for read:user...
2025-10-16 14:13:32.042 [info] Getting sessions for user:email...
2025-10-16 14:13:32.042 [info] Got 1 sessions for user:email...
2025-10-16 14:13:32.649 [info] Getting sessions for read:user,repo,user:email,workflow...
2025-10-16 14:13:32.649 [info] Got 0 sessions for read:user,repo,user:email,workflow...
2025-10-16 14:13:32.650 [info] Getting sessions for read:user...
2025-10-16 14:13:32.650 [info] Got 0 sessions for read:user...
2025-10-16 14:13:32.651 [info] Getting sessions for user:email...
2025-10-16 14:13:32.651 [info] Got 1 sessions for user:email...
2025-10-16 14:13:33.596 [info] Getting sessions for read:user,repo,user:email,workflow...
2025-10-16 14:13:33.596 [info] Got 0 sessions for read:user,repo,user:email,workflow...
2025-10-16 14:13:33.623 [info] Getting sessions for read:user...
2025-10-16 14:13:33.623 [info] Got 0 sessions for read:user...
2025-10-16 14:13:33.626 [info] Getting sessions for user:email...
2025-10-16 14:13:33.626 [info] Got 1 sessions for user:email...
2025-10-16 14:13:34.003 [info] Getting sessions for read:user,repo,user:email,workflow...
2025-10-16 14:13:34.003 [info] Got 0 sessions for read:user,repo,user:email,workflow...
2025-10-16 14:13:34.003 [info] Getting sessions for read:user...
2025-10-16 14:13:34.003 [info] Got 0 sessions for read:user...
2025-10-16 14:13:34.004 [info] Getting sessions for user:email...
2025-10-16 14:13:34.004 [info] Got 1 sessions for user:email...
2025-10-16 14:13:34.644 [info] Getting sessions for read:user,repo,user:email,workflow...
2025-10-16 14:13:34.644 [info] Got 0 sessions for read:user,repo,user:email,workflow...
2025-10-16 14:13:34.645 [info] Getting sessions for read:user...
2025-10-16 14:13:34.645 [info] Got 0 sessions for read:user...
2025-10-16 14:13:34.646 [info] Getting sessions for user:email...
2025-10-16 14:13:34.646 [info] Got 1 sessions for user:email...
2025-10-16 14:14:35.465 [info] Getting sessions for read:user,repo,user:email,workflow...
2025-10-16 14:14:35.465 [info] Got 0 sessions for read:user,repo,user:email,workflow...
2025-10-16 14:14:35.465 [info] Getting sessions for read:user...
2025-10-16 14:14:35.465 [info] Got 0 sessions for read:user...
2025-10-16 14:14:35.466 [info] Getting sessions for user:email...
2025-10-16 14:14:35.466 [info] Got 1 sessions for user:email...
2025-10-16 14:15:42.673 [info] Getting sessions for read:user,repo,user:email,workflow...
2025-10-16 14:15:42.673 [info] Got 0 sessions for read:user,repo,user:email,workflow...
2025-10-16 14:15:42.674 [info] Getting sessions for read:user...
2025-10-16 14:15:42.674 [info] Got 0 sessions for read:user...
2025-10-16 14:15:42.674 [info] Getting sessions for user:email...
2025-10-16 14:15:42.674 [info] Got 1 sessions for user:email...
2025-10-16 14:15:43.284 [info] Getting sessions for read:user,repo,user:email,workflow...
2025-10-16 14:15:43.284 [info] Got 0 sessions for read:user,repo,user:email,workflow...
2025-10-16 14:15:43.285 [info] Getting sessions for read:user...
2025-10-16 14:15:43.285 [info] Got 0 sessions for read:user...
2025-10-16 14:15:43.286 [info] Getting sessions for user:email...
2025-10-16 14:15:43.286 [info] Got 1 sessions for user:email...
2025-10-16 14:15:43.572 [info] Getting sessions for read:user,repo,user:email,workflow...
2025-10-16 14:15:43.572 [info] Got 0 sessions for read:user,repo,user:email,workflow...
2025-10-16 14:15:43.573 [info] Getting sessions for read:user...
2025-10-16 14:15:43.573 [info] Got 0 sessions for read:user...
2025-10-16 14:15:43.573 [info] Getting sessions for user:email...
2025-10-16 14:15:43.573 [info] Got 1 sessions for user:email...
2025-10-16 14:15:44.269 [info] Getting sessions for read:user,repo,user:email,workflow...
2025-10-16 14:15:44.269 [info] Got 0 sessions for read:user,repo,user:email,workflow...
2025-10-16 14:15:44.274 [info] Getting sessions for read:user...
2025-10-16 14:15:44.274 [info] Got 0 sessions for read:user...
2025-10-16 14:15:44.275 [info] Getting sessions for user:email...
2025-10-16 14:15:44.275 [info] Got 1 sessions for user:email...
2025-10-16 14:15:44.911 [info] Getting sessions for read:user,repo,user:email,workflow...
2025-10-16 14:15:44.911 [info] Got 0 sessions for read:user,repo,user:email,workflow...
2025-10-16 14:15:44.912 [info] Getting sessions for read:user...
2025-10-16 14:15:44.912 [info] Got 0 sessions for read:user...
2025-10-16 14:15:44.913 [info] Getting sessions for user:email...
2025-10-16 14:15:44.913 [info] Got 1 sessions for user:email...
2025-10-16 14:15:45.883 [info] Getting sessions for read:user,repo,user:email,workflow...
2025-10-16 14:15:45.883 [info] Got 0 sessions for read:user,repo,user:email,workflow...
2025-10-16 14:15:45.885 [info] Getting sessions for read:user...
2025-10-16 14:15:45.885 [info] Got 0 sessions for read:user...
2025-10-16 14:15:45.886 [info] Getting sessions for user:email...
2025-10-16 14:15:45.886 [info] Got 1 sessions for user:email...
2025-10-16 14:15:47.667 [info] Getting sessions for read:user,repo,user:email,workflow...
2025-10-16 14:15:47.667 [info] Got 0 sessions for read:user,repo,user:email,workflow...
2025-10-16 14:15:47.668 [info] Getting sessions for read:user...
2025-10-16 14:15:47.668 [info] Got 0 sessions for read:user...
2025-10-16 14:15:47.670 [info] Getting sessions for user:email...
2025-10-16 14:15:47.670 [info] Got 1 sessions for user:email...
2025-10-16 14:15:48.052 [info] Getting sessions for read:user,repo,user:email,workflow...
2025-10-16 14:15:48.052 [info] Got 0 sessions for read:user,repo,user:email,workflow...
2025-10-16 14:15:48.053 [info] Getting sessions for read:user...
2025-10-16 14:15:48.053 [info] Got 0 sessions for read:user...
2025-10-16 14:15:48.054 [info] Getting sessions for user:email...
2025-10-16 14:15:48.054 [info] Got 1 sessions for user:email...
2025-10-16 14:15:50.845 [info] Getting sessions for read:user,repo,user:email,workflow...
2025-10-16 14:15:50.845 [info] Got 0 sessions for read:user,repo,user:email,workflow...
2025-10-16 14:15:50.845 [info] Getting sessions for read:user...
2025-10-16 14:15:50.845 [info] Got 0 sessions for read:user...
2025-10-16 14:15:50.846 [info] Getting sessions for user:email...
2025-10-16 14:15:50.846 [info] Got 1 sessions for user:email...
2025-10-16 14:15:51.308 [info] Getting sessions for read:user,repo,user:email,workflow...
2025-10-16 14:15:51.308 [info] Got 0 sessions for read:user,repo,user:email,workflow...
2025-10-16 14:15:51.309 [info] Getting sessions for read:user...
2025-10-16 14:15:51.309 [info] Got 0 sessions for read:user...
2025-10-16 14:15:51.310 [info] Getting sessions for user:email...
2025-10-16 14:15:51.310 [info] Got 1 sessions for user:email...
2025-10-16 14:15:53.742 [info] Getting sessions for read:user,repo,user:email,workflow...
2025-10-16 14:15:53.742 [info] Got 0 sessions for read:user,repo,user:email,workflow...
2025-10-16 14:15:53.842 [info] Getting sessions for read:user...
2025-10-16 14:15:53.842 [info] Got 0 sessions for read:user...
2025-10-16 14:15:53.846 [info] Getting sessions for user:email...
2025-10-16 14:15:53.846 [info] Got 1 sessions for user:email...
2025-10-16 14:18:04.416 [info] Getting sessions for read:user,repo,user:email,workflow...
2025-10-16 14:18:04.416 [info] Got 0 sessions for read:user,repo,user:email,workflow...
2025-10-16 14:18:04.417 [info] Getting sessions for read:user...
2025-10-16 14:18:04.417 [info] Got 0 sessions for read:user...
2025-10-16 14:18:04.418 [info] Getting sessions for user:email...
2025-10-16 14:18:04.418 [info] Got 1 sessions for user:email...
2025-10-16 14:18:04.913 [info] Getting sessions for read:user,repo,user:email,workflow...
2025-10-16 14:18:04.914 [info] Got 0 sessions for read:user,repo,user:email,workflow...
2025-10-16 14:18:04.915 [info] Getting sessions for read:user...
2025-10-16 14:18:04.916 [info] Got 0 sessions for read:user...
2025-10-16 14:18:04.921 [info] Getting sessions for user:email...
2025-10-16 14:18:04.921 [info] Got 1 sessions for user:email...
2025-10-16 14:18:05.654 [info] Getting sessions for read:user,repo,user:email,workflow...
2025-10-16 14:18:05.654 [info] Got 0 sessions for read:user,repo,user:email,workflow...
2025-10-16 14:18:05.658 [info] Getting sessions for read:user...
2025-10-16 14:18:05.658 [info] Got 0 sessions for read:user...
2025-10-16 14:18:05.808 [info] Getting sessions for user:email...
2025-10-16 14:18:05.808 [info] Got 1 sessions for user:email...
2025-10-16 14:18:06.519 [info] Getting sessions for read:user,repo,user:email,workflow...
2025-10-16 14:18:06.519 [info] Got 0 sessions for read:user,repo,user:email,workflow...
2025-10-16 14:18:06.520 [info] Getting sessions for read:user...
2025-10-16 14:18:06.520 [info] Got 0 sessions for read:user...
2025-10-16 14:18:06.534 [info] Getting sessions for user:email...
2025-10-16 14:18:06.534 [info] Got 1 sessions for user:email...
2025-10-16 14:18:08.147 [info] Getting sessions for read:user,repo,user:email,workflow...
2025-10-16 14:18:08.147 [info] Got 0 sessions for read:user,repo,user:email,workflow...
2025-10-16 14:18:08.147 [info] Getting sessions for read:user...
2025-10-16 14:18:08.147 [info] Got 0 sessions for read:user...
2025-10-16 14:18:08.148 [info] Getting sessions for user:email...
2025-10-16 14:18:08.148 [info] Got 1 sessions for user:email...
2025-10-16 14:18:08.950 [info] Getting sessions for read:user,repo,user:email,workflow...
2025-10-16 14:18:08.950 [info] Got 0 sessions for read:user,repo,user:email,workflow...
2025-10-16 14:18:08.951 [info] Getting sessions for read:user...
2025-10-16 14:18:08.951 [info] Got 0 sessions for read:user...
2025-10-16 14:18:08.951 [info] Getting sessions for user:email...
2025-10-16 14:18:08.951 [info] Got 1 sessions for user:email...
2025-10-16 14:18:09.697 [info] Getting sessions for read:user,repo,user:email,workflow...
2025-10-16 14:18:09.697 [info] Got 0 sessions for read:user,repo,user:email,workflow...
2025-10-16 14:18:09.698 [info] Getting sessions for read:user...
2025-10-16 14:18:09.698 [info] Got 0 sessions for read:user...
2025-10-16 14:18:09.706 [info] Getting sessions for user:email...
2025-10-16 14:18:09.706 [info] Got 1 sessions for user:email...
2025-10-16 14:27:45.075 [info] Getting sessions for read:user,repo,user:email,workflow...
2025-10-16 14:27:45.075 [info] Got 0 sessions for read:user,repo,user:email,workflow...
2025-10-16 14:27:45.076 [info] Getting sessions for read:user...
2025-10-16 14:27:45.076 [info] Got 0 sessions for read:user...
2025-10-16 14:27:45.077 [info] Getting sessions for user:email...
2025-10-16 14:27:45.077 [info] Got 1 sessions for user:email...
2025-10-16 14:27:45.683 [info] Getting sessions for read:user,repo,user:email,workflow...
2025-10-16 14:27:45.683 [info] Got 0 sessions for read:user,repo,user:email,workflow...
2025-10-16 14:27:45.684 [info] Getting sessions for read:user...
2025-10-16 14:27:45.684 [info] Got 0 sessions for read:user...
2025-10-16 14:27:45.685 [info] Getting sessions for user:email...
2025-10-16 14:27:45.685 [info] Got 1 sessions for user:email...
2025-10-16 14:27:46.110 [info] Getting sessions for read:user,repo,user:email,workflow...
2025-10-16 14:27:46.110 [info] Got 0 sessions for read:user,repo,user:email,workflow...
2025-10-16 14:27:46.115 [info] Getting sessions for read:user...
2025-10-16 14:27:46.115 [info] Got 0 sessions for read:user...
2025-10-16 14:27:46.116 [info] Getting sessions for user:email...
2025-10-16 14:27:46.116 [info] Got 1 sessions for user:email...
2025-10-16 14:27:49.290 [info] Getting sessions for read:user,repo,user:email,workflow...
2025-10-16 14:27:49.290 [info] Got 0 sessions for read:user,repo,user:email,workflow...
2025-10-16 14:27:49.291 [info] Getting sessions for read:user...
2025-10-16 14:27:49.291 [info] Got 0 sessions for read:user...
2025-10-16 14:27:49.291 [info] Getting sessions for user:email...
2025-10-16 14:27:49.291 [info] Got 1 sessions for user:email...
2025-10-16 14:27:49.647 [info] Getting sessions for read:user,repo,user:email,workflow...
2025-10-16 14:27:49.647 [info] Got 0 sessions for read:user,repo,user:email,workflow...
2025-10-16 14:27:49.648 [info] Getting sessions for read:user...
2025-10-16 14:27:49.648 [info] Got 0 sessions for read:user...
2025-10-16 14:27:49.649 [info] Getting sessions for user:email...
2025-10-16 14:27:49.649 [info] Got 1 sessions for user:email...
2025-10-16 14:27:50.901 [info] Getting sessions for read:user,repo,user:email,workflow...
2025-10-16 14:27:50.901 [info] Got 0 sessions for read:user,repo,user:email,workflow...
2025-10-16 14:27:50.902 [info] Getting sessions for read:user...
2025-10-16 14:27:50.902 [info] Got 0 sessions for read:user...
2025-10-16 14:27:50.903 [info] Getting sessions for user:email...
2025-10-16 14:27:50.903 [info] Got 1 sessions for user:email...
2025-10-16 14:27:51.385 [info] Getting sessions for read:user,repo,user:email,workflow...
2025-10-16 14:27:51.385 [info] Got 0 sessions for read:user,repo,user:email,workflow...
2025-10-16 14:27:51.387 [info] Getting sessions for read:user...
2025-10-16 14:27:51.387 [info] Got 0 sessions for read:user...
2025-10-16 14:27:51.388 [info] Getting sessions for user:email...
2025-10-16 14:27:51.388 [info] Got 1 sessions for user:email...
2025-10-16 14:27:52.509 [info] Getting sessions for read:user,repo,user:email,workflow...
2025-10-16 14:27:52.509 [info] Got 0 sessions for read:user,repo,user:email,workflow...
2025-10-16 14:27:52.510 [info] Getting sessions for read:user...
2025-10-16 14:27:52.510 [info] Got 0 sessions for read:user...
2025-10-16 14:27:52.510 [info] Getting sessions for user:email...
2025-10-16 14:27:52.511 [info] Got 1 sessions for user:email...
2025-10-16 14:27:53.488 [info] Getting sessions for read:user,repo,user:email,workflow...
2025-10-16 14:27:53.488 [info] Got 0 sessions for read:user,repo,user:email,workflow...
2025-10-16 14:27:53.489 [info] Getting sessions for read:user...
2025-10-16 14:27:53.489 [info] Got 0 sessions for read:user...
2025-10-16 14:27:53.489 [info] Getting sessions for user:email...
2025-10-16 14:27:53.489 [info] Got 1 sessions for user:email...
2025-10-16 14:27:56.165 [info] Getting sessions for read:user,repo,user:email,workflow...
2025-10-16 14:27:56.165 [info] Got 0 sessions for read:user,repo,user:email,workflow...
2025-10-16 14:27:56.166 [info] Getting sessions for read:user...
2025-10-16 14:27:56.166 [info] Got 0 sessions for read:user...
2025-10-16 14:27:56.166 [info] Getting sessions for user:email...
2025-10-16 14:27:56.166 [info] Got 1 sessions for user:email...
2025-10-16 14:27:56.690 [info] Getting sessions for read:user,repo,user:email,workflow...
2025-10-16 14:27:56.690 [info] Got 0 sessions for read:user,repo,user:email,workflow...
2025-10-16 14:27:56.691 [info] Getting sessions for read:user...
2025-10-16 14:27:56.691 [info] Got 0 sessions for read:user...
2025-10-16 14:27:56.691 [info] Getting sessions for user:email...
2025-10-16 14:27:56.692 [info] Got 1 sessions for user:email...
2025-10-16 14:28:00.644 [info] Getting sessions for read:user,repo,user:email,workflow...
2025-10-16 14:28:00.644 [info] Got 0 sessions for read:user,repo,user:email,workflow...
2025-10-16 14:28:00.649 [info] Getting sessions for read:user...
2025-10-16 14:28:00.649 [info] Got 0 sessions for read:user...
2025-10-16 14:28:00.651 [info] Getting sessions for user:email...
2025-10-16 14:28:00.652 [info] Got 1 sessions for user:email...
2025-10-16 14:28:01.057 [info] Getting sessions for read:user,repo,user:email,workflow...
2025-10-16 14:28:01.057 [info] Got 0 sessions for read:user,repo,user:email,workflow...
2025-10-16 14:28:01.058 [info] Getting sessions for read:user...
2025-10-16 14:28:01.058 [info] Got 0 sessions for read:user...
2025-10-16 14:28:01.059 [info] Getting sessions for user:email...
2025-10-16 14:28:01.059 [info] Got 1 sessions for user:email...
2025-10-16 14:28:02.177 [info] Getting sessions for read:user,repo,user:email,workflow...
2025-10-16 14:28:02.177 [info] Got 0 sessions for read:user,repo,user:email,workflow...
2025-10-16 14:28:02.178 [info] Getting sessions for read:user...
2025-10-16 14:28:02.178 [info] Got 0 sessions for read:user...
2025-10-16 14:28:02.179 [info] Getting sessions for user:email...
2025-10-16 14:28:02.179 [info] Got 1 sessions for user:email...
2025-10-16 14:28:02.719 [info] Getting sessions for read:user,repo,user:email,workflow...
2025-10-16 14:28:02.719 [info] Got 0 sessions for read:user,repo,user:email,workflow...
2025-10-16 14:28:02.719 [info] Getting sessions for read:user...
2025-10-16 14:28:02.719 [info] Got 0 sessions for read:user...
2025-10-16 14:28:02.720 [info] Getting sessions for user:email...
2025-10-16 14:28:02.720 [info] Got 1 sessions for user:email...
2025-10-16 14:28:03.018 [info] Getting sessions for read:user,repo,user:email,workflow...
2025-10-16 14:28:03.018 [info] Got 0 sessions for read:user,repo,user:email,workflow...
2025-10-16 14:28:03.020 [info] Getting sessions for read:user...
2025-10-16 14:28:03.020 [info] Got 0 sessions for read:user...
2025-10-16 14:28:03.021 [info] Getting sessions for user:email...
2025-10-16 14:28:03.021 [info] Got 1 sessions for user:email...
2025-10-16 14:28:03.471 [info] Getting sessions for read:user,repo,user:email,workflow...
2025-10-16 14:28:03.471 [info] Got 0 sessions for read:user,repo,user:email,workflow...
2025-10-16 14:28:03.473 [info] Getting sessions for read:user...
2025-10-16 14:28:03.473 [info] Got 0 sessions for read:user...
2025-10-16 14:28:03.474 [info] Getting sessions for user:email...
2025-10-16 14:28:03.474 [info] Got 1 sessions for user:email...
2025-10-16 14:28:04.251 [info] Getting sessions for read:user,repo,user:email,workflow...
2025-10-16 14:28:04.251 [info] Got 0 sessions for read:user,repo,user:email,workflow...
2025-10-16 14:28:04.252 [info] Getting sessions for read:user...
2025-10-16 14:28:04.252 [info] Got 0 sessions for read:user...
2025-10-16 14:28:04.252 [info] Getting sessions for user:email...
2025-10-16 14:28:04.252 [info] Got 1 sessions for user:email...
2025-10-16 14:28:04.550 [info] Getting sessions for read:user,repo,user:email,workflow...
2025-10-16 14:28:04.550 [info] Got 0 sessions for read:user,repo,user:email,workflow...
2025-10-16 14:28:04.551 [info] Getting sessions for read:user...
2025-10-16 14:28:04.551 [info] Got 0 sessions for read:user...
2025-10-16 14:28:04.552 [info] Getting sessions for user:email...
2025-10-16 14:28:04.552 [info] Got 1 sessions for user:email...
2025-10-16 14:28:04.892 [info] Getting sessions for read:user,repo,user:email,workflow...
2025-10-16 14:28:04.892 [info] Got 0 sessions for read:user,repo,user:email,workflow...
2025-10-16 14:28:04.893 [info] Getting sessions for read:user...
2025-10-16 14:28:04.893 [info] Got 0 sessions for read:user...
2025-10-16 14:28:04.893 [info] Getting sessions for user:email...
2025-10-16 14:28:04.893 [info] Got 1 sessions for user:email...
2025-10-16 14:28:05.396 [info] Getting sessions for read:user,repo,user:email,workflow...
2025-10-16 14:28:05.396 [info] Got 0 sessions for read:user,repo,user:email,workflow...
2025-10-16 14:28:05.396 [info] Getting sessions for read:user...
2025-10-16 14:28:05.396 [info] Got 0 sessions for read:user...
2025-10-16 14:28:05.397 [info] Getting sessions for user:email...
2025-10-16 14:28:05.397 [info] Got 1 sessions for user:email...
2025-10-16 14:28:06.098 [info] Getting sessions for read:user,repo,user:email,workflow...
2025-10-16 14:28:06.098 [info] Got 0 sessions for read:user,repo,user:email,workflow...
2025-10-16 14:28:06.099 [info] Getting sessions for read:user...
2025-10-16 14:28:06.099 [info] Got 0 sessions for read:user...
2025-10-16 14:28:06.099 [info] Getting sessions for user:email...
2025-10-16 14:28:06.099 [info] Got 1 sessions for user:email...
2025-10-16 14:28:16.536 [info] Getting sessions for read:user,repo,user:email,workflow...
2025-10-16 14:28:16.536 [info] Got 0 sessions for read:user,repo,user:email,workflow...
2025-10-16 14:28:16.537 [info] Getting sessions for read:user...
2025-10-16 14:28:16.537 [info] Got 0 sessions for read:user...
2025-10-16 14:28:16.538 [info] Getting sessions for user:email...
2025-10-16 14:28:16.538 [info] Got 1 sessions for user:email...
2025-10-16 14:28:17.043 [info] Getting sessions for read:user,repo,user:email,workflow...
2025-10-16 14:28:17.043 [info] Got 0 sessions for read:user,repo,user:email,workflow...
2025-10-16 14:28:17.044 [info] Getting sessions for read:user...
2025-10-16 14:28:17.044 [info] Got 0 sessions for read:user...
2025-10-16 14:28:17.044 [info] Getting sessions for user:email...
2025-10-16 14:28:17.044 [info] Got 1 sessions for user:email...
2025-10-16 14:28:17.498 [info] Getting sessions for read:user,repo,user:email,workflow...
2025-10-16 14:28:17.498 [info] Got 0 sessions for read:user,repo,user:email,workflow...
2025-10-16 14:28:17.503 [info] Getting sessions for read:user...
2025-10-16 14:28:17.503 [info] Got 0 sessions for read:user...
2025-10-16 14:28:17.504 [info] Getting sessions for user:email...
2025-10-16 14:28:17.504 [info] Got 1 sessions for user:email...
2025-10-16 14:28:17.880 [info] Getting sessions for read:user,repo,user:email,workflow...
2025-10-16 14:28:17.880 [info] Got 0 sessions for read:user,repo,user:email,workflow...
2025-10-16 14:28:17.880 [info] Getting sessions for read:user...
2025-10-16 14:28:17.880 [info] Got 0 sessions for read:user...
2025-10-16 14:28:17.881 [info] Getting sessions for user:email...
2025-10-16 14:28:17.881 [info] Got 1 sessions for user:email...
2025-10-16 14:28:18.550 [info] Getting sessions for read:user,repo,user:email,workflow...
2025-10-16 14:28:18.550 [info] Got 0 sessions for read:user,repo,user:email,workflow...
2025-10-16 14:28:18.551 [info] Getting sessions for read:user...
2025-10-16 14:28:18.551 [info] Got 0 sessions for read:user...
2025-10-16 14:28:18.556 [info] Getting sessions for user:email...
2025-10-16 14:28:18.556 [info] Got 1 sessions for user:email...
2025-10-16 14:28:19.199 [info] Getting sessions for read:user,repo,user:email,workflow...
2025-10-16 14:28:19.199 [info] Got 0 sessions for read:user,repo,user:email,workflow...
2025-10-16 14:28:19.200 [info] Getting sessions for read:user...
2025-10-16 14:28:19.200 [info] Got 0 sessions for read:user...
2025-10-16 14:28:19.201 [info] Getting sessions for user:email...
2025-10-16 14:28:19.201 [info] Got 1 sessions for user:email...
2025-10-16 14:28:19.484 [info] Getting sessions for read:user,repo,user:email,workflow...
2025-10-16 14:28:19.484 [info] Got 0 sessions for read:user,repo,user:email,workflow...
2025-10-16 14:28:19.485 [info] Getting sessions for read:user...
2025-10-16 14:28:19.485 [info] Got 0 sessions for read:user...
2025-10-16 14:28:19.486 [info] Getting sessions for user:email...
2025-10-16 14:28:19.486 [info] Got 1 sessions for user:email...
2025-10-16 14:28:20.040 [info] Getting sessions for read:user,repo,user:email,workflow...
2025-10-16 14:28:20.040 [info] Got 0 sessions for read:user,repo,user:email,workflow...
2025-10-16 14:28:20.041 [info] Getting sessions for read:user...
2025-10-16 14:28:20.041 [info] Got 0 sessions for read:user...
2025-10-16 14:28:20.041 [info] Getting sessions for user:email...
2025-10-16 14:28:20.041 [info] Got 1 sessions for user:email...
2025-10-16 14:28:20.407 [info] Getting sessions for read:user,repo,user:email,workflow...
2025-10-16 14:28:20.407 [info] Got 0 sessions for read:user,repo,user:email,workflow...
2025-10-16 14:28:20.408 [info] Getting sessions for read:user...
2025-10-16 14:28:20.408 [info] Got 0 sessions for read:user...
2025-10-16 14:28:20.409 [info] Getting sessions for user:email...
2025-10-16 14:28:20.409 [info] Got 1 sessions for user:email...
2025-10-16 14:28:20.735 [info] Getting sessions for read:user,repo,user:email,workflow...
2025-10-16 14:28:20.735 [info] Got 0 sessions for read:user,repo,user:email,workflow...
2025-10-16 14:28:20.736 [info] Getting sessions for read:user...
2025-10-16 14:28:20.736 [info] Got 0 sessions for read:user...
2025-10-16 14:28:20.737 [info] Getting sessions for user:email...
2025-10-16 14:28:20.737 [info] Got 1 sessions for user:email...
2025-10-16 14:28:21.652 [info] Getting sessions for read:user,repo,user:email,workflow...
2025-10-16 14:28:21.652 [info] Got 0 sessions for read:user,repo,user:email,workflow...
2025-10-16 14:28:21.653 [info] Getting sessions for read:user...
2025-10-16 14:28:21.653 [info] Got 0 sessions for read:user...
2025-10-16 14:28:21.654 [info] Getting sessions for user:email...
2025-10-16 14:28:21.654 [info] Got 1 sessions for user:email...
2025-10-16 14:28:26.173 [info] Getting sessions for read:user,repo,user:email,workflow...
2025-10-16 14:28:26.173 [info] Got 0 sessions for read:user,repo,user:email,workflow...
2025-10-16 14:28:26.174 [info] Getting sessions for read:user...
2025-10-16 14:28:26.174 [info] Got 0 sessions for read:user...
2025-10-16 14:28:26.175 [info] Getting sessions for user:email...
2025-10-16 14:28:26.175 [info] Got 1 sessions for user:email...
2025-10-16 14:28:26.910 [info] Getting sessions for read:user,repo,user:email,workflow...
2025-10-16 14:28:26.911 [info] Got 0 sessions for read:user,repo,user:email,workflow...
2025-10-16 14:28:26.912 [info] Getting sessions for read:user...
2025-10-16 14:28:26.912 [info] Got 0 sessions for read:user...
2025-10-16 14:28:26.912 [info] Getting sessions for user:email...
2025-10-16 14:28:26.912 [info] Got 1 sessions for user:email...
2025-10-16 14:45:50.448 [info] Getting sessions for read:user,repo,user:email,workflow...
2025-10-16 14:45:50.448 [info] Got 0 sessions for read:user,repo,user:email,workflow...
2025-10-16 14:45:50.449 [info] Getting sessions for read:user...
2025-10-16 14:45:50.449 [info] Got 0 sessions for read:user...
2025-10-16 14:45:50.450 [info] Getting sessions for user:email...
2025-10-16 14:45:50.450 [info] Got 1 sessions for user:email...
2025-10-16 14:45:50.910 [info] Getting sessions for read:user,repo,user:email,workflow...
2025-10-16 14:45:50.910 [info] Got 0 sessions for read:user,repo,user:email,workflow...
2025-10-16 14:45:50.911 [info] Getting sessions for read:user...
2025-10-16 14:45:50.911 [info] Got 0 sessions for read:user...
2025-10-16 14:45:50.912 [info] Getting sessions for user:email...
2025-10-16 14:45:50.912 [info] Got 1 sessions for user:email...
2025-10-16 14:45:51.474 [info] Getting sessions for read:user,repo,user:email,workflow...
2025-10-16 14:45:51.474 [info] Got 0 sessions for read:user,repo,user:email,workflow...
2025-10-16 14:45:51.475 [info] Getting sessions for read:user...
2025-10-16 14:45:51.475 [info] Got 0 sessions for read:user...
2025-10-16 14:45:51.476 [info] Getting sessions for user:email...
2025-10-16 14:45:51.476 [info] Got 1 sessions for user:email...
2025-10-16 14:45:52.148 [info] Getting sessions for read:user,repo,user:email,workflow...
2025-10-16 14:45:52.148 [info] Got 0 sessions for read:user,repo,user:email,workflow...
2025-10-16 14:45:52.149 [info] Getting sessions for read:user...
2025-10-16 14:45:52.149 [info] Got 0 sessions for read:user...
2025-10-16 14:45:52.149 [info] Getting sessions for user:email...
2025-10-16 14:45:52.149 [info] Got 1 sessions for user:email...
2025-10-16 14:45:52.791 [info] Getting sessions for read:user,repo,user:email,workflow...
2025-10-16 14:45:52.791 [info] Got 0 sessions for read:user,repo,user:email,workflow...
2025-10-16 14:45:52.792 [info] Getting sessions for read:user...
2025-10-16 14:45:52.792 [info] Got 0 sessions for read:user...
2025-10-16 14:45:52.805 [info] Getting sessions for user:email...
2025-10-16 14:45:52.805 [info] Got 1 sessions for user:email...
2025-10-16 14:45:58.849 [info] Getting sessions for read:user,repo,user:email,workflow...
2025-10-16 14:45:58.849 [info] Got 0 sessions for read:user,repo,user:email,workflow...
2025-10-16 14:45:58.850 [info] Getting sessions for read:user...
2025-10-16 14:45:58.850 [info] Got 0 sessions for read:user...
2025-10-16 14:45:58.851 [info] Getting sessions for user:email...
2025-10-16 14:45:58.851 [info] Got 1 sessions for user:email...
2025-10-16 14:45:59.380 [info] Getting sessions for read:user,repo,user:email,workflow...
2025-10-16 14:45:59.380 [info] Got 0 sessions for read:user,repo,user:email,workflow...
2025-10-16 14:45:59.381 [info] Getting sessions for read:user...
2025-10-16 14:45:59.381 [info] Got 0 sessions for read:user...
2025-10-16 14:45:59.382 [info] Getting sessions for user:email...
2025-10-16 14:45:59.382 [info] Got 1 sessions for user:email...
2025-10-16 14:45:59.698 [info] Getting sessions for read:user,repo,user:email,workflow...
2025-10-16 14:45:59.698 [info] Got 0 sessions for read:user,repo,user:email,workflow...
2025-10-16 14:45:59.699 [info] Getting sessions for read:user...
2025-10-16 14:45:59.699 [info] Got 0 sessions for read:user...
2025-10-16 14:45:59.699 [info] Getting sessions for user:email...
2025-10-16 14:45:59.699 [info] Got 1 sessions for user:email...
2025-10-16 14:59:14.017 [info] Getting sessions for read:user,repo,user:email,workflow...
2025-10-16 14:59:14.017 [info] Got 0 sessions for read:user,repo,user:email,workflow...
2025-10-16 14:59:14.018 [info] Getting sessions for read:user...
2025-10-16 14:59:14.018 [info] Got 0 sessions for read:user...
2025-10-16 14:59:14.019 [info] Getting sessions for user:email...
2025-10-16 14:59:14.019 [info] Got 1 sessions for user:email...
2025-10-16 14:59:15.227 [info] Getting sessions for read:user,repo,user:email,workflow...
2025-10-16 14:59:15.227 [info] Got 0 sessions for read:user,repo,user:email,workflow...
2025-10-16 14:59:15.233 [info] Getting sessions for read:user...
2025-10-16 14:59:15.233 [info] Got 0 sessions for read:user...
2025-10-16 14:59:15.237 [info] Getting sessions for user:email...
2025-10-16 14:59:15.237 [info] Got 1 sessions for user:email...
2025-10-16 14:59:15.598 [info] Getting sessions for read:user,repo,user:email,workflow...
2025-10-16 14:59:15.598 [info] Got 0 sessions for read:user,repo,user:email,workflow...
2025-10-16 14:59:15.598 [info] Getting sessions for read:user...
2025-10-16 14:59:15.598 [info] Got 0 sessions for read:user...
2025-10-16 14:59:15.599 [info] Getting sessions for user:email...
2025-10-16 14:59:15.599 [info] Got 1 sessions for user:email...
2025-10-16 14:59:53.895 [info] Getting sessions for read:user,repo,user:email,workflow...
2025-10-16 14:59:53.895 [info] Got 0 sessions for read:user,repo,user:email,workflow...
2025-10-16 14:59:53.896 [info] Getting sessions for read:user...
2025-10-16 14:59:53.896 [info] Got 0 sessions for read:user...
2025-10-16 14:59:53.897 [info] Getting sessions for user:email...
2025-10-16 14:59:53.897 [info] Got 1 sessions for user:email...
2025-10-16 14:59:54.361 [info] Getting sessions for read:user,repo,user:email,workflow...
2025-10-16 14:59:54.361 [info] Got 0 sessions for read:user,repo,user:email,workflow...
2025-10-16 14:59:54.362 [info] Getting sessions for read:user...
2025-10-16 14:59:54.362 [info] Got 0 sessions for read:user...
2025-10-16 14:59:54.363 [info] Getting sessions for user:email...
2025-10-16 14:59:54.363 [info] Got 1 sessions for user:email...
2025-10-16 14:59:54.836 [info] Getting sessions for read:user,repo,user:email,workflow...
2025-10-16 14:59:54.836 [info] Got 0 sessions for read:user,repo,user:email,workflow...
2025-10-16 14:59:54.837 [info] Getting sessions for read:user...
2025-10-16 14:59:54.837 [info] Got 0 sessions for read:user...
2025-10-16 14:59:54.838 [info] Getting sessions for user:email...
2025-10-16 14:59:54.838 [info] Got 1 sessions for user:email...
2025-10-16 14:59:55.861 [info] Getting sessions for read:user,repo,user:email,workflow...
2025-10-16 14:59:55.861 [info] Got 0 sessions for read:user,repo,user:email,workflow...
2025-10-16 14:59:55.865 [info] Getting sessions for read:user...
2025-10-16 14:59:55.865 [info] Got 0 sessions for read:user...
2025-10-16 14:59:55.866 [info] Getting sessions for user:email...
2025-10-16 14:59:55.866 [info] Got 1 sessions for user:email...
2025-10-16 14:59:56.626 [info] Getting sessions for read:user,repo,user:email,workflow...
2025-10-16 14:59:56.626 [info] Got 0 sessions for read:user,repo,user:email,workflow...
2025-10-16 14:59:56.626 [info] Getting sessions for read:user...
2025-10-16 14:59:56.626 [info] Got 0 sessions for read:user...
2025-10-16 14:59:56.627 [info] Getting sessions for user:email...
2025-10-16 14:59:56.627 [info] Got 1 sessions for user:email...
2025-10-16 14:59:57.002 [info] Getting sessions for read:user,repo,user:email,workflow...
2025-10-16 14:59:57.002 [info] Got 0 sessions for read:user,repo,user:email,workflow...
2025-10-16 14:59:57.004 [info] Getting sessions for read:user...
2025-10-16 14:59:57.004 [info] Got 0 sessions for read:user...
2025-10-16 14:59:57.005 [info] Getting sessions for user:email...
2025-10-16 14:59:57.005 [info] Got 1 sessions for user:email...
