2025-11-14 20:15:53.152 [info] Reading sessions from keychain...
2025-11-14 20:15:53.152 [info] Got stored sessions!
2025-11-14 20:15:53.152 [info] Got 1 verified sessions.
2025-11-14 20:15:53.152 [info] Getting sessions for all scopes...
2025-11-14 20:15:53.152 [info] Got 1 sessions for ...
2025-11-14 20:15:53.152 [info] Getting sessions for all scopes...
2025-11-14 20:15:53.152 [info] Got 1 sessions for ...
2025-11-14 20:15:53.152 [info] Getting sessions for all scopes...
2025-11-14 20:15:53.152 [info] Got 1 sessions for ...
2025-11-14 20:15:53.152 [info] Getting sessions for all scopes...
2025-11-14 20:15:53.152 [info] Got 1 sessions for ...
2025-11-14 20:15:53.152 [info] Getting sessions for all scopes...
2025-11-14 20:15:53.152 [info] Got 1 sessions for ...
2025-11-14 20:15:53.152 [info] Getting sessions for all scopes...
2025-11-14 20:15:53.152 [info] Got 1 sessions for ...
2025-11-14 20:15:53.152 [info] Getting sessions for all scopes...
2025-11-14 20:15:53.152 [info] Got 1 sessions for ...
2025-11-14 20:15:53.152 [info] Getting sessions for all scopes...
2025-11-14 20:15:53.152 [info] Got 1 sessions for ...
2025-11-14 20:15:53.152 [info] Getting sessions for all scopes...
2025-11-14 20:15:53.152 [info] Got 1 sessions for ...
2025-11-14 20:15:53.152 [info] Getting sessions for all scopes...
2025-11-14 20:15:53.152 [info] Got 1 sessions for ...
2025-11-14 20:15:53.152 [info] Getting sessions for all scopes...
2025-11-14 20:15:53.152 [info] Got 1 sessions for ...
2025-11-14 20:15:53.152 [info] Getting sessions for all scopes...
2025-11-14 20:15:53.152 [info] Got 1 sessions for ...
2025-11-14 20:15:53.152 [info] Getting sessions for all scopes...
2025-11-14 20:15:53.152 [info] Got 1 sessions for ...
2025-11-14 20:15:53.152 [info] Getting sessions for all scopes...
2025-11-14 20:15:53.152 [info] Got 1 sessions for ...
2025-11-14 20:15:53.152 [info] Getting sessions for all scopes...
2025-11-14 20:15:53.152 [info] Got 1 sessions for ...
2025-11-14 20:15:53.152 [info] Getting sessions for all scopes...
2025-11-14 20:15:53.152 [info] Got 1 sessions for ...
2025-11-14 20:15:53.152 [info] Getting sessions for all scopes...
2025-11-14 20:15:53.152 [info] Got 1 sessions for ...
2025-11-14 20:15:53.152 [info] Getting sessions for all scopes...
2025-11-14 20:15:53.152 [info] Got 1 sessions for ...
2025-11-14 20:15:53.152 [info] Getting sessions for read:user,repo,user:email,workflow...
2025-11-14 20:15:53.152 [info] Got 0 sessions for read:user,repo,user:email,workflow...
2025-11-14 20:15:55.613 [info] Getting sessions for user:email...
2025-11-14 20:15:55.613 [info] Got 1 sessions for user:email...
2025-11-14 20:15:55.613 [info] Getting sessions for read:user,repo,user:email,workflow...
2025-11-14 20:15:55.613 [info] Got 0 sessions for read:user,repo,user:email,workflow...
2025-11-14 20:15:55.906 [info] Getting sessions for all scopes...
2025-11-14 20:15:55.906 [info] Got 1 sessions for ...
2025-11-14 20:15:55.906 [info] Getting sessions for all scopes...
2025-11-14 20:15:55.906 [info] Got 1 sessions for ...
2025-11-14 20:15:55.906 [info] Getting sessions for all scopes...
2025-11-14 20:15:55.906 [info] Got 1 sessions for ...
2025-11-14 20:15:56.259 [info] FetcherService: Electron fetch failed with status: 429 
2025-11-14 20:15:56.846 [info] Getting sessions for all scopes...
2025-11-14 20:15:56.846 [info] Got 1 sessions for ...
2025-11-14 20:15:56.992 [info] Getting sessions for read:user,repo,user:email,workflow...
2025-11-14 20:15:56.992 [info] Got 0 sessions for read:user,repo,user:email,workflow...
2025-11-14 20:15:57.205 [info] Getting sessions for all scopes...
2025-11-14 20:15:57.205 [info] Got 1 sessions for ...
2025-11-14 20:15:57.205 [info] Getting sessions for read:user,repo,user:email,workflow...
2025-11-14 20:15:57.205 [info] Got 0 sessions for read:user,repo,user:email,workflow...
2025-11-14 20:15:57.220 [info] Getting sessions for read:user,repo,user:email,workflow...
2025-11-14 20:15:57.220 [info] Got 0 sessions for read:user,repo,user:email,workflow...
2025-11-14 20:15:57.255 [info] Getting sessions for user:email...
2025-11-14 20:15:57.255 [info] Got 1 sessions for user:email...
2025-11-14 20:15:57.256 [info] Getting sessions for read:user,repo,user:email,workflow...
2025-11-14 20:15:57.256 [info] Got 0 sessions for read:user,repo,user:email,workflow...
2025-11-14 20:15:57.307 [info] Getting sessions for read:user...
2025-11-14 20:15:57.307 [info] Got 0 sessions for read:user...
2025-11-14 20:15:57.640 [info] Getting sessions for user:email...
2025-11-14 20:15:57.640 [info] Got 1 sessions for user:email...
2025-11-14 20:15:58.085 [info] Getting sessions for read:user,repo,user:email,workflow...
2025-11-14 20:15:58.086 [info] Got 0 sessions for read:user,repo,user:email,workflow...
2025-11-14 20:15:58.103 [info] FetcherService: Node fetch failed with status: 429 Too Many Requests
2025-11-14 20:15:58.520 [info] Getting sessions for read:user,repo,user:email,workflow...
2025-11-14 20:15:58.520 [info] Got 0 sessions for read:user,repo,user:email,workflow...
2025-11-14 20:15:58.942 [info] FetcherService: Node http/s failed with status: 429 Too Many Requests
2025-11-14 20:15:58.961 [info] Getting sessions for read:user,repo,user:email,workflow...
2025-11-14 20:15:58.961 [info] Got 0 sessions for read:user,repo,user:email,workflow...
2025-11-14 20:15:59.415 [info] Getting sessions for all scopes...
2025-11-14 20:15:59.415 [info] Got 1 sessions for ...
2025-11-14 20:15:59.418 [info] Getting sessions for read:user,repo,user:email,workflow...
2025-11-14 20:15:59.418 [info] Got 0 sessions for read:user,repo,user:email,workflow...
2025-11-14 20:15:59.420 [info] Getting sessions for read:user,repo,user:email,workflow...
2025-11-14 20:15:59.420 [info] Got 0 sessions for read:user,repo,user:email,workflow...
2025-11-14 20:19:29.535 [info] Getting sessions for read:user,repo,user:email,workflow...
2025-11-14 20:19:29.535 [info] Got 0 sessions for read:user,repo,user:email,workflow...
2025-11-14 20:19:29.536 [info] Getting sessions for read:user...
2025-11-14 20:19:29.536 [info] Got 0 sessions for read:user...
2025-11-14 20:19:29.537 [info] Getting sessions for user:email...
2025-11-14 20:19:29.537 [info] Got 1 sessions for user:email...
