2025-11-09 19:48:15.112 [info] [main] Log level: Info
2025-11-09 19:48:15.112 [info] [main] Validating found git in: "git"
2025-11-09 19:48:15.112 [info] [main] Using git "2.51.2" from "git"
2025-11-09 19:48:15.112 [info] [Model][doInitialScan] Initial repository scan started
2025-11-09 19:48:15.112 [info] > git rev-parse --show-toplevel [12ms]
2025-11-09 19:48:15.112 [info] [Model][doInitialScan] Initial repository scan completed - repositories (0), closed repositories (0), parent repositories (1), unsafe repositories (0)
2025-11-09 19:48:17.107 [info] > git rev-parse --show-toplevel [53ms]
2025-11-09 19:48:42.192 [info] [main] Log level: Info
2025-11-09 19:48:42.192 [info] [main] Validating found git in: "git"
2025-11-09 19:48:42.192 [info] [main] Using git "2.51.2" from "git"
2025-11-09 19:48:42.192 [info] [Model][doInitialScan] Initial repository scan started
2025-11-09 19:48:42.192 [info] > git rev-parse --show-toplevel [16ms]
2025-11-09 19:48:42.192 [info] fatal: not a git repository (or any parent up to mount point /)
Stopping at filesystem boundary (GIT_DISCOVERY_ACROSS_FILESYSTEM not set).
2025-11-09 19:48:42.223 [info] > git rev-parse --show-toplevel [27ms]
2025-11-09 19:48:42.223 [info] fatal: not a git repository (or any parent up to mount point /)
Stopping at filesystem boundary (GIT_DISCOVERY_ACROSS_FILESYSTEM not set).
2025-11-09 19:48:42.290 [info] > git rev-parse --show-toplevel [7ms]
2025-11-09 19:48:42.290 [info] fatal: not a git repository (or any parent up to mount point /)
Stopping at filesystem boundary (GIT_DISCOVERY_ACROSS_FILESYSTEM not set).
2025-11-09 19:48:42.313 [info] > git rev-parse --show-toplevel [6ms]
2025-11-09 19:48:42.313 [info] fatal: not a git repository (or any parent up to mount point /)
Stopping at filesystem boundary (GIT_DISCOVERY_ACROSS_FILESYSTEM not set).
2025-11-09 19:48:45.009 [info] > git rev-parse --show-toplevel [115ms]
2025-11-09 19:48:45.009 [info] fatal: not a git repository (or any parent up to mount point /)
Stopping at filesystem boundary (GIT_DISCOVERY_ACROSS_FILESYSTEM not set).
2025-11-09 19:48:45.223 [info] > git rev-parse --show-toplevel [118ms]
2025-11-09 19:48:45.720 [info] > git rev-parse --git-dir --git-common-dir --show-superproject-working-tree [293ms]
2025-11-09 19:48:45.730 [info] [Model][openRepository] Opened repository (path): /home/user/repos/my_test
2025-11-09 19:48:45.730 [info] [Model][openRepository] Opened repository (real path): /home/user/repos/my_test
2025-11-09 19:48:45.730 [info] [Model][openRepository] Opened repository (kind): repository
2025-11-09 19:48:45.750 [info] > git rev-parse --show-toplevel [5ms]
2025-11-09 19:48:45.751 [info] > git config --get commit.template [10ms]
2025-11-09 19:48:45.776 [info] > git rev-parse --git-dir --git-common-dir --show-superproject-working-tree [15ms]
2025-11-09 19:48:45.783 [info] [Model][openRepository] Opened repository (path): /home/user/repos/test_repository
2025-11-09 19:48:45.783 [info] [Model][openRepository] Opened repository (real path): /home/user/repos/test_repository
2025-11-09 19:48:45.783 [info] [Model][openRepository] Opened repository (kind): repository
2025-11-09 19:48:45.803 [info] > git for-each-ref --format=%(refname)%00%(upstream:short)%00%(objectname)%00%(upstream:track)%00%(upstream:remotename)%00%(upstream:remoteref) refs/heads/main refs/remotes/main [29ms]
2025-11-09 19:48:45.821 [info] > git rev-parse --show-toplevel [18ms]
2025-11-09 19:48:45.821 [info] fatal: not a git repository (or any parent up to mount point /)
Stopping at filesystem boundary (GIT_DISCOVERY_ACROSS_FILESYSTEM not set).
2025-11-09 19:48:45.822 [info] > git config --get commit.template [26ms]
2025-11-09 19:48:45.834 [info] > git status -z -uall [24ms]
2025-11-09 19:48:45.835 [info] > git for-each-ref --sort -committerdate --format %(refname)%00%(objectname)%00%(*objectname) [17ms]
2025-11-09 19:48:45.844 [info] > git rev-parse --show-toplevel [10ms]
2025-11-09 19:48:45.884 [info] > git for-each-ref --format=%(refname)%00%(upstream:short)%00%(objectname)%00%(upstream:track)%00%(upstream:remotename)%00%(upstream:remoteref) refs/heads/main refs/remotes/main [18ms]
2025-11-09 19:48:45.891 [info] > git for-each-ref --format=%(refname)%00%(upstream:short)%00%(objectname)%00%(upstream:track)%00%(upstream:remotename)%00%(upstream:remoteref) refs/heads/main refs/remotes/main [48ms]
2025-11-09 19:48:45.905 [warning] [Git][revParse] Unable to read file: ENOENT: no such file or directory, open '/home/user/repos/test_repository/.git/refs/remotes/origin/main'
2025-11-09 19:48:45.906 [info] > git config --get --local branch.main.vscode-merge-base [16ms]
2025-11-09 19:48:45.912 [info] > git config --get commit.template [29ms]
2025-11-09 19:48:45.912 [info] > git rev-parse --git-dir --git-common-dir --show-superproject-working-tree [34ms]
2025-11-09 19:48:45.916 [info] [Model][openRepository] Opened repository (path): /home/user/repos/weather_predictor
2025-11-09 19:48:45.916 [info] [Model][openRepository] Opened repository (real path): /home/user/repos/weather_predictor
2025-11-09 19:48:45.916 [info] [Model][openRepository] Opened repository (kind): repository
2025-11-09 19:48:45.961 [info] > git for-each-ref --format=%(refname)%00%(upstream:short)%00%(objectname)%00%(upstream:track)%00%(upstream:remotename)%00%(upstream:remoteref) refs/heads/origin/main refs/remotes/origin/main [49ms]
2025-11-09 19:48:45.962 [info] > git rev-parse refs/remotes/origin/main [57ms]
2025-11-09 19:48:46.037 [info] > git status -z -uall [69ms]
2025-11-09 19:48:46.037 [info] > git for-each-ref --sort -committerdate --format %(refname)%00%(objectname)%00%(*objectname) [63ms]
2025-11-09 19:48:46.049 [info] > git rev-parse --show-toplevel [89ms]
2025-11-09 19:48:46.049 [info] fatal: not a git repository (or any parent up to mount point /)
Stopping at filesystem boundary (GIT_DISCOVERY_ACROSS_FILESYSTEM not set).
2025-11-09 19:48:46.049 [info] > git config --get commit.template [93ms]
2025-11-09 19:48:46.062 [info] > git for-each-ref --format=%(refname)%00%(upstream:short)%00%(objectname)%00%(upstream:track)%00%(upstream:remotename)%00%(upstream:remoteref) refs/heads/main refs/remotes/main [14ms]
2025-11-09 19:48:46.067 [info] > git for-each-ref --format=%(refname)%00%(upstream:short)%00%(objectname)%00%(upstream:track)%00%(upstream:remotename)%00%(upstream:remoteref) refs/heads/main refs/remotes/main [31ms]
2025-11-09 19:48:46.084 [info] > git status -z -uall [12ms]
2025-11-09 19:48:46.084 [info] > git for-each-ref --sort -committerdate --format %(refname)%00%(objectname)%00%(*objectname) [7ms]
2025-11-09 19:48:46.087 [info] > git config --get --local branch.main.vscode-merge-base [20ms]
2025-11-09 19:48:46.094 [info] > git rev-parse --show-toplevel [33ms]
2025-11-09 19:48:46.094 [info] > git config --get commit.template [37ms]
2025-11-09 19:48:46.103 [info] > git for-each-ref --format=%(refname)%00%(upstream:short)%00%(objectname)%00%(upstream:track)%00%(upstream:remotename)%00%(upstream:remoteref) refs/heads/origin/main refs/remotes/origin/main [9ms]
2025-11-09 19:48:46.109 [info] > git for-each-ref --format=%(refname)%00%(upstream:short)%00%(objectname)%00%(upstream:track)%00%(upstream:remotename)%00%(upstream:remoteref) refs/heads/main refs/remotes/main [26ms]
2025-11-09 19:48:46.130 [info] > git status -z -uall [16ms]
2025-11-09 19:48:46.130 [info] > git for-each-ref --sort -committerdate --format %(refname)%00%(objectname)%00%(*objectname) [11ms]
2025-11-09 19:48:46.140 [info] > git merge-base refs/heads/main refs/remotes/origin/main [31ms]
2025-11-09 19:48:46.149 [info] > git rev-parse --git-dir --git-common-dir --show-superproject-working-tree [47ms]
2025-11-09 19:48:46.156 [info] [Model][openRepository] Opened repository (path): /home/user/repos/xss-shop
2025-11-09 19:48:46.156 [info] [Model][openRepository] Opened repository (real path): /home/user/repos/xss-shop
2025-11-09 19:48:46.156 [info] [Model][openRepository] Opened repository (kind): repository
2025-11-09 19:48:46.159 [info] [Model][doInitialScan] Initial repository scan completed - repositories (4), closed repositories (0), parent repositories (0), unsafe repositories (0)
2025-11-09 19:48:46.207 [info] > git diff --name-status -z --diff-filter=ADMR c5711b66ad5e152a05fb6fbbd78abe531e7248e2...refs/remotes/origin/main [59ms]
2025-11-09 19:48:46.208 [info] > git for-each-ref --format=%(refname)%00%(upstream:short)%00%(objectname)%00%(upstream:track)%00%(upstream:remotename)%00%(upstream:remoteref) refs/heads/main refs/remotes/main [70ms]
2025-11-09 19:48:46.217 [info] > git for-each-ref --format=%(refname)%00%(upstream:short)%00%(objectname)%00%(upstream:track)%00%(upstream:remotename)%00%(upstream:remoteref) refs/heads/main refs/remotes/main [89ms]
2025-11-09 19:48:46.251 [warning] [Git][revParse] Unable to read file: ENOENT: no such file or directory, open '/home/user/repos/test_repository/.git/refs/remotes/origin/main'
2025-11-09 19:48:46.252 [info] > git config --get --local branch.main.vscode-merge-base [35ms]
2025-11-09 19:48:46.252 [warning] [Git][config] git config failed: Failed to execute git
2025-11-09 19:48:46.258 [info] > git rev-parse --show-toplevel [53ms]
2025-11-09 19:48:46.258 [info] fatal: not a git repository (or any parent up to mount point /)
Stopping at filesystem boundary (GIT_DISCOVERY_ACROSS_FILESYSTEM not set).
2025-11-09 19:48:46.258 [info] > git config --get commit.template [63ms]
2025-11-09 19:48:46.258 [info] > git config --get commit.template [76ms]
2025-11-09 19:48:46.266 [info] > git rev-parse refs/remotes/origin/main [15ms]
2025-11-09 19:48:46.290 [info] > git status -z -uall [18ms]
2025-11-09 19:48:46.291 [info] > git rev-parse --show-toplevel [25ms]
2025-11-09 19:48:46.291 [info] fatal: not a git repository (or any parent up to mount point /)
Stopping at filesystem boundary (GIT_DISCOVERY_ACROSS_FILESYSTEM not set).
2025-11-09 19:48:46.291 [info] > git reflog main --grep-reflog=branch: Created from *. [33ms]
2025-11-09 19:48:46.297 [info] > git for-each-ref --format=%(refname)%00%(upstream:short)%00%(objectname)%00%(upstream:track)%00%(upstream:remotename)%00%(upstream:remoteref) refs/heads/master refs/remotes/master [8ms]
2025-11-09 19:48:46.297 [info] > git for-each-ref --format=%(refname)%00%(upstream:short)%00%(objectname)%00%(upstream:track)%00%(upstream:remotename)%00%(upstream:remoteref) refs/heads/main refs/remotes/main [13ms]
2025-11-09 19:48:46.310 [info] > git for-each-ref --sort -committerdate --format %(refname)%00%(objectname)%00%(*objectname) [32ms]
2025-11-09 19:48:46.441 [warning] [Git][revParse] Unable to read file: ENOENT: no such file or directory, open '/home/user/repos/xss-shop/.git/refs/remotes/origin/master'
2025-11-09 19:48:46.442 [info] > git status -z -uall [139ms]
2025-11-09 19:48:46.442 [info] > git for-each-ref --sort -committerdate --format %(refname)%00%(objectname)%00%(*objectname) [133ms]
2025-11-09 19:48:46.444 [info] > git reflog HEAD --grep-reflog=checkout: moving from .* to main [149ms]
2025-11-09 19:48:46.455 [info] > git for-each-ref --format=%(refname)%00%(upstream:short)%00%(objectname)%00%(upstream:track)%00%(upstream:remotename)%00%(upstream:remoteref) refs/heads/dev refs/remotes/dev [5ms]
2025-11-09 19:48:46.461 [info] > git rev-parse refs/remotes/origin/master [20ms]
2025-11-09 19:48:46.477 [info] > git status -z -uall [10ms]
2025-11-09 19:48:46.477 [info] > git for-each-ref --sort -committerdate --format %(refname)%00%(objectname)%00%(*objectname) [3ms]
2025-11-09 19:48:46.491 [info] > git symbolic-ref --short refs/remotes/origin/HEAD [30ms]
2025-11-09 19:48:46.491 [info] fatal: ref refs/remotes/origin/HEAD is not a symbolic ref
2025-11-09 19:48:46.491 [warning] [Repository][getDefaultBranch] Failed to get default branch details: Failed to execute git.
2025-11-09 19:48:46.530 [info] > git check-ignore -v -z --stdin [30ms]
2025-11-09 19:48:46.531 [info] > git check-ignore -v -z --stdin [23ms]
2025-11-09 19:48:46.531 [info] > git check-ignore -v -z --stdin [15ms]
2025-11-09 19:48:46.532 [info] > git for-each-ref --format=%(refname)%00%(upstream:short)%00%(objectname)%00%(upstream:track)%00%(upstream:remotename)%00%(upstream:remoteref) refs/heads/master refs/remotes/master [42ms]
2025-11-09 19:48:46.542 [info] > git config --get --local branch.master.vscode-merge-base [3ms]
2025-11-09 19:48:46.549 [info] > git config --get commit.template [25ms]
2025-11-09 19:48:46.550 [info] > git for-each-ref --format=%(refname)%00%(upstream:short)%00%(objectname)%00%(upstream:track)%00%(upstream:remotename)%00%(upstream:remoteref) refs/heads/origin/master refs/remotes/origin/master [2ms]
2025-11-09 19:48:46.565 [info] > git merge-base refs/heads/master refs/remotes/origin/master [8ms]
2025-11-09 19:48:46.572 [info] > git for-each-ref --format=%(refname)%00%(upstream:short)%00%(objectname)%00%(upstream:track)%00%(upstream:remotename)%00%(upstream:remoteref) refs/heads/master refs/remotes/master [9ms]
2025-11-09 19:48:46.578 [warning] [Git][revParse] Unable to read file: ENOENT: no such file or directory, open '/home/user/repos/xss-shop/.git/refs/remotes/origin/master'
2025-11-09 19:48:46.580 [info] > git rev-parse refs/remotes/origin/master [2ms]
2025-11-09 19:48:46.593 [info] > git diff --name-status -z --diff-filter=ADMR 9d8d421c8527678bba71e07749d36202b94cac0f...refs/remotes/origin/master [22ms]
2025-11-09 19:48:46.600 [info] > git status -z -uall [14ms]
2025-11-09 19:48:46.601 [info] > git for-each-ref --sort -committerdate --format %(refname)%00%(objectname)%00%(*objectname) [8ms]
