2025-11-28 23:36:20.062 [info] [aebc6443-996d-45c2-90f0-388ff96faa56] Native Broker is only available on Windows and macOS
2025-11-28 23:36:20.348 [info] [getSessions] [all] starting
2025-11-28 23:36:20.348 [info] [getSessions] [all] returned 0 session(s)
2025-11-28 23:36:20.348 [info] [getSessions] [all] starting
2025-11-28 23:36:20.348 [info] [getSessions] [all] returned 0 session(s)
2025-11-28 23:36:20.348 [info] [getSessions] [all] starting
2025-11-28 23:36:20.348 [info] [getSessions] [all] returned 0 session(s)
2025-11-28 23:36:20.557 [info] [getSessions] [499b84ac-1321-427f-aa17-267ca6975798/.default offline_access] starting
2025-11-28 23:36:20.557 [info] [aebc6443-996d-45c2-90f0-388ff96faa56] Native Broker is only available on Windows and macOS
2025-11-28 23:36:21.187 [info] [getSessions] [499b84ac-1321-427f-aa17-267ca6975798/.default offline_access] returned 0 session(s)
2025-11-28 23:36:43.695 [info] [aebc6443-996d-45c2-90f0-388ff96faa56] Native Broker is only available on Windows and macOS
2025-11-28 23:36:43.882 [info] [getSessions] [all] starting
2025-11-28 23:36:43.882 [info] [getSessions] [all] returned 0 session(s)
2025-11-28 23:36:43.882 [info] [getSessions] [all] starting
2025-11-28 23:36:43.882 [info] [getSessions] [all] returned 0 session(s)
2025-11-28 23:36:43.882 [info] [getSessions] [all] starting
2025-11-28 23:36:43.882 [info] [getSessions] [all] returned 0 session(s)
2025-11-28 23:36:44.034 [info] [getSessions] [499b84ac-1321-427f-aa17-267ca6975798/.default offline_access] starting
2025-11-28 23:36:44.034 [info] [aebc6443-996d-45c2-90f0-388ff96faa56] Native Broker is only available on Windows and macOS
2025-11-28 23:36:44.083 [info] [getSessions] [499b84ac-1321-427f-aa17-267ca6975798/.default offline_access] returned 0 session(s)
2025-11-28 23:36:44.083 [info] [getSessions] [all] starting
2025-11-28 23:36:44.083 [info] [getSessions] [all] returned 0 session(s)
