2025-10-16 13:41:55.341 [info] [main] Log level: Info
2025-10-16 13:41:55.341 [info] [main] Validating found git in: "git"
2025-10-16 13:41:55.341 [info] [main] Using git "2.51.0" from "git"
2025-10-16 13:41:55.341 [info] [Model][doInitialScan] Initial repository scan started
2025-10-16 13:41:55.341 [info] > git rev-parse --show-toplevel [14ms]
2025-10-16 13:41:55.341 [info] fatal: not a git repository (or any parent up to mount point /)
Stopping at filesystem boundary (GIT_DISCOVERY_ACROSS_FILESYSTEM not set).
2025-10-16 13:41:55.341 [info] > git rev-parse --show-toplevel [53ms]
2025-10-16 13:41:55.390 [info] > git rev-parse --git-dir --git-common-dir --show-superproject-working-tree [45ms]
2025-10-16 13:41:55.402 [info] [Model][openRepository] Opened repository (path): /home/user/repos/weather_predictor
2025-10-16 13:41:55.402 [info] [Model][openRepository] Opened repository (real path): /home/user/repos/weather_predictor
2025-10-16 13:41:55.402 [info] [Model][openRepository] Opened repository (kind): repository
2025-10-16 13:41:55.682 [info] > git rev-parse --show-toplevel [198ms]
2025-10-16 13:41:55.682 [info] fatal: not a git repository (or any parent up to mount point /)
Stopping at filesystem boundary (GIT_DISCOVERY_ACROSS_FILESYSTEM not set).
2025-10-16 13:41:55.683 [info] > git config --get commit.template [203ms]
2025-10-16 13:41:56.012 [info] > git rev-parse --show-toplevel [318ms]
2025-10-16 13:41:56.012 [info] fatal: not a git repository (or any parent up to mount point /)
Stopping at filesystem boundary (GIT_DISCOVERY_ACROSS_FILESYSTEM not set).
2025-10-16 13:41:56.026 [info] > git for-each-ref --format=%(refname)%00%(upstream:short)%00%(objectname)%00%(upstream:track)%00%(upstream:remotename)%00%(upstream:remoteref) refs/heads/main refs/remotes/main [322ms]
2025-10-16 13:41:56.049 [info] > git status -z -uall [16ms]
2025-10-16 13:41:56.049 [info] > git check-ignore -v -z --stdin [3ms]
2025-10-16 13:41:56.050 [info] > git for-each-ref --sort -committerdate --format %(refname)%00%(objectname)%00%(*objectname) [10ms]
2025-10-16 13:41:56.074 [info] > git rev-parse --show-toplevel [51ms]
2025-10-16 13:41:56.074 [info] fatal: not a git repository (or any parent up to mount point /)
Stopping at filesystem boundary (GIT_DISCOVERY_ACROSS_FILESYSTEM not set).
2025-10-16 13:41:56.139 [info] > git for-each-ref --format=%(refname)%00%(upstream:short)%00%(objectname)%00%(upstream:track)%00%(upstream:remotename)%00%(upstream:remoteref) refs/heads/main refs/remotes/main [68ms]
2025-10-16 13:41:56.149 [info] > git config --get --local branch.main.vscode-merge-base [5ms]
2025-10-16 13:41:56.149 [warning] [Git][config] git config failed: Failed to execute git
2025-10-16 13:41:56.155 [info] > git rev-parse --show-toplevel [52ms]
2025-10-16 13:41:56.155 [info] fatal: not a git repository (or any parent up to mount point /)
Stopping at filesystem boundary (GIT_DISCOVERY_ACROSS_FILESYSTEM not set).
2025-10-16 13:41:56.155 [info] > git config --get commit.template [57ms]
2025-10-16 13:41:56.172 [info] > git rev-parse --show-toplevel [7ms]
2025-10-16 13:41:56.179 [info] > git for-each-ref --format=%(refname)%00%(upstream:short)%00%(objectname)%00%(upstream:track)%00%(upstream:remotename)%00%(upstream:remoteref) refs/heads/main refs/remotes/main [8ms]
2025-10-16 13:41:56.189 [info] > git reflog main --grep-reflog=branch: Created from *. [35ms]
2025-10-16 13:41:56.200 [info] > git status -z -uall [15ms]
2025-10-16 13:41:56.200 [info] > git reflog HEAD --grep-reflog=checkout: moving from .* to main [6ms]
2025-10-16 13:41:56.206 [info] > git for-each-ref --sort -committerdate --format %(refname)%00%(objectname)%00%(*objectname) [17ms]
2025-10-16 13:41:56.209 [info] > git rev-parse --git-dir --git-common-dir --show-superproject-working-tree [31ms]
2025-10-16 13:41:56.213 [info] [Model][openRepository] Opened repository (path): /home/user/repos/my_test
2025-10-16 13:41:56.213 [info] [Model][openRepository] Opened repository (real path): /home/user/repos/my_test
2025-10-16 13:41:56.213 [info] [Model][openRepository] Opened repository (kind): repository
2025-10-16 13:41:56.226 [info] > git for-each-ref --format=%(refname)%00%(upstream:short)%00%(objectname)%00%(upstream:track)%00%(upstream:remotename)%00%(upstream:remoteref) refs/heads/dev refs/remotes/dev [20ms]
2025-10-16 13:41:56.237 [info] > git symbolic-ref --short refs/remotes/origin/HEAD [4ms]
2025-10-16 13:41:56.237 [info] fatal: ref refs/remotes/origin/HEAD is not a symbolic ref
2025-10-16 13:41:56.237 [warning] [Repository][getDefaultBranch] Failed to get default branch details: Failed to execute git.
2025-10-16 13:41:56.238 [info] > git rev-parse --show-toplevel [12ms]
2025-10-16 13:41:56.238 [info] > git config --get commit.template [18ms]
2025-10-16 13:41:56.254 [info] > git rev-parse --git-dir --git-common-dir --show-superproject-working-tree [7ms]
2025-10-16 13:41:56.258 [info] [Model][openRepository] Opened repository (path): /home/user/repos/test_repository
2025-10-16 13:41:56.258 [info] [Model][openRepository] Opened repository (real path): /home/user/repos/test_repository
2025-10-16 13:41:56.258 [info] [Model][openRepository] Opened repository (kind): repository
2025-10-16 13:41:56.271 [info] > git for-each-ref --format=%(refname)%00%(upstream:short)%00%(objectname)%00%(upstream:track)%00%(upstream:remotename)%00%(upstream:remoteref) refs/heads/main refs/remotes/main [18ms]
2025-10-16 13:41:56.300 [info] > git status -z -uall [23ms]
2025-10-16 13:41:56.300 [info] > git for-each-ref --sort -committerdate --format %(refname)%00%(objectname)%00%(*objectname) [17ms]
2025-10-16 13:41:56.311 [info] > git rev-parse --show-toplevel [41ms]
2025-10-16 13:41:56.311 [info] fatal: not a git repository (or any parent up to mount point /)
Stopping at filesystem boundary (GIT_DISCOVERY_ACROSS_FILESYSTEM not set).
2025-10-16 13:41:56.311 [info] > git config --get commit.template [46ms]
2025-10-16 13:41:56.387 [info] > git for-each-ref --format=%(refname)%00%(upstream:short)%00%(objectname)%00%(upstream:track)%00%(upstream:remotename)%00%(upstream:remoteref) refs/heads/main refs/remotes/main [77ms]
2025-10-16 13:41:56.401 [info] > git config --get --local branch.main.vscode-merge-base [8ms]
2025-10-16 13:41:56.407 [info] > git rev-parse --show-toplevel [20ms]
2025-10-16 13:41:56.407 [info] fatal: not a git repository (or any parent up to mount point /)
Stopping at filesystem boundary (GIT_DISCOVERY_ACROSS_FILESYSTEM not set).
2025-10-16 13:41:56.407 [info] > git config --get commit.template [26ms]
2025-10-16 13:41:56.413 [info] > git for-each-ref --format=%(refname)%00%(upstream:short)%00%(objectname)%00%(upstream:track)%00%(upstream:remotename)%00%(upstream:remoteref) refs/heads/origin/main refs/remotes/origin/main [7ms]
2025-10-16 13:41:56.413 [info] > git for-each-ref --format=%(refname)%00%(upstream:short)%00%(objectname)%00%(upstream:track)%00%(upstream:remotename)%00%(upstream:remoteref) refs/heads/main refs/remotes/main [13ms]
2025-10-16 13:41:56.426 [warning] [Git][revParse] Unable to read file: ENOENT: no such file or directory, open '/home/user/repos/test_repository/.git/refs/remotes/origin/main'
2025-10-16 13:41:56.427 [info] > git rev-parse --show-toplevel [15ms]
2025-10-16 13:41:56.433 [info] > git rev-parse refs/remotes/origin/main [7ms]
2025-10-16 13:41:56.443 [info] > git for-each-ref --format=%(refname)%00%(upstream:short)%00%(objectname)%00%(upstream:track)%00%(upstream:remotename)%00%(upstream:remoteref) refs/heads/main refs/remotes/main [22ms]
2025-10-16 13:41:56.456 [info] > git status -z -uall [18ms]
2025-10-16 13:41:56.456 [info] > git status -z -uall [8ms]
2025-10-16 13:41:56.457 [info] > git for-each-ref --sort -committerdate --format %(refname)%00%(objectname)%00%(*objectname) [14ms]
2025-10-16 13:41:56.466 [info] > git rev-parse --git-dir --git-common-dir --show-superproject-working-tree [33ms]
2025-10-16 13:41:56.470 [info] [Model][openRepository] Opened repository (path): /home/user/repos/xss-shop
2025-10-16 13:41:56.470 [info] [Model][openRepository] Opened repository (real path): /home/user/repos/xss-shop
2025-10-16 13:41:56.470 [info] [Model][openRepository] Opened repository (kind): repository
2025-10-16 13:41:56.473 [info] [Model][doInitialScan] Initial repository scan completed - repositories (4), closed repositories (0), parent repositories (0), unsafe repositories (0)
2025-10-16 13:41:56.501 [info] > git show --textconv :main.py [21ms]
2025-10-16 13:41:56.502 [info] > git for-each-ref --format=%(refname)%00%(upstream:short)%00%(objectname)%00%(upstream:track)%00%(upstream:remotename)%00%(upstream:remoteref) refs/heads/main refs/remotes/main [37ms]
2025-10-16 13:41:56.509 [info] > git for-each-ref --sort -committerdate --format %(refname)%00%(objectname)%00%(*objectname) [55ms]
2025-10-16 13:41:56.634 [info] > git config --get --local branch.main.vscode-merge-base [125ms]
2025-10-16 13:41:56.641 [info] > git config --get commit.template [141ms]
2025-10-16 13:41:56.641 [info] > git config --get commit.template [147ms]
2025-10-16 13:41:56.641 [info] > git ls-files --stage -- main.py [154ms]
2025-10-16 13:41:56.664 [info] > git cat-file -s c99a9fa459181e86e7458241822e7d6086e73455 [18ms]
2025-10-16 13:41:56.664 [info] > git for-each-ref --format=%(refname)%00%(upstream:short)%00%(objectname)%00%(upstream:track)%00%(upstream:remotename)%00%(upstream:remoteref) refs/heads/origin/main refs/remotes/origin/main [24ms]
2025-10-16 13:41:56.687 [info] > git merge-base refs/heads/main refs/remotes/origin/main [16ms]
2025-10-16 13:41:56.695 [info] > git diff --name-status -z --diff-filter=ADMR c5711b66ad5e152a05fb6fbbd78abe531e7248e2...refs/remotes/origin/main [3ms]
2025-10-16 13:41:56.696 [info] > git for-each-ref --format=%(refname)%00%(upstream:short)%00%(objectname)%00%(upstream:track)%00%(upstream:remotename)%00%(upstream:remoteref) refs/heads/master refs/remotes/master [10ms]
2025-10-16 13:41:56.696 [info] > git for-each-ref --format=%(refname)%00%(upstream:short)%00%(objectname)%00%(upstream:track)%00%(upstream:remotename)%00%(upstream:remoteref) refs/heads/main refs/remotes/main [16ms]
2025-10-16 13:41:56.705 [warning] [Git][revParse] Unable to read file: ENOENT: no such file or directory, open '/home/user/repos/xss-shop/.git/refs/remotes/origin/master'
2025-10-16 13:41:56.710 [warning] [Git][revParse] Unable to read file: ENOENT: no such file or directory, open '/home/user/repos/test_repository/.git/refs/remotes/origin/main'
2025-10-16 13:41:56.712 [info] > git rev-parse refs/remotes/origin/main [2ms]
2025-10-16 13:41:56.725 [info] > git rev-parse refs/remotes/origin/master [20ms]
2025-10-16 13:41:56.754 [info] > git status -z -uall [36ms]
2025-10-16 13:41:56.755 [info] > git status -z -uall [24ms]
2025-10-16 13:41:56.755 [info] > git for-each-ref --sort -committerdate --format %(refname)%00%(objectname)%00%(*objectname) [19ms]
2025-10-16 13:41:56.765 [info] > git for-each-ref --sort -committerdate --format %(refname)%00%(objectname)%00%(*objectname) [41ms]
2025-10-16 13:41:56.780 [info] > git for-each-ref --format=%(refname)%00%(upstream:short)%00%(objectname)%00%(upstream:track)%00%(upstream:remotename)%00%(upstream:remoteref) refs/heads/master refs/remotes/master [16ms]
2025-10-16 13:41:56.798 [info] > git config --get --local branch.master.vscode-merge-base [12ms]
2025-10-16 13:41:56.805 [info] > git config --get commit.template [31ms]
2025-10-16 13:41:56.807 [info] > git for-each-ref --format=%(refname)%00%(upstream:short)%00%(objectname)%00%(upstream:track)%00%(upstream:remotename)%00%(upstream:remoteref) refs/heads/origin/master refs/remotes/origin/master [2ms]
2025-10-16 13:41:56.820 [info] > git for-each-ref --format=%(refname)%00%(upstream:short)%00%(objectname)%00%(upstream:track)%00%(upstream:remotename)%00%(upstream:remoteref) refs/heads/master refs/remotes/master [1ms]
2025-10-16 13:41:56.821 [info] > git merge-base refs/heads/master refs/remotes/origin/master [8ms]
2025-10-16 13:41:56.827 [info] > git blame --root --incremental 0b30cbbc0f5f9f3e96f0a82fb0b58bcf1c9e0545 -- main.py [33ms]
2025-10-16 13:41:56.841 [warning] [Git][revParse] Unable to read file: ENOENT: no such file or directory, open '/home/user/repos/xss-shop/.git/refs/remotes/origin/master'
2025-10-16 13:41:56.843 [info] > git diff --name-status -z --diff-filter=ADMR 9d8d421c8527678bba71e07749d36202b94cac0f...refs/remotes/origin/master [17ms]
2025-10-16 13:41:56.844 [info] > git rev-parse refs/remotes/origin/master [3ms]
2025-10-16 13:41:56.858 [info] > git status -z -uall [9ms]
2025-10-16 13:41:56.858 [info] > git for-each-ref --sort -committerdate --format %(refname)%00%(objectname)%00%(*objectname) [2ms]
2025-10-16 13:41:57.185 [info] > git check-ignore -v -z --stdin [20ms]
2025-10-16 13:41:57.185 [info] > git check-ignore -v -z --stdin [15ms]
2025-10-16 13:41:57.186 [info] > git check-ignore -v -z --stdin [9ms]
2025-10-16 13:41:57.186 [info] > git check-ignore -v -z --stdin [3ms]
2025-10-16 13:48:53.173 [info] > git config --get commit.template [7ms]
2025-10-16 13:48:53.174 [info] > git for-each-ref --format=%(refname)%00%(upstream:short)%00%(objectname)%00%(upstream:track)%00%(upstream:remotename)%00%(upstream:remoteref) refs/heads/main refs/remotes/main [2ms]
2025-10-16 13:48:53.186 [info] > git status -z -uall [7ms]
2025-10-16 13:48:53.187 [info] > git for-each-ref --sort -committerdate --format %(refname)%00%(objectname)%00%(*objectname) [2ms]
2025-10-16 13:49:02.048 [info] > git config --get commit.template [1ms]
2025-10-16 13:49:02.056 [info] > git for-each-ref --format=%(refname)%00%(upstream:short)%00%(objectname)%00%(upstream:track)%00%(upstream:remotename)%00%(upstream:remoteref) refs/heads/main refs/remotes/main [1ms]
2025-10-16 13:49:02.071 [info] > git status -z -uall [8ms]
2025-10-16 13:49:02.071 [info] > git for-each-ref --sort -committerdate --format %(refname)%00%(objectname)%00%(*objectname) [1ms]
2025-10-16 13:49:07.096 [info] > git config --get commit.template [5ms]
2025-10-16 13:49:07.096 [info] > git for-each-ref --format=%(refname)%00%(upstream:short)%00%(objectname)%00%(upstream:track)%00%(upstream:remotename)%00%(upstream:remoteref) refs/heads/main refs/remotes/main [1ms]
2025-10-16 13:49:07.107 [info] > git status -z -uall [7ms]
2025-10-16 13:49:07.107 [info] > git for-each-ref --sort -committerdate --format %(refname)%00%(objectname)%00%(*objectname) [1ms]
2025-10-16 13:49:21.191 [info] > git config --get commit.template [1ms]
2025-10-16 13:49:21.197 [info] > git for-each-ref --format=%(refname)%00%(upstream:short)%00%(objectname)%00%(upstream:track)%00%(upstream:remotename)%00%(upstream:remoteref) refs/heads/main refs/remotes/main [1ms]
2025-10-16 13:49:21.208 [info] > git status -z -uall [5ms]
2025-10-16 13:49:21.209 [info] > git for-each-ref --sort -committerdate --format %(refname)%00%(objectname)%00%(*objectname) [1ms]
2025-10-16 13:50:19.893 [info] > git config --get commit.template [7ms]
2025-10-16 13:50:19.894 [info] > git for-each-ref --format=%(refname)%00%(upstream:short)%00%(objectname)%00%(upstream:track)%00%(upstream:remotename)%00%(upstream:remoteref) refs/heads/main refs/remotes/main [1ms]
2025-10-16 13:50:19.909 [info] > git status -z -uall [8ms]
2025-10-16 13:50:19.910 [info] > git for-each-ref --sort -committerdate --format %(refname)%00%(objectname)%00%(*objectname) [2ms]
2025-10-16 13:50:45.822 [info] > git config --get commit.template [1ms]
2025-10-16 13:50:45.829 [info] > git for-each-ref --format=%(refname)%00%(upstream:short)%00%(objectname)%00%(upstream:track)%00%(upstream:remotename)%00%(upstream:remoteref) refs/heads/main refs/remotes/main [1ms]
2025-10-16 13:50:45.839 [info] > git status -z -uall [6ms]
2025-10-16 13:50:45.839 [info] > git for-each-ref --sort -committerdate --format %(refname)%00%(objectname)%00%(*objectname) [1ms]
2025-10-16 13:51:19.153 [info] > git config --get commit.template [6ms]
2025-10-16 13:51:19.154 [info] > git for-each-ref --format=%(refname)%00%(upstream:short)%00%(objectname)%00%(upstream:track)%00%(upstream:remotename)%00%(upstream:remoteref) refs/heads/main refs/remotes/main [1ms]
2025-10-16 13:51:19.165 [info] > git status -z -uall [6ms]
2025-10-16 13:51:19.166 [info] > git for-each-ref --sort -committerdate --format %(refname)%00%(objectname)%00%(*objectname) [1ms]
2025-10-16 13:53:37.140 [info] > git show --textconv :static/style.css [8ms]
2025-10-16 13:53:37.141 [info] > git ls-files --stage -- static/style.css [2ms]
2025-10-16 13:53:37.149 [info] > git cat-file -s ab0697c2583cd2e85d908656a4d0f3f036dc4830 [1ms]
2025-10-16 13:53:37.190 [info] > git blame --root --incremental 0b30cbbc0f5f9f3e96f0a82fb0b58bcf1c9e0545 -- static/style.css [10ms]
2025-10-16 13:53:54.777 [info] > git config --get commit.template [9ms]
2025-10-16 13:53:54.778 [info] > git for-each-ref --format=%(refname)%00%(upstream:short)%00%(objectname)%00%(upstream:track)%00%(upstream:remotename)%00%(upstream:remoteref) refs/heads/main refs/remotes/main [1ms]
2025-10-16 13:53:54.791 [info] > git status -z -uall [7ms]
2025-10-16 13:53:54.792 [info] > git for-each-ref --sort -committerdate --format %(refname)%00%(objectname)%00%(*objectname) [1ms]
2025-10-16 13:54:56.484 [info] > git config --get commit.template [6ms]
2025-10-16 13:54:56.485 [info] > git for-each-ref --format=%(refname)%00%(upstream:short)%00%(objectname)%00%(upstream:track)%00%(upstream:remotename)%00%(upstream:remoteref) refs/heads/main refs/remotes/main [1ms]
2025-10-16 13:54:56.497 [info] > git status -z -uall [7ms]
2025-10-16 13:54:56.498 [info] > git for-each-ref --sort -committerdate --format %(refname)%00%(objectname)%00%(*objectname) [2ms]
2025-10-16 13:54:56.529 [info] > git check-ignore -v -z --stdin [1ms]
2025-10-16 13:55:04.486 [info] > git show --textconv :.dockerignore [8ms]
2025-10-16 13:55:04.488 [info] > git ls-files --stage -- .dockerignore [3ms]
2025-10-16 13:55:04.496 [info] > git cat-file -s c9b815a5a684f1383e09a27d080b8af30b47e864 [1ms]
2025-10-16 13:55:04.739 [info] > git show --textconv :templates/index.html [7ms]
2025-10-16 13:55:04.740 [info] > git ls-files --stage -- templates/index.html [1ms]
2025-10-16 13:55:04.748 [info] > git cat-file -s ab77cc13faa57634b15b7c4a8a7ec038e39066a9 [2ms]
2025-10-16 13:55:04.769 [info] > git blame --root --incremental 0b30cbbc0f5f9f3e96f0a82fb0b58bcf1c9e0545 -- templates/index.html [10ms]
2025-10-16 13:56:03.726 [info] > git config --get commit.template [3ms]
2025-10-16 13:56:03.734 [info] > git for-each-ref --format=%(refname)%00%(upstream:short)%00%(objectname)%00%(upstream:track)%00%(upstream:remotename)%00%(upstream:remoteref) refs/heads/main refs/remotes/main [1ms]
2025-10-16 13:56:03.745 [info] > git status -z -uall [6ms]
2025-10-16 13:56:03.746 [info] > git for-each-ref --sort -committerdate --format %(refname)%00%(objectname)%00%(*objectname) [2ms]
2025-10-16 13:56:04.794 [info] > git config --get commit.template [5ms]
2025-10-16 13:56:04.795 [info] > git for-each-ref --format=%(refname)%00%(upstream:short)%00%(objectname)%00%(upstream:track)%00%(upstream:remotename)%00%(upstream:remoteref) refs/heads/main refs/remotes/main [1ms]
2025-10-16 13:56:04.806 [info] > git status -z -uall [5ms]
2025-10-16 13:56:04.807 [info] > git for-each-ref --sort -committerdate --format %(refname)%00%(objectname)%00%(*objectname) [1ms]
2025-10-16 13:56:04.892 [info] > git ls-files --stage -- templates/index.html [1ms]
2025-10-16 13:56:04.900 [info] > git cat-file -s ab77cc13faa57634b15b7c4a8a7ec038e39066a9 [1ms]
2025-10-16 13:56:04.909 [info] > git show --textconv :templates/index.html [2ms]
2025-10-16 13:56:07.914 [info] > git config --get commit.template [1ms]
2025-10-16 13:56:07.922 [info] > git for-each-ref --format=%(refname)%00%(upstream:short)%00%(objectname)%00%(upstream:track)%00%(upstream:remotename)%00%(upstream:remoteref) refs/heads/main refs/remotes/main [1ms]
2025-10-16 13:56:07.936 [info] > git status -z -uall [8ms]
2025-10-16 13:56:07.936 [info] > git for-each-ref --sort -committerdate --format %(refname)%00%(objectname)%00%(*objectname) [1ms]
2025-10-16 13:56:09.081 [info] > git ls-files --stage -- templates/index.html [1ms]
2025-10-16 13:56:09.088 [info] > git cat-file -s ab77cc13faa57634b15b7c4a8a7ec038e39066a9 [1ms]
2025-10-16 13:56:09.096 [info] > git show --textconv :templates/index.html [2ms]
2025-10-16 13:56:09.827 [info] > git config --get commit.template [8ms]
2025-10-16 13:56:09.827 [info] > git for-each-ref --format=%(refname)%00%(upstream:short)%00%(objectname)%00%(upstream:track)%00%(upstream:remotename)%00%(upstream:remoteref) refs/heads/main refs/remotes/main [1ms]
2025-10-16 13:56:09.840 [info] > git status -z -uall [6ms]
2025-10-16 13:56:09.841 [info] > git for-each-ref --sort -committerdate --format %(refname)%00%(objectname)%00%(*objectname) [2ms]
2025-10-16 13:56:29.770 [info] > git config --get commit.template [1ms]
2025-10-16 13:56:29.779 [info] > git for-each-ref --format=%(refname)%00%(upstream:short)%00%(objectname)%00%(upstream:track)%00%(upstream:remotename)%00%(upstream:remoteref) refs/heads/main refs/remotes/main [2ms]
2025-10-16 13:56:29.792 [info] > git status -z -uall [7ms]
2025-10-16 13:56:29.793 [info] > git for-each-ref --sort -committerdate --format %(refname)%00%(objectname)%00%(*objectname) [2ms]
2025-10-16 13:56:29.807 [info] > git blame --root --incremental df853d3a8e097899ca3c3a65c9835eea139515a8 -- templates/index.html [3ms]
2025-10-16 13:56:30.833 [info] > git config --get commit.template [1ms]
2025-10-16 13:56:30.840 [info] > git for-each-ref --format=%(refname)%00%(upstream:short)%00%(objectname)%00%(upstream:track)%00%(upstream:remotename)%00%(upstream:remoteref) refs/heads/main refs/remotes/main [1ms]
2025-10-16 13:56:30.852 [info] > git status -z -uall [7ms]
2025-10-16 13:56:30.853 [info] > git for-each-ref --sort -committerdate --format %(refname)%00%(objectname)%00%(*objectname) [1ms]
2025-10-16 13:56:30.933 [info] > git ls-files --stage -- templates/index.html [1ms]
2025-10-16 13:56:30.939 [info] > git cat-file -s ab77cc13faa57634b15b7c4a8a7ec038e39066a9 [1ms]
2025-10-16 13:56:30.946 [info] > git show --textconv :templates/index.html [1ms]
2025-10-16 13:56:33.970 [info] > git config --get commit.template [7ms]
2025-10-16 13:56:33.971 [info] > git for-each-ref --format=%(refname)%00%(upstream:short)%00%(objectname)%00%(upstream:track)%00%(upstream:remotename)%00%(upstream:remoteref) refs/heads/main refs/remotes/main [2ms]
2025-10-16 13:56:33.984 [info] > git status -z -uall [7ms]
2025-10-16 13:56:33.985 [info] > git for-each-ref --sort -committerdate --format %(refname)%00%(objectname)%00%(*objectname) [2ms]
2025-10-16 13:56:52.300 [info] > git check-ignore -v -z --stdin [1ms]
2025-10-16 13:56:52.855 [info] > git config --get commit.template [6ms]
2025-10-16 13:56:52.855 [info] > git for-each-ref --format=%(refname)%00%(upstream:short)%00%(objectname)%00%(upstream:track)%00%(upstream:remotename)%00%(upstream:remoteref) refs/heads/main refs/remotes/main [1ms]
2025-10-16 13:56:52.867 [info] > git status -z -uall [6ms]
2025-10-16 13:56:52.868 [info] > git for-each-ref --sort -committerdate --format %(refname)%00%(objectname)%00%(*objectname) [1ms]
2025-10-16 13:57:08.932 [info] > git config --get commit.template [6ms]
2025-10-16 13:57:08.933 [info] > git for-each-ref --format=%(refname)%00%(upstream:short)%00%(objectname)%00%(upstream:track)%00%(upstream:remotename)%00%(upstream:remoteref) refs/heads/main refs/remotes/main [1ms]
2025-10-16 13:57:08.945 [info] > git status -z -uall [7ms]
2025-10-16 13:57:08.946 [info] > git for-each-ref --sort -committerdate --format %(refname)%00%(objectname)%00%(*objectname) [1ms]
2025-10-16 13:57:21.558 [info] > git show --textconv :static/style.css [7ms]
2025-10-16 13:57:21.558 [info] > git ls-files --stage -- static/style.css [1ms]
2025-10-16 13:57:21.565 [info] > git cat-file -s c9dc00df4b465654264a390949447eb27c84ac22 [1ms]
2025-10-16 13:57:21.590 [info] > git blame --root --incremental df853d3a8e097899ca3c3a65c9835eea139515a8 -- static/style.css [3ms]
2025-10-16 13:57:23.045 [info] > git show --textconv :templates/index.html [6ms]
2025-10-16 13:57:23.046 [info] > git ls-files --stage -- templates/index.html [1ms]
2025-10-16 13:57:23.053 [info] > git cat-file -s ab77cc13faa57634b15b7c4a8a7ec038e39066a9 [1ms]
2025-10-16 13:58:05.539 [info] > git config --get commit.template [7ms]
2025-10-16 13:58:05.540 [info] > git for-each-ref --format=%(refname)%00%(upstream:short)%00%(objectname)%00%(upstream:track)%00%(upstream:remotename)%00%(upstream:remoteref) refs/heads/main refs/remotes/main [1ms]
2025-10-16 13:58:05.554 [info] > git status -z -uall [8ms]
2025-10-16 13:58:05.554 [info] > git for-each-ref --sort -committerdate --format %(refname)%00%(objectname)%00%(*objectname) [1ms]
2025-10-16 13:58:27.956 [info] > git show --textconv :templates/index.html [6ms]
2025-10-16 13:58:27.957 [info] > git ls-files --stage -- templates/index.html [1ms]
2025-10-16 13:58:27.964 [info] > git cat-file -s ab77cc13faa57634b15b7c4a8a7ec038e39066a9 [1ms]
2025-10-16 13:59:07.024 [info] > git show --textconv :static/style.css [7ms]
2025-10-16 13:59:07.025 [info] > git ls-files --stage -- static/style.css [2ms]
2025-10-16 13:59:07.032 [info] > git cat-file -s c9dc00df4b465654264a390949447eb27c84ac22 [1ms]
2025-10-16 13:59:14.157 [info] > git config --get commit.template [7ms]
2025-10-16 13:59:14.157 [info] > git for-each-ref --format=%(refname)%00%(upstream:short)%00%(objectname)%00%(upstream:track)%00%(upstream:remotename)%00%(upstream:remoteref) refs/heads/main refs/remotes/main [1ms]
2025-10-16 13:59:14.170 [info] > git status -z -uall [7ms]
2025-10-16 13:59:14.171 [info] > git for-each-ref --sort -committerdate --format %(refname)%00%(objectname)%00%(*objectname) [1ms]
2025-10-16 13:59:51.115 [info] > git config --get commit.template [8ms]
2025-10-16 13:59:51.116 [info] > git for-each-ref --format=%(refname)%00%(upstream:short)%00%(objectname)%00%(upstream:track)%00%(upstream:remotename)%00%(upstream:remoteref) refs/heads/main refs/remotes/main [2ms]
2025-10-16 13:59:51.130 [info] > git status -z -uall [7ms]
2025-10-16 13:59:51.131 [info] > git for-each-ref --sort -committerdate --format %(refname)%00%(objectname)%00%(*objectname) [1ms]
2025-10-16 14:07:32.504 [info] > git config --get commit.template [7ms]
2025-10-16 14:07:32.504 [info] > git for-each-ref --format=%(refname)%00%(upstream:short)%00%(objectname)%00%(upstream:track)%00%(upstream:remotename)%00%(upstream:remoteref) refs/heads/main refs/remotes/main [1ms]
2025-10-16 14:07:32.523 [info] > git status -z -uall [13ms]
2025-10-16 14:07:32.523 [info] > git for-each-ref --sort -committerdate --format %(refname)%00%(objectname)%00%(*objectname) [7ms]
2025-10-16 14:07:32.525 [info] > git check-ignore -v -z --stdin [3ms]
2025-10-16 14:07:35.427 [info] > git show --textconv :static/style.css [8ms]
2025-10-16 14:07:35.428 [info] > git ls-files --stage -- static/style.css [2ms]
2025-10-16 14:07:35.434 [info] > git cat-file -s c9dc00df4b465654264a390949447eb27c84ac22 [1ms]
2025-10-16 14:07:37.550 [info] > git config --get commit.template [7ms]
2025-10-16 14:07:37.550 [info] > git for-each-ref --format=%(refname)%00%(upstream:short)%00%(objectname)%00%(upstream:track)%00%(upstream:remotename)%00%(upstream:remoteref) refs/heads/main refs/remotes/main [1ms]
2025-10-16 14:07:37.562 [info] > git status -z -uall [5ms]
2025-10-16 14:07:37.563 [info] > git for-each-ref --sort -committerdate --format %(refname)%00%(objectname)%00%(*objectname) [2ms]
2025-10-16 14:07:39.544 [info] > git show --textconv :templates/index.html [10ms]
2025-10-16 14:07:39.545 [info] > git ls-files --stage -- templates/index.html [1ms]
2025-10-16 14:07:39.552 [info] > git cat-file -s ab77cc13faa57634b15b7c4a8a7ec038e39066a9 [1ms]
2025-10-16 14:07:51.358 [info] > git config --get commit.template [10ms]
2025-10-16 14:07:51.358 [info] > git for-each-ref --format=%(refname)%00%(upstream:short)%00%(objectname)%00%(upstream:track)%00%(upstream:remotename)%00%(upstream:remoteref) refs/heads/main refs/remotes/main [2ms]
2025-10-16 14:07:51.380 [info] > git status -z -uall [12ms]
2025-10-16 14:07:51.382 [info] > git for-each-ref --sort -committerdate --format %(refname)%00%(objectname)%00%(*objectname) [3ms]
2025-10-16 14:07:53.887 [info] > git show --textconv :static/style.css [8ms]
2025-10-16 14:07:53.888 [info] > git ls-files --stage -- static/style.css [1ms]
2025-10-16 14:07:53.896 [info] > git cat-file -s c9dc00df4b465654264a390949447eb27c84ac22 [1ms]
2025-10-16 14:08:59.662 [info] > git config --get commit.template [9ms]
2025-10-16 14:08:59.663 [info] > git for-each-ref --format=%(refname)%00%(upstream:short)%00%(objectname)%00%(upstream:track)%00%(upstream:remotename)%00%(upstream:remoteref) refs/heads/main refs/remotes/main [2ms]
2025-10-16 14:08:59.683 [info] > git status -z -uall [13ms]
2025-10-16 14:08:59.684 [info] > git for-each-ref --sort -committerdate --format %(refname)%00%(objectname)%00%(*objectname) [3ms]
2025-10-16 14:09:23.866 [info] > git config --get commit.template [2ms]
2025-10-16 14:09:23.876 [info] > git for-each-ref --format=%(refname)%00%(upstream:short)%00%(objectname)%00%(upstream:track)%00%(upstream:remotename)%00%(upstream:remoteref) refs/heads/main refs/remotes/main [2ms]
2025-10-16 14:09:23.891 [info] > git status -z -uall [9ms]
2025-10-16 14:09:23.892 [info] > git for-each-ref --sort -committerdate --format %(refname)%00%(objectname)%00%(*objectname) [1ms]
2025-10-16 14:09:28.118 [info] > git check-ignore -v -z --stdin [8ms]
2025-10-16 14:09:28.118 [info] > git check-ignore -v -z --stdin [1ms]
2025-10-16 14:09:31.097 [info] > git show --textconv :templates/index.html [12ms]
2025-10-16 14:09:31.100 [info] > git ls-files --stage -- templates/index.html [4ms]
2025-10-16 14:09:31.108 [info] > git cat-file -s ab77cc13faa57634b15b7c4a8a7ec038e39066a9 [1ms]
2025-10-16 14:09:40.495 [info] > git show --textconv :static/style.css [9ms]
2025-10-16 14:09:40.496 [info] > git ls-files --stage -- static/style.css [1ms]
2025-10-16 14:09:40.503 [info] > git cat-file -s c9dc00df4b465654264a390949447eb27c84ac22 [1ms]
2025-10-16 14:09:45.280 [info] > git show --textconv :templates/index.html [7ms]
2025-10-16 14:09:45.281 [info] > git ls-files --stage -- templates/index.html [2ms]
2025-10-16 14:09:45.288 [info] > git cat-file -s ab77cc13faa57634b15b7c4a8a7ec038e39066a9 [1ms]
2025-10-16 14:09:54.410 [info] > git show --textconv :templates/get-8days.html [15ms]
2025-10-16 14:09:54.412 [info] > git ls-files --stage -- templates/get-8days.html [3ms]
2025-10-16 14:09:54.424 [info] > git cat-file -s fc9ac574de3da83c27ed13436cd72567277f0d22 [3ms]
2025-10-16 14:09:54.464 [info] > git blame --root --incremental df853d3a8e097899ca3c3a65c9835eea139515a8 -- templates/get-8days.html [8ms]
2025-10-16 14:09:58.286 [info] > git show --textconv :templates/index.html [6ms]
2025-10-16 14:09:58.287 [info] > git ls-files --stage -- templates/index.html [1ms]
2025-10-16 14:09:58.293 [info] > git cat-file -s ab77cc13faa57634b15b7c4a8a7ec038e39066a9 [1ms]
2025-10-16 14:10:13.789 [info] > git config --get commit.template [6ms]
2025-10-16 14:10:13.790 [info] > git for-each-ref --format=%(refname)%00%(upstream:short)%00%(objectname)%00%(upstream:track)%00%(upstream:remotename)%00%(upstream:remoteref) refs/heads/main refs/remotes/main [1ms]
2025-10-16 14:10:13.801 [info] > git status -z -uall [6ms]
2025-10-16 14:10:13.801 [info] > git for-each-ref --sort -committerdate --format %(refname)%00%(objectname)%00%(*objectname) [1ms]
2025-10-16 14:10:18.819 [info] > git config --get commit.template [7ms]
2025-10-16 14:10:18.819 [info] > git for-each-ref --format=%(refname)%00%(upstream:short)%00%(objectname)%00%(upstream:track)%00%(upstream:remotename)%00%(upstream:remoteref) refs/heads/main refs/remotes/main [1ms]
2025-10-16 14:10:18.832 [info] > git status -z -uall [6ms]
2025-10-16 14:10:18.832 [info] > git for-each-ref --sort -committerdate --format %(refname)%00%(objectname)%00%(*objectname) [1ms]
2025-10-16 14:10:39.056 [info] > git config --get commit.template [8ms]
2025-10-16 14:10:39.057 [info] > git for-each-ref --format=%(refname)%00%(upstream:short)%00%(objectname)%00%(upstream:track)%00%(upstream:remotename)%00%(upstream:remoteref) refs/heads/main refs/remotes/main [1ms]
2025-10-16 14:10:39.073 [info] > git status -z -uall [9ms]
2025-10-16 14:10:39.074 [info] > git for-each-ref --sort -committerdate --format %(refname)%00%(objectname)%00%(*objectname) [2ms]
2025-10-16 14:10:44.098 [info] > git config --get commit.template [6ms]
2025-10-16 14:10:44.098 [info] > git for-each-ref --format=%(refname)%00%(upstream:short)%00%(objectname)%00%(upstream:track)%00%(upstream:remotename)%00%(upstream:remoteref) refs/heads/main refs/remotes/main [1ms]
2025-10-16 14:10:44.115 [info] > git status -z -uall [10ms]
2025-10-16 14:10:44.116 [info] > git for-each-ref --sort -committerdate --format %(refname)%00%(objectname)%00%(*objectname) [2ms]
2025-10-16 14:10:49.132 [info] > git config --get commit.template [7ms]
2025-10-16 14:10:49.133 [info] > git for-each-ref --format=%(refname)%00%(upstream:short)%00%(objectname)%00%(upstream:track)%00%(upstream:remotename)%00%(upstream:remoteref) refs/heads/main refs/remotes/main [2ms]
2025-10-16 14:10:49.145 [info] > git status -z -uall [7ms]
2025-10-16 14:10:49.146 [info] > git for-each-ref --sort -committerdate --format %(refname)%00%(objectname)%00%(*objectname) [2ms]
2025-10-16 14:10:51.770 [info] > git show --textconv :static/style.css [6ms]
2025-10-16 14:10:51.770 [info] > git ls-files --stage -- static/style.css [1ms]
2025-10-16 14:10:51.777 [info] > git cat-file -s c9dc00df4b465654264a390949447eb27c84ac22 [1ms]
2025-10-16 14:10:59.443 [info] > git show --textconv :templates/index.html [7ms]
2025-10-16 14:10:59.444 [info] > git ls-files --stage -- templates/index.html [2ms]
2025-10-16 14:10:59.451 [info] > git cat-file -s ab77cc13faa57634b15b7c4a8a7ec038e39066a9 [1ms]
2025-10-16 14:11:15.445 [info] > git config --get commit.template [9ms]
2025-10-16 14:11:15.446 [info] > git for-each-ref --format=%(refname)%00%(upstream:short)%00%(objectname)%00%(upstream:track)%00%(upstream:remotename)%00%(upstream:remoteref) refs/heads/main refs/remotes/main [2ms]
2025-10-16 14:11:15.463 [info] > git status -z -uall [9ms]
2025-10-16 14:11:15.463 [info] > git for-each-ref --sort -committerdate --format %(refname)%00%(objectname)%00%(*objectname) [1ms]
2025-10-16 14:11:24.861 [info] > git show --textconv :static/style.css [7ms]
2025-10-16 14:11:24.862 [info] > git ls-files --stage -- static/style.css [1ms]
2025-10-16 14:11:24.869 [info] > git cat-file -s c9dc00df4b465654264a390949447eb27c84ac22 [1ms]
2025-10-16 14:11:27.165 [info] > git show --textconv :static/style.css [7ms]
2025-10-16 14:11:27.166 [info] > git ls-files --stage -- static/style.css [2ms]
2025-10-16 14:11:27.174 [info] > git cat-file -s c9dc00df4b465654264a390949447eb27c84ac22 [2ms]
2025-10-16 14:11:28.098 [info] > git show --textconv :templates/index.html [7ms]
2025-10-16 14:11:28.099 [info] > git ls-files --stage -- templates/index.html [1ms]
2025-10-16 14:11:28.105 [info] > git cat-file -s ab77cc13faa57634b15b7c4a8a7ec038e39066a9 [1ms]
2025-10-16 14:11:35.403 [info] > git show --textconv :static/style.css [9ms]
2025-10-16 14:11:35.404 [info] > git ls-files --stage -- static/style.css [2ms]
2025-10-16 14:11:35.412 [info] > git cat-file -s c9dc00df4b465654264a390949447eb27c84ac22 [1ms]
2025-10-16 14:12:03.773 [info] > git config --get commit.template [8ms]
2025-10-16 14:12:03.774 [info] > git for-each-ref --format=%(refname)%00%(upstream:short)%00%(objectname)%00%(upstream:track)%00%(upstream:remotename)%00%(upstream:remoteref) refs/heads/main refs/remotes/main [2ms]
2025-10-16 14:12:03.789 [info] > git status -z -uall [7ms]
2025-10-16 14:12:03.790 [info] > git for-each-ref --sort -committerdate --format %(refname)%00%(objectname)%00%(*objectname) [1ms]
2025-10-16 14:12:27.413 [info] > git show --textconv :templates/index.html [6ms]
2025-10-16 14:12:27.413 [info] > git ls-files --stage -- templates/index.html [1ms]
2025-10-16 14:12:27.420 [info] > git cat-file -s ab77cc13faa57634b15b7c4a8a7ec038e39066a9 [1ms]
2025-10-16 14:12:27.965 [info] > git show --textconv :static/style.css [8ms]
2025-10-16 14:12:27.966 [info] > git ls-files --stage -- static/style.css [2ms]
2025-10-16 14:12:27.973 [info] > git cat-file -s c9dc00df4b465654264a390949447eb27c84ac22 [1ms]
2025-10-16 14:13:24.573 [info] > git for-each-ref --format=%(refname)%00%(upstream:short)%00%(objectname)%00%(upstream:track)%00%(upstream:remotename)%00%(upstream:remoteref) refs/heads/main refs/remotes/main [7ms]
2025-10-16 14:13:24.573 [info] > git config --get commit.template [14ms]
2025-10-16 14:13:24.585 [info] > git check-ignore -v -z --stdin [13ms]
2025-10-16 14:13:24.586 [info] > git status -z -uall [7ms]
2025-10-16 14:13:24.586 [info] > git for-each-ref --sort -committerdate --format %(refname)%00%(objectname)%00%(*objectname) [1ms]
2025-10-16 14:13:27.243 [info] > git show --textconv :templates/index.html [8ms]
2025-10-16 14:13:27.244 [info] > git ls-files --stage -- templates/index.html [2ms]
2025-10-16 14:13:27.250 [info] > git cat-file -s ab77cc13faa57634b15b7c4a8a7ec038e39066a9 [1ms]
2025-10-16 14:14:25.418 [info] > git config --get commit.template [9ms]
2025-10-16 14:14:25.419 [info] > git for-each-ref --format=%(refname)%00%(upstream:short)%00%(objectname)%00%(upstream:track)%00%(upstream:remotename)%00%(upstream:remoteref) refs/heads/main refs/remotes/main [1ms]
2025-10-16 14:14:25.435 [info] > git status -z -uall [8ms]
2025-10-16 14:14:25.436 [info] > git for-each-ref --sort -committerdate --format %(refname)%00%(objectname)%00%(*objectname) [2ms]
2025-10-16 14:14:27.162 [info] > git show --textconv :templates/get-24hrs.html [7ms]
2025-10-16 14:14:27.163 [info] > git ls-files --stage -- templates/get-24hrs.html [2ms]
2025-10-16 14:14:27.170 [info] > git cat-file -s baea7220291644e1e99bc4323358e7238a381f04 [1ms]
2025-10-16 14:14:27.187 [info] > git blame --root --incremental df853d3a8e097899ca3c3a65c9835eea139515a8 -- templates/get-24hrs.html [5ms]
2025-10-16 14:15:10.110 [info] > git config --get commit.template [2ms]
2025-10-16 14:15:10.120 [info] > git for-each-ref --format=%(refname)%00%(upstream:short)%00%(objectname)%00%(upstream:track)%00%(upstream:remotename)%00%(upstream:remoteref) refs/heads/main refs/remotes/main [2ms]
2025-10-16 14:15:10.133 [info] > git status -z -uall [7ms]
2025-10-16 14:15:10.134 [info] > git for-each-ref --sort -committerdate --format %(refname)%00%(objectname)%00%(*objectname) [2ms]
2025-10-16 14:15:11.178 [info] > git config --get commit.template [7ms]
2025-10-16 14:15:11.179 [info] > git for-each-ref --format=%(refname)%00%(upstream:short)%00%(objectname)%00%(upstream:track)%00%(upstream:remotename)%00%(upstream:remoteref) refs/heads/main refs/remotes/main [1ms]
2025-10-16 14:15:11.189 [info] > git status -z -uall [5ms]
2025-10-16 14:15:11.190 [info] > git for-each-ref --sort -committerdate --format %(refname)%00%(objectname)%00%(*objectname) [1ms]
2025-10-16 14:15:11.276 [info] > git ls-files --stage -- templates/get-24hrs.html [1ms]
2025-10-16 14:15:11.283 [info] > git cat-file -s baea7220291644e1e99bc4323358e7238a381f04 [1ms]
2025-10-16 14:15:11.291 [info] > git show --textconv :templates/get-24hrs.html [2ms]
2025-10-16 14:15:23.694 [info] > git config --get commit.template [1ms]
2025-10-16 14:15:23.701 [info] > git for-each-ref --format=%(refname)%00%(upstream:short)%00%(objectname)%00%(upstream:track)%00%(upstream:remotename)%00%(upstream:remoteref) refs/heads/main refs/remotes/main [1ms]
2025-10-16 14:15:23.713 [info] > git status -z -uall [6ms]
2025-10-16 14:15:23.714 [info] > git for-each-ref --sort -committerdate --format %(refname)%00%(objectname)%00%(*objectname) [2ms]
2025-10-16 14:15:23.729 [info] > git blame --root --incremental cc0d725f4f67ab8e891c44de2fe686666a2ac8e7 -- templates/get-24hrs.html [7ms]
2025-10-16 14:15:24.760 [info] > git config --get commit.template [6ms]
2025-10-16 14:15:24.761 [info] > git for-each-ref --format=%(refname)%00%(upstream:short)%00%(objectname)%00%(upstream:track)%00%(upstream:remotename)%00%(upstream:remoteref) refs/heads/main refs/remotes/main [2ms]
2025-10-16 14:15:24.772 [info] > git status -z -uall [6ms]
2025-10-16 14:15:24.773 [info] > git for-each-ref --sort -committerdate --format %(refname)%00%(objectname)%00%(*objectname) [1ms]
2025-10-16 14:15:24.855 [info] > git ls-files --stage -- templates/get-24hrs.html [1ms]
2025-10-16 14:15:24.862 [info] > git cat-file -s baea7220291644e1e99bc4323358e7238a381f04 [1ms]
2025-10-16 14:15:24.870 [info] > git show --textconv :templates/get-24hrs.html [1ms]
2025-10-16 14:15:27.302 [info] > git config --get commit.template [1ms]
2025-10-16 14:15:27.310 [info] > git for-each-ref --format=%(refname)%00%(upstream:short)%00%(objectname)%00%(upstream:track)%00%(upstream:remotename)%00%(upstream:remoteref) refs/heads/main refs/remotes/main [1ms]
2025-10-16 14:15:27.322 [info] > git status -z -uall [6ms]
2025-10-16 14:15:27.323 [info] > git for-each-ref --sort -committerdate --format %(refname)%00%(objectname)%00%(*objectname) [1ms]
2025-10-16 14:15:56.364 [info] > git config --get commit.template [6ms]
2025-10-16 14:15:56.365 [info] > git for-each-ref --format=%(refname)%00%(upstream:short)%00%(objectname)%00%(upstream:track)%00%(upstream:remotename)%00%(upstream:remoteref) refs/heads/main refs/remotes/main [1ms]
2025-10-16 14:15:56.375 [info] > git status -z -uall [5ms]
2025-10-16 14:15:56.376 [info] > git for-each-ref --sort -committerdate --format %(refname)%00%(objectname)%00%(*objectname) [1ms]
2025-10-16 14:17:32.146 [info] > git config --get commit.template [1ms]
2025-10-16 14:17:32.156 [info] > git for-each-ref --format=%(refname)%00%(upstream:short)%00%(objectname)%00%(upstream:track)%00%(upstream:remotename)%00%(upstream:remoteref) refs/heads/main refs/remotes/main [2ms]
2025-10-16 14:17:32.170 [info] > git status -z -uall [8ms]
2025-10-16 14:17:32.171 [info] > git for-each-ref --sort -committerdate --format %(refname)%00%(objectname)%00%(*objectname) [1ms]
2025-10-16 14:17:52.707 [info] > git show --textconv :static/style.css [9ms]
2025-10-16 14:17:52.707 [info] > git ls-files --stage -- static/style.css [1ms]
2025-10-16 14:17:52.718 [info] > git cat-file -s 70f8667e51663326818efd77aa9f981a1c458957 [2ms]
2025-10-16 14:17:52.770 [info] > git blame --root --incremental cc0d725f4f67ab8e891c44de2fe686666a2ac8e7 -- static/style.css [3ms]
2025-10-16 14:18:16.416 [info] > git config --get commit.template [8ms]
2025-10-16 14:18:16.417 [info] > git for-each-ref --format=%(refname)%00%(upstream:short)%00%(objectname)%00%(upstream:track)%00%(upstream:remotename)%00%(upstream:remoteref) refs/heads/main refs/remotes/main [2ms]
2025-10-16 14:18:16.432 [info] > git status -z -uall [9ms]
2025-10-16 14:18:16.432 [info] > git for-each-ref --sort -committerdate --format %(refname)%00%(objectname)%00%(*objectname) [1ms]
2025-10-16 14:18:21.449 [info] > git config --get commit.template [7ms]
2025-10-16 14:18:21.450 [info] > git for-each-ref --format=%(refname)%00%(upstream:short)%00%(objectname)%00%(upstream:track)%00%(upstream:remotename)%00%(upstream:remoteref) refs/heads/main refs/remotes/main [1ms]
2025-10-16 14:18:21.463 [info] > git status -z -uall [8ms]
2025-10-16 14:18:21.464 [info] > git for-each-ref --sort -committerdate --format %(refname)%00%(objectname)%00%(*objectname) [2ms]
2025-10-16 14:18:31.541 [info] > git config --get commit.template [2ms]
2025-10-16 14:18:31.549 [info] > git for-each-ref --format=%(refname)%00%(upstream:short)%00%(objectname)%00%(upstream:track)%00%(upstream:remotename)%00%(upstream:remoteref) refs/heads/main refs/remotes/main [1ms]
2025-10-16 14:18:31.564 [info] > git status -z -uall [8ms]
2025-10-16 14:18:31.565 [info] > git for-each-ref --sort -committerdate --format %(refname)%00%(objectname)%00%(*objectname) [2ms]
2025-10-16 14:27:38.491 [info] > git show --textconv :main.py [8ms]
2025-10-16 14:27:38.491 [info] > git ls-files --stage -- main.py [1ms]
2025-10-16 14:27:38.499 [info] > git cat-file -s fc8df0265a29f2756750ecba82061fee6facf1d5 [1ms]
2025-10-16 14:27:38.528 [info] > git blame --root --incremental cc0d725f4f67ab8e891c44de2fe686666a2ac8e7 -- main.py [6ms]
2025-10-16 14:28:28.313 [info] > git config --get commit.template [18ms]
2025-10-16 14:28:28.315 [info] > git for-each-ref --format=%(refname)%00%(upstream:short)%00%(objectname)%00%(upstream:track)%00%(upstream:remotename)%00%(upstream:remoteref) refs/heads/main refs/remotes/main [3ms]
2025-10-16 14:28:28.339 [info] > git status -z -uall [7ms]
2025-10-16 14:28:28.340 [info] > git for-each-ref --sort -committerdate --format %(refname)%00%(objectname)%00%(*objectname) [1ms]
2025-10-16 14:29:38.617 [info] > git config --get commit.template [7ms]
2025-10-16 14:29:38.618 [info] > git for-each-ref --format=%(refname)%00%(upstream:short)%00%(objectname)%00%(upstream:track)%00%(upstream:remotename)%00%(upstream:remoteref) refs/heads/main refs/remotes/main [1ms]
2025-10-16 14:29:38.631 [info] > git status -z -uall [7ms]
2025-10-16 14:29:38.632 [info] > git for-each-ref --sort -committerdate --format %(refname)%00%(objectname)%00%(*objectname) [1ms]
2025-10-16 14:30:09.070 [info] > git config --get commit.template [10ms]
2025-10-16 14:30:09.070 [info] > git for-each-ref --format=%(refname)%00%(upstream:short)%00%(objectname)%00%(upstream:track)%00%(upstream:remotename)%00%(upstream:remoteref) refs/heads/main refs/remotes/main [1ms]
2025-10-16 14:30:09.084 [info] > git status -z -uall [7ms]
2025-10-16 14:30:09.085 [info] > git for-each-ref --sort -committerdate --format %(refname)%00%(objectname)%00%(*objectname) [1ms]
2025-10-16 14:33:39.920 [info] > git config --get commit.template [8ms]
2025-10-16 14:33:39.920 [info] > git for-each-ref --format=%(refname)%00%(upstream:short)%00%(objectname)%00%(upstream:track)%00%(upstream:remotename)%00%(upstream:remoteref) refs/heads/main refs/remotes/main [1ms]
2025-10-16 14:33:39.936 [info] > git status -z -uall [8ms]
2025-10-16 14:33:39.937 [info] > git for-each-ref --sort -committerdate --format %(refname)%00%(objectname)%00%(*objectname) [2ms]
2025-10-16 14:33:44.952 [info] > git config --get commit.template [6ms]
2025-10-16 14:33:44.953 [info] > git for-each-ref --format=%(refname)%00%(upstream:short)%00%(objectname)%00%(upstream:track)%00%(upstream:remotename)%00%(upstream:remoteref) refs/heads/main refs/remotes/main [1ms]
2025-10-16 14:33:44.965 [info] > git status -z -uall [6ms]
2025-10-16 14:33:44.966 [info] > git for-each-ref --sort -committerdate --format %(refname)%00%(objectname)%00%(*objectname) [1ms]
2025-10-16 14:37:53.998 [info] > git show --textconv :Dockerfile [7ms]
2025-10-16 14:37:53.999 [info] > git ls-files --stage -- Dockerfile [1ms]
2025-10-16 14:37:54.006 [info] > git cat-file -s 94124daf3233e8c033b0e8b50af4d49f274ae087 [1ms]
2025-10-16 14:37:54.025 [info] > git blame --root --incremental cc0d725f4f67ab8e891c44de2fe686666a2ac8e7 -- Dockerfile [3ms]
2025-10-16 14:38:08.365 [info] > git show --textconv :start.sh [7ms]
2025-10-16 14:38:08.366 [info] > git ls-files --stage -- start.sh [1ms]
2025-10-16 14:38:08.373 [info] > git cat-file -s b76fb6dca3b1cc91bf1cb48cd26c33f36663dc1a [1ms]
2025-10-16 14:38:08.529 [info] > git blame --root --incremental cc0d725f4f67ab8e891c44de2fe686666a2ac8e7 -- start.sh [2ms]
2025-10-16 14:38:31.176 [info] > git show --textconv :docker-compose.yml [7ms]
2025-10-16 14:38:31.177 [info] > git ls-files --stage -- docker-compose.yml [1ms]
2025-10-16 14:38:31.186 [info] > git cat-file -s d8154ec3f250d1adde2e71d3d82fd01a1059c0bf [2ms]
2025-10-16 14:38:31.215 [info] > git blame --root --incremental cc0d725f4f67ab8e891c44de2fe686666a2ac8e7 -- docker-compose.yml [2ms]
2025-10-16 14:40:20.491 [info] > git show --textconv :main.py [8ms]
2025-10-16 14:40:20.492 [info] > git ls-files --stage -- main.py [1ms]
2025-10-16 14:40:20.499 [info] > git cat-file -s fc8df0265a29f2756750ecba82061fee6facf1d5 [1ms]
2025-10-16 14:40:20.821 [info] > git show --textconv :Dockerfile [7ms]
2025-10-16 14:40:20.821 [info] > git ls-files --stage -- Dockerfile [1ms]
2025-10-16 14:40:20.828 [info] > git cat-file -s 94124daf3233e8c033b0e8b50af4d49f274ae087 [1ms]
2025-10-16 14:41:23.883 [info] > git show --textconv :docker-compose.yml [11ms]
2025-10-16 14:41:23.883 [info] > git ls-files --stage -- docker-compose.yml [1ms]
2025-10-16 14:41:23.896 [info] > git cat-file -s d8154ec3f250d1adde2e71d3d82fd01a1059c0bf [4ms]
2025-10-16 14:43:37.939 [info] > git show --textconv :Dockerfile [8ms]
2025-10-16 14:43:37.939 [info] > git ls-files --stage -- Dockerfile [1ms]
2025-10-16 14:43:37.945 [info] > git cat-file -s 94124daf3233e8c033b0e8b50af4d49f274ae087 [1ms]
2025-10-16 14:43:38.242 [info] > git show --textconv :main.py [8ms]
2025-10-16 14:43:38.243 [info] > git ls-files --stage -- main.py [2ms]
2025-10-16 14:43:38.250 [info] > git cat-file -s fc8df0265a29f2756750ecba82061fee6facf1d5 [1ms]
2025-10-16 14:43:47.411 [info] > git config --get commit.template [6ms]
2025-10-16 14:43:47.412 [info] > git for-each-ref --format=%(refname)%00%(upstream:short)%00%(objectname)%00%(upstream:track)%00%(upstream:remotename)%00%(upstream:remoteref) refs/heads/main refs/remotes/main [1ms]
2025-10-16 14:43:47.425 [info] > git status -z -uall [7ms]
2025-10-16 14:43:47.425 [info] > git for-each-ref --sort -committerdate --format %(refname)%00%(objectname)%00%(*objectname) [1ms]
2025-10-16 14:43:51.508 [info] > git show --textconv :Dockerfile [6ms]
2025-10-16 14:43:51.508 [info] > git ls-files --stage -- Dockerfile [1ms]
2025-10-16 14:43:51.516 [info] > git cat-file -s 94124daf3233e8c033b0e8b50af4d49f274ae087 [2ms]
2025-10-16 14:43:52.033 [info] > git show --textconv :main.py [7ms]
2025-10-16 14:43:52.034 [info] > git ls-files --stage -- main.py [2ms]
2025-10-16 14:43:52.041 [info] > git cat-file -s fc8df0265a29f2756750ecba82061fee6facf1d5 [1ms]
2025-10-16 14:43:55.888 [info] > git config --get commit.template [7ms]
2025-10-16 14:43:55.889 [info] > git for-each-ref --format=%(refname)%00%(upstream:short)%00%(objectname)%00%(upstream:track)%00%(upstream:remotename)%00%(upstream:remoteref) refs/heads/main refs/remotes/main [1ms]
2025-10-16 14:43:55.900 [info] > git status -z -uall [6ms]
2025-10-16 14:43:55.901 [info] > git for-each-ref --sort -committerdate --format %(refname)%00%(objectname)%00%(*objectname) [1ms]
2025-10-16 14:43:55.977 [info] > git ls-files --stage -- main.py [1ms]
2025-10-16 14:43:55.984 [info] > git cat-file -s fc8df0265a29f2756750ecba82061fee6facf1d5 [1ms]
2025-10-16 14:43:55.992 [info] > git show --textconv :main.py [1ms]
2025-10-16 14:57:10.746 [info] > git show --textconv :static/style.css [9ms]
2025-10-16 14:57:10.747 [info] > git ls-files --stage -- static/style.css [2ms]
2025-10-16 14:57:10.755 [info] > git cat-file -s 70f8667e51663326818efd77aa9f981a1c458957 [1ms]
2025-10-16 14:59:08.676 [info] > git config --get commit.template [7ms]
2025-10-16 14:59:08.676 [info] > git for-each-ref --format=%(refname)%00%(upstream:short)%00%(objectname)%00%(upstream:track)%00%(upstream:remotename)%00%(upstream:remoteref) refs/heads/main refs/remotes/main [1ms]
2025-10-16 14:59:08.689 [info] > git status -z -uall [7ms]
2025-10-16 14:59:08.690 [info] > git for-each-ref --sort -committerdate --format %(refname)%00%(objectname)%00%(*objectname) [1ms]
2025-10-16 14:59:08.709 [info] > git check-ignore -v -z --stdin [1ms]
2025-10-16 14:59:10.608 [info] > git show --textconv :templates/index.html [10ms]
2025-10-16 14:59:10.608 [info] > git ls-files --stage -- templates/index.html [1ms]
2025-10-16 14:59:10.624 [info] > git cat-file -s c517c2dd212c38cde043cc1dfb7e7a07806335d2 [3ms]
2025-10-16 14:59:10.654 [info] > git blame --root --incremental cc0d725f4f67ab8e891c44de2fe686666a2ac8e7 -- templates/index.html [3ms]
2025-10-16 14:59:23.403 [info] > git config --get commit.template [9ms]
2025-10-16 14:59:23.404 [info] > git for-each-ref --format=%(refname)%00%(upstream:short)%00%(objectname)%00%(upstream:track)%00%(upstream:remotename)%00%(upstream:remoteref) refs/heads/main refs/remotes/main [2ms]
2025-10-16 14:59:23.419 [info] > git status -z -uall [7ms]
2025-10-16 14:59:23.419 [info] > git for-each-ref --sort -committerdate --format %(refname)%00%(objectname)%00%(*objectname) [1ms]
2025-10-16 14:59:58.985 [info] > git config --get commit.template [7ms]
2025-10-16 14:59:58.986 [info] > git for-each-ref --format=%(refname)%00%(upstream:short)%00%(objectname)%00%(upstream:track)%00%(upstream:remotename)%00%(upstream:remoteref) refs/heads/main refs/remotes/main [2ms]
2025-10-16 14:59:59.002 [info] > git status -z -uall [10ms]
2025-10-16 14:59:59.003 [info] > git for-each-ref --sort -committerdate --format %(refname)%00%(objectname)%00%(*objectname) [2ms]
2025-10-16 15:09:48.813 [info] > git show --textconv :main.py [8ms]
2025-10-16 15:09:48.813 [info] > git ls-files --stage -- main.py [1ms]
2025-10-16 15:09:48.821 [info] > git cat-file -s fc8df0265a29f2756750ecba82061fee6facf1d5 [2ms]
2025-10-16 15:10:23.339 [info] > git config --get commit.template [1ms]
2025-10-16 15:10:23.348 [info] > git for-each-ref --format=%(refname)%00%(upstream:short)%00%(objectname)%00%(upstream:track)%00%(upstream:remotename)%00%(upstream:remoteref) refs/heads/main refs/remotes/main [2ms]
2025-10-16 15:10:23.362 [info] > git status -z -uall [8ms]
2025-10-16 15:10:23.363 [info] > git for-each-ref --sort -committerdate --format %(refname)%00%(objectname)%00%(*objectname) [3ms]
2025-10-16 15:10:23.680 [info] > git show --textconv HEAD:main.py [7ms]
2025-10-16 15:10:23.681 [info] > git ls-tree -l HEAD -- main.py [1ms]
2025-10-16 15:10:24.411 [info] > git config --get commit.template [7ms]
2025-10-16 15:10:24.411 [info] > git for-each-ref --format=%(refname)%00%(upstream:short)%00%(objectname)%00%(upstream:track)%00%(upstream:remotename)%00%(upstream:remoteref) refs/heads/main refs/remotes/main [1ms]
2025-10-16 15:10:24.424 [info] > git status -z -uall [7ms]
2025-10-16 15:10:24.425 [info] > git for-each-ref --sort -committerdate --format %(refname)%00%(objectname)%00%(*objectname) [2ms]
2025-10-16 15:10:24.518 [info] > git ls-files --stage -- main.py [8ms]
2025-10-16 15:10:24.523 [info] > git ls-tree -l HEAD -- main.py [6ms]
2025-10-16 15:10:24.524 [info] > git cat-file -s 8b4ed8c34135bbeb1e39dd251da0baea6f097fd6 [1ms]
2025-10-16 15:10:24.539 [info] > git show --textconv HEAD:main.py [7ms]
2025-10-16 15:10:24.540 [info] > git show --textconv :main.py [2ms]
2025-10-16 15:10:33.815 [info] > git config --get commit.template [1ms]
2025-10-16 15:10:33.824 [info] > git for-each-ref --format=%(refname)%00%(upstream:short)%00%(objectname)%00%(upstream:track)%00%(upstream:remotename)%00%(upstream:remoteref) refs/heads/main refs/remotes/main [2ms]
2025-10-16 15:10:33.839 [info] > git status -z -uall [8ms]
2025-10-16 15:10:33.840 [info] > git for-each-ref --sort -committerdate --format %(refname)%00%(objectname)%00%(*objectname) [2ms]
2025-10-16 15:10:33.858 [info] > git blame --root --incremental 9582efe30ffab3f853d593a01d44403d3c0d2c2a -- main.py [8ms]
2025-10-16 15:10:34.883 [info] > git config --get commit.template [6ms]
2025-10-16 15:10:34.884 [info] > git for-each-ref --format=%(refname)%00%(upstream:short)%00%(objectname)%00%(upstream:track)%00%(upstream:remotename)%00%(upstream:remoteref) refs/heads/main refs/remotes/main [1ms]
2025-10-16 15:10:34.898 [info] > git status -z -uall [8ms]
2025-10-16 15:10:34.899 [info] > git for-each-ref --sort -committerdate --format %(refname)%00%(objectname)%00%(*objectname) [1ms]
2025-10-16 15:10:34.988 [info] > git ls-files --stage -- main.py [1ms]
2025-10-16 15:10:34.996 [info] > git cat-file -s 8b4ed8c34135bbeb1e39dd251da0baea6f097fd6 [1ms]
2025-10-16 15:10:35.004 [info] > git show --textconv :main.py [1ms]
2025-10-16 15:10:37.754 [info] > git config --get commit.template [1ms]
2025-10-16 15:10:37.761 [info] > git for-each-ref --format=%(refname)%00%(upstream:short)%00%(objectname)%00%(upstream:track)%00%(upstream:remotename)%00%(upstream:remoteref) refs/heads/main refs/remotes/main [1ms]
2025-10-16 15:10:37.775 [info] > git status -z -uall [7ms]
2025-10-16 15:10:37.776 [info] > git for-each-ref --sort -committerdate --format %(refname)%00%(objectname)%00%(*objectname) [2ms]
