2025-11-14 20:37:15.696 [info] Reading sessions from keychain...
2025-11-14 20:37:15.696 [info] Got stored sessions!
2025-11-14 20:37:15.696 [info] Got 1 verified sessions.
2025-11-14 20:37:15.696 [info] Getting sessions for all scopes...
2025-11-14 20:37:15.696 [info] Got 1 sessions for ...
2025-11-14 20:37:15.696 [info] Getting sessions for all scopes...
2025-11-14 20:37:15.696 [info] Got 1 sessions for ...
2025-11-14 20:37:15.696 [info] Getting sessions for all scopes...
2025-11-14 20:37:15.696 [info] Got 1 sessions for ...
2025-11-14 20:37:15.696 [info] Getting sessions for all scopes...
2025-11-14 20:37:15.696 [info] Got 1 sessions for ...
2025-11-14 20:37:15.696 [info] Getting sessions for all scopes...
2025-11-14 20:37:15.696 [info] Got 1 sessions for ...
2025-11-14 20:37:15.696 [info] Getting sessions for all scopes...
2025-11-14 20:37:15.696 [info] Got 1 sessions for ...
2025-11-14 20:37:15.696 [info] Getting sessions for all scopes...
2025-11-14 20:37:15.696 [info] Got 1 sessions for ...
2025-11-14 20:37:15.696 [info] Getting sessions for all scopes...
2025-11-14 20:37:15.696 [info] Got 1 sessions for ...
2025-11-14 20:37:15.696 [info] Getting sessions for all scopes...
2025-11-14 20:37:15.696 [info] Got 1 sessions for ...
2025-11-14 20:37:15.696 [info] Getting sessions for all scopes...
2025-11-14 20:37:15.696 [info] Got 1 sessions for ...
2025-11-14 20:37:15.696 [info] Getting sessions for all scopes...
2025-11-14 20:37:15.696 [info] Got 1 sessions for ...
2025-11-14 20:37:15.696 [info] Getting sessions for all scopes...
2025-11-14 20:37:15.696 [info] Got 1 sessions for ...
2025-11-14 20:37:15.696 [info] Getting sessions for all scopes...
2025-11-14 20:37:15.696 [info] Got 1 sessions for ...
2025-11-14 20:37:15.696 [info] Getting sessions for all scopes...
2025-11-14 20:37:15.696 [info] Got 1 sessions for ...
2025-11-14 20:37:15.696 [info] Getting sessions for all scopes...
2025-11-14 20:37:15.696 [info] Got 1 sessions for ...
2025-11-14 20:37:15.696 [info] Getting sessions for all scopes...
2025-11-14 20:37:15.696 [info] Got 1 sessions for ...
2025-11-14 20:37:15.696 [info] Getting sessions for all scopes...
2025-11-14 20:37:15.696 [info] Got 1 sessions for ...
2025-11-14 20:37:15.696 [info] Getting sessions for all scopes...
2025-11-14 20:37:15.696 [info] Got 1 sessions for ...
2025-11-14 20:37:15.696 [info] Getting sessions for read:user,repo,user:email,workflow...
2025-11-14 20:37:15.696 [info] Got 0 sessions for read:user,repo,user:email,workflow...
2025-11-14 20:37:17.971 [info] Getting sessions for user:email...
2025-11-14 20:37:17.971 [info] Got 1 sessions for user:email...
2025-11-14 20:37:17.971 [info] Getting sessions for read:user,repo,user:email,workflow...
2025-11-14 20:37:17.971 [info] Got 0 sessions for read:user,repo,user:email,workflow...
2025-11-14 20:37:18.504 [info] Getting sessions for all scopes...
2025-11-14 20:37:18.504 [info] Got 1 sessions for ...
2025-11-14 20:37:18.504 [info] Getting sessions for all scopes...
2025-11-14 20:37:18.504 [info] Got 1 sessions for ...
2025-11-14 20:37:18.504 [info] Getting sessions for all scopes...
2025-11-14 20:37:18.504 [info] Got 1 sessions for ...
2025-11-14 20:37:18.866 [info] FetcherService: Electron fetch failed with status: 429 
2025-11-14 20:37:18.899 [info] Getting sessions for all scopes...
2025-11-14 20:37:18.899 [info] Got 1 sessions for ...
2025-11-14 20:37:19.003 [info] Getting sessions for all scopes...
2025-11-14 20:37:19.003 [info] Got 1 sessions for ...
2025-11-14 20:37:19.053 [info] Getting sessions for read:user,repo,user:email,workflow...
2025-11-14 20:37:19.053 [info] Got 0 sessions for read:user,repo,user:email,workflow...
2025-11-14 20:37:19.055 [info] Getting sessions for read:user,repo,user:email,workflow...
2025-11-14 20:37:19.055 [info] Got 0 sessions for read:user,repo,user:email,workflow...
2025-11-14 20:37:19.248 [info] Getting sessions for read:user,repo,user:email,workflow...
2025-11-14 20:37:19.248 [info] Got 0 sessions for read:user,repo,user:email,workflow...
2025-11-14 20:37:19.509 [info] Getting sessions for read:user...
2025-11-14 20:37:19.509 [info] Got 0 sessions for read:user...
2025-11-14 20:37:19.510 [info] Getting sessions for user:email...
2025-11-14 20:37:19.510 [info] Got 1 sessions for user:email...
2025-11-14 20:37:19.510 [info] Getting sessions for read:user,repo,user:email,workflow...
2025-11-14 20:37:19.510 [info] Got 0 sessions for read:user,repo,user:email,workflow...
2025-11-14 20:37:19.768 [info] Getting sessions for user:email...
2025-11-14 20:37:19.768 [info] Got 1 sessions for user:email...
2025-11-14 20:37:19.812 [info] Getting sessions for read:user,repo,user:email,workflow...
2025-11-14 20:37:19.812 [info] Got 0 sessions for read:user,repo,user:email,workflow...
2025-11-14 20:37:19.986 [info] FetcherService: Node fetch failed with status: 429 Too Many Requests
2025-11-14 20:37:20.345 [info] Getting sessions for read:user,repo,user:email,workflow...
2025-11-14 20:37:20.345 [info] Got 0 sessions for read:user,repo,user:email,workflow...
2025-11-14 20:37:20.638 [info] Getting sessions for read:user,repo,user:email,workflow...
2025-11-14 20:37:20.638 [info] Got 0 sessions for read:user,repo,user:email,workflow...
2025-11-14 20:37:20.720 [info] FetcherService: Node http/s failed with status: 429 Too Many Requests
2025-11-14 20:37:21.352 [info] Getting sessions for all scopes...
2025-11-14 20:37:21.352 [info] Got 1 sessions for ...
2025-11-14 20:37:21.353 [info] Getting sessions for read:user,repo,user:email,workflow...
2025-11-14 20:37:21.353 [info] Got 0 sessions for read:user,repo,user:email,workflow...
2025-11-14 20:37:21.356 [info] Getting sessions for read:user,repo,user:email,workflow...
2025-11-14 20:37:21.356 [info] Got 0 sessions for read:user,repo,user:email,workflow...
2025-11-14 20:42:13.225 [info] Getting sessions for read:user,repo,user:email,workflow...
2025-11-14 20:42:13.226 [info] Got 0 sessions for read:user,repo,user:email,workflow...
2025-11-14 20:42:13.227 [info] Getting sessions for read:user...
2025-11-14 20:42:13.227 [info] Got 0 sessions for read:user...
2025-11-14 20:42:13.228 [info] Getting sessions for user:email...
2025-11-14 20:42:13.228 [info] Got 1 sessions for user:email...
2025-11-14 20:42:18.508 [info] Getting sessions for read:user,repo,user:email,workflow...
2025-11-14 20:42:18.508 [info] Got 0 sessions for read:user,repo,user:email,workflow...
2025-11-14 20:42:18.509 [info] Getting sessions for read:user...
2025-11-14 20:42:18.509 [info] Got 0 sessions for read:user...
2025-11-14 20:42:18.509 [info] Getting sessions for user:email...
2025-11-14 20:42:18.509 [info] Got 1 sessions for user:email...
2025-11-14 20:42:18.831 [info] Getting sessions for read:user,repo,user:email,workflow...
2025-11-14 20:42:18.831 [info] Got 0 sessions for read:user,repo,user:email,workflow...
2025-11-14 20:42:18.832 [info] Getting sessions for read:user...
2025-11-14 20:42:18.832 [info] Got 0 sessions for read:user...
2025-11-14 20:42:18.833 [info] Getting sessions for user:email...
2025-11-14 20:42:18.833 [info] Got 1 sessions for user:email...
2025-11-14 20:42:19.447 [info] Getting sessions for read:user,repo,user:email,workflow...
2025-11-14 20:42:19.447 [info] Got 0 sessions for read:user,repo,user:email,workflow...
2025-11-14 20:42:19.448 [info] Getting sessions for read:user...
2025-11-14 20:42:19.448 [info] Got 0 sessions for read:user...
2025-11-14 20:42:19.449 [info] Getting sessions for user:email...
2025-11-14 20:42:19.449 [info] Got 1 sessions for user:email...
2025-11-14 20:42:42.552 [info] Getting sessions for read:user,repo,user:email,workflow...
2025-11-14 20:42:42.552 [info] Got 0 sessions for read:user,repo,user:email,workflow...
2025-11-14 20:42:42.554 [info] Getting sessions for read:user...
2025-11-14 20:42:42.554 [info] Got 0 sessions for read:user...
2025-11-14 20:42:42.555 [info] Getting sessions for user:email...
2025-11-14 20:42:42.555 [info] Got 1 sessions for user:email...
2025-11-14 20:42:44.247 [info] Getting sessions for read:user,repo,user:email,workflow...
2025-11-14 20:42:44.247 [info] Got 0 sessions for read:user,repo,user:email,workflow...
2025-11-14 20:42:44.248 [info] Getting sessions for read:user...
2025-11-14 20:42:44.248 [info] Got 0 sessions for read:user...
2025-11-14 20:42:44.249 [info] Getting sessions for user:email...
2025-11-14 20:42:44.249 [info] Got 1 sessions for user:email...
2025-11-14 20:42:45.265 [info] Getting sessions for read:user,repo,user:email,workflow...
2025-11-14 20:42:45.265 [info] Got 0 sessions for read:user,repo,user:email,workflow...
2025-11-14 20:42:45.266 [info] Getting sessions for read:user...
2025-11-14 20:42:45.266 [info] Got 0 sessions for read:user...
2025-11-14 20:42:45.267 [info] Getting sessions for user:email...
2025-11-14 20:42:45.267 [info] Got 1 sessions for user:email...
2025-11-14 20:42:46.983 [info] Getting sessions for read:user,repo,user:email,workflow...
2025-11-14 20:42:46.983 [info] Got 0 sessions for read:user,repo,user:email,workflow...
2025-11-14 20:42:46.984 [info] Getting sessions for read:user...
2025-11-14 20:42:46.984 [info] Got 0 sessions for read:user...
2025-11-14 20:42:46.985 [info] Getting sessions for user:email...
2025-11-14 20:42:46.985 [info] Got 1 sessions for user:email...
2025-11-14 20:42:48.782 [info] Getting sessions for read:user,repo,user:email,workflow...
2025-11-14 20:42:48.782 [info] Got 0 sessions for read:user,repo,user:email,workflow...
2025-11-14 20:42:48.783 [info] Getting sessions for read:user...
2025-11-14 20:42:48.783 [info] Got 0 sessions for read:user...
2025-11-14 20:42:48.787 [info] Getting sessions for user:email...
2025-11-14 20:42:48.787 [info] Got 1 sessions for user:email...
2025-11-14 20:42:50.388 [info] Getting sessions for read:user,repo,user:email,workflow...
2025-11-14 20:42:50.388 [info] Got 0 sessions for read:user,repo,user:email,workflow...
2025-11-14 20:42:50.389 [info] Getting sessions for read:user...
2025-11-14 20:42:50.389 [info] Got 0 sessions for read:user...
2025-11-14 20:42:50.391 [info] Getting sessions for user:email...
2025-11-14 20:42:50.391 [info] Got 1 sessions for user:email...
2025-11-14 20:42:53.347 [info] Getting sessions for read:user,repo,user:email,workflow...
2025-11-14 20:42:53.347 [info] Got 0 sessions for read:user,repo,user:email,workflow...
2025-11-14 20:42:53.348 [info] Getting sessions for read:user...
2025-11-14 20:42:53.348 [info] Got 0 sessions for read:user...
2025-11-14 20:42:53.349 [info] Getting sessions for user:email...
2025-11-14 20:42:53.349 [info] Got 1 sessions for user:email...
2025-11-14 20:42:54.309 [info] Getting sessions for read:user,repo,user:email,workflow...
2025-11-14 20:42:54.309 [info] Got 0 sessions for read:user,repo,user:email,workflow...
2025-11-14 20:42:54.310 [info] Getting sessions for read:user...
2025-11-14 20:42:54.310 [info] Got 0 sessions for read:user...
2025-11-14 20:42:54.311 [info] Getting sessions for user:email...
2025-11-14 20:42:54.311 [info] Got 1 sessions for user:email...
2025-11-14 20:42:55.733 [info] Getting sessions for read:user,repo,user:email,workflow...
2025-11-14 20:42:55.733 [info] Got 0 sessions for read:user,repo,user:email,workflow...
2025-11-14 20:42:55.734 [info] Getting sessions for read:user...
2025-11-14 20:42:55.734 [info] Got 0 sessions for read:user...
2025-11-14 20:42:55.735 [info] Getting sessions for user:email...
2025-11-14 20:42:55.735 [info] Got 1 sessions for user:email...
2025-11-14 20:42:56.170 [info] Getting sessions for read:user,repo,user:email,workflow...
2025-11-14 20:42:56.170 [info] Got 0 sessions for read:user,repo,user:email,workflow...
2025-11-14 20:42:56.171 [info] Getting sessions for read:user...
2025-11-14 20:42:56.171 [info] Got 0 sessions for read:user...
2025-11-14 20:42:56.172 [info] Getting sessions for user:email...
2025-11-14 20:42:56.172 [info] Got 1 sessions for user:email...
2025-11-14 20:42:57.067 [info] Getting sessions for read:user,repo,user:email,workflow...
2025-11-14 20:42:57.067 [info] Got 0 sessions for read:user,repo,user:email,workflow...
2025-11-14 20:42:57.074 [info] Getting sessions for read:user...
2025-11-14 20:42:57.074 [info] Got 0 sessions for read:user...
2025-11-14 20:42:57.074 [info] Getting sessions for user:email...
2025-11-14 20:42:57.074 [info] Got 1 sessions for user:email...
2025-11-14 20:42:58.084 [info] Getting sessions for read:user,repo,user:email,workflow...
2025-11-14 20:42:58.085 [info] Got 0 sessions for read:user,repo,user:email,workflow...
2025-11-14 20:42:58.085 [info] Getting sessions for read:user...
2025-11-14 20:42:58.085 [info] Got 0 sessions for read:user...
2025-11-14 20:42:58.086 [info] Getting sessions for user:email...
2025-11-14 20:42:58.086 [info] Got 1 sessions for user:email...
2025-11-14 20:42:58.702 [info] Getting sessions for read:user,repo,user:email,workflow...
2025-11-14 20:42:58.702 [info] Got 0 sessions for read:user,repo,user:email,workflow...
2025-11-14 20:42:58.703 [info] Getting sessions for read:user...
2025-11-14 20:42:58.703 [info] Got 0 sessions for read:user...
2025-11-14 20:42:58.704 [info] Getting sessions for user:email...
2025-11-14 20:42:58.704 [info] Got 1 sessions for user:email...
2025-11-14 20:42:59.468 [info] Getting sessions for read:user,repo,user:email,workflow...
2025-11-14 20:42:59.468 [info] Got 0 sessions for read:user,repo,user:email,workflow...
2025-11-14 20:42:59.469 [info] Getting sessions for read:user...
2025-11-14 20:42:59.469 [info] Got 0 sessions for read:user...
2025-11-14 20:42:59.470 [info] Getting sessions for user:email...
2025-11-14 20:42:59.470 [info] Got 1 sessions for user:email...
2025-11-14 20:43:00.404 [info] Getting sessions for read:user,repo,user:email,workflow...
2025-11-14 20:43:00.404 [info] Got 0 sessions for read:user,repo,user:email,workflow...
2025-11-14 20:43:00.404 [info] Getting sessions for read:user...
2025-11-14 20:43:00.404 [info] Got 0 sessions for read:user...
2025-11-14 20:43:00.405 [info] Getting sessions for user:email...
2025-11-14 20:43:00.405 [info] Got 1 sessions for user:email...
2025-11-14 20:43:01.214 [info] Getting sessions for read:user,repo,user:email,workflow...
2025-11-14 20:43:01.214 [info] Got 0 sessions for read:user,repo,user:email,workflow...
2025-11-14 20:43:01.215 [info] Getting sessions for read:user...
2025-11-14 20:43:01.215 [info] Got 0 sessions for read:user...
2025-11-14 20:43:01.223 [info] Getting sessions for user:email...
2025-11-14 20:43:01.223 [info] Got 1 sessions for user:email...
2025-11-14 20:43:02.080 [info] Getting sessions for read:user,repo,user:email,workflow...
2025-11-14 20:43:02.080 [info] Got 0 sessions for read:user,repo,user:email,workflow...
2025-11-14 20:43:02.081 [info] Getting sessions for read:user...
2025-11-14 20:43:02.081 [info] Got 0 sessions for read:user...
2025-11-14 20:43:02.081 [info] Getting sessions for user:email...
2025-11-14 20:43:02.081 [info] Got 1 sessions for user:email...
2025-11-14 20:43:10.578 [info] Getting sessions for read:user,repo,user:email,workflow...
2025-11-14 20:43:10.578 [info] Got 0 sessions for read:user,repo,user:email,workflow...
2025-11-14 20:43:10.582 [info] Getting sessions for read:user...
2025-11-14 20:43:10.582 [info] Got 0 sessions for read:user...
2025-11-14 20:43:10.583 [info] Getting sessions for user:email...
2025-11-14 20:43:10.583 [info] Got 1 sessions for user:email...
2025-11-14 20:43:11.258 [info] Getting sessions for read:user,repo,user:email,workflow...
2025-11-14 20:43:11.258 [info] Got 0 sessions for read:user,repo,user:email,workflow...
2025-11-14 20:43:11.259 [info] Getting sessions for read:user...
2025-11-14 20:43:11.259 [info] Got 0 sessions for read:user...
2025-11-14 20:43:11.260 [info] Getting sessions for user:email...
2025-11-14 20:43:11.260 [info] Got 1 sessions for user:email...
2025-11-14 20:43:20.312 [info] Getting sessions for read:user,repo,user:email,workflow...
2025-11-14 20:43:20.312 [info] Got 0 sessions for read:user,repo,user:email,workflow...
2025-11-14 20:43:20.313 [info] Getting sessions for read:user...
2025-11-14 20:43:20.313 [info] Got 0 sessions for read:user...
2025-11-14 20:43:20.314 [info] Getting sessions for user:email...
2025-11-14 20:43:20.314 [info] Got 1 sessions for user:email...
2025-11-14 20:43:20.806 [info] Getting sessions for read:user,repo,user:email,workflow...
2025-11-14 20:43:20.806 [info] Got 0 sessions for read:user,repo,user:email,workflow...
2025-11-14 20:43:20.807 [info] Getting sessions for read:user...
2025-11-14 20:43:20.807 [info] Got 0 sessions for read:user...
2025-11-14 20:43:20.807 [info] Getting sessions for user:email...
2025-11-14 20:43:20.807 [info] Got 1 sessions for user:email...
2025-11-14 20:43:21.356 [info] Getting sessions for read:user,repo,user:email,workflow...
2025-11-14 20:43:21.357 [info] Got 0 sessions for read:user,repo,user:email,workflow...
2025-11-14 20:43:21.357 [info] Getting sessions for read:user...
2025-11-14 20:43:21.357 [info] Got 0 sessions for read:user...
2025-11-14 20:43:21.358 [info] Getting sessions for user:email...
2025-11-14 20:43:21.358 [info] Got 1 sessions for user:email...
2025-11-14 20:43:21.789 [info] Getting sessions for read:user,repo,user:email,workflow...
2025-11-14 20:43:21.789 [info] Got 0 sessions for read:user,repo,user:email,workflow...
2025-11-14 20:43:21.793 [info] Getting sessions for read:user...
2025-11-14 20:43:21.793 [info] Got 0 sessions for read:user...
2025-11-14 20:43:21.797 [info] Getting sessions for user:email...
2025-11-14 20:43:21.797 [info] Got 1 sessions for user:email...
2025-11-14 20:43:22.319 [info] Getting sessions for read:user,repo,user:email,workflow...
2025-11-14 20:43:22.319 [info] Got 0 sessions for read:user,repo,user:email,workflow...
2025-11-14 20:43:22.320 [info] Getting sessions for read:user...
2025-11-14 20:43:22.320 [info] Got 0 sessions for read:user...
2025-11-14 20:43:22.321 [info] Getting sessions for user:email...
2025-11-14 20:43:22.321 [info] Got 1 sessions for user:email...
2025-11-14 20:43:22.954 [info] Getting sessions for read:user,repo,user:email,workflow...
2025-11-14 20:43:22.954 [info] Got 0 sessions for read:user,repo,user:email,workflow...
2025-11-14 20:43:22.955 [info] Getting sessions for read:user...
2025-11-14 20:43:22.955 [info] Got 0 sessions for read:user...
2025-11-14 20:43:22.956 [info] Getting sessions for user:email...
2025-11-14 20:43:22.956 [info] Got 1 sessions for user:email...
2025-11-14 20:43:23.604 [info] Getting sessions for read:user,repo,user:email,workflow...
2025-11-14 20:43:23.604 [info] Got 0 sessions for read:user,repo,user:email,workflow...
2025-11-14 20:43:23.605 [info] Getting sessions for read:user...
2025-11-14 20:43:23.605 [info] Got 0 sessions for read:user...
2025-11-14 20:43:23.606 [info] Getting sessions for user:email...
2025-11-14 20:43:23.606 [info] Got 1 sessions for user:email...
2025-11-14 20:43:24.061 [info] Getting sessions for read:user,repo,user:email,workflow...
2025-11-14 20:43:24.061 [info] Got 0 sessions for read:user,repo,user:email,workflow...
2025-11-14 20:43:24.073 [info] Getting sessions for read:user...
2025-11-14 20:43:24.073 [info] Got 0 sessions for read:user...
2025-11-14 20:43:24.078 [info] Getting sessions for user:email...
2025-11-14 20:43:24.079 [info] Got 1 sessions for user:email...
2025-11-14 20:43:24.608 [info] Getting sessions for read:user,repo,user:email,workflow...
2025-11-14 20:43:24.608 [info] Got 0 sessions for read:user,repo,user:email,workflow...
2025-11-14 20:43:24.609 [info] Getting sessions for read:user...
2025-11-14 20:43:24.609 [info] Got 0 sessions for read:user...
2025-11-14 20:43:24.610 [info] Getting sessions for user:email...
2025-11-14 20:43:24.610 [info] Got 1 sessions for user:email...
2025-11-14 20:43:50.150 [info] Getting sessions for read:user,repo,user:email,workflow...
2025-11-14 20:43:50.150 [info] Got 0 sessions for read:user,repo,user:email,workflow...
2025-11-14 20:43:50.151 [info] Getting sessions for read:user...
2025-11-14 20:43:50.151 [info] Got 0 sessions for read:user...
2025-11-14 20:43:50.152 [info] Getting sessions for user:email...
2025-11-14 20:43:50.152 [info] Got 1 sessions for user:email...
2025-11-14 20:43:51.120 [info] Getting sessions for read:user,repo,user:email,workflow...
2025-11-14 20:43:51.120 [info] Got 0 sessions for read:user,repo,user:email,workflow...
2025-11-14 20:43:51.121 [info] Getting sessions for read:user...
2025-11-14 20:43:51.121 [info] Got 0 sessions for read:user...
2025-11-14 20:43:51.122 [info] Getting sessions for user:email...
2025-11-14 20:43:51.122 [info] Got 1 sessions for user:email...
2025-11-14 20:43:54.172 [info] Getting sessions for read:user,repo,user:email,workflow...
2025-11-14 20:43:54.172 [info] Got 0 sessions for read:user,repo,user:email,workflow...
2025-11-14 20:43:54.173 [info] Getting sessions for read:user...
2025-11-14 20:43:54.173 [info] Got 0 sessions for read:user...
2025-11-14 20:43:54.174 [info] Getting sessions for user:email...
2025-11-14 20:43:54.174 [info] Got 1 sessions for user:email...
2025-11-14 20:44:08.418 [info] Getting sessions for read:user,repo,user:email,workflow...
2025-11-14 20:44:08.418 [info] Got 0 sessions for read:user,repo,user:email,workflow...
2025-11-14 20:44:08.424 [info] Getting sessions for read:user...
2025-11-14 20:44:08.424 [info] Got 0 sessions for read:user...
2025-11-14 20:44:08.442 [info] Getting sessions for user:email...
2025-11-14 20:44:08.442 [info] Got 1 sessions for user:email...
2025-11-14 20:44:33.490 [info] Getting sessions for read:user,repo,user:email,workflow...
2025-11-14 20:44:33.490 [info] Got 0 sessions for read:user,repo,user:email,workflow...
2025-11-14 20:44:33.495 [info] Getting sessions for read:user...
2025-11-14 20:44:33.495 [info] Got 0 sessions for read:user...
2025-11-14 20:44:33.496 [info] Getting sessions for user:email...
2025-11-14 20:44:33.496 [info] Got 1 sessions for user:email...
2025-11-14 20:44:34.043 [info] Getting sessions for read:user,repo,user:email,workflow...
2025-11-14 20:44:34.043 [info] Got 0 sessions for read:user,repo,user:email,workflow...
2025-11-14 20:44:34.044 [info] Getting sessions for read:user...
2025-11-14 20:44:34.044 [info] Got 0 sessions for read:user...
2025-11-14 20:44:34.045 [info] Getting sessions for user:email...
2025-11-14 20:44:34.045 [info] Got 1 sessions for user:email...
2025-11-14 20:44:37.107 [info] Getting sessions for read:user,repo,user:email,workflow...
2025-11-14 20:44:37.107 [info] Got 0 sessions for read:user,repo,user:email,workflow...
2025-11-14 20:44:37.108 [info] Getting sessions for read:user...
2025-11-14 20:44:37.108 [info] Got 0 sessions for read:user...
2025-11-14 20:44:37.108 [info] Getting sessions for user:email...
2025-11-14 20:44:37.108 [info] Got 1 sessions for user:email...
2025-11-14 20:44:40.497 [info] Getting sessions for read:user,repo,user:email,workflow...
2025-11-14 20:44:40.497 [info] Got 0 sessions for read:user,repo,user:email,workflow...
2025-11-14 20:44:40.498 [info] Getting sessions for read:user...
2025-11-14 20:44:40.498 [info] Got 0 sessions for read:user...
2025-11-14 20:44:40.499 [info] Getting sessions for user:email...
2025-11-14 20:44:40.499 [info] Got 1 sessions for user:email...
2025-11-14 20:44:42.061 [info] Getting sessions for read:user,repo,user:email,workflow...
2025-11-14 20:44:42.061 [info] Got 0 sessions for read:user,repo,user:email,workflow...
2025-11-14 20:44:42.062 [info] Getting sessions for read:user...
2025-11-14 20:44:42.062 [info] Got 0 sessions for read:user...
2025-11-14 20:44:42.063 [info] Getting sessions for user:email...
2025-11-14 20:44:42.063 [info] Got 1 sessions for user:email...
2025-11-14 20:44:42.908 [info] Getting sessions for read:user,repo,user:email,workflow...
2025-11-14 20:44:42.908 [info] Got 0 sessions for read:user,repo,user:email,workflow...
2025-11-14 20:44:42.909 [info] Getting sessions for read:user...
2025-11-14 20:44:42.909 [info] Got 0 sessions for read:user...
2025-11-14 20:44:42.910 [info] Getting sessions for user:email...
2025-11-14 20:44:42.910 [info] Got 1 sessions for user:email...
2025-11-14 20:44:43.801 [info] Getting sessions for read:user,repo,user:email,workflow...
2025-11-14 20:44:43.801 [info] Got 0 sessions for read:user,repo,user:email,workflow...
2025-11-14 20:44:43.802 [info] Getting sessions for read:user...
2025-11-14 20:44:43.802 [info] Got 0 sessions for read:user...
2025-11-14 20:44:43.802 [info] Getting sessions for user:email...
2025-11-14 20:44:43.802 [info] Got 1 sessions for user:email...
2025-11-14 20:44:44.912 [info] Getting sessions for read:user,repo,user:email,workflow...
2025-11-14 20:44:44.912 [info] Got 0 sessions for read:user,repo,user:email,workflow...
2025-11-14 20:44:44.913 [info] Getting sessions for read:user...
2025-11-14 20:44:44.913 [info] Got 0 sessions for read:user...
2025-11-14 20:44:44.914 [info] Getting sessions for user:email...
2025-11-14 20:44:44.914 [info] Got 1 sessions for user:email...
2025-11-14 20:44:54.017 [info] Getting sessions for read:user,repo,user:email,workflow...
2025-11-14 20:44:54.017 [info] Got 0 sessions for read:user,repo,user:email,workflow...
2025-11-14 20:44:54.023 [info] Getting sessions for read:user...
2025-11-14 20:44:54.023 [info] Got 0 sessions for read:user...
2025-11-14 20:44:54.030 [info] Getting sessions for user:email...
2025-11-14 20:44:54.030 [info] Got 1 sessions for user:email...
2025-11-14 20:45:04.206 [info] Getting sessions for read:user,repo,user:email,workflow...
2025-11-14 20:45:04.206 [info] Got 0 sessions for read:user,repo,user:email,workflow...
2025-11-14 20:45:04.207 [info] Getting sessions for read:user...
2025-11-14 20:45:04.207 [info] Got 0 sessions for read:user...
2025-11-14 20:45:04.208 [info] Getting sessions for user:email...
2025-11-14 20:45:04.208 [info] Got 1 sessions for user:email...
2025-11-14 20:45:05.565 [info] Getting sessions for read:user,repo,user:email,workflow...
2025-11-14 20:45:05.565 [info] Got 0 sessions for read:user,repo,user:email,workflow...
2025-11-14 20:45:05.566 [info] Getting sessions for read:user...
2025-11-14 20:45:05.567 [info] Got 0 sessions for read:user...
2025-11-14 20:45:05.568 [info] Getting sessions for user:email...
2025-11-14 20:45:05.568 [info] Got 1 sessions for user:email...
2025-11-14 20:45:12.069 [info] Getting sessions for read:user,repo,user:email,workflow...
2025-11-14 20:45:12.069 [info] Got 0 sessions for read:user,repo,user:email,workflow...
2025-11-14 20:45:12.071 [info] Getting sessions for read:user...
2025-11-14 20:45:12.071 [info] Got 0 sessions for read:user...
2025-11-14 20:45:12.071 [info] Getting sessions for user:email...
2025-11-14 20:45:12.071 [info] Got 1 sessions for user:email...
2025-11-14 20:45:13.341 [info] Getting sessions for read:user,repo,user:email,workflow...
2025-11-14 20:45:13.341 [info] Got 0 sessions for read:user,repo,user:email,workflow...
2025-11-14 20:45:13.342 [info] Getting sessions for read:user...
2025-11-14 20:45:13.342 [info] Got 0 sessions for read:user...
2025-11-14 20:45:13.343 [info] Getting sessions for user:email...
2025-11-14 20:45:13.343 [info] Got 1 sessions for user:email...
2025-11-14 20:45:15.857 [info] Getting sessions for read:user,repo,user:email,workflow...
2025-11-14 20:45:15.857 [info] Got 0 sessions for read:user,repo,user:email,workflow...
2025-11-14 20:45:15.858 [info] Getting sessions for read:user...
2025-11-14 20:45:15.858 [info] Got 0 sessions for read:user...
2025-11-14 20:45:15.859 [info] Getting sessions for user:email...
2025-11-14 20:45:15.859 [info] Got 1 sessions for user:email...
2025-11-14 20:45:16.481 [info] Getting sessions for read:user,repo,user:email,workflow...
2025-11-14 20:45:16.481 [info] Got 0 sessions for read:user,repo,user:email,workflow...
2025-11-14 20:45:16.482 [info] Getting sessions for read:user...
2025-11-14 20:45:16.482 [info] Got 0 sessions for read:user...
2025-11-14 20:45:16.483 [info] Getting sessions for user:email...
2025-11-14 20:45:16.483 [info] Got 1 sessions for user:email...
2025-11-14 20:45:50.244 [info] Getting sessions for read:user,repo,user:email,workflow...
2025-11-14 20:45:50.244 [info] Got 0 sessions for read:user,repo,user:email,workflow...
2025-11-14 20:45:50.245 [info] Getting sessions for read:user...
2025-11-14 20:45:50.245 [info] Got 0 sessions for read:user...
2025-11-14 20:45:50.246 [info] Getting sessions for user:email...
2025-11-14 20:45:50.246 [info] Got 1 sessions for user:email...
2025-11-14 20:45:51.488 [info] Getting sessions for read:user,repo,user:email,workflow...
2025-11-14 20:45:51.488 [info] Got 0 sessions for read:user,repo,user:email,workflow...
2025-11-14 20:45:51.490 [info] Getting sessions for read:user...
2025-11-14 20:45:51.490 [info] Got 0 sessions for read:user...
2025-11-14 20:45:51.491 [info] Getting sessions for user:email...
2025-11-14 20:45:51.491 [info] Got 1 sessions for user:email...
2025-11-14 20:45:52.313 [info] Getting sessions for read:user,repo,user:email,workflow...
2025-11-14 20:45:52.313 [info] Got 0 sessions for read:user,repo,user:email,workflow...
2025-11-14 20:45:52.314 [info] Getting sessions for read:user...
2025-11-14 20:45:52.314 [info] Got 0 sessions for read:user...
2025-11-14 20:45:52.315 [info] Getting sessions for user:email...
2025-11-14 20:45:52.315 [info] Got 1 sessions for user:email...
2025-11-14 20:46:09.129 [info] Getting sessions for read:user,repo,user:email,workflow...
2025-11-14 20:46:09.129 [info] Got 0 sessions for read:user,repo,user:email,workflow...
2025-11-14 20:46:09.130 [info] Getting sessions for read:user...
2025-11-14 20:46:09.130 [info] Got 0 sessions for read:user...
2025-11-14 20:46:09.131 [info] Getting sessions for user:email...
2025-11-14 20:46:09.131 [info] Got 1 sessions for user:email...
2025-11-14 20:46:13.171 [info] Getting sessions for read:user,repo,user:email,workflow...
2025-11-14 20:46:13.171 [info] Got 0 sessions for read:user,repo,user:email,workflow...
2025-11-14 20:46:13.171 [info] Getting sessions for read:user...
2025-11-14 20:46:13.171 [info] Got 0 sessions for read:user...
2025-11-14 20:46:13.172 [info] Getting sessions for user:email...
2025-11-14 20:46:13.172 [info] Got 1 sessions for user:email...
2025-11-14 20:46:16.046 [info] Getting sessions for read:user,repo,user:email,workflow...
2025-11-14 20:46:16.046 [info] Got 0 sessions for read:user,repo,user:email,workflow...
2025-11-14 20:46:16.047 [info] Getting sessions for read:user...
2025-11-14 20:46:16.047 [info] Got 0 sessions for read:user...
2025-11-14 20:46:16.048 [info] Getting sessions for user:email...
2025-11-14 20:46:16.048 [info] Got 1 sessions for user:email...
2025-11-14 20:46:18.386 [info] Getting sessions for read:user,repo,user:email,workflow...
2025-11-14 20:46:18.386 [info] Got 0 sessions for read:user,repo,user:email,workflow...
2025-11-14 20:46:18.387 [info] Getting sessions for read:user...
2025-11-14 20:46:18.387 [info] Got 0 sessions for read:user...
2025-11-14 20:46:18.388 [info] Getting sessions for user:email...
2025-11-14 20:46:18.388 [info] Got 1 sessions for user:email...
2025-11-14 20:46:19.542 [info] Getting sessions for read:user,repo,user:email,workflow...
2025-11-14 20:46:19.542 [info] Got 0 sessions for read:user,repo,user:email,workflow...
2025-11-14 20:46:19.543 [info] Getting sessions for read:user...
2025-11-14 20:46:19.543 [info] Got 0 sessions for read:user...
2025-11-14 20:46:19.544 [info] Getting sessions for user:email...
2025-11-14 20:46:19.544 [info] Got 1 sessions for user:email...
2025-11-14 20:46:21.100 [info] Getting sessions for read:user,repo,user:email,workflow...
2025-11-14 20:46:21.100 [info] Got 0 sessions for read:user,repo,user:email,workflow...
2025-11-14 20:46:21.101 [info] Getting sessions for read:user...
2025-11-14 20:46:21.101 [info] Got 0 sessions for read:user...
2025-11-14 20:46:21.102 [info] Getting sessions for user:email...
2025-11-14 20:46:21.102 [info] Got 1 sessions for user:email...
2025-11-14 20:48:10.506 [info] Getting sessions for read:user,repo,user:email,workflow...
2025-11-14 20:48:10.506 [info] Got 0 sessions for read:user,repo,user:email,workflow...
2025-11-14 20:48:10.512 [info] Getting sessions for read:user...
2025-11-14 20:48:10.512 [info] Got 0 sessions for read:user...
2025-11-14 20:48:10.517 [info] Getting sessions for user:email...
2025-11-14 20:48:10.517 [info] Got 1 sessions for user:email...
2025-11-14 20:48:11.913 [info] Getting sessions for read:user,repo,user:email,workflow...
2025-11-14 20:48:11.913 [info] Got 0 sessions for read:user,repo,user:email,workflow...
2025-11-14 20:48:11.914 [info] Getting sessions for read:user...
2025-11-14 20:48:11.914 [info] Got 0 sessions for read:user...
2025-11-14 20:48:11.915 [info] Getting sessions for user:email...
2025-11-14 20:48:11.915 [info] Got 1 sessions for user:email...
2025-11-14 20:48:13.271 [info] Getting sessions for read:user,repo,user:email,workflow...
2025-11-14 20:48:13.271 [info] Got 0 sessions for read:user,repo,user:email,workflow...
2025-11-14 20:48:13.277 [info] Getting sessions for read:user...
2025-11-14 20:48:13.277 [info] Got 0 sessions for read:user...
2025-11-14 20:48:13.278 [info] Getting sessions for user:email...
2025-11-14 20:48:13.278 [info] Got 1 sessions for user:email...
2025-11-14 20:48:13.936 [info] Getting sessions for read:user,repo,user:email,workflow...
2025-11-14 20:48:13.936 [info] Got 0 sessions for read:user,repo,user:email,workflow...
2025-11-14 20:48:13.937 [info] Getting sessions for read:user...
2025-11-14 20:48:13.937 [info] Got 0 sessions for read:user...
2025-11-14 20:48:13.938 [info] Getting sessions for user:email...
2025-11-14 20:48:13.938 [info] Got 1 sessions for user:email...
2025-11-14 20:48:15.183 [info] Getting sessions for read:user,repo,user:email,workflow...
2025-11-14 20:48:15.184 [info] Got 0 sessions for read:user,repo,user:email,workflow...
2025-11-14 20:48:15.184 [info] Getting sessions for read:user...
2025-11-14 20:48:15.185 [info] Got 0 sessions for read:user...
2025-11-14 20:48:15.185 [info] Getting sessions for user:email...
2025-11-14 20:48:15.185 [info] Got 1 sessions for user:email...
2025-11-14 20:48:30.267 [info] Getting sessions for read:user,repo,user:email,workflow...
2025-11-14 20:48:30.267 [info] Got 0 sessions for read:user,repo,user:email,workflow...
2025-11-14 20:48:30.268 [info] Getting sessions for read:user...
2025-11-14 20:48:30.268 [info] Got 0 sessions for read:user...
2025-11-14 20:48:30.269 [info] Getting sessions for user:email...
2025-11-14 20:48:30.269 [info] Got 1 sessions for user:email...
2025-11-14 20:48:30.607 [info] Getting sessions for read:user,repo,user:email,workflow...
2025-11-14 20:48:30.607 [info] Got 0 sessions for read:user,repo,user:email,workflow...
2025-11-14 20:48:30.608 [info] Getting sessions for read:user...
2025-11-14 20:48:30.608 [info] Got 0 sessions for read:user...
2025-11-14 20:48:30.609 [info] Getting sessions for user:email...
2025-11-14 20:48:30.609 [info] Got 1 sessions for user:email...
2025-11-14 20:48:36.374 [info] Getting sessions for read:user,repo,user:email,workflow...
2025-11-14 20:48:36.374 [info] Got 0 sessions for read:user,repo,user:email,workflow...
2025-11-14 20:48:36.375 [info] Getting sessions for read:user...
2025-11-14 20:48:36.375 [info] Got 0 sessions for read:user...
2025-11-14 20:48:36.376 [info] Getting sessions for user:email...
2025-11-14 20:48:36.376 [info] Got 1 sessions for user:email...
2025-11-14 20:48:37.191 [info] Getting sessions for read:user,repo,user:email,workflow...
2025-11-14 20:48:37.191 [info] Got 0 sessions for read:user,repo,user:email,workflow...
2025-11-14 20:48:37.192 [info] Getting sessions for read:user...
2025-11-14 20:48:37.192 [info] Got 0 sessions for read:user...
2025-11-14 20:48:37.193 [info] Getting sessions for user:email...
2025-11-14 20:48:37.193 [info] Got 1 sessions for user:email...
2025-11-14 20:48:37.538 [info] Getting sessions for read:user,repo,user:email,workflow...
2025-11-14 20:48:37.538 [info] Got 0 sessions for read:user,repo,user:email,workflow...
2025-11-14 20:48:37.539 [info] Getting sessions for read:user...
2025-11-14 20:48:37.539 [info] Got 0 sessions for read:user...
2025-11-14 20:48:37.540 [info] Getting sessions for user:email...
2025-11-14 20:48:37.540 [info] Got 1 sessions for user:email...
2025-11-14 20:53:38.179 [info] Getting sessions for read:user,repo,user:email,workflow...
2025-11-14 20:53:38.179 [info] Got 0 sessions for read:user,repo,user:email,workflow...
2025-11-14 20:53:38.181 [info] Getting sessions for read:user...
2025-11-14 20:53:38.181 [info] Got 0 sessions for read:user...
2025-11-14 20:53:38.182 [info] Getting sessions for user:email...
2025-11-14 20:53:38.182 [info] Got 1 sessions for user:email...
2025-11-14 20:53:38.670 [info] Getting sessions for read:user,repo,user:email,workflow...
2025-11-14 20:53:38.670 [info] Got 0 sessions for read:user,repo,user:email,workflow...
2025-11-14 20:53:38.671 [info] Getting sessions for read:user...
2025-11-14 20:53:38.671 [info] Got 0 sessions for read:user...
2025-11-14 20:53:38.672 [info] Getting sessions for user:email...
2025-11-14 20:53:38.672 [info] Got 1 sessions for user:email...
2025-11-14 20:53:39.288 [info] Getting sessions for read:user,repo,user:email,workflow...
2025-11-14 20:53:39.288 [info] Got 0 sessions for read:user,repo,user:email,workflow...
2025-11-14 20:53:39.289 [info] Getting sessions for read:user...
2025-11-14 20:53:39.289 [info] Got 0 sessions for read:user...
2025-11-14 20:53:39.290 [info] Getting sessions for user:email...
2025-11-14 20:53:39.290 [info] Got 1 sessions for user:email...
2025-11-14 20:53:41.082 [info] Getting sessions for read:user,repo,user:email,workflow...
2025-11-14 20:53:41.082 [info] Got 0 sessions for read:user,repo,user:email,workflow...
2025-11-14 20:53:41.083 [info] Getting sessions for read:user...
2025-11-14 20:53:41.083 [info] Got 0 sessions for read:user...
2025-11-14 20:53:41.084 [info] Getting sessions for user:email...
2025-11-14 20:53:41.084 [info] Got 1 sessions for user:email...
2025-11-14 21:16:25.417 [info] Getting sessions for read:user,repo,user:email,workflow...
2025-11-14 21:16:25.417 [info] Got 0 sessions for read:user,repo,user:email,workflow...
2025-11-14 21:16:25.418 [info] Getting sessions for read:user...
2025-11-14 21:16:25.418 [info] Got 0 sessions for read:user...
2025-11-14 21:16:25.418 [info] Getting sessions for user:email...
2025-11-14 21:16:25.418 [info] Got 1 sessions for user:email...
2025-11-14 21:16:26.617 [info] Getting sessions for read:user,repo,user:email,workflow...
2025-11-14 21:16:26.617 [info] Got 0 sessions for read:user,repo,user:email,workflow...
2025-11-14 21:16:26.618 [info] Getting sessions for read:user...
2025-11-14 21:16:26.618 [info] Got 0 sessions for read:user...
2025-11-14 21:16:26.619 [info] Getting sessions for user:email...
2025-11-14 21:16:26.619 [info] Got 1 sessions for user:email...
2025-11-14 21:17:06.677 [info] Getting sessions for read:user,repo,user:email,workflow...
2025-11-14 21:17:06.677 [info] Got 0 sessions for read:user,repo,user:email,workflow...
2025-11-14 21:17:06.678 [info] Getting sessions for read:user...
2025-11-14 21:17:06.678 [info] Got 0 sessions for read:user...
2025-11-14 21:17:06.678 [info] Getting sessions for user:email...
2025-11-14 21:17:06.679 [info] Got 1 sessions for user:email...
2025-11-14 22:04:28.976 [info] Getting sessions for read:user,repo,user:email,workflow...
2025-11-14 22:04:28.976 [info] Got 0 sessions for read:user,repo,user:email,workflow...
2025-11-14 22:04:28.977 [info] Getting sessions for read:user...
2025-11-14 22:04:28.977 [info] Got 0 sessions for read:user...
2025-11-14 22:04:28.978 [info] Getting sessions for user:email...
2025-11-14 22:04:28.978 [info] Got 1 sessions for user:email...
2025-11-14 22:04:29.601 [info] Getting sessions for read:user,repo,user:email,workflow...
2025-11-14 22:04:29.601 [info] Got 0 sessions for read:user,repo,user:email,workflow...
2025-11-14 22:04:29.602 [info] Getting sessions for read:user...
2025-11-14 22:04:29.602 [info] Got 0 sessions for read:user...
2025-11-14 22:04:29.603 [info] Getting sessions for user:email...
2025-11-14 22:04:29.603 [info] Got 1 sessions for user:email...
2025-11-14 22:04:30.096 [info] Getting sessions for read:user,repo,user:email,workflow...
2025-11-14 22:04:30.096 [info] Got 0 sessions for read:user,repo,user:email,workflow...
2025-11-14 22:04:30.097 [info] Getting sessions for read:user...
2025-11-14 22:04:30.097 [info] Got 0 sessions for read:user...
2025-11-14 22:04:30.098 [info] Getting sessions for user:email...
2025-11-14 22:04:30.098 [info] Got 1 sessions for user:email...
2025-11-14 22:40:48.404 [info] Getting sessions for read:user,repo,user:email,workflow...
2025-11-14 22:40:48.404 [info] Got 0 sessions for read:user,repo,user:email,workflow...
2025-11-14 22:40:48.409 [info] Getting sessions for read:user...
2025-11-14 22:40:48.409 [info] Got 0 sessions for read:user...
2025-11-14 22:40:48.410 [info] Getting sessions for user:email...
2025-11-14 22:40:48.410 [info] Got 1 sessions for user:email...
2025-11-14 22:55:34.702 [info] Getting sessions for read:user,repo,user:email,workflow...
2025-11-14 22:55:34.702 [info] Got 0 sessions for read:user,repo,user:email,workflow...
2025-11-14 22:55:34.703 [info] Getting sessions for read:user...
2025-11-14 22:55:34.703 [info] Got 0 sessions for read:user...
2025-11-14 22:55:34.704 [info] Getting sessions for user:email...
2025-11-14 22:55:34.704 [info] Got 1 sessions for user:email...
2025-11-14 23:18:49.891 [info] Getting sessions for read:user,repo,user:email,workflow...
2025-11-14 23:18:49.891 [info] Got 0 sessions for read:user,repo,user:email,workflow...
2025-11-14 23:18:49.891 [info] Getting sessions for read:user...
2025-11-14 23:18:49.891 [info] Got 0 sessions for read:user...
2025-11-14 23:18:49.892 [info] Getting sessions for user:email...
2025-11-14 23:18:49.892 [info] Got 1 sessions for user:email...
2025-11-14 23:18:50.533 [info] Getting sessions for read:user,repo,user:email,workflow...
2025-11-14 23:18:50.533 [info] Got 0 sessions for read:user,repo,user:email,workflow...
2025-11-14 23:18:50.534 [info] Getting sessions for read:user...
2025-11-14 23:18:50.534 [info] Got 0 sessions for read:user...
2025-11-14 23:18:50.535 [info] Getting sessions for user:email...
2025-11-14 23:18:50.535 [info] Got 1 sessions for user:email...
2025-11-14 23:20:10.325 [info] Getting sessions for read:user,repo,user:email,workflow...
2025-11-14 23:20:10.325 [info] Got 0 sessions for read:user,repo,user:email,workflow...
2025-11-14 23:20:10.325 [info] Getting sessions for read:user...
2025-11-14 23:20:10.325 [info] Got 0 sessions for read:user...
2025-11-14 23:20:10.326 [info] Getting sessions for user:email...
2025-11-14 23:20:10.326 [info] Got 1 sessions for user:email...
2025-11-14 23:20:10.795 [info] Getting sessions for read:user,repo,user:email,workflow...
2025-11-14 23:20:10.795 [info] Got 0 sessions for read:user,repo,user:email,workflow...
2025-11-14 23:20:10.798 [info] Getting sessions for read:user...
2025-11-14 23:20:10.798 [info] Got 0 sessions for read:user...
2025-11-14 23:20:10.799 [info] Getting sessions for user:email...
2025-11-14 23:20:10.799 [info] Got 1 sessions for user:email...
