2025-11-28 23:36:17.531 [info] Reading sessions from keychain...
2025-11-28 23:36:17.531 [info] Got stored sessions!
2025-11-28 23:36:17.531 [info] Got 1 verified sessions.
2025-11-28 23:36:17.531 [info] Getting sessions for all scopes...
2025-11-28 23:36:17.531 [info] Got 1 sessions for ...
2025-11-28 23:36:17.531 [info] Getting sessions for all scopes...
2025-11-28 23:36:17.531 [info] Got 1 sessions for ...
2025-11-28 23:36:17.531 [info] Getting sessions for all scopes...
2025-11-28 23:36:17.531 [info] Got 1 sessions for ...
2025-11-28 23:36:17.531 [info] Getting sessions for all scopes...
2025-11-28 23:36:17.531 [info] Got 1 sessions for ...
2025-11-28 23:36:17.531 [info] Getting sessions for all scopes...
2025-11-28 23:36:17.531 [info] Got 1 sessions for ...
2025-11-28 23:36:17.531 [info] Getting sessions for all scopes...
2025-11-28 23:36:17.531 [info] Got 1 sessions for ...
2025-11-28 23:36:17.531 [info] Getting sessions for all scopes...
2025-11-28 23:36:17.531 [info] Got 1 sessions for ...
2025-11-28 23:36:17.531 [info] Getting sessions for all scopes...
2025-11-28 23:36:17.531 [info] Got 1 sessions for ...
2025-11-28 23:36:17.531 [info] Getting sessions for all scopes...
2025-11-28 23:36:17.531 [info] Got 1 sessions for ...
2025-11-28 23:36:17.531 [info] Getting sessions for all scopes...
2025-11-28 23:36:17.531 [info] Got 1 sessions for ...
2025-11-28 23:36:17.531 [info] Getting sessions for all scopes...
2025-11-28 23:36:17.531 [info] Got 1 sessions for ...
2025-11-28 23:36:17.531 [info] Getting sessions for all scopes...
2025-11-28 23:36:17.531 [info] Got 1 sessions for ...
2025-11-28 23:36:17.531 [info] Getting sessions for all scopes...
2025-11-28 23:36:17.531 [info] Got 1 sessions for ...
2025-11-28 23:36:17.531 [info] Getting sessions for all scopes...
2025-11-28 23:36:17.531 [info] Got 1 sessions for ...
2025-11-28 23:36:17.531 [info] Getting sessions for all scopes...
2025-11-28 23:36:17.531 [info] Got 1 sessions for ...
2025-11-28 23:36:17.531 [info] Getting sessions for all scopes...
2025-11-28 23:36:17.531 [info] Got 1 sessions for ...
2025-11-28 23:36:17.531 [info] Getting sessions for all scopes...
2025-11-28 23:36:17.531 [info] Got 1 sessions for ...
2025-11-28 23:36:17.531 [info] Getting sessions for all scopes...
2025-11-28 23:36:17.531 [info] Got 1 sessions for ...
2025-11-28 23:36:17.531 [info] Getting sessions for read:user,repo,user:email,workflow...
2025-11-28 23:36:17.531 [info] Got 0 sessions for read:user,repo,user:email,workflow...
2025-11-28 23:36:20.129 [info] Getting sessions for user:email...
2025-11-28 23:36:20.129 [info] Got 1 sessions for user:email...
2025-11-28 23:36:20.130 [info] Getting sessions for read:user,repo,user:email,workflow...
2025-11-28 23:36:20.130 [info] Got 0 sessions for read:user,repo,user:email,workflow...
2025-11-28 23:36:20.332 [info] Getting sessions for all scopes...
2025-11-28 23:36:20.332 [info] Got 1 sessions for ...
2025-11-28 23:36:20.567 [info] Getting sessions for read:user,repo,user:email,workflow...
2025-11-28 23:36:20.567 [info] Got 0 sessions for read:user,repo,user:email,workflow...
2025-11-28 23:36:21.124 [info] FetcherService: Electron fetch failed with status: 429 
2025-11-28 23:36:21.132 [info] Getting sessions for all scopes...
2025-11-28 23:36:21.132 [info] Got 1 sessions for ...
2025-11-28 23:36:21.221 [info] Getting sessions for all scopes...
2025-11-28 23:36:21.221 [info] Got 1 sessions for ...
2025-11-28 23:36:21.222 [info] Getting sessions for read:user,repo,user:email,workflow...
2025-11-28 23:36:21.222 [info] Got 0 sessions for read:user,repo,user:email,workflow...
2025-11-28 23:36:21.337 [info] Getting sessions for user:email...
2025-11-28 23:36:21.337 [info] Got 1 sessions for user:email...
2025-11-28 23:36:21.343 [info] Getting sessions for read:user...
2025-11-28 23:36:21.343 [info] Got 0 sessions for read:user...
2025-11-28 23:36:21.345 [info] Getting sessions for user:email...
2025-11-28 23:36:21.345 [info] Got 1 sessions for user:email...
2025-11-28 23:36:23.464 [info] Getting sessions for all scopes...
2025-11-28 23:36:23.464 [info] Got 1 sessions for ...
2025-11-28 23:36:23.465 [info] Getting sessions for read:user,repo,user:email,workflow...
2025-11-28 23:36:23.465 [info] Got 0 sessions for read:user,repo,user:email,workflow...
2025-11-28 23:36:23.466 [info] Getting sessions for read:user,repo,user:email,workflow...
2025-11-28 23:36:23.466 [info] Got 0 sessions for read:user,repo,user:email,workflow...
2025-11-28 23:36:23.501 [info] FetcherService: Node fetch failed with status: 429 Too Many Requests
2025-11-28 23:36:23.941 [info] FetcherService: Node http/s failed with status: 429 Too Many Requests
2025-11-28 23:36:43.633 [info] Reading sessions from keychain...
2025-11-28 23:36:43.633 [info] Got stored sessions!
2025-11-28 23:36:43.633 [info] Got 1 verified sessions.
2025-11-28 23:36:43.633 [info] Getting sessions for all scopes...
2025-11-28 23:36:43.633 [info] Got 1 sessions for ...
2025-11-28 23:36:43.633 [info] Getting sessions for all scopes...
2025-11-28 23:36:43.633 [info] Got 1 sessions for ...
2025-11-28 23:36:43.633 [info] Getting sessions for all scopes...
2025-11-28 23:36:43.633 [info] Got 1 sessions for ...
2025-11-28 23:36:43.633 [info] Getting sessions for all scopes...
2025-11-28 23:36:43.633 [info] Got 1 sessions for ...
2025-11-28 23:36:43.633 [info] Getting sessions for all scopes...
2025-11-28 23:36:43.633 [info] Got 1 sessions for ...
2025-11-28 23:36:43.633 [info] Getting sessions for all scopes...
2025-11-28 23:36:43.633 [info] Got 1 sessions for ...
2025-11-28 23:36:43.633 [info] Getting sessions for all scopes...
2025-11-28 23:36:43.633 [info] Got 1 sessions for ...
2025-11-28 23:36:43.633 [info] Getting sessions for all scopes...
2025-11-28 23:36:43.633 [info] Got 1 sessions for ...
2025-11-28 23:36:43.633 [info] Getting sessions for all scopes...
2025-11-28 23:36:43.633 [info] Got 1 sessions for ...
2025-11-28 23:36:43.633 [info] Getting sessions for all scopes...
2025-11-28 23:36:43.633 [info] Got 1 sessions for ...
2025-11-28 23:36:43.633 [info] Getting sessions for all scopes...
2025-11-28 23:36:43.633 [info] Got 1 sessions for ...
2025-11-28 23:36:43.633 [info] Getting sessions for all scopes...
2025-11-28 23:36:43.633 [info] Got 1 sessions for ...
2025-11-28 23:36:43.633 [info] Getting sessions for all scopes...
2025-11-28 23:36:43.633 [info] Got 1 sessions for ...
2025-11-28 23:36:43.633 [info] Getting sessions for all scopes...
2025-11-28 23:36:43.633 [info] Got 1 sessions for ...
2025-11-28 23:36:43.633 [info] Getting sessions for all scopes...
2025-11-28 23:36:43.633 [info] Got 1 sessions for ...
2025-11-28 23:36:43.633 [info] Getting sessions for all scopes...
2025-11-28 23:36:43.633 [info] Got 1 sessions for ...
2025-11-28 23:36:43.633 [info] Getting sessions for all scopes...
2025-11-28 23:36:43.633 [info] Got 1 sessions for ...
2025-11-28 23:36:43.633 [info] Getting sessions for all scopes...
2025-11-28 23:36:43.633 [info] Got 1 sessions for ...
2025-11-28 23:36:43.668 [info] Getting sessions for read:user,repo,user:email,workflow...
2025-11-28 23:36:43.668 [info] Got 0 sessions for read:user,repo,user:email,workflow...
2025-11-28 23:36:43.712 [info] Getting sessions for user:email...
2025-11-28 23:36:43.712 [info] Got 1 sessions for user:email...
2025-11-28 23:36:43.712 [info] Getting sessions for read:user,repo,user:email,workflow...
2025-11-28 23:36:43.712 [info] Got 0 sessions for read:user,repo,user:email,workflow...
2025-11-28 23:36:44.037 [info] Getting sessions for all scopes...
2025-11-28 23:36:44.037 [info] Got 1 sessions for ...
2025-11-28 23:36:44.039 [info] Getting sessions for all scopes...
2025-11-28 23:36:44.039 [info] Got 1 sessions for ...
2025-11-28 23:36:44.059 [info] Getting sessions for all scopes...
2025-11-28 23:36:44.059 [info] Got 1 sessions for ...
2025-11-28 23:36:44.060 [info] Getting sessions for all scopes...
2025-11-28 23:36:44.060 [info] Got 1 sessions for ...
2025-11-28 23:36:44.060 [info] Getting sessions for all scopes...
2025-11-28 23:36:44.060 [info] Got 1 sessions for ...
2025-11-28 23:36:44.060 [info] Getting sessions for all scopes...
2025-11-28 23:36:44.060 [info] Got 1 sessions for ...
2025-11-28 23:36:44.285 [info] Getting sessions for read:user,repo,user:email,workflow...
2025-11-28 23:36:44.285 [info] Got 0 sessions for read:user,repo,user:email,workflow...
2025-11-28 23:36:44.293 [info] Getting sessions for read:user,repo,user:email,workflow...
2025-11-28 23:36:44.293 [info] Got 0 sessions for read:user,repo,user:email,workflow...
2025-11-28 23:36:44.464 [info] Getting sessions for user:email...
2025-11-28 23:36:44.464 [info] Got 1 sessions for user:email...
2025-11-28 23:36:44.465 [info] Getting sessions for read:user,repo,user:email,workflow...
2025-11-28 23:36:44.465 [info] Got 0 sessions for read:user,repo,user:email,workflow...
2025-11-28 23:36:44.639 [info] FetcherService: Electron fetch failed with status: 429 
2025-11-28 23:36:45.633 [info] FetcherService: Node fetch failed with status: 429 Too Many Requests
2025-11-28 23:36:46.163 [info] FetcherService: Node http/s failed with status: 429 Too Many Requests
2025-11-28 23:36:46.529 [info] Getting sessions for all scopes...
2025-11-28 23:36:46.529 [info] Got 1 sessions for ...
2025-11-28 23:36:46.530 [info] Getting sessions for read:user,repo,user:email,workflow...
2025-11-28 23:36:46.530 [info] Got 0 sessions for read:user,repo,user:email,workflow...
2025-11-28 23:36:46.531 [info] Getting sessions for read:user,repo,user:email,workflow...
2025-11-28 23:36:46.531 [info] Got 0 sessions for read:user,repo,user:email,workflow...
2025-11-28 23:37:06.845 [info] Getting sessions for all scopes...
2025-11-28 23:37:06.845 [info] Got 1 sessions for ...
2025-11-28 23:37:06.846 [info] Getting sessions for read:user,repo,user:email,workflow...
2025-11-28 23:37:06.846 [info] Got 0 sessions for read:user,repo,user:email,workflow...
2025-11-28 23:37:06.847 [info] Getting sessions for user:email...
2025-11-28 23:37:06.848 [info] Got 1 sessions for user:email...
2025-11-28 23:37:08.047 [info] Getting sessions for all scopes...
2025-11-28 23:37:08.047 [info] Got 1 sessions for ...
2025-11-28 23:37:08.048 [info] Getting sessions for read:user,repo,user:email,workflow...
2025-11-28 23:37:08.048 [info] Got 0 sessions for read:user,repo,user:email,workflow...
2025-11-28 23:37:08.049 [info] Getting sessions for user:email...
2025-11-28 23:37:08.049 [info] Got 1 sessions for user:email...
2025-11-28 23:37:11.044 [info] Getting sessions for all scopes...
2025-11-28 23:37:11.044 [info] Got 1 sessions for ...
2025-11-28 23:37:11.045 [info] Getting sessions for read:user,repo,user:email,workflow...
2025-11-28 23:37:11.045 [info] Got 0 sessions for read:user,repo,user:email,workflow...
2025-11-28 23:37:11.046 [info] Getting sessions for user:email...
2025-11-28 23:37:11.046 [info] Got 1 sessions for user:email...
2025-11-28 23:37:14.316 [info] Getting sessions for all scopes...
2025-11-28 23:37:14.316 [info] Got 1 sessions for ...
2025-11-28 23:37:14.317 [info] Getting sessions for read:user,repo,user:email,workflow...
2025-11-28 23:37:14.317 [info] Got 0 sessions for read:user,repo,user:email,workflow...
2025-11-28 23:37:14.318 [info] Getting sessions for user:email...
2025-11-28 23:37:14.318 [info] Got 1 sessions for user:email...
2025-11-28 23:37:19.312 [info] Getting sessions for all scopes...
2025-11-28 23:37:19.312 [info] Got 1 sessions for ...
2025-11-28 23:37:19.313 [info] Getting sessions for read:user,repo,user:email,workflow...
2025-11-28 23:37:19.313 [info] Got 0 sessions for read:user,repo,user:email,workflow...
2025-11-28 23:37:19.314 [info] Getting sessions for user:email...
2025-11-28 23:37:19.314 [info] Got 1 sessions for user:email...
