2025-11-14 20:37:15.696 [info] 
=== Python Envs Configuration Levels ===
2025-11-14 20:37:15.696 [info] {
  "section": "Python Envs Configuration Levels",
  "defaultEnvManager": {
    "workspaceFolderValue": "undefined",
    "workspaceValue": "undefined",
    "globalValue": "undefined",
    "defaultValue": "ms-python.python:venv"
  },
  "defaultPackageManager": {
    "workspaceFolderValue": "undefined",
    "workspaceValue": "undefined",
    "globalValue": "undefined",
    "defaultValue": "ms-python.python:pip"
  }
}
2025-11-14 20:37:15.696 [info] [pet] Starting Python Locator /home/user/.vscode/extensions/ms-python.vscode-python-envs-1.12.0-linux-x64/python-env-tools/bin/pet server
2025-11-14 20:37:15.696 [info] Using poetry from settings: poetry
2025-11-14 20:37:15.696 [info] The `shell` command is not available by default in Poetry versions 2.0.0 and above. Therefore all shell activation will be handled by calling `source <path-to-activate>`. If you face any problems with shell activation, please file an issue at https://github.com/microsoft/vscode-python-environments/issues to help us improve this implementation.
2025-11-14 20:37:15.696 [info] Poetry found at poetry, version: undefined
2025-11-14 20:37:15.696 [info] Refreshing Poetry Environments
2025-11-14 20:37:15.696 [info] Refreshing poetry environments
2025-11-14 20:37:15.696 [info] getAllExtraSearchPaths completed. Total unique search directories: 0 Paths: []
2025-11-14 20:37:15.696 [info] [pet] configure: Sending configuration update: {"workspaceDirectories":["/home/user/repos"],"environmentDirectories":[],"poetryExecutable":"poetry","cacheDirectory":"/home/user/.config/Code/User/globalStorage/ms-python.vscode-python-envs/pythonLocator"}
2025-11-14 20:37:20.710 [info] Discovered env: /bin/python
2025-11-14 20:37:20.710 [info] Discovered env: /usr/bin/python
2025-11-14 20:37:20.711 [info] [pet] Env ("/sbin/python") in Path resolved as ResolvedPythonEnv { executable: "/sbin/python", prefix: "/usr", version: "3.13.7.final.0", is64_bit: true, symlinks: Some(["/sbin/python"]) } and reported as Some(GlobalPaths)
2025-11-14 20:37:20.711 [info] Discovered env: /sbin/python
2025-11-14 20:37:20.711 [info] [pet] Env ("/usr/sbin/python") in Path resolved as ResolvedPythonEnv { executable: "/usr/sbin/python", prefix: "/usr", version: "3.13.7.final.0", is64_bit: true, symlinks: Some(["/usr/sbin/python"]) } and reported as Some(GlobalPaths)
2025-11-14 20:37:20.712 [info] Discovered env: /usr/sbin/python
2025-11-14 20:37:20.712 [info] [pet] Env ("/sbin/python3") in Path resolved as ResolvedPythonEnv { executable: "/sbin/python3", prefix: "/usr", version: "3.13.7.final.0", is64_bit: true, symlinks: Some(["/sbin/python3"]) } and reported as Some(GlobalPaths)
2025-11-14 20:37:20.712 [info] Discovered env: /sbin/python3
2025-11-14 20:37:20.712 [info] [pet] Env ("/usr/sbin/python3") in Path resolved as ResolvedPythonEnv { executable: "/usr/sbin/python3", prefix: "/usr", version: "3.13.7.final.0", is64_bit: true, symlinks: Some(["/usr/sbin/python3"]) } and reported as Some(GlobalPaths)
2025-11-14 20:37:20.712 [info] Discovered env: /usr/sbin/python3
2025-11-14 20:37:20.712 [info] [pet] Env ("/usr/sbin/python3.13") in Path resolved as ResolvedPythonEnv { executable: "/usr/sbin/python3.13", prefix: "/usr", version: "3.13.7.final.0", is64_bit: true, symlinks: Some(["/usr/sbin/python3.13"]) } and reported as Some(GlobalPaths)
2025-11-14 20:37:20.713 [info] Discovered env: /usr/sbin/python3.13
2025-11-14 20:37:20.713 [info] [pet] Env ("/sbin/python3.13") in Path resolved as ResolvedPythonEnv { executable: "/sbin/python3.13", prefix: "/usr", version: "3.13.7.final.0", is64_bit: true, symlinks: Some(["/sbin/python3.13"]) } and reported as Some(GlobalPaths)
2025-11-14 20:37:20.713 [info] Discovered env: /sbin/python3.13
2025-11-14 20:37:20.713 [info] [pet] Locator Conda took 111.944793ms
2025-11-14 20:37:20.713 [info] [pet] Locator Homebrew took 201.29µs
2025-11-14 20:37:20.713 [info] [pet] Locator LinuxGlobal took 113.612661ms
2025-11-14 20:37:20.713 [info] [pet] Locator PipEnv took 23.484µs
2025-11-14 20:37:20.713 [info] [pet] Locator Pixi took 58.799µs
2025-11-14 20:37:20.713 [info] [pet] Locator Poetry took 660.619µs
2025-11-14 20:37:20.713 [info] [pet] Locator PyEnv took 437.241µs
2025-11-14 20:37:20.713 [info] [pet] Locator Venv took 206.116µs
2025-11-14 20:37:20.713 [info] [pet] Locator VirtualEnv took 180.573µs
2025-11-14 20:37:20.713 [info] [pet] Locator VirtualEnvWrapper took 108.854µs
2025-11-14 20:37:20.713 [info] [pet] Locator GlobalVirtualEnvs took 291.721µs
2025-11-14 20:37:20.713 [info] [pet] Locator Locators took 115.677129ms
2025-11-14 20:37:20.713 [info] [pet] Locator Path took 379.64112ms
2025-11-14 20:37:20.713 [info] [pet] Locator Workspaces took 12.091158ms
2025-11-14 20:37:20.714 [info] getAllExtraSearchPaths completed. Total unique search directories: 0 Paths: []
2025-11-14 20:37:20.719 [info] [pet] Telemetry:  {"event":"RefreshPerformance","data":{"refreshPerformance":{"total":379,"breakdown":{"GlobalVirtualEnvs":0,"Locators":115,"Path":379,"Workspaces":12},"locators":{"Conda":111,"Homebrew":0,"LinuxGlobal":113,"PipEnv":0,"Pixi":0,"Poetry":0,"PyEnv":0,"Venv":0,"VirtualEnv":0,"VirtualEnvWrapper":0}}}}
2025-11-14 20:37:20.793 [info] Discovered env: /bin/python
2025-11-14 20:37:20.801 [info] Discovered env: /usr/bin/python
2025-11-14 20:37:20.817 [info] [pet] Env ("/usr/sbin/python") in Path resolved as ResolvedPythonEnv { executable: "/usr/sbin/python", prefix: "/usr", version: "3.13.7.final.0", is64_bit: true, symlinks: Some(["/usr/sbin/python"]) } and reported as Some(GlobalPaths)
2025-11-14 20:37:20.817 [info] Discovered env: /usr/sbin/python
2025-11-14 20:37:20.820 [info] [pet] Env ("/sbin/python") in Path resolved as ResolvedPythonEnv { executable: "/sbin/python", prefix: "/usr", version: "3.13.7.final.0", is64_bit: true, symlinks: Some(["/sbin/python"]) } and reported as Some(GlobalPaths)
2025-11-14 20:37:20.820 [info] Discovered env: /sbin/python
2025-11-14 20:37:20.933 [info] [pet] Env ("/sbin/python3") in Path resolved as ResolvedPythonEnv { executable: "/sbin/python3", prefix: "/usr", version: "3.13.7.final.0", is64_bit: true, symlinks: Some(["/sbin/python3"]) } and reported as Some(GlobalPaths)
2025-11-14 20:37:20.933 [info] Discovered env: /sbin/python3
2025-11-14 20:37:20.933 [info] [pet] Env ("/usr/sbin/python3") in Path resolved as ResolvedPythonEnv { executable: "/usr/sbin/python3", prefix: "/usr", version: "3.13.7.final.0", is64_bit: true, symlinks: Some(["/usr/sbin/python3"]) } and reported as Some(GlobalPaths)
2025-11-14 20:37:20.933 [info] Discovered env: /usr/sbin/python3
2025-11-14 20:37:20.933 [info] [pet] Env ("/sbin/python3.13") in Path resolved as ResolvedPythonEnv { executable: "/sbin/python3.13", prefix: "/usr", version: "3.13.7.final.0", is64_bit: true, symlinks: Some(["/sbin/python3.13"]) } and reported as Some(GlobalPaths)
2025-11-14 20:37:20.933 [info] Discovered env: /sbin/python3.13
2025-11-14 20:37:20.933 [info] [pet] Env ("/usr/sbin/python3.13") in Path resolved as ResolvedPythonEnv { executable: "/usr/sbin/python3.13", prefix: "/usr", version: "3.13.7.final.0", is64_bit: true, symlinks: Some(["/usr/sbin/python3.13"]) } and reported as Some(GlobalPaths)
2025-11-14 20:37:20.933 [info] Discovered env: /usr/sbin/python3.13
2025-11-14 20:37:20.934 [info] [pet] Locator Conda took 94.166136ms
2025-11-14 20:37:20.934 [info] [pet] Locator Homebrew took 68.282µs
2025-11-14 20:37:20.934 [info] [pet] Locator LinuxGlobal took 79.446231ms
2025-11-14 20:37:20.934 [info] [pet] Locator PipEnv took 15.526µs
2025-11-14 20:37:20.934 [info] [pet] Locator Pixi took 15.943µs
2025-11-14 20:37:20.934 [info] [pet] Locator Poetry took 108.454µs
2025-11-14 20:37:20.934 [info] [pet] Locator PyEnv took 101.647µs
2025-11-14 20:37:20.934 [info] [pet] Locator Venv took 26.103µs
2025-11-14 20:37:20.934 [info] [pet] Locator VirtualEnv took 17.542µs
2025-11-14 20:37:20.934 [info] [pet] Locator VirtualEnvWrapper took 45.617µs
2025-11-14 20:37:20.934 [info] [pet] Locator GlobalVirtualEnvs took 68.63µs
2025-11-14 20:37:20.934 [info] [pet] Locator Locators took 94.48658ms
2025-11-14 20:37:20.934 [info] [pet] Locator Path took 138.282882ms
2025-11-14 20:37:20.934 [info] [pet] Locator Workspaces took 11.617153ms
2025-11-14 20:37:20.934 [info] getAllExtraSearchPaths completed. Total unique search directories: 0 Paths: []
2025-11-14 20:37:20.939 [info] [pet] Telemetry:  {"event":"RefreshPerformance","data":{"refreshPerformance":{"total":138,"breakdown":{"GlobalVirtualEnvs":0,"Locators":94,"Path":138,"Workspaces":11},"locators":{"Conda":94,"Homebrew":0,"LinuxGlobal":79,"PipEnv":0,"Pixi":0,"Poetry":0,"PyEnv":0,"Venv":0,"VirtualEnv":0,"VirtualEnvWrapper":0}}}}
2025-11-14 20:37:20.939 [info] [pet] Locator GlobalVirtualEnvs took 130ns
2025-11-14 20:37:20.939 [info] [pet] Locator Locators took 207ns
2025-11-14 20:37:20.939 [info] [pet] Locator Path took 228ns
2025-11-14 20:37:20.939 [info] [pet] Locator Workspaces took 783ns
2025-11-14 20:37:20.940 [info] getAllExtraSearchPaths completed. Total unique search directories: 0 Paths: []
2025-11-14 20:37:20.941 [info] [pet] Telemetry:  {"event":"RefreshPerformance","data":{"refreshPerformance":{"total":0,"breakdown":{"GlobalVirtualEnvs":0,"Locators":0,"Path":0,"Workspaces":0},"locators":{}}}}
2025-11-14 20:37:20.993 [info] Discovered env: /usr/bin/python
2025-11-14 20:37:21.004 [info] Discovered env: /bin/python
2025-11-14 20:37:21.021 [info] [pet] Env ("/sbin/python") in Path resolved as ResolvedPythonEnv { executable: "/sbin/python", prefix: "/usr", version: "3.13.7.final.0", is64_bit: true, symlinks: Some(["/sbin/python"]) } and reported as Some(GlobalPaths)
2025-11-14 20:37:21.022 [info] Discovered env: /sbin/python
2025-11-14 20:37:21.024 [info] [pet] Env ("/usr/sbin/python") in Path resolved as ResolvedPythonEnv { executable: "/usr/sbin/python", prefix: "/usr", version: "3.13.7.final.0", is64_bit: true, symlinks: Some(["/usr/sbin/python"]) } and reported as Some(GlobalPaths)
2025-11-14 20:37:21.024 [info] Discovered env: /usr/sbin/python
2025-11-14 20:37:21.039 [info] [pet] Env ("/sbin/python3") in Path resolved as ResolvedPythonEnv { executable: "/sbin/python3", prefix: "/usr", version: "3.13.7.final.0", is64_bit: true, symlinks: Some(["/sbin/python3"]) } and reported as Some(GlobalPaths)
2025-11-14 20:37:21.040 [info] Discovered env: /sbin/python3
2025-11-14 20:37:21.042 [info] [pet] Env ("/usr/sbin/python3") in Path resolved as ResolvedPythonEnv { executable: "/usr/sbin/python3", prefix: "/usr", version: "3.13.7.final.0", is64_bit: true, symlinks: Some(["/usr/sbin/python3"]) } and reported as Some(GlobalPaths)
2025-11-14 20:37:21.042 [info] Discovered env: /usr/sbin/python3
2025-11-14 20:37:21.061 [info] [pet] Env ("/usr/sbin/python3.13") in Path resolved as ResolvedPythonEnv { executable: "/usr/sbin/python3.13", prefix: "/usr", version: "3.13.7.final.0", is64_bit: true, symlinks: Some(["/usr/sbin/python3.13"]) } and reported as Some(GlobalPaths)
2025-11-14 20:37:21.061 [info] [pet] Env ("/sbin/python3.13") in Path resolved as ResolvedPythonEnv { executable: "/sbin/python3.13", prefix: "/usr", version: "3.13.7.final.0", is64_bit: true, symlinks: Some(["/sbin/python3.13"]) } and reported as Some(GlobalPaths)
2025-11-14 20:37:21.061 [info] Discovered env: /usr/sbin/python3.13
2025-11-14 20:37:21.061 [info] Discovered env: /sbin/python3.13
2025-11-14 20:37:21.061 [info] [pet] Locator Conda took 74.578464ms
2025-11-14 20:37:21.061 [info] [pet] Locator Homebrew took 54.622µs
2025-11-14 20:37:21.062 [info] [pet] Locator LinuxGlobal took 59.908127ms
2025-11-14 20:37:21.062 [info] [pet] Locator PipEnv took 18.556µs
2025-11-14 20:37:21.062 [info] [pet] Locator Pixi took 16.083µs
2025-11-14 20:37:21.062 [info] [pet] Locator Poetry took 110.779µs
2025-11-14 20:37:21.062 [info] [pet] Locator PyEnv took 101.857µs
2025-11-14 20:37:21.062 [info] [pet] Locator Venv took 16.943µs
2025-11-14 20:37:21.062 [info] [pet] Locator VirtualEnv took 46.087µs
2025-11-14 20:37:21.062 [info] [pet] Locator VirtualEnvWrapper took 18.486µs
2025-11-14 20:37:21.062 [info] [pet] Locator GlobalVirtualEnvs took 44.557µs
2025-11-14 20:37:21.062 [info] [pet] Locator Locators took 74.974608ms
2025-11-14 20:37:21.062 [info] [pet] Locator Path took 119.916697ms
2025-11-14 20:37:21.062 [info] [pet] Locator Workspaces took 4.639177ms
2025-11-14 20:37:21.062 [info] getAllExtraSearchPaths completed. Total unique search directories: 0 Paths: []
2025-11-14 20:37:21.065 [info] Conda not found, turning off conda features. Error: Conda not found
    at F (/home/user/.vscode/extensions/ms-python.vscode-python-envs-1.12.0-linux-x64/dist/extension.js:2:542420)
    at L (/home/user/.vscode/extensions/ms-python.vscode-python-envs-1.12.0-linux-x64/dist/extension.js:2:542545)
    at t.registerCondaFeatures (/home/user/.vscode/extensions/ms-python.vscode-python-envs-1.12.0-linux-x64/dist/extension.js:2:559171)
    at async Promise.all (index 1)
    at Immediate.<anonymous> (/home/user/.vscode/extensions/ms-python.vscode-python-envs-1.12.0-linux-x64/dist/extension.js:2:690957)
2025-11-14 20:37:21.066 [info] [pet] Telemetry:  {"event":"RefreshPerformance","data":{"refreshPerformance":{"total":120,"breakdown":{"GlobalVirtualEnvs":0,"Locators":74,"Path":119,"Workspaces":4},"locators":{"Conda":74,"Homebrew":0,"LinuxGlobal":59,"PipEnv":0,"Pixi":0,"Poetry":0,"PyEnv":0,"Venv":0,"VirtualEnv":0,"VirtualEnvWrapper":0}}}}
2025-11-14 20:37:21.165 [info] Discovered env: /bin/python
2025-11-14 20:37:21.169 [info] Discovered env: /usr/bin/python
2025-11-14 20:37:21.171 [info] [pet] Env ("/usr/sbin/python") in Path resolved as ResolvedPythonEnv { executable: "/usr/sbin/python", prefix: "/usr", version: "3.13.7.final.0", is64_bit: true, symlinks: Some(["/usr/sbin/python"]) } and reported as Some(GlobalPaths)
2025-11-14 20:37:21.171 [info] Discovered env: /usr/sbin/python
2025-11-14 20:37:21.171 [info] [pet] Env ("/sbin/python") in Path resolved as ResolvedPythonEnv { executable: "/sbin/python", prefix: "/usr", version: "3.13.7.final.0", is64_bit: true, symlinks: Some(["/sbin/python"]) } and reported as Some(GlobalPaths)
2025-11-14 20:37:21.171 [info] Discovered env: /sbin/python
2025-11-14 20:37:21.186 [info] [pet] Env ("/usr/sbin/python3") in Path resolved as ResolvedPythonEnv { executable: "/usr/sbin/python3", prefix: "/usr", version: "3.13.7.final.0", is64_bit: true, symlinks: Some(["/usr/sbin/python3"]) } and reported as Some(GlobalPaths)
2025-11-14 20:37:21.187 [info] Discovered env: /usr/sbin/python3
2025-11-14 20:37:21.189 [info] [pet] Env ("/sbin/python3") in Path resolved as ResolvedPythonEnv { executable: "/sbin/python3", prefix: "/usr", version: "3.13.7.final.0", is64_bit: true, symlinks: Some(["/sbin/python3"]) } and reported as Some(GlobalPaths)
2025-11-14 20:37:21.189 [info] Discovered env: /sbin/python3
2025-11-14 20:37:21.202 [info] [pet] Env ("/usr/sbin/python3.13") in Path resolved as ResolvedPythonEnv { executable: "/usr/sbin/python3.13", prefix: "/usr", version: "3.13.7.final.0", is64_bit: true, symlinks: Some(["/usr/sbin/python3.13"]) } and reported as Some(GlobalPaths)
2025-11-14 20:37:21.202 [info] Discovered env: /usr/sbin/python3.13
2025-11-14 20:37:21.204 [info] [pet] Env ("/sbin/python3.13") in Path resolved as ResolvedPythonEnv { executable: "/sbin/python3.13", prefix: "/usr", version: "3.13.7.final.0", is64_bit: true, symlinks: Some(["/sbin/python3.13"]) } and reported as Some(GlobalPaths)
2025-11-14 20:37:21.204 [info] Discovered env: /sbin/python3.13
2025-11-14 20:37:21.205 [info] [pet] Locator Conda took 92.915834ms
2025-11-14 20:37:21.205 [info] [pet] Locator Homebrew took 88.965µs
2025-11-14 20:37:21.205 [info] [pet] Locator LinuxGlobal took 94.843252ms
2025-11-14 20:37:21.205 [info] [pet] Locator PipEnv took 19.577µs
2025-11-14 20:37:21.205 [info] [pet] Locator Pixi took 25.361µs
2025-11-14 20:37:21.205 [info] [pet] Locator Poetry took 402.764µs
2025-11-14 20:37:21.205 [info] [pet] Locator PyEnv took 96.134µs
2025-11-14 20:37:21.205 [info] [pet] Locator Venv took 122.269µs
2025-11-14 20:37:21.205 [info] [pet] Locator VirtualEnv took 20.202µs
2025-11-14 20:37:21.205 [info] [pet] Locator VirtualEnvWrapper took 44.025µs
2025-11-14 20:37:21.205 [info] [pet] Locator GlobalVirtualEnvs took 84.608µs
2025-11-14 20:37:21.205 [info] [pet] Locator Locators took 96.906145ms
2025-11-14 20:37:21.205 [info] [pet] Locator Path took 138.543989ms
2025-11-14 20:37:21.205 [info] [pet] Locator Workspaces took 10.156483ms
2025-11-14 20:37:21.206 [info] getAllExtraSearchPaths completed. Total unique search directories: 0 Paths: []
2025-11-14 20:37:21.206 [info] Pipenv not found
2025-11-14 20:37:21.206 [info] Pipenv not found, turning off pipenv features.
2025-11-14 20:37:21.206 [info] [pet] Telemetry:  {"event":"RefreshPerformance","data":{"refreshPerformance":{"total":138,"breakdown":{"GlobalVirtualEnvs":0,"Locators":96,"Path":138,"Workspaces":10},"locators":{"Conda":92,"Homebrew":0,"LinuxGlobal":94,"PipEnv":0,"Pixi":0,"Poetry":0,"PyEnv":0,"Venv":0,"VirtualEnv":0,"VirtualEnvWrapper":0}}}}
2025-11-14 20:37:21.291 [info] Discovered env: /usr/bin/python
2025-11-14 20:37:21.297 [info] Discovered env: /bin/python
2025-11-14 20:37:21.307 [info] [pet] Env ("/sbin/python") in Path resolved as ResolvedPythonEnv { executable: "/sbin/python", prefix: "/usr", version: "3.13.7.final.0", is64_bit: true, symlinks: Some(["/sbin/python"]) } and reported as Some(GlobalPaths)
2025-11-14 20:37:21.308 [info] Discovered env: /sbin/python
2025-11-14 20:37:21.308 [info] [pet] Env ("/usr/sbin/python") in Path resolved as ResolvedPythonEnv { executable: "/usr/sbin/python", prefix: "/usr", version: "3.13.7.final.0", is64_bit: true, symlinks: Some(["/usr/sbin/python"]) } and reported as Some(GlobalPaths)
2025-11-14 20:37:21.308 [info] Discovered env: /usr/sbin/python
2025-11-14 20:37:21.352 [info] [pet] Env ("/usr/sbin/python3") in Path resolved as ResolvedPythonEnv { executable: "/usr/sbin/python3", prefix: "/usr", version: "3.13.7.final.0", is64_bit: true, symlinks: Some(["/usr/sbin/python3"]) } and reported as Some(GlobalPaths)
2025-11-14 20:37:21.352 [info] Discovered env: /usr/sbin/python3
2025-11-14 20:37:21.352 [info] [pet] Env ("/sbin/python3") in Path resolved as ResolvedPythonEnv { executable: "/sbin/python3", prefix: "/usr", version: "3.13.7.final.0", is64_bit: true, symlinks: Some(["/sbin/python3"]) } and reported as Some(GlobalPaths)
2025-11-14 20:37:21.352 [info] Discovered env: /sbin/python3
2025-11-14 20:37:21.352 [info] [pet] Env ("/usr/sbin/python3.13") in Path resolved as ResolvedPythonEnv { executable: "/usr/sbin/python3.13", prefix: "/usr", version: "3.13.7.final.0", is64_bit: true, symlinks: Some(["/usr/sbin/python3.13"]) } and reported as Some(GlobalPaths)
2025-11-14 20:37:21.353 [info] Discovered env: /usr/sbin/python3.13
2025-11-14 20:37:21.353 [info] [pet] Env ("/sbin/python3.13") in Path resolved as ResolvedPythonEnv { executable: "/sbin/python3.13", prefix: "/usr", version: "3.13.7.final.0", is64_bit: true, symlinks: Some(["/sbin/python3.13"]) } and reported as Some(GlobalPaths)
2025-11-14 20:37:21.353 [info] Discovered env: /sbin/python3.13
2025-11-14 20:37:21.353 [info] [pet] Locator Conda took 90.569244ms
2025-11-14 20:37:21.353 [info] [pet] Locator Homebrew took 60.822µs
2025-11-14 20:37:21.353 [info] [pet] Locator LinuxGlobal took 88.328345ms
2025-11-14 20:37:21.353 [info] [pet] Locator PipEnv took 15.079µs
2025-11-14 20:37:21.353 [info] [pet] Locator Pixi took 14.149µs
2025-11-14 20:37:21.353 [info] [pet] Locator Poetry took 91.432µs
2025-11-14 20:37:21.353 [info] [pet] Locator PyEnv took 71.54µs
2025-11-14 20:37:21.353 [info] [pet] Locator Venv took 17.309µs
2025-11-14 20:37:21.354 [info] [pet] Locator VirtualEnv took 30.737µs
2025-11-14 20:37:21.354 [info] [pet] Locator VirtualEnvWrapper took 17.124µs
2025-11-14 20:37:21.354 [info] [pet] Locator GlobalVirtualEnvs took 49.209µs
2025-11-14 20:37:21.354 [info] [pet] Locator Locators took 90.818844ms
2025-11-14 20:37:21.354 [info] [pet] Locator Path took 133.123155ms
2025-11-14 20:37:21.354 [info] [pet] Locator Workspaces took 2.962364ms
2025-11-14 20:37:21.354 [info] getAllExtraSearchPaths completed. Total unique search directories: 0 Paths: []
2025-11-14 20:37:21.355 [info] Pyenv not found, turning off pyenv features.
2025-11-14 20:37:21.356 [info] [resolveDefaultInterpreter] User configured defaultInterpreterPath: /bin/python and defaultEnvManager: undefined
2025-11-14 20:37:21.356 [info] getAllExtraSearchPaths completed. Total unique search directories: 0 Paths: []
2025-11-14 20:37:21.357 [info] [pet] Telemetry:  {"event":"RefreshPerformance","data":{"refreshPerformance":{"total":133,"breakdown":{"GlobalVirtualEnvs":0,"Locators":90,"Path":133,"Workspaces":2},"locators":{"Conda":90,"Homebrew":0,"LinuxGlobal":88,"PipEnv":0,"Pixi":0,"Poetry":0,"PyEnv":0,"Venv":0,"VirtualEnv":0,"VirtualEnvWrapper":0}}}}
2025-11-14 20:37:21.437 [info] Discovered env: /usr/bin/python
2025-11-14 20:37:21.444 [info] Discovered env: /bin/python
2025-11-14 20:37:21.454 [info] [pet] Env ("/usr/sbin/python") in Path resolved as ResolvedPythonEnv { executable: "/usr/sbin/python", prefix: "/usr", version: "3.13.7.final.0", is64_bit: true, symlinks: Some(["/usr/sbin/python"]) } and reported as Some(GlobalPaths)
2025-11-14 20:37:21.454 [info] Discovered env: /usr/sbin/python
2025-11-14 20:37:21.455 [info] Resolved Python Environment /bin/python
2025-11-14 20:37:21.463 [info] [pet] Env ("/sbin/python") in Path resolved as ResolvedPythonEnv { executable: "/sbin/python", prefix: "/usr", version: "3.13.7.final.0", is64_bit: true, symlinks: Some(["/sbin/python"]) } and reported as Some(GlobalPaths)
2025-11-14 20:37:21.466 [info] Discovered env: /sbin/python
2025-11-14 20:37:21.493 [info] [pet] Env ("/usr/sbin/python3") in Path resolved as ResolvedPythonEnv { executable: "/usr/sbin/python3", prefix: "/usr", version: "3.13.7.final.0", is64_bit: true, symlinks: Some(["/usr/sbin/python3"]) } and reported as Some(GlobalPaths)
2025-11-14 20:37:21.493 [info] Discovered env: /usr/sbin/python3
2025-11-14 20:37:21.496 [info] [pet] Env ("/sbin/python3") in Path resolved as ResolvedPythonEnv { executable: "/sbin/python3", prefix: "/usr", version: "3.13.7.final.0", is64_bit: true, symlinks: Some(["/sbin/python3"]) } and reported as Some(GlobalPaths)
2025-11-14 20:37:21.498 [info] Discovered env: /sbin/python3
2025-11-14 20:37:21.511 [info] [pet] Env ("/usr/sbin/python3.13") in Path resolved as ResolvedPythonEnv { executable: "/usr/sbin/python3.13", prefix: "/usr", version: "3.13.7.final.0", is64_bit: true, symlinks: Some(["/usr/sbin/python3.13"]) } and reported as Some(GlobalPaths)
2025-11-14 20:37:21.511 [info] Discovered env: /usr/sbin/python3.13
2025-11-14 20:37:21.519 [info] [pet] Env ("/sbin/python3.13") in Path resolved as ResolvedPythonEnv { executable: "/sbin/python3.13", prefix: "/usr", version: "3.13.7.final.0", is64_bit: true, symlinks: Some(["/sbin/python3.13"]) } and reported as Some(GlobalPaths)
2025-11-14 20:37:21.519 [info] Discovered env: /sbin/python3.13
2025-11-14 20:37:21.519 [info] [pet] Locator Conda took 102.006966ms
2025-11-14 20:37:21.519 [info] [pet] Locator Homebrew took 565.268µs
2025-11-14 20:37:21.519 [info] [pet] Locator LinuxGlobal took 100.501642ms
2025-11-14 20:37:21.519 [info] [pet] Locator PipEnv took 46.379µs
2025-11-14 20:37:21.519 [info] [pet] Locator Pixi took 22.851µs
2025-11-14 20:37:21.519 [info] [pet] Locator Poetry took 190.106µs
2025-11-14 20:37:21.519 [info] [pet] Locator PyEnv took 293.393µs
2025-11-14 20:37:21.519 [info] [pet] Locator Venv took 22.178µs
2025-11-14 20:37:21.519 [info] [pet] Locator VirtualEnv took 23.278µs
2025-11-14 20:37:21.519 [info] [pet] Locator VirtualEnvWrapper took 37.215µs
2025-11-14 20:37:21.520 [info] [pet] Locator GlobalVirtualEnvs took 72.924µs
2025-11-14 20:37:21.520 [info] [pet] Locator Locators took 107.269014ms
2025-11-14 20:37:21.520 [info] [pet] Locator Path took 161.716362ms
2025-11-14 20:37:21.520 [info] [pet] Locator Workspaces took 4.391565ms
2025-11-14 20:37:21.593 [info] Python API: Changed environment from undefined to Python 3.13.7 for: /home/user/repos
2025-11-14 20:37:21.594 [info] Internal: Changed environment from undefined to Python 3.13.7 for: /home/user/repos
2025-11-14 20:37:21.595 [info] [pet] Telemetry:  {"event":"RefreshPerformance","data":{"refreshPerformance":{"total":161,"breakdown":{"GlobalVirtualEnvs":0,"Locators":107,"Path":161,"Workspaces":4},"locators":{"Conda":102,"Homebrew":0,"LinuxGlobal":100,"PipEnv":0,"Pixi":0,"Poetry":0,"PyEnv":0,"Venv":0,"VirtualEnv":0,"VirtualEnvWrapper":0}}}}
2025-11-14 20:37:22.951 [info] Python API: Changed environment from undefined to Python 3.13.7 for: global
2025-11-14 20:37:22.951 [info] Internal: Changed environment from undefined to Python 3.13.7 for: global
2025-11-14 20:53:09.544 [info] getAllExtraSearchPaths completed. Total unique search directories: 0 Paths: []
2025-11-14 20:53:09.557 [info] Resolved Python Environment /bin/python
2025-11-14 20:53:09.558 [info] getAllExtraSearchPaths completed. Total unique search directories: 0 Paths: []
2025-11-14 20:53:09.568 [info] Resolved Python Environment /bin/python
2025-11-14 20:53:09.568 [info] Refreshing poetry environments
2025-11-14 20:53:09.569 [info] getAllExtraSearchPaths completed. Total unique search directories: 0 Paths: []
2025-11-14 20:53:09.578 [info] Resolved Python Environment /bin/python
2025-11-14 20:53:11.070 [info] getAllExtraSearchPaths completed. Total unique search directories: 0 Paths: []
2025-11-14 20:53:11.080 [info] Resolved Python Environment /bin/python
2025-11-14 20:53:11.080 [info] getAllExtraSearchPaths completed. Total unique search directories: 0 Paths: []
2025-11-14 20:53:11.089 [info] Resolved Python Environment /bin/python
2025-11-14 20:53:11.089 [info] getAllExtraSearchPaths completed. Total unique search directories: 0 Paths: []
2025-11-14 20:53:11.097 [info] Resolved Python Environment /bin/python
2025-11-14 20:53:14.788 [info] getAllExtraSearchPaths completed. Total unique search directories: 0 Paths: []
2025-11-14 20:53:14.798 [info] Resolved Python Environment /bin/python
2025-11-14 20:53:14.799 [info] getAllExtraSearchPaths completed. Total unique search directories: 0 Paths: []
2025-11-14 20:53:14.808 [info] Resolved Python Environment /bin/python
2025-11-14 20:53:14.808 [info] getAllExtraSearchPaths completed. Total unique search directories: 0 Paths: []
2025-11-14 20:53:14.818 [info] Resolved Python Environment /bin/python
2025-11-14 20:53:15.629 [info] getAllExtraSearchPaths completed. Total unique search directories: 0 Paths: []
2025-11-14 20:53:15.638 [info] Resolved Python Environment /bin/python
2025-11-14 20:53:15.638 [info] getAllExtraSearchPaths completed. Total unique search directories: 0 Paths: []
2025-11-14 20:53:15.649 [info] Resolved Python Environment /bin/python
2025-11-14 20:53:15.649 [info] getAllExtraSearchPaths completed. Total unique search directories: 0 Paths: []
2025-11-14 20:53:15.658 [info] Resolved Python Environment /bin/python
2025-11-14 20:53:45.475 [info] getAllExtraSearchPaths completed. Total unique search directories: 0 Paths: []
2025-11-14 20:53:45.484 [info] Resolved Python Environment /bin/python
2025-11-14 20:53:45.485 [info] getAllExtraSearchPaths completed. Total unique search directories: 0 Paths: []
2025-11-14 20:53:45.493 [info] Resolved Python Environment /bin/python
2025-11-14 20:53:45.493 [info] getAllExtraSearchPaths completed. Total unique search directories: 0 Paths: []
2025-11-14 20:53:45.502 [info] Resolved Python Environment /bin/python
2025-11-14 20:53:48.402 [info] getAllExtraSearchPaths completed. Total unique search directories: 0 Paths: []
2025-11-14 20:53:48.448 [info] Resolved Python Environment /bin/python
2025-11-14 20:53:48.449 [info] getAllExtraSearchPaths completed. Total unique search directories: 0 Paths: []
2025-11-14 20:53:48.458 [info] Resolved Python Environment /bin/python
2025-11-14 20:53:48.459 [info] getAllExtraSearchPaths completed. Total unique search directories: 0 Paths: []
2025-11-14 20:53:48.476 [info] Resolved Python Environment /bin/python
2025-11-14 20:53:58.610 [info] getAllExtraSearchPaths completed. Total unique search directories: 0 Paths: []
2025-11-14 20:53:58.658 [info] Resolved Python Environment /bin/python
2025-11-14 20:53:58.659 [info] getAllExtraSearchPaths completed. Total unique search directories: 0 Paths: []
2025-11-14 20:53:58.687 [info] Resolved Python Environment /bin/python
2025-11-14 20:53:58.688 [info] getAllExtraSearchPaths completed. Total unique search directories: 0 Paths: []
2025-11-14 20:53:58.697 [info] Resolved Python Environment /bin/python
2025-11-14 20:54:01.364 [info] getAllExtraSearchPaths completed. Total unique search directories: 0 Paths: []
2025-11-14 20:54:01.373 [info] Resolved Python Environment /bin/python
2025-11-14 20:54:01.374 [info] getAllExtraSearchPaths completed. Total unique search directories: 0 Paths: []
2025-11-14 20:54:01.384 [info] Resolved Python Environment /bin/python
2025-11-14 20:54:01.384 [info] getAllExtraSearchPaths completed. Total unique search directories: 0 Paths: []
2025-11-14 20:54:01.393 [info] Resolved Python Environment /bin/python
2025-11-14 21:17:40.931 [info] getAllExtraSearchPaths completed. Total unique search directories: 0 Paths: []
2025-11-14 21:17:40.939 [info] Resolved Python Environment /bin/python
2025-11-14 21:17:40.939 [info] getAllExtraSearchPaths completed. Total unique search directories: 0 Paths: []
2025-11-14 21:17:40.949 [info] Resolved Python Environment /bin/python
2025-11-14 21:17:40.949 [info] getAllExtraSearchPaths completed. Total unique search directories: 0 Paths: []
2025-11-14 21:17:40.958 [info] Resolved Python Environment /bin/python
2025-11-14 21:17:41.995 [info] getAllExtraSearchPaths completed. Total unique search directories: 0 Paths: []
2025-11-14 21:17:42.045 [info] Resolved Python Environment /bin/python
2025-11-14 21:17:42.045 [info] getAllExtraSearchPaths completed. Total unique search directories: 0 Paths: []
2025-11-14 21:17:42.054 [info] Resolved Python Environment /bin/python
2025-11-14 21:17:42.054 [info] getAllExtraSearchPaths completed. Total unique search directories: 0 Paths: []
2025-11-14 21:17:42.064 [info] Resolved Python Environment /bin/python
2025-11-14 21:17:44.599 [info] getAllExtraSearchPaths completed. Total unique search directories: 0 Paths: []
2025-11-14 21:17:44.688 [info] Resolved Python Environment /bin/python
2025-11-14 21:17:44.689 [info] getAllExtraSearchPaths completed. Total unique search directories: 0 Paths: []
2025-11-14 21:17:44.703 [info] Resolved Python Environment /bin/python
2025-11-14 21:17:44.704 [info] getAllExtraSearchPaths completed. Total unique search directories: 0 Paths: []
2025-11-14 21:17:44.713 [info] Resolved Python Environment /bin/python
2025-11-14 21:17:47.130 [info] getAllExtraSearchPaths completed. Total unique search directories: 0 Paths: []
2025-11-14 21:17:47.147 [info] Resolved Python Environment /bin/python
2025-11-14 21:17:47.147 [info] getAllExtraSearchPaths completed. Total unique search directories: 0 Paths: []
2025-11-14 21:17:47.159 [info] Resolved Python Environment /bin/python
2025-11-14 21:17:47.160 [info] getAllExtraSearchPaths completed. Total unique search directories: 0 Paths: []
2025-11-14 21:17:47.171 [info] Resolved Python Environment /bin/python
2025-11-14 21:17:54.333 [info] getAllExtraSearchPaths completed. Total unique search directories: 0 Paths: []
2025-11-14 21:17:54.343 [info] Resolved Python Environment /bin/python
2025-11-14 21:17:54.343 [info] getAllExtraSearchPaths completed. Total unique search directories: 0 Paths: []
2025-11-14 21:17:54.354 [info] Resolved Python Environment /bin/python
2025-11-14 21:17:54.355 [info] getAllExtraSearchPaths completed. Total unique search directories: 0 Paths: []
2025-11-14 21:17:54.369 [info] Resolved Python Environment /bin/python
2025-11-14 21:18:27.536 [info] getAllExtraSearchPaths completed. Total unique search directories: 0 Paths: []
2025-11-14 21:18:27.546 [info] Resolved Python Environment /bin/python
2025-11-14 21:18:27.546 [info] getAllExtraSearchPaths completed. Total unique search directories: 0 Paths: []
2025-11-14 21:18:27.556 [info] Resolved Python Environment /bin/python
2025-11-14 21:18:27.557 [info] getAllExtraSearchPaths completed. Total unique search directories: 0 Paths: []
2025-11-14 21:18:27.565 [info] Resolved Python Environment /bin/python
2025-11-14 21:18:29.654 [info] getAllExtraSearchPaths completed. Total unique search directories: 0 Paths: []
2025-11-14 21:18:29.663 [info] Resolved Python Environment /bin/python
2025-11-14 21:18:29.663 [info] getAllExtraSearchPaths completed. Total unique search directories: 0 Paths: []
2025-11-14 21:18:29.674 [info] Resolved Python Environment /bin/python
2025-11-14 21:18:29.674 [info] getAllExtraSearchPaths completed. Total unique search directories: 0 Paths: []
2025-11-14 21:18:29.685 [info] Resolved Python Environment /bin/python
2025-11-14 21:18:33.987 [info] getAllExtraSearchPaths completed. Total unique search directories: 0 Paths: []
2025-11-14 21:18:33.995 [info] Resolved Python Environment /bin/python
2025-11-14 21:18:33.995 [info] getAllExtraSearchPaths completed. Total unique search directories: 0 Paths: []
2025-11-14 21:18:34.003 [info] Resolved Python Environment /bin/python
2025-11-14 21:18:34.003 [info] getAllExtraSearchPaths completed. Total unique search directories: 0 Paths: []
2025-11-14 21:18:34.012 [info] Resolved Python Environment /bin/python
2025-11-14 22:04:38.678 [info] getAllExtraSearchPaths completed. Total unique search directories: 0 Paths: []
2025-11-14 22:04:38.687 [info] Resolved Python Environment /bin/python
2025-11-14 22:04:38.687 [info] getAllExtraSearchPaths completed. Total unique search directories: 0 Paths: []
2025-11-14 22:04:38.697 [info] Resolved Python Environment /bin/python
2025-11-14 22:04:38.697 [info] getAllExtraSearchPaths completed. Total unique search directories: 0 Paths: []
2025-11-14 22:04:38.706 [info] Resolved Python Environment /bin/python
2025-11-14 22:04:42.979 [info] getAllExtraSearchPaths completed. Total unique search directories: 0 Paths: []
2025-11-14 22:04:42.988 [info] Resolved Python Environment /bin/python
2025-11-14 22:04:42.988 [info] getAllExtraSearchPaths completed. Total unique search directories: 0 Paths: []
2025-11-14 22:04:42.996 [info] Resolved Python Environment /bin/python
2025-11-14 22:04:42.996 [info] getAllExtraSearchPaths completed. Total unique search directories: 0 Paths: []
2025-11-14 22:04:43.004 [info] Resolved Python Environment /bin/python
2025-11-14 22:05:50.440 [info] getAllExtraSearchPaths completed. Total unique search directories: 0 Paths: []
2025-11-14 22:05:50.451 [info] Resolved Python Environment /bin/python
2025-11-14 22:05:50.451 [info] getAllExtraSearchPaths completed. Total unique search directories: 0 Paths: []
2025-11-14 22:05:50.462 [info] Resolved Python Environment /bin/python
2025-11-14 22:05:50.463 [info] getAllExtraSearchPaths completed. Total unique search directories: 0 Paths: []
2025-11-14 22:05:50.471 [info] Resolved Python Environment /bin/python
2025-11-14 22:05:51.298 [info] getAllExtraSearchPaths completed. Total unique search directories: 0 Paths: []
2025-11-14 22:05:51.308 [info] Resolved Python Environment /bin/python
2025-11-14 22:05:51.309 [info] getAllExtraSearchPaths completed. Total unique search directories: 0 Paths: []
2025-11-14 22:05:51.317 [info] Resolved Python Environment /bin/python
2025-11-14 22:05:51.318 [info] getAllExtraSearchPaths completed. Total unique search directories: 0 Paths: []
2025-11-14 22:05:51.329 [info] Resolved Python Environment /bin/python
2025-11-14 22:05:54.223 [info] getAllExtraSearchPaths completed. Total unique search directories: 0 Paths: []
2025-11-14 22:05:54.271 [info] Resolved Python Environment /bin/python
2025-11-14 22:05:54.272 [info] getAllExtraSearchPaths completed. Total unique search directories: 0 Paths: []
2025-11-14 22:05:54.283 [info] Resolved Python Environment /bin/python
2025-11-14 22:05:54.283 [info] getAllExtraSearchPaths completed. Total unique search directories: 0 Paths: []
2025-11-14 22:05:54.293 [info] Resolved Python Environment /bin/python
2025-11-14 22:06:05.235 [info] getAllExtraSearchPaths completed. Total unique search directories: 0 Paths: []
2025-11-14 22:06:05.305 [info] Resolved Python Environment /bin/python
2025-11-14 22:06:05.306 [info] getAllExtraSearchPaths completed. Total unique search directories: 0 Paths: []
2025-11-14 22:06:05.317 [info] Resolved Python Environment /bin/python
2025-11-14 22:06:05.318 [info] getAllExtraSearchPaths completed. Total unique search directories: 0 Paths: []
2025-11-14 22:06:05.326 [info] Resolved Python Environment /bin/python
2025-11-14 22:06:07.982 [info] getAllExtraSearchPaths completed. Total unique search directories: 0 Paths: []
2025-11-14 22:06:07.990 [info] Resolved Python Environment /bin/python
2025-11-14 22:06:07.990 [info] getAllExtraSearchPaths completed. Total unique search directories: 0 Paths: []
2025-11-14 22:06:07.998 [info] Resolved Python Environment /bin/python
2025-11-14 22:06:07.999 [info] getAllExtraSearchPaths completed. Total unique search directories: 0 Paths: []
2025-11-14 22:06:08.009 [info] Resolved Python Environment /bin/python
2025-11-14 22:40:56.088 [info] getAllExtraSearchPaths completed. Total unique search directories: 0 Paths: []
2025-11-14 22:40:56.099 [info] Resolved Python Environment /bin/python
2025-11-14 22:40:56.099 [info] getAllExtraSearchPaths completed. Total unique search directories: 0 Paths: []
2025-11-14 22:40:56.107 [info] Resolved Python Environment /bin/python
2025-11-14 22:40:56.107 [info] getAllExtraSearchPaths completed. Total unique search directories: 0 Paths: []
2025-11-14 22:40:56.117 [info] Resolved Python Environment /bin/python
2025-11-14 22:41:00.385 [info] getAllExtraSearchPaths completed. Total unique search directories: 0 Paths: []
2025-11-14 22:41:00.396 [info] Resolved Python Environment /bin/python
2025-11-14 22:41:00.396 [info] getAllExtraSearchPaths completed. Total unique search directories: 0 Paths: []
2025-11-14 22:41:00.408 [info] Resolved Python Environment /bin/python
2025-11-14 22:41:00.409 [info] getAllExtraSearchPaths completed. Total unique search directories: 0 Paths: []
2025-11-14 22:41:00.419 [info] Resolved Python Environment /bin/python
2025-11-14 22:41:03.491 [info] getAllExtraSearchPaths completed. Total unique search directories: 0 Paths: []
2025-11-14 22:41:03.503 [info] Resolved Python Environment /bin/python
2025-11-14 22:41:03.503 [info] getAllExtraSearchPaths completed. Total unique search directories: 0 Paths: []
2025-11-14 22:41:03.519 [info] Resolved Python Environment /bin/python
2025-11-14 22:41:03.520 [info] getAllExtraSearchPaths completed. Total unique search directories: 0 Paths: []
2025-11-14 22:41:03.528 [info] Resolved Python Environment /bin/python
2025-11-14 22:41:10.083 [info] getAllExtraSearchPaths completed. Total unique search directories: 0 Paths: []
2025-11-14 22:41:10.091 [info] Resolved Python Environment /bin/python
2025-11-14 22:41:10.091 [info] getAllExtraSearchPaths completed. Total unique search directories: 0 Paths: []
2025-11-14 22:41:10.102 [info] Resolved Python Environment /bin/python
2025-11-14 22:41:10.102 [info] getAllExtraSearchPaths completed. Total unique search directories: 0 Paths: []
2025-11-14 22:41:10.110 [info] Resolved Python Environment /bin/python
2025-11-14 22:56:18.655 [info] getAllExtraSearchPaths completed. Total unique search directories: 0 Paths: []
2025-11-14 22:56:18.664 [info] Resolved Python Environment /bin/python
2025-11-14 22:56:18.664 [info] getAllExtraSearchPaths completed. Total unique search directories: 0 Paths: []
2025-11-14 22:56:18.672 [info] Resolved Python Environment /bin/python
2025-11-14 22:56:18.672 [info] getAllExtraSearchPaths completed. Total unique search directories: 0 Paths: []
2025-11-14 22:56:18.680 [info] Resolved Python Environment /bin/python
2025-11-14 22:56:22.793 [info] getAllExtraSearchPaths completed. Total unique search directories: 0 Paths: []
2025-11-14 22:56:22.836 [info] Resolved Python Environment /bin/python
2025-11-14 22:56:22.836 [info] getAllExtraSearchPaths completed. Total unique search directories: 0 Paths: []
2025-11-14 22:56:22.844 [info] Resolved Python Environment /bin/python
2025-11-14 22:56:22.844 [info] getAllExtraSearchPaths completed. Total unique search directories: 0 Paths: []
2025-11-14 22:56:22.852 [info] Resolved Python Environment /bin/python
2025-11-14 22:56:39.722 [info] getAllExtraSearchPaths completed. Total unique search directories: 0 Paths: []
2025-11-14 22:56:39.730 [info] Resolved Python Environment /bin/python
2025-11-14 22:56:39.730 [info] getAllExtraSearchPaths completed. Total unique search directories: 0 Paths: []
2025-11-14 22:56:39.775 [info] Resolved Python Environment /bin/python
2025-11-14 22:56:39.775 [info] getAllExtraSearchPaths completed. Total unique search directories: 0 Paths: []
2025-11-14 22:56:39.793 [info] Resolved Python Environment /bin/python
2025-11-14 22:56:41.361 [info] getAllExtraSearchPaths completed. Total unique search directories: 0 Paths: []
2025-11-14 22:56:41.370 [info] Resolved Python Environment /bin/python
2025-11-14 22:56:41.370 [info] getAllExtraSearchPaths completed. Total unique search directories: 0 Paths: []
2025-11-14 22:56:41.378 [info] Resolved Python Environment /bin/python
2025-11-14 22:56:41.378 [info] getAllExtraSearchPaths completed. Total unique search directories: 0 Paths: []
2025-11-14 22:56:41.385 [info] Resolved Python Environment /bin/python
2025-11-14 23:20:01.595 [info] getAllExtraSearchPaths completed. Total unique search directories: 0 Paths: []
2025-11-14 23:20:01.604 [info] Resolved Python Environment /bin/python
2025-11-14 23:20:01.604 [info] getAllExtraSearchPaths completed. Total unique search directories: 0 Paths: []
2025-11-14 23:20:01.612 [info] Resolved Python Environment /bin/python
2025-11-14 23:20:01.612 [info] getAllExtraSearchPaths completed. Total unique search directories: 0 Paths: []
2025-11-14 23:20:01.620 [info] Resolved Python Environment /bin/python
