2025-08-02 18:51:18.095 [info] [main] Log level: Info
2025-08-02 18:51:18.095 [info] [main] Validating found git in: "git"
2025-08-02 18:51:18.095 [info] [main] Using git "2.50.1" from "git"
2025-08-02 18:51:18.095 [info] [Model][doInitialScan] Initial repository scan started
2025-08-02 18:51:18.095 [info] > git rev-parse --show-toplevel [12ms]
2025-08-02 18:51:18.095 [info] fatal: not a git repository (or any parent up to mount point /)
Stopping at filesystem boundary (GIT_DISCOVERY_ACROSS_FILESYSTEM not set).
2025-08-02 18:51:18.095 [info] > git rev-parse --show-toplevel [5ms]
2025-08-02 18:51:18.095 [info] fatal: not a git repository (or any parent up to mount point /)
Stopping at filesystem boundary (GIT_DISCOVERY_ACROSS_FILESYSTEM not set).
2025-08-02 18:51:18.095 [info] [Model][doInitialScan] Initial repository scan completed - repositories (0), closed repositories (0), parent repositories (0), unsafe repositories (0)
2025-08-02 18:51:20.631 [info] > git rev-parse --show-toplevel [1ms]
2025-08-02 18:51:20.631 [info] fatal: not a git repository (or any parent up to mount point /)
Stopping at filesystem boundary (GIT_DISCOVERY_ACROSS_FILESYSTEM not set).
2025-08-02 18:51:20.939 [info] > git rev-parse --show-toplevel [1ms]
2025-08-02 18:51:20.939 [info] fatal: not a git repository (or any parent up to mount point /)
Stopping at filesystem boundary (GIT_DISCOVERY_ACROSS_FILESYSTEM not set).
2025-08-02 18:53:00.013 [info] > git rev-parse --show-toplevel [5ms]
2025-08-02 18:53:00.013 [info] fatal: not a git repository (or any parent up to mount point /)
Stopping at filesystem boundary (GIT_DISCOVERY_ACROSS_FILESYSTEM not set).
2025-08-02 18:53:03.817 [info] > git rev-parse --show-toplevel [1ms]
2025-08-02 18:53:03.817 [info] fatal: not a git repository (or any parent up to mount point /)
Stopping at filesystem boundary (GIT_DISCOVERY_ACROSS_FILESYSTEM not set).
2025-08-02 18:53:10.167 [info] > git rev-parse --show-toplevel [1ms]
2025-08-02 18:53:10.167 [info] fatal: not a git repository (or any parent up to mount point /)
Stopping at filesystem boundary (GIT_DISCOVERY_ACROSS_FILESYSTEM not set).
2025-08-02 18:53:22.868 [info] > git rev-parse --show-toplevel [1ms]
2025-08-02 18:53:22.868 [info] fatal: not a git repository (or any parent up to mount point /)
Stopping at filesystem boundary (GIT_DISCOVERY_ACROSS_FILESYSTEM not set).
2025-08-02 18:53:24.177 [info] > git rev-parse --show-toplevel [1ms]
2025-08-02 18:53:24.177 [info] fatal: not a git repository (or any parent up to mount point /)
Stopping at filesystem boundary (GIT_DISCOVERY_ACROSS_FILESYSTEM not set).
2025-08-02 18:53:24.705 [info] > git rev-parse --show-toplevel [1ms]
2025-08-02 18:53:24.705 [info] fatal: not a git repository (or any parent up to mount point /)
Stopping at filesystem boundary (GIT_DISCOVERY_ACROSS_FILESYSTEM not set).
2025-08-02 18:53:29.494 [info] > git rev-parse --show-toplevel [2ms]
2025-08-02 18:53:29.494 [info] fatal: not a git repository (or any parent up to mount point /)
Stopping at filesystem boundary (GIT_DISCOVERY_ACROSS_FILESYSTEM not set).
2025-08-02 18:53:37.525 [info] > git rev-parse --show-toplevel [3ms]
2025-08-02 18:53:37.525 [info] fatal: not a git repository (or any parent up to mount point /)
Stopping at filesystem boundary (GIT_DISCOVERY_ACROSS_FILESYSTEM not set).
2025-08-02 18:53:37.907 [info] > git rev-parse --show-toplevel [1ms]
2025-08-02 18:53:37.907 [info] fatal: not a git repository (or any parent up to mount point /)
Stopping at filesystem boundary (GIT_DISCOVERY_ACROSS_FILESYSTEM not set).
2025-08-02 18:53:40.457 [info] > git rev-parse --show-toplevel [1ms]
2025-08-02 18:53:40.457 [info] fatal: not a git repository (or any parent up to mount point /)
Stopping at filesystem boundary (GIT_DISCOVERY_ACROSS_FILESYSTEM not set).
2025-08-02 18:53:48.309 [info] > git rev-parse --show-toplevel [1ms]
2025-08-02 18:53:48.309 [info] fatal: not a git repository (or any parent up to mount point /)
Stopping at filesystem boundary (GIT_DISCOVERY_ACROSS_FILESYSTEM not set).
2025-08-02 18:53:54.949 [info] > git rev-parse --show-toplevel [2ms]
2025-08-02 18:53:54.949 [info] fatal: not a git repository (or any parent up to mount point /)
Stopping at filesystem boundary (GIT_DISCOVERY_ACROSS_FILESYSTEM not set).
2025-08-02 18:54:13.086 [info] > git rev-parse --show-toplevel [1ms]
2025-08-02 18:54:13.086 [info] fatal: not a git repository (or any parent up to mount point /)
Stopping at filesystem boundary (GIT_DISCOVERY_ACROSS_FILESYSTEM not set).
2025-08-02 18:54:24.858 [info] > git rev-parse --show-toplevel [1ms]
2025-08-02 18:54:24.858 [info] fatal: not a git repository (or any parent up to mount point /)
Stopping at filesystem boundary (GIT_DISCOVERY_ACROSS_FILESYSTEM not set).
2025-08-02 18:54:32.004 [info] > git rev-parse --show-toplevel [1ms]
2025-08-02 18:54:32.004 [info] fatal: not a git repository (or any parent up to mount point /)
Stopping at filesystem boundary (GIT_DISCOVERY_ACROSS_FILESYSTEM not set).
2025-08-02 18:54:39.273 [info] > git rev-parse --show-toplevel [1ms]
2025-08-02 18:54:39.273 [info] fatal: not a git repository (or any parent up to mount point /)
Stopping at filesystem boundary (GIT_DISCOVERY_ACROSS_FILESYSTEM not set).
2025-08-02 18:54:39.704 [info] > git rev-parse --show-toplevel [1ms]
2025-08-02 18:54:39.704 [info] fatal: not a git repository (or any parent up to mount point /)
Stopping at filesystem boundary (GIT_DISCOVERY_ACROSS_FILESYSTEM not set).
2025-08-02 18:55:01.190 [info] > git rev-parse --show-toplevel [1ms]
2025-08-02 18:55:01.190 [info] fatal: not a git repository (or any parent up to mount point /)
Stopping at filesystem boundary (GIT_DISCOVERY_ACROSS_FILESYSTEM not set).
2025-08-02 19:07:24.886 [info] > git rev-parse --show-toplevel [1ms]
2025-08-02 19:07:24.886 [info] fatal: not a git repository (or any parent up to mount point /)
Stopping at filesystem boundary (GIT_DISCOVERY_ACROSS_FILESYSTEM not set).
2025-08-02 19:07:26.658 [info] > git rev-parse --show-toplevel [1ms]
2025-08-02 19:07:26.658 [info] fatal: not a git repository (or any parent up to mount point /)
Stopping at filesystem boundary (GIT_DISCOVERY_ACROSS_FILESYSTEM not set).
2025-08-02 19:07:54.307 [info] > git rev-parse --show-toplevel [2ms]
2025-08-02 19:07:54.307 [info] fatal: not a git repository (or any parent up to mount point /)
Stopping at filesystem boundary (GIT_DISCOVERY_ACROSS_FILESYSTEM not set).
2025-08-02 19:08:48.158 [info] > git rev-parse --show-toplevel [1ms]
2025-08-02 19:08:48.158 [info] fatal: not a git repository (or any parent up to mount point /)
Stopping at filesystem boundary (GIT_DISCOVERY_ACROSS_FILESYSTEM not set).
2025-08-02 19:08:55.489 [info] > git rev-parse --show-toplevel [1ms]
2025-08-02 19:08:55.490 [info] fatal: not a git repository (or any parent up to mount point /)
Stopping at filesystem boundary (GIT_DISCOVERY_ACROSS_FILESYSTEM not set).
2025-08-02 19:08:56.611 [info] > git rev-parse --show-toplevel [2ms]
2025-08-02 19:08:56.611 [info] fatal: not a git repository (or any parent up to mount point /)
Stopping at filesystem boundary (GIT_DISCOVERY_ACROSS_FILESYSTEM not set).
2025-08-02 19:08:57.818 [info] > git rev-parse --show-toplevel [2ms]
2025-08-02 19:08:57.818 [info] fatal: not a git repository (or any parent up to mount point /)
Stopping at filesystem boundary (GIT_DISCOVERY_ACROSS_FILESYSTEM not set).
2025-08-02 19:08:59.658 [info] > git rev-parse --show-toplevel [2ms]
2025-08-02 19:08:59.658 [info] fatal: not a git repository (or any parent up to mount point /)
Stopping at filesystem boundary (GIT_DISCOVERY_ACROSS_FILESYSTEM not set).
2025-08-02 19:09:00.010 [info] > git rev-parse --show-toplevel [1ms]
2025-08-02 19:09:00.010 [info] fatal: not a git repository (or any parent up to mount point /)
Stopping at filesystem boundary (GIT_DISCOVERY_ACROSS_FILESYSTEM not set).
2025-08-02 19:09:05.674 [info] > git rev-parse --show-toplevel [2ms]
2025-08-02 19:09:05.674 [info] fatal: not a git repository (or any parent up to mount point /)
Stopping at filesystem boundary (GIT_DISCOVERY_ACROSS_FILESYSTEM not set).
2025-08-02 19:09:32.169 [info] > git rev-parse --show-toplevel [1ms]
2025-08-02 19:09:32.169 [info] fatal: not a git repository (or any parent up to mount point /)
Stopping at filesystem boundary (GIT_DISCOVERY_ACROSS_FILESYSTEM not set).
2025-08-02 19:09:32.735 [info] > git rev-parse --show-toplevel [1ms]
2025-08-02 19:09:32.735 [info] fatal: not a git repository (or any parent up to mount point /)
Stopping at filesystem boundary (GIT_DISCOVERY_ACROSS_FILESYSTEM not set).
2025-08-02 19:09:33.590 [info] > git rev-parse --show-toplevel [1ms]
2025-08-02 19:09:33.590 [info] fatal: not a git repository (or any parent up to mount point /)
Stopping at filesystem boundary (GIT_DISCOVERY_ACROSS_FILESYSTEM not set).
2025-08-02 19:09:34.135 [info] > git rev-parse --show-toplevel [1ms]
2025-08-02 19:09:34.135 [info] fatal: not a git repository (or any parent up to mount point /)
Stopping at filesystem boundary (GIT_DISCOVERY_ACROSS_FILESYSTEM not set).
2025-08-02 19:09:34.722 [info] > git rev-parse --show-toplevel [1ms]
2025-08-02 19:09:34.722 [info] fatal: not a git repository (or any parent up to mount point /)
Stopping at filesystem boundary (GIT_DISCOVERY_ACROSS_FILESYSTEM not set).
2025-08-02 19:09:35.090 [info] > git rev-parse --show-toplevel [1ms]
2025-08-02 19:09:35.090 [info] fatal: not a git repository (or any parent up to mount point /)
Stopping at filesystem boundary (GIT_DISCOVERY_ACROSS_FILESYSTEM not set).
2025-08-02 19:09:35.609 [info] > git rev-parse --show-toplevel [1ms]
2025-08-02 19:09:35.609 [info] fatal: not a git repository (or any parent up to mount point /)
Stopping at filesystem boundary (GIT_DISCOVERY_ACROSS_FILESYSTEM not set).
2025-08-02 19:09:36.132 [info] > git rev-parse --show-toplevel [1ms]
2025-08-02 19:09:36.132 [info] fatal: not a git repository (or any parent up to mount point /)
Stopping at filesystem boundary (GIT_DISCOVERY_ACROSS_FILESYSTEM not set).
2025-08-02 19:09:36.861 [info] > git rev-parse --show-toplevel [1ms]
2025-08-02 19:09:36.861 [info] fatal: not a git repository (or any parent up to mount point /)
Stopping at filesystem boundary (GIT_DISCOVERY_ACROSS_FILESYSTEM not set).
2025-08-02 19:09:49.599 [info] > git rev-parse --show-toplevel [1ms]
2025-08-02 19:09:49.599 [info] fatal: not a git repository (or any parent up to mount point /)
Stopping at filesystem boundary (GIT_DISCOVERY_ACROSS_FILESYSTEM not set).
2025-08-02 19:10:05.250 [info] > git rev-parse --show-toplevel [1ms]
2025-08-02 19:10:05.250 [info] fatal: not a git repository (or any parent up to mount point /)
Stopping at filesystem boundary (GIT_DISCOVERY_ACROSS_FILESYSTEM not set).
2025-08-02 19:10:06.707 [info] > git rev-parse --show-toplevel [1ms]
2025-08-02 19:10:06.707 [info] fatal: not a git repository (or any parent up to mount point /)
Stopping at filesystem boundary (GIT_DISCOVERY_ACROSS_FILESYSTEM not set).
2025-08-02 19:10:11.804 [info] > git rev-parse --show-toplevel [1ms]
2025-08-02 19:10:11.804 [info] fatal: not a git repository (or any parent up to mount point /)
Stopping at filesystem boundary (GIT_DISCOVERY_ACROSS_FILESYSTEM not set).
2025-08-02 19:10:14.074 [info] > git rev-parse --show-toplevel [1ms]
2025-08-02 19:10:14.074 [info] fatal: not a git repository (or any parent up to mount point /)
Stopping at filesystem boundary (GIT_DISCOVERY_ACROSS_FILESYSTEM not set).
