2025-11-28 23:36:20.063 [info] [main] Log level: Info
2025-11-28 23:36:20.063 [info] [main] Validating found git in: "git"
2025-11-28 23:36:20.063 [info] [main] Using git "2.52.0" from "git"
2025-11-28 23:36:20.063 [info] [Model][doInitialScan] Initial repository scan started
2025-11-28 23:36:20.063 [info] > git rev-parse --show-toplevel [18ms]
2025-11-28 23:36:20.063 [info] [Model][doInitialScan] Initial repository scan completed - repositories (0), closed repositories (0), parent repositories (1), unsafe repositories (0)
2025-11-28 23:36:43.688 [info] [main] Log level: Info
2025-11-28 23:36:43.688 [info] [main] Validating found git in: "git"
2025-11-28 23:36:43.688 [info] [main] Using git "2.52.0" from "git"
2025-11-28 23:36:43.688 [info] [Model][doInitialScan] Initial repository scan started
2025-11-28 23:36:43.688 [info] > git rev-parse --show-toplevel [9ms]
2025-11-28 23:36:43.697 [info] > git rev-parse --git-dir --git-common-dir --show-superproject-working-tree [3ms]
2025-11-28 23:36:43.710 [info] [Model][openRepository] Opened repository (path): /home/user/repos/weather_predictor
2025-11-28 23:36:43.710 [info] [Model][openRepository] Opened repository (real path): /home/user/repos/weather_predictor
2025-11-28 23:36:43.710 [info] [Model][openRepository] Opened repository (kind): repository
2025-11-28 23:36:43.726 [info] > git rev-parse --show-toplevel [3ms]
2025-11-28 23:36:43.727 [info] > git config --get commit.template [8ms]
2025-11-28 23:36:43.774 [info] > git rev-parse --show-toplevel [39ms]
2025-11-28 23:36:43.782 [info] > git for-each-ref --format=%(refname)%00%(upstream:short)%00%(objectname)%00%(upstream:track)%00%(upstream:remotename)%00%(upstream:remoteref) refs/heads/main refs/remotes/main [40ms]
2025-11-28 23:36:43.813 [info] > git status -z -uall [23ms]
2025-11-28 23:36:43.814 [info] > git for-each-ref --sort -committerdate --format %(refname)%00%(objectname)%00%(*objectname) [17ms]
2025-11-28 23:36:43.838 [info] > git rev-parse --show-toplevel [57ms]
2025-11-28 23:36:43.851 [info] > git for-each-ref --format=%(refname)%00%(upstream:short)%00%(objectname)%00%(upstream:track)%00%(upstream:remotename)%00%(upstream:remoteref) refs/heads/main refs/remotes/main [15ms]
2025-11-28 23:36:43.988 [info] > git config --get --local branch.main.vscode-merge-base [130ms]
2025-11-28 23:36:43.988 [warning] [Git][config] git config failed: Failed to execute git
2025-11-28 23:36:43.993 [info] > git rev-parse --show-toplevel [143ms]
2025-11-28 23:36:43.995 [info] [Model][doInitialScan] Initial repository scan completed - repositories (1), closed repositories (0), parent repositories (0), unsafe repositories (0)
2025-11-28 23:36:43.996 [info] > git config --get commit.template [151ms]
2025-11-28 23:36:44.027 [info] > git reflog main --grep-reflog=branch: Created from *. [34ms]
2025-11-28 23:36:44.053 [info] > git reflog HEAD --grep-reflog=checkout: moving from .* to main [20ms]
2025-11-28 23:36:44.061 [info] > git for-each-ref --format=%(refname)%00%(upstream:short)%00%(objectname)%00%(upstream:track)%00%(upstream:remotename)%00%(upstream:remoteref) refs/heads/dev refs/remotes/dev [2ms]
2025-11-28 23:36:44.067 [info] > git for-each-ref --format=%(refname)%00%(upstream:short)%00%(objectname)%00%(upstream:track)%00%(upstream:remotename)%00%(upstream:remoteref) refs/heads/main refs/remotes/main [16ms]
2025-11-28 23:36:44.079 [info] > git status -z -uall [7ms]
2025-11-28 23:36:44.080 [info] > git symbolic-ref --short refs/remotes/origin/HEAD [13ms]
2025-11-28 23:36:44.080 [info] fatal: ref refs/remotes/origin/HEAD is not a symbolic ref
2025-11-28 23:36:44.080 [warning] [Repository][getDefaultBranch] Failed to get default branch details: Failed to execute git.
2025-11-28 23:36:44.083 [info] > git for-each-ref --sort -committerdate --format %(refname)%00%(objectname)%00%(*objectname) [5ms]
2025-11-28 23:36:44.291 [info] > git check-ignore -v -z --stdin [19ms]
2025-11-28 23:36:48.783 [info] > git check-ignore -v -z --stdin [0ms]
2025-11-28 23:36:49.561 [info] > git check-ignore -v -z --stdin [1ms]
2025-11-28 23:36:56.103 [info] > git ls-files --stage -- main.py [12ms]
2025-11-28 23:36:56.112 [info] > git show --textconv :main.py [27ms]
2025-11-28 23:36:56.112 [info] > git cat-file -s 646f542997518dc883ede2491b884a47f33d5b65 [2ms]
2025-11-28 23:36:56.477 [info] > git blame --root --incremental faa9375c5abf291c9e554e403a66c4828a1a0eab -- main.py [60ms]
2025-11-28 23:36:59.266 [info] > git show --textconv :back/assistant/assistant.py [11ms]
2025-11-28 23:36:59.267 [info] > git ls-files --stage -- back/assistant/assistant.py [2ms]
2025-11-28 23:36:59.276 [info] > git cat-file -s 09be32db1e38afa627068d397fb27feb851afc93 [1ms]
2025-11-28 23:36:59.317 [info] > git blame --root --incremental faa9375c5abf291c9e554e403a66c4828a1a0eab -- back/assistant/assistant.py [14ms]
2025-11-28 23:36:59.522 [info] > git check-ignore -v -z --stdin [1ms]
2025-11-28 23:37:09.193 [info] > git show --textconv :main.py [10ms]
2025-11-28 23:37:09.196 [info] > git ls-files --stage -- main.py [4ms]
2025-11-28 23:37:09.206 [info] > git cat-file -s 646f542997518dc883ede2491b884a47f33d5b65 [2ms]
2025-11-28 23:37:09.622 [info] > git config --get commit.template [8ms]
2025-11-28 23:37:09.622 [info] > git for-each-ref --format=%(refname)%00%(upstream:short)%00%(objectname)%00%(upstream:track)%00%(upstream:remotename)%00%(upstream:remoteref) refs/heads/main refs/remotes/main [1ms]
2025-11-28 23:37:09.640 [info] > git status -z -uall [12ms]
2025-11-28 23:37:09.644 [info] > git for-each-ref --sort -committerdate --format %(refname)%00%(objectname)%00%(*objectname) [4ms]
2025-11-28 23:37:14.706 [info] > git config --get commit.template [8ms]
2025-11-28 23:37:14.706 [info] > git for-each-ref --format=%(refname)%00%(upstream:short)%00%(objectname)%00%(upstream:track)%00%(upstream:remotename)%00%(upstream:remoteref) refs/heads/main refs/remotes/main [1ms]
2025-11-28 23:37:14.721 [info] > git status -z -uall [8ms]
2025-11-28 23:37:14.723 [info] > git for-each-ref --sort -committerdate --format %(refname)%00%(objectname)%00%(*objectname) [3ms]
2025-11-28 23:37:32.507 [info] > git check-ignore -v -z --stdin [1ms]
2025-11-28 23:37:36.498 [info] > git config --get commit.template [2ms]
2025-11-28 23:37:36.507 [info] > git for-each-ref --format=%(refname)%00%(upstream:short)%00%(objectname)%00%(upstream:track)%00%(upstream:remotename)%00%(upstream:remoteref) refs/heads/main refs/remotes/main [2ms]
2025-11-28 23:37:36.518 [info] > git status -z -uall [6ms]
2025-11-28 23:37:36.519 [info] > git for-each-ref --sort -committerdate --format %(refname)%00%(objectname)%00%(*objectname) [1ms]
2025-11-28 23:37:36.835 [info] > git show --textconv HEAD:main.py [6ms]
2025-11-28 23:37:36.836 [info] > git ls-tree -l HEAD -- main.py [1ms]
2025-11-28 23:37:37.559 [info] > git config --get commit.template [1ms]
2025-11-28 23:37:37.567 [info] > git for-each-ref --format=%(refname)%00%(upstream:short)%00%(objectname)%00%(upstream:track)%00%(upstream:remotename)%00%(upstream:remoteref) refs/heads/main refs/remotes/main [1ms]
2025-11-28 23:37:37.580 [info] > git status -z -uall [8ms]
2025-11-28 23:37:37.581 [info] > git for-each-ref --sort -committerdate --format %(refname)%00%(objectname)%00%(*objectname) [2ms]
2025-11-28 23:37:37.671 [info] > git ls-files --stage -- main.py [7ms]
2025-11-28 23:37:37.677 [info] > git ls-tree -l HEAD -- main.py [7ms]
2025-11-28 23:37:37.678 [info] > git cat-file -s 84c7bd186f6c98c3fc3f2e3af082fbb4fb566ece [1ms]
2025-11-28 23:37:37.691 [info] > git show --textconv HEAD:main.py [7ms]
2025-11-28 23:37:37.691 [info] > git show --textconv :main.py [1ms]
2025-11-28 23:37:52.089 [info] > git config --get commit.template [8ms]
2025-11-28 23:37:52.090 [info] > git for-each-ref --format=%(refname)%00%(upstream:short)%00%(objectname)%00%(upstream:track)%00%(upstream:remotename)%00%(upstream:remoteref) refs/heads/main refs/remotes/main [2ms]
2025-11-28 23:37:52.104 [info] > git status -z -uall [8ms]
2025-11-28 23:37:52.105 [info] > git for-each-ref --sort -committerdate --format %(refname)%00%(objectname)%00%(*objectname) [2ms]
2025-11-28 23:37:52.123 [info] > git blame --root --incremental a579a5db1c9633f27b2dfb1a7d27cf65748bb03e -- main.py [9ms]
2025-11-28 23:37:53.142 [info] > git config --get commit.template [6ms]
2025-11-28 23:37:53.142 [info] > git for-each-ref --format=%(refname)%00%(upstream:short)%00%(objectname)%00%(upstream:track)%00%(upstream:remotename)%00%(upstream:remoteref) refs/heads/main refs/remotes/main [1ms]
2025-11-28 23:37:53.154 [info] > git status -z -uall [6ms]
2025-11-28 23:37:53.154 [info] > git for-each-ref --sort -committerdate --format %(refname)%00%(objectname)%00%(*objectname) [1ms]
2025-11-28 23:37:53.243 [info] > git ls-files --stage -- main.py [2ms]
2025-11-28 23:37:53.250 [info] > git cat-file -s 84c7bd186f6c98c3fc3f2e3af082fbb4fb566ece [1ms]
2025-11-28 23:37:53.258 [info] > git show --textconv :main.py [1ms]
2025-11-28 23:38:02.397 [info] > git config --get commit.template [2ms]
2025-11-28 23:38:02.405 [info] > git for-each-ref --format=%(refname)%00%(upstream:short)%00%(objectname)%00%(upstream:track)%00%(upstream:remotename)%00%(upstream:remoteref) refs/heads/main refs/remotes/main [1ms]
2025-11-28 23:38:02.423 [info] > git status -z -uall [11ms]
2025-11-28 23:38:02.424 [info] > git for-each-ref --sort -committerdate --format %(refname)%00%(objectname)%00%(*objectname) [5ms]
