2025-12-07 13:00:28.110 [info] [main] Log level: Info
2025-12-07 13:00:28.110 [info] [main] Validating found git in: "git"
2025-12-07 13:00:28.110 [info] [main] Using git "2.52.0" from "git"
2025-12-07 13:00:28.110 [info] [Model][doInitialScan] Initial repository scan started
2025-12-07 13:00:28.110 [info] > git rev-parse --show-toplevel [10ms]
2025-12-07 13:00:28.110 [info] > git rev-parse --git-dir --git-common-dir --show-superproject-working-tree [57ms]
2025-12-07 13:00:28.110 [info] [Model][openRepository] Opened repository (path): /home/user/repos/homelab
2025-12-07 13:00:28.110 [info] [Model][openRepository] Opened repository (real path): /home/user/repos/homelab
2025-12-07 13:00:28.110 [info] [Model][openRepository] Opened repository (kind): repository
2025-12-07 13:00:28.112 [info] > git rev-parse --show-toplevel [162ms]
2025-12-07 13:00:28.112 [info] > git config --get commit.template [169ms]
2025-12-07 13:00:28.197 [info] > git rev-parse --show-toplevel [50ms]
2025-12-07 13:00:28.224 [info] > git for-each-ref --format=%(refname)%00%(upstream:short)%00%(objectname)%00%(upstream:track)%00%(upstream:remotename)%00%(upstream:remoteref) refs/heads/main refs/remotes/main [47ms]
2025-12-07 13:00:28.235 [info] > git rev-parse --show-toplevel [24ms]
2025-12-07 13:00:28.278 [info] > git rev-parse --show-toplevel [27ms]
2025-12-07 13:00:28.298 [info] > git status -z -uall [29ms]
2025-12-07 13:00:28.298 [info] > git for-each-ref --sort -committerdate --format %(refname)%00%(objectname)%00%(*objectname) [21ms]
2025-12-07 13:00:28.311 [info] > git rev-parse --show-toplevel [20ms]
2025-12-07 13:00:28.399 [info] > git for-each-ref --format=%(refname)%00%(upstream:short)%00%(objectname)%00%(upstream:track)%00%(upstream:remotename)%00%(upstream:remoteref) refs/heads/main refs/remotes/main [26ms]
2025-12-07 13:00:28.420 [info] > git config --get --local branch.main.vscode-merge-base [12ms]
2025-12-07 13:00:28.427 [info] > git config --get commit.template [31ms]
2025-12-07 13:00:28.427 [info] > git rev-parse --show-toplevel [40ms]
2025-12-07 13:00:28.428 [info] [Model][doInitialScan] Initial repository scan completed - repositories (1), closed repositories (0), parent repositories (0), unsafe repositories (0)
2025-12-07 13:00:28.432 [info] > git for-each-ref --format=%(refname)%00%(upstream:short)%00%(objectname)%00%(upstream:track)%00%(upstream:remotename)%00%(upstream:remoteref) refs/heads/origin/main refs/remotes/origin/main [6ms]
2025-12-07 13:00:28.461 [info] > git show --textconv :status_collector/main.py [10ms]
2025-12-07 13:00:28.462 [info] > git for-each-ref --format=%(refname)%00%(upstream:short)%00%(objectname)%00%(upstream:track)%00%(upstream:remotename)%00%(upstream:remoteref) refs/heads/main refs/remotes/main [18ms]
2025-12-07 13:00:28.462 [info] > git merge-base refs/heads/main refs/remotes/origin/main [24ms]
2025-12-07 13:00:28.477 [info] > git ls-files --stage -- status_collector/main.py [20ms]
2025-12-07 13:00:28.486 [info] > git cat-file -s 917615ff7c504d423473d48b2512c04f9a41972a [4ms]
2025-12-07 13:00:28.486 [info] > git diff --name-status -z --diff-filter=ADMR --find-renames=50% d90a58a347dd02839f4741fccdcfc550246cc374...refs/remotes/origin/main -- [17ms]
2025-12-07 13:00:28.758 [info] > git check-ignore -v -z --stdin [94ms]
2025-12-07 13:00:28.759 [info] > git status -z -uall [88ms]
2025-12-07 13:00:28.759 [info] > git for-each-ref --sort -committerdate --format %(refname)%00%(objectname)%00%(*objectname) [83ms]
2025-12-07 13:00:28.987 [info] > git blame --root --incremental d90a58a347dd02839f4741fccdcfc550246cc374 -- status_collector/main.py [12ms]
2025-12-07 13:01:20.279 [info] > git config --get commit.template [5ms]
2025-12-07 13:01:20.280 [info] > git for-each-ref --format=%(refname)%00%(upstream:short)%00%(objectname)%00%(upstream:track)%00%(upstream:remotename)%00%(upstream:remoteref) refs/heads/main refs/remotes/main [1ms]
2025-12-07 13:01:20.290 [info] > git status -z -uall [6ms]
2025-12-07 13:01:20.291 [info] > git for-each-ref --sort -committerdate --format %(refname)%00%(objectname)%00%(*objectname) [2ms]
2025-12-07 13:01:29.431 [info] > git config --get commit.template [5ms]
2025-12-07 13:01:29.432 [info] > git for-each-ref --format=%(refname)%00%(upstream:short)%00%(objectname)%00%(upstream:track)%00%(upstream:remotename)%00%(upstream:remoteref) refs/heads/main refs/remotes/main [1ms]
2025-12-07 13:01:29.442 [info] > git status -z -uall [5ms]
2025-12-07 13:01:29.443 [info] > git for-each-ref --sort -committerdate --format %(refname)%00%(objectname)%00%(*objectname) [1ms]
2025-12-07 13:05:02.940 [info] > git config --get commit.template [7ms]
2025-12-07 13:05:02.941 [info] > git for-each-ref --format=%(refname)%00%(upstream:short)%00%(objectname)%00%(upstream:track)%00%(upstream:remotename)%00%(upstream:remoteref) refs/heads/main refs/remotes/main [2ms]
2025-12-07 13:05:02.951 [info] > git status -z -uall [5ms]
2025-12-07 13:05:02.952 [info] > git for-each-ref --sort -committerdate --format %(refname)%00%(objectname)%00%(*objectname) [1ms]
2025-12-07 13:07:07.895 [info] > git config --get commit.template [6ms]
2025-12-07 13:07:07.896 [info] > git for-each-ref --format=%(refname)%00%(upstream:short)%00%(objectname)%00%(upstream:track)%00%(upstream:remotename)%00%(upstream:remoteref) refs/heads/main refs/remotes/main [2ms]
2025-12-07 13:07:07.905 [info] > git status -z -uall [5ms]
2025-12-07 13:07:07.906 [info] > git for-each-ref --sort -committerdate --format %(refname)%00%(objectname)%00%(*objectname) [1ms]
2025-12-07 13:07:51.965 [info] > git config --get commit.template [1ms]
2025-12-07 13:07:51.971 [info] > git for-each-ref --format=%(refname)%00%(upstream:short)%00%(objectname)%00%(upstream:track)%00%(upstream:remotename)%00%(upstream:remoteref) refs/heads/main refs/remotes/main [1ms]
2025-12-07 13:07:51.981 [info] > git status -z -uall [5ms]
2025-12-07 13:07:51.982 [info] > git for-each-ref --sort -committerdate --format %(refname)%00%(objectname)%00%(*objectname) [1ms]
2025-12-07 13:08:11.305 [info] > git config --get commit.template [5ms]
2025-12-07 13:08:11.306 [info] > git for-each-ref --format=%(refname)%00%(upstream:short)%00%(objectname)%00%(upstream:track)%00%(upstream:remotename)%00%(upstream:remoteref) refs/heads/main refs/remotes/main [1ms]
2025-12-07 13:08:11.319 [info] > git status -z -uall [7ms]
2025-12-07 13:08:11.320 [info] > git for-each-ref --sort -committerdate --format %(refname)%00%(objectname)%00%(*objectname) [2ms]
2025-12-07 13:12:41.142 [info] > git config --get commit.template [6ms]
2025-12-07 13:12:41.143 [info] > git for-each-ref --format=%(refname)%00%(upstream:short)%00%(objectname)%00%(upstream:track)%00%(upstream:remotename)%00%(upstream:remoteref) refs/heads/main refs/remotes/main [1ms]
2025-12-07 13:12:41.155 [info] > git status -z -uall [6ms]
2025-12-07 13:12:41.156 [info] > git for-each-ref --sort -committerdate --format %(refname)%00%(objectname)%00%(*objectname) [2ms]
2025-12-07 13:13:39.655 [info] > git config --get commit.template [7ms]
2025-12-07 13:13:39.656 [info] > git for-each-ref --format=%(refname)%00%(upstream:short)%00%(objectname)%00%(upstream:track)%00%(upstream:remotename)%00%(upstream:remoteref) refs/heads/main refs/remotes/main [2ms]
2025-12-07 13:13:39.669 [info] > git status -z -uall [7ms]
2025-12-07 13:13:39.670 [info] > git for-each-ref --sort -committerdate --format %(refname)%00%(objectname)%00%(*objectname) [2ms]
2025-12-07 13:15:46.039 [info] > git config --get commit.template [7ms]
2025-12-07 13:15:46.039 [info] > git for-each-ref --format=%(refname)%00%(upstream:short)%00%(objectname)%00%(upstream:track)%00%(upstream:remotename)%00%(upstream:remoteref) refs/heads/main refs/remotes/main [1ms]
2025-12-07 13:15:46.052 [info] > git status -z -uall [7ms]
2025-12-07 13:15:46.053 [info] > git for-each-ref --sort -committerdate --format %(refname)%00%(objectname)%00%(*objectname) [2ms]
2025-12-07 13:18:58.074 [info] > git config --get commit.template [6ms]
2025-12-07 13:18:58.074 [info] > git for-each-ref --format=%(refname)%00%(upstream:short)%00%(objectname)%00%(upstream:track)%00%(upstream:remotename)%00%(upstream:remoteref) refs/heads/main refs/remotes/main [1ms]
2025-12-07 13:18:58.084 [info] > git status -z -uall [5ms]
2025-12-07 13:18:58.086 [info] > git for-each-ref --sort -committerdate --format %(refname)%00%(objectname)%00%(*objectname) [2ms]
2025-12-07 13:19:55.323 [info] > git config --get commit.template [2ms]
2025-12-07 13:19:55.331 [info] > git for-each-ref --format=%(refname)%00%(upstream:short)%00%(objectname)%00%(upstream:track)%00%(upstream:remotename)%00%(upstream:remoteref) refs/heads/main refs/remotes/main [1ms]
2025-12-07 13:19:55.345 [info] > git status -z -uall [7ms]
2025-12-07 13:19:55.346 [info] > git for-each-ref --sort -committerdate --format %(refname)%00%(objectname)%00%(*objectname) [2ms]
2025-12-07 13:21:18.148 [info] > git config --get commit.template [5ms]
2025-12-07 13:21:18.149 [info] > git for-each-ref --format=%(refname)%00%(upstream:short)%00%(objectname)%00%(upstream:track)%00%(upstream:remotename)%00%(upstream:remoteref) refs/heads/main refs/remotes/main [1ms]
2025-12-07 13:21:18.160 [info] > git status -z -uall [5ms]
2025-12-07 13:21:18.160 [info] > git for-each-ref --sort -committerdate --format %(refname)%00%(objectname)%00%(*objectname) [1ms]
2025-12-07 13:21:23.176 [info] > git config --get commit.template [7ms]
2025-12-07 13:21:23.176 [info] > git for-each-ref --format=%(refname)%00%(upstream:short)%00%(objectname)%00%(upstream:track)%00%(upstream:remotename)%00%(upstream:remoteref) refs/heads/main refs/remotes/main [1ms]
2025-12-07 13:21:23.188 [info] > git status -z -uall [6ms]
2025-12-07 13:21:23.189 [info] > git for-each-ref --sort -committerdate --format %(refname)%00%(objectname)%00%(*objectname) [2ms]
2025-12-07 13:22:08.190 [info] > git config --get commit.template [6ms]
2025-12-07 13:22:08.190 [info] > git for-each-ref --format=%(refname)%00%(upstream:short)%00%(objectname)%00%(upstream:track)%00%(upstream:remotename)%00%(upstream:remoteref) refs/heads/main refs/remotes/main [1ms]
2025-12-07 13:22:08.200 [info] > git status -z -uall [5ms]
2025-12-07 13:22:08.201 [info] > git for-each-ref --sort -committerdate --format %(refname)%00%(objectname)%00%(*objectname) [2ms]
2025-12-07 13:22:32.154 [info] > git config --get commit.template [6ms]
2025-12-07 13:22:32.154 [info] > git for-each-ref --format=%(refname)%00%(upstream:short)%00%(objectname)%00%(upstream:track)%00%(upstream:remotename)%00%(upstream:remoteref) refs/heads/main refs/remotes/main [1ms]
2025-12-07 13:22:32.166 [info] > git status -z -uall [6ms]
2025-12-07 13:22:32.166 [info] > git for-each-ref --sort -committerdate --format %(refname)%00%(objectname)%00%(*objectname) [1ms]
2025-12-07 13:24:32.386 [info] > git config --get commit.template [1ms]
2025-12-07 13:24:32.392 [info] > git for-each-ref --format=%(refname)%00%(upstream:short)%00%(objectname)%00%(upstream:track)%00%(upstream:remotename)%00%(upstream:remoteref) refs/heads/main refs/remotes/main [1ms]
2025-12-07 13:24:32.401 [info] > git status -z -uall [5ms]
2025-12-07 13:24:32.402 [info] > git for-each-ref --sort -committerdate --format %(refname)%00%(objectname)%00%(*objectname) [2ms]
2025-12-07 13:25:23.772 [info] > git config --get commit.template [6ms]
2025-12-07 13:25:23.773 [info] > git for-each-ref --format=%(refname)%00%(upstream:short)%00%(objectname)%00%(upstream:track)%00%(upstream:remotename)%00%(upstream:remoteref) refs/heads/main refs/remotes/main [1ms]
2025-12-07 13:25:23.783 [info] > git status -z -uall [5ms]
2025-12-07 13:25:23.784 [info] > git for-each-ref --sort -committerdate --format %(refname)%00%(objectname)%00%(*objectname) [1ms]
2025-12-07 13:26:15.132 [info] > git config --get commit.template [1ms]
2025-12-07 13:26:15.139 [info] > git for-each-ref --format=%(refname)%00%(upstream:short)%00%(objectname)%00%(upstream:track)%00%(upstream:remotename)%00%(upstream:remoteref) refs/heads/main refs/remotes/main [1ms]
2025-12-07 13:26:15.150 [info] > git status -z -uall [6ms]
2025-12-07 13:26:15.151 [info] > git for-each-ref --sort -committerdate --format %(refname)%00%(objectname)%00%(*objectname) [1ms]
2025-12-07 13:26:19.771 [info] > git show --textconv :tg_bots/3remem_bot.py [7ms]
2025-12-07 13:26:19.772 [info] > git ls-files --stage -- tg_bots/3remem_bot.py [2ms]
2025-12-07 13:26:19.777 [info] > git cat-file -s 1cdc0cf7a2d298421e996b787c40cfe788f545d6 [1ms]
2025-12-07 13:26:19.791 [info] > git blame --root --incremental d90a58a347dd02839f4741fccdcfc550246cc374 -- tg_bots/3remem_bot.py [3ms]
2025-12-07 13:26:20.570 [info] > git show --textconv :status_collector/main.py [6ms]
2025-12-07 13:26:20.570 [info] > git ls-files --stage -- status_collector/main.py [1ms]
2025-12-07 13:26:20.576 [info] > git cat-file -s 917615ff7c504d423473d48b2512c04f9a41972a [1ms]
2025-12-07 13:26:24.851 [info] > git config --get commit.template [6ms]
2025-12-07 13:26:24.852 [info] > git for-each-ref --format=%(refname)%00%(upstream:short)%00%(objectname)%00%(upstream:track)%00%(upstream:remotename)%00%(upstream:remoteref) refs/heads/main refs/remotes/main [1ms]
2025-12-07 13:26:24.863 [info] > git status -z -uall [6ms]
2025-12-07 13:26:24.864 [info] > git for-each-ref --sort -committerdate --format %(refname)%00%(objectname)%00%(*objectname) [2ms]
2025-12-07 13:26:32.403 [info] > git config --get commit.template [7ms]
2025-12-07 13:26:32.404 [info] > git for-each-ref --format=%(refname)%00%(upstream:short)%00%(objectname)%00%(upstream:track)%00%(upstream:remotename)%00%(upstream:remoteref) refs/heads/main refs/remotes/main [1ms]
2025-12-07 13:26:32.416 [info] > git status -z -uall [7ms]
2025-12-07 13:26:32.417 [info] > git for-each-ref --sort -committerdate --format %(refname)%00%(objectname)%00%(*objectname) [2ms]
2025-12-07 13:26:39.207 [info] > git config --get commit.template [7ms]
2025-12-07 13:26:39.208 [info] > git for-each-ref --format=%(refname)%00%(upstream:short)%00%(objectname)%00%(upstream:track)%00%(upstream:remotename)%00%(upstream:remoteref) refs/heads/main refs/remotes/main [2ms]
2025-12-07 13:26:39.222 [info] > git status -z -uall [7ms]
2025-12-07 13:26:39.223 [info] > git for-each-ref --sort -committerdate --format %(refname)%00%(objectname)%00%(*objectname) [1ms]
2025-12-07 13:27:44.256 [info] > git config --get commit.template [6ms]
2025-12-07 13:27:44.257 [info] > git for-each-ref --format=%(refname)%00%(upstream:short)%00%(objectname)%00%(upstream:track)%00%(upstream:remotename)%00%(upstream:remoteref) refs/heads/main refs/remotes/main [1ms]
2025-12-07 13:27:44.270 [info] > git status -z -uall [7ms]
2025-12-07 13:27:44.271 [info] > git for-each-ref --sort -committerdate --format %(refname)%00%(objectname)%00%(*objectname) [2ms]
2025-12-07 13:28:00.642 [info] > git config --get commit.template [8ms]
2025-12-07 13:28:00.643 [info] > git for-each-ref --format=%(refname)%00%(upstream:short)%00%(objectname)%00%(upstream:track)%00%(upstream:remotename)%00%(upstream:remoteref) refs/heads/main refs/remotes/main [2ms]
2025-12-07 13:28:00.656 [info] > git status -z -uall [6ms]
2025-12-07 13:28:00.657 [info] > git for-each-ref --sort -committerdate --format %(refname)%00%(objectname)%00%(*objectname) [1ms]
2025-12-07 13:28:11.520 [info] > git config --get commit.template [1ms]
2025-12-07 13:28:11.527 [info] > git for-each-ref --format=%(refname)%00%(upstream:short)%00%(objectname)%00%(upstream:track)%00%(upstream:remotename)%00%(upstream:remoteref) refs/heads/main refs/remotes/main [1ms]
2025-12-07 13:28:11.538 [info] > git status -z -uall [6ms]
2025-12-07 13:28:11.539 [info] > git for-each-ref --sort -committerdate --format %(refname)%00%(objectname)%00%(*objectname) [1ms]
2025-12-07 13:29:44.627 [info] > git config --get commit.template [6ms]
2025-12-07 13:29:44.628 [info] > git for-each-ref --format=%(refname)%00%(upstream:short)%00%(objectname)%00%(upstream:track)%00%(upstream:remotename)%00%(upstream:remoteref) refs/heads/main refs/remotes/main [1ms]
2025-12-07 13:29:44.638 [info] > git status -z -uall [5ms]
2025-12-07 13:29:44.639 [info] > git for-each-ref --sort -committerdate --format %(refname)%00%(objectname)%00%(*objectname) [1ms]
2025-12-07 13:30:35.659 [info] > git config --get commit.template [6ms]
2025-12-07 13:30:35.660 [info] > git for-each-ref --format=%(refname)%00%(upstream:short)%00%(objectname)%00%(upstream:track)%00%(upstream:remotename)%00%(upstream:remoteref) refs/heads/main refs/remotes/main [1ms]
2025-12-07 13:30:35.669 [info] > git status -z -uall [5ms]
2025-12-07 13:30:35.670 [info] > git for-each-ref --sort -committerdate --format %(refname)%00%(objectname)%00%(*objectname) [1ms]
2025-12-07 13:30:45.603 [info] > git config --get commit.template [1ms]
2025-12-07 13:30:45.612 [info] > git for-each-ref --format=%(refname)%00%(upstream:short)%00%(objectname)%00%(upstream:track)%00%(upstream:remotename)%00%(upstream:remoteref) refs/heads/main refs/remotes/main [2ms]
2025-12-07 13:30:45.624 [info] > git status -z -uall [7ms]
2025-12-07 13:30:45.625 [info] > git for-each-ref --sort -committerdate --format %(refname)%00%(objectname)%00%(*objectname) [1ms]
2025-12-07 13:30:45.941 [info] > git show --textconv HEAD:status_collector/main.py [6ms]
2025-12-07 13:30:45.941 [info] > git ls-tree -l HEAD -- status_collector/main.py [1ms]
2025-12-07 13:30:46.675 [info] > git config --get commit.template [5ms]
2025-12-07 13:30:46.676 [info] > git for-each-ref --format=%(refname)%00%(upstream:short)%00%(objectname)%00%(upstream:track)%00%(upstream:remotename)%00%(upstream:remoteref) refs/heads/main refs/remotes/main [1ms]
2025-12-07 13:30:46.687 [info] > git status -z -uall [6ms]
2025-12-07 13:30:46.688 [info] > git for-each-ref --sort -committerdate --format %(refname)%00%(objectname)%00%(*objectname) [1ms]
2025-12-07 13:30:46.776 [info] > git ls-files --stage -- status_collector/main.py [6ms]
2025-12-07 13:30:46.782 [info] > git ls-tree -l HEAD -- status_collector/main.py [6ms]
2025-12-07 13:30:46.783 [info] > git cat-file -s 238c9f5f2bd37770e2b22a28a38371887afa03c5 [2ms]
2025-12-07 13:30:46.795 [info] > git show --textconv HEAD:status_collector/main.py [6ms]
2025-12-07 13:30:46.795 [info] > git show --textconv :status_collector/main.py [1ms]
2025-12-07 13:31:39.340 [info] > git config --get commit.template [1ms]
2025-12-07 13:31:39.347 [info] > git for-each-ref --format=%(refname)%00%(upstream:short)%00%(objectname)%00%(upstream:track)%00%(upstream:remotename)%00%(upstream:remoteref) refs/heads/main refs/remotes/main [2ms]
2025-12-07 13:31:39.360 [info] > git status -z -uall [7ms]
2025-12-07 13:31:39.360 [info] > git for-each-ref --sort -committerdate --format %(refname)%00%(objectname)%00%(*objectname) [1ms]
2025-12-07 13:31:39.385 [info] > git merge-base refs/heads/main refs/remotes/origin/main [11ms]
2025-12-07 13:31:39.394 [info] > git blame --root --incremental 930c704c5a0eb89f42b107e7db3f6f5b17dc911d -- status_collector/main.py [26ms]
2025-12-07 13:31:39.400 [info] > git diff --name-status -z --diff-filter=ADMR --find-renames=50% d90a58a347dd02839f4741fccdcfc550246cc374...refs/remotes/origin/main -- [6ms]
2025-12-07 13:31:40.411 [info] > git config --get commit.template [5ms]
2025-12-07 13:31:40.411 [info] > git for-each-ref --format=%(refname)%00%(upstream:short)%00%(objectname)%00%(upstream:track)%00%(upstream:remotename)%00%(upstream:remoteref) refs/heads/main refs/remotes/main [1ms]
2025-12-07 13:31:40.423 [info] > git status -z -uall [6ms]
2025-12-07 13:31:40.423 [info] > git for-each-ref --sort -committerdate --format %(refname)%00%(objectname)%00%(*objectname) [1ms]
2025-12-07 13:31:40.507 [info] > git ls-files --stage -- status_collector/main.py [1ms]
2025-12-07 13:31:40.513 [info] > git cat-file -s 238c9f5f2bd37770e2b22a28a38371887afa03c5 [1ms]
2025-12-07 13:31:40.519 [info] > git show --textconv :status_collector/main.py [1ms]
2025-12-07 13:31:45.517 [info] > git config --get commit.template [7ms]
2025-12-07 13:31:45.518 [info] > git for-each-ref --format=%(refname)%00%(upstream:short)%00%(objectname)%00%(upstream:track)%00%(upstream:remotename)%00%(upstream:remoteref) refs/heads/main refs/remotes/main [1ms]
2025-12-07 13:31:45.531 [info] > git status -z -uall [7ms]
2025-12-07 13:31:45.532 [info] > git for-each-ref --sort -committerdate --format %(refname)%00%(objectname)%00%(*objectname) [2ms]
2025-12-07 13:31:45.541 [info] > git merge-base refs/heads/main refs/remotes/origin/main [1ms]
2025-12-07 13:31:45.548 [info] > git diff --name-status -z --diff-filter=ADMR --find-renames=50% 930c704c5a0eb89f42b107e7db3f6f5b17dc911d...refs/remotes/origin/main -- [1ms]
2025-12-07 13:31:46.583 [info] > git config --get commit.template [5ms]
2025-12-07 13:31:46.584 [info] > git for-each-ref --format=%(refname)%00%(upstream:short)%00%(objectname)%00%(upstream:track)%00%(upstream:remotename)%00%(upstream:remoteref) refs/heads/main refs/remotes/main [1ms]
2025-12-07 13:31:46.594 [info] > git status -z -uall [5ms]
2025-12-07 13:31:46.595 [info] > git for-each-ref --sort -committerdate --format %(refname)%00%(objectname)%00%(*objectname) [1ms]
2025-12-07 13:31:46.681 [info] > git ls-files --stage -- status_collector/main.py [1ms]
2025-12-07 13:31:46.685 [info] > git cat-file -s 238c9f5f2bd37770e2b22a28a38371887afa03c5 [1ms]
2025-12-07 13:31:46.692 [info] > git show --textconv :status_collector/main.py [1ms]
