2025-08-02 20:22:14.451 [info] Extension host with pid 44569 started
2025-08-02 20:22:14.451 [info] Skipping acquiring lock for /home/user/.config/Code - OSS/User/workspaceStorage/547f2fa0c714d458d7ca8ebff9cfd952.
2025-08-02 20:22:14.627 [info] ExtensionService#_doActivateExtension vscode.emmet, startup: false, activationEvent: 'onLanguage'
2025-08-02 20:22:14.651 [info] ExtensionService#_doActivateExtension vscode.git-base, startup: false, activationEvent: 'onLanguage:ignore'
2025-08-02 20:22:14.761 [info] ExtensionService#_doActivateExtension vscode.git, startup: true, activationEvent: '*'
2025-08-02 20:22:14.831 [info] ExtensionService#_doActivateExtension vscode.github, startup: true, activationEvent: '*'
2025-08-02 20:22:15.001 [info] Eager extensions activated
2025-08-02 20:22:15.021 [info] ExtensionService#_doActivateExtension vscode.debug-auto-launch, startup: false, activationEvent: 'onStartupFinished'
2025-08-02 20:22:15.025 [info] ExtensionService#_doActivateExtension vscode.merge-conflict, startup: false, activationEvent: 'onStartupFinished'
2025-08-02 20:22:15.057 [info] ExtensionService#_doActivateExtension eamodio.gitlens, startup: false, activationEvent: 'onStartupFinished'
2025-08-02 20:22:15.490 [info] ExtensionService#_doActivateExtension vscode.github-authentication, startup: false, activationEvent: 'onAuthenticationRequest:github'
2025-08-02 20:22:23.871 [info] ExtensionService#_doActivateExtension vscode.extension-editing, startup: false, activationEvent: 'onLanguage:markdown'
2025-08-02 20:22:23.890 [info] ExtensionService#_doActivateExtension vscode.markdown-language-features, startup: false, activationEvent: 'onLanguage:markdown'
2025-08-02 20:25:57.730 [warning] TextEditor is closed/disposed
2025-08-02 20:26:25.726 [warning] TextEditor is closed/disposed
2025-08-02 20:26:27.131 [warning] TextEditor is closed/disposed
2025-08-02 20:27:31.910 [error] [eamodio.gitlens] provider FAILED
2025-08-02 20:27:31.910 [error] Error: fatal: -L invalid line number: 0
	at Git.exec (/home/user/.vscode-oss/extensions/eamodio.gitlens-17.3.3-universal/dist/gitlens.js:458:13910)
	at async DiffGitSubProvider.getPreviousComparisonUrisForRange (/home/user/.vscode-oss/extensions/eamodio.gitlens-17.3.3-universal/dist/gitlens.js:510:5311)
2025-08-02 20:27:35.134 [warning] TextEditor is closed/disposed
2025-08-02 20:28:22.177 [warning] TextEditor is closed/disposed
2025-08-02 20:28:25.128 [warning] TextEditor is closed/disposed
2025-08-02 20:49:49.386 [warning] TextEditor is closed/disposed
2025-08-02 21:01:00.532 [warning] TextEditor is closed/disposed
2025-08-02 21:02:07.639 [warning] TextEditor is closed/disposed
2025-08-02 21:04:39.827 [warning] TextEditor is closed/disposed
2025-08-02 21:04:41.783 [warning] TextEditor is closed/disposed
2025-08-02 21:04:45.158 [warning] TextEditor is closed/disposed
2025-08-02 21:04:51.244 [warning] TextEditor is closed/disposed
2025-08-02 21:04:54.217 [info] ExtensionService#_doActivateExtension vscode.markdown-math, startup: false, activationEvent: 'api', root cause: vscode.markdown-language-features
2025-08-02 21:05:13.964 [warning] TextEditor is closed/disposed
2025-08-02 21:05:14.780 [warning] TextEditor is closed/disposed
2025-08-02 21:05:16.824 [warning] TextEditor is closed/disposed
2025-08-02 21:15:48.928 [warning] TextEditor is closed/disposed
2025-08-02 21:45:53.395 [warning] TextEditor is closed/disposed
2025-08-02 21:46:46.298 [warning] TextEditor is closed/disposed
2025-08-02 22:39:44.775 [warning] TextEditor is closed/disposed
2025-08-02 22:42:33.591 [warning] TextEditor is closed/disposed
2025-08-02 23:30:40.272 [warning] TextEditor is closed/disposed
2025-08-02 23:42:41.022 [warning] TextEditor is closed/disposed
2025-08-02 23:57:42.829 [warning] TextEditor is closed/disposed
2025-08-02 23:57:44.596 [warning] TextEditor is closed/disposed
2025-08-02 23:57:50.866 [warning] TextEditor is closed/disposed
2025-08-02 23:57:53.494 [warning] TextEditor is closed/disposed
2025-08-02 23:58:01.792 [warning] TextEditor is closed/disposed
2025-08-02 23:58:10.857 [warning] TextEditor is closed/disposed
2025-08-02 23:58:12.374 [warning] TextEditor is closed/disposed
2025-08-02 23:58:17.034 [warning] TextEditor is closed/disposed
2025-08-02 23:58:34.832 [warning] TextEditor is closed/disposed
2025-08-02 23:58:38.007 [warning] TextEditor is closed/disposed
2025-08-03 00:05:09.132 [warning] TextEditor is closed/disposed
2025-08-03 00:51:43.823 [warning] TextEditor is closed/disposed
2025-08-03 00:55:36.048 [warning] TextEditor is closed/disposed
2025-08-03 01:01:06.782 [warning] TextEditor is closed/disposed
2025-08-03 01:01:21.229 [info] Extension host terminating: renderer closed the MessagePort
2025-08-03 01:01:21.244 [error] An error occurred when disposing the subscriptions for extension 'eamodio.gitlens':
2025-08-03 01:01:21.244 [error] TypeError: Cannot read properties of undefined (reading 'dispose')
	at Object.dispose (file:///usr/lib/code/out/vs/workbench/api/node/extensionHostProcess.js:140:121704)
	at Yv.<anonymous> (file:///usr/lib/code/out/vs/workbench/api/node/extensionHostProcess.js:107:8922)
	at Yv.dispose (file:///usr/lib/code/out/vs/workbench/api/node/extensionHostProcess.js:107:9018)
	at Object.dispose (/home/user/.vscode-oss/extensions/eamodio.gitlens-17.3.3-universal/dist/gitlens.js:536:29282)
	at /home/user/.vscode-oss/extensions/eamodio.gitlens-17.3.3-universal/dist/gitlens.js:813:16179
	at Array.forEach (<anonymous>)
	at Object.dispose (/home/user/.vscode-oss/extensions/eamodio.gitlens-17.3.3-universal/dist/gitlens.js:813:16161)
	at wr (file:///usr/lib/code/out/vs/workbench/api/node/extensionHostProcess.js:25:748)
	at file:///usr/lib/code/out/vs/workbench/api/node/extensionHostProcess.js:117:15048
	at file:///usr/lib/code/out/vs/workbench/api/node/extensionHostProcess.js:25:1058
	at Object.dispose (file:///usr/lib/code/out/vs/workbench/api/node/extensionHostProcess.js:8:705)
	at QG.eb (file:///usr/lib/code/out/vs/workbench/api/node/extensionHostProcess.js:117:11921)
	at file:///usr/lib/code/out/vs/workbench/api/node/extensionHostProcess.js:117:9876
	at Array.map (<anonymous>)
	at QG.$ (file:///usr/lib/code/out/vs/workbench/api/node/extensionHostProcess.js:117:9864)
	at QG.terminate (file:///usr/lib/code/out/vs/workbench/api/node/extensionHostProcess.js:117:10107)
	at Y3.terminate (file:///usr/lib/code/out/vs/workbench/api/node/extensionHostProcess.js:119:914)
	at us (file:///usr/lib/code/out/vs/workbench/api/node/extensionHostProcess.js:356:9945)
	at MessagePortMain.<anonymous> (file:///usr/lib/code/out/vs/workbench/api/node/extensionHostProcess.js:356:6484)
	at MessagePortMain.emit (node:events:518:28)
	at MessagePortMain._internalPort.emit (node:electron/js2c/utility_init:2:3073)
2025-08-03 01:01:21.245 [info] Extension host with pid 44569 exiting with code 0
