2025-08-03 01:01:48.623 [info] Extension host with pid 87307 started
2025-08-03 01:01:48.623 [info] Skipping acquiring lock for /home/user/.config/Code - OSS/User/workspaceStorage/547f2fa0c714d458d7ca8ebff9cfd952.
2025-08-03 01:01:48.650 [info] ExtensionService#_doActivateExtension vscode.markdown-language-features, startup: false, activationEvent: 'onWebviewPanel:markdown.preview'
2025-08-03 01:01:48.975 [info] ExtensionService#_doActivateExtension vscode.git-base, startup: true, activationEvent: '*', root cause: vscode.git
2025-08-03 01:01:49.128 [info] ExtensionService#_doActivateExtension vscode.git, startup: true, activationEvent: '*'
2025-08-03 01:01:49.202 [info] ExtensionService#_doActivateExtension vscode.github, startup: true, activationEvent: '*'
2025-08-03 01:01:49.203 [info] ExtensionService#_doActivateExtension vscode.extension-editing, startup: false, activationEvent: 'onLanguage:markdown'
2025-08-03 01:01:49.217 [info] ExtensionService#_doActivateExtension vscode.emmet, startup: false, activationEvent: 'onLanguage'
2025-08-03 01:01:49.246 [info] ExtensionService#_doActivateExtension vscode.markdown-math, startup: false, activationEvent: 'api', root cause: vscode.markdown-language-features
2025-08-03 01:01:49.454 [info] Eager extensions activated
2025-08-03 01:01:49.489 [info] ExtensionService#_doActivateExtension vscode.debug-auto-launch, startup: false, activationEvent: 'onStartupFinished'
2025-08-03 01:01:49.492 [info] ExtensionService#_doActivateExtension vscode.merge-conflict, startup: false, activationEvent: 'onStartupFinished'
2025-08-03 01:01:49.527 [info] ExtensionService#_doActivateExtension eamodio.gitlens, startup: false, activationEvent: 'onStartupFinished'
2025-08-03 01:01:49.958 [info] ExtensionService#_doActivateExtension vscode.github-authentication, startup: false, activationEvent: 'onAuthenticationRequest:github'
2025-08-03 01:11:16.232 [warning] TextEditor is closed/disposed
2025-08-03 01:15:16.818 [info] Extension host terminating: renderer closed the MessagePort
2025-08-03 01:15:16.831 [error] An error occurred when disposing the subscriptions for extension 'eamodio.gitlens':
2025-08-03 01:15:16.834 [error] TypeError: Cannot read properties of undefined (reading 'dispose')
	at Object.dispose (file:///usr/lib/code/out/vs/workbench/api/node/extensionHostProcess.js:140:121704)
	at Yv.<anonymous> (file:///usr/lib/code/out/vs/workbench/api/node/extensionHostProcess.js:107:8922)
	at Yv.dispose (file:///usr/lib/code/out/vs/workbench/api/node/extensionHostProcess.js:107:9018)
	at Object.dispose (/home/user/.vscode-oss/extensions/eamodio.gitlens-17.3.3-universal/dist/gitlens.js:536:29282)
	at /home/user/.vscode-oss/extensions/eamodio.gitlens-17.3.3-universal/dist/gitlens.js:813:16179
	at Array.forEach (<anonymous>)
	at Object.dispose (/home/user/.vscode-oss/extensions/eamodio.gitlens-17.3.3-universal/dist/gitlens.js:813:16161)
	at wr (file:///usr/lib/code/out/vs/workbench/api/node/extensionHostProcess.js:25:748)
	at file:///usr/lib/code/out/vs/workbench/api/node/extensionHostProcess.js:117:15048
	at file:///usr/lib/code/out/vs/workbench/api/node/extensionHostProcess.js:25:1058
	at Object.dispose (file:///usr/lib/code/out/vs/workbench/api/node/extensionHostProcess.js:8:705)
	at QG.eb (file:///usr/lib/code/out/vs/workbench/api/node/extensionHostProcess.js:117:11921)
	at file:///usr/lib/code/out/vs/workbench/api/node/extensionHostProcess.js:117:9876
	at Array.map (<anonymous>)
	at QG.$ (file:///usr/lib/code/out/vs/workbench/api/node/extensionHostProcess.js:117:9864)
	at QG.terminate (file:///usr/lib/code/out/vs/workbench/api/node/extensionHostProcess.js:117:10107)
	at Y3.terminate (file:///usr/lib/code/out/vs/workbench/api/node/extensionHostProcess.js:119:914)
	at us (file:///usr/lib/code/out/vs/workbench/api/node/extensionHostProcess.js:356:9945)
	at MessagePortMain.<anonymous> (file:///usr/lib/code/out/vs/workbench/api/node/extensionHostProcess.js:356:6484)
	at MessagePortMain.emit (node:events:518:28)
	at MessagePortMain._internalPort.emit (node:electron/js2c/utility_init:2:3073)
2025-08-03 01:15:16.835 [info] Extension host with pid 87307 exiting with code 0
