2025-10-15 19:28:15.382 [info] Reading sessions from keychain...
2025-10-15 19:28:15.382 [info] Got stored sessions!
2025-10-15 19:28:15.382 [info] Got 1 verified sessions.
2025-10-15 19:28:15.382 [info] Getting sessions for all scopes...
2025-10-15 19:28:15.382 [info] Got 1 sessions for ...
2025-10-15 19:28:15.382 [info] Getting sessions for all scopes...
2025-10-15 19:28:15.382 [info] Got 1 sessions for ...
2025-10-15 19:28:15.382 [info] Getting sessions for all scopes...
2025-10-15 19:28:15.382 [info] Got 1 sessions for ...
2025-10-15 19:28:15.382 [info] Getting sessions for all scopes...
2025-10-15 19:28:15.382 [info] Got 1 sessions for ...
2025-10-15 19:28:15.382 [info] Getting sessions for all scopes...
2025-10-15 19:28:15.382 [info] Got 1 sessions for ...
2025-10-15 19:28:15.382 [info] Getting sessions for all scopes...
2025-10-15 19:28:15.382 [info] Got 1 sessions for ...
2025-10-15 19:28:15.382 [info] Getting sessions for all scopes...
2025-10-15 19:28:15.382 [info] Got 1 sessions for ...
2025-10-15 19:28:15.382 [info] Getting sessions for all scopes...
2025-10-15 19:28:15.382 [info] Got 1 sessions for ...
2025-10-15 19:28:15.382 [info] Getting sessions for all scopes...
2025-10-15 19:28:15.382 [info] Got 1 sessions for ...
2025-10-15 19:28:15.382 [info] Getting sessions for all scopes...
2025-10-15 19:28:15.382 [info] Got 1 sessions for ...
2025-10-15 19:28:15.382 [info] Getting sessions for all scopes...
2025-10-15 19:28:15.382 [info] Got 1 sessions for ...
2025-10-15 19:28:15.382 [info] Getting sessions for all scopes...
2025-10-15 19:28:15.382 [info] Got 1 sessions for ...
2025-10-15 19:28:15.382 [info] Getting sessions for all scopes...
2025-10-15 19:28:15.382 [info] Got 1 sessions for ...
2025-10-15 19:28:15.382 [info] Getting sessions for all scopes...
2025-10-15 19:28:15.382 [info] Got 1 sessions for ...
2025-10-15 19:28:15.382 [info] Getting sessions for all scopes...
2025-10-15 19:28:15.382 [info] Got 1 sessions for ...
2025-10-15 19:28:15.382 [info] Getting sessions for all scopes...
2025-10-15 19:28:15.382 [info] Got 1 sessions for ...
2025-10-15 19:28:15.382 [info] Getting sessions for all scopes...
2025-10-15 19:28:15.382 [info] Got 1 sessions for ...
2025-10-15 19:28:15.382 [info] Getting sessions for all scopes...
2025-10-15 19:28:15.382 [info] Got 1 sessions for ...
2025-10-15 19:28:15.382 [info] Getting sessions for read:user,repo,user:email,workflow...
2025-10-15 19:28:15.382 [info] Got 0 sessions for read:user,repo,user:email,workflow...
2025-10-15 19:28:15.391 [info] Getting sessions for user:email...
2025-10-15 19:28:15.391 [info] Got 1 sessions for user:email...
2025-10-15 19:28:15.391 [info] Getting sessions for read:user,repo,user:email,workflow...
2025-10-15 19:28:15.391 [info] Got 0 sessions for read:user,repo,user:email,workflow...
2025-10-15 19:28:15.431 [info] Getting sessions for all scopes...
2025-10-15 19:28:15.431 [info] Got 1 sessions for ...
2025-10-15 19:28:17.322 [info] Getting sessions for all scopes...
2025-10-15 19:28:17.323 [info] Got 1 sessions for ...
2025-10-15 19:28:17.323 [info] Getting sessions for all scopes...
2025-10-15 19:28:17.323 [info] Got 1 sessions for ...
2025-10-15 19:28:17.323 [info] Getting sessions for all scopes...
2025-10-15 19:28:17.323 [info] Got 1 sessions for ...
2025-10-15 19:28:17.350 [info] Getting sessions for read:user,repo,user:email,workflow...
2025-10-15 19:28:17.350 [info] Got 0 sessions for read:user,repo,user:email,workflow...
2025-10-15 19:28:17.622 [info] Getting sessions for user:email...
2025-10-15 19:28:17.622 [info] Got 1 sessions for user:email...
2025-10-15 19:28:17.622 [info] Getting sessions for all scopes...
2025-10-15 19:28:17.622 [info] Got 1 sessions for ...
2025-10-15 19:28:17.987 [info] FetcherService: Electron fetch failed with status: 429 
2025-10-15 19:28:18.026 [info] Getting sessions for all scopes...
2025-10-15 19:28:18.026 [info] Got 1 sessions for ...
2025-10-15 19:28:18.085 [info] Getting sessions for all scopes...
2025-10-15 19:28:18.085 [info] Got 1 sessions for ...
2025-10-15 19:28:18.085 [info] Getting sessions for read:user,repo,user:email,workflow...
2025-10-15 19:28:18.085 [info] Got 0 sessions for read:user,repo,user:email,workflow...
2025-10-15 19:28:18.101 [info] Getting sessions for read:user,repo,user:email,workflow...
2025-10-15 19:28:18.101 [info] Got 0 sessions for read:user,repo,user:email,workflow...
2025-10-15 19:28:18.102 [info] Getting sessions for read:user,repo,user:email,workflow...
2025-10-15 19:28:18.102 [info] Got 0 sessions for read:user,repo,user:email,workflow...
2025-10-15 19:28:18.250 [info] Getting sessions for read:user...
2025-10-15 19:28:18.250 [info] Got 0 sessions for read:user...
2025-10-15 19:28:18.250 [info] Getting sessions for read:user,repo,user:email,workflow...
2025-10-15 19:28:18.250 [info] Got 0 sessions for read:user,repo,user:email,workflow...
2025-10-15 19:28:18.270 [info] Getting sessions for user:email...
2025-10-15 19:28:18.270 [info] Got 1 sessions for user:email...
2025-10-15 19:28:18.336 [info] Getting sessions for user:email...
2025-10-15 19:28:18.336 [info] Got 1 sessions for user:email...
2025-10-15 19:28:18.337 [info] Getting sessions for read:user,repo,user:email,workflow...
2025-10-15 19:28:18.337 [info] Got 0 sessions for read:user,repo,user:email,workflow...
2025-10-15 19:28:18.409 [info] Getting sessions for read:user,repo,user:email,workflow...
2025-10-15 19:28:18.409 [info] Got 0 sessions for read:user,repo,user:email,workflow...
2025-10-15 19:28:18.565 [info] FetcherService: Node fetch failed with status: 429 Too Many Requests
2025-10-15 19:28:18.995 [info] FetcherService: Node http/s failed with status: 429 Too Many Requests
2025-10-15 19:31:36.698 [info] Getting sessions for read:user,repo,user:email,workflow...
2025-10-15 19:31:36.698 [info] Got 0 sessions for read:user,repo,user:email,workflow...
2025-10-15 19:31:36.701 [info] Getting sessions for read:user...
2025-10-15 19:31:36.701 [info] Got 0 sessions for read:user...
2025-10-15 19:31:36.708 [info] Getting sessions for user:email...
2025-10-15 19:31:36.708 [info] Got 1 sessions for user:email...
2025-10-15 19:33:57.193 [info] Getting sessions for read:user,repo,user:email,workflow...
2025-10-15 19:33:57.194 [info] Got 0 sessions for read:user,repo,user:email,workflow...
2025-10-15 19:33:57.194 [info] Getting sessions for read:user...
2025-10-15 19:33:57.194 [info] Got 0 sessions for read:user...
2025-10-15 19:33:57.195 [info] Getting sessions for user:email...
2025-10-15 19:33:57.195 [info] Got 1 sessions for user:email...
2025-10-15 19:34:43.040 [info] Getting sessions for read:user,repo,user:email,workflow...
2025-10-15 19:34:43.040 [info] Got 0 sessions for read:user,repo,user:email,workflow...
2025-10-15 19:34:43.050 [info] Getting sessions for read:user...
2025-10-15 19:34:43.050 [info] Got 0 sessions for read:user...
2025-10-15 19:34:43.055 [info] Getting sessions for user:email...
2025-10-15 19:34:43.055 [info] Got 1 sessions for user:email...
2025-10-15 19:34:43.716 [info] Getting sessions for read:user,repo,user:email,workflow...
2025-10-15 19:34:43.716 [info] Got 0 sessions for read:user,repo,user:email,workflow...
2025-10-15 19:34:43.717 [info] Getting sessions for read:user...
2025-10-15 19:34:43.717 [info] Got 0 sessions for read:user...
2025-10-15 19:34:43.717 [info] Getting sessions for user:email...
2025-10-15 19:34:43.717 [info] Got 1 sessions for user:email...
2025-10-15 19:34:44.480 [info] Getting sessions for read:user,repo,user:email,workflow...
2025-10-15 19:34:44.481 [info] Got 0 sessions for read:user,repo,user:email,workflow...
2025-10-15 19:34:44.481 [info] Getting sessions for read:user...
2025-10-15 19:34:44.481 [info] Got 0 sessions for read:user...
2025-10-15 19:34:44.482 [info] Getting sessions for user:email...
2025-10-15 19:34:44.482 [info] Got 1 sessions for user:email...
2025-10-15 19:34:53.002 [info] Getting sessions for read:user,repo,user:email,workflow...
2025-10-15 19:34:53.002 [info] Got 0 sessions for read:user,repo,user:email,workflow...
2025-10-15 19:34:53.004 [info] Getting sessions for read:user...
2025-10-15 19:34:53.004 [info] Got 0 sessions for read:user...
2025-10-15 19:34:53.004 [info] Getting sessions for user:email...
2025-10-15 19:34:53.004 [info] Got 1 sessions for user:email...
2025-10-15 19:34:53.406 [info] Getting sessions for read:user,repo,user:email,workflow...
2025-10-15 19:34:53.406 [info] Got 0 sessions for read:user,repo,user:email,workflow...
2025-10-15 19:34:53.407 [info] Getting sessions for read:user...
2025-10-15 19:34:53.407 [info] Got 0 sessions for read:user...
2025-10-15 19:34:53.407 [info] Getting sessions for user:email...
2025-10-15 19:34:53.407 [info] Got 1 sessions for user:email...
2025-10-15 19:34:53.693 [info] Getting sessions for read:user,repo,user:email,workflow...
2025-10-15 19:34:53.693 [info] Got 0 sessions for read:user,repo,user:email,workflow...
2025-10-15 19:34:53.694 [info] Getting sessions for read:user...
2025-10-15 19:34:53.694 [info] Got 0 sessions for read:user...
2025-10-15 19:34:53.695 [info] Getting sessions for user:email...
2025-10-15 19:34:53.695 [info] Got 1 sessions for user:email...
2025-10-15 19:34:54.866 [info] Getting sessions for read:user,repo,user:email,workflow...
2025-10-15 19:34:54.866 [info] Got 0 sessions for read:user,repo,user:email,workflow...
2025-10-15 19:34:54.867 [info] Getting sessions for read:user...
2025-10-15 19:34:54.867 [info] Got 0 sessions for read:user...
2025-10-15 19:34:54.872 [info] Getting sessions for user:email...
2025-10-15 19:34:54.872 [info] Got 1 sessions for user:email...
2025-10-15 19:34:55.553 [info] Getting sessions for read:user,repo,user:email,workflow...
2025-10-15 19:34:55.553 [info] Got 0 sessions for read:user,repo,user:email,workflow...
2025-10-15 19:34:55.554 [info] Getting sessions for read:user...
2025-10-15 19:34:55.554 [info] Got 0 sessions for read:user...
2025-10-15 19:34:55.554 [info] Getting sessions for user:email...
2025-10-15 19:34:55.554 [info] Got 1 sessions for user:email...
2025-10-15 19:34:55.930 [info] Getting sessions for read:user,repo,user:email,workflow...
2025-10-15 19:34:55.930 [info] Got 0 sessions for read:user,repo,user:email,workflow...
2025-10-15 19:34:55.930 [info] Getting sessions for read:user...
2025-10-15 19:34:55.930 [info] Got 0 sessions for read:user...
2025-10-15 19:34:55.931 [info] Getting sessions for user:email...
2025-10-15 19:34:55.931 [info] Got 1 sessions for user:email...
2025-10-15 19:35:19.252 [info] Getting sessions for read:user,repo,user:email,workflow...
2025-10-15 19:35:19.252 [info] Got 0 sessions for read:user,repo,user:email,workflow...
2025-10-15 19:35:19.253 [info] Getting sessions for read:user...
2025-10-15 19:35:19.253 [info] Got 0 sessions for read:user...
2025-10-15 19:35:19.253 [info] Getting sessions for user:email...
2025-10-15 19:35:19.253 [info] Got 1 sessions for user:email...
2025-10-15 19:36:01.858 [info] Getting sessions for read:user,repo,user:email,workflow...
2025-10-15 19:36:01.858 [info] Got 0 sessions for read:user,repo,user:email,workflow...
2025-10-15 19:36:01.859 [info] Getting sessions for read:user...
2025-10-15 19:36:01.859 [info] Got 0 sessions for read:user...
2025-10-15 19:36:01.861 [info] Getting sessions for user:email...
2025-10-15 19:36:01.861 [info] Got 1 sessions for user:email...
2025-10-15 19:36:02.683 [info] Getting sessions for read:user,repo,user:email,workflow...
2025-10-15 19:36:02.683 [info] Got 0 sessions for read:user,repo,user:email,workflow...
2025-10-15 19:36:02.683 [info] Getting sessions for read:user...
2025-10-15 19:36:02.684 [info] Got 0 sessions for read:user...
2025-10-15 19:36:02.684 [info] Getting sessions for user:email...
2025-10-15 19:36:02.684 [info] Got 1 sessions for user:email...
2025-10-15 19:36:03.530 [info] Getting sessions for read:user,repo,user:email,workflow...
2025-10-15 19:36:03.530 [info] Got 0 sessions for read:user,repo,user:email,workflow...
2025-10-15 19:36:03.531 [info] Getting sessions for read:user...
2025-10-15 19:36:03.531 [info] Got 0 sessions for read:user...
2025-10-15 19:36:03.532 [info] Getting sessions for user:email...
2025-10-15 19:36:03.532 [info] Got 1 sessions for user:email...
2025-10-15 19:36:04.403 [info] Getting sessions for read:user,repo,user:email,workflow...
2025-10-15 19:36:04.403 [info] Got 0 sessions for read:user,repo,user:email,workflow...
2025-10-15 19:36:04.404 [info] Getting sessions for read:user...
2025-10-15 19:36:04.404 [info] Got 0 sessions for read:user...
2025-10-15 19:36:04.405 [info] Getting sessions for user:email...
2025-10-15 19:36:04.405 [info] Got 1 sessions for user:email...
2025-10-15 19:36:12.142 [info] Getting sessions for read:user,repo,user:email,workflow...
2025-10-15 19:36:12.142 [info] Got 0 sessions for read:user,repo,user:email,workflow...
2025-10-15 19:36:12.142 [info] Getting sessions for read:user...
2025-10-15 19:36:12.142 [info] Got 0 sessions for read:user...
2025-10-15 19:36:12.143 [info] Getting sessions for user:email...
2025-10-15 19:36:12.143 [info] Got 1 sessions for user:email...
2025-10-15 19:36:12.834 [info] Getting sessions for read:user,repo,user:email,workflow...
2025-10-15 19:36:12.834 [info] Got 0 sessions for read:user,repo,user:email,workflow...
2025-10-15 19:36:12.835 [info] Getting sessions for read:user...
2025-10-15 19:36:12.835 [info] Got 0 sessions for read:user...
2025-10-15 19:36:12.836 [info] Getting sessions for user:email...
2025-10-15 19:36:12.836 [info] Got 1 sessions for user:email...
2025-10-15 19:36:13.155 [info] Getting sessions for read:user,repo,user:email,workflow...
2025-10-15 19:36:13.156 [info] Got 0 sessions for read:user,repo,user:email,workflow...
2025-10-15 19:36:13.157 [info] Getting sessions for read:user...
2025-10-15 19:36:13.157 [info] Got 0 sessions for read:user...
2025-10-15 19:36:13.157 [info] Getting sessions for user:email...
2025-10-15 19:36:13.157 [info] Got 1 sessions for user:email...
2025-10-15 19:36:25.498 [info] Getting sessions for read:user,repo,user:email,workflow...
2025-10-15 19:36:25.498 [info] Got 0 sessions for read:user,repo,user:email,workflow...
2025-10-15 19:36:25.499 [info] Getting sessions for read:user...
2025-10-15 19:36:25.499 [info] Got 0 sessions for read:user...
2025-10-15 19:36:25.500 [info] Getting sessions for user:email...
2025-10-15 19:36:25.500 [info] Got 1 sessions for user:email...
2025-10-15 19:36:27.925 [info] Getting sessions for read:user,repo,user:email,workflow...
2025-10-15 19:36:27.925 [info] Got 0 sessions for read:user,repo,user:email,workflow...
2025-10-15 19:36:27.926 [info] Getting sessions for read:user...
2025-10-15 19:36:27.926 [info] Got 0 sessions for read:user...
2025-10-15 19:36:27.927 [info] Getting sessions for user:email...
2025-10-15 19:36:27.927 [info] Got 1 sessions for user:email...
2025-10-15 19:36:29.011 [info] Getting sessions for read:user,repo,user:email,workflow...
2025-10-15 19:36:29.011 [info] Got 0 sessions for read:user,repo,user:email,workflow...
2025-10-15 19:36:29.012 [info] Getting sessions for read:user...
2025-10-15 19:36:29.012 [info] Got 0 sessions for read:user...
2025-10-15 19:36:29.013 [info] Getting sessions for user:email...
2025-10-15 19:36:29.013 [info] Got 1 sessions for user:email...
2025-10-15 19:36:34.085 [info] Getting sessions for read:user,repo,user:email,workflow...
2025-10-15 19:36:34.085 [info] Got 0 sessions for read:user,repo,user:email,workflow...
2025-10-15 19:36:34.086 [info] Getting sessions for read:user...
2025-10-15 19:36:34.086 [info] Got 0 sessions for read:user...
2025-10-15 19:36:34.087 [info] Getting sessions for user:email...
2025-10-15 19:36:34.087 [info] Got 1 sessions for user:email...
2025-10-15 19:37:14.786 [info] Getting sessions for read:user,repo,user:email,workflow...
2025-10-15 19:37:14.786 [info] Got 0 sessions for read:user,repo,user:email,workflow...
2025-10-15 19:37:14.787 [info] Getting sessions for read:user...
2025-10-15 19:37:14.787 [info] Got 0 sessions for read:user...
2025-10-15 19:37:14.788 [info] Getting sessions for user:email...
2025-10-15 19:37:14.788 [info] Got 1 sessions for user:email...
2025-10-15 19:39:23.149 [info] Getting sessions for read:user,repo,user:email,workflow...
2025-10-15 19:39:23.149 [info] Got 0 sessions for read:user,repo,user:email,workflow...
2025-10-15 19:39:23.149 [info] Getting sessions for read:user...
2025-10-15 19:39:23.149 [info] Got 0 sessions for read:user...
2025-10-15 19:39:23.150 [info] Getting sessions for user:email...
2025-10-15 19:39:23.150 [info] Got 1 sessions for user:email...
2025-10-15 19:39:27.411 [info] Getting sessions for read:user,repo,user:email,workflow...
2025-10-15 19:39:27.412 [info] Got 0 sessions for read:user,repo,user:email,workflow...
2025-10-15 19:39:27.412 [info] Getting sessions for read:user...
2025-10-15 19:39:27.412 [info] Got 0 sessions for read:user...
2025-10-15 19:39:27.413 [info] Getting sessions for user:email...
2025-10-15 19:39:27.413 [info] Got 1 sessions for user:email...
2025-10-15 19:39:27.734 [info] Getting sessions for read:user,repo,user:email,workflow...
2025-10-15 19:39:27.734 [info] Got 0 sessions for read:user,repo,user:email,workflow...
2025-10-15 19:39:27.735 [info] Getting sessions for read:user...
2025-10-15 19:39:27.735 [info] Got 0 sessions for read:user...
2025-10-15 19:39:27.736 [info] Getting sessions for user:email...
2025-10-15 19:39:27.736 [info] Got 1 sessions for user:email...
2025-10-15 19:39:28.176 [info] Getting sessions for read:user,repo,user:email,workflow...
2025-10-15 19:39:28.176 [info] Got 0 sessions for read:user,repo,user:email,workflow...
2025-10-15 19:39:28.177 [info] Getting sessions for read:user...
2025-10-15 19:39:28.177 [info] Got 0 sessions for read:user...
2025-10-15 19:39:28.177 [info] Getting sessions for user:email...
2025-10-15 19:39:28.177 [info] Got 1 sessions for user:email...
2025-10-15 19:39:28.494 [info] Getting sessions for read:user,repo,user:email,workflow...
2025-10-15 19:39:28.494 [info] Got 0 sessions for read:user,repo,user:email,workflow...
2025-10-15 19:39:28.495 [info] Getting sessions for read:user...
2025-10-15 19:39:28.495 [info] Got 0 sessions for read:user...
2025-10-15 19:39:28.495 [info] Getting sessions for user:email...
2025-10-15 19:39:28.495 [info] Got 1 sessions for user:email...
2025-10-15 19:39:30.624 [info] Getting sessions for read:user,repo,user:email,workflow...
2025-10-15 19:39:30.624 [info] Got 0 sessions for read:user,repo,user:email,workflow...
2025-10-15 19:39:30.625 [info] Getting sessions for read:user...
2025-10-15 19:39:30.625 [info] Got 0 sessions for read:user...
2025-10-15 19:39:30.625 [info] Getting sessions for user:email...
2025-10-15 19:39:30.625 [info] Got 1 sessions for user:email...
2025-10-15 19:40:20.272 [info] Getting sessions for read:user,repo,user:email,workflow...
2025-10-15 19:40:20.272 [info] Got 0 sessions for read:user,repo,user:email,workflow...
2025-10-15 19:40:20.273 [info] Getting sessions for read:user...
2025-10-15 19:40:20.273 [info] Got 0 sessions for read:user...
2025-10-15 19:40:20.274 [info] Getting sessions for user:email...
2025-10-15 19:40:20.274 [info] Got 1 sessions for user:email...
2025-10-15 19:40:27.270 [info] Getting sessions for read:user,repo,user:email,workflow...
2025-10-15 19:40:27.270 [info] Got 0 sessions for read:user,repo,user:email,workflow...
2025-10-15 19:40:27.271 [info] Getting sessions for read:user...
2025-10-15 19:40:27.271 [info] Got 0 sessions for read:user...
2025-10-15 19:40:27.281 [info] Getting sessions for user:email...
2025-10-15 19:40:27.281 [info] Got 1 sessions for user:email...
2025-10-15 19:40:31.422 [info] Getting sessions for read:user,repo,user:email,workflow...
2025-10-15 19:40:31.422 [info] Got 0 sessions for read:user,repo,user:email,workflow...
2025-10-15 19:40:31.422 [info] Getting sessions for read:user...
2025-10-15 19:40:31.422 [info] Got 0 sessions for read:user...
2025-10-15 19:40:31.423 [info] Getting sessions for user:email...
2025-10-15 19:40:31.423 [info] Got 1 sessions for user:email...
2025-10-15 19:40:31.712 [info] Getting sessions for read:user,repo,user:email,workflow...
2025-10-15 19:40:31.712 [info] Got 0 sessions for read:user,repo,user:email,workflow...
2025-10-15 19:40:31.713 [info] Getting sessions for read:user...
2025-10-15 19:40:31.713 [info] Got 0 sessions for read:user...
2025-10-15 19:40:31.713 [info] Getting sessions for user:email...
2025-10-15 19:40:31.713 [info] Got 1 sessions for user:email...
2025-10-15 19:40:31.985 [info] Getting sessions for read:user,repo,user:email,workflow...
2025-10-15 19:40:31.985 [info] Got 0 sessions for read:user,repo,user:email,workflow...
2025-10-15 19:40:31.986 [info] Getting sessions for read:user...
2025-10-15 19:40:31.986 [info] Got 0 sessions for read:user...
2025-10-15 19:40:31.987 [info] Getting sessions for user:email...
2025-10-15 19:40:31.987 [info] Got 1 sessions for user:email...
2025-10-15 19:40:34.550 [info] Getting sessions for read:user,repo,user:email,workflow...
2025-10-15 19:40:34.550 [info] Got 0 sessions for read:user,repo,user:email,workflow...
2025-10-15 19:40:34.555 [info] Getting sessions for read:user...
2025-10-15 19:40:34.556 [info] Got 0 sessions for read:user...
2025-10-15 19:40:34.556 [info] Getting sessions for user:email...
2025-10-15 19:40:34.556 [info] Got 1 sessions for user:email...
2025-10-15 19:41:07.320 [info] Getting sessions for read:user,repo,user:email,workflow...
2025-10-15 19:41:07.320 [info] Got 0 sessions for read:user,repo,user:email,workflow...
2025-10-15 19:41:07.322 [info] Getting sessions for read:user...
2025-10-15 19:41:07.322 [info] Got 0 sessions for read:user...
2025-10-15 19:41:07.326 [info] Getting sessions for user:email...
2025-10-15 19:41:07.327 [info] Got 1 sessions for user:email...
2025-10-15 19:41:07.854 [info] Getting sessions for read:user,repo,user:email,workflow...
2025-10-15 19:41:07.854 [info] Got 0 sessions for read:user,repo,user:email,workflow...
2025-10-15 19:41:07.855 [info] Getting sessions for read:user...
2025-10-15 19:41:07.855 [info] Got 0 sessions for read:user...
2025-10-15 19:41:07.856 [info] Getting sessions for user:email...
2025-10-15 19:41:07.856 [info] Got 1 sessions for user:email...
2025-10-15 19:41:09.182 [info] Getting sessions for read:user,repo,user:email,workflow...
2025-10-15 19:41:09.182 [info] Got 0 sessions for read:user,repo,user:email,workflow...
2025-10-15 19:41:09.183 [info] Getting sessions for read:user...
2025-10-15 19:41:09.183 [info] Got 0 sessions for read:user...
2025-10-15 19:41:09.184 [info] Getting sessions for user:email...
2025-10-15 19:41:09.184 [info] Got 1 sessions for user:email...
2025-10-15 19:41:11.477 [info] Getting sessions for read:user,repo,user:email,workflow...
2025-10-15 19:41:11.477 [info] Got 0 sessions for read:user,repo,user:email,workflow...
2025-10-15 19:41:11.478 [info] Getting sessions for read:user...
2025-10-15 19:41:11.478 [info] Got 0 sessions for read:user...
2025-10-15 19:41:11.479 [info] Getting sessions for user:email...
2025-10-15 19:41:11.479 [info] Got 1 sessions for user:email...
2025-10-15 19:41:12.071 [info] Getting sessions for read:user,repo,user:email,workflow...
2025-10-15 19:41:12.071 [info] Got 0 sessions for read:user,repo,user:email,workflow...
2025-10-15 19:41:12.072 [info] Getting sessions for read:user...
2025-10-15 19:41:12.072 [info] Got 0 sessions for read:user...
2025-10-15 19:41:12.073 [info] Getting sessions for user:email...
2025-10-15 19:41:12.073 [info] Got 1 sessions for user:email...
2025-10-15 19:41:14.981 [info] Getting sessions for read:user,repo,user:email,workflow...
2025-10-15 19:41:14.981 [info] Got 0 sessions for read:user,repo,user:email,workflow...
2025-10-15 19:41:14.982 [info] Getting sessions for read:user...
2025-10-15 19:41:14.982 [info] Got 0 sessions for read:user...
2025-10-15 19:41:14.982 [info] Getting sessions for user:email...
2025-10-15 19:41:14.982 [info] Got 1 sessions for user:email...
2025-10-15 19:41:15.896 [info] Getting sessions for read:user,repo,user:email,workflow...
2025-10-15 19:41:15.896 [info] Got 0 sessions for read:user,repo,user:email,workflow...
2025-10-15 19:41:15.910 [info] Getting sessions for read:user...
2025-10-15 19:41:15.910 [info] Got 0 sessions for read:user...
2025-10-15 19:41:15.911 [info] Getting sessions for user:email...
2025-10-15 19:41:15.911 [info] Got 1 sessions for user:email...
2025-10-15 19:41:17.465 [info] Getting sessions for read:user,repo,user:email,workflow...
2025-10-15 19:41:17.465 [info] Got 0 sessions for read:user,repo,user:email,workflow...
2025-10-15 19:41:17.466 [info] Getting sessions for read:user...
2025-10-15 19:41:17.466 [info] Got 0 sessions for read:user...
2025-10-15 19:41:17.466 [info] Getting sessions for user:email...
2025-10-15 19:41:17.466 [info] Got 1 sessions for user:email...
2025-10-15 19:41:18.346 [info] Getting sessions for read:user,repo,user:email,workflow...
2025-10-15 19:41:18.346 [info] Got 0 sessions for read:user,repo,user:email,workflow...
2025-10-15 19:41:18.348 [info] Getting sessions for read:user...
2025-10-15 19:41:18.348 [info] Got 0 sessions for read:user...
2025-10-15 19:41:18.350 [info] Getting sessions for user:email...
2025-10-15 19:41:18.350 [info] Got 1 sessions for user:email...
2025-10-15 19:41:33.462 [info] Getting sessions for read:user,repo,user:email,workflow...
2025-10-15 19:41:33.462 [info] Got 0 sessions for read:user,repo,user:email,workflow...
2025-10-15 19:41:33.463 [info] Getting sessions for read:user...
2025-10-15 19:41:33.463 [info] Got 0 sessions for read:user...
2025-10-15 19:41:33.464 [info] Getting sessions for user:email...
2025-10-15 19:41:33.464 [info] Got 1 sessions for user:email...
2025-10-15 19:41:36.756 [info] Getting sessions for read:user,repo,user:email,workflow...
2025-10-15 19:41:36.757 [info] Got 0 sessions for read:user,repo,user:email,workflow...
2025-10-15 19:41:36.757 [info] Getting sessions for read:user...
2025-10-15 19:41:36.757 [info] Got 0 sessions for read:user...
2025-10-15 19:41:36.758 [info] Getting sessions for user:email...
2025-10-15 19:41:36.758 [info] Got 1 sessions for user:email...
2025-10-15 19:41:37.644 [info] Getting sessions for read:user,repo,user:email,workflow...
2025-10-15 19:41:37.644 [info] Got 0 sessions for read:user,repo,user:email,workflow...
2025-10-15 19:41:37.647 [info] Getting sessions for read:user...
2025-10-15 19:41:37.647 [info] Got 0 sessions for read:user...
2025-10-15 19:41:37.649 [info] Getting sessions for user:email...
2025-10-15 19:41:37.649 [info] Got 1 sessions for user:email...
2025-10-15 19:43:18.296 [info] Getting sessions for read:user,repo,user:email,workflow...
2025-10-15 19:43:18.296 [info] Got 0 sessions for read:user,repo,user:email,workflow...
2025-10-15 19:43:18.297 [info] Getting sessions for read:user...
2025-10-15 19:43:18.297 [info] Got 0 sessions for read:user...
2025-10-15 19:43:18.298 [info] Getting sessions for user:email...
2025-10-15 19:43:18.298 [info] Got 1 sessions for user:email...
2025-10-15 19:43:18.983 [info] Getting sessions for read:user,repo,user:email,workflow...
2025-10-15 19:43:18.983 [info] Got 0 sessions for read:user,repo,user:email,workflow...
2025-10-15 19:43:18.983 [info] Getting sessions for read:user...
2025-10-15 19:43:18.983 [info] Got 0 sessions for read:user...
2025-10-15 19:43:18.984 [info] Getting sessions for user:email...
2025-10-15 19:43:18.984 [info] Got 1 sessions for user:email...
2025-10-15 19:43:22.578 [info] Getting sessions for read:user,repo,user:email,workflow...
2025-10-15 19:43:22.578 [info] Got 0 sessions for read:user,repo,user:email,workflow...
2025-10-15 19:43:22.579 [info] Getting sessions for read:user...
2025-10-15 19:43:22.579 [info] Got 0 sessions for read:user...
2025-10-15 19:43:22.580 [info] Getting sessions for user:email...
2025-10-15 19:43:22.580 [info] Got 1 sessions for user:email...
2025-10-15 19:43:24.699 [info] Getting sessions for read:user,repo,user:email,workflow...
2025-10-15 19:43:24.699 [info] Got 0 sessions for read:user,repo,user:email,workflow...
2025-10-15 19:43:24.699 [info] Getting sessions for read:user...
2025-10-15 19:43:24.699 [info] Got 0 sessions for read:user...
2025-10-15 19:43:24.700 [info] Getting sessions for user:email...
2025-10-15 19:43:24.700 [info] Got 1 sessions for user:email...
2025-10-15 19:43:26.594 [info] Getting sessions for read:user,repo,user:email,workflow...
2025-10-15 19:43:26.594 [info] Got 0 sessions for read:user,repo,user:email,workflow...
2025-10-15 19:43:26.599 [info] Getting sessions for read:user...
2025-10-15 19:43:26.599 [info] Got 0 sessions for read:user...
2025-10-15 19:43:26.600 [info] Getting sessions for user:email...
2025-10-15 19:43:26.600 [info] Got 1 sessions for user:email...
2025-10-15 19:43:27.231 [info] Getting sessions for read:user,repo,user:email,workflow...
2025-10-15 19:43:27.231 [info] Got 0 sessions for read:user,repo,user:email,workflow...
2025-10-15 19:43:27.231 [info] Getting sessions for read:user...
2025-10-15 19:43:27.231 [info] Got 0 sessions for read:user...
2025-10-15 19:43:27.232 [info] Getting sessions for user:email...
2025-10-15 19:43:27.232 [info] Got 1 sessions for user:email...
2025-10-15 19:43:27.517 [info] Getting sessions for read:user,repo,user:email,workflow...
2025-10-15 19:43:27.517 [info] Got 0 sessions for read:user,repo,user:email,workflow...
2025-10-15 19:43:27.518 [info] Getting sessions for read:user...
2025-10-15 19:43:27.518 [info] Got 0 sessions for read:user...
2025-10-15 19:43:27.518 [info] Getting sessions for user:email...
2025-10-15 19:43:27.518 [info] Got 1 sessions for user:email...
2025-10-15 19:44:40.760 [info] Getting sessions for read:user,repo,user:email,workflow...
2025-10-15 19:44:40.760 [info] Got 0 sessions for read:user,repo,user:email,workflow...
2025-10-15 19:44:40.761 [info] Getting sessions for read:user...
2025-10-15 19:44:40.761 [info] Got 0 sessions for read:user...
2025-10-15 19:44:40.762 [info] Getting sessions for user:email...
2025-10-15 19:44:40.762 [info] Got 1 sessions for user:email...
2025-10-15 19:44:42.659 [info] Getting sessions for read:user,repo,user:email,workflow...
2025-10-15 19:44:42.659 [info] Got 0 sessions for read:user,repo,user:email,workflow...
2025-10-15 19:44:42.660 [info] Getting sessions for read:user...
2025-10-15 19:44:42.660 [info] Got 0 sessions for read:user...
2025-10-15 19:44:42.670 [info] Getting sessions for user:email...
2025-10-15 19:44:42.670 [info] Got 1 sessions for user:email...
2025-10-15 19:44:42.978 [info] Getting sessions for read:user,repo,user:email,workflow...
2025-10-15 19:44:42.978 [info] Got 0 sessions for read:user,repo,user:email,workflow...
2025-10-15 19:44:42.979 [info] Getting sessions for read:user...
2025-10-15 19:44:42.979 [info] Got 0 sessions for read:user...
2025-10-15 19:44:42.980 [info] Getting sessions for user:email...
2025-10-15 19:44:42.980 [info] Got 1 sessions for user:email...
2025-10-15 19:44:43.861 [info] Getting sessions for read:user,repo,user:email,workflow...
2025-10-15 19:44:43.861 [info] Got 0 sessions for read:user,repo,user:email,workflow...
2025-10-15 19:44:43.862 [info] Getting sessions for read:user...
2025-10-15 19:44:43.862 [info] Got 0 sessions for read:user...
2025-10-15 19:44:43.863 [info] Getting sessions for user:email...
2025-10-15 19:44:43.863 [info] Got 1 sessions for user:email...
2025-10-15 19:44:44.440 [info] Getting sessions for read:user,repo,user:email,workflow...
2025-10-15 19:44:44.440 [info] Got 0 sessions for read:user,repo,user:email,workflow...
2025-10-15 19:44:44.441 [info] Getting sessions for read:user...
2025-10-15 19:44:44.441 [info] Got 0 sessions for read:user...
2025-10-15 19:44:44.450 [info] Getting sessions for user:email...
2025-10-15 19:44:44.450 [info] Got 1 sessions for user:email...
2025-10-15 19:44:45.201 [info] Getting sessions for read:user,repo,user:email,workflow...
2025-10-15 19:44:45.201 [info] Got 0 sessions for read:user,repo,user:email,workflow...
2025-10-15 19:44:45.202 [info] Getting sessions for read:user...
2025-10-15 19:44:45.202 [info] Got 0 sessions for read:user...
2025-10-15 19:44:45.202 [info] Getting sessions for user:email...
2025-10-15 19:44:45.202 [info] Got 1 sessions for user:email...
2025-10-15 19:44:46.906 [info] Getting sessions for read:user,repo,user:email,workflow...
2025-10-15 19:44:46.906 [info] Got 0 sessions for read:user,repo,user:email,workflow...
2025-10-15 19:44:46.907 [info] Getting sessions for read:user...
2025-10-15 19:44:46.907 [info] Got 0 sessions for read:user...
2025-10-15 19:44:46.907 [info] Getting sessions for user:email...
2025-10-15 19:44:46.907 [info] Got 1 sessions for user:email...
2025-10-15 19:44:47.504 [info] Getting sessions for read:user,repo,user:email,workflow...
2025-10-15 19:44:47.504 [info] Got 0 sessions for read:user,repo,user:email,workflow...
2025-10-15 19:44:47.505 [info] Getting sessions for read:user...
2025-10-15 19:44:47.505 [info] Got 0 sessions for read:user...
2025-10-15 19:44:47.506 [info] Getting sessions for user:email...
2025-10-15 19:44:47.506 [info] Got 1 sessions for user:email...
2025-10-15 19:44:50.640 [info] Getting sessions for read:user,repo,user:email,workflow...
2025-10-15 19:44:50.640 [info] Got 0 sessions for read:user,repo,user:email,workflow...
2025-10-15 19:44:50.641 [info] Getting sessions for read:user...
2025-10-15 19:44:50.641 [info] Got 0 sessions for read:user...
2025-10-15 19:44:50.642 [info] Getting sessions for user:email...
2025-10-15 19:44:50.642 [info] Got 1 sessions for user:email...
2025-10-15 19:44:51.023 [info] Getting sessions for read:user,repo,user:email,workflow...
2025-10-15 19:44:51.023 [info] Got 0 sessions for read:user,repo,user:email,workflow...
2025-10-15 19:44:51.024 [info] Getting sessions for read:user...
2025-10-15 19:44:51.024 [info] Got 0 sessions for read:user...
2025-10-15 19:44:51.025 [info] Getting sessions for user:email...
2025-10-15 19:44:51.025 [info] Got 1 sessions for user:email...
2025-10-15 19:44:52.358 [info] Getting sessions for read:user,repo,user:email,workflow...
2025-10-15 19:44:52.358 [info] Got 0 sessions for read:user,repo,user:email,workflow...
2025-10-15 19:44:52.405 [info] Getting sessions for read:user...
2025-10-15 19:44:52.405 [info] Got 0 sessions for read:user...
2025-10-15 19:44:52.406 [info] Getting sessions for user:email...
2025-10-15 19:44:52.406 [info] Got 1 sessions for user:email...
2025-10-15 19:44:54.325 [info] Getting sessions for read:user,repo,user:email,workflow...
2025-10-15 19:44:54.325 [info] Got 0 sessions for read:user,repo,user:email,workflow...
2025-10-15 19:44:54.326 [info] Getting sessions for read:user...
2025-10-15 19:44:54.326 [info] Got 0 sessions for read:user...
2025-10-15 19:44:54.327 [info] Getting sessions for user:email...
2025-10-15 19:44:54.327 [info] Got 1 sessions for user:email...
2025-10-15 19:45:31.212 [info] Getting sessions for read:user,repo,user:email,workflow...
2025-10-15 19:45:31.212 [info] Got 0 sessions for read:user,repo,user:email,workflow...
2025-10-15 19:45:31.213 [info] Getting sessions for read:user...
2025-10-15 19:45:31.213 [info] Got 0 sessions for read:user...
2025-10-15 19:45:31.214 [info] Getting sessions for user:email...
2025-10-15 19:45:31.214 [info] Got 1 sessions for user:email...
2025-10-15 19:45:32.931 [info] Getting sessions for read:user,repo,user:email,workflow...
2025-10-15 19:45:32.931 [info] Got 0 sessions for read:user,repo,user:email,workflow...
2025-10-15 19:45:32.932 [info] Getting sessions for read:user...
2025-10-15 19:45:32.932 [info] Got 0 sessions for read:user...
2025-10-15 19:45:32.933 [info] Getting sessions for user:email...
2025-10-15 19:45:32.933 [info] Got 1 sessions for user:email...
2025-10-15 19:45:34.714 [info] Getting sessions for read:user,repo,user:email,workflow...
2025-10-15 19:45:34.714 [info] Got 0 sessions for read:user,repo,user:email,workflow...
2025-10-15 19:45:34.716 [info] Getting sessions for read:user...
2025-10-15 19:45:34.716 [info] Got 0 sessions for read:user...
2025-10-15 19:45:34.717 [info] Getting sessions for user:email...
2025-10-15 19:45:34.717 [info] Got 1 sessions for user:email...
2025-10-15 19:45:38.861 [info] Getting sessions for read:user,repo,user:email,workflow...
2025-10-15 19:45:38.861 [info] Got 0 sessions for read:user,repo,user:email,workflow...
2025-10-15 19:45:38.863 [info] Getting sessions for read:user...
2025-10-15 19:45:38.863 [info] Got 0 sessions for read:user...
2025-10-15 19:45:38.863 [info] Getting sessions for user:email...
2025-10-15 19:45:38.863 [info] Got 1 sessions for user:email...
2025-10-15 19:45:39.859 [info] Getting sessions for read:user,repo,user:email,workflow...
2025-10-15 19:45:39.859 [info] Got 0 sessions for read:user,repo,user:email,workflow...
2025-10-15 19:45:39.862 [info] Getting sessions for read:user...
2025-10-15 19:45:39.862 [info] Got 0 sessions for read:user...
2025-10-15 19:45:39.862 [info] Getting sessions for user:email...
2025-10-15 19:45:39.863 [info] Got 1 sessions for user:email...
2025-10-15 19:45:41.966 [info] Getting sessions for read:user,repo,user:email,workflow...
2025-10-15 19:45:41.966 [info] Got 0 sessions for read:user,repo,user:email,workflow...
2025-10-15 19:45:41.967 [info] Getting sessions for read:user...
2025-10-15 19:45:41.967 [info] Got 0 sessions for read:user...
2025-10-15 19:45:41.967 [info] Getting sessions for user:email...
2025-10-15 19:45:41.967 [info] Got 1 sessions for user:email...
2025-10-15 19:45:46.570 [info] Getting sessions for read:user,repo,user:email,workflow...
2025-10-15 19:45:46.570 [info] Got 0 sessions for read:user,repo,user:email,workflow...
2025-10-15 19:45:46.571 [info] Getting sessions for read:user...
2025-10-15 19:45:46.571 [info] Got 0 sessions for read:user...
2025-10-15 19:45:46.571 [info] Getting sessions for user:email...
2025-10-15 19:45:46.571 [info] Got 1 sessions for user:email...
2025-10-15 19:45:57.079 [info] Getting sessions for read:user,repo,user:email,workflow...
2025-10-15 19:45:57.079 [info] Got 0 sessions for read:user,repo,user:email,workflow...
2025-10-15 19:45:57.080 [info] Getting sessions for read:user...
2025-10-15 19:45:57.080 [info] Got 0 sessions for read:user...
2025-10-15 19:45:57.081 [info] Getting sessions for user:email...
2025-10-15 19:45:57.081 [info] Got 1 sessions for user:email...
2025-10-15 19:45:57.961 [info] Getting sessions for read:user,repo,user:email,workflow...
2025-10-15 19:45:57.961 [info] Got 0 sessions for read:user,repo,user:email,workflow...
2025-10-15 19:45:57.961 [info] Getting sessions for read:user...
2025-10-15 19:45:57.961 [info] Got 0 sessions for read:user...
2025-10-15 19:45:57.962 [info] Getting sessions for user:email...
2025-10-15 19:45:57.962 [info] Got 1 sessions for user:email...
2025-10-15 19:45:58.586 [info] Getting sessions for read:user,repo,user:email,workflow...
2025-10-15 19:45:58.586 [info] Got 0 sessions for read:user,repo,user:email,workflow...
2025-10-15 19:45:58.586 [info] Getting sessions for read:user...
2025-10-15 19:45:58.586 [info] Got 0 sessions for read:user...
2025-10-15 19:45:58.587 [info] Getting sessions for user:email...
2025-10-15 19:45:58.587 [info] Got 1 sessions for user:email...
2025-10-15 19:45:59.322 [info] Getting sessions for read:user,repo,user:email,workflow...
2025-10-15 19:45:59.322 [info] Got 0 sessions for read:user,repo,user:email,workflow...
2025-10-15 19:45:59.323 [info] Getting sessions for read:user...
2025-10-15 19:45:59.323 [info] Got 0 sessions for read:user...
2025-10-15 19:45:59.324 [info] Getting sessions for user:email...
2025-10-15 19:45:59.324 [info] Got 1 sessions for user:email...
2025-10-15 19:45:59.589 [info] Getting sessions for read:user,repo,user:email,workflow...
2025-10-15 19:45:59.589 [info] Got 0 sessions for read:user,repo,user:email,workflow...
2025-10-15 19:45:59.590 [info] Getting sessions for read:user...
2025-10-15 19:45:59.590 [info] Got 0 sessions for read:user...
2025-10-15 19:45:59.591 [info] Getting sessions for user:email...
2025-10-15 19:45:59.591 [info] Got 1 sessions for user:email...
2025-10-15 19:46:00.657 [info] Getting sessions for read:user,repo,user:email,workflow...
2025-10-15 19:46:00.657 [info] Got 0 sessions for read:user,repo,user:email,workflow...
2025-10-15 19:46:00.658 [info] Getting sessions for read:user...
2025-10-15 19:46:00.658 [info] Got 0 sessions for read:user...
2025-10-15 19:46:00.658 [info] Getting sessions for user:email...
2025-10-15 19:46:00.658 [info] Got 1 sessions for user:email...
2025-10-15 19:46:19.441 [info] Getting sessions for read:user,repo,user:email,workflow...
2025-10-15 19:46:19.441 [info] Got 0 sessions for read:user,repo,user:email,workflow...
2025-10-15 19:46:19.441 [info] Getting sessions for read:user...
2025-10-15 19:46:19.442 [info] Got 0 sessions for read:user...
2025-10-15 19:46:19.442 [info] Getting sessions for user:email...
2025-10-15 19:46:19.442 [info] Got 1 sessions for user:email...
2025-10-15 19:46:28.989 [info] Getting sessions for read:user,repo,user:email,workflow...
2025-10-15 19:46:28.989 [info] Got 0 sessions for read:user,repo,user:email,workflow...
2025-10-15 19:46:28.994 [info] Getting sessions for read:user...
2025-10-15 19:46:28.994 [info] Got 0 sessions for read:user...
2025-10-15 19:46:28.995 [info] Getting sessions for user:email...
2025-10-15 19:46:28.995 [info] Got 1 sessions for user:email...
2025-10-15 19:47:37.405 [info] Getting sessions for read:user,repo,user:email,workflow...
2025-10-15 19:47:37.405 [info] Got 0 sessions for read:user,repo,user:email,workflow...
2025-10-15 19:47:37.405 [info] Getting sessions for read:user...
2025-10-15 19:47:37.405 [info] Got 0 sessions for read:user...
2025-10-15 19:47:37.406 [info] Getting sessions for user:email...
2025-10-15 19:47:37.406 [info] Got 1 sessions for user:email...
2025-10-15 19:47:48.373 [info] Getting sessions for read:user,repo,user:email,workflow...
2025-10-15 19:47:48.373 [info] Got 0 sessions for read:user,repo,user:email,workflow...
2025-10-15 19:47:48.374 [info] Getting sessions for read:user...
2025-10-15 19:47:48.374 [info] Got 0 sessions for read:user...
2025-10-15 19:47:48.374 [info] Getting sessions for user:email...
2025-10-15 19:47:48.374 [info] Got 1 sessions for user:email...
2025-10-15 19:47:48.705 [info] Getting sessions for read:user,repo,user:email,workflow...
2025-10-15 19:47:48.705 [info] Got 0 sessions for read:user,repo,user:email,workflow...
2025-10-15 19:47:48.706 [info] Getting sessions for read:user...
2025-10-15 19:47:48.706 [info] Got 0 sessions for read:user...
2025-10-15 19:47:48.707 [info] Getting sessions for user:email...
2025-10-15 19:47:48.707 [info] Got 1 sessions for user:email...
2025-10-15 19:47:58.023 [info] Getting sessions for read:user,repo,user:email,workflow...
2025-10-15 19:47:58.024 [info] Got 0 sessions for read:user,repo,user:email,workflow...
2025-10-15 19:47:58.025 [info] Getting sessions for read:user...
2025-10-15 19:47:58.025 [info] Got 0 sessions for read:user...
2025-10-15 19:47:58.026 [info] Getting sessions for user:email...
2025-10-15 19:47:58.026 [info] Got 1 sessions for user:email...
2025-10-15 19:47:58.504 [info] Getting sessions for read:user,repo,user:email,workflow...
2025-10-15 19:47:58.504 [info] Got 0 sessions for read:user,repo,user:email,workflow...
2025-10-15 19:47:58.521 [info] Getting sessions for read:user...
2025-10-15 19:47:58.521 [info] Got 0 sessions for read:user...
2025-10-15 19:47:58.522 [info] Getting sessions for user:email...
2025-10-15 19:47:58.522 [info] Got 1 sessions for user:email...
2025-10-15 19:48:11.292 [info] Getting sessions for read:user,repo,user:email,workflow...
2025-10-15 19:48:11.292 [info] Got 0 sessions for read:user,repo,user:email,workflow...
2025-10-15 19:48:11.295 [info] Getting sessions for read:user...
2025-10-15 19:48:11.295 [info] Got 0 sessions for read:user...
2025-10-15 19:48:11.297 [info] Getting sessions for user:email...
2025-10-15 19:48:11.297 [info] Got 1 sessions for user:email...
2025-10-15 19:48:11.956 [info] Getting sessions for read:user,repo,user:email,workflow...
2025-10-15 19:48:11.956 [info] Got 0 sessions for read:user,repo,user:email,workflow...
2025-10-15 19:48:12.099 [info] Getting sessions for read:user...
2025-10-15 19:48:12.099 [info] Got 0 sessions for read:user...
2025-10-15 19:48:12.130 [info] Getting sessions for user:email...
2025-10-15 19:48:12.130 [info] Got 1 sessions for user:email...
2025-10-15 19:48:13.413 [info] Getting sessions for read:user,repo,user:email,workflow...
2025-10-15 19:48:13.413 [info] Got 0 sessions for read:user,repo,user:email,workflow...
2025-10-15 19:48:13.414 [info] Getting sessions for read:user...
2025-10-15 19:48:13.414 [info] Got 0 sessions for read:user...
2025-10-15 19:48:13.511 [info] Getting sessions for user:email...
2025-10-15 19:48:13.511 [info] Got 1 sessions for user:email...
2025-10-15 19:48:14.180 [info] Getting sessions for read:user,repo,user:email,workflow...
2025-10-15 19:48:14.180 [info] Got 0 sessions for read:user,repo,user:email,workflow...
2025-10-15 19:48:14.181 [info] Getting sessions for read:user...
2025-10-15 19:48:14.181 [info] Got 0 sessions for read:user...
2025-10-15 19:48:14.181 [info] Getting sessions for user:email...
2025-10-15 19:48:14.181 [info] Got 1 sessions for user:email...
2025-10-15 19:48:18.086 [info] Getting sessions for read:user,repo,user:email,workflow...
2025-10-15 19:48:18.086 [info] Got 0 sessions for read:user,repo,user:email,workflow...
2025-10-15 19:48:18.087 [info] Getting sessions for read:user...
2025-10-15 19:48:18.087 [info] Got 0 sessions for read:user...
2025-10-15 19:48:18.088 [info] Getting sessions for user:email...
2025-10-15 19:48:18.088 [info] Got 1 sessions for user:email...
2025-10-15 19:48:18.406 [info] Getting sessions for read:user,repo,user:email,workflow...
2025-10-15 19:48:18.406 [info] Got 0 sessions for read:user,repo,user:email,workflow...
2025-10-15 19:48:18.407 [info] Getting sessions for read:user...
2025-10-15 19:48:18.407 [info] Got 0 sessions for read:user...
2025-10-15 19:48:18.410 [info] Getting sessions for user:email...
2025-10-15 19:48:18.410 [info] Got 1 sessions for user:email...
2025-10-15 19:48:19.825 [info] Getting sessions for read:user,repo,user:email,workflow...
2025-10-15 19:48:19.825 [info] Got 0 sessions for read:user,repo,user:email,workflow...
2025-10-15 19:48:19.825 [info] Getting sessions for read:user...
2025-10-15 19:48:19.825 [info] Got 0 sessions for read:user...
2025-10-15 19:48:19.826 [info] Getting sessions for user:email...
2025-10-15 19:48:19.826 [info] Got 1 sessions for user:email...
2025-10-15 19:49:49.790 [info] Getting sessions for read:user,repo,user:email,workflow...
2025-10-15 19:49:49.790 [info] Got 0 sessions for read:user,repo,user:email,workflow...
2025-10-15 19:49:49.791 [info] Getting sessions for read:user...
2025-10-15 19:49:49.791 [info] Got 0 sessions for read:user...
2025-10-15 19:49:49.792 [info] Getting sessions for user:email...
2025-10-15 19:49:49.792 [info] Got 1 sessions for user:email...
2025-10-15 19:49:51.120 [info] Getting sessions for read:user,repo,user:email,workflow...
2025-10-15 19:49:51.120 [info] Got 0 sessions for read:user,repo,user:email,workflow...
2025-10-15 19:49:51.120 [info] Getting sessions for read:user...
2025-10-15 19:49:51.120 [info] Got 0 sessions for read:user...
2025-10-15 19:49:51.121 [info] Getting sessions for user:email...
2025-10-15 19:49:51.121 [info] Got 1 sessions for user:email...
2025-10-15 19:50:01.236 [info] Getting sessions for read:user,repo,user:email,workflow...
2025-10-15 19:50:01.236 [info] Got 0 sessions for read:user,repo,user:email,workflow...
2025-10-15 19:50:01.237 [info] Getting sessions for read:user...
2025-10-15 19:50:01.237 [info] Got 0 sessions for read:user...
2025-10-15 19:50:01.237 [info] Getting sessions for user:email...
2025-10-15 19:50:01.237 [info] Got 1 sessions for user:email...
2025-10-15 19:50:02.945 [info] Getting sessions for read:user,repo,user:email,workflow...
2025-10-15 19:50:02.945 [info] Got 0 sessions for read:user,repo,user:email,workflow...
2025-10-15 19:50:02.945 [info] Getting sessions for read:user...
2025-10-15 19:50:02.946 [info] Got 0 sessions for read:user...
2025-10-15 19:50:02.946 [info] Getting sessions for user:email...
2025-10-15 19:50:02.946 [info] Got 1 sessions for user:email...
2025-10-15 19:50:49.734 [info] Getting sessions for read:user,repo,user:email,workflow...
2025-10-15 19:50:49.734 [info] Got 0 sessions for read:user,repo,user:email,workflow...
2025-10-15 19:50:49.742 [info] Getting sessions for read:user...
2025-10-15 19:50:49.742 [info] Got 0 sessions for read:user...
2025-10-15 19:50:49.743 [info] Getting sessions for user:email...
2025-10-15 19:50:49.743 [info] Got 1 sessions for user:email...
2025-10-15 19:50:50.187 [info] Getting sessions for read:user,repo,user:email,workflow...
2025-10-15 19:50:50.187 [info] Got 0 sessions for read:user,repo,user:email,workflow...
2025-10-15 19:50:50.188 [info] Getting sessions for read:user...
2025-10-15 19:50:50.188 [info] Got 0 sessions for read:user...
2025-10-15 19:50:50.189 [info] Getting sessions for user:email...
2025-10-15 19:50:50.189 [info] Got 1 sessions for user:email...
2025-10-15 19:51:04.462 [info] Getting sessions for read:user,repo,user:email,workflow...
2025-10-15 19:51:04.462 [info] Got 0 sessions for read:user,repo,user:email,workflow...
2025-10-15 19:51:04.463 [info] Getting sessions for read:user...
2025-10-15 19:51:04.463 [info] Got 0 sessions for read:user...
2025-10-15 19:51:04.464 [info] Getting sessions for user:email...
2025-10-15 19:51:04.464 [info] Got 1 sessions for user:email...
2025-10-15 19:51:07.766 [info] Getting sessions for read:user,repo,user:email,workflow...
2025-10-15 19:51:07.766 [info] Got 0 sessions for read:user,repo,user:email,workflow...
2025-10-15 19:51:07.773 [info] Getting sessions for read:user...
2025-10-15 19:51:07.773 [info] Got 0 sessions for read:user...
2025-10-15 19:51:07.774 [info] Getting sessions for user:email...
2025-10-15 19:51:07.774 [info] Got 1 sessions for user:email...
2025-10-15 19:51:08.208 [info] Getting sessions for read:user,repo,user:email,workflow...
2025-10-15 19:51:08.208 [info] Got 0 sessions for read:user,repo,user:email,workflow...
2025-10-15 19:51:08.209 [info] Getting sessions for read:user...
2025-10-15 19:51:08.209 [info] Got 0 sessions for read:user...
2025-10-15 19:51:08.210 [info] Getting sessions for user:email...
2025-10-15 19:51:08.210 [info] Got 1 sessions for user:email...
2025-10-15 19:51:09.070 [info] Getting sessions for read:user,repo,user:email,workflow...
2025-10-15 19:51:09.071 [info] Got 0 sessions for read:user,repo,user:email,workflow...
2025-10-15 19:51:09.072 [info] Getting sessions for read:user...
2025-10-15 19:51:09.072 [info] Got 0 sessions for read:user...
2025-10-15 19:51:09.073 [info] Getting sessions for user:email...
2025-10-15 19:51:09.073 [info] Got 1 sessions for user:email...
2025-10-15 19:51:14.119 [info] Getting sessions for read:user,repo,user:email,workflow...
2025-10-15 19:51:14.119 [info] Got 0 sessions for read:user,repo,user:email,workflow...
2025-10-15 19:51:14.120 [info] Getting sessions for read:user...
2025-10-15 19:51:14.120 [info] Got 0 sessions for read:user...
2025-10-15 19:51:14.121 [info] Getting sessions for user:email...
2025-10-15 19:51:14.121 [info] Got 1 sessions for user:email...
2025-10-15 19:51:14.524 [info] Getting sessions for read:user,repo,user:email,workflow...
2025-10-15 19:51:14.524 [info] Got 0 sessions for read:user,repo,user:email,workflow...
2025-10-15 19:51:14.527 [info] Getting sessions for read:user...
2025-10-15 19:51:14.527 [info] Got 0 sessions for read:user...
2025-10-15 19:51:14.528 [info] Getting sessions for user:email...
2025-10-15 19:51:14.528 [info] Got 1 sessions for user:email...
2025-10-15 19:51:21.737 [info] Getting sessions for read:user,repo,user:email,workflow...
2025-10-15 19:51:21.737 [info] Got 0 sessions for read:user,repo,user:email,workflow...
2025-10-15 19:51:21.762 [info] Getting sessions for read:user...
2025-10-15 19:51:21.762 [info] Got 0 sessions for read:user...
2025-10-15 19:51:21.763 [info] Getting sessions for user:email...
2025-10-15 19:51:21.763 [info] Got 1 sessions for user:email...
2025-10-15 19:51:44.207 [info] Getting sessions for read:user,repo,user:email,workflow...
2025-10-15 19:51:44.207 [info] Got 0 sessions for read:user,repo,user:email,workflow...
2025-10-15 19:51:44.208 [info] Getting sessions for read:user...
2025-10-15 19:51:44.208 [info] Got 0 sessions for read:user...
2025-10-15 19:51:44.209 [info] Getting sessions for user:email...
2025-10-15 19:51:44.209 [info] Got 1 sessions for user:email...
2025-10-15 19:51:44.601 [info] Getting sessions for read:user,repo,user:email,workflow...
2025-10-15 19:51:44.601 [info] Got 0 sessions for read:user,repo,user:email,workflow...
2025-10-15 19:51:44.602 [info] Getting sessions for read:user...
2025-10-15 19:51:44.602 [info] Got 0 sessions for read:user...
2025-10-15 19:51:44.604 [info] Getting sessions for user:email...
2025-10-15 19:51:44.604 [info] Got 1 sessions for user:email...
2025-10-15 19:52:21.775 [info] Getting sessions for read:user,repo,user:email,workflow...
2025-10-15 19:52:21.775 [info] Got 0 sessions for read:user,repo,user:email,workflow...
2025-10-15 19:52:21.776 [info] Getting sessions for read:user...
2025-10-15 19:52:21.776 [info] Got 0 sessions for read:user...
2025-10-15 19:52:21.777 [info] Getting sessions for user:email...
2025-10-15 19:52:21.777 [info] Got 1 sessions for user:email...
2025-10-15 19:53:09.099 [info] Getting sessions for read:user,repo,user:email,workflow...
2025-10-15 19:53:09.099 [info] Got 0 sessions for read:user,repo,user:email,workflow...
2025-10-15 19:53:09.102 [info] Getting sessions for read:user...
2025-10-15 19:53:09.102 [info] Got 0 sessions for read:user...
2025-10-15 19:53:09.102 [info] Getting sessions for user:email...
2025-10-15 19:53:09.102 [info] Got 1 sessions for user:email...
2025-10-15 19:53:13.472 [info] Getting sessions for read:user,repo,user:email,workflow...
2025-10-15 19:53:13.472 [info] Got 0 sessions for read:user,repo,user:email,workflow...
2025-10-15 19:53:13.476 [info] Getting sessions for read:user...
2025-10-15 19:53:13.476 [info] Got 0 sessions for read:user...
2025-10-15 19:53:13.478 [info] Getting sessions for user:email...
2025-10-15 19:53:13.478 [info] Got 1 sessions for user:email...
2025-10-15 19:53:15.465 [info] Getting sessions for read:user,repo,user:email,workflow...
2025-10-15 19:53:15.466 [info] Got 0 sessions for read:user,repo,user:email,workflow...
2025-10-15 19:53:15.466 [info] Getting sessions for read:user...
2025-10-15 19:53:15.466 [info] Got 0 sessions for read:user...
2025-10-15 19:53:15.472 [info] Getting sessions for user:email...
2025-10-15 19:53:15.472 [info] Got 1 sessions for user:email...
2025-10-15 19:53:15.758 [info] Getting sessions for read:user,repo,user:email,workflow...
2025-10-15 19:53:15.758 [info] Got 0 sessions for read:user,repo,user:email,workflow...
2025-10-15 19:53:15.759 [info] Getting sessions for read:user...
2025-10-15 19:53:15.759 [info] Got 0 sessions for read:user...
2025-10-15 19:53:15.759 [info] Getting sessions for user:email...
2025-10-15 19:53:15.759 [info] Got 1 sessions for user:email...
2025-10-15 19:53:17.471 [info] Getting sessions for read:user,repo,user:email,workflow...
2025-10-15 19:53:17.471 [info] Got 0 sessions for read:user,repo,user:email,workflow...
2025-10-15 19:53:17.472 [info] Getting sessions for read:user...
2025-10-15 19:53:17.472 [info] Got 0 sessions for read:user...
2025-10-15 19:53:17.473 [info] Getting sessions for user:email...
2025-10-15 19:53:17.473 [info] Got 1 sessions for user:email...
2025-10-15 19:54:02.008 [info] Getting sessions for read:user,repo,user:email,workflow...
2025-10-15 19:54:02.008 [info] Got 0 sessions for read:user,repo,user:email,workflow...
2025-10-15 19:54:02.010 [info] Getting sessions for read:user...
2025-10-15 19:54:02.010 [info] Got 0 sessions for read:user...
2025-10-15 19:54:02.011 [info] Getting sessions for user:email...
2025-10-15 19:54:02.011 [info] Got 1 sessions for user:email...
2025-10-15 19:54:04.325 [info] Getting sessions for read:user,repo,user:email,workflow...
2025-10-15 19:54:04.325 [info] Got 0 sessions for read:user,repo,user:email,workflow...
2025-10-15 19:54:04.326 [info] Getting sessions for read:user...
2025-10-15 19:54:04.326 [info] Got 0 sessions for read:user...
2025-10-15 19:54:04.327 [info] Getting sessions for user:email...
2025-10-15 19:54:04.327 [info] Got 1 sessions for user:email...
2025-10-15 19:56:52.591 [info] Getting sessions for read:user,repo,user:email,workflow...
2025-10-15 19:56:52.591 [info] Got 0 sessions for read:user,repo,user:email,workflow...
2025-10-15 19:56:52.593 [info] Getting sessions for read:user...
2025-10-15 19:56:52.593 [info] Got 0 sessions for read:user...
2025-10-15 19:56:52.608 [info] Getting sessions for user:email...
2025-10-15 19:56:52.608 [info] Got 1 sessions for user:email...
2025-10-15 19:58:01.595 [info] Getting sessions for read:user,repo,user:email,workflow...
2025-10-15 19:58:01.595 [info] Got 0 sessions for read:user,repo,user:email,workflow...
2025-10-15 19:58:01.596 [info] Getting sessions for read:user...
2025-10-15 19:58:01.596 [info] Got 0 sessions for read:user...
2025-10-15 19:58:01.597 [info] Getting sessions for user:email...
2025-10-15 19:58:01.597 [info] Got 1 sessions for user:email...
2025-10-15 19:58:03.434 [info] Getting sessions for read:user,repo,user:email,workflow...
2025-10-15 19:58:03.434 [info] Got 0 sessions for read:user,repo,user:email,workflow...
2025-10-15 19:58:03.435 [info] Getting sessions for read:user...
2025-10-15 19:58:03.435 [info] Got 0 sessions for read:user...
2025-10-15 19:58:03.436 [info] Getting sessions for user:email...
2025-10-15 19:58:03.436 [info] Got 1 sessions for user:email...
2025-10-15 19:58:06.185 [info] Getting sessions for read:user,repo,user:email,workflow...
2025-10-15 19:58:06.185 [info] Got 0 sessions for read:user,repo,user:email,workflow...
2025-10-15 19:58:06.186 [info] Getting sessions for read:user...
2025-10-15 19:58:06.186 [info] Got 0 sessions for read:user...
2025-10-15 19:58:06.187 [info] Getting sessions for user:email...
2025-10-15 19:58:06.187 [info] Got 1 sessions for user:email...
2025-10-15 19:58:06.726 [info] Getting sessions for read:user,repo,user:email,workflow...
2025-10-15 19:58:06.726 [info] Got 0 sessions for read:user,repo,user:email,workflow...
2025-10-15 19:58:06.727 [info] Getting sessions for read:user...
2025-10-15 19:58:06.727 [info] Got 0 sessions for read:user...
2025-10-15 19:58:06.728 [info] Getting sessions for user:email...
2025-10-15 19:58:06.728 [info] Got 1 sessions for user:email...
2025-10-15 19:58:12.383 [info] Getting sessions for read:user,repo,user:email,workflow...
2025-10-15 19:58:12.383 [info] Got 0 sessions for read:user,repo,user:email,workflow...
2025-10-15 19:58:12.384 [info] Getting sessions for read:user...
2025-10-15 19:58:12.384 [info] Got 0 sessions for read:user...
2025-10-15 19:58:12.386 [info] Getting sessions for user:email...
2025-10-15 19:58:12.386 [info] Got 1 sessions for user:email...
2025-10-15 20:01:58.455 [info] Getting sessions for read:user,repo,user:email,workflow...
2025-10-15 20:01:58.455 [info] Got 0 sessions for read:user,repo,user:email,workflow...
2025-10-15 20:01:58.456 [info] Getting sessions for read:user...
2025-10-15 20:01:58.456 [info] Got 0 sessions for read:user...
2025-10-15 20:01:58.456 [info] Getting sessions for user:email...
2025-10-15 20:01:58.456 [info] Got 1 sessions for user:email...
2025-10-15 20:02:40.237 [info] Getting sessions for read:user,repo,user:email,workflow...
2025-10-15 20:02:40.237 [info] Got 0 sessions for read:user,repo,user:email,workflow...
2025-10-15 20:02:40.241 [info] Getting sessions for read:user...
2025-10-15 20:02:40.241 [info] Got 0 sessions for read:user...
2025-10-15 20:02:40.242 [info] Getting sessions for user:email...
2025-10-15 20:02:40.242 [info] Got 1 sessions for user:email...
2025-10-15 20:02:40.774 [info] Getting sessions for read:user,repo,user:email,workflow...
2025-10-15 20:02:40.774 [info] Got 0 sessions for read:user,repo,user:email,workflow...
2025-10-15 20:02:40.774 [info] Getting sessions for read:user...
2025-10-15 20:02:40.774 [info] Got 0 sessions for read:user...
2025-10-15 20:02:40.775 [info] Getting sessions for user:email...
2025-10-15 20:02:40.775 [info] Got 1 sessions for user:email...
2025-10-15 20:02:42.548 [info] Getting sessions for read:user,repo,user:email,workflow...
2025-10-15 20:02:42.549 [info] Got 0 sessions for read:user,repo,user:email,workflow...
2025-10-15 20:02:42.549 [info] Getting sessions for read:user...
2025-10-15 20:02:42.549 [info] Got 0 sessions for read:user...
2025-10-15 20:02:42.550 [info] Getting sessions for user:email...
2025-10-15 20:02:42.550 [info] Got 1 sessions for user:email...
2025-10-15 20:02:45.001 [info] Getting sessions for read:user,repo,user:email,workflow...
2025-10-15 20:02:45.001 [info] Got 0 sessions for read:user,repo,user:email,workflow...
2025-10-15 20:02:45.002 [info] Getting sessions for read:user...
2025-10-15 20:02:45.002 [info] Got 0 sessions for read:user...
2025-10-15 20:02:45.003 [info] Getting sessions for user:email...
2025-10-15 20:02:45.003 [info] Got 1 sessions for user:email...
2025-10-15 20:02:45.568 [info] Getting sessions for read:user,repo,user:email,workflow...
2025-10-15 20:02:45.568 [info] Got 0 sessions for read:user,repo,user:email,workflow...
2025-10-15 20:02:45.569 [info] Getting sessions for read:user...
2025-10-15 20:02:45.569 [info] Got 0 sessions for read:user...
2025-10-15 20:02:45.570 [info] Getting sessions for user:email...
2025-10-15 20:02:45.570 [info] Got 1 sessions for user:email...
2025-10-15 20:02:46.107 [info] Getting sessions for read:user,repo,user:email,workflow...
2025-10-15 20:02:46.108 [info] Got 0 sessions for read:user,repo,user:email,workflow...
2025-10-15 20:02:46.108 [info] Getting sessions for read:user...
2025-10-15 20:02:46.108 [info] Got 0 sessions for read:user...
2025-10-15 20:02:46.109 [info] Getting sessions for user:email...
2025-10-15 20:02:46.109 [info] Got 1 sessions for user:email...
2025-10-15 20:02:46.784 [info] Getting sessions for read:user,repo,user:email,workflow...
2025-10-15 20:02:46.784 [info] Got 0 sessions for read:user,repo,user:email,workflow...
2025-10-15 20:02:46.785 [info] Getting sessions for read:user...
2025-10-15 20:02:46.785 [info] Got 0 sessions for read:user...
2025-10-15 20:02:46.786 [info] Getting sessions for user:email...
2025-10-15 20:02:46.786 [info] Got 1 sessions for user:email...
2025-10-15 20:03:29.918 [info] Getting sessions for all scopes...
2025-10-15 20:03:29.918 [info] Got 1 sessions for ...
2025-10-15 20:03:40.882 [info] Getting sessions for read:user,repo,user:email,workflow...
2025-10-15 20:03:40.882 [info] Got 0 sessions for read:user,repo,user:email,workflow...
2025-10-15 20:03:40.885 [info] Getting sessions for read:user...
2025-10-15 20:03:40.885 [info] Got 0 sessions for read:user...
2025-10-15 20:03:40.885 [info] Getting sessions for user:email...
2025-10-15 20:03:40.885 [info] Got 1 sessions for user:email...
2025-10-15 20:03:41.573 [info] Getting sessions for read:user,repo,user:email,workflow...
2025-10-15 20:03:41.573 [info] Got 0 sessions for read:user,repo,user:email,workflow...
2025-10-15 20:03:41.574 [info] Getting sessions for read:user...
2025-10-15 20:03:41.574 [info] Got 0 sessions for read:user...
2025-10-15 20:03:41.575 [info] Getting sessions for user:email...
2025-10-15 20:03:41.575 [info] Got 1 sessions for user:email...
2025-10-15 20:03:42.227 [info] Getting sessions for read:user,repo,user:email,workflow...
2025-10-15 20:03:42.227 [info] Got 0 sessions for read:user,repo,user:email,workflow...
2025-10-15 20:03:42.228 [info] Getting sessions for read:user...
2025-10-15 20:03:42.228 [info] Got 0 sessions for read:user...
2025-10-15 20:03:42.228 [info] Getting sessions for user:email...
2025-10-15 20:03:42.228 [info] Got 1 sessions for user:email...
2025-10-15 20:03:42.607 [info] Getting sessions for read:user,repo,user:email,workflow...
2025-10-15 20:03:42.607 [info] Got 0 sessions for read:user,repo,user:email,workflow...
2025-10-15 20:03:42.607 [info] Getting sessions for read:user...
2025-10-15 20:03:42.607 [info] Got 0 sessions for read:user...
2025-10-15 20:03:42.608 [info] Getting sessions for user:email...
2025-10-15 20:03:42.608 [info] Got 1 sessions for user:email...
2025-10-15 20:03:48.219 [info] Getting sessions for read:user,repo,user:email,workflow...
2025-10-15 20:03:48.219 [info] Got 0 sessions for read:user,repo,user:email,workflow...
2025-10-15 20:03:48.220 [info] Getting sessions for read:user...
2025-10-15 20:03:48.220 [info] Got 0 sessions for read:user...
2025-10-15 20:03:48.221 [info] Getting sessions for user:email...
2025-10-15 20:03:48.221 [info] Got 1 sessions for user:email...
2025-10-15 20:03:48.895 [info] Getting sessions for read:user,repo,user:email,workflow...
2025-10-15 20:03:48.895 [info] Got 0 sessions for read:user,repo,user:email,workflow...
2025-10-15 20:03:48.896 [info] Getting sessions for read:user...
2025-10-15 20:03:48.896 [info] Got 0 sessions for read:user...
2025-10-15 20:03:48.896 [info] Getting sessions for user:email...
2025-10-15 20:03:48.896 [info] Got 1 sessions for user:email...
2025-10-15 20:03:49.911 [info] Getting sessions for read:user,repo,user:email,workflow...
2025-10-15 20:03:49.911 [info] Got 0 sessions for read:user,repo,user:email,workflow...
2025-10-15 20:03:49.913 [info] Getting sessions for read:user...
2025-10-15 20:03:49.913 [info] Got 0 sessions for read:user...
2025-10-15 20:03:49.914 [info] Getting sessions for user:email...
2025-10-15 20:03:49.914 [info] Got 1 sessions for user:email...
2025-10-15 20:03:50.252 [info] Getting sessions for read:user,repo,user:email,workflow...
2025-10-15 20:03:50.252 [info] Got 0 sessions for read:user,repo,user:email,workflow...
2025-10-15 20:03:50.253 [info] Getting sessions for read:user...
2025-10-15 20:03:50.253 [info] Got 0 sessions for read:user...
2025-10-15 20:03:50.254 [info] Getting sessions for user:email...
2025-10-15 20:03:50.254 [info] Got 1 sessions for user:email...
2025-10-15 20:03:51.228 [info] Getting sessions for read:user,repo,user:email,workflow...
2025-10-15 20:03:51.228 [info] Got 0 sessions for read:user,repo,user:email,workflow...
2025-10-15 20:03:51.232 [info] Getting sessions for read:user...
2025-10-15 20:03:51.232 [info] Got 0 sessions for read:user...
2025-10-15 20:03:51.233 [info] Getting sessions for user:email...
2025-10-15 20:03:51.233 [info] Got 1 sessions for user:email...
2025-10-15 20:03:53.597 [info] Getting sessions for read:user,repo,user:email,workflow...
2025-10-15 20:03:53.597 [info] Got 0 sessions for read:user,repo,user:email,workflow...
2025-10-15 20:03:53.597 [info] Getting sessions for read:user...
2025-10-15 20:03:53.597 [info] Got 0 sessions for read:user...
2025-10-15 20:03:53.598 [info] Getting sessions for user:email...
2025-10-15 20:03:53.598 [info] Got 1 sessions for user:email...
2025-10-15 20:03:54.477 [info] Getting sessions for read:user,repo,user:email,workflow...
2025-10-15 20:03:54.477 [info] Got 0 sessions for read:user,repo,user:email,workflow...
2025-10-15 20:03:54.478 [info] Getting sessions for read:user...
2025-10-15 20:03:54.478 [info] Got 0 sessions for read:user...
2025-10-15 20:03:54.483 [info] Getting sessions for user:email...
2025-10-15 20:03:54.483 [info] Got 1 sessions for user:email...
2025-10-15 20:03:54.928 [info] Getting sessions for read:user,repo,user:email,workflow...
2025-10-15 20:03:54.928 [info] Got 0 sessions for read:user,repo,user:email,workflow...
2025-10-15 20:03:54.929 [info] Getting sessions for read:user...
2025-10-15 20:03:54.929 [info] Got 0 sessions for read:user...
2025-10-15 20:03:54.929 [info] Getting sessions for user:email...
2025-10-15 20:03:54.930 [info] Got 1 sessions for user:email...
2025-10-15 20:03:55.549 [info] Getting sessions for read:user,repo,user:email,workflow...
2025-10-15 20:03:55.549 [info] Got 0 sessions for read:user,repo,user:email,workflow...
2025-10-15 20:03:55.550 [info] Getting sessions for read:user...
2025-10-15 20:03:55.550 [info] Got 0 sessions for read:user...
2025-10-15 20:03:55.557 [info] Getting sessions for user:email...
2025-10-15 20:03:55.557 [info] Got 1 sessions for user:email...
2025-10-15 20:07:55.901 [info] Getting sessions for read:user,repo,user:email,workflow...
2025-10-15 20:07:55.901 [info] Got 0 sessions for read:user,repo,user:email,workflow...
2025-10-15 20:07:55.902 [info] Getting sessions for read:user...
2025-10-15 20:07:55.902 [info] Got 0 sessions for read:user...
2025-10-15 20:07:55.903 [info] Getting sessions for user:email...
2025-10-15 20:07:55.903 [info] Got 1 sessions for user:email...
2025-10-15 20:07:59.120 [info] Getting sessions for read:user,repo,user:email,workflow...
2025-10-15 20:07:59.120 [info] Got 0 sessions for read:user,repo,user:email,workflow...
2025-10-15 20:07:59.121 [info] Getting sessions for read:user...
2025-10-15 20:07:59.121 [info] Got 0 sessions for read:user...
2025-10-15 20:07:59.121 [info] Getting sessions for user:email...
2025-10-15 20:07:59.121 [info] Got 1 sessions for user:email...
2025-10-15 20:07:59.626 [info] Getting sessions for read:user,repo,user:email,workflow...
2025-10-15 20:07:59.626 [info] Got 0 sessions for read:user,repo,user:email,workflow...
2025-10-15 20:07:59.627 [info] Getting sessions for read:user...
2025-10-15 20:07:59.627 [info] Got 0 sessions for read:user...
2025-10-15 20:07:59.628 [info] Getting sessions for user:email...
2025-10-15 20:07:59.628 [info] Got 1 sessions for user:email...
2025-10-15 20:08:00.787 [info] Getting sessions for read:user,repo,user:email,workflow...
2025-10-15 20:08:00.787 [info] Got 0 sessions for read:user,repo,user:email,workflow...
2025-10-15 20:08:00.788 [info] Getting sessions for read:user...
2025-10-15 20:08:00.788 [info] Got 0 sessions for read:user...
2025-10-15 20:08:00.789 [info] Getting sessions for user:email...
2025-10-15 20:08:00.789 [info] Got 1 sessions for user:email...
2025-10-15 20:08:01.953 [info] Getting sessions for read:user,repo,user:email,workflow...
2025-10-15 20:08:01.953 [info] Got 0 sessions for read:user,repo,user:email,workflow...
2025-10-15 20:08:01.954 [info] Getting sessions for read:user...
2025-10-15 20:08:01.954 [info] Got 0 sessions for read:user...
2025-10-15 20:08:01.962 [info] Getting sessions for user:email...
2025-10-15 20:08:01.962 [info] Got 1 sessions for user:email...
2025-10-15 20:08:02.757 [info] Getting sessions for read:user,repo,user:email,workflow...
2025-10-15 20:08:02.757 [info] Got 0 sessions for read:user,repo,user:email,workflow...
2025-10-15 20:08:02.757 [info] Getting sessions for read:user...
2025-10-15 20:08:02.757 [info] Got 0 sessions for read:user...
2025-10-15 20:08:02.758 [info] Getting sessions for user:email...
2025-10-15 20:08:02.758 [info] Got 1 sessions for user:email...
2025-10-15 20:08:38.011 [info] Getting sessions for read:user,repo,user:email,workflow...
2025-10-15 20:08:38.011 [info] Got 0 sessions for read:user,repo,user:email,workflow...
2025-10-15 20:08:38.012 [info] Getting sessions for read:user...
2025-10-15 20:08:38.012 [info] Got 0 sessions for read:user...
2025-10-15 20:08:38.013 [info] Getting sessions for user:email...
2025-10-15 20:08:38.013 [info] Got 1 sessions for user:email...
2025-10-15 20:15:49.042 [info] Getting sessions for read:user,repo,user:email,workflow...
2025-10-15 20:15:49.042 [info] Got 0 sessions for read:user,repo,user:email,workflow...
2025-10-15 20:15:49.045 [info] Getting sessions for read:user...
2025-10-15 20:15:49.045 [info] Got 0 sessions for read:user...
2025-10-15 20:15:49.046 [info] Getting sessions for user:email...
2025-10-15 20:15:49.046 [info] Got 1 sessions for user:email...
2025-10-15 20:15:51.159 [info] Getting sessions for read:user,repo,user:email,workflow...
2025-10-15 20:15:51.159 [info] Got 0 sessions for read:user,repo,user:email,workflow...
2025-10-15 20:15:51.184 [info] Getting sessions for read:user...
2025-10-15 20:15:51.184 [info] Got 0 sessions for read:user...
2025-10-15 20:15:51.203 [info] Getting sessions for user:email...
2025-10-15 20:15:51.203 [info] Got 1 sessions for user:email...
2025-10-15 20:15:53.611 [info] Getting sessions for read:user,repo,user:email,workflow...
2025-10-15 20:15:53.611 [info] Got 0 sessions for read:user,repo,user:email,workflow...
2025-10-15 20:15:53.612 [info] Getting sessions for read:user...
2025-10-15 20:15:53.612 [info] Got 0 sessions for read:user...
2025-10-15 20:15:53.613 [info] Getting sessions for user:email...
2025-10-15 20:15:53.613 [info] Got 1 sessions for user:email...
2025-10-15 20:16:02.524 [info] Getting sessions for read:user,repo,user:email,workflow...
2025-10-15 20:16:02.524 [info] Got 0 sessions for read:user,repo,user:email,workflow...
2025-10-15 20:16:02.526 [info] Getting sessions for read:user...
2025-10-15 20:16:02.526 [info] Got 0 sessions for read:user...
2025-10-15 20:16:02.527 [info] Getting sessions for user:email...
2025-10-15 20:16:02.527 [info] Got 1 sessions for user:email...
2025-10-15 20:16:10.608 [info] Getting sessions for read:user,repo,user:email,workflow...
2025-10-15 20:16:10.608 [info] Got 0 sessions for read:user,repo,user:email,workflow...
2025-10-15 20:16:10.609 [info] Getting sessions for read:user...
2025-10-15 20:16:10.609 [info] Got 0 sessions for read:user...
2025-10-15 20:16:10.610 [info] Getting sessions for user:email...
2025-10-15 20:16:10.610 [info] Got 1 sessions for user:email...
2025-10-15 20:16:12.506 [info] Getting sessions for read:user,repo,user:email,workflow...
2025-10-15 20:16:12.506 [info] Got 0 sessions for read:user,repo,user:email,workflow...
2025-10-15 20:16:12.507 [info] Getting sessions for read:user...
2025-10-15 20:16:12.507 [info] Got 0 sessions for read:user...
2025-10-15 20:16:12.508 [info] Getting sessions for user:email...
2025-10-15 20:16:12.508 [info] Got 1 sessions for user:email...
2025-10-15 20:16:15.090 [info] Getting sessions for read:user,repo,user:email,workflow...
2025-10-15 20:16:15.090 [info] Got 0 sessions for read:user,repo,user:email,workflow...
2025-10-15 20:16:15.091 [info] Getting sessions for read:user...
2025-10-15 20:16:15.091 [info] Got 0 sessions for read:user...
2025-10-15 20:16:15.092 [info] Getting sessions for user:email...
2025-10-15 20:16:15.092 [info] Got 1 sessions for user:email...
2025-10-15 20:16:17.396 [info] Getting sessions for read:user,repo,user:email,workflow...
2025-10-15 20:16:17.396 [info] Got 0 sessions for read:user,repo,user:email,workflow...
2025-10-15 20:16:17.397 [info] Getting sessions for read:user...
2025-10-15 20:16:17.397 [info] Got 0 sessions for read:user...
2025-10-15 20:16:17.398 [info] Getting sessions for user:email...
2025-10-15 20:16:17.398 [info] Got 1 sessions for user:email...
2025-10-15 20:18:07.143 [info] Getting sessions for read:user,repo,user:email,workflow...
2025-10-15 20:18:07.143 [info] Got 0 sessions for read:user,repo,user:email,workflow...
2025-10-15 20:18:07.146 [info] Getting sessions for read:user...
2025-10-15 20:18:07.146 [info] Got 0 sessions for read:user...
2025-10-15 20:18:07.151 [info] Getting sessions for user:email...
2025-10-15 20:18:07.151 [info] Got 1 sessions for user:email...
2025-10-15 20:18:07.676 [info] Getting sessions for read:user,repo,user:email,workflow...
2025-10-15 20:18:07.676 [info] Got 0 sessions for read:user,repo,user:email,workflow...
2025-10-15 20:18:07.677 [info] Getting sessions for read:user...
2025-10-15 20:18:07.677 [info] Got 0 sessions for read:user...
2025-10-15 20:18:07.685 [info] Getting sessions for user:email...
2025-10-15 20:18:07.685 [info] Got 1 sessions for user:email...
2025-10-15 20:18:09.490 [info] Getting sessions for read:user,repo,user:email,workflow...
2025-10-15 20:18:09.490 [info] Got 0 sessions for read:user,repo,user:email,workflow...
2025-10-15 20:18:09.491 [info] Getting sessions for read:user...
2025-10-15 20:18:09.491 [info] Got 0 sessions for read:user...
2025-10-15 20:18:09.492 [info] Getting sessions for user:email...
2025-10-15 20:18:09.492 [info] Got 1 sessions for user:email...
2025-10-15 20:18:10.058 [info] Getting sessions for read:user,repo,user:email,workflow...
2025-10-15 20:18:10.058 [info] Got 0 sessions for read:user,repo,user:email,workflow...
2025-10-15 20:18:10.060 [info] Getting sessions for read:user...
2025-10-15 20:18:10.060 [info] Got 0 sessions for read:user...
2025-10-15 20:18:10.084 [info] Getting sessions for user:email...
2025-10-15 20:18:10.084 [info] Got 1 sessions for user:email...
2025-10-15 20:18:10.677 [info] Getting sessions for read:user,repo,user:email,workflow...
2025-10-15 20:18:10.677 [info] Got 0 sessions for read:user,repo,user:email,workflow...
2025-10-15 20:18:10.678 [info] Getting sessions for read:user...
2025-10-15 20:18:10.678 [info] Got 0 sessions for read:user...
2025-10-15 20:18:10.679 [info] Getting sessions for user:email...
2025-10-15 20:18:10.679 [info] Got 1 sessions for user:email...
2025-10-15 20:18:11.168 [info] Getting sessions for read:user,repo,user:email,workflow...
2025-10-15 20:18:11.168 [info] Got 0 sessions for read:user,repo,user:email,workflow...
2025-10-15 20:18:11.170 [info] Getting sessions for read:user...
2025-10-15 20:18:11.170 [info] Got 0 sessions for read:user...
2025-10-15 20:18:11.171 [info] Getting sessions for user:email...
2025-10-15 20:18:11.171 [info] Got 1 sessions for user:email...
2025-10-15 20:18:11.642 [info] Getting sessions for read:user,repo,user:email,workflow...
2025-10-15 20:18:11.642 [info] Got 0 sessions for read:user,repo,user:email,workflow...
2025-10-15 20:18:11.660 [info] Getting sessions for read:user...
2025-10-15 20:18:11.660 [info] Got 0 sessions for read:user...
2025-10-15 20:18:11.662 [info] Getting sessions for user:email...
2025-10-15 20:18:11.662 [info] Got 1 sessions for user:email...
2025-10-15 20:18:12.204 [info] Getting sessions for read:user,repo,user:email,workflow...
2025-10-15 20:18:12.204 [info] Got 0 sessions for read:user,repo,user:email,workflow...
2025-10-15 20:18:12.205 [info] Getting sessions for read:user...
2025-10-15 20:18:12.205 [info] Got 0 sessions for read:user...
2025-10-15 20:18:12.206 [info] Getting sessions for user:email...
2025-10-15 20:18:12.206 [info] Got 1 sessions for user:email...
2025-10-15 20:18:12.807 [info] Getting sessions for read:user,repo,user:email,workflow...
2025-10-15 20:18:12.807 [info] Got 0 sessions for read:user,repo,user:email,workflow...
2025-10-15 20:18:12.807 [info] Getting sessions for read:user...
2025-10-15 20:18:12.807 [info] Got 0 sessions for read:user...
2025-10-15 20:18:12.808 [info] Getting sessions for user:email...
2025-10-15 20:18:12.808 [info] Got 1 sessions for user:email...
2025-10-15 20:18:13.891 [info] Getting sessions for read:user,repo,user:email,workflow...
2025-10-15 20:18:13.891 [info] Got 0 sessions for read:user,repo,user:email,workflow...
2025-10-15 20:18:13.891 [info] Getting sessions for read:user...
2025-10-15 20:18:13.891 [info] Got 0 sessions for read:user...
2025-10-15 20:18:13.892 [info] Getting sessions for user:email...
2025-10-15 20:18:13.892 [info] Got 1 sessions for user:email...
2025-10-15 20:18:16.292 [info] Getting sessions for read:user,repo,user:email,workflow...
2025-10-15 20:18:16.292 [info] Got 0 sessions for read:user,repo,user:email,workflow...
2025-10-15 20:18:16.293 [info] Getting sessions for read:user...
2025-10-15 20:18:16.293 [info] Got 0 sessions for read:user...
2025-10-15 20:18:16.294 [info] Getting sessions for user:email...
2025-10-15 20:18:16.294 [info] Got 1 sessions for user:email...
2025-10-15 20:18:20.167 [info] Getting sessions for read:user,repo,user:email,workflow...
2025-10-15 20:18:20.167 [info] Got 0 sessions for read:user,repo,user:email,workflow...
2025-10-15 20:18:20.167 [info] Getting sessions for read:user...
2025-10-15 20:18:20.167 [info] Got 0 sessions for read:user...
2025-10-15 20:18:20.168 [info] Getting sessions for user:email...
2025-10-15 20:18:20.168 [info] Got 1 sessions for user:email...
2025-10-15 20:18:22.971 [info] Getting sessions for read:user,repo,user:email,workflow...
2025-10-15 20:18:22.971 [info] Got 0 sessions for read:user,repo,user:email,workflow...
2025-10-15 20:18:22.972 [info] Getting sessions for read:user...
2025-10-15 20:18:22.972 [info] Got 0 sessions for read:user...
2025-10-15 20:18:22.973 [info] Getting sessions for user:email...
2025-10-15 20:18:22.973 [info] Got 1 sessions for user:email...
2025-10-15 20:18:52.827 [info] Getting sessions for read:user,repo,user:email,workflow...
2025-10-15 20:18:52.827 [info] Got 0 sessions for read:user,repo,user:email,workflow...
2025-10-15 20:18:52.828 [info] Getting sessions for read:user...
2025-10-15 20:18:52.828 [info] Got 0 sessions for read:user...
2025-10-15 20:18:52.829 [info] Getting sessions for user:email...
2025-10-15 20:18:52.829 [info] Got 1 sessions for user:email...
