2025-09-08 05:09:56 Loading main app package /usr/lib/obsidian/obsidian.asar
2025-09-08 05:09:57 Checking for update using Github
2025-09-08 05:09:57 Success.
2025-09-08 05:09:57 Latest version is 1.9.12
2025-09-08 05:09:57 App is up to date.
2025-09-08 05:11:12 Loading main app package /usr/lib/obsidian/obsidian.asar
2025-09-08 05:11:12 Checking for update using Github
2025-09-08 05:11:12 Success.
2025-09-08 05:11:12 Latest version is 1.9.12
2025-09-08 05:11:12 App is up to date.
2025-09-08 06:11:12 Checking for update using Github
2025-09-08 06:11:12 Success.
2025-09-08 06:11:12 Latest version is 1.9.12
2025-09-08 06:11:12 App is up to date.
2025-09-08 07:11:12 Checking for update using Github
2025-09-08 07:11:12 Success.
2025-09-08 07:11:12 Latest version is 1.9.12
2025-09-08 07:11:12 App is up to date.
2025-09-08 08:11:12 Checking for update using Github
2025-09-08 08:11:12 Success.
2025-09-08 08:11:12 Latest version is 1.9.12
2025-09-08 08:11:12 App is up to date.
2025-09-08 09:11:12 Checking for update using Github
2025-09-08 09:11:12 Success.
2025-09-08 09:11:12 Latest version is 1.9.12
2025-09-08 09:11:12 App is up to date.
2025-09-08 10:11:12 Checking for update using Github
2025-09-08 10:11:12 Success.
2025-09-08 10:11:12 Latest version is 1.9.12
2025-09-08 10:11:12 App is up to date.
2025-09-08 11:11:12 Checking for update using Github
2025-09-08 11:11:12 Success.
2025-09-08 11:11:12 Latest version is 1.9.12
2025-09-08 11:11:12 App is up to date.
2025-09-08 12:11:12 Checking for update using Github
2025-09-08 12:11:12 Success.
2025-09-08 12:11:12 Latest version is 1.9.12
2025-09-08 12:11:12 App is up to date.
2025-09-08 13:11:12 Checking for update using Github
2025-09-08 13:11:12 Success.
2025-09-08 13:11:12 Latest version is 1.9.12
2025-09-08 13:11:12 App is up to date.
2025-09-08 14:11:12 Checking for update using Github
2025-09-08 14:11:12 Success.
2025-09-08 14:11:12 Latest version is 1.9.12
2025-09-08 14:11:12 App is up to date.
2025-09-08 15:11:12 Checking for update using Github
2025-09-08 15:11:12 Success.
2025-09-08 15:11:12 Latest version is 1.9.12
2025-09-08 15:11:12 App is up to date.
2025-09-08 16:11:12 Checking for update using Github
2025-09-08 16:11:12 Success.
2025-09-08 16:11:12 Latest version is 1.9.12
2025-09-08 16:11:12 App is up to date.
2025-09-08 17:11:12 Checking for update using Github
2025-09-08 17:11:12 Success.
2025-09-08 17:11:12 Latest version is 1.9.12
2025-09-08 17:11:12 App is up to date.
2025-09-08 18:11:12 Checking for update using Github
2025-09-08 18:11:12 Success.
2025-09-08 18:11:12 Latest version is 1.9.12
2025-09-08 18:11:12 App is up to date.
2025-09-08 19:11:12 Checking for update using Github
2025-09-08 19:11:12 Success.
2025-09-08 19:11:12 Latest version is 1.9.12
2025-09-08 19:11:12 App is up to date.
2025-09-08 20:11:12 Checking for update using Github
2025-09-08 20:11:12 Success.
2025-09-08 20:11:12 Latest version is 1.9.12
2025-09-08 20:11:12 App is up to date.
2025-09-08 21:11:12 Checking for update using Github
2025-09-08 21:11:12 Success.
2025-09-08 21:11:12 Latest version is 1.9.12
2025-09-08 21:11:12 App is up to date.
2025-09-13 11:59:17 Loading main app package /usr/lib/obsidian/obsidian.asar
2025-09-13 11:59:18 Checking for update using Github
2025-09-13 11:59:18 Success.
2025-09-13 11:59:18 Latest version is 1.9.12
2025-09-13 11:59:18 App is up to date.
2025-09-16 17:44:04 Loading main app package /usr/lib/obsidian/obsidian.asar
2025-09-16 17:44:04 Checking for update using Github
2025-09-16 17:44:04 Success.
2025-09-16 17:44:04 Latest version is 1.9.12
2025-09-16 17:44:04 App is up to date.
2025-09-16 18:44:04 Checking for update using Github
2025-09-16 18:44:04 Success.
2025-09-16 18:44:04 Latest version is 1.9.12
2025-09-16 18:44:04 App is up to date.
2025-09-16 19:44:04 Checking for update using Github
2025-09-16 19:44:04 Success.
2025-09-16 19:44:04 Latest version is 1.9.12
2025-09-16 19:44:04 App is up to date.
2025-09-16 20:44:04 Checking for update using Github
2025-09-16 20:44:04 Success.
2025-09-16 20:44:04 Latest version is 1.9.12
2025-09-16 20:44:04 App is up to date.
2025-09-17 19:45:28 Loading main app package /usr/lib/obsidian/obsidian.asar
2025-09-17 19:45:28 Checking for update using Github
2025-09-17 19:45:28 Success.
2025-09-17 19:45:28 Latest version is 1.9.12
2025-09-17 19:45:28 App is up to date.
2025-09-30 15:20:21 Loading main app package /usr/lib/obsidian/obsidian.asar
2025-09-30 15:20:21 Checking for update using Github
2025-09-30 15:20:21 Success.
2025-09-30 15:20:21 Latest version is 1.9.12
2025-09-30 15:20:21 App is up to date.
2025-09-30 16:04:49 Loading main app package /usr/lib/obsidian/obsidian.asar
2025-09-30 16:04:49 Checking for update using Github
2025-09-30 16:04:49 Success.
2025-09-30 16:04:49 Latest version is 1.9.12
2025-09-30 16:04:49 App is up to date.
2025-10-02 16:06:11 Loading main app package /usr/lib/obsidian/obsidian.asar
2025-10-02 16:06:12 Checking for update using Github
2025-10-02 16:06:12 Success.
2025-10-02 16:06:12 Latest version is 1.9.14
2025-10-02 16:06:12 Downloading update from https://github.com/obsidianmd/obsidian-releases/releases/download/v1.9.14/obsidian-1.9.14.asar.gz
2025-10-02 16:06:13 Verifying hash & signature. Size= 9033685
2025-10-02 16:06:13 Saving file
2025-10-02 16:06:13 Update complete.
2025-10-02 17:06:11 Checking for update using Github
2025-10-02 17:06:12 Success.
2025-10-02 17:06:12 Latest version is 1.9.14
2025-10-02 17:06:12 An update is already downloaded.
2025-10-02 18:06:12 Checking for update using Github
2025-10-02 18:06:12 Success.
2025-10-02 18:06:12 Latest version is 1.9.14
2025-10-02 18:06:12 An update is already downloaded.
2025-10-02 19:06:12 Checking for update using Github
2025-10-02 19:06:12 Success.
2025-10-02 19:06:12 Latest version is 1.9.14
2025-10-02 19:06:12 An update is already downloaded.
2025-10-02 20:06:12 Checking for update using Github
2025-10-02 20:06:12 Success.
2025-10-02 20:06:12 Latest version is 1.9.14
2025-10-02 20:06:12 An update is already downloaded.
2025-10-02 21:06:12 Checking for update using Github
2025-10-02 21:06:12 Success.
2025-10-02 21:06:12 Latest version is 1.9.14
2025-10-02 21:06:12 An update is already downloaded.
2025-10-02 22:06:12 Checking for update using Github
2025-10-02 22:06:12 Success.
2025-10-02 22:06:12 Latest version is 1.9.14
2025-10-02 22:06:12 An update is already downloaded.
2025-10-03 17:10:18 Loading main app package /usr/lib/obsidian/obsidian.asar
2025-10-03 17:10:18 Checking for update using Github
2025-10-03 17:10:18 Success.
2025-10-03 17:10:18 Latest version is 1.9.14
2025-10-03 17:10:18 App is up to date.
2025-10-03 18:10:18 Checking for update using Github
2025-10-03 18:10:18 Success.
2025-10-03 18:10:18 Latest version is 1.9.14
2025-10-03 18:10:18 App is up to date.
2025-10-03 19:10:18 Checking for update using Github
2025-10-03 19:10:18 Success.
2025-10-03 19:10:18 Latest version is 1.9.14
2025-10-03 19:10:18 App is up to date.
2025-10-03 20:10:18 Checking for update using Github
2025-10-03 20:10:18 Success.
2025-10-03 20:10:18 Latest version is 1.9.14
2025-10-03 20:10:18 App is up to date.
2025-10-03 21:10:18 Checking for update using Github
2025-10-03 21:10:18 Success.
2025-10-03 21:10:18 Latest version is 1.9.14
2025-10-03 21:10:18 App is up to date.
2025-10-03 22:10:18 Checking for update using Github
2025-10-03 22:10:18 Success.
2025-10-03 22:10:18 Latest version is 1.9.14
2025-10-03 22:10:18 App is up to date.
2025-10-03 23:10:18 Checking for update using Github
2025-10-03 23:10:18 Success.
2025-10-03 23:10:18 Latest version is 1.9.14
2025-10-03 23:10:18 App is up to date.
2025-10-04 00:10:18 Checking for update using Github
2025-10-04 00:10:18 Success.
2025-10-04 00:10:18 Latest version is 1.9.14
2025-10-04 00:10:18 App is up to date.
2025-10-04 01:10:18 Checking for update using Github
2025-10-04 01:10:18 Success.
2025-10-04 01:10:18 Latest version is 1.9.14
2025-10-04 01:10:18 App is up to date.
2025-10-04 02:10:18 Checking for update using Github
2025-10-04 02:10:18 Success.
2025-10-04 02:10:18 Latest version is 1.9.14
2025-10-04 02:10:18 App is up to date.
2025-10-09 01:10:58 Loading main app package /usr/lib/obsidian/obsidian.asar
2025-10-09 01:10:59 Checking for update using Github
2025-10-09 01:10:59 Success.
2025-10-09 01:10:59 Latest version is 1.9.14
2025-10-09 01:10:59 App is up to date.
2025-10-09 12:24:28 Loading main app package /usr/lib/obsidian/obsidian.asar
2025-10-09 12:24:28 Checking for update using Github
2025-10-09 12:24:29 Success.
2025-10-09 12:24:29 Latest version is 1.9.14
2025-10-09 12:24:29 App is up to date.
2025-10-09 13:24:28 Checking for update using Github
2025-10-09 13:24:28 Success.
2025-10-09 13:24:28 Latest version is 1.9.14
2025-10-09 13:24:28 App is up to date.
2025-10-09 14:24:28 Checking for update using Github
2025-10-09 14:24:28 Success.
2025-10-09 14:24:28 Latest version is 1.9.14
2025-10-09 14:24:28 App is up to date.
2025-10-09 15:24:28 Checking for update using Github
2025-10-09 15:24:28 Success.
2025-10-09 15:24:28 Latest version is 1.9.14
2025-10-09 15:24:28 App is up to date.
2025-10-09 16:24:28 Checking for update using Github
2025-10-09 16:24:28 Success.
2025-10-09 16:24:28 Latest version is 1.9.14
2025-10-09 16:24:28 App is up to date.
2025-10-09 17:24:28 Checking for update using Github
2025-10-09 17:24:28 Success.
2025-10-09 17:24:28 Latest version is 1.9.14
2025-10-09 17:24:28 App is up to date.
2025-10-09 18:24:28 Checking for update using Github
2025-10-09 18:24:28 Success.
2025-10-09 18:24:28 Latest version is 1.9.14
2025-10-09 18:24:28 App is up to date.
2025-10-09 19:24:28 Checking for update using Github
2025-10-09 19:24:28 Success.
2025-10-09 19:24:28 Latest version is 1.9.14
2025-10-09 19:24:28 App is up to date.
2025-10-09 20:24:28 Checking for update using Github
2025-10-09 20:24:28 Success.
2025-10-09 20:24:28 Latest version is 1.9.14
2025-10-09 20:24:28 App is up to date.
2025-10-09 21:24:28 Checking for update using Github
2025-10-09 21:24:28 Success.
2025-10-09 21:24:28 Latest version is 1.9.14
2025-10-09 21:24:28 App is up to date.
2025-10-09 22:24:28 Checking for update using Github
2025-10-09 22:24:28 Success.
2025-10-09 22:24:28 Latest version is 1.9.14
2025-10-09 22:24:28 App is up to date.
2025-10-09 23:24:28 Checking for update using Github
2025-10-09 23:24:28 Success.
2025-10-09 23:24:28 Latest version is 1.9.14
2025-10-09 23:24:28 App is up to date.
2025-10-10 01:04:13 Loading main app package /usr/lib/obsidian/obsidian.asar
2025-10-10 01:04:14 Checking for update using Github
2025-10-10 01:04:14 Success.
2025-10-10 01:04:14 Latest version is 1.9.14
2025-10-10 01:04:14 App is up to date.
2025-10-10 12:59:33 Loading main app package /usr/lib/obsidian/obsidian.asar
2025-10-10 12:59:33 Checking for update using Github
2025-10-10 12:59:33 Success.
2025-10-10 12:59:33 Latest version is 1.9.14
2025-10-10 12:59:33 App is up to date.
2025-10-10 13:59:33 Checking for update using Github
2025-10-10 13:59:33 Success.
2025-10-10 13:59:33 Latest version is 1.9.14
2025-10-10 13:59:33 App is up to date.
2025-10-10 14:59:33 Checking for update using Github
2025-10-10 14:59:33 Success.
2025-10-10 14:59:33 Latest version is 1.9.14
2025-10-10 14:59:33 App is up to date.
2025-10-10 15:59:33 Checking for update using Github
2025-10-10 15:59:33 Success.
2025-10-10 15:59:33 Latest version is 1.9.14
2025-10-10 15:59:33 App is up to date.
2025-10-10 16:59:33 Checking for update using Github
2025-10-10 16:59:33 Success.
2025-10-10 16:59:33 Latest version is 1.9.14
2025-10-10 16:59:33 App is up to date.
2025-10-10 17:59:33 Checking for update using Github
2025-10-10 17:59:33 Success.
2025-10-10 17:59:33 Latest version is 1.9.14
2025-10-10 17:59:33 App is up to date.
2025-10-10 18:59:33 Checking for update using Github
2025-10-10 18:59:33 Success.
2025-10-10 18:59:33 Latest version is 1.9.14
2025-10-10 18:59:33 App is up to date.
2025-10-10 19:59:33 Checking for update using Github
2025-10-10 19:59:33 Success.
2025-10-10 19:59:33 Latest version is 1.9.14
2025-10-10 19:59:33 App is up to date.
2025-10-10 20:59:33 Checking for update using Github
2025-10-10 20:59:33 Success.
2025-10-10 20:59:33 Latest version is 1.9.14
2025-10-10 20:59:33 App is up to date.
2025-10-10 21:59:33 Checking for update using Github
2025-10-10 21:59:33 Success.
2025-10-10 21:59:33 Latest version is 1.9.14
2025-10-10 21:59:33 App is up to date.
2025-10-10 22:59:33 Checking for update using Github
2025-10-10 22:59:33 Success.
2025-10-10 22:59:33 Latest version is 1.9.14
2025-10-10 22:59:33 App is up to date.
2025-10-10 23:59:33 Checking for update using Github
2025-10-10 23:59:33 Success.
2025-10-10 23:59:33 Latest version is 1.9.14
2025-10-10 23:59:33 App is up to date.
2025-10-11 00:59:33 Checking for update using Github
2025-10-11 00:59:33 Success.
2025-10-11 00:59:33 Latest version is 1.9.14
2025-10-11 00:59:33 App is up to date.
2025-10-11 01:59:33 Checking for update using Github
2025-10-11 01:59:33 Success.
2025-10-11 01:59:33 Latest version is 1.9.14
2025-10-11 01:59:33 App is up to date.
2025-10-11 12:29:08 Loading main app package /usr/lib/obsidian/obsidian.asar
2025-10-11 12:29:09 Checking for update using Github
2025-10-11 12:29:09 Success.
2025-10-11 12:29:09 Latest version is 1.9.14
2025-10-11 12:29:09 App is up to date.
2025-10-11 13:29:08 Checking for update using Github
2025-10-11 13:29:08 Success.
2025-10-11 13:29:08 Latest version is 1.9.14
2025-10-11 13:29:08 App is up to date.
2025-10-11 14:29:08 Checking for update using Github
2025-10-11 14:29:08 Success.
2025-10-11 14:29:08 Latest version is 1.9.14
2025-10-11 14:29:08 App is up to date.
2025-10-11 15:29:08 Checking for update using Github
2025-10-11 15:29:08 Success.
2025-10-11 15:29:08 Latest version is 1.9.14
2025-10-11 15:29:08 App is up to date.
2025-10-11 16:29:08 Checking for update using Github
2025-10-11 16:29:08 Success.
2025-10-11 16:29:08 Latest version is 1.9.14
2025-10-11 16:29:08 App is up to date.
2025-10-11 17:29:08 Checking for update using Github
2025-10-11 17:29:08 Success.
2025-10-11 17:29:08 Latest version is 1.9.14
2025-10-11 17:29:08 App is up to date.
2025-10-11 18:29:08 Checking for update using Github
2025-10-11 18:29:08 Success.
2025-10-11 18:29:08 Latest version is 1.9.14
2025-10-11 18:29:08 App is up to date.
2025-10-11 19:29:08 Checking for update using Github
2025-10-11 19:29:08 Success.
2025-10-11 19:29:08 Latest version is 1.9.14
2025-10-11 19:29:08 App is up to date.
2025-10-11 20:29:08 Checking for update using Github
2025-10-11 20:29:08 Success.
2025-10-11 20:29:08 Latest version is 1.9.14
2025-10-11 20:29:08 App is up to date.
2025-10-11 21:29:08 Checking for update using Github
2025-10-11 21:29:08 Success.
2025-10-11 21:29:08 Latest version is 1.9.14
2025-10-11 21:29:08 App is up to date.
2025-10-11 22:29:08 Checking for update using Github
2025-10-11 22:29:08 Success.
2025-10-11 22:29:08 Latest version is 1.9.14
2025-10-11 22:29:08 App is up to date.
2025-10-11 23:29:08 Checking for update using Github
2025-10-11 23:29:08 Success.
2025-10-11 23:29:08 Latest version is 1.9.14
2025-10-11 23:29:08 App is up to date.
2025-10-12 00:29:08 Checking for update using Github
2025-10-12 00:29:08 Success.
2025-10-12 00:29:08 Latest version is 1.9.14
2025-10-12 00:29:08 App is up to date.
2025-10-12 01:29:08 Checking for update using Github
2025-10-12 01:29:08 Success.
2025-10-12 01:29:08 Latest version is 1.9.14
2025-10-12 01:29:08 App is up to date.
2025-10-12 02:29:08 Checking for update using Github
2025-10-12 02:29:08 Success.
2025-10-12 02:29:08 Latest version is 1.9.14
2025-10-12 02:29:08 App is up to date.
2025-10-12 16:14:15 Loading main app package /usr/lib/obsidian/obsidian.asar
2025-10-12 16:14:15 Checking for update using Github
2025-10-12 16:14:15 Success.
2025-10-12 16:14:15 Latest version is 1.9.14
2025-10-12 16:14:15 App is up to date.
2025-10-13 17:06:13 Loading main app package /usr/lib/obsidian/obsidian.asar
2025-10-13 17:06:13 Checking for update using Github
2025-10-13 17:06:14 Success.
2025-10-13 17:06:14 Latest version is 1.9.14
2025-10-13 17:06:14 App is up to date.
2025-10-13 18:06:13 Checking for update using Github
2025-10-13 18:06:13 Success.
2025-10-13 18:06:13 Latest version is 1.9.14
2025-10-13 18:06:13 App is up to date.
2025-10-13 19:06:13 Checking for update using Github
2025-10-13 19:06:13 Success.
2025-10-13 19:06:13 Latest version is 1.9.14
2025-10-13 19:06:13 App is up to date.
2025-10-13 20:06:13 Checking for update using Github
2025-10-13 20:06:13 Success.
2025-10-13 20:06:13 Latest version is 1.9.14
2025-10-13 20:06:13 App is up to date.
2025-10-13 21:06:13 Checking for update using Github
2025-10-13 21:06:13 Success.
2025-10-13 21:06:13 Latest version is 1.9.14
2025-10-13 21:06:13 App is up to date.
2025-10-13 22:06:13 Checking for update using Github
2025-10-13 22:06:13 Success.
2025-10-13 22:06:13 Latest version is 1.9.14
2025-10-13 22:06:13 App is up to date.
2025-10-13 23:06:13 Checking for update using Github
2025-10-13 23:06:13 Success.
2025-10-13 23:06:13 Latest version is 1.9.14
2025-10-13 23:06:13 App is up to date.
2025-10-14 00:06:13 Checking for update using Github
2025-10-14 00:06:13 Success.
2025-10-14 00:06:13 Latest version is 1.9.14
2025-10-14 00:06:13 App is up to date.
2025-10-14 01:06:13 Checking for update using Github
2025-10-14 01:06:13 Success.
2025-10-14 01:06:13 Latest version is 1.9.14
2025-10-14 01:06:13 App is up to date.
2025-10-15 14:41:35 Loading main app package /usr/lib/obsidian/obsidian.asar
2025-10-15 14:41:35 Checking for update using Github
2025-10-15 14:41:35 Success.
2025-10-15 14:41:35 Latest version is 1.9.14
2025-10-15 14:41:35 App is up to date.
2025-10-15 15:41:35 Checking for update using Github
2025-10-15 15:41:35 Success.
2025-10-15 15:41:35 Latest version is 1.9.14
2025-10-15 15:41:35 App is up to date.
2025-10-15 16:41:35 Checking for update using Github
2025-10-15 16:41:35 Success.
2025-10-15 16:41:35 Latest version is 1.9.14
2025-10-15 16:41:35 App is up to date.
2025-10-15 17:41:35 Checking for update using Github
2025-10-15 17:41:35 Success.
2025-10-15 17:41:35 Latest version is 1.9.14
2025-10-15 17:41:35 App is up to date.
2025-10-15 18:41:35 Checking for update using Github
2025-10-15 18:41:35 Success.
2025-10-15 18:41:35 Latest version is 1.9.14
2025-10-15 18:41:35 App is up to date.
2025-10-15 19:41:35 Checking for update using Github
2025-10-15 19:41:37 Success.
2025-10-15 19:41:37 Latest version is 1.9.14
2025-10-15 19:41:37 App is up to date.
2025-10-15 20:31:26 Loading main app package /usr/lib/obsidian/obsidian.asar
2025-10-15 20:31:27 Checking for update using Github
2025-10-15 20:31:27 Success.
2025-10-15 20:31:27 Latest version is 1.9.14
2025-10-15 20:31:27 App is up to date.
2025-10-15 21:31:26 Checking for update using Github
2025-10-15 21:31:26 Success.
2025-10-15 21:31:26 Latest version is 1.9.14
2025-10-15 21:31:26 App is up to date.
2025-10-15 22:31:26 Checking for update using Github
2025-10-15 22:31:26 Success.
2025-10-15 22:31:26 Latest version is 1.9.14
2025-10-15 22:31:26 App is up to date.
2025-10-15 23:31:26 Checking for update using Github
2025-10-15 23:31:26 Success.
2025-10-15 23:31:26 Latest version is 1.9.14
2025-10-15 23:31:26 App is up to date.
2025-11-21 22:10:34 Loading main app package /usr/lib/obsidian/obsidian.asar
2025-11-21 22:10:34 Checking for update using Github
2025-11-21 22:10:35 Success.
2025-11-21 22:10:35 Latest version is 1.10.3
2025-11-21 22:10:35 App is up to date.
2025-12-12 11:43:02 Loading main app package /usr/lib/obsidian/obsidian.asar
2025-12-12 11:43:02 Checking for update using Github
2025-12-12 11:43:03 Success.
2025-12-12 11:43:03 Latest version is 1.10.6
2025-12-12 11:43:03 App is up to date.
2025-12-21 18:32:11 Loading main app package /usr/lib/obsidian/obsidian.asar
2025-12-21 18:32:12 Checking for update using Github
2025-12-21 18:32:12 Success.
2025-12-21 18:32:12 Latest version is 1.10.6
2025-12-21 18:32:12 App is up to date.
2025-12-21 19:32:11 Checking for update using Github
2025-12-21 19:32:12 Success.
2025-12-21 19:32:12 Latest version is 1.10.6
2025-12-21 19:32:12 App is up to date.
2025-12-29 23:53:20 Loading main app package /usr/lib/obsidian/obsidian.asar
2025-12-29 23:53:21 Checking for update using Github
2025-12-29 23:53:21 Success.
2025-12-29 23:53:21 Latest version is 1.10.6
2025-12-29 23:53:21 App is up to date.
