2025-11-14 13:58:56.114 [info] [main] Log level: Info
2025-11-14 13:58:56.114 [info] [main] Validating found git in: "git"
2025-11-14 13:58:56.114 [info] [main] Using git "2.51.2" from "git"
2025-11-14 13:58:56.114 [info] [Model][doInitialScan] Initial repository scan started
2025-11-14 13:58:56.114 [info] > git rev-parse --show-toplevel [40ms]
2025-11-14 13:58:56.114 [info] fatal: not a git repository (or any parent up to mount point /)
Stopping at filesystem boundary (GIT_DISCOVERY_ACROSS_FILESYSTEM not set).
2025-11-14 13:58:56.114 [info] > git rev-parse --show-toplevel [11ms]
2025-11-14 13:58:56.114 [info] > git rev-parse --git-dir --git-common-dir --show-superproject-working-tree [6ms]
2025-11-14 13:58:56.114 [info] [Model][openRepository] Opened repository (path): /home/user/repos/weather_predictor
2025-11-14 13:58:56.114 [info] [Model][openRepository] Opened repository (real path): /home/user/repos/weather_predictor
2025-11-14 13:58:56.114 [info] [Model][openRepository] Opened repository (kind): repository
2025-11-14 13:58:56.114 [info] > git rev-parse --show-toplevel [86ms]
2025-11-14 13:58:56.114 [info] fatal: not a git repository (or any parent up to mount point /)
Stopping at filesystem boundary (GIT_DISCOVERY_ACROSS_FILESYSTEM not set).
2025-11-14 13:58:56.114 [info] > git config --get commit.template [91ms]
2025-11-14 13:58:56.116 [info] > git check-ignore -v -z --stdin [85ms]
2025-11-14 13:58:56.119 [info] > git rev-parse --show-toplevel [103ms]
2025-11-14 13:58:56.120 [info] fatal: not a git repository (or any parent up to mount point /)
Stopping at filesystem boundary (GIT_DISCOVERY_ACROSS_FILESYSTEM not set).
2025-11-14 13:58:56.231 [info] > git for-each-ref --format=%(refname)%00%(upstream:short)%00%(objectname)%00%(upstream:track)%00%(upstream:remotename)%00%(upstream:remoteref) refs/heads/main refs/remotes/main [118ms]
2025-11-14 13:58:56.251 [info] > git rev-parse --show-toplevel [56ms]
2025-11-14 13:58:56.525 [info] > git status -z -uall [287ms]
2025-11-14 13:58:56.535 [info] > git for-each-ref --sort -committerdate --format %(refname)%00%(objectname)%00%(*objectname) [289ms]
2025-11-14 13:58:56.676 [info] > git for-each-ref --format=%(refname)%00%(upstream:short)%00%(objectname)%00%(upstream:track)%00%(upstream:remotename)%00%(upstream:remoteref) refs/heads/main refs/remotes/main [72ms]
2025-11-14 13:58:56.687 [info] > git rev-parse --git-dir --git-common-dir --show-superproject-working-tree [169ms]
2025-11-14 13:58:56.714 [info] [Model][openRepository] Opened repository (path): /home/user/repos/my_test
2025-11-14 13:58:56.714 [info] [Model][openRepository] Opened repository (real path): /home/user/repos/my_test
2025-11-14 13:58:56.714 [info] [Model][openRepository] Opened repository (kind): repository
2025-11-14 13:58:57.238 [info] > git config --get --local branch.main.vscode-merge-base [552ms]
2025-11-14 13:58:57.238 [warning] [Git][config] git config failed: Failed to execute git
2025-11-14 13:58:57.244 [info] > git config --get commit.template [570ms]
2025-11-14 13:58:57.289 [info] > git reflog main --grep-reflog=branch: Created from *. [44ms]
2025-11-14 13:58:57.296 [info] > git rev-parse --show-toplevel [61ms]
2025-11-14 13:58:57.296 [info] > git config --get commit.template [67ms]
2025-11-14 13:58:57.731 [info] > git reflog HEAD --grep-reflog=checkout: moving from .* to main [434ms]
2025-11-14 13:58:57.824 [info] > git for-each-ref --format=%(refname)%00%(upstream:short)%00%(objectname)%00%(upstream:track)%00%(upstream:remotename)%00%(upstream:remoteref) refs/heads/dev refs/remotes/dev [87ms]
2025-11-14 13:58:57.831 [info] > git rev-parse --git-dir --git-common-dir --show-superproject-working-tree [106ms]
2025-11-14 13:58:57.837 [info] [Model][openRepository] Opened repository (path): /home/user/repos/test_repository
2025-11-14 13:58:57.837 [info] [Model][openRepository] Opened repository (real path): /home/user/repos/test_repository
2025-11-14 13:58:57.837 [info] [Model][openRepository] Opened repository (kind): repository
2025-11-14 13:58:57.838 [info] > git for-each-ref --format=%(refname)%00%(upstream:short)%00%(objectname)%00%(upstream:track)%00%(upstream:remotename)%00%(upstream:remoteref) refs/heads/main refs/remotes/main [120ms]
2025-11-14 13:58:57.887 [info] > git status -z -uall [42ms]
2025-11-14 13:58:57.887 [info] > git check-ignore -v -z --stdin [24ms]
2025-11-14 13:58:57.888 [info] > git check-ignore -v -z --stdin [17ms]
2025-11-14 13:58:57.889 [info] > git for-each-ref --sort -committerdate --format %(refname)%00%(objectname)%00%(*objectname) [35ms]
2025-11-14 13:58:57.892 [info] > git symbolic-ref --short refs/remotes/origin/HEAD [61ms]
2025-11-14 13:58:57.892 [info] fatal: ref refs/remotes/origin/HEAD is not a symbolic ref
2025-11-14 13:58:57.892 [warning] [Repository][getDefaultBranch] Failed to get default branch details: Failed to execute git.
2025-11-14 13:58:57.893 [info] > git for-each-ref --format=%(refname)%00%(upstream:short)%00%(objectname)%00%(upstream:track)%00%(upstream:remotename)%00%(upstream:remoteref) refs/heads/main refs/remotes/main [75ms]
2025-11-14 13:58:57.913 [info] > git status -z -uall [13ms]
2025-11-14 13:58:57.914 [info] > git for-each-ref --sort -committerdate --format %(refname)%00%(objectname)%00%(*objectname) [7ms]
2025-11-14 13:58:57.926 [info] > git rev-parse --show-toplevel [40ms]
2025-11-14 13:58:57.926 [info] fatal: not a git repository (or any parent up to mount point /)
Stopping at filesystem boundary (GIT_DISCOVERY_ACROSS_FILESYSTEM not set).
2025-11-14 13:58:57.926 [info] > git config --get commit.template [46ms]
2025-11-14 13:58:57.956 [info] > git for-each-ref --format=%(refname)%00%(upstream:short)%00%(objectname)%00%(upstream:track)%00%(upstream:remotename)%00%(upstream:remoteref) refs/heads/main refs/remotes/main [32ms]
2025-11-14 13:58:57.971 [info] > git rev-parse --show-toplevel [29ms]
2025-11-14 13:58:57.971 [info] fatal: not a git repository (or any parent up to mount point /)
Stopping at filesystem boundary (GIT_DISCOVERY_ACROSS_FILESYSTEM not set).
2025-11-14 13:58:57.971 [info] > git config --get commit.template [37ms]
2025-11-14 13:58:57.987 [info] > git for-each-ref --format=%(refname)%00%(upstream:short)%00%(objectname)%00%(upstream:track)%00%(upstream:remotename)%00%(upstream:remoteref) refs/heads/main refs/remotes/main [17ms]
2025-11-14 13:58:57.988 [info] > git config --get --local branch.main.vscode-merge-base [25ms]
2025-11-14 13:58:58.010 [warning] [Git][revParse] Unable to read file: ENOENT: no such file or directory, open '/home/user/repos/test_repository/.git/refs/remotes/origin/main'
2025-11-14 13:58:58.010 [info] > git for-each-ref --format=%(refname)%00%(upstream:short)%00%(objectname)%00%(upstream:track)%00%(upstream:remotename)%00%(upstream:remoteref) refs/heads/origin/main refs/remotes/origin/main [15ms]
2025-11-14 13:58:58.011 [info] > git rev-parse --show-toplevel [24ms]
2025-11-14 13:58:58.013 [info] > git rev-parse refs/remotes/origin/main [3ms]
2025-11-14 13:58:58.027 [info] > git for-each-ref --format=%(refname)%00%(upstream:short)%00%(objectname)%00%(upstream:track)%00%(upstream:remotename)%00%(upstream:remoteref) refs/heads/main refs/remotes/main [24ms]
2025-11-14 13:58:58.050 [info] > git status -z -uall [30ms]
2025-11-14 13:58:58.050 [info] > git status -z -uall [17ms]
2025-11-14 13:58:58.050 [info] > git for-each-ref --sort -committerdate --format %(refname)%00%(objectname)%00%(*objectname) [11ms]
2025-11-14 13:58:58.053 [info] > git for-each-ref --sort -committerdate --format %(refname)%00%(objectname)%00%(*objectname) [26ms]
2025-11-14 13:58:58.073 [info] > git for-each-ref --format=%(refname)%00%(upstream:short)%00%(objectname)%00%(upstream:track)%00%(upstream:remotename)%00%(upstream:remoteref) refs/heads/main refs/remotes/main [11ms]
2025-11-14 13:58:58.080 [info] > git rev-parse --git-dir --git-common-dir --show-superproject-working-tree [31ms]
2025-11-14 13:58:58.085 [info] [Model][openRepository] Opened repository (path): /home/user/repos/xss-shop
2025-11-14 13:58:58.085 [info] [Model][openRepository] Opened repository (real path): /home/user/repos/xss-shop
2025-11-14 13:58:58.085 [info] [Model][openRepository] Opened repository (kind): repository
2025-11-14 13:58:58.088 [info] [Model][doInitialScan] Initial repository scan completed - repositories (4), closed repositories (0), parent repositories (0), unsafe repositories (0)
2025-11-14 13:58:58.117 [info] > git show --textconv :templates/get-24hrs.html [23ms]
2025-11-14 13:58:58.117 [info] > git ls-files --stage -- templates/get-24hrs.html [16ms]
2025-11-14 13:58:58.124 [info] > git config --get --local branch.main.vscode-merge-base [45ms]
2025-11-14 13:58:58.131 [info] > git config --get commit.template [58ms]
2025-11-14 13:58:58.134 [info] > git for-each-ref --format=%(refname)%00%(upstream:short)%00%(objectname)%00%(upstream:track)%00%(upstream:remotename)%00%(upstream:remoteref) refs/heads/origin/main refs/remotes/origin/main [4ms]
2025-11-14 13:58:58.141 [info] > git cat-file -s 450615888613b214a582db42e928a14217207205 [18ms]
2025-11-14 13:58:58.142 [info] > git rev-parse --show-toplevel [26ms]
2025-11-14 13:58:58.142 [info] fatal: not a git repository (or any parent up to mount point /)
Stopping at filesystem boundary (GIT_DISCOVERY_ACROSS_FILESYSTEM not set).
2025-11-14 13:58:58.142 [info] > git config --get commit.template [32ms]
2025-11-14 13:58:58.161 [info] > git merge-base refs/heads/main refs/remotes/origin/main [20ms]
2025-11-14 13:58:58.176 [info] > git diff --name-status -z --diff-filter=ADMR --find-renames=50% c5711b66ad5e152a05fb6fbbd78abe531e7248e2...refs/remotes/origin/main -- [9ms]
2025-11-14 13:58:58.177 [info] > git rev-parse --show-toplevel [18ms]
2025-11-14 13:58:58.177 [info] fatal: not a git repository (or any parent up to mount point /)
Stopping at filesystem boundary (GIT_DISCOVERY_ACROSS_FILESYSTEM not set).
2025-11-14 13:58:58.177 [info] > git for-each-ref --format=%(refname)%00%(upstream:short)%00%(objectname)%00%(upstream:track)%00%(upstream:remotename)%00%(upstream:remoteref) refs/heads/main refs/remotes/main [25ms]
2025-11-14 13:58:58.190 [warning] [Git][revParse] Unable to read file: ENOENT: no such file or directory, open '/home/user/repos/test_repository/.git/refs/remotes/origin/main'
2025-11-14 13:58:58.190 [info] > git for-each-ref --format=%(refname)%00%(upstream:short)%00%(objectname)%00%(upstream:track)%00%(upstream:remotename)%00%(upstream:remoteref) refs/heads/master refs/remotes/master [15ms]
2025-11-14 13:58:58.199 [warning] [Git][revParse] Unable to read file: ENOENT: no such file or directory, open '/home/user/repos/xss-shop/.git/refs/remotes/origin/master'
2025-11-14 13:58:58.201 [info] > git rev-parse refs/remotes/origin/main [10ms]
2025-11-14 13:58:58.216 [info] > git rev-parse --show-toplevel [31ms]
2025-11-14 13:58:58.216 [info] fatal: not a git repository (or any parent up to mount point /)
Stopping at filesystem boundary (GIT_DISCOVERY_ACROSS_FILESYSTEM not set).
2025-11-14 13:58:58.222 [info] > git status -z -uall [14ms]
2025-11-14 13:58:58.222 [info] > git rev-parse refs/remotes/origin/master [23ms]
2025-11-14 13:58:58.235 [info] > git status -z -uall [7ms]
2025-11-14 13:58:58.235 [info] > git rev-parse --show-toplevel [13ms]
2025-11-14 13:58:58.235 [info] fatal: not a git repository (or any parent up to mount point /)
Stopping at filesystem boundary (GIT_DISCOVERY_ACROSS_FILESYSTEM not set).
2025-11-14 13:58:58.236 [info] > git for-each-ref --sort -committerdate --format %(refname)%00%(objectname)%00%(*objectname) [20ms]
2025-11-14 13:58:58.245 [info] > git for-each-ref --sort -committerdate --format %(refname)%00%(objectname)%00%(*objectname) [11ms]
2025-11-14 13:58:58.385 [info] > git for-each-ref --format=%(refname)%00%(upstream:short)%00%(objectname)%00%(upstream:track)%00%(upstream:remotename)%00%(upstream:remoteref) refs/heads/master refs/remotes/master [131ms]
2025-11-14 13:58:58.393 [info] > git rev-parse --show-toplevel [148ms]
2025-11-14 13:58:58.393 [info] fatal: not a git repository (or any parent up to mount point /)
Stopping at filesystem boundary (GIT_DISCOVERY_ACROSS_FILESYSTEM not set).
2025-11-14 13:58:58.476 [info] > git config --get --local branch.master.vscode-merge-base [83ms]
2025-11-14 13:58:58.483 [info] > git config --get commit.template [99ms]
2025-11-14 13:58:58.505 [info] > git check-ignore -v -z --stdin [15ms]
2025-11-14 13:58:58.505 [info] > git check-ignore -v -z --stdin [8ms]
2025-11-14 13:58:58.505 [info] > git check-ignore -v -z --stdin [2ms]
2025-11-14 13:58:58.506 [info] > git for-each-ref --format=%(refname)%00%(upstream:short)%00%(objectname)%00%(upstream:track)%00%(upstream:remotename)%00%(upstream:remoteref) refs/heads/origin/master refs/remotes/origin/master [23ms]
2025-11-14 13:58:58.512 [info] > git rev-parse --show-toplevel [36ms]
2025-11-14 13:58:58.512 [info] fatal: not a git repository (or any parent up to mount point /)
Stopping at filesystem boundary (GIT_DISCOVERY_ACROSS_FILESYSTEM not set).
2025-11-14 13:58:58.525 [info] > git merge-base refs/heads/master refs/remotes/origin/master [14ms]
2025-11-14 13:58:58.535 [info] > git rev-parse --show-toplevel [11ms]
2025-11-14 13:58:58.535 [info] fatal: not a git repository (or any parent up to mount point /)
Stopping at filesystem boundary (GIT_DISCOVERY_ACROSS_FILESYSTEM not set).
2025-11-14 13:58:58.535 [info] > git for-each-ref --format=%(refname)%00%(upstream:short)%00%(objectname)%00%(upstream:track)%00%(upstream:remotename)%00%(upstream:remoteref) refs/heads/master refs/remotes/master [16ms]
2025-11-14 13:58:58.541 [warning] [Git][revParse] Unable to read file: ENOENT: no such file or directory, open '/home/user/repos/xss-shop/.git/refs/remotes/origin/master'
2025-11-14 13:58:58.541 [info] > git diff --name-status -z --diff-filter=ADMR --find-renames=50% 9d8d421c8527678bba71e07749d36202b94cac0f...refs/remotes/origin/master -- [10ms]
2025-11-14 13:58:58.543 [info] > git rev-parse refs/remotes/origin/master [2ms]
2025-11-14 13:58:58.556 [info] > git status -z -uall [7ms]
2025-11-14 13:58:58.557 [info] > git for-each-ref --sort -committerdate --format %(refname)%00%(objectname)%00%(*objectname) [2ms]
2025-11-14 13:59:09.907 [info] > git rev-parse --show-toplevel [1ms]
2025-11-14 13:59:09.907 [info] fatal: not a git repository (or any parent up to mount point /)
Stopping at filesystem boundary (GIT_DISCOVERY_ACROSS_FILESYSTEM not set).
2025-11-14 13:59:11.501 [info] > git rev-parse --show-toplevel [10ms]
2025-11-14 13:59:11.501 [info] fatal: not a git repository (or any parent up to mount point /)
Stopping at filesystem boundary (GIT_DISCOVERY_ACROSS_FILESYSTEM not set).
2025-11-14 13:59:13.219 [info] > git rev-parse --show-toplevel [8ms]
2025-11-14 13:59:13.219 [info] fatal: not a git repository (or any parent up to mount point /)
Stopping at filesystem boundary (GIT_DISCOVERY_ACROSS_FILESYSTEM not set).
2025-11-14 14:06:45.105 [info] > git show --textconv :back/assistant.py [21ms]
2025-11-14 14:06:45.108 [info] > git ls-files --stage -- back/assistant.py [12ms]
2025-11-14 14:06:45.122 [info] > git cat-file -s c8decb87b265d3746d83ae7a499d5b4566f9de46 [3ms]
2025-11-14 14:06:45.206 [info] > git blame --root --incremental 5825645a9a2005dcbd07bb1f306c57120309d170 -- back/assistant.py [9ms]
2025-11-14 14:06:45.784 [info] > git blame --root --incremental 5825645a9a2005dcbd07bb1f306c57120309d170 -- templates/get-24hrs.html [30ms]
2025-11-14 14:07:03.816 [info] > git show --textconv :main.py [9ms]
2025-11-14 14:07:03.817 [info] > git ls-files --stage -- main.py [2ms]
2025-11-14 14:07:03.825 [info] > git cat-file -s 852a2e7ee89d3b1f736009a6ac6a30b63bf4f84b [1ms]
2025-11-14 14:07:03.910 [info] > git blame --root --incremental 5825645a9a2005dcbd07bb1f306c57120309d170 -- main.py [20ms]
2025-11-14 14:07:21.265 [info] > git show --textconv :templates/get-24hrs.html [8ms]
2025-11-14 14:07:21.266 [info] > git ls-files --stage -- templates/get-24hrs.html [2ms]
2025-11-14 14:07:21.275 [info] > git cat-file -s 450615888613b214a582db42e928a14217207205 [2ms]
2025-11-14 14:09:56.816 [info] > git show --textconv :main.py [8ms]
2025-11-14 14:09:56.817 [info] > git ls-files --stage -- main.py [1ms]
2025-11-14 14:09:56.826 [info] > git cat-file -s 852a2e7ee89d3b1f736009a6ac6a30b63bf4f84b [1ms]
2025-11-14 14:11:11.516 [info] > git config --get commit.template [8ms]
2025-11-14 14:11:11.516 [info] > git for-each-ref --format=%(refname)%00%(upstream:short)%00%(objectname)%00%(upstream:track)%00%(upstream:remotename)%00%(upstream:remoteref) refs/heads/main refs/remotes/main [1ms]
2025-11-14 14:11:11.531 [info] > git status -z -uall [8ms]
2025-11-14 14:11:11.531 [info] > git for-each-ref --sort -committerdate --format %(refname)%00%(objectname)%00%(*objectname) [1ms]
2025-11-14 14:11:16.954 [info] > git show --textconv :templates/get-24hrs.html [10ms]
2025-11-14 14:11:16.956 [info] > git ls-files --stage -- templates/get-24hrs.html [3ms]
2025-11-14 14:11:16.965 [info] > git cat-file -s 450615888613b214a582db42e928a14217207205 [1ms]
2025-11-14 14:12:22.849 [info] > git config --get commit.template [9ms]
2025-11-14 14:12:22.850 [info] > git for-each-ref --format=%(refname)%00%(upstream:short)%00%(objectname)%00%(upstream:track)%00%(upstream:remotename)%00%(upstream:remoteref) refs/heads/main refs/remotes/main [2ms]
2025-11-14 14:12:22.867 [info] > git status -z -uall [9ms]
2025-11-14 14:12:22.868 [info] > git for-each-ref --sort -committerdate --format %(refname)%00%(objectname)%00%(*objectname) [1ms]
2025-11-14 14:18:16.891 [info] > git show --textconv :main.py [9ms]
2025-11-14 14:18:16.892 [info] > git ls-files --stage -- main.py [2ms]
2025-11-14 14:18:16.900 [info] > git cat-file -s 852a2e7ee89d3b1f736009a6ac6a30b63bf4f84b [1ms]
2025-11-14 14:18:21.016 [info] > git config --get commit.template [8ms]
2025-11-14 14:18:21.016 [info] > git for-each-ref --format=%(refname)%00%(upstream:short)%00%(objectname)%00%(upstream:track)%00%(upstream:remotename)%00%(upstream:remoteref) refs/heads/main refs/remotes/main [1ms]
2025-11-14 14:18:21.032 [info] > git status -z -uall [9ms]
2025-11-14 14:18:21.033 [info] > git for-each-ref --sort -committerdate --format %(refname)%00%(objectname)%00%(*objectname) [2ms]
2025-11-14 14:20:02.745 [info] > git show --textconv :templates/get-24hrs.html [13ms]
2025-11-14 14:20:02.746 [info] > git ls-files --stage -- templates/get-24hrs.html [2ms]
2025-11-14 14:20:02.758 [info] > git cat-file -s 450615888613b214a582db42e928a14217207205 [1ms]
2025-11-14 14:20:23.396 [info] > git config --get commit.template [2ms]
2025-11-14 14:20:23.425 [info] > git for-each-ref --format=%(refname)%00%(upstream:short)%00%(objectname)%00%(upstream:track)%00%(upstream:remotename)%00%(upstream:remoteref) refs/heads/main refs/remotes/main [6ms]
2025-11-14 14:20:23.459 [info] > git status -z -uall [18ms]
2025-11-14 14:20:23.462 [info] > git for-each-ref --sort -committerdate --format %(refname)%00%(objectname)%00%(*objectname) [5ms]
2025-11-14 14:21:18.955 [info] > git config --get commit.template [7ms]
2025-11-14 14:21:18.956 [info] > git for-each-ref --format=%(refname)%00%(upstream:short)%00%(objectname)%00%(upstream:track)%00%(upstream:remotename)%00%(upstream:remoteref) refs/heads/main refs/remotes/main [1ms]
2025-11-14 14:21:18.968 [info] > git status -z -uall [6ms]
2025-11-14 14:21:18.969 [info] > git for-each-ref --sort -committerdate --format %(refname)%00%(objectname)%00%(*objectname) [1ms]
2025-11-14 14:21:19.047 [info] > git ls-files --stage -- back/assistant.py [8ms]
2025-11-14 14:21:19.054 [info] > git ls-files --stage -- templates/get-24hrs.html [7ms]
2025-11-14 14:21:19.060 [info] > git cat-file -s c8decb87b265d3746d83ae7a499d5b4566f9de46 [6ms]
2025-11-14 14:21:19.061 [info] > git cat-file -s 450615888613b214a582db42e928a14217207205 [1ms]
2025-11-14 14:21:19.076 [info] > git show --textconv :back/assistant.py [7ms]
2025-11-14 14:21:19.077 [info] > git show --textconv :templates/get-24hrs.html [2ms]
2025-11-14 14:21:20.549 [info] > git config --get commit.template [2ms]
2025-11-14 14:21:20.557 [info] > git for-each-ref --format=%(refname)%00%(upstream:short)%00%(objectname)%00%(upstream:track)%00%(upstream:remotename)%00%(upstream:remoteref) refs/heads/main refs/remotes/main [1ms]
2025-11-14 14:21:20.573 [info] > git status -z -uall [9ms]
2025-11-14 14:21:20.574 [info] > git for-each-ref --sort -committerdate --format %(refname)%00%(objectname)%00%(*objectname) [2ms]
2025-11-14 14:21:20.893 [info] > git show --textconv HEAD:templates/get-24hrs.html [7ms]
2025-11-14 14:21:20.893 [info] > git ls-tree -l HEAD -- templates/get-24hrs.html [1ms]
2025-11-14 14:21:21.729 [info] > git ls-files --stage -- templates/get-24hrs.html [7ms]
2025-11-14 14:21:21.734 [info] > git ls-files --stage -- back/assistant.py [19ms]
2025-11-14 14:21:21.740 [info] > git cat-file -s 698daa49981ffee182c28f2b33cdf9754d681890 [7ms]
2025-11-14 14:21:21.741 [info] > git ls-tree -l HEAD -- templates/get-24hrs.html [13ms]
2025-11-14 14:21:21.742 [info] > git cat-file -s c8decb87b265d3746d83ae7a499d5b4566f9de46 [2ms]
2025-11-14 14:21:21.755 [info] > git show --textconv :templates/get-24hrs.html [6ms]
2025-11-14 14:21:21.763 [info] > git show --textconv HEAD:templates/get-24hrs.html [8ms]
2025-11-14 14:21:21.764 [info] > git show --textconv :back/assistant.py [1ms]
2025-11-14 14:21:23.996 [info] > git config --get commit.template [7ms]
2025-11-14 14:21:23.997 [info] > git for-each-ref --format=%(refname)%00%(upstream:short)%00%(objectname)%00%(upstream:track)%00%(upstream:remotename)%00%(upstream:remoteref) refs/heads/main refs/remotes/main [1ms]
2025-11-14 14:21:24.009 [info] > git status -z -uall [6ms]
2025-11-14 14:21:24.010 [info] > git for-each-ref --sort -committerdate --format %(refname)%00%(objectname)%00%(*objectname) [1ms]
2025-11-14 14:21:30.838 [info] > git config --get commit.template [1ms]
2025-11-14 14:21:30.847 [info] > git for-each-ref --format=%(refname)%00%(upstream:short)%00%(objectname)%00%(upstream:track)%00%(upstream:remotename)%00%(upstream:remoteref) refs/heads/main refs/remotes/main [2ms]
2025-11-14 14:21:30.861 [info] > git status -z -uall [8ms]
2025-11-14 14:21:30.862 [info] > git for-each-ref --sort -committerdate --format %(refname)%00%(objectname)%00%(*objectname) [2ms]
2025-11-14 14:21:30.875 [info] > git blame --root --incremental a014a3b36d19339b2f3463586084488235ea8ae0 -- templates/get-24hrs.html [5ms]
2025-11-14 14:21:31.910 [info] > git config --get commit.template [7ms]
2025-11-14 14:21:31.911 [info] > git for-each-ref --format=%(refname)%00%(upstream:short)%00%(objectname)%00%(upstream:track)%00%(upstream:remotename)%00%(upstream:remoteref) refs/heads/main refs/remotes/main [2ms]
2025-11-14 14:21:31.930 [info] > git status -z -uall [12ms]
2025-11-14 14:21:31.931 [info] > git for-each-ref --sort -committerdate --format %(refname)%00%(objectname)%00%(*objectname) [7ms]
2025-11-14 14:21:32.012 [info] > git ls-files --stage -- back/assistant.py [7ms]
2025-11-14 14:21:32.018 [info] > git ls-files --stage -- templates/get-24hrs.html [6ms]
2025-11-14 14:21:32.024 [info] > git cat-file -s c8decb87b265d3746d83ae7a499d5b4566f9de46 [6ms]
2025-11-14 14:21:32.025 [info] > git cat-file -s 698daa49981ffee182c28f2b33cdf9754d681890 [1ms]
2025-11-14 14:21:32.038 [info] > git show --textconv :back/assistant.py [7ms]
2025-11-14 14:21:32.039 [info] > git show --textconv :templates/get-24hrs.html [1ms]
2025-11-14 14:21:34.660 [info] > git for-each-ref --format=%(refname)%00%(upstream:short)%00%(objectname)%00%(upstream:track)%00%(upstream:remotename)%00%(upstream:remoteref) refs/heads/main refs/remotes/main [4ms]
2025-11-14 14:21:34.660 [info] > git config --get commit.template [13ms]
2025-11-14 14:21:34.692 [info] > git status -z -uall [23ms]
2025-11-14 14:21:34.692 [info] > git for-each-ref --sort -committerdate --format %(refname)%00%(objectname)%00%(*objectname) [7ms]
2025-11-14 14:26:03.196 [info] > git blame --root --incremental a014a3b36d19339b2f3463586084488235ea8ae0 -- back/assistant.py [2ms]
2025-11-14 14:29:55.065 [info] > git show --textconv :templates/index.html [9ms]
2025-11-14 14:29:55.066 [info] > git ls-files --stage -- templates/index.html [1ms]
2025-11-14 14:29:55.075 [info] > git cat-file -s 507fdd13471e31e4d43ac516c7b2babae900c9c2 [1ms]
2025-11-14 14:29:55.100 [info] > git blame --root --incremental a014a3b36d19339b2f3463586084488235ea8ae0 -- templates/index.html [8ms]
2025-11-14 14:29:55.396 [info] > git show --textconv :templates/get-24hrs.html [8ms]
2025-11-14 14:29:55.397 [info] > git ls-files --stage -- templates/get-24hrs.html [1ms]
2025-11-14 14:29:55.406 [info] > git cat-file -s 698daa49981ffee182c28f2b33cdf9754d681890 [1ms]
2025-11-14 14:29:58.957 [info] > git show --textconv :docker-compose.yml [9ms]
2025-11-14 14:29:58.958 [info] > git ls-files --stage -- docker-compose.yml [1ms]
2025-11-14 14:29:58.967 [info] > git cat-file -s 8cd581123665e4ebca5cb4ed805d5b44f4628eec [1ms]
2025-11-14 14:29:58.982 [info] > git blame --root --incremental a014a3b36d19339b2f3463586084488235ea8ae0 -- docker-compose.yml [3ms]
2025-11-14 14:30:18.183 [info] > git show --textconv :main.py [9ms]
2025-11-14 14:30:18.184 [info] > git ls-files --stage -- main.py [2ms]
2025-11-14 14:30:18.193 [info] > git cat-file -s 37cb63e027ebd776fc99e821705ca34fef4caac5 [1ms]
2025-11-14 14:30:24.846 [info] > git check-ignore -v -z --stdin [1ms]
2025-11-14 14:30:26.232 [info] > git check-ignore -v -z --stdin [2ms]
2025-11-14 14:30:29.302 [info] > git show --textconv :start.sh [8ms]
2025-11-14 14:30:29.303 [info] > git ls-files --stage -- start.sh [1ms]
2025-11-14 14:30:29.310 [info] > git cat-file -s b76fb6dca3b1cc91bf1cb48cd26c33f36663dc1a [1ms]
2025-11-14 14:30:29.324 [info] > git blame --root --incremental a014a3b36d19339b2f3463586084488235ea8ae0 -- start.sh [3ms]
2025-11-14 14:52:53.716 [info] > git show --textconv :back/assistant.py [8ms]
2025-11-14 14:52:53.717 [info] > git ls-files --stage -- back/assistant.py [2ms]
2025-11-14 14:52:53.725 [info] > git cat-file -s c8decb87b265d3746d83ae7a499d5b4566f9de46 [1ms]
2025-11-14 14:53:21.514 [info] > git show --textconv :main.py [10ms]
2025-11-14 14:53:21.515 [info] > git ls-files --stage -- main.py [2ms]
2025-11-14 14:53:21.525 [info] > git cat-file -s 37cb63e027ebd776fc99e821705ca34fef4caac5 [1ms]
2025-11-14 14:53:21.570 [info] > git blame --root --incremental a014a3b36d19339b2f3463586084488235ea8ae0 -- main.py [8ms]
2025-11-14 14:53:28.699 [info] > git show --textconv :back/assistant.py [11ms]
2025-11-14 14:53:28.700 [info] > git ls-files --stage -- back/assistant.py [2ms]
2025-11-14 14:53:28.709 [info] > git cat-file -s c8decb87b265d3746d83ae7a499d5b4566f9de46 [1ms]
2025-11-14 14:54:03.688 [info] > git show --textconv :back/back.py [10ms]
2025-11-14 14:54:03.689 [info] > git ls-files --stage -- back/back.py [2ms]
2025-11-14 14:54:03.699 [info] > git cat-file -s f0c0a9ac9e58015aa6e7703582c42962f9022853 [1ms]
2025-11-14 14:54:03.727 [info] > git blame --root --incremental a014a3b36d19339b2f3463586084488235ea8ae0 -- back/back.py [5ms]
2025-11-14 14:54:12.363 [info] > git show --textconv :back/Dockerfile [8ms]
2025-11-14 14:54:12.371 [info] > git ls-files --stage -- back/Dockerfile [8ms]
2025-11-14 14:54:12.378 [info] > git hash-object -t tree /dev/null [8ms]
2025-11-14 14:54:12.379 [warning] [GitFileSystemProvider][readFile] File not found - git:/home/user/repos/weather_predictor/back/Dockerfile.git?%7B%22path%22%3A%22%2Fhome%2Fuser%2Frepos%2Fweather_predictor%2Fback%2FDockerfile%22%2C%22ref%22%3A%22%22%7D
2025-11-14 14:54:12.385 [info] > git hash-object -t tree /dev/null [8ms]
2025-11-14 14:54:12.386 [warning] [GitFileSystemProvider][stat] File not found - git:/home/user/repos/weather_predictor/back/Dockerfile.git?%7B%22path%22%3A%22%2Fhome%2Fuser%2Frepos%2Fweather_predictor%2Fback%2FDockerfile%22%2C%22ref%22%3A%22%22%7D
2025-11-14 14:54:12.629 [info] > git check-ignore -v -z --stdin [1ms]
2025-11-14 14:54:13.205 [info] > git config --get commit.template [8ms]
2025-11-14 14:54:13.205 [info] > git for-each-ref --format=%(refname)%00%(upstream:short)%00%(objectname)%00%(upstream:track)%00%(upstream:remotename)%00%(upstream:remoteref) refs/heads/main refs/remotes/main [1ms]
2025-11-14 14:54:13.220 [info] > git status -z -uall [9ms]
2025-11-14 14:54:13.220 [info] > git for-each-ref --sort -committerdate --format %(refname)%00%(objectname)%00%(*objectname) [1ms]
2025-11-14 14:54:32.852 [info] > git show --textconv :Dockerfile [9ms]
2025-11-14 14:54:32.852 [info] > git ls-files --stage -- Dockerfile [1ms]
2025-11-14 14:54:32.860 [info] > git cat-file -s 94124daf3233e8c033b0e8b50af4d49f274ae087 [1ms]
2025-11-14 14:54:32.879 [info] > git blame --root --incremental a014a3b36d19339b2f3463586084488235ea8ae0 -- Dockerfile [3ms]
2025-11-14 14:54:38.050 [info] > git show --textconv :Dockerfile [9ms]
2025-11-14 14:54:38.050 [info] > git ls-files --stage -- Dockerfile [1ms]
2025-11-14 14:54:38.058 [info] > git cat-file -s 94124daf3233e8c033b0e8b50af4d49f274ae087 [1ms]
2025-11-14 14:55:15.508 [info] > git show --textconv :back/requirements.txt [9ms]
2025-11-14 14:55:15.508 [warning] [GitFileSystemProvider][readFile] File not found - git:/home/user/repos/weather_predictor/back/requirements.txt.git?%7B%22path%22%3A%22%2Fhome%2Fuser%2Frepos%2Fweather_predictor%2Fback%2Frequirements.txt%22%2C%22ref%22%3A%22%22%7D
2025-11-14 14:55:15.509 [info] > git ls-files --stage -- back/requirements.txt [2ms]
2025-11-14 14:55:15.509 [warning] [GitFileSystemProvider][stat] File not found - git:/home/user/repos/weather_predictor/back/requirements.txt.git?%7B%22path%22%3A%22%2Fhome%2Fuser%2Frepos%2Fweather_predictor%2Fback%2Frequirements.txt%22%2C%22ref%22%3A%22%22%7D
2025-11-14 14:55:15.776 [info] > git check-ignore -v -z --stdin [1ms]
2025-11-14 14:55:16.731 [info] > git config --get commit.template [11ms]
2025-11-14 14:55:16.732 [info] > git for-each-ref --format=%(refname)%00%(upstream:short)%00%(objectname)%00%(upstream:track)%00%(upstream:remotename)%00%(upstream:remoteref) refs/heads/main refs/remotes/main [1ms]
2025-11-14 14:55:16.751 [info] > git status -z -uall [10ms]
2025-11-14 14:55:16.752 [info] > git for-each-ref --sort -committerdate --format %(refname)%00%(objectname)%00%(*objectname) [2ms]
2025-11-14 14:55:21.772 [info] > git config --get commit.template [8ms]
2025-11-14 14:55:21.772 [info] > git for-each-ref --format=%(refname)%00%(upstream:short)%00%(objectname)%00%(upstream:track)%00%(upstream:remotename)%00%(upstream:remoteref) refs/heads/main refs/remotes/main [1ms]
2025-11-14 14:55:21.785 [info] > git status -z -uall [7ms]
2025-11-14 14:55:21.787 [info] > git for-each-ref --sort -committerdate --format %(refname)%00%(objectname)%00%(*objectname) [2ms]
2025-11-14 14:55:31.117 [info] > git check-ignore -v -z --stdin [1ms]
2025-11-14 14:55:31.696 [info] > git config --get commit.template [7ms]
2025-11-14 14:55:31.696 [info] > git for-each-ref --format=%(refname)%00%(upstream:short)%00%(objectname)%00%(upstream:track)%00%(upstream:remotename)%00%(upstream:remoteref) refs/heads/main refs/remotes/main [1ms]
2025-11-14 14:55:31.710 [info] > git status -z -uall [8ms]
2025-11-14 14:55:31.711 [info] > git for-each-ref --sort -committerdate --format %(refname)%00%(objectname)%00%(*objectname) [2ms]
2025-11-14 14:55:32.521 [info] > git show --textconv :back/assistant.py [9ms]
2025-11-14 14:55:32.522 [info] > git ls-files --stage -- back/assistant.py [2ms]
2025-11-14 14:55:32.529 [info] > git cat-file -s c8decb87b265d3746d83ae7a499d5b4566f9de46 [1ms]
2025-11-14 14:55:35.916 [info] > git show --textconv :back/assistant/assistant.py [10ms]
2025-11-14 14:55:35.917 [warning] [GitFileSystemProvider][readFile] File not found - git:/home/user/repos/weather_predictor/back/assistant/assistant.py.git?%7B%22path%22%3A%22%2Fhome%2Fuser%2Frepos%2Fweather_predictor%2Fback%2Fassistant%2Fassistant.py%22%2C%22ref%22%3A%22%22%7D
2025-11-14 14:55:35.917 [info] > git ls-files --stage -- back/assistant/assistant.py [1ms]
2025-11-14 14:55:35.918 [warning] [GitFileSystemProvider][stat] File not found - git:/home/user/repos/weather_predictor/back/assistant/assistant.py.git?%7B%22path%22%3A%22%2Fhome%2Fuser%2Frepos%2Fweather_predictor%2Fback%2Fassistant%2Fassistant.py%22%2C%22ref%22%3A%22%22%7D
2025-11-14 14:55:35.935 [info] > git blame --root --incremental a014a3b36d19339b2f3463586084488235ea8ae0 -- back/assistant/assistant.py [2ms]
2025-11-14 14:55:35.935 [info] fatal: no such path back/assistant/assistant.py in a014a3b36d19339b2f3463586084488235ea8ae0
2025-11-14 14:55:36.110 [info] > git check-ignore -v -z --stdin [1ms]
2025-11-14 14:55:36.728 [info] > git config --get commit.template [8ms]
2025-11-14 14:55:36.729 [info] > git for-each-ref --format=%(refname)%00%(upstream:short)%00%(objectname)%00%(upstream:track)%00%(upstream:remotename)%00%(upstream:remoteref) refs/heads/main refs/remotes/main [1ms]
2025-11-14 14:55:36.748 [info] > git status -z -uall [12ms]
2025-11-14 14:55:36.750 [info] > git for-each-ref --sort -committerdate --format %(refname)%00%(objectname)%00%(*objectname) [3ms]
2025-11-14 14:55:39.175 [info] > git check-ignore -v -z --stdin [1ms]
2025-11-14 14:55:41.432 [info] > git check-ignore -v -z --stdin [3ms]
2025-11-14 14:55:41.768 [info] > git config --get commit.template [8ms]
2025-11-14 14:55:41.769 [info] > git for-each-ref --format=%(refname)%00%(upstream:short)%00%(objectname)%00%(upstream:track)%00%(upstream:remotename)%00%(upstream:remoteref) refs/heads/main refs/remotes/main [2ms]
2025-11-14 14:55:41.783 [info] > git status -z -uall [7ms]
2025-11-14 14:55:41.784 [info] > git for-each-ref --sort -committerdate --format %(refname)%00%(objectname)%00%(*objectname) [1ms]
2025-11-14 14:55:46.804 [info] > git config --get commit.template [9ms]
2025-11-14 14:55:46.804 [info] > git for-each-ref --format=%(refname)%00%(upstream:short)%00%(objectname)%00%(upstream:track)%00%(upstream:remotename)%00%(upstream:remoteref) refs/heads/main refs/remotes/main [1ms]
2025-11-14 14:55:46.820 [info] > git status -z -uall [8ms]
2025-11-14 14:55:46.821 [info] > git for-each-ref --sort -committerdate --format %(refname)%00%(objectname)%00%(*objectname) [2ms]
2025-11-14 14:55:49.101 [info] > git show --textconv :back/assistant/.dockerignore [9ms]
2025-11-14 14:55:49.101 [warning] [GitFileSystemProvider][readFile] File not found - git:/home/user/repos/weather_predictor/back/assistant/.dockerignore.git?%7B%22path%22%3A%22%2Fhome%2Fuser%2Frepos%2Fweather_predictor%2Fback%2Fassistant%2F.dockerignore%22%2C%22ref%22%3A%22%22%7D
2025-11-14 14:55:49.102 [info] > git ls-files --stage -- back/assistant/.dockerignore [2ms]
2025-11-14 14:55:49.103 [warning] [GitFileSystemProvider][stat] File not found - git:/home/user/repos/weather_predictor/back/assistant/.dockerignore.git?%7B%22path%22%3A%22%2Fhome%2Fuser%2Frepos%2Fweather_predictor%2Fback%2Fassistant%2F.dockerignore%22%2C%22ref%22%3A%22%22%7D
2025-11-14 14:55:49.384 [info] > git check-ignore -v -z --stdin [1ms]
2025-11-14 14:55:51.814 [info] > git blame --root --incremental a014a3b36d19339b2f3463586084488235ea8ae0 -- back/assistant/.dockerignore [2ms]
2025-11-14 14:55:51.814 [info] fatal: no such path back/assistant/.dockerignore in a014a3b36d19339b2f3463586084488235ea8ae0
2025-11-14 14:55:51.838 [info] > git config --get commit.template [7ms]
2025-11-14 14:55:51.838 [info] > git for-each-ref --format=%(refname)%00%(upstream:short)%00%(objectname)%00%(upstream:track)%00%(upstream:remotename)%00%(upstream:remoteref) refs/heads/main refs/remotes/main [1ms]
2025-11-14 14:55:51.853 [info] > git status -z -uall [9ms]
2025-11-14 14:55:51.854 [info] > git for-each-ref --sort -committerdate --format %(refname)%00%(objectname)%00%(*objectname) [1ms]
2025-11-14 14:56:13.398 [info] > git config --get commit.template [7ms]
2025-11-14 14:56:13.399 [info] > git for-each-ref --format=%(refname)%00%(upstream:short)%00%(objectname)%00%(upstream:track)%00%(upstream:remotename)%00%(upstream:remoteref) refs/heads/main refs/remotes/main [1ms]
2025-11-14 14:56:13.411 [info] > git status -z -uall [6ms]
2025-11-14 14:56:13.412 [info] > git for-each-ref --sort -committerdate --format %(refname)%00%(objectname)%00%(*objectname) [1ms]
2025-11-14 14:56:30.230 [info] > git config --get commit.template [2ms]
2025-11-14 14:56:30.239 [info] > git for-each-ref --format=%(refname)%00%(upstream:short)%00%(objectname)%00%(upstream:track)%00%(upstream:remotename)%00%(upstream:remoteref) refs/heads/main refs/remotes/main [1ms]
2025-11-14 14:56:30.255 [info] > git status -z -uall [8ms]
2025-11-14 14:56:30.256 [info] > git for-each-ref --sort -committerdate --format %(refname)%00%(objectname)%00%(*objectname) [2ms]
2025-11-14 14:56:30.587 [info] > git show --textconv :back/assistant/.dockerignore [21ms]
2025-11-14 14:56:30.587 [info] > git show --textconv HEAD:back/assistant/.dockerignore [14ms]
2025-11-14 14:56:30.587 [info] > git ls-files --stage -- back/assistant/.dockerignore [8ms]
2025-11-14 14:56:30.594 [warning] [GitFileSystemProvider][readFile] File not found - git:/home/user/repos/weather_predictor/back/assistant/.dockerignore.git?%7B%22path%22%3A%22%2Fhome%2Fuser%2Frepos%2Fweather_predictor%2Fback%2Fassistant%2F.dockerignore%22%2C%22ref%22%3A%22HEAD%22%7D
2025-11-14 14:56:30.595 [info] > git cat-file -s e69de29bb2d1d6434b8b29ae775ad8c2e48c5391 [2ms]
2025-11-14 14:56:30.595 [info] > git ls-tree -l HEAD -- back/assistant/.dockerignore [9ms]
2025-11-14 14:56:30.596 [warning] [GitFileSystemProvider][stat] File not found - git:/home/user/repos/weather_predictor/back/assistant/.dockerignore.git?%7B%22path%22%3A%22%2Fhome%2Fuser%2Frepos%2Fweather_predictor%2Fback%2Fassistant%2F.dockerignore%22%2C%22ref%22%3A%22HEAD%22%7D
2025-11-14 14:56:31.303 [info] > git config --get commit.template [8ms]
2025-11-14 14:56:31.303 [info] > git for-each-ref --format=%(refname)%00%(upstream:short)%00%(objectname)%00%(upstream:track)%00%(upstream:remotename)%00%(upstream:remoteref) refs/heads/main refs/remotes/main [1ms]
2025-11-14 14:56:31.318 [info] > git status -z -uall [8ms]
2025-11-14 14:56:31.318 [info] > git for-each-ref --sort -committerdate --format %(refname)%00%(objectname)%00%(*objectname) [1ms]
2025-11-14 14:56:31.399 [info] > git ls-files --stage -- back/assistant/.dockerignore [1ms]
2025-11-14 14:56:31.407 [info] > git cat-file -s e69de29bb2d1d6434b8b29ae775ad8c2e48c5391 [1ms]
2025-11-14 14:56:31.416 [info] > git show --textconv :back/assistant/.dockerignore [1ms]
2025-11-14 14:56:33.955 [info] > git config --get commit.template [1ms]
2025-11-14 14:56:33.964 [info] > git for-each-ref --format=%(refname)%00%(upstream:short)%00%(objectname)%00%(upstream:track)%00%(upstream:remotename)%00%(upstream:remoteref) refs/heads/main refs/remotes/main [1ms]
2025-11-14 14:56:33.979 [info] > git status -z -uall [7ms]
2025-11-14 14:56:33.981 [info] > git for-each-ref --sort -committerdate --format %(refname)%00%(objectname)%00%(*objectname) [2ms]
2025-11-14 14:56:35.113 [info] > git ls-files --stage -- back/assistant/.dockerignore [1ms]
2025-11-14 14:56:35.121 [info] > git cat-file -s e69de29bb2d1d6434b8b29ae775ad8c2e48c5391 [1ms]
2025-11-14 14:56:35.129 [info] > git show --textconv :back/assistant/.dockerignore [1ms]
2025-11-14 14:56:36.339 [info] > git config --get commit.template [7ms]
2025-11-14 14:56:36.339 [info] > git for-each-ref --format=%(refname)%00%(upstream:short)%00%(objectname)%00%(upstream:track)%00%(upstream:remotename)%00%(upstream:remoteref) refs/heads/main refs/remotes/main [1ms]
2025-11-14 14:56:36.352 [info] > git status -z -uall [7ms]
2025-11-14 14:56:36.353 [info] > git for-each-ref --sort -committerdate --format %(refname)%00%(objectname)%00%(*objectname) [2ms]
2025-11-14 14:56:50.790 [info] > git config --get commit.template [1ms]
2025-11-14 14:56:50.799 [info] > git for-each-ref --format=%(refname)%00%(upstream:short)%00%(objectname)%00%(upstream:track)%00%(upstream:remotename)%00%(upstream:remoteref) refs/heads/main refs/remotes/main [2ms]
2025-11-14 14:56:50.814 [info] > git status -z -uall [9ms]
2025-11-14 14:56:50.814 [info] > git for-each-ref --sort -committerdate --format %(refname)%00%(objectname)%00%(*objectname) [1ms]
2025-11-14 14:56:50.825 [info] > git blame --root --incremental 478c76d81b4e2eba1e9373916f5ad54b6b7910cb -- back/assistant/.dockerignore [2ms]
2025-11-14 14:56:51.852 [info] > git config --get commit.template [7ms]
2025-11-14 14:56:51.853 [info] > git for-each-ref --format=%(refname)%00%(upstream:short)%00%(objectname)%00%(upstream:track)%00%(upstream:remotename)%00%(upstream:remoteref) refs/heads/main refs/remotes/main [1ms]
2025-11-14 14:56:51.867 [info] > git status -z -uall [8ms]
2025-11-14 14:56:51.868 [info] > git for-each-ref --sort -committerdate --format %(refname)%00%(objectname)%00%(*objectname) [2ms]
2025-11-14 14:56:51.945 [info] > git ls-files --stage -- back/assistant/.dockerignore [1ms]
2025-11-14 14:56:51.952 [info] > git cat-file -s e69de29bb2d1d6434b8b29ae775ad8c2e48c5391 [1ms]
2025-11-14 14:56:51.961 [info] > git show --textconv :back/assistant/.dockerignore [1ms]
2025-11-14 14:56:56.993 [info] > git config --get commit.template [9ms]
2025-11-14 14:56:56.994 [info] > git for-each-ref --format=%(refname)%00%(upstream:short)%00%(objectname)%00%(upstream:track)%00%(upstream:remotename)%00%(upstream:remoteref) refs/heads/main refs/remotes/main [1ms]
2025-11-14 14:56:57.009 [info] > git status -z -uall [8ms]
2025-11-14 14:56:57.010 [info] > git for-each-ref --sort -committerdate --format %(refname)%00%(objectname)%00%(*objectname) [2ms]
2025-11-14 14:57:01.825 [info] > git config --get commit.template [8ms]
2025-11-14 14:57:01.826 [info] > git for-each-ref --format=%(refname)%00%(upstream:short)%00%(objectname)%00%(upstream:track)%00%(upstream:remotename)%00%(upstream:remoteref) refs/heads/main refs/remotes/main [2ms]
2025-11-14 14:57:01.841 [info] > git status -z -uall [8ms]
2025-11-14 14:57:01.842 [info] > git for-each-ref --sort -committerdate --format %(refname)%00%(objectname)%00%(*objectname) [2ms]
2025-11-14 14:57:03.337 [info] > git show --textconv :back/assistant/Dockerfile [10ms]
2025-11-14 14:57:03.338 [info] > git ls-files --stage -- back/assistant/Dockerfile [2ms]
2025-11-14 14:57:03.346 [info] > git cat-file -s bf9ba701179b55b109a5a1dce0bb106a9d07ed6d [1ms]
2025-11-14 14:57:03.359 [info] > git blame --root --incremental 478c76d81b4e2eba1e9373916f5ad54b6b7910cb -- back/assistant/Dockerfile [2ms]
2025-11-14 14:57:03.755 [info] > git show --textconv :back/assistant/assistant.py [8ms]
2025-11-14 14:57:03.756 [info] > git ls-files --stage -- back/assistant/assistant.py [1ms]
2025-11-14 14:57:03.764 [info] > git cat-file -s c8decb87b265d3746d83ae7a499d5b4566f9de46 [1ms]
2025-11-14 14:57:03.781 [info] > git blame --root --incremental 478c76d81b4e2eba1e9373916f5ad54b6b7910cb -- back/assistant/assistant.py [2ms]
2025-11-14 14:57:04.685 [info] > git show --textconv :back/assistant/Dockerfile [7ms]
2025-11-14 14:57:04.686 [info] > git ls-files --stage -- back/assistant/Dockerfile [1ms]
2025-11-14 14:57:04.694 [info] > git cat-file -s bf9ba701179b55b109a5a1dce0bb106a9d07ed6d [1ms]
2025-11-14 14:57:05.698 [info] > git show --textconv :back/assistant/requirements.txt [8ms]
2025-11-14 14:57:05.699 [info] > git ls-files --stage -- back/assistant/requirements.txt [1ms]
2025-11-14 14:57:05.706 [info] > git cat-file -s 103307dd41aa5dc710b0f10f41cf8f2f82917192 [1ms]
2025-11-14 14:57:05.722 [info] > git blame --root --incremental 478c76d81b4e2eba1e9373916f5ad54b6b7910cb -- back/assistant/requirements.txt [2ms]
2025-11-14 14:57:09.979 [info] > git config --get commit.template [2ms]
2025-11-14 14:57:09.990 [info] > git for-each-ref --format=%(refname)%00%(upstream:short)%00%(objectname)%00%(upstream:track)%00%(upstream:remotename)%00%(upstream:remoteref) refs/heads/main refs/remotes/main [1ms]
2025-11-14 14:57:10.014 [info] > git status -z -uall [13ms]
2025-11-14 14:57:10.018 [info] > git for-each-ref --sort -committerdate --format %(refname)%00%(objectname)%00%(*objectname) [5ms]
2025-11-14 14:57:11.052 [info] > git config --get commit.template [7ms]
2025-11-14 14:57:11.053 [info] > git for-each-ref --format=%(refname)%00%(upstream:short)%00%(objectname)%00%(upstream:track)%00%(upstream:remotename)%00%(upstream:remoteref) refs/heads/main refs/remotes/main [1ms]
2025-11-14 14:57:11.065 [info] > git status -z -uall [6ms]
2025-11-14 14:57:11.066 [info] > git for-each-ref --sort -committerdate --format %(refname)%00%(objectname)%00%(*objectname) [1ms]
2025-11-14 14:57:11.144 [info] > git ls-files --stage -- back/assistant/requirements.txt [1ms]
2025-11-14 14:57:11.150 [info] > git cat-file -s 103307dd41aa5dc710b0f10f41cf8f2f82917192 [1ms]
2025-11-14 14:57:11.159 [info] > git show --textconv :back/assistant/requirements.txt [1ms]
2025-11-14 14:57:15.523 [info] > git config --get commit.template [2ms]
2025-11-14 14:57:15.532 [info] > git for-each-ref --format=%(refname)%00%(upstream:short)%00%(objectname)%00%(upstream:track)%00%(upstream:remotename)%00%(upstream:remoteref) refs/heads/main refs/remotes/main [1ms]
2025-11-14 14:57:15.547 [info] > git status -z -uall [7ms]
2025-11-14 14:57:15.548 [info] > git for-each-ref --sort -committerdate --format %(refname)%00%(objectname)%00%(*objectname) [2ms]
2025-11-14 14:57:15.560 [info] > git blame --root --incremental 468d434b58e2baa385e121869cf081ca5748e67c -- back/assistant/requirements.txt [3ms]
2025-11-14 14:57:16.583 [info] > git config --get commit.template [7ms]
2025-11-14 14:57:16.584 [info] > git for-each-ref --format=%(refname)%00%(upstream:short)%00%(objectname)%00%(upstream:track)%00%(upstream:remotename)%00%(upstream:remoteref) refs/heads/main refs/remotes/main [1ms]
2025-11-14 14:57:16.602 [info] > git status -z -uall [10ms]
2025-11-14 14:57:16.602 [info] > git for-each-ref --sort -committerdate --format %(refname)%00%(objectname)%00%(*objectname) [1ms]
2025-11-14 14:57:16.679 [info] > git ls-files --stage -- back/assistant/requirements.txt [2ms]
2025-11-14 14:57:16.687 [info] > git cat-file -s 103307dd41aa5dc710b0f10f41cf8f2f82917192 [1ms]
2025-11-14 14:57:16.697 [info] > git show --textconv :back/assistant/requirements.txt [1ms]
2025-11-14 14:57:20.396 [info] > git config --get commit.template [8ms]
2025-11-14 14:57:20.397 [info] > git for-each-ref --format=%(refname)%00%(upstream:short)%00%(objectname)%00%(upstream:track)%00%(upstream:remotename)%00%(upstream:remoteref) refs/heads/main refs/remotes/main [1ms]
2025-11-14 14:57:20.413 [info] > git status -z -uall [8ms]
2025-11-14 14:57:20.414 [info] > git for-each-ref --sort -committerdate --format %(refname)%00%(objectname)%00%(*objectname) [2ms]
2025-11-14 15:04:44.459 [info] > git show --textconv :Dockerfile [8ms]
2025-11-14 15:04:44.460 [info] > git ls-files --stage -- Dockerfile [2ms]
2025-11-14 15:04:44.469 [info] > git cat-file -s 94124daf3233e8c033b0e8b50af4d49f274ae087 [1ms]
2025-11-14 15:04:44.488 [info] > git blame --root --incremental 468d434b58e2baa385e121869cf081ca5748e67c -- Dockerfile [2ms]
2025-11-14 15:04:56.866 [info] > git show --textconv :back/assistant/requirements.txt [9ms]
2025-11-14 15:04:56.867 [info] > git ls-files --stage -- back/assistant/requirements.txt [2ms]
2025-11-14 15:04:56.875 [info] > git cat-file -s 103307dd41aa5dc710b0f10f41cf8f2f82917192 [2ms]
2025-11-14 15:04:58.196 [info] > git show --textconv :back/assistant/Dockerfile [9ms]
2025-11-14 15:04:58.197 [info] > git ls-files --stage -- back/assistant/Dockerfile [1ms]
2025-11-14 15:04:58.206 [info] > git cat-file -s bf9ba701179b55b109a5a1dce0bb106a9d07ed6d [1ms]
2025-11-14 15:04:58.221 [info] > git blame --root --incremental 468d434b58e2baa385e121869cf081ca5748e67c -- back/assistant/Dockerfile [2ms]
2025-11-14 15:05:04.270 [info] > git show --textconv :back/assistant/assistant.py [9ms]
2025-11-14 15:05:04.271 [info] > git ls-files --stage -- back/assistant/assistant.py [2ms]
2025-11-14 15:05:04.279 [info] > git cat-file -s c8decb87b265d3746d83ae7a499d5b4566f9de46 [2ms]
2025-11-14 15:05:04.298 [info] > git blame --root --incremental 468d434b58e2baa385e121869cf081ca5748e67c -- back/assistant/assistant.py [2ms]
2025-11-14 15:05:04.433 [info] > git config --get commit.template [7ms]
2025-11-14 15:05:04.434 [info] > git for-each-ref --format=%(refname)%00%(upstream:short)%00%(objectname)%00%(upstream:track)%00%(upstream:remotename)%00%(upstream:remoteref) refs/heads/main refs/remotes/main [1ms]
2025-11-14 15:05:04.449 [info] > git status -z -uall [8ms]
2025-11-14 15:05:04.450 [info] > git for-each-ref --sort -committerdate --format %(refname)%00%(objectname)%00%(*objectname) [2ms]
2025-11-14 15:05:04.827 [info] > git show --textconv :back/assistant/.dockerignore [7ms]
2025-11-14 15:05:04.828 [info] > git ls-files --stage -- back/assistant/.dockerignore [1ms]
2025-11-14 15:05:04.836 [info] > git cat-file -s 416bc4bad4fa5b1fe1df0ca751fb96db77252ae8 [1ms]
2025-11-14 15:05:04.851 [info] > git blame --root --incremental 468d434b58e2baa385e121869cf081ca5748e67c -- back/assistant/.dockerignore [2ms]
2025-11-14 15:05:05.389 [info] > git show --textconv :back/assistant/assistant.py [8ms]
2025-11-14 15:05:05.390 [info] > git ls-files --stage -- back/assistant/assistant.py [1ms]
2025-11-14 15:05:05.397 [info] > git cat-file -s c8decb87b265d3746d83ae7a499d5b4566f9de46 [1ms]
2025-11-14 15:05:06.035 [info] > git show --textconv :back/assistant/requirements.txt [8ms]
2025-11-14 15:05:06.036 [info] > git ls-files --stage -- back/assistant/requirements.txt [1ms]
2025-11-14 15:05:06.044 [info] > git cat-file -s 103307dd41aa5dc710b0f10f41cf8f2f82917192 [1ms]
2025-11-14 15:05:08.638 [info] > git show --textconv :back/assistant/Dockerfile [9ms]
2025-11-14 15:05:08.639 [info] > git ls-files --stage -- back/assistant/Dockerfile [2ms]
2025-11-14 15:05:08.647 [info] > git cat-file -s bf9ba701179b55b109a5a1dce0bb106a9d07ed6d [1ms]
2025-11-14 15:05:09.462 [info] > git config --get commit.template [1ms]
2025-11-14 15:05:09.471 [info] > git for-each-ref --format=%(refname)%00%(upstream:short)%00%(objectname)%00%(upstream:track)%00%(upstream:remotename)%00%(upstream:remoteref) refs/heads/main refs/remotes/main [1ms]
2025-11-14 15:05:09.486 [info] > git status -z -uall [8ms]
2025-11-14 15:05:09.487 [info] > git for-each-ref --sort -committerdate --format %(refname)%00%(objectname)%00%(*objectname) [2ms]
2025-11-14 15:06:40.282 [info] > git show --textconv :back/assistant/requirements.txt [9ms]
2025-11-14 15:06:40.282 [info] > git ls-files --stage -- back/assistant/requirements.txt [1ms]
2025-11-14 15:06:40.290 [info] > git cat-file -s 103307dd41aa5dc710b0f10f41cf8f2f82917192 [1ms]
2025-11-14 15:06:42.447 [info] > git config --get commit.template [1ms]
2025-11-14 15:06:42.455 [info] > git for-each-ref --format=%(refname)%00%(upstream:short)%00%(objectname)%00%(upstream:track)%00%(upstream:remotename)%00%(upstream:remoteref) refs/heads/main refs/remotes/main [1ms]
2025-11-14 15:06:42.469 [info] > git status -z -uall [7ms]
2025-11-14 15:06:42.470 [info] > git for-each-ref --sort -committerdate --format %(refname)%00%(objectname)%00%(*objectname) [1ms]
2025-11-14 15:27:11.779 [info] > git show --textconv :docker-compose.yml [8ms]
2025-11-14 15:27:11.780 [info] > git ls-files --stage -- docker-compose.yml [1ms]
2025-11-14 15:27:11.789 [info] > git cat-file -s 8cd581123665e4ebca5cb4ed805d5b44f4628eec [2ms]
2025-11-14 15:27:11.810 [info] > git blame --root --incremental 468d434b58e2baa385e121869cf081ca5748e67c -- docker-compose.yml [3ms]
2025-11-14 15:33:21.536 [info] > git show --textconv :back/assistant/requirements.txt [10ms]
2025-11-14 15:33:21.537 [info] > git ls-files --stage -- back/assistant/requirements.txt [2ms]
2025-11-14 15:33:21.546 [info] > git cat-file -s 103307dd41aa5dc710b0f10f41cf8f2f82917192 [1ms]
2025-11-14 15:33:22.139 [info] > git show --textconv :back/assistant/Dockerfile [10ms]
2025-11-14 15:33:22.140 [info] > git ls-files --stage -- back/assistant/Dockerfile [2ms]
2025-11-14 15:33:22.149 [info] > git cat-file -s bf9ba701179b55b109a5a1dce0bb106a9d07ed6d [2ms]
2025-11-14 15:33:25.104 [info] > git config --get commit.template [2ms]
2025-11-14 15:33:25.114 [info] > git for-each-ref --format=%(refname)%00%(upstream:short)%00%(objectname)%00%(upstream:track)%00%(upstream:remotename)%00%(upstream:remoteref) refs/heads/main refs/remotes/main [2ms]
2025-11-14 15:33:25.130 [info] > git status -z -uall [9ms]
2025-11-14 15:33:25.132 [info] > git for-each-ref --sort -committerdate --format %(refname)%00%(objectname)%00%(*objectname) [2ms]
2025-11-14 15:33:25.452 [info] > git show --textconv HEAD:back/assistant/Dockerfile [8ms]
2025-11-14 15:33:25.453 [info] > git ls-tree -l HEAD -- back/assistant/Dockerfile [1ms]
2025-11-14 15:33:26.168 [info] > git config --get commit.template [9ms]
2025-11-14 15:33:26.169 [info] > git for-each-ref --format=%(refname)%00%(upstream:short)%00%(objectname)%00%(upstream:track)%00%(upstream:remotename)%00%(upstream:remoteref) refs/heads/main refs/remotes/main [2ms]
2025-11-14 15:33:26.187 [info] > git status -z -uall [9ms]
2025-11-14 15:33:26.188 [info] > git for-each-ref --sort -committerdate --format %(refname)%00%(objectname)%00%(*objectname) [1ms]
2025-11-14 15:33:26.269 [info] > git ls-files --stage -- back/assistant/Dockerfile [9ms]
2025-11-14 15:33:26.279 [info] > git ls-tree -l HEAD -- back/assistant/Dockerfile [11ms]
2025-11-14 15:33:26.280 [info] > git cat-file -s 8cbfda9a6a5031eb635dc94f266bf2d4037d7fbd [2ms]
2025-11-14 15:33:26.298 [info] > git show --textconv HEAD:back/assistant/Dockerfile [10ms]
2025-11-14 15:33:26.299 [info] > git show --textconv :back/assistant/Dockerfile [2ms]
2025-11-14 15:33:46.244 [info] > git config --get commit.template [2ms]
2025-11-14 15:33:46.254 [info] > git for-each-ref --format=%(refname)%00%(upstream:short)%00%(objectname)%00%(upstream:track)%00%(upstream:remotename)%00%(upstream:remoteref) refs/heads/main refs/remotes/main [1ms]
2025-11-14 15:33:46.272 [info] > git status -z -uall [8ms]
2025-11-14 15:33:46.274 [info] > git for-each-ref --sort -committerdate --format %(refname)%00%(objectname)%00%(*objectname) [3ms]
2025-11-14 15:33:46.286 [info] > git blame --root --incremental 66b76f9030d5722122c873960cc8f3f06433a728 -- back/assistant/Dockerfile [3ms]
2025-11-14 15:33:47.317 [info] > git config --get commit.template [8ms]
2025-11-14 15:33:47.317 [info] > git for-each-ref --format=%(refname)%00%(upstream:short)%00%(objectname)%00%(upstream:track)%00%(upstream:remotename)%00%(upstream:remoteref) refs/heads/main refs/remotes/main [1ms]
2025-11-14 15:33:47.335 [info] > git status -z -uall [10ms]
2025-11-14 15:33:47.335 [info] > git for-each-ref --sort -committerdate --format %(refname)%00%(objectname)%00%(*objectname) [1ms]
2025-11-14 15:33:47.411 [info] > git ls-files --stage -- back/assistant/Dockerfile [1ms]
2025-11-14 15:33:47.420 [info] > git cat-file -s 8cbfda9a6a5031eb635dc94f266bf2d4037d7fbd [2ms]
2025-11-14 15:33:47.431 [info] > git show --textconv :back/assistant/Dockerfile [2ms]
2025-11-14 15:33:50.132 [info] > git config --get commit.template [2ms]
2025-11-14 15:33:50.142 [info] > git for-each-ref --format=%(refname)%00%(upstream:short)%00%(objectname)%00%(upstream:track)%00%(upstream:remotename)%00%(upstream:remoteref) refs/heads/main refs/remotes/main [2ms]
2025-11-14 15:33:50.160 [info] > git status -z -uall [9ms]
2025-11-14 15:33:50.161 [info] > git for-each-ref --sort -committerdate --format %(refname)%00%(objectname)%00%(*objectname) [2ms]
2025-11-14 15:33:58.032 [info] > git show --textconv :templates/get-24hrs.html [9ms]
2025-11-14 15:33:58.033 [info] > git ls-files --stage -- templates/get-24hrs.html [2ms]
2025-11-14 15:33:58.043 [info] > git cat-file -s 698daa49981ffee182c28f2b33cdf9754d681890 [2ms]
2025-11-14 15:33:58.070 [info] > git blame --root --incremental 66b76f9030d5722122c873960cc8f3f06433a728 -- templates/get-24hrs.html [5ms]
2025-11-14 15:34:00.199 [info] > git show --textconv :main.py [12ms]
2025-11-14 15:34:00.200 [info] > git ls-files --stage -- main.py [2ms]
2025-11-14 15:34:00.214 [info] > git cat-file -s 37cb63e027ebd776fc99e821705ca34fef4caac5 [2ms]
2025-11-14 15:34:00.312 [info] > git blame --root --incremental 66b76f9030d5722122c873960cc8f3f06433a728 -- main.py [18ms]
2025-11-14 15:34:07.157 [info] > git config --get commit.template [2ms]
2025-11-14 15:34:07.166 [info] > git for-each-ref --format=%(refname)%00%(upstream:short)%00%(objectname)%00%(upstream:track)%00%(upstream:remotename)%00%(upstream:remoteref) refs/heads/main refs/remotes/main [1ms]
2025-11-14 15:34:07.183 [info] > git status -z -uall [8ms]
2025-11-14 15:34:07.184 [info] > git for-each-ref --sort -committerdate --format %(refname)%00%(objectname)%00%(*objectname) [2ms]
2025-11-14 15:35:48.491 [info] > git show --textconv :back/assistant/assistant.py [10ms]
2025-11-14 15:35:48.492 [info] > git ls-files --stage -- back/assistant/assistant.py [2ms]
2025-11-14 15:35:48.501 [info] > git cat-file -s c8decb87b265d3746d83ae7a499d5b4566f9de46 [1ms]
2025-11-14 15:35:48.517 [info] > git blame --root --incremental 66b76f9030d5722122c873960cc8f3f06433a728 -- back/assistant/assistant.py [3ms]
2025-11-14 15:36:09.310 [info] > git show --textconv :back/assistant/Dockerfile [9ms]
2025-11-14 15:36:09.310 [info] > git ls-files --stage -- back/assistant/Dockerfile [1ms]
2025-11-14 15:36:09.320 [info] > git cat-file -s 8cbfda9a6a5031eb635dc94f266bf2d4037d7fbd [1ms]
2025-11-14 15:36:54.964 [info] > git show --textconv :Dockerfile [8ms]
2025-11-14 15:36:54.965 [info] > git ls-files --stage -- Dockerfile [2ms]
2025-11-14 15:36:54.973 [info] > git cat-file -s 94124daf3233e8c033b0e8b50af4d49f274ae087 [1ms]
2025-11-14 15:36:54.987 [info] > git blame --root --incremental 66b76f9030d5722122c873960cc8f3f06433a728 -- Dockerfile [3ms]
2025-11-14 15:36:55.614 [info] > git show --textconv :docker-compose.yml [11ms]
2025-11-14 15:36:55.614 [info] > git ls-files --stage -- docker-compose.yml [2ms]
2025-11-14 15:36:55.624 [info] > git cat-file -s 8cd581123665e4ebca5cb4ed805d5b44f4628eec [2ms]
2025-11-14 15:36:55.637 [info] > git blame --root --incremental 66b76f9030d5722122c873960cc8f3f06433a728 -- docker-compose.yml [3ms]
2025-11-14 16:19:54.616 [info] > git show --textconv :main.py [9ms]
2025-11-14 16:19:54.617 [info] > git ls-files --stage -- main.py [2ms]
2025-11-14 16:19:54.626 [info] > git cat-file -s 37cb63e027ebd776fc99e821705ca34fef4caac5 [1ms]
2025-11-14 16:21:09.265 [info] > git config --get commit.template [1ms]
2025-11-14 16:21:09.276 [info] > git for-each-ref --format=%(refname)%00%(upstream:short)%00%(objectname)%00%(upstream:track)%00%(upstream:remotename)%00%(upstream:remoteref) refs/heads/main refs/remotes/main [2ms]
2025-11-14 16:21:09.292 [info] > git status -z -uall [9ms]
2025-11-14 16:21:09.293 [info] > git for-each-ref --sort -committerdate --format %(refname)%00%(objectname)%00%(*objectname) [2ms]
2025-11-14 16:21:09.613 [info] > git show --textconv HEAD:main.py [8ms]
2025-11-14 16:21:09.614 [info] > git ls-tree -l HEAD -- main.py [1ms]
2025-11-14 16:21:10.340 [info] > git config --get commit.template [7ms]
2025-11-14 16:21:10.341 [info] > git for-each-ref --format=%(refname)%00%(upstream:short)%00%(objectname)%00%(upstream:track)%00%(upstream:remotename)%00%(upstream:remoteref) refs/heads/main refs/remotes/main [1ms]
2025-11-14 16:21:10.357 [info] > git status -z -uall [8ms]
2025-11-14 16:21:10.358 [info] > git for-each-ref --sort -committerdate --format %(refname)%00%(objectname)%00%(*objectname) [2ms]
2025-11-14 16:21:10.446 [info] > git ls-files --stage -- main.py [11ms]
2025-11-14 16:21:10.456 [info] > git ls-tree -l HEAD -- main.py [11ms]
2025-11-14 16:21:10.456 [info] > git cat-file -s 646f542997518dc883ede2491b884a47f33d5b65 [1ms]
2025-11-14 16:21:10.475 [info] > git show --textconv HEAD:main.py [10ms]
2025-11-14 16:21:10.476 [info] > git show --textconv :main.py [2ms]
2025-11-14 16:22:31.338 [info] > git config --get commit.template [2ms]
2025-11-14 16:22:31.347 [info] > git for-each-ref --format=%(refname)%00%(upstream:short)%00%(objectname)%00%(upstream:track)%00%(upstream:remotename)%00%(upstream:remoteref) refs/heads/main refs/remotes/main [1ms]
2025-11-14 16:22:31.363 [info] > git status -z -uall [8ms]
2025-11-14 16:22:31.364 [info] > git for-each-ref --sort -committerdate --format %(refname)%00%(objectname)%00%(*objectname) [1ms]
2025-11-14 16:22:31.382 [info] > git blame --root --incremental 3029ad9b7f26781cd9b9919f8e0d4ce30ab39b58 -- main.py [7ms]
2025-11-14 16:22:32.403 [info] > git config --get commit.template [8ms]
2025-11-14 16:22:32.404 [info] > git for-each-ref --format=%(refname)%00%(upstream:short)%00%(objectname)%00%(upstream:track)%00%(upstream:remotename)%00%(upstream:remoteref) refs/heads/main refs/remotes/main [1ms]
2025-11-14 16:22:32.419 [info] > git status -z -uall [8ms]
2025-11-14 16:22:32.420 [info] > git for-each-ref --sort -committerdate --format %(refname)%00%(objectname)%00%(*objectname) [2ms]
2025-11-14 16:22:32.499 [info] > git ls-files --stage -- main.py [1ms]
2025-11-14 16:22:32.508 [info] > git cat-file -s 646f542997518dc883ede2491b884a47f33d5b65 [1ms]
2025-11-14 16:22:32.517 [info] > git show --textconv :main.py [1ms]
2025-11-14 16:22:35.528 [info] > git config --get commit.template [1ms]
2025-11-14 16:22:35.537 [info] > git for-each-ref --format=%(refname)%00%(upstream:short)%00%(objectname)%00%(upstream:track)%00%(upstream:remotename)%00%(upstream:remoteref) refs/heads/main refs/remotes/main [1ms]
2025-11-14 16:22:35.553 [info] > git status -z -uall [8ms]
2025-11-14 16:22:35.554 [info] > git for-each-ref --sort -committerdate --format %(refname)%00%(objectname)%00%(*objectname) [1ms]
