2025-07-25 19:39:14.349 [info] [main] Log level: Info
2025-07-25 19:39:14.349 [info] [main] Validating found git in: "git"
2025-07-25 19:39:14.349 [info] [main] Using git "2.50.1" from "git"
2025-07-25 19:39:14.349 [info] [Model][doInitialScan] Initial repository scan started
2025-07-25 19:39:14.349 [info] > git rev-parse --show-toplevel [7ms]
2025-07-25 19:39:14.349 [info] > git rev-parse --show-toplevel [1ms]
2025-07-25 19:39:14.350 [info] [Model][doInitialScan] Initial repository scan completed - repositories (0), closed repositories (0), parent repositories (1), unsafe repositories (0)
2025-07-25 19:39:17.114 [info] > git rev-parse --show-toplevel [1ms]
2025-07-25 19:41:11.887 [info] > git rev-parse --show-toplevel [1ms]
2025-07-25 19:41:19.246 [info] > git rev-parse --show-toplevel [1ms]
2025-07-25 19:43:50.830 [info] > git rev-parse --show-toplevel [2ms]
2025-07-25 19:43:51.339 [info] > git rev-parse --show-toplevel [1ms]
2025-07-25 19:43:52.969 [info] > git rev-parse --show-toplevel [2ms]
2025-07-25 19:44:32.862 [info] > git rev-parse --show-toplevel [2ms]
2025-07-25 19:44:36.258 [info] > git rev-parse --show-toplevel [1ms]
2025-07-25 19:44:37.498 [info] > git rev-parse --show-toplevel [1ms]
2025-07-25 19:44:38.435 [info] > git rev-parse --show-toplevel [1ms]
2025-07-25 19:44:39.010 [info] > git rev-parse --show-toplevel [2ms]
2025-07-25 19:44:47.037 [info] > git rev-parse --show-toplevel [1ms]
2025-07-25 19:45:48.121 [info] > git rev-parse --show-toplevel [1ms]
2025-07-25 19:45:53.834 [info] > git rev-parse --show-toplevel [1ms]
2025-07-25 19:45:54.840 [info] > git rev-parse --show-toplevel [1ms]
2025-07-25 20:09:02.836 [info] > git rev-parse --show-toplevel [1ms]
2025-07-25 20:09:11.107 [info] > git rev-parse --show-toplevel [1ms]
