2025-11-12 17:49:48.665 [info] Reading sessions from keychain...
2025-11-12 17:49:48.665 [info] Getting sessions for all scopes...
2025-11-12 17:49:48.665 [info] Got stored sessions!
2025-11-12 17:49:48.665 [info] Got 1 verified sessions.
2025-11-12 17:49:48.665 [info] Got 1 sessions for ...
2025-11-12 17:49:48.665 [info] Getting sessions for all scopes...
2025-11-12 17:49:48.665 [info] Got 1 sessions for ...
2025-11-12 17:49:48.665 [info] Getting sessions for all scopes...
2025-11-12 17:49:48.665 [info] Got 1 sessions for ...
2025-11-12 17:49:48.665 [info] Getting sessions for all scopes...
2025-11-12 17:49:48.665 [info] Got 1 sessions for ...
2025-11-12 17:49:48.665 [info] Getting sessions for all scopes...
2025-11-12 17:49:48.665 [info] Got 1 sessions for ...
2025-11-12 17:49:48.665 [info] Getting sessions for all scopes...
2025-11-12 17:49:48.665 [info] Got 1 sessions for ...
2025-11-12 17:49:48.665 [info] Getting sessions for all scopes...
2025-11-12 17:49:48.665 [info] Got 1 sessions for ...
2025-11-12 17:49:48.665 [info] Getting sessions for all scopes...
2025-11-12 17:49:48.665 [info] Got 1 sessions for ...
2025-11-12 17:49:48.665 [info] Getting sessions for all scopes...
2025-11-12 17:49:48.665 [info] Got 1 sessions for ...
2025-11-12 17:49:48.665 [info] Getting sessions for all scopes...
2025-11-12 17:49:48.665 [info] Got 1 sessions for ...
2025-11-12 17:49:48.665 [info] Getting sessions for all scopes...
2025-11-12 17:49:48.665 [info] Got 1 sessions for ...
2025-11-12 17:49:48.665 [info] Getting sessions for all scopes...
2025-11-12 17:49:48.665 [info] Got 1 sessions for ...
2025-11-12 17:49:48.665 [info] Getting sessions for all scopes...
2025-11-12 17:49:48.665 [info] Got 1 sessions for ...
2025-11-12 17:49:48.695 [info] Getting sessions for all scopes...
2025-11-12 17:49:48.695 [info] Got 1 sessions for ...
2025-11-12 17:49:51.687 [info] Getting sessions for all scopes...
2025-11-12 17:49:51.687 [info] Got 1 sessions for ...
2025-11-12 17:49:51.696 [info] Getting sessions for all scopes...
2025-11-12 17:49:51.696 [info] Got 1 sessions for ...
2025-11-12 17:49:51.697 [info] Getting sessions for all scopes...
2025-11-12 17:49:51.697 [info] Got 1 sessions for ...
2025-11-12 17:49:51.697 [info] Getting sessions for all scopes...
2025-11-12 17:49:51.697 [info] Got 1 sessions for ...
2025-11-12 17:49:51.767 [info] Getting sessions for all scopes...
2025-11-12 17:49:51.767 [info] Got 1 sessions for ...
2025-11-12 17:49:51.767 [info] Getting sessions for all scopes...
2025-11-12 17:49:51.767 [info] Got 1 sessions for ...
2025-11-12 17:49:52.345 [info] Getting sessions for read:user,repo,user:email,workflow...
2025-11-12 17:49:52.346 [info] Got 0 sessions for read:user,repo,user:email,workflow...
2025-11-12 17:49:52.350 [info] FetcherService: Electron fetch failed with status: 429 
2025-11-12 17:49:52.355 [info] Getting sessions for all scopes...
2025-11-12 17:49:52.355 [info] Got 1 sessions for ...
2025-11-12 17:49:52.383 [info] Getting sessions for all scopes...
2025-11-12 17:49:52.383 [info] Got 1 sessions for ...
2025-11-12 17:49:52.384 [info] Getting sessions for read:user,repo,user:email,workflow...
2025-11-12 17:49:52.384 [info] Got 0 sessions for read:user,repo,user:email,workflow...
2025-11-12 17:49:52.387 [info] Getting sessions for user:email...
2025-11-12 17:49:52.387 [info] Got 1 sessions for user:email...
2025-11-12 17:49:52.387 [info] Getting sessions for read:user,repo,user:email,workflow...
2025-11-12 17:49:52.388 [info] Got 0 sessions for read:user,repo,user:email,workflow...
2025-11-12 17:49:52.389 [info] Getting sessions for read:user...
2025-11-12 17:49:52.390 [info] Got 0 sessions for read:user...
2025-11-12 17:49:52.392 [info] Getting sessions for all scopes...
2025-11-12 17:49:52.392 [info] Got 1 sessions for ...
2025-11-12 17:49:52.397 [info] Getting sessions for user:email...
2025-11-12 17:49:52.397 [info] Got 1 sessions for user:email...
2025-11-12 17:49:52.408 [info] Getting sessions for all scopes...
2025-11-12 17:49:52.408 [info] Got 1 sessions for ...
2025-11-12 17:49:52.586 [info] Getting sessions for read:user,repo,user:email,workflow...
2025-11-12 17:49:52.586 [info] Got 0 sessions for read:user,repo,user:email,workflow...
2025-11-12 17:49:52.587 [info] Getting sessions for user:email...
2025-11-12 17:49:52.587 [info] Got 1 sessions for user:email...
2025-11-12 17:49:52.693 [info] Getting sessions for all scopes...
2025-11-12 17:49:52.693 [info] Got 1 sessions for ...
2025-11-12 17:49:52.708 [info] Getting sessions for read:user,repo,user:email,workflow...
2025-11-12 17:49:52.708 [info] Got 0 sessions for read:user,repo,user:email,workflow...
2025-11-12 17:49:52.712 [info] Getting sessions for user:email...
2025-11-12 17:49:52.712 [info] Got 1 sessions for user:email...
2025-11-12 17:49:52.869 [info] FetcherService: Node fetch failed with status: 429 Too Many Requests
2025-11-12 17:49:53.309 [info] FetcherService: Node http/s failed with status: 429 Too Many Requests
2025-11-12 17:49:59.765 [info] Getting sessions for read:user,repo,user:email,workflow...
2025-11-12 17:49:59.765 [info] Got 0 sessions for read:user,repo,user:email,workflow...
2025-11-12 17:49:59.766 [info] Getting sessions for read:user...
2025-11-12 17:49:59.766 [info] Got 0 sessions for read:user...
2025-11-12 17:49:59.767 [info] Getting sessions for user:email...
2025-11-12 17:49:59.767 [info] Got 1 sessions for user:email...
2025-11-12 17:50:07.707 [info] Getting sessions for read:user,repo,user:email,workflow...
2025-11-12 17:50:07.707 [info] Got 0 sessions for read:user,repo,user:email,workflow...
2025-11-12 17:50:07.708 [info] Getting sessions for read:user...
2025-11-12 17:50:07.708 [info] Got 0 sessions for read:user...
2025-11-12 17:50:07.708 [info] Getting sessions for user:email...
2025-11-12 17:50:07.709 [info] Got 1 sessions for user:email...
2025-11-12 17:50:08.662 [info] Getting sessions for read:user,repo,user:email,workflow...
2025-11-12 17:50:08.662 [info] Got 0 sessions for read:user,repo,user:email,workflow...
2025-11-12 17:50:08.663 [info] Getting sessions for read:user...
2025-11-12 17:50:08.663 [info] Got 0 sessions for read:user...
2025-11-12 17:50:08.664 [info] Getting sessions for user:email...
2025-11-12 17:50:08.664 [info] Got 1 sessions for user:email...
2025-11-12 17:50:10.895 [info] Getting sessions for all scopes...
2025-11-12 17:50:10.896 [info] Got 1 sessions for ...
2025-11-12 17:50:11.131 [info] Getting sessions for read:user,repo,user:email,workflow...
2025-11-12 17:50:11.131 [info] Got 0 sessions for read:user,repo,user:email,workflow...
2025-11-12 17:50:11.172 [info] Getting sessions for read:user...
2025-11-12 17:50:11.172 [info] Got 0 sessions for read:user...
2025-11-12 17:50:11.174 [info] Getting sessions for user:email...
2025-11-12 17:50:11.174 [info] Got 1 sessions for user:email...
2025-11-12 17:50:14.894 [info] Getting sessions for read:user,repo,user:email,workflow...
2025-11-12 17:50:14.894 [info] Got 0 sessions for read:user,repo,user:email,workflow...
2025-11-12 17:50:14.895 [info] Getting sessions for read:user...
2025-11-12 17:50:14.895 [info] Got 0 sessions for read:user...
2025-11-12 17:50:14.898 [info] Getting sessions for user:email...
2025-11-12 17:50:14.898 [info] Got 1 sessions for user:email...
2025-11-12 17:50:15.423 [info] Getting sessions for read:user,repo,user:email,workflow...
2025-11-12 17:50:15.423 [info] Got 0 sessions for read:user,repo,user:email,workflow...
2025-11-12 17:50:15.424 [info] Getting sessions for read:user...
2025-11-12 17:50:15.424 [info] Got 0 sessions for read:user...
2025-11-12 17:50:15.425 [info] Getting sessions for user:email...
2025-11-12 17:50:15.425 [info] Got 1 sessions for user:email...
2025-11-12 17:50:16.107 [info] Getting sessions for read:user,repo,user:email,workflow...
2025-11-12 17:50:16.107 [info] Got 0 sessions for read:user,repo,user:email,workflow...
2025-11-12 17:50:16.108 [info] Getting sessions for read:user...
2025-11-12 17:50:16.108 [info] Got 0 sessions for read:user...
2025-11-12 17:50:16.111 [info] Getting sessions for user:email...
2025-11-12 17:50:16.111 [info] Got 1 sessions for user:email...
2025-11-12 17:50:16.772 [info] Getting sessions for read:user,repo,user:email,workflow...
2025-11-12 17:50:16.772 [info] Got 0 sessions for read:user,repo,user:email,workflow...
2025-11-12 17:50:16.773 [info] Getting sessions for read:user...
2025-11-12 17:50:16.773 [info] Got 0 sessions for read:user...
2025-11-12 17:50:16.797 [info] Getting sessions for user:email...
2025-11-12 17:50:16.797 [info] Got 1 sessions for user:email...
2025-11-12 17:50:17.291 [info] Getting sessions for read:user,repo,user:email,workflow...
2025-11-12 17:50:17.291 [info] Got 0 sessions for read:user,repo,user:email,workflow...
2025-11-12 17:50:17.293 [info] Getting sessions for read:user...
2025-11-12 17:50:17.293 [info] Got 0 sessions for read:user...
2025-11-12 17:50:17.293 [info] Getting sessions for user:email...
2025-11-12 17:50:17.293 [info] Got 1 sessions for user:email...
2025-11-12 17:50:17.872 [info] Getting sessions for read:user,repo,user:email,workflow...
2025-11-12 17:50:17.872 [info] Got 0 sessions for read:user,repo,user:email,workflow...
2025-11-12 17:50:17.873 [info] Getting sessions for read:user...
2025-11-12 17:50:17.873 [info] Got 0 sessions for read:user...
2025-11-12 17:50:17.874 [info] Getting sessions for user:email...
2025-11-12 17:50:17.874 [info] Got 1 sessions for user:email...
2025-11-12 17:50:18.207 [info] Getting sessions for read:user,repo,user:email,workflow...
2025-11-12 17:50:18.207 [info] Got 0 sessions for read:user,repo,user:email,workflow...
2025-11-12 17:50:18.207 [info] Getting sessions for read:user...
2025-11-12 17:50:18.207 [info] Got 0 sessions for read:user...
2025-11-12 17:50:18.208 [info] Getting sessions for user:email...
2025-11-12 17:50:18.208 [info] Got 1 sessions for user:email...
2025-11-12 17:50:25.566 [info] Getting sessions for read:user,repo,user:email,workflow...
2025-11-12 17:50:25.566 [info] Got 0 sessions for read:user,repo,user:email,workflow...
2025-11-12 17:50:25.569 [info] Getting sessions for read:user...
2025-11-12 17:50:25.569 [info] Got 0 sessions for read:user...
2025-11-12 17:50:25.570 [info] Getting sessions for user:email...
2025-11-12 17:50:25.570 [info] Got 1 sessions for user:email...
2025-11-12 17:50:33.131 [info] Getting sessions for read:user,repo,user:email,workflow...
2025-11-12 17:50:33.131 [info] Got 0 sessions for read:user,repo,user:email,workflow...
2025-11-12 17:50:33.132 [info] Getting sessions for read:user...
2025-11-12 17:50:33.132 [info] Got 0 sessions for read:user...
2025-11-12 17:50:33.133 [info] Getting sessions for user:email...
2025-11-12 17:50:33.133 [info] Got 1 sessions for user:email...
2025-11-12 17:50:34.085 [info] Getting sessions for read:user,repo,user:email,workflow...
2025-11-12 17:50:34.085 [info] Got 0 sessions for read:user,repo,user:email,workflow...
2025-11-12 17:50:34.086 [info] Getting sessions for read:user...
2025-11-12 17:50:34.086 [info] Got 0 sessions for read:user...
2025-11-12 17:50:34.087 [info] Getting sessions for user:email...
2025-11-12 17:50:34.087 [info] Got 1 sessions for user:email...
2025-11-12 17:50:36.301 [info] Getting sessions for read:user,repo,user:email,workflow...
2025-11-12 17:50:36.301 [info] Got 0 sessions for read:user,repo,user:email,workflow...
2025-11-12 17:50:36.302 [info] Getting sessions for read:user...
2025-11-12 17:50:36.302 [info] Got 0 sessions for read:user...
2025-11-12 17:50:36.303 [info] Getting sessions for user:email...
2025-11-12 17:50:36.303 [info] Got 1 sessions for user:email...
2025-11-12 17:50:36.887 [info] Getting sessions for read:user,repo,user:email,workflow...
2025-11-12 17:50:36.887 [info] Got 0 sessions for read:user,repo,user:email,workflow...
2025-11-12 17:50:36.888 [info] Getting sessions for read:user...
2025-11-12 17:50:36.888 [info] Got 0 sessions for read:user...
2025-11-12 17:50:36.889 [info] Getting sessions for user:email...
2025-11-12 17:50:36.889 [info] Got 1 sessions for user:email...
2025-11-12 17:50:37.794 [info] Getting sessions for read:user,repo,user:email,workflow...
2025-11-12 17:50:37.794 [info] Got 0 sessions for read:user,repo,user:email,workflow...
2025-11-12 17:50:37.795 [info] Getting sessions for read:user...
2025-11-12 17:50:37.795 [info] Got 0 sessions for read:user...
2025-11-12 17:50:37.796 [info] Getting sessions for user:email...
2025-11-12 17:50:37.796 [info] Got 1 sessions for user:email...
2025-11-12 17:50:38.222 [info] Getting sessions for read:user,repo,user:email,workflow...
2025-11-12 17:50:38.222 [info] Got 0 sessions for read:user,repo,user:email,workflow...
2025-11-12 17:50:38.223 [info] Getting sessions for read:user...
2025-11-12 17:50:38.223 [info] Got 0 sessions for read:user...
2025-11-12 17:50:38.224 [info] Getting sessions for user:email...
2025-11-12 17:50:38.224 [info] Got 1 sessions for user:email...
2025-11-12 17:50:38.959 [info] Getting sessions for read:user,repo,user:email,workflow...
2025-11-12 17:50:38.959 [info] Got 0 sessions for read:user,repo,user:email,workflow...
2025-11-12 17:50:38.960 [info] Getting sessions for read:user...
2025-11-12 17:50:38.960 [info] Got 0 sessions for read:user...
2025-11-12 17:50:38.961 [info] Getting sessions for user:email...
2025-11-12 17:50:38.961 [info] Got 1 sessions for user:email...
2025-11-12 17:50:39.270 [info] Getting sessions for read:user,repo,user:email,workflow...
2025-11-12 17:50:39.270 [info] Got 0 sessions for read:user,repo,user:email,workflow...
2025-11-12 17:50:39.271 [info] Getting sessions for read:user...
2025-11-12 17:50:39.271 [info] Got 0 sessions for read:user...
2025-11-12 17:50:39.272 [info] Getting sessions for user:email...
2025-11-12 17:50:39.272 [info] Got 1 sessions for user:email...
2025-11-12 17:50:39.764 [info] Getting sessions for read:user,repo,user:email,workflow...
2025-11-12 17:50:39.764 [info] Got 0 sessions for read:user,repo,user:email,workflow...
2025-11-12 17:50:39.765 [info] Getting sessions for read:user...
2025-11-12 17:50:39.765 [info] Got 0 sessions for read:user...
2025-11-12 17:50:39.766 [info] Getting sessions for user:email...
2025-11-12 17:50:39.766 [info] Got 1 sessions for user:email...
2025-11-12 17:50:40.797 [info] Getting sessions for read:user,repo,user:email,workflow...
2025-11-12 17:50:40.797 [info] Got 0 sessions for read:user,repo,user:email,workflow...
2025-11-12 17:50:40.798 [info] Getting sessions for read:user...
2025-11-12 17:50:40.798 [info] Got 0 sessions for read:user...
2025-11-12 17:50:40.799 [info] Getting sessions for user:email...
2025-11-12 17:50:40.799 [info] Got 1 sessions for user:email...
2025-11-12 17:50:41.131 [info] Getting sessions for read:user,repo,user:email,workflow...
2025-11-12 17:50:41.131 [info] Got 0 sessions for read:user,repo,user:email,workflow...
2025-11-12 17:50:41.132 [info] Getting sessions for read:user...
2025-11-12 17:50:41.132 [info] Got 0 sessions for read:user...
2025-11-12 17:50:41.133 [info] Getting sessions for user:email...
2025-11-12 17:50:41.133 [info] Got 1 sessions for user:email...
2025-11-12 17:50:41.484 [info] Getting sessions for read:user,repo,user:email,workflow...
2025-11-12 17:50:41.484 [info] Got 0 sessions for read:user,repo,user:email,workflow...
2025-11-12 17:50:41.485 [info] Getting sessions for read:user...
2025-11-12 17:50:41.485 [info] Got 0 sessions for read:user...
2025-11-12 17:50:41.486 [info] Getting sessions for user:email...
2025-11-12 17:50:41.486 [info] Got 1 sessions for user:email...
2025-11-12 17:50:41.850 [info] Getting sessions for read:user,repo,user:email,workflow...
2025-11-12 17:50:41.850 [info] Got 0 sessions for read:user,repo,user:email,workflow...
2025-11-12 17:50:41.859 [info] Getting sessions for read:user...
2025-11-12 17:50:41.859 [info] Got 0 sessions for read:user...
2025-11-12 17:50:41.860 [info] Getting sessions for user:email...
2025-11-12 17:50:41.860 [info] Got 1 sessions for user:email...
2025-11-12 17:50:42.250 [info] Getting sessions for read:user,repo,user:email,workflow...
2025-11-12 17:50:42.250 [info] Got 0 sessions for read:user,repo,user:email,workflow...
2025-11-12 17:50:42.251 [info] Getting sessions for read:user...
2025-11-12 17:50:42.251 [info] Got 0 sessions for read:user...
2025-11-12 17:50:42.251 [info] Getting sessions for user:email...
2025-11-12 17:50:42.251 [info] Got 1 sessions for user:email...
2025-11-12 17:50:43.168 [info] Getting sessions for read:user,repo,user:email,workflow...
2025-11-12 17:50:43.168 [info] Got 0 sessions for read:user,repo,user:email,workflow...
2025-11-12 17:50:43.169 [info] Getting sessions for read:user...
2025-11-12 17:50:43.169 [info] Got 0 sessions for read:user...
2025-11-12 17:50:43.170 [info] Getting sessions for user:email...
2025-11-12 17:50:43.170 [info] Got 1 sessions for user:email...
2025-11-12 17:50:44.621 [info] Getting sessions for read:user,repo,user:email,workflow...
2025-11-12 17:50:44.621 [info] Got 0 sessions for read:user,repo,user:email,workflow...
2025-11-12 17:50:44.622 [info] Getting sessions for read:user...
2025-11-12 17:50:44.622 [info] Got 0 sessions for read:user...
2025-11-12 17:50:44.624 [info] Getting sessions for user:email...
2025-11-12 17:50:44.624 [info] Got 1 sessions for user:email...
2025-11-12 17:50:45.905 [info] Getting sessions for read:user,repo,user:email,workflow...
2025-11-12 17:50:45.905 [info] Got 0 sessions for read:user,repo,user:email,workflow...
2025-11-12 17:50:45.914 [info] Getting sessions for read:user...
2025-11-12 17:50:45.914 [info] Got 0 sessions for read:user...
2025-11-12 17:50:45.924 [info] Getting sessions for user:email...
2025-11-12 17:50:45.924 [info] Got 1 sessions for user:email...
2025-11-12 17:50:46.274 [info] Getting sessions for read:user,repo,user:email,workflow...
2025-11-12 17:50:46.275 [info] Got 0 sessions for read:user,repo,user:email,workflow...
2025-11-12 17:50:46.275 [info] Getting sessions for read:user...
2025-11-12 17:50:46.275 [info] Got 0 sessions for read:user...
2025-11-12 17:50:46.276 [info] Getting sessions for user:email...
2025-11-12 17:50:46.276 [info] Got 1 sessions for user:email...
2025-11-12 17:50:46.699 [info] Getting sessions for read:user,repo,user:email,workflow...
2025-11-12 17:50:46.699 [info] Got 0 sessions for read:user,repo,user:email,workflow...
2025-11-12 17:50:46.700 [info] Getting sessions for read:user...
2025-11-12 17:50:46.700 [info] Got 0 sessions for read:user...
2025-11-12 17:50:46.701 [info] Getting sessions for user:email...
2025-11-12 17:50:46.701 [info] Got 1 sessions for user:email...
2025-11-12 17:50:47.936 [info] Getting sessions for read:user,repo,user:email,workflow...
2025-11-12 17:50:47.937 [info] Got 0 sessions for read:user,repo,user:email,workflow...
2025-11-12 17:50:47.937 [info] Getting sessions for read:user...
2025-11-12 17:50:47.937 [info] Got 0 sessions for read:user...
2025-11-12 17:50:47.939 [info] Getting sessions for user:email...
2025-11-12 17:50:47.939 [info] Got 1 sessions for user:email...
2025-11-12 17:50:48.364 [info] Getting sessions for read:user,repo,user:email,workflow...
2025-11-12 17:50:48.364 [info] Got 0 sessions for read:user,repo,user:email,workflow...
2025-11-12 17:50:48.365 [info] Getting sessions for read:user...
2025-11-12 17:50:48.365 [info] Got 0 sessions for read:user...
2025-11-12 17:50:48.366 [info] Getting sessions for user:email...
2025-11-12 17:50:48.366 [info] Got 1 sessions for user:email...
2025-11-12 17:50:49.181 [info] Getting sessions for read:user,repo,user:email,workflow...
2025-11-12 17:50:49.181 [info] Got 0 sessions for read:user,repo,user:email,workflow...
2025-11-12 17:50:49.182 [info] Getting sessions for read:user...
2025-11-12 17:50:49.182 [info] Got 0 sessions for read:user...
2025-11-12 17:50:49.183 [info] Getting sessions for user:email...
2025-11-12 17:50:49.183 [info] Got 1 sessions for user:email...
2025-11-12 17:50:49.852 [info] Getting sessions for read:user,repo,user:email,workflow...
2025-11-12 17:50:49.852 [info] Got 0 sessions for read:user,repo,user:email,workflow...
2025-11-12 17:50:49.853 [info] Getting sessions for read:user...
2025-11-12 17:50:49.853 [info] Got 0 sessions for read:user...
2025-11-12 17:50:49.854 [info] Getting sessions for user:email...
2025-11-12 17:50:49.854 [info] Got 1 sessions for user:email...
2025-11-12 17:50:52.140 [info] Getting sessions for read:user,repo,user:email,workflow...
2025-11-12 17:50:52.141 [info] Got 0 sessions for read:user,repo,user:email,workflow...
2025-11-12 17:50:52.147 [info] Getting sessions for read:user...
2025-11-12 17:50:52.147 [info] Got 0 sessions for read:user...
2025-11-12 17:50:52.149 [info] Getting sessions for user:email...
2025-11-12 17:50:52.149 [info] Got 1 sessions for user:email...
2025-11-12 17:50:53.359 [info] Getting sessions for read:user,repo,user:email,workflow...
2025-11-12 17:50:53.359 [info] Got 0 sessions for read:user,repo,user:email,workflow...
2025-11-12 17:50:53.360 [info] Getting sessions for read:user...
2025-11-12 17:50:53.360 [info] Got 0 sessions for read:user...
2025-11-12 17:50:53.360 [info] Getting sessions for user:email...
2025-11-12 17:50:53.360 [info] Got 1 sessions for user:email...
2025-11-12 17:50:55.124 [info] Getting sessions for read:user,repo,user:email,workflow...
2025-11-12 17:50:55.124 [info] Got 0 sessions for read:user,repo,user:email,workflow...
2025-11-12 17:50:55.125 [info] Getting sessions for read:user...
2025-11-12 17:50:55.125 [info] Got 0 sessions for read:user...
2025-11-12 17:50:55.126 [info] Getting sessions for user:email...
2025-11-12 17:50:55.126 [info] Got 1 sessions for user:email...
2025-11-12 17:50:56.201 [info] Getting sessions for read:user,repo,user:email,workflow...
2025-11-12 17:50:56.201 [info] Got 0 sessions for read:user,repo,user:email,workflow...
2025-11-12 17:50:56.202 [info] Getting sessions for read:user...
2025-11-12 17:50:56.202 [info] Got 0 sessions for read:user...
2025-11-12 17:50:56.203 [info] Getting sessions for user:email...
2025-11-12 17:50:56.203 [info] Got 1 sessions for user:email...
2025-11-12 17:50:57.082 [info] Getting sessions for read:user,repo,user:email,workflow...
2025-11-12 17:50:57.082 [info] Got 0 sessions for read:user,repo,user:email,workflow...
2025-11-12 17:50:57.083 [info] Getting sessions for read:user...
2025-11-12 17:50:57.083 [info] Got 0 sessions for read:user...
2025-11-12 17:50:57.084 [info] Getting sessions for user:email...
2025-11-12 17:50:57.084 [info] Got 1 sessions for user:email...
2025-11-12 17:50:57.465 [info] Getting sessions for read:user,repo,user:email,workflow...
2025-11-12 17:50:57.465 [info] Got 0 sessions for read:user,repo,user:email,workflow...
2025-11-12 17:50:57.466 [info] Getting sessions for read:user...
2025-11-12 17:50:57.466 [info] Got 0 sessions for read:user...
2025-11-12 17:50:57.467 [info] Getting sessions for user:email...
2025-11-12 17:50:57.467 [info] Got 1 sessions for user:email...
2025-11-12 17:50:57.864 [info] Getting sessions for read:user,repo,user:email,workflow...
2025-11-12 17:50:57.864 [info] Got 0 sessions for read:user,repo,user:email,workflow...
2025-11-12 17:50:57.865 [info] Getting sessions for read:user...
2025-11-12 17:50:57.865 [info] Got 0 sessions for read:user...
2025-11-12 17:50:57.866 [info] Getting sessions for user:email...
2025-11-12 17:50:57.866 [info] Got 1 sessions for user:email...
2025-11-12 17:50:59.955 [info] Getting sessions for read:user,repo,user:email,workflow...
2025-11-12 17:50:59.955 [info] Got 0 sessions for read:user,repo,user:email,workflow...
2025-11-12 17:50:59.956 [info] Getting sessions for read:user...
2025-11-12 17:50:59.956 [info] Got 0 sessions for read:user...
2025-11-12 17:50:59.957 [info] Getting sessions for user:email...
2025-11-12 17:50:59.957 [info] Got 1 sessions for user:email...
2025-11-12 17:51:12.446 [info] Getting sessions for read:user,repo,user:email,workflow...
2025-11-12 17:51:12.446 [info] Got 0 sessions for read:user,repo,user:email,workflow...
2025-11-12 17:51:12.447 [info] Getting sessions for read:user...
2025-11-12 17:51:12.447 [info] Got 0 sessions for read:user...
2025-11-12 17:51:12.448 [info] Getting sessions for user:email...
2025-11-12 17:51:12.448 [info] Got 1 sessions for user:email...
2025-11-12 17:51:13.768 [info] Getting sessions for read:user,repo,user:email,workflow...
2025-11-12 17:51:13.768 [info] Got 0 sessions for read:user,repo,user:email,workflow...
2025-11-12 17:51:13.769 [info] Getting sessions for read:user...
2025-11-12 17:51:13.769 [info] Got 0 sessions for read:user...
2025-11-12 17:51:13.770 [info] Getting sessions for user:email...
2025-11-12 17:51:13.770 [info] Got 1 sessions for user:email...
2025-11-12 17:52:04.283 [info] Getting sessions for read:user,repo,user:email,workflow...
2025-11-12 17:52:04.283 [info] Got 0 sessions for read:user,repo,user:email,workflow...
2025-11-12 17:52:04.284 [info] Getting sessions for read:user...
2025-11-12 17:52:04.284 [info] Got 0 sessions for read:user...
2025-11-12 17:52:04.285 [info] Getting sessions for user:email...
2025-11-12 17:52:04.285 [info] Got 1 sessions for user:email...
2025-11-12 17:52:05.158 [info] Getting sessions for read:user,repo,user:email,workflow...
2025-11-12 17:52:05.158 [info] Got 0 sessions for read:user,repo,user:email,workflow...
2025-11-12 17:52:05.159 [info] Getting sessions for read:user...
2025-11-12 17:52:05.159 [info] Got 0 sessions for read:user...
2025-11-12 17:52:05.160 [info] Getting sessions for user:email...
2025-11-12 17:52:05.160 [info] Got 1 sessions for user:email...
2025-11-12 17:52:48.957 [info] Getting sessions for read:user,repo,user:email,workflow...
2025-11-12 17:52:48.958 [info] Got 0 sessions for read:user,repo,user:email,workflow...
2025-11-12 17:52:48.975 [info] Getting sessions for read:user...
2025-11-12 17:52:48.975 [info] Got 0 sessions for read:user...
2025-11-12 17:52:48.978 [info] Getting sessions for user:email...
2025-11-12 17:52:48.978 [info] Got 1 sessions for user:email...
2025-11-12 17:53:05.096 [info] Getting sessions for read:user,repo,user:email,workflow...
2025-11-12 17:53:05.096 [info] Got 0 sessions for read:user,repo,user:email,workflow...
2025-11-12 17:53:05.098 [info] Getting sessions for read:user...
2025-11-12 17:53:05.098 [info] Got 0 sessions for read:user...
2025-11-12 17:53:05.099 [info] Getting sessions for user:email...
2025-11-12 17:53:05.099 [info] Got 1 sessions for user:email...
2025-11-12 17:53:07.192 [info] Getting sessions for read:user,repo,user:email,workflow...
2025-11-12 17:53:07.192 [info] Got 0 sessions for read:user,repo,user:email,workflow...
2025-11-12 17:53:07.193 [info] Getting sessions for read:user...
2025-11-12 17:53:07.193 [info] Got 0 sessions for read:user...
2025-11-12 17:53:07.196 [info] Getting sessions for user:email...
2025-11-12 17:53:07.196 [info] Got 1 sessions for user:email...
2025-11-12 17:53:07.712 [info] Getting sessions for read:user,repo,user:email,workflow...
2025-11-12 17:53:07.712 [info] Got 0 sessions for read:user,repo,user:email,workflow...
2025-11-12 17:53:07.713 [info] Getting sessions for read:user...
2025-11-12 17:53:07.713 [info] Got 0 sessions for read:user...
2025-11-12 17:53:07.714 [info] Getting sessions for user:email...
2025-11-12 17:53:07.714 [info] Got 1 sessions for user:email...
2025-11-12 17:53:08.081 [info] Getting sessions for read:user,repo,user:email,workflow...
2025-11-12 17:53:08.081 [info] Got 0 sessions for read:user,repo,user:email,workflow...
2025-11-12 17:53:08.082 [info] Getting sessions for read:user...
2025-11-12 17:53:08.082 [info] Got 0 sessions for read:user...
2025-11-12 17:53:08.083 [info] Getting sessions for user:email...
2025-11-12 17:53:08.083 [info] Got 1 sessions for user:email...
2025-11-12 17:53:22.788 [info] Getting sessions for read:user,repo,user:email,workflow...
2025-11-12 17:53:22.788 [info] Got 0 sessions for read:user,repo,user:email,workflow...
2025-11-12 17:53:22.790 [info] Getting sessions for read:user...
2025-11-12 17:53:22.790 [info] Got 0 sessions for read:user...
2025-11-12 17:53:22.791 [info] Getting sessions for user:email...
2025-11-12 17:53:22.791 [info] Got 1 sessions for user:email...
2025-11-12 17:53:41.764 [info] Getting sessions for read:user,repo,user:email,workflow...
2025-11-12 17:53:41.764 [info] Got 0 sessions for read:user,repo,user:email,workflow...
2025-11-12 17:53:41.766 [info] Getting sessions for read:user...
2025-11-12 17:53:41.766 [info] Got 0 sessions for read:user...
2025-11-12 17:53:41.767 [info] Getting sessions for user:email...
2025-11-12 17:53:41.767 [info] Got 1 sessions for user:email...
2025-11-12 17:53:42.355 [info] Getting sessions for read:user,repo,user:email,workflow...
2025-11-12 17:53:42.355 [info] Got 0 sessions for read:user,repo,user:email,workflow...
2025-11-12 17:53:42.356 [info] Getting sessions for read:user...
2025-11-12 17:53:42.356 [info] Got 0 sessions for read:user...
2025-11-12 17:53:42.357 [info] Getting sessions for user:email...
2025-11-12 17:53:42.357 [info] Got 1 sessions for user:email...
2025-11-12 17:53:42.825 [info] Getting sessions for read:user,repo,user:email,workflow...
2025-11-12 17:53:42.825 [info] Got 0 sessions for read:user,repo,user:email,workflow...
2025-11-12 17:53:42.826 [info] Getting sessions for read:user...
2025-11-12 17:53:42.826 [info] Got 0 sessions for read:user...
2025-11-12 17:53:42.827 [info] Getting sessions for user:email...
2025-11-12 17:53:42.827 [info] Got 1 sessions for user:email...
2025-11-12 17:53:43.297 [info] Getting sessions for read:user,repo,user:email,workflow...
2025-11-12 17:53:43.297 [info] Got 0 sessions for read:user,repo,user:email,workflow...
2025-11-12 17:53:43.298 [info] Getting sessions for read:user...
2025-11-12 17:53:43.298 [info] Got 0 sessions for read:user...
2025-11-12 17:53:43.316 [info] Getting sessions for user:email...
2025-11-12 17:53:43.316 [info] Got 1 sessions for user:email...
2025-11-12 17:53:44.201 [info] Getting sessions for read:user,repo,user:email,workflow...
2025-11-12 17:53:44.201 [info] Got 0 sessions for read:user,repo,user:email,workflow...
2025-11-12 17:53:44.202 [info] Getting sessions for read:user...
2025-11-12 17:53:44.202 [info] Got 0 sessions for read:user...
2025-11-12 17:53:44.203 [info] Getting sessions for user:email...
2025-11-12 17:53:44.203 [info] Got 1 sessions for user:email...
2025-11-12 17:53:45.008 [info] Getting sessions for read:user,repo,user:email,workflow...
2025-11-12 17:53:45.008 [info] Got 0 sessions for read:user,repo,user:email,workflow...
2025-11-12 17:53:45.009 [info] Getting sessions for read:user...
2025-11-12 17:53:45.009 [info] Got 0 sessions for read:user...
2025-11-12 17:53:45.010 [info] Getting sessions for user:email...
2025-11-12 17:53:45.010 [info] Got 1 sessions for user:email...
2025-11-12 17:53:45.720 [info] Getting sessions for read:user,repo,user:email,workflow...
2025-11-12 17:53:45.720 [info] Got 0 sessions for read:user,repo,user:email,workflow...
2025-11-12 17:53:45.721 [info] Getting sessions for read:user...
2025-11-12 17:53:45.721 [info] Got 0 sessions for read:user...
2025-11-12 17:53:45.722 [info] Getting sessions for user:email...
2025-11-12 17:53:45.722 [info] Got 1 sessions for user:email...
2025-11-12 17:53:47.516 [info] Getting sessions for read:user,repo,user:email,workflow...
2025-11-12 17:53:47.516 [info] Got 0 sessions for read:user,repo,user:email,workflow...
2025-11-12 17:53:47.517 [info] Getting sessions for read:user...
2025-11-12 17:53:47.517 [info] Got 0 sessions for read:user...
2025-11-12 17:53:47.520 [info] Getting sessions for user:email...
2025-11-12 17:53:47.520 [info] Got 1 sessions for user:email...
2025-11-12 17:53:49.405 [info] Getting sessions for read:user,repo,user:email,workflow...
2025-11-12 17:53:49.406 [info] Got 0 sessions for read:user,repo,user:email,workflow...
2025-11-12 17:53:49.406 [info] Getting sessions for read:user...
2025-11-12 17:53:49.406 [info] Got 0 sessions for read:user...
2025-11-12 17:53:49.413 [info] Getting sessions for user:email...
2025-11-12 17:53:49.413 [info] Got 1 sessions for user:email...
2025-11-12 17:53:50.238 [info] Getting sessions for read:user,repo,user:email,workflow...
2025-11-12 17:53:50.238 [info] Got 0 sessions for read:user,repo,user:email,workflow...
2025-11-12 17:53:50.241 [info] Getting sessions for read:user...
2025-11-12 17:53:50.241 [info] Got 0 sessions for read:user...
2025-11-12 17:53:50.243 [info] Getting sessions for user:email...
2025-11-12 17:53:50.243 [info] Got 1 sessions for user:email...
2025-11-12 17:53:50.814 [info] Getting sessions for read:user,repo,user:email,workflow...
2025-11-12 17:53:50.814 [info] Got 0 sessions for read:user,repo,user:email,workflow...
2025-11-12 17:53:50.815 [info] Getting sessions for read:user...
2025-11-12 17:53:50.815 [info] Got 0 sessions for read:user...
2025-11-12 17:53:50.816 [info] Getting sessions for user:email...
2025-11-12 17:53:50.817 [info] Got 1 sessions for user:email...
2025-11-12 17:53:51.087 [info] Getting sessions for read:user,repo,user:email,workflow...
2025-11-12 17:53:51.087 [info] Got 0 sessions for read:user,repo,user:email,workflow...
2025-11-12 17:53:51.088 [info] Getting sessions for read:user...
2025-11-12 17:53:51.088 [info] Got 0 sessions for read:user...
2025-11-12 17:53:51.089 [info] Getting sessions for user:email...
2025-11-12 17:53:51.089 [info] Got 1 sessions for user:email...
2025-11-12 17:53:52.095 [info] Getting sessions for read:user,repo,user:email,workflow...
2025-11-12 17:53:52.095 [info] Got 0 sessions for read:user,repo,user:email,workflow...
2025-11-12 17:53:52.097 [info] Getting sessions for read:user...
2025-11-12 17:53:52.097 [info] Got 0 sessions for read:user...
2025-11-12 17:53:52.098 [info] Getting sessions for user:email...
2025-11-12 17:53:52.098 [info] Got 1 sessions for user:email...
2025-11-12 17:53:55.360 [info] Getting sessions for read:user,repo,user:email,workflow...
2025-11-12 17:53:55.360 [info] Got 0 sessions for read:user,repo,user:email,workflow...
2025-11-12 17:53:55.361 [info] Getting sessions for read:user...
2025-11-12 17:53:55.361 [info] Got 0 sessions for read:user...
2025-11-12 17:53:55.361 [info] Getting sessions for user:email...
2025-11-12 17:53:55.361 [info] Got 1 sessions for user:email...
2025-11-12 17:53:58.760 [info] Getting sessions for read:user,repo,user:email,workflow...
2025-11-12 17:53:58.760 [info] Got 0 sessions for read:user,repo,user:email,workflow...
2025-11-12 17:53:58.761 [info] Getting sessions for read:user...
2025-11-12 17:53:58.761 [info] Got 0 sessions for read:user...
2025-11-12 17:53:58.761 [info] Getting sessions for user:email...
2025-11-12 17:53:58.761 [info] Got 1 sessions for user:email...
2025-11-12 17:53:59.059 [info] Getting sessions for read:user,repo,user:email,workflow...
2025-11-12 17:53:59.059 [info] Got 0 sessions for read:user,repo,user:email,workflow...
2025-11-12 17:53:59.060 [info] Getting sessions for read:user...
2025-11-12 17:53:59.060 [info] Got 0 sessions for read:user...
2025-11-12 17:53:59.061 [info] Getting sessions for user:email...
2025-11-12 17:53:59.061 [info] Got 1 sessions for user:email...
2025-11-12 17:54:00.537 [info] Getting sessions for read:user,repo,user:email,workflow...
2025-11-12 17:54:00.537 [info] Got 0 sessions for read:user,repo,user:email,workflow...
2025-11-12 17:54:00.537 [info] Getting sessions for read:user...
2025-11-12 17:54:00.538 [info] Got 0 sessions for read:user...
2025-11-12 17:54:00.538 [info] Getting sessions for user:email...
2025-11-12 17:54:00.538 [info] Got 1 sessions for user:email...
2025-11-12 17:54:00.813 [info] Getting sessions for read:user,repo,user:email,workflow...
2025-11-12 17:54:00.813 [info] Got 0 sessions for read:user,repo,user:email,workflow...
2025-11-12 17:54:00.815 [info] Getting sessions for read:user...
2025-11-12 17:54:00.815 [info] Got 0 sessions for read:user...
2025-11-12 17:54:00.815 [info] Getting sessions for user:email...
2025-11-12 17:54:00.815 [info] Got 1 sessions for user:email...
2025-11-12 17:54:01.499 [info] Getting sessions for read:user,repo,user:email,workflow...
2025-11-12 17:54:01.499 [info] Got 0 sessions for read:user,repo,user:email,workflow...
2025-11-12 17:54:01.502 [info] Getting sessions for read:user...
2025-11-12 17:54:01.502 [info] Got 0 sessions for read:user...
2025-11-12 17:54:01.503 [info] Getting sessions for user:email...
2025-11-12 17:54:01.503 [info] Got 1 sessions for user:email...
2025-11-12 17:54:02.203 [info] Getting sessions for read:user,repo,user:email,workflow...
2025-11-12 17:54:02.203 [info] Got 0 sessions for read:user,repo,user:email,workflow...
2025-11-12 17:54:02.204 [info] Getting sessions for read:user...
2025-11-12 17:54:02.204 [info] Got 0 sessions for read:user...
2025-11-12 17:54:02.205 [info] Getting sessions for user:email...
2025-11-12 17:54:02.205 [info] Got 1 sessions for user:email...
2025-11-12 17:54:02.498 [info] Getting sessions for read:user,repo,user:email,workflow...
2025-11-12 17:54:02.498 [info] Got 0 sessions for read:user,repo,user:email,workflow...
2025-11-12 17:54:02.499 [info] Getting sessions for read:user...
2025-11-12 17:54:02.499 [info] Got 0 sessions for read:user...
2025-11-12 17:54:02.500 [info] Getting sessions for user:email...
2025-11-12 17:54:02.500 [info] Got 1 sessions for user:email...
2025-11-12 17:54:30.698 [info] Getting sessions for read:user,repo,user:email,workflow...
2025-11-12 17:54:30.698 [info] Got 0 sessions for read:user,repo,user:email,workflow...
2025-11-12 17:54:30.699 [info] Getting sessions for read:user...
2025-11-12 17:54:30.699 [info] Got 0 sessions for read:user...
2025-11-12 17:54:30.700 [info] Getting sessions for user:email...
2025-11-12 17:54:30.700 [info] Got 1 sessions for user:email...
2025-11-12 17:54:31.333 [info] Getting sessions for read:user,repo,user:email,workflow...
2025-11-12 17:54:31.333 [info] Got 0 sessions for read:user,repo,user:email,workflow...
2025-11-12 17:54:31.334 [info] Getting sessions for read:user...
2025-11-12 17:54:31.334 [info] Got 0 sessions for read:user...
2025-11-12 17:54:31.335 [info] Getting sessions for user:email...
2025-11-12 17:54:31.335 [info] Got 1 sessions for user:email...
2025-11-12 17:54:31.628 [info] Getting sessions for read:user,repo,user:email,workflow...
2025-11-12 17:54:31.628 [info] Got 0 sessions for read:user,repo,user:email,workflow...
2025-11-12 17:54:31.629 [info] Getting sessions for read:user...
2025-11-12 17:54:31.629 [info] Got 0 sessions for read:user...
2025-11-12 17:54:31.635 [info] Getting sessions for user:email...
2025-11-12 17:54:31.635 [info] Got 1 sessions for user:email...
2025-11-12 17:54:31.966 [info] Getting sessions for read:user,repo,user:email,workflow...
2025-11-12 17:54:31.966 [info] Got 0 sessions for read:user,repo,user:email,workflow...
2025-11-12 17:54:31.967 [info] Getting sessions for read:user...
2025-11-12 17:54:31.967 [info] Got 0 sessions for read:user...
2025-11-12 17:54:31.967 [info] Getting sessions for user:email...
2025-11-12 17:54:31.968 [info] Got 1 sessions for user:email...
2025-11-12 17:54:32.895 [info] Getting sessions for read:user,repo,user:email,workflow...
2025-11-12 17:54:32.895 [info] Got 0 sessions for read:user,repo,user:email,workflow...
2025-11-12 17:54:32.896 [info] Getting sessions for read:user...
2025-11-12 17:54:32.896 [info] Got 0 sessions for read:user...
2025-11-12 17:54:32.897 [info] Getting sessions for user:email...
2025-11-12 17:54:32.897 [info] Got 1 sessions for user:email...
2025-11-12 17:54:35.586 [info] Getting sessions for read:user,repo,user:email,workflow...
2025-11-12 17:54:35.586 [info] Got 0 sessions for read:user,repo,user:email,workflow...
2025-11-12 17:54:35.588 [info] Getting sessions for read:user...
2025-11-12 17:54:35.589 [info] Got 0 sessions for read:user...
2025-11-12 17:54:35.589 [info] Getting sessions for user:email...
2025-11-12 17:54:35.589 [info] Got 1 sessions for user:email...
2025-11-12 17:54:36.249 [info] Getting sessions for read:user,repo,user:email,workflow...
2025-11-12 17:54:36.249 [info] Got 0 sessions for read:user,repo,user:email,workflow...
2025-11-12 17:54:36.250 [info] Getting sessions for read:user...
2025-11-12 17:54:36.250 [info] Got 0 sessions for read:user...
2025-11-12 17:54:36.254 [info] Getting sessions for user:email...
2025-11-12 17:54:36.254 [info] Got 1 sessions for user:email...
2025-11-12 17:54:36.654 [info] Getting sessions for read:user,repo,user:email,workflow...
2025-11-12 17:54:36.654 [info] Got 0 sessions for read:user,repo,user:email,workflow...
2025-11-12 17:54:36.655 [info] Getting sessions for read:user...
2025-11-12 17:54:36.655 [info] Got 0 sessions for read:user...
2025-11-12 17:54:36.656 [info] Getting sessions for user:email...
2025-11-12 17:54:36.656 [info] Got 1 sessions for user:email...
2025-11-12 17:54:36.940 [info] Getting sessions for read:user,repo,user:email,workflow...
2025-11-12 17:54:36.940 [info] Got 0 sessions for read:user,repo,user:email,workflow...
2025-11-12 17:54:36.941 [info] Getting sessions for read:user...
2025-11-12 17:54:36.942 [info] Got 0 sessions for read:user...
2025-11-12 17:54:36.942 [info] Getting sessions for user:email...
2025-11-12 17:54:36.942 [info] Got 1 sessions for user:email...
2025-11-12 17:54:37.264 [info] Getting sessions for read:user,repo,user:email,workflow...
2025-11-12 17:54:37.264 [info] Got 0 sessions for read:user,repo,user:email,workflow...
2025-11-12 17:54:37.266 [info] Getting sessions for read:user...
2025-11-12 17:54:37.266 [info] Got 0 sessions for read:user...
2025-11-12 17:54:37.267 [info] Getting sessions for user:email...
2025-11-12 17:54:37.267 [info] Got 1 sessions for user:email...
2025-11-12 17:54:39.759 [info] Getting sessions for read:user,repo,user:email,workflow...
2025-11-12 17:54:39.759 [info] Got 0 sessions for read:user,repo,user:email,workflow...
2025-11-12 17:54:39.763 [info] Getting sessions for read:user...
2025-11-12 17:54:39.763 [info] Got 0 sessions for read:user...
2025-11-12 17:54:39.764 [info] Getting sessions for user:email...
2025-11-12 17:54:39.764 [info] Got 1 sessions for user:email...
2025-11-12 17:54:41.127 [info] Getting sessions for read:user,repo,user:email,workflow...
2025-11-12 17:54:41.127 [info] Got 0 sessions for read:user,repo,user:email,workflow...
2025-11-12 17:54:41.128 [info] Getting sessions for read:user...
2025-11-12 17:54:41.128 [info] Got 0 sessions for read:user...
2025-11-12 17:54:41.129 [info] Getting sessions for user:email...
2025-11-12 17:54:41.129 [info] Got 1 sessions for user:email...
2025-11-12 17:54:43.225 [info] Getting sessions for read:user,repo,user:email,workflow...
2025-11-12 17:54:43.225 [info] Got 0 sessions for read:user,repo,user:email,workflow...
2025-11-12 17:54:43.226 [info] Getting sessions for read:user...
2025-11-12 17:54:43.226 [info] Got 0 sessions for read:user...
2025-11-12 17:54:43.227 [info] Getting sessions for user:email...
2025-11-12 17:54:43.228 [info] Got 1 sessions for user:email...
2025-11-12 17:54:44.593 [info] Getting sessions for read:user,repo,user:email,workflow...
2025-11-12 17:54:44.593 [info] Got 0 sessions for read:user,repo,user:email,workflow...
2025-11-12 17:54:44.594 [info] Getting sessions for read:user...
2025-11-12 17:54:44.594 [info] Got 0 sessions for read:user...
2025-11-12 17:54:44.595 [info] Getting sessions for user:email...
2025-11-12 17:54:44.595 [info] Got 1 sessions for user:email...
