2025-12-04 23:23:49.463 [info] Reading sessions from keychain...
2025-12-04 23:23:49.463 [info] Getting sessions for all scopes...
2025-12-04 23:23:49.463 [info] Got stored sessions!
2025-12-04 23:23:49.463 [info] Got 1 verified sessions.
2025-12-04 23:23:49.463 [info] Got 1 sessions for ...
2025-12-04 23:23:49.463 [info] Getting sessions for all scopes...
2025-12-04 23:23:49.463 [info] Got 1 sessions for ...
2025-12-04 23:23:49.463 [info] Getting sessions for all scopes...
2025-12-04 23:23:49.463 [info] Got 1 sessions for ...
2025-12-04 23:23:49.463 [info] Getting sessions for all scopes...
2025-12-04 23:23:49.463 [info] Got 1 sessions for ...
2025-12-04 23:23:49.463 [info] Getting sessions for all scopes...
2025-12-04 23:23:49.463 [info] Got 1 sessions for ...
2025-12-04 23:23:49.463 [info] Getting sessions for all scopes...
2025-12-04 23:23:49.463 [info] Got 1 sessions for ...
2025-12-04 23:23:49.463 [info] Getting sessions for all scopes...
2025-12-04 23:23:49.463 [info] Got 1 sessions for ...
2025-12-04 23:23:49.463 [info] Getting sessions for all scopes...
2025-12-04 23:23:49.463 [info] Got 1 sessions for ...
2025-12-04 23:23:49.463 [info] Getting sessions for all scopes...
2025-12-04 23:23:49.463 [info] Got 1 sessions for ...
2025-12-04 23:23:49.463 [info] Getting sessions for all scopes...
2025-12-04 23:23:49.463 [info] Got 1 sessions for ...
2025-12-04 23:23:49.463 [info] Getting sessions for all scopes...
2025-12-04 23:23:49.463 [info] Got 1 sessions for ...
2025-12-04 23:23:49.463 [info] Getting sessions for all scopes...
2025-12-04 23:23:49.463 [info] Got 1 sessions for ...
2025-12-04 23:23:49.463 [info] Getting sessions for all scopes...
2025-12-04 23:23:49.463 [info] Got 1 sessions for ...
2025-12-04 23:23:49.463 [info] Getting sessions for all scopes...
2025-12-04 23:23:49.463 [info] Got 1 sessions for ...
2025-12-04 23:23:49.463 [info] Getting sessions for all scopes...
2025-12-04 23:23:49.463 [info] Got 1 sessions for ...
2025-12-04 23:23:49.463 [info] Getting sessions for all scopes...
2025-12-04 23:23:49.463 [info] Got 1 sessions for ...
2025-12-04 23:23:49.463 [info] Getting sessions for all scopes...
2025-12-04 23:23:49.463 [info] Got 1 sessions for ...
2025-12-04 23:23:49.463 [info] Getting sessions for all scopes...
2025-12-04 23:23:49.463 [info] Got 1 sessions for ...
2025-12-04 23:23:49.463 [info] Getting sessions for read:user,repo,user:email,workflow...
2025-12-04 23:23:49.463 [info] Got 0 sessions for read:user,repo,user:email,workflow...
2025-12-04 23:23:49.663 [info] Getting sessions for user:email...
2025-12-04 23:23:49.663 [info] Got 1 sessions for user:email...
2025-12-04 23:23:49.663 [info] Getting sessions for read:user,repo,user:email,workflow...
2025-12-04 23:23:49.663 [info] Got 0 sessions for read:user,repo,user:email,workflow...
2025-12-04 23:23:50.005 [info] Getting sessions for all scopes...
2025-12-04 23:23:50.005 [info] Got 1 sessions for ...
2025-12-04 23:23:50.078 [info] Getting sessions for all scopes...
2025-12-04 23:23:50.078 [info] Got 1 sessions for ...
2025-12-04 23:23:50.078 [info] Getting sessions for all scopes...
2025-12-04 23:23:50.078 [info] Got 1 sessions for ...
2025-12-04 23:23:50.078 [info] Getting sessions for all scopes...
2025-12-04 23:23:50.078 [info] Got 1 sessions for ...
2025-12-04 23:23:50.079 [info] Getting sessions for all scopes...
2025-12-04 23:23:50.079 [info] Got 1 sessions for ...
2025-12-04 23:23:50.336 [info] Getting sessions for read:user,repo,user:email,workflow...
2025-12-04 23:23:50.336 [info] Got 0 sessions for read:user,repo,user:email,workflow...
2025-12-04 23:23:50.337 [info] Getting sessions for read:user,repo,user:email,workflow...
2025-12-04 23:23:50.337 [info] Got 0 sessions for read:user,repo,user:email,workflow...
2025-12-04 23:23:50.433 [info] Getting sessions for user:email...
2025-12-04 23:23:50.433 [info] Got 1 sessions for user:email...
2025-12-04 23:23:50.434 [info] Getting sessions for read:user,repo,user:email,workflow...
2025-12-04 23:23:50.434 [info] Got 0 sessions for read:user,repo,user:email,workflow...
2025-12-04 23:23:50.892 [info] FetcherService: Electron fetch failed with status: 429 
2025-12-04 23:23:51.455 [info] FetcherService: Node fetch failed with status: 429 Too Many Requests
2025-12-04 23:23:51.831 [info] Getting sessions for all scopes...
2025-12-04 23:23:51.831 [info] Got 1 sessions for ...
2025-12-04 23:23:51.836 [info] Getting sessions for read:user,repo,user:email,workflow...
2025-12-04 23:23:51.836 [info] Got 0 sessions for read:user,repo,user:email,workflow...
2025-12-04 23:23:51.837 [info] Getting sessions for read:user,repo,user:email,workflow...
2025-12-04 23:23:51.837 [info] Got 0 sessions for read:user,repo,user:email,workflow...
2025-12-04 23:23:51.983 [info] FetcherService: Node http/s failed with status: 429 Too Many Requests
