2025-11-13 11:25:10.682 [info] Native locator: Refresh started
2025-11-13 11:25:14.583 [info] > pyenv which python
2025-11-13 11:25:14.583 [info] cwd: .
2025-11-13 11:25:17.398 [info] Active interpreter [/home/user/repos]:  /bin/python
2025-11-13 11:25:17.399 [info] Native locator: Refresh finished in 6717 ms
2025-11-13 11:25:17.530 [info] Discover tests for workspace name: repos - uri: /home/user/repos
2025-11-13 11:25:19.167 [info] Starting Pylance language server.
2025-11-13 11:29:34.831 [info] Discover tests for workspace name: repos - uri: /home/user/repos/weather_predictor/back/assistant.py
2025-11-13 11:29:35.494 [info] Discover tests for workspace name: repos - uri: /home/user/repos/weather_predictor/back/assistant.py
2025-11-13 11:34:02.247 [info] Discover tests for workspace name: repos - uri: /home/user/repos/weather_predictor/main.py
2025-11-13 11:34:02.822 [info] Discover tests for workspace name: repos - uri: /home/user/repos/weather_predictor/main.py
2025-11-13 11:34:07.158 [info] Discover tests for workspace name: repos - uri: /home/user/repos/weather_predictor/main.py
2025-11-13 11:38:01.403 [info] Discover tests for workspace name: repos - uri: /home/user/repos/weather_predictor/back/assistant.py
2025-11-13 11:38:39.399 [info] Discover tests for workspace name: repos - uri: /home/user/repos/weather_predictor/main.py
2025-11-13 11:38:39.653 [info] Discover tests for workspace name: repos - uri: /home/user/repos/weather_predictor/main.py
2025-11-13 11:38:58.025 [info] Discover tests for workspace name: repos - uri: /home/user/repos/weather_predictor/main.py
2025-11-13 11:38:58.776 [info] Discover tests for workspace name: repos - uri: /home/user/repos/weather_predictor/main.py
2025-11-13 11:42:29.991 [info] Discover tests for workspace name: repos - uri: /home/user/repos/weather_predictor/main.py
2025-11-13 11:44:52.329 [info] Discover tests for workspace name: repos - uri: /home/user/repos/weather_predictor/main.py
2025-11-13 11:44:53.074 [info] Discover tests for workspace name: repos - uri: /home/user/repos/weather_predictor/main.py
2025-11-13 11:44:53.961 [info] Discover tests for workspace name: repos - uri: /home/user/repos/weather_predictor/main.py
2025-11-13 11:57:10.588 [info] Discover tests for workspace name: repos - uri: /home/user/repos/weather_predictor/main.py
2025-11-13 11:58:45.872 [info] Discover tests for workspace name: repos - uri: /home/user/repos/weather_predictor/main.py
2025-11-13 12:00:33.802 [info] Discover tests for workspace name: repos - uri: /home/user/repos/weather_predictor/back/assistant.py
2025-11-13 12:00:57.832 [info] Discover tests for workspace name: repos - uri: /home/user/repos/weather_predictor/back/assistant.py
2025-11-13 12:01:03.674 [info] Discover tests for workspace name: repos - uri: /home/user/repos/weather_predictor/main.py
2025-11-13 12:03:14.484 [info] Discover tests for workspace name: repos - uri: /home/user/repos/weather_predictor/main.py
2025-11-13 12:03:20.020 [info] Discover tests for workspace name: repos - uri: /home/user/repos/weather_predictor/main.py
2025-11-13 12:03:44.133 [info] Discover tests for workspace name: repos - uri: /home/user/repos/weather_predictor/main.py
2025-11-13 12:05:46.824 [info] > /bin/python ~/.vscode/extensions/ms-python.python-2025.16.0-linux-x64/python_files/normalizeSelection.py
2025-11-13 12:05:47.243 [info] Send text to terminal: /bin/python
2025-11-13 12:05:47.318 [info] Send text to terminal: def api_get_8days():
    try:
        data = request.get_json()
        city = data.get('city', '')
        data = get_data(city)
        df = from_data_to_dataframe(data)
        last_5_days = from_df_to_nlist(df)
        if df.empty:
            return render_template(
                'error.html',
                city=city
            )
        prediction = predict_weather(model, last_5_days, scaler_x, scaler_y)
    except Exception as e:
        return jsonify({
            'status': 'error',
            'message': str(e)
        }), 500


2025-11-13 12:06:25.568 [info] Discover tests for workspace name: repos - uri: /home/user/repos/weather_predictor/main.py
2025-11-13 12:06:26.573 [info] Discover tests for workspace name: repos - uri: /home/user/repos/weather_predictor/main.py
2025-11-13 12:07:08.029 [info] Discover tests for workspace name: repos - uri: /home/user/repos/weather_predictor/main.py
2025-11-13 12:07:08.293 [info] Discover tests for workspace name: repos - uri: /home/user/repos/weather_predictor/main.py
2025-11-13 12:08:49.795 [info] Discover tests for workspace name: repos - uri: /home/user/repos/weather_predictor/main.py
2025-11-13 12:09:06.983 [info] Discover tests for workspace name: repos - uri: /home/user/repos/weather_predictor/main.py
2025-11-13 12:10:16.673 [info] Discover tests for workspace name: repos - uri: /home/user/repos/weather_predictor/main.py
2025-11-13 12:10:16.997 [info] Discover tests for workspace name: repos - uri: /home/user/repos/weather_predictor/main.py
2025-11-13 12:10:17.280 [info] Discover tests for workspace name: repos - uri: /home/user/repos/weather_predictor/main.py
2025-11-13 12:10:17.609 [info] Discover tests for workspace name: repos - uri: /home/user/repos/weather_predictor/main.py
2025-11-13 12:10:17.936 [info] Discover tests for workspace name: repos - uri: /home/user/repos/weather_predictor/main.py
2025-11-13 12:10:27.327 [info] Discover tests for workspace name: repos - uri: /home/user/repos/weather_predictor/main.py
2025-11-13 12:10:32.022 [info] Discover tests for workspace name: repos - uri: /home/user/repos/weather_predictor/main.py
2025-11-13 12:10:58.481 [info] Discover tests for workspace name: repos - uri: /home/user/repos/weather_predictor/main.py
2025-11-13 12:10:59.606 [info] Discover tests for workspace name: repos - uri: /home/user/repos/weather_predictor/main.py
2025-11-13 12:11:27.392 [info] Discover tests for workspace name: repos - uri: /home/user/repos/weather_predictor/main.py
2025-11-13 12:11:29.078 [info] Discover tests for workspace name: repos - uri: /home/user/repos/weather_predictor/main.py
2025-11-13 12:15:42.078 [info] Discover tests for workspace name: undefined - uri: /home/user/.config/Code/User/settings.json
2025-11-13 12:16:30.218 [info] Discover tests for workspace name: repos - uri: /home/user/repos/weather_predictor/back/assistant.py
2025-11-13 12:17:15.619 [info] Discover tests for workspace name: repos - uri: /home/user/repos/weather_predictor/back/assistant.py
2025-11-13 12:17:18.861 [info] Discover tests for workspace name: repos - uri: /home/user/repos/weather_predictor/back/assistant.py
2025-11-13 12:17:19.309 [info] Discover tests for workspace name: repos - uri: /home/user/repos/weather_predictor/back/assistant.py
2025-11-13 12:25:40.508 [info] Discover tests for workspace name: repos - uri: /home/user/repos/weather_predictor/back/assistant.py
2025-11-13 12:27:38.025 [info] Discover tests for workspace name: repos - uri: /home/user/repos/weather_predictor/back/assistant.py
2025-11-13 12:30:26.779 [info] Discover tests for workspace name: repos - uri: /home/user/repos/weather_predictor/back/assistant.py
2025-11-13 12:30:27.105 [info] Discover tests for workspace name: repos - uri: /home/user/repos/weather_predictor/back/assistant.py
2025-11-13 12:30:45.034 [info] Discover tests for workspace name: repos - uri: /home/user/repos/weather_predictor/back/assistant.py
2025-11-13 12:30:46.318 [info] Discover tests for workspace name: repos - uri: /home/user/repos/weather_predictor/back/assistant.py
2025-11-13 12:31:23.080 [info] Discover tests for workspace name: repos - uri: /home/user/repos/weather_predictor/back/assistant.py
2025-11-13 12:31:23.778 [info] Discover tests for workspace name: repos - uri: /home/user/repos/weather_predictor/back/assistant.py
2025-11-13 12:31:24.053 [info] Discover tests for workspace name: repos - uri: /home/user/repos/weather_predictor/back/assistant.py
2025-11-13 12:31:32.179 [info] Discover tests for workspace name: repos - uri: /home/user/repos/weather_predictor/back/assistant.py
2025-11-13 12:33:54.331 [info] Discover tests for workspace name: repos - uri: /home/user/repos/weather_predictor/back/assistant.py
2025-11-13 13:16:25.175 [info] Discover tests for workspace name: repos - uri: /home/user/repos/weather_predictor/back/assistant.py
2025-11-13 13:16:29.263 [info] Discover tests for workspace name: repos - uri: /home/user/repos/weather_predictor/back/assistant.py
2025-11-13 13:17:04.243 [info] Discover tests for workspace name: repos - uri: /home/user/repos/weather_predictor/back/assistant.py
2025-11-13 13:17:20.436 [info] Discover tests for workspace name: repos - uri: /home/user/repos/weather_predictor/back/assistant.py
2025-11-13 13:17:21.650 [info] Discover tests for workspace name: repos - uri: /home/user/repos/weather_predictor/back/assistant.py
2025-11-13 13:18:49.234 [info] Discover tests for workspace name: repos - uri: /home/user/repos/weather_predictor/back/assistant.py
2025-11-13 13:35:50.212 [info] Discover tests for workspace name: repos - uri: /home/user/repos/weather_predictor/back/assistant.py
2025-11-13 13:36:24.518 [info] Discover tests for workspace name: repos - uri: /home/user/repos/weather_predictor/back/assistant.py
2025-11-13 13:36:31.299 [info] Discover tests for workspace name: repos - uri: /home/user/repos/weather_predictor/back/assistant.py
2025-11-13 17:52:37.150 [info] Discover tests for workspace name: repos - uri: /home/user/repos/weather_predictor/back/assistant.py
2025-11-13 17:52:58.667 [info] Discover tests for workspace name: repos - uri: /home/user/repos/weather_predictor/back/assistant.py
2025-11-13 17:57:35.563 [info] Discover tests for workspace name: repos - uri: /home/user/repos/weather_predictor/back/assistant.py
2025-11-13 17:57:36.212 [info] Discover tests for workspace name: repos - uri: /home/user/repos/weather_predictor/back/assistant.py
2025-11-13 17:57:36.957 [info] Discover tests for workspace name: repos - uri: /home/user/repos/weather_predictor/back/assistant.py
2025-11-13 18:14:05.868 [info] Discover tests for workspace name: repos - uri: /home/user/repos/weather_predictor/back/assistant.py
2025-11-13 18:14:14.839 [info] Discover tests for workspace name: repos - uri: /home/user/repos/weather_predictor/back/assistant.py
2025-11-13 19:54:48.730 [info] Discover tests for workspace name: repos - uri: /home/user/repos/weather_predictor/back/assistant.py
2025-11-13 20:00:20.010 [info] Discover tests for workspace name: repos - uri: /home/user/repos/weather_predictor/back/assistant.py
2025-11-13 20:33:40.476 [info] Discover tests for workspace name: repos - uri: /home/user/repos/weather_predictor/main.py
