2025-11-13 11:25:12.315 [info] Getting Manifest... ms-python.debugpy
2025-11-13 11:25:12.316 [info] Getting Manifest... ms-python.python
2025-11-13 11:25:12.317 [info] Getting Manifest... ms-python.vscode-python-envs
2025-11-13 11:25:12.408 [info] Installing extension: ms-python.debugpy {"productVersion":{"version":"1.105.1","date":"2025-10-14T22:33:36.618Z"},"pinned":false,"operation":3,"isApplicationScoped":false,"profileLocation":{"$mid":1,"external":"vscode-userdata:/home/user/.vscode/extensions/extensions.json","path":"/home/user/.vscode/extensions/extensions.json","scheme":"vscode-userdata"}}
2025-11-13 11:25:12.411 [info] Installing extension: ms-python.python {"productVersion":{"version":"1.105.1","date":"2025-10-14T22:33:36.618Z"},"pinned":false,"operation":3,"isApplicationScoped":false,"profileLocation":{"$mid":1,"external":"vscode-userdata:/home/user/.vscode/extensions/extensions.json","path":"/home/user/.vscode/extensions/extensions.json","scheme":"vscode-userdata"}}
2025-11-13 11:25:12.420 [info] Installing extension: ms-python.vscode-python-envs {"productVersion":{"version":"1.105.1","date":"2025-10-14T22:33:36.618Z"},"pinned":false,"operation":3,"isApplicationScoped":false,"profileLocation":{"$mid":1,"external":"vscode-userdata:/home/user/.vscode/extensions/extensions.json","path":"/home/user/.vscode/extensions/extensions.json","scheme":"vscode-userdata"}}
2025-11-13 11:25:12.628 [info] Getting Manifest... ms-python.python
2025-11-13 11:25:14.926 [info] Extension signature verification result for ms-python.vscode-python-envs: Success. Internal Code: 0. Executed: true. Duration: 1099ms.
2025-11-13 11:25:15.262 [info] Extracted extension to file:///home/user/.vscode/extensions/ms-python.vscode-python-envs-1.12.0-linux-x64: ms-python.vscode-python-envs
2025-11-13 11:25:15.271 [info] Renamed to /home/user/.vscode/extensions/ms-python.vscode-python-envs-1.12.0-linux-x64
2025-11-13 11:25:15.306 [info] Marked extension as removed ms-python.vscode-python-envs-1.10.0-linux-x64
2025-11-13 11:25:15.320 [info] Extension installed successfully: ms-python.vscode-python-envs vscode-userdata:/home/user/.vscode/extensions/extensions.json
2025-11-13 11:25:15.636 [info] Extension signature verification result for ms-python.debugpy: Success. Internal Code: 0. Executed: true. Duration: 1062ms.
2025-11-13 11:25:15.910 [info] Extension signature verification result for ms-python.python: Success. Internal Code: 0. Executed: true. Duration: 1064ms.
2025-11-13 11:25:16.292 [info] Extracted extension to file:///home/user/.vscode/extensions/ms-python.debugpy-2025.16.0-linux-x64: ms-python.debugpy
2025-11-13 11:25:16.311 [info] Renamed to /home/user/.vscode/extensions/ms-python.debugpy-2025.16.0-linux-x64
2025-11-13 11:25:16.336 [info] Marked extension as removed ms-python.debugpy-2025.14.1-linux-x64
2025-11-13 11:25:16.338 [info] Extension installed successfully: ms-python.debugpy vscode-userdata:/home/user/.vscode/extensions/extensions.json
2025-11-13 11:25:18.324 [info] Extracted extension to file:///home/user/.vscode/extensions/ms-python.python-2025.18.0-linux-x64: ms-python.python
2025-11-13 11:25:18.421 [info] Renamed to /home/user/.vscode/extensions/ms-python.python-2025.18.0-linux-x64
2025-11-13 11:25:18.444 [info] Marked extension as removed ms-python.python-2025.16.0-linux-x64
2025-11-13 11:25:18.447 [info] Extension installed successfully: ms-python.python vscode-userdata:/home/user/.vscode/extensions/extensions.json
