2025-11-12 17:45:57.755 [info] Reading sessions from keychain...
2025-11-12 17:45:57.755 [info] Got stored sessions!
2025-11-12 17:45:57.755 [info] Got 1 verified sessions.
2025-11-12 17:45:57.755 [info] Getting sessions for all scopes...
2025-11-12 17:45:57.755 [info] Got 1 sessions for ...
2025-11-12 17:45:57.755 [info] Getting sessions for all scopes...
2025-11-12 17:45:57.755 [info] Got 1 sessions for ...
2025-11-12 17:45:57.755 [info] Getting sessions for all scopes...
2025-11-12 17:45:57.755 [info] Got 1 sessions for ...
2025-11-12 17:45:57.755 [info] Getting sessions for all scopes...
2025-11-12 17:45:57.755 [info] Got 1 sessions for ...
2025-11-12 17:45:57.755 [info] Getting sessions for all scopes...
2025-11-12 17:45:57.755 [info] Got 1 sessions for ...
2025-11-12 17:45:57.755 [info] Getting sessions for all scopes...
2025-11-12 17:45:57.755 [info] Got 1 sessions for ...
2025-11-12 17:45:57.755 [info] Getting sessions for all scopes...
2025-11-12 17:45:57.755 [info] Got 1 sessions for ...
2025-11-12 17:45:57.755 [info] Getting sessions for all scopes...
2025-11-12 17:45:57.755 [info] Got 1 sessions for ...
2025-11-12 17:45:57.755 [info] Getting sessions for all scopes...
2025-11-12 17:45:57.755 [info] Got 1 sessions for ...
2025-11-12 17:45:57.755 [info] Getting sessions for all scopes...
2025-11-12 17:45:57.755 [info] Got 1 sessions for ...
2025-11-12 17:45:57.755 [info] Getting sessions for all scopes...
2025-11-12 17:45:57.755 [info] Got 1 sessions for ...
2025-11-12 17:45:57.755 [info] Getting sessions for all scopes...
2025-11-12 17:45:57.755 [info] Got 1 sessions for ...
2025-11-12 17:45:57.755 [info] Getting sessions for all scopes...
2025-11-12 17:45:57.755 [info] Got 1 sessions for ...
2025-11-12 17:45:57.755 [info] Getting sessions for all scopes...
2025-11-12 17:45:57.755 [info] Got 1 sessions for ...
2025-11-12 17:45:57.755 [info] Getting sessions for all scopes...
2025-11-12 17:45:57.755 [info] Got 1 sessions for ...
2025-11-12 17:45:57.755 [info] Getting sessions for all scopes...
2025-11-12 17:45:57.755 [info] Got 1 sessions for ...
2025-11-12 17:45:57.995 [info] Getting sessions for all scopes...
2025-11-12 17:45:57.995 [info] Got 1 sessions for ...
2025-11-12 17:46:01.414 [info] Getting sessions for all scopes...
2025-11-12 17:46:01.414 [info] Got 1 sessions for ...
2025-11-12 17:46:01.415 [info] Getting sessions for all scopes...
2025-11-12 17:46:01.415 [info] Got 1 sessions for ...
2025-11-12 17:46:01.713 [info] Getting sessions for all scopes...
2025-11-12 17:46:01.713 [info] Got 1 sessions for ...
2025-11-12 17:46:01.713 [info] Getting sessions for all scopes...
2025-11-12 17:46:01.713 [info] Got 1 sessions for ...
2025-11-12 17:46:02.021 [info] Getting sessions for all scopes...
2025-11-12 17:46:02.021 [info] Got 1 sessions for ...
2025-11-12 17:46:02.024 [info] FetcherService: Electron fetch failed with status: 429 
2025-11-12 17:46:02.449 [info] Getting sessions for read:user,repo,user:email,workflow...
2025-11-12 17:46:02.450 [info] Got 0 sessions for read:user,repo,user:email,workflow...
2025-11-12 17:46:02.470 [info] Getting sessions for all scopes...
2025-11-12 17:46:02.470 [info] Got 1 sessions for ...
2025-11-12 17:46:02.602 [info] Getting sessions for all scopes...
2025-11-12 17:46:02.602 [info] Got 1 sessions for ...
2025-11-12 17:46:02.602 [info] Getting sessions for read:user,repo,user:email,workflow...
2025-11-12 17:46:02.602 [info] Got 0 sessions for read:user,repo,user:email,workflow...
2025-11-12 17:46:02.621 [info] Getting sessions for read:user,repo,user:email,workflow...
2025-11-12 17:46:02.622 [info] Got 0 sessions for read:user,repo,user:email,workflow...
2025-11-12 17:46:02.641 [info] Getting sessions for user:email...
2025-11-12 17:46:02.641 [info] Got 1 sessions for user:email...
2025-11-12 17:46:02.641 [info] Getting sessions for read:user,repo,user:email,workflow...
2025-11-12 17:46:02.641 [info] Got 0 sessions for read:user,repo,user:email,workflow...
2025-11-12 17:46:02.672 [info] Getting sessions for read:user...
2025-11-12 17:46:02.672 [info] Got 0 sessions for read:user...
2025-11-12 17:46:02.685 [info] Getting sessions for read:user,repo,user:email,workflow...
2025-11-12 17:46:02.685 [info] Got 0 sessions for read:user,repo,user:email,workflow...
2025-11-12 17:46:02.685 [info] Getting sessions for all scopes...
2025-11-12 17:46:02.685 [info] Got 1 sessions for ...
2025-11-12 17:46:02.808 [info] Getting sessions for user:email...
2025-11-12 17:46:02.808 [info] Got 1 sessions for user:email...
2025-11-12 17:46:02.809 [info] Getting sessions for read:user,repo,user:email,workflow...
2025-11-12 17:46:02.809 [info] Got 0 sessions for read:user,repo,user:email,workflow...
2025-11-12 17:46:03.060 [info] FetcherService: Node fetch failed with status: 429 Too Many Requests
2025-11-12 17:46:03.145 [info] Getting sessions for read:user,repo,user:email,workflow...
2025-11-12 17:46:03.145 [info] Got 0 sessions for read:user,repo,user:email,workflow...
2025-11-12 17:46:03.535 [info] FetcherService: Node http/s failed with status: 429 Too Many Requests
2025-11-12 17:46:04.156 [info] Getting sessions for all scopes...
2025-11-12 17:46:04.156 [info] Got 1 sessions for ...
2025-11-12 18:07:32.525 [info] Getting sessions for read:user,repo,user:email,workflow...
2025-11-12 18:07:32.525 [info] Got 0 sessions for read:user,repo,user:email,workflow...
2025-11-12 18:07:32.526 [info] Getting sessions for read:user...
2025-11-12 18:07:32.526 [info] Got 0 sessions for read:user...
2025-11-12 18:07:32.528 [info] Getting sessions for user:email...
2025-11-12 18:07:32.528 [info] Got 1 sessions for user:email...
2025-11-12 18:07:36.375 [info] Getting sessions for read:user,repo,user:email,workflow...
2025-11-12 18:07:36.375 [info] Got 0 sessions for read:user,repo,user:email,workflow...
2025-11-12 18:07:36.376 [info] Getting sessions for read:user...
2025-11-12 18:07:36.376 [info] Got 0 sessions for read:user...
2025-11-12 18:07:36.377 [info] Getting sessions for user:email...
2025-11-12 18:07:36.377 [info] Got 1 sessions for user:email...
2025-11-12 18:07:39.734 [info] Getting sessions for read:user,repo,user:email,workflow...
2025-11-12 18:07:39.734 [info] Got 0 sessions for read:user,repo,user:email,workflow...
2025-11-12 18:07:39.735 [info] Getting sessions for read:user...
2025-11-12 18:07:39.735 [info] Got 0 sessions for read:user...
2025-11-12 18:07:39.736 [info] Getting sessions for user:email...
2025-11-12 18:07:39.736 [info] Got 1 sessions for user:email...
2025-11-12 18:07:40.209 [info] Getting sessions for read:user,repo,user:email,workflow...
2025-11-12 18:07:40.209 [info] Got 0 sessions for read:user,repo,user:email,workflow...
2025-11-12 18:07:40.210 [info] Getting sessions for read:user...
2025-11-12 18:07:40.210 [info] Got 0 sessions for read:user...
2025-11-12 18:07:40.211 [info] Getting sessions for user:email...
2025-11-12 18:07:40.211 [info] Got 1 sessions for user:email...
2025-11-12 18:10:41.126 [info] Getting sessions for read:user,repo,user:email,workflow...
2025-11-12 18:10:41.126 [info] Got 0 sessions for read:user,repo,user:email,workflow...
2025-11-12 18:10:41.142 [info] Getting sessions for read:user...
2025-11-12 18:10:41.142 [info] Got 0 sessions for read:user...
2025-11-12 18:10:41.148 [info] Getting sessions for user:email...
2025-11-12 18:10:41.148 [info] Got 1 sessions for user:email...
2025-11-12 18:11:00.815 [info] Getting sessions for read:user,repo,user:email,workflow...
2025-11-12 18:11:00.815 [info] Got 0 sessions for read:user,repo,user:email,workflow...
2025-11-12 18:11:00.847 [info] Getting sessions for read:user...
2025-11-12 18:11:00.847 [info] Got 0 sessions for read:user...
2025-11-12 18:11:00.848 [info] Getting sessions for user:email...
2025-11-12 18:11:00.848 [info] Got 1 sessions for user:email...
2025-11-12 18:11:52.987 [info] Getting sessions for read:user,repo,user:email,workflow...
2025-11-12 18:11:52.987 [info] Got 0 sessions for read:user,repo,user:email,workflow...
2025-11-12 18:11:52.987 [info] Getting sessions for read:user...
2025-11-12 18:11:52.987 [info] Got 0 sessions for read:user...
2025-11-12 18:11:52.988 [info] Getting sessions for user:email...
2025-11-12 18:11:52.988 [info] Got 1 sessions for user:email...
2025-11-12 18:11:53.507 [info] Getting sessions for read:user,repo,user:email,workflow...
2025-11-12 18:11:53.507 [info] Got 0 sessions for read:user,repo,user:email,workflow...
2025-11-12 18:11:53.508 [info] Getting sessions for read:user...
2025-11-12 18:11:53.508 [info] Got 0 sessions for read:user...
2025-11-12 18:11:53.509 [info] Getting sessions for user:email...
2025-11-12 18:11:53.509 [info] Got 1 sessions for user:email...
2025-11-12 18:11:54.380 [info] Getting sessions for read:user,repo,user:email,workflow...
2025-11-12 18:11:54.380 [info] Got 0 sessions for read:user,repo,user:email,workflow...
2025-11-12 18:11:54.382 [info] Getting sessions for read:user...
2025-11-12 18:11:54.382 [info] Got 0 sessions for read:user...
2025-11-12 18:11:54.383 [info] Getting sessions for user:email...
2025-11-12 18:11:54.383 [info] Got 1 sessions for user:email...
2025-11-12 18:11:54.964 [info] Getting sessions for read:user,repo,user:email,workflow...
2025-11-12 18:11:54.964 [info] Got 0 sessions for read:user,repo,user:email,workflow...
2025-11-12 18:11:54.965 [info] Getting sessions for read:user...
2025-11-12 18:11:54.965 [info] Got 0 sessions for read:user...
2025-11-12 18:11:54.966 [info] Getting sessions for user:email...
2025-11-12 18:11:54.966 [info] Got 1 sessions for user:email...
2025-11-12 18:12:04.846 [info] Getting sessions for read:user,repo,user:email,workflow...
2025-11-12 18:12:04.846 [info] Got 0 sessions for read:user,repo,user:email,workflow...
2025-11-12 18:12:04.847 [info] Getting sessions for read:user...
2025-11-12 18:12:04.847 [info] Got 0 sessions for read:user...
2025-11-12 18:12:04.848 [info] Getting sessions for user:email...
2025-11-12 18:12:04.848 [info] Got 1 sessions for user:email...
2025-11-12 18:12:06.436 [info] Getting sessions for read:user,repo,user:email,workflow...
2025-11-12 18:12:06.436 [info] Got 0 sessions for read:user,repo,user:email,workflow...
2025-11-12 18:12:06.437 [info] Getting sessions for read:user...
2025-11-12 18:12:06.437 [info] Got 0 sessions for read:user...
2025-11-12 18:12:06.438 [info] Getting sessions for user:email...
2025-11-12 18:12:06.438 [info] Got 1 sessions for user:email...
2025-11-12 18:12:08.499 [info] Getting sessions for read:user,repo,user:email,workflow...
2025-11-12 18:12:08.499 [info] Got 0 sessions for read:user,repo,user:email,workflow...
2025-11-12 18:12:08.500 [info] Getting sessions for read:user...
2025-11-12 18:12:08.500 [info] Got 0 sessions for read:user...
2025-11-12 18:12:08.500 [info] Getting sessions for user:email...
2025-11-12 18:12:08.500 [info] Got 1 sessions for user:email...
2025-11-12 18:14:06.446 [info] Getting sessions for read:user,repo,user:email,workflow...
2025-11-12 18:14:06.446 [info] Got 0 sessions for read:user,repo,user:email,workflow...
2025-11-12 18:14:06.447 [info] Getting sessions for read:user...
2025-11-12 18:14:06.447 [info] Got 0 sessions for read:user...
2025-11-12 18:14:06.470 [info] Getting sessions for user:email...
2025-11-12 18:14:06.470 [info] Got 1 sessions for user:email...
2025-11-12 18:14:11.139 [info] Getting sessions for read:user,repo,user:email,workflow...
2025-11-12 18:14:11.139 [info] Got 0 sessions for read:user,repo,user:email,workflow...
2025-11-12 18:14:11.140 [info] Getting sessions for read:user...
2025-11-12 18:14:11.140 [info] Got 0 sessions for read:user...
2025-11-12 18:14:11.141 [info] Getting sessions for user:email...
2025-11-12 18:14:11.141 [info] Got 1 sessions for user:email...
2025-11-12 18:14:35.198 [info] Getting sessions for read:user,repo,user:email,workflow...
2025-11-12 18:14:35.198 [info] Got 0 sessions for read:user,repo,user:email,workflow...
2025-11-12 18:14:35.199 [info] Getting sessions for read:user...
2025-11-12 18:14:35.199 [info] Got 0 sessions for read:user...
2025-11-12 18:14:35.208 [info] Getting sessions for user:email...
2025-11-12 18:14:35.209 [info] Got 1 sessions for user:email...
2025-11-12 18:14:36.692 [info] Getting sessions for read:user,repo,user:email,workflow...
2025-11-12 18:14:36.692 [info] Got 0 sessions for read:user,repo,user:email,workflow...
2025-11-12 18:14:36.693 [info] Getting sessions for read:user...
2025-11-12 18:14:36.693 [info] Got 0 sessions for read:user...
2025-11-12 18:14:36.694 [info] Getting sessions for user:email...
2025-11-12 18:14:36.694 [info] Got 1 sessions for user:email...
2025-11-12 18:14:39.696 [info] Getting sessions for read:user,repo,user:email,workflow...
2025-11-12 18:14:39.696 [info] Got 0 sessions for read:user,repo,user:email,workflow...
2025-11-12 18:14:39.704 [info] Getting sessions for read:user...
2025-11-12 18:14:39.705 [info] Got 0 sessions for read:user...
2025-11-12 18:14:39.707 [info] Getting sessions for user:email...
2025-11-12 18:14:39.707 [info] Got 1 sessions for user:email...
2025-11-12 18:14:40.527 [info] Getting sessions for read:user,repo,user:email,workflow...
2025-11-12 18:14:40.527 [info] Got 0 sessions for read:user,repo,user:email,workflow...
2025-11-12 18:14:40.528 [info] Getting sessions for read:user...
2025-11-12 18:14:40.529 [info] Got 0 sessions for read:user...
2025-11-12 18:14:40.533 [info] Getting sessions for user:email...
2025-11-12 18:14:40.533 [info] Got 1 sessions for user:email...
2025-11-12 18:14:44.586 [info] Getting sessions for read:user,repo,user:email,workflow...
2025-11-12 18:14:44.586 [info] Got 0 sessions for read:user,repo,user:email,workflow...
2025-11-12 18:14:44.588 [info] Getting sessions for read:user...
2025-11-12 18:14:44.588 [info] Got 0 sessions for read:user...
2025-11-12 18:14:44.589 [info] Getting sessions for user:email...
2025-11-12 18:14:44.589 [info] Got 1 sessions for user:email...
2025-11-12 18:14:46.997 [info] Getting sessions for read:user,repo,user:email,workflow...
2025-11-12 18:14:46.997 [info] Got 0 sessions for read:user,repo,user:email,workflow...
2025-11-12 18:14:46.998 [info] Getting sessions for read:user...
2025-11-12 18:14:46.998 [info] Got 0 sessions for read:user...
2025-11-12 18:14:46.999 [info] Getting sessions for user:email...
2025-11-12 18:14:46.999 [info] Got 1 sessions for user:email...
2025-11-12 18:14:48.572 [info] Getting sessions for read:user,repo,user:email,workflow...
2025-11-12 18:14:48.572 [info] Got 0 sessions for read:user,repo,user:email,workflow...
2025-11-12 18:14:48.580 [info] Getting sessions for read:user...
2025-11-12 18:14:48.580 [info] Got 0 sessions for read:user...
2025-11-12 18:14:48.585 [info] Getting sessions for user:email...
2025-11-12 18:14:48.586 [info] Got 1 sessions for user:email...
2025-11-12 18:14:49.943 [info] Getting sessions for read:user,repo,user:email,workflow...
2025-11-12 18:14:49.943 [info] Got 0 sessions for read:user,repo,user:email,workflow...
2025-11-12 18:14:49.945 [info] Getting sessions for read:user...
2025-11-12 18:14:49.945 [info] Got 0 sessions for read:user...
2025-11-12 18:14:49.946 [info] Getting sessions for user:email...
2025-11-12 18:14:49.946 [info] Got 1 sessions for user:email...
2025-11-12 18:14:51.172 [info] Getting sessions for read:user,repo,user:email,workflow...
2025-11-12 18:14:51.172 [info] Got 0 sessions for read:user,repo,user:email,workflow...
2025-11-12 18:14:51.175 [info] Getting sessions for read:user...
2025-11-12 18:14:51.175 [info] Got 0 sessions for read:user...
2025-11-12 18:14:51.175 [info] Getting sessions for user:email...
2025-11-12 18:14:51.175 [info] Got 1 sessions for user:email...
2025-11-12 18:14:51.974 [info] Getting sessions for read:user,repo,user:email,workflow...
2025-11-12 18:14:51.974 [info] Got 0 sessions for read:user,repo,user:email,workflow...
2025-11-12 18:14:51.976 [info] Getting sessions for read:user...
2025-11-12 18:14:51.976 [info] Got 0 sessions for read:user...
2025-11-12 18:14:51.977 [info] Getting sessions for user:email...
2025-11-12 18:14:51.977 [info] Got 1 sessions for user:email...
2025-11-12 18:15:58.116 [info] Getting sessions for read:user,repo,user:email,workflow...
2025-11-12 18:15:58.116 [info] Got 0 sessions for read:user,repo,user:email,workflow...
2025-11-12 18:15:58.117 [info] Getting sessions for read:user...
2025-11-12 18:15:58.117 [info] Got 0 sessions for read:user...
2025-11-12 18:15:58.119 [info] Getting sessions for user:email...
2025-11-12 18:15:58.119 [info] Got 1 sessions for user:email...
2025-11-12 18:15:58.800 [info] Getting sessions for read:user,repo,user:email,workflow...
2025-11-12 18:15:58.801 [info] Got 0 sessions for read:user,repo,user:email,workflow...
2025-11-12 18:15:58.801 [info] Getting sessions for read:user...
2025-11-12 18:15:58.801 [info] Got 0 sessions for read:user...
2025-11-12 18:15:58.802 [info] Getting sessions for user:email...
2025-11-12 18:15:58.802 [info] Got 1 sessions for user:email...
2025-11-12 18:16:00.652 [info] Getting sessions for read:user,repo,user:email,workflow...
2025-11-12 18:16:00.652 [info] Got 0 sessions for read:user,repo,user:email,workflow...
2025-11-12 18:16:00.655 [info] Getting sessions for read:user...
2025-11-12 18:16:00.655 [info] Got 0 sessions for read:user...
2025-11-12 18:16:00.656 [info] Getting sessions for user:email...
2025-11-12 18:16:00.656 [info] Got 1 sessions for user:email...
2025-11-12 18:16:03.614 [info] Getting sessions for read:user,repo,user:email,workflow...
2025-11-12 18:16:03.614 [info] Got 0 sessions for read:user,repo,user:email,workflow...
2025-11-12 18:16:03.615 [info] Getting sessions for read:user...
2025-11-12 18:16:03.615 [info] Got 0 sessions for read:user...
2025-11-12 18:16:03.616 [info] Getting sessions for user:email...
2025-11-12 18:16:03.616 [info] Got 1 sessions for user:email...
2025-11-12 18:16:04.056 [info] Getting sessions for read:user,repo,user:email,workflow...
2025-11-12 18:16:04.056 [info] Got 0 sessions for read:user,repo,user:email,workflow...
2025-11-12 18:16:04.057 [info] Getting sessions for read:user...
2025-11-12 18:16:04.057 [info] Got 0 sessions for read:user...
2025-11-12 18:16:04.058 [info] Getting sessions for user:email...
2025-11-12 18:16:04.058 [info] Got 1 sessions for user:email...
2025-11-12 18:16:05.700 [info] Getting sessions for read:user,repo,user:email,workflow...
2025-11-12 18:16:05.700 [info] Got 0 sessions for read:user,repo,user:email,workflow...
2025-11-12 18:16:05.748 [info] Getting sessions for read:user...
2025-11-12 18:16:05.748 [info] Got 0 sessions for read:user...
2025-11-12 18:16:05.757 [info] Getting sessions for user:email...
2025-11-12 18:16:05.757 [info] Got 1 sessions for user:email...
2025-11-12 18:16:10.850 [info] Getting sessions for read:user,repo,user:email,workflow...
2025-11-12 18:16:10.850 [info] Got 0 sessions for read:user,repo,user:email,workflow...
2025-11-12 18:16:10.850 [info] Getting sessions for read:user...
2025-11-12 18:16:10.850 [info] Got 0 sessions for read:user...
2025-11-12 18:16:10.851 [info] Getting sessions for user:email...
2025-11-12 18:16:10.851 [info] Got 1 sessions for user:email...
2025-11-12 18:16:13.046 [info] Getting sessions for read:user,repo,user:email,workflow...
2025-11-12 18:16:13.046 [info] Got 0 sessions for read:user,repo,user:email,workflow...
2025-11-12 18:16:13.047 [info] Getting sessions for read:user...
2025-11-12 18:16:13.047 [info] Got 0 sessions for read:user...
2025-11-12 18:16:13.048 [info] Getting sessions for user:email...
2025-11-12 18:16:13.048 [info] Got 1 sessions for user:email...
2025-11-12 18:16:17.724 [info] Getting sessions for read:user,repo,user:email,workflow...
2025-11-12 18:16:17.724 [info] Got 0 sessions for read:user,repo,user:email,workflow...
2025-11-12 18:16:17.725 [info] Getting sessions for read:user...
2025-11-12 18:16:17.725 [info] Got 0 sessions for read:user...
2025-11-12 18:16:17.726 [info] Getting sessions for user:email...
2025-11-12 18:16:17.726 [info] Got 1 sessions for user:email...
2025-11-12 18:16:27.239 [info] Getting sessions for read:user,repo,user:email,workflow...
2025-11-12 18:16:27.239 [info] Got 0 sessions for read:user,repo,user:email,workflow...
2025-11-12 18:16:27.241 [info] Getting sessions for read:user...
2025-11-12 18:16:27.241 [info] Got 0 sessions for read:user...
2025-11-12 18:16:27.242 [info] Getting sessions for user:email...
2025-11-12 18:16:27.242 [info] Got 1 sessions for user:email...
2025-11-12 18:16:29.505 [info] Getting sessions for read:user,repo,user:email,workflow...
2025-11-12 18:16:29.505 [info] Got 0 sessions for read:user,repo,user:email,workflow...
2025-11-12 18:16:29.506 [info] Getting sessions for read:user...
2025-11-12 18:16:29.506 [info] Got 0 sessions for read:user...
2025-11-12 18:16:29.507 [info] Getting sessions for user:email...
2025-11-12 18:16:29.507 [info] Got 1 sessions for user:email...
2025-11-12 18:16:34.651 [info] Getting sessions for read:user,repo,user:email,workflow...
2025-11-12 18:16:34.651 [info] Got 0 sessions for read:user,repo,user:email,workflow...
2025-11-12 18:16:34.660 [info] Getting sessions for read:user...
2025-11-12 18:16:34.660 [info] Got 0 sessions for read:user...
2025-11-12 18:16:34.663 [info] Getting sessions for user:email...
2025-11-12 18:16:34.663 [info] Got 1 sessions for user:email...
2025-11-12 18:16:40.805 [info] Getting sessions for read:user,repo,user:email,workflow...
2025-11-12 18:16:40.806 [info] Got 0 sessions for read:user,repo,user:email,workflow...
2025-11-12 18:16:40.806 [info] Getting sessions for read:user...
2025-11-12 18:16:40.806 [info] Got 0 sessions for read:user...
2025-11-12 18:16:40.807 [info] Getting sessions for user:email...
2025-11-12 18:16:40.807 [info] Got 1 sessions for user:email...
2025-11-12 18:16:43.590 [info] Getting sessions for read:user,repo,user:email,workflow...
2025-11-12 18:16:43.590 [info] Got 0 sessions for read:user,repo,user:email,workflow...
2025-11-12 18:16:43.590 [info] Getting sessions for read:user...
2025-11-12 18:16:43.590 [info] Got 0 sessions for read:user...
2025-11-12 18:16:43.591 [info] Getting sessions for user:email...
2025-11-12 18:16:43.591 [info] Got 1 sessions for user:email...
2025-11-12 18:17:13.151 [info] Getting sessions for read:user,repo,user:email,workflow...
2025-11-12 18:17:13.151 [info] Got 0 sessions for read:user,repo,user:email,workflow...
2025-11-12 18:17:13.203 [info] Getting sessions for read:user...
2025-11-12 18:17:13.203 [info] Got 0 sessions for read:user...
2025-11-12 18:17:13.210 [info] Getting sessions for user:email...
2025-11-12 18:17:13.210 [info] Got 1 sessions for user:email...
2025-11-12 18:17:13.750 [info] Getting sessions for read:user,repo,user:email,workflow...
2025-11-12 18:17:13.750 [info] Got 0 sessions for read:user,repo,user:email,workflow...
2025-11-12 18:17:13.751 [info] Getting sessions for read:user...
2025-11-12 18:17:13.751 [info] Got 0 sessions for read:user...
2025-11-12 18:17:13.752 [info] Getting sessions for user:email...
2025-11-12 18:17:13.752 [info] Got 1 sessions for user:email...
2025-11-12 18:17:14.656 [info] Getting sessions for read:user,repo,user:email,workflow...
2025-11-12 18:17:14.656 [info] Got 0 sessions for read:user,repo,user:email,workflow...
2025-11-12 18:17:14.657 [info] Getting sessions for read:user...
2025-11-12 18:17:14.657 [info] Got 0 sessions for read:user...
2025-11-12 18:17:14.665 [info] Getting sessions for user:email...
2025-11-12 18:17:14.665 [info] Got 1 sessions for user:email...
2025-11-12 18:17:30.429 [info] Getting sessions for read:user,repo,user:email,workflow...
2025-11-12 18:17:30.429 [info] Got 0 sessions for read:user,repo,user:email,workflow...
2025-11-12 18:17:30.433 [info] Getting sessions for read:user...
2025-11-12 18:17:30.433 [info] Got 0 sessions for read:user...
2025-11-12 18:17:30.439 [info] Getting sessions for user:email...
2025-11-12 18:17:30.439 [info] Got 1 sessions for user:email...
2025-11-12 18:17:32.544 [info] Getting sessions for read:user,repo,user:email,workflow...
2025-11-12 18:17:32.544 [info] Got 0 sessions for read:user,repo,user:email,workflow...
2025-11-12 18:17:32.544 [info] Getting sessions for read:user...
2025-11-12 18:17:32.544 [info] Got 0 sessions for read:user...
2025-11-12 18:17:32.545 [info] Getting sessions for user:email...
2025-11-12 18:17:32.545 [info] Got 1 sessions for user:email...
2025-11-12 18:17:32.909 [info] Getting sessions for read:user,repo,user:email,workflow...
2025-11-12 18:17:32.909 [info] Got 0 sessions for read:user,repo,user:email,workflow...
2025-11-12 18:17:32.910 [info] Getting sessions for read:user...
2025-11-12 18:17:32.910 [info] Got 0 sessions for read:user...
2025-11-12 18:17:32.911 [info] Getting sessions for user:email...
2025-11-12 18:17:32.911 [info] Got 1 sessions for user:email...
2025-11-12 18:17:33.401 [info] Getting sessions for read:user,repo,user:email,workflow...
2025-11-12 18:17:33.401 [info] Got 0 sessions for read:user,repo,user:email,workflow...
2025-11-12 18:17:33.402 [info] Getting sessions for read:user...
2025-11-12 18:17:33.402 [info] Got 0 sessions for read:user...
2025-11-12 18:17:33.403 [info] Getting sessions for user:email...
2025-11-12 18:17:33.403 [info] Got 1 sessions for user:email...
2025-11-12 18:17:34.213 [info] Getting sessions for read:user,repo,user:email,workflow...
2025-11-12 18:17:34.213 [info] Got 0 sessions for read:user,repo,user:email,workflow...
2025-11-12 18:17:34.214 [info] Getting sessions for read:user...
2025-11-12 18:17:34.214 [info] Got 0 sessions for read:user...
2025-11-12 18:17:34.215 [info] Getting sessions for user:email...
2025-11-12 18:17:34.215 [info] Got 1 sessions for user:email...
