2025-08-03 01:15:22.413 [info] Reading sessions from keychain...
2025-08-03 01:15:22.413 [info] Getting sessions for all scopes...
2025-08-03 01:15:22.413 [info] Got 0 sessions for ...
2025-08-03 01:15:22.413 [info] Getting sessions for all scopes...
2025-08-03 01:15:22.413 [info] Got 0 sessions for ...
2025-08-03 01:15:22.413 [info] Getting sessions for all scopes...
2025-08-03 01:15:22.413 [info] Got 0 sessions for ...
2025-08-03 01:15:22.413 [info] Getting sessions for read:user,repo,user:email...
2025-08-03 01:15:22.413 [info] Got 0 sessions for read:user,repo,user:email...
2025-08-03 01:15:22.413 [info] Getting sessions for read:user,repo,user:email,workflow...
2025-08-03 01:15:22.413 [info] Got 0 sessions for read:user,repo,user:email,workflow...
2025-08-03 01:15:22.415 [info] Getting sessions for read:user,repo,user:email...
2025-08-03 01:15:22.415 [info] Got 0 sessions for read:user,repo,user:email...
2025-08-03 01:15:23.031 [info] Getting sessions for all scopes...
2025-08-03 01:15:23.031 [info] Got 0 sessions for ...
2025-08-03 01:15:23.032 [info] Getting sessions for all scopes...
2025-08-03 01:15:23.032 [info] Got 0 sessions for ...
2025-08-03 01:15:23.041 [info] Getting sessions for all scopes...
2025-08-03 01:15:23.041 [info] Got 0 sessions for ...
2025-08-03 01:28:42.600 [info] Getting sessions for read:user,repo,user:email...
2025-08-03 01:28:42.600 [info] Got 0 sessions for read:user,repo,user:email...
