2025-12-04 23:27:18.723 [info] [main] Log level: Info
2025-12-04 23:27:18.723 [info] [main] Validating found git in: "git"
2025-12-04 23:27:18.723 [info] [main] Using git "2.52.0" from "git"
2025-12-04 23:27:18.723 [info] [Model][doInitialScan] Initial repository scan started
2025-12-04 23:27:18.723 [info] > git rev-parse --show-toplevel [8ms]
2025-12-04 23:27:18.723 [info] > git rev-parse --git-dir --git-common-dir --show-superproject-working-tree [4ms]
2025-12-04 23:27:18.723 [info] [Model][openRepository] Opened repository (path): /home/user/repos/homelab
2025-12-04 23:27:18.723 [info] [Model][openRepository] Opened repository (real path): /home/user/repos/homelab
2025-12-04 23:27:18.723 [info] [Model][openRepository] Opened repository (kind): repository
2025-12-04 23:27:18.723 [info] > git rev-parse --show-toplevel [5ms]
2025-12-04 23:27:18.723 [info] > git config --get commit.template [11ms]
2025-12-04 23:27:18.723 [info] > git for-each-ref --format=%(refname)%00%(upstream:short)%00%(objectname)%00%(upstream:track)%00%(upstream:remotename)%00%(upstream:remoteref) refs/heads/main refs/remotes/main [2ms]
2025-12-04 23:27:18.723 [info] > git rev-parse --show-toplevel [7ms]
2025-12-04 23:27:18.723 [warning] [Git][revParse] Unable to read file: ENOENT: no such file or directory, open '/home/user/repos/homelab/.git/refs/remotes/origin/main'
2025-12-04 23:27:18.729 [info] > git rev-parse --show-toplevel [35ms]
2025-12-04 23:27:18.729 [info] > git rev-parse refs/remotes/origin/main [40ms]
2025-12-04 23:27:18.749 [info] > git status -z -uall [14ms]
2025-12-04 23:27:18.749 [info] > git for-each-ref --sort -committerdate --format %(refname)%00%(objectname)%00%(*objectname) [9ms]
2025-12-04 23:27:18.780 [info] > git for-each-ref --format=%(refname)%00%(upstream:short)%00%(objectname)%00%(upstream:track)%00%(upstream:remotename)%00%(upstream:remoteref) refs/heads/main refs/remotes/main [9ms]
2025-12-04 23:27:18.786 [info] > git rev-parse --show-toplevel [38ms]
2025-12-04 23:27:18.789 [info] [Model][doInitialScan] Initial repository scan completed - repositories (1), closed repositories (0), parent repositories (0), unsafe repositories (0)
2025-12-04 23:27:18.906 [info] > git config --get --local branch.main.vscode-merge-base [119ms]
2025-12-04 23:27:18.906 [warning] [Git][config] git config failed: Failed to execute git
2025-12-04 23:27:18.911 [info] > git config --get commit.template [132ms]
2025-12-04 23:27:18.942 [info] > git reflog main --grep-reflog=branch: Created from *. [31ms]
2025-12-04 23:27:18.966 [info] > git symbolic-ref --short refs/remotes/origin/HEAD [20ms]
2025-12-04 23:27:18.972 [info] > git for-each-ref --format=%(refname)%00%(upstream:short)%00%(objectname)%00%(upstream:track)%00%(upstream:remotename)%00%(upstream:remoteref) refs/heads/main refs/remotes/main [8ms]
2025-12-04 23:27:18.977 [warning] [Git][revParse] Unable to read file: ENOENT: no such file or directory, open '/home/user/repos/homelab/.git/refs/remotes/origin/main'
2025-12-04 23:27:18.977 [info] > git for-each-ref --format=%(refname)%00%(upstream:short)%00%(objectname)%00%(upstream:track)%00%(upstream:remotename)%00%(upstream:remoteref) refs/heads/origin/main refs/remotes/origin/main [7ms]
2025-12-04 23:27:18.983 [info] > git rev-parse refs/remotes/origin/main [6ms]
2025-12-04 23:27:18.994 [info] > git status -z -uall [6ms]
2025-12-04 23:27:18.994 [info] > git config --add --local branch.main.vscode-merge-base origin/main [12ms]
2025-12-04 23:27:18.995 [info] > git for-each-ref --sort -committerdate --format %(refname)%00%(objectname)%00%(*objectname) [2ms] (cancelled)
2025-12-04 23:27:19.003 [info] > git config --get commit.template [1ms]
2025-12-04 23:27:19.166 [info] > git for-each-ref --format=%(refname)%00%(upstream:short)%00%(objectname)%00%(upstream:track)%00%(upstream:remotename)%00%(upstream:remoteref) refs/heads/main refs/remotes/main [157ms]
2025-12-04 23:27:19.172 [warning] [Git][revParse] Unable to read file: ENOENT: no such file or directory, open '/home/user/repos/homelab/.git/refs/remotes/origin/main'
2025-12-04 23:27:19.185 [info] > git rev-parse refs/remotes/origin/main [14ms]
2025-12-04 23:27:19.319 [info] > git status -z -uall [129ms]
2025-12-04 23:27:19.340 [info] > git for-each-ref --sort -committerdate --format %(refname)%00%(objectname)%00%(*objectname) [146ms]
2025-12-04 23:27:19.356 [info] > git check-ignore -v -z --stdin [30ms]
2025-12-04 23:27:19.357 [info] > git merge-base refs/heads/main refs/remotes/origin/main [5ms]
2025-12-04 23:27:19.362 [info] > git merge-base refs/heads/main refs/remotes/origin/main [15ms]
2025-12-04 23:27:19.371 [info] > git diff --name-status -z --diff-filter=ADMR --find-renames=50% 1dbfcfdd5585975a1b6e665f8c2c9735a35c98f0...refs/remotes/origin/main -- [3ms]
2025-12-04 23:27:19.371 [info] > git diff --name-status -z --diff-filter=ADMR --find-renames=50% 1dbfcfdd5585975a1b6e665f8c2c9735a35c98f0...refs/remotes/origin/main -- [9ms]
2025-12-04 23:27:20.562 [info] > git check-ignore -v -z --stdin [1ms]
2025-12-04 23:27:22.079 [info] > git show --textconv :docs/deploy_k8s.md [9ms]
2025-12-04 23:27:22.081 [info] > git ls-files --stage -- docs/deploy_k8s.md [3ms]
2025-12-04 23:27:22.088 [info] > git cat-file -s 68c2cc92da78582916206b769791f5fdbc90bb3c [1ms]
2025-12-04 23:27:53.295 [info] > git blame --root --incremental 1dbfcfdd5585975a1b6e665f8c2c9735a35c98f0 -- docs/deploy_k8s.md [1ms]
2025-12-04 23:28:09.239 [info] > git show --textconv :docs/deploy_all.md [8ms]
2025-12-04 23:28:09.240 [info] > git ls-files --stage -- docs/deploy_all.md [2ms]
2025-12-04 23:28:09.248 [info] > git cat-file -s 47ad90b01082ad1d06cf861d911bb79b2ff3ab0b [1ms]
2025-12-04 23:28:09.356 [info] > git config --get commit.template [6ms]
2025-12-04 23:28:09.356 [info] > git for-each-ref --format=%(refname)%00%(upstream:short)%00%(objectname)%00%(upstream:track)%00%(upstream:remotename)%00%(upstream:remoteref) refs/heads/main refs/remotes/main [1ms]
2025-12-04 23:28:09.362 [warning] [Git][revParse] Unable to read file: ENOENT: no such file or directory, open '/home/user/repos/homelab/.git/refs/remotes/origin/main'
2025-12-04 23:28:09.363 [info] > git rev-parse refs/remotes/origin/main [1ms]
2025-12-04 23:28:09.377 [info] > git status -z -uall [7ms]
2025-12-04 23:28:09.378 [info] > git for-each-ref --sort -committerdate --format %(refname)%00%(objectname)%00%(*objectname) [2ms]
2025-12-04 23:28:18.616 [info] > git show --textconv :README.md [7ms]
2025-12-04 23:28:18.616 [info] > git ls-files --stage -- README.md [1ms]
2025-12-04 23:28:18.623 [info] > git cat-file -s 0665f22e84100e6d7b76d740c1d4941743fa4f25 [1ms]
2025-12-04 23:28:19.682 [info] > git blame --root --incremental 1dbfcfdd5585975a1b6e665f8c2c9735a35c98f0 -- README.md [2ms]
2025-12-04 23:28:32.155 [info] > git check-ignore -v -z --stdin [1ms]
2025-12-04 23:28:33.461 [info] > git show --textconv :tg_bots/3remem_bot.py [18ms]
2025-12-04 23:28:33.468 [info] > git ls-files --stage -- tg_bots/3remem_bot.py [19ms]
2025-12-04 23:28:33.477 [info] > git cat-file -s ad0c2b22fb03cadc27d65a03c6165ac2cabcb821 [4ms]
2025-12-04 23:28:37.427 [info] > git show --textconv :tg_bots/time_test.py [8ms]
2025-12-04 23:28:37.430 [info] > git ls-files --stage -- tg_bots/time_test.py [4ms]
2025-12-04 23:28:37.437 [info] > git cat-file -s 34d7a1e9f5cce92c2e3261caecaa1c0d0fadb329 [1ms]
2025-12-04 23:28:46.580 [info] > git show --textconv :tg_bots/3remem_bot.py [8ms]
2025-12-04 23:28:46.581 [info] > git ls-files --stage -- tg_bots/3remem_bot.py [2ms]
2025-12-04 23:28:46.589 [info] > git cat-file -s ad0c2b22fb03cadc27d65a03c6165ac2cabcb821 [2ms]
2025-12-04 23:28:47.576 [info] > git show --textconv :tg_bots/7logpere.py [7ms]
2025-12-04 23:28:47.577 [info] > git ls-files --stage -- tg_bots/7logpere.py [2ms]
2025-12-04 23:28:47.585 [info] > git cat-file -s 2f8c0120eeefbe3220fe9a94ef8df80d2c5d1ada [1ms]
2025-12-04 23:28:59.056 [info] > git blame --root --incremental 1dbfcfdd5585975a1b6e665f8c2c9735a35c98f0 -- tg_bots/7logpere.py [1ms]
2025-12-04 23:29:11.641 [info] > git show --textconv :tg_bots/lenses_bot.py [6ms]
2025-12-04 23:29:11.642 [info] > git ls-files --stage -- tg_bots/lenses_bot.py [1ms]
2025-12-04 23:29:11.649 [info] > git cat-file -s 10aac8b81839cd47c436c075c1fee8c89316058a [2ms]
2025-12-04 23:29:15.384 [info] > git show --textconv :tg_bots/7logpere.py [6ms]
2025-12-04 23:29:15.385 [info] > git ls-files --stage -- tg_bots/7logpere.py [1ms]
2025-12-04 23:29:15.393 [info] > git cat-file -s 2f8c0120eeefbe3220fe9a94ef8df80d2c5d1ada [2ms]
2025-12-04 23:29:17.064 [info] > git show --textconv :tg_bots/lenses_bot.py [8ms]
2025-12-04 23:29:17.065 [info] > git ls-files --stage -- tg_bots/lenses_bot.py [2ms]
2025-12-04 23:29:17.073 [info] > git cat-file -s 10aac8b81839cd47c436c075c1fee8c89316058a [1ms]
2025-12-04 23:29:18.865 [info] > git show --textconv :tg_bots/7logpere.py [6ms]
2025-12-04 23:29:18.866 [info] > git ls-files --stage -- tg_bots/7logpere.py [1ms]
2025-12-04 23:29:18.873 [info] > git cat-file -s 2f8c0120eeefbe3220fe9a94ef8df80d2c5d1ada [1ms]
2025-12-04 23:29:19.204 [info] > git show --textconv :tg_bots/3remem_bot.py [7ms]
2025-12-04 23:29:19.205 [info] > git ls-files --stage -- tg_bots/3remem_bot.py [2ms]
2025-12-04 23:29:19.211 [info] > git cat-file -s ad0c2b22fb03cadc27d65a03c6165ac2cabcb821 [1ms]
2025-12-04 23:29:21.811 [info] > git show --textconv :tg_bots/lenses_bot.py [8ms]
2025-12-04 23:29:21.812 [info] > git ls-files --stage -- tg_bots/lenses_bot.py [2ms]
2025-12-04 23:29:21.819 [info] > git cat-file -s 10aac8b81839cd47c436c075c1fee8c89316058a [2ms]
2025-12-04 23:29:23.242 [info] > git show --textconv :tg_bots/7logpere.py [9ms]
2025-12-04 23:29:23.243 [info] > git ls-files --stage -- tg_bots/7logpere.py [2ms]
2025-12-04 23:29:23.251 [info] > git cat-file -s 2f8c0120eeefbe3220fe9a94ef8df80d2c5d1ada [1ms]
2025-12-04 23:29:24.812 [info] > git show --textconv :tg_bots/3remem_bot.py [7ms]
2025-12-04 23:29:24.813 [info] > git ls-files --stage -- tg_bots/3remem_bot.py [2ms]
2025-12-04 23:29:24.827 [info] > git cat-file -s ad0c2b22fb03cadc27d65a03c6165ac2cabcb821 [8ms]
2025-12-04 23:29:25.737 [info] > git show --textconv :tg_bots/7logpere.py [7ms]
2025-12-04 23:29:25.738 [info] > git ls-files --stage -- tg_bots/7logpere.py [2ms]
2025-12-04 23:29:25.744 [info] > git cat-file -s 2f8c0120eeefbe3220fe9a94ef8df80d2c5d1ada [1ms]
2025-12-04 23:29:38.147 [info] > git show --textconv :tg_bots/3remem_bot.py [6ms]
2025-12-04 23:29:38.148 [info] > git ls-files --stage -- tg_bots/3remem_bot.py [1ms]
2025-12-04 23:29:38.154 [info] > git cat-file -s ad0c2b22fb03cadc27d65a03c6165ac2cabcb821 [1ms]
2025-12-04 23:29:38.515 [info] > git blame --root --incremental 1dbfcfdd5585975a1b6e665f8c2c9735a35c98f0 -- tg_bots/3remem_bot.py [2ms]
2025-12-04 23:29:41.609 [info] > git show --textconv :tg_bots/7logpere.py [6ms]
2025-12-04 23:29:41.610 [info] > git ls-files --stage -- tg_bots/7logpere.py [1ms]
2025-12-04 23:29:41.616 [info] > git cat-file -s 2f8c0120eeefbe3220fe9a94ef8df80d2c5d1ada [1ms]
2025-12-04 23:29:43.059 [info] > git show --textconv :tg_bots/lenses_bot.py [7ms]
2025-12-04 23:29:43.060 [info] > git ls-files --stage -- tg_bots/lenses_bot.py [1ms]
2025-12-04 23:29:43.067 [info] > git cat-file -s 10aac8b81839cd47c436c075c1fee8c89316058a [1ms]
2025-12-04 23:29:43.519 [info] > git blame --root --incremental 1dbfcfdd5585975a1b6e665f8c2c9735a35c98f0 -- tg_bots/lenses_bot.py [2ms]
2025-12-04 23:29:45.539 [info] > git show --textconv :README.md [7ms]
2025-12-04 23:29:45.540 [info] > git ls-files --stage -- README.md [1ms]
2025-12-04 23:29:45.547 [info] > git cat-file -s 0665f22e84100e6d7b76d740c1d4941743fa4f25 [2ms]
2025-12-04 23:29:47.929 [info] > git config --get commit.template [8ms]
2025-12-04 23:29:47.930 [info] > git for-each-ref --format=%(refname)%00%(upstream:short)%00%(objectname)%00%(upstream:track)%00%(upstream:remotename)%00%(upstream:remoteref) refs/heads/main refs/remotes/main [2ms]
2025-12-04 23:29:47.935 [warning] [Git][revParse] Unable to read file: ENOENT: no such file or directory, open '/home/user/repos/homelab/.git/refs/remotes/origin/main'
2025-12-04 23:29:47.936 [info] > git rev-parse refs/remotes/origin/main [1ms]
2025-12-04 23:29:47.947 [info] > git status -z -uall [6ms]
2025-12-04 23:29:47.948 [info] > git for-each-ref --sort -committerdate --format %(refname)%00%(objectname)%00%(*objectname) [1ms]
2025-12-04 23:29:48.273 [info] > git show --textconv :tg_bots/lenses_bot.py [9ms]
2025-12-04 23:29:48.274 [info] > git ls-files --stage -- tg_bots/lenses_bot.py [4ms]
2025-12-04 23:29:48.282 [info] > git cat-file -s 10aac8b81839cd47c436c075c1fee8c89316058a [2ms]
2025-12-04 23:29:48.838 [info] > git show --textconv :tg_bots/7logpere.py [7ms]
2025-12-04 23:29:48.840 [info] > git ls-files --stage -- tg_bots/7logpere.py [2ms]
2025-12-04 23:29:48.846 [info] > git cat-file -s 2f8c0120eeefbe3220fe9a94ef8df80d2c5d1ada [1ms]
2025-12-04 23:29:49.280 [info] > git show --textconv :tg_bots/3remem_bot.py [8ms]
2025-12-04 23:29:49.281 [info] > git ls-files --stage -- tg_bots/3remem_bot.py [2ms]
2025-12-04 23:29:49.288 [info] > git cat-file -s ad0c2b22fb03cadc27d65a03c6165ac2cabcb821 [1ms]
2025-12-04 23:29:52.964 [info] > git config --get commit.template [7ms]
2025-12-04 23:29:52.964 [info] > git for-each-ref --format=%(refname)%00%(upstream:short)%00%(objectname)%00%(upstream:track)%00%(upstream:remotename)%00%(upstream:remoteref) refs/heads/main refs/remotes/main [1ms]
2025-12-04 23:29:52.970 [warning] [Git][revParse] Unable to read file: ENOENT: no such file or directory, open '/home/user/repos/homelab/.git/refs/remotes/origin/main'
2025-12-04 23:29:52.971 [info] > git rev-parse refs/remotes/origin/main [1ms]
2025-12-04 23:29:52.982 [info] > git status -z -uall [6ms]
2025-12-04 23:29:52.982 [info] > git for-each-ref --sort -committerdate --format %(refname)%00%(objectname)%00%(*objectname) [1ms]
2025-12-04 23:29:53.211 [info] > git ls-files --stage -- tg_bots/3remem_bot.py [1ms]
2025-12-04 23:29:53.218 [info] > git cat-file -s ad0c2b22fb03cadc27d65a03c6165ac2cabcb821 [2ms]
2025-12-04 23:29:53.226 [info] > git show --textconv :tg_bots/3remem_bot.py [1ms]
2025-12-04 23:29:53.969 [info] > git config --get commit.template [2ms]
2025-12-04 23:29:53.977 [info] > git for-each-ref --format=%(refname)%00%(upstream:short)%00%(objectname)%00%(upstream:track)%00%(upstream:remotename)%00%(upstream:remoteref) refs/heads/main refs/remotes/main [2ms]
2025-12-04 23:29:53.983 [warning] [Git][revParse] Unable to read file: ENOENT: no such file or directory, open '/home/user/repos/homelab/.git/refs/remotes/origin/main'
2025-12-04 23:29:53.984 [info] > git rev-parse refs/remotes/origin/main [1ms]
2025-12-04 23:29:53.998 [info] > git status -z -uall [7ms]
2025-12-04 23:29:53.999 [info] > git for-each-ref --sort -committerdate --format %(refname)%00%(objectname)%00%(*objectname) [2ms]
2025-12-04 23:29:54.315 [info] > git show --textconv HEAD:tg_bots/3remem_bot.py [7ms]
2025-12-04 23:29:54.315 [info] > git ls-tree -l HEAD -- tg_bots/3remem_bot.py [1ms]
2025-12-04 23:29:55.140 [info] > git ls-files --stage -- tg_bots/3remem_bot.py [7ms]
2025-12-04 23:29:55.146 [info] > git ls-tree -l HEAD -- tg_bots/3remem_bot.py [7ms]
2025-12-04 23:29:55.147 [info] > git cat-file -s 86ad2e09908c36225cd4b1eb42a3baf00500e22d [1ms]
2025-12-04 23:29:55.160 [info] > git show --textconv HEAD:tg_bots/3remem_bot.py [7ms]
2025-12-04 23:29:55.161 [info] > git show --textconv :tg_bots/3remem_bot.py [2ms]
2025-12-04 23:29:57.997 [info] > git config --get commit.template [6ms]
2025-12-04 23:29:57.997 [info] > git for-each-ref --format=%(refname)%00%(upstream:short)%00%(objectname)%00%(upstream:track)%00%(upstream:remotename)%00%(upstream:remoteref) refs/heads/main refs/remotes/main [1ms]
2025-12-04 23:29:58.002 [warning] [Git][revParse] Unable to read file: ENOENT: no such file or directory, open '/home/user/repos/homelab/.git/refs/remotes/origin/main'
2025-12-04 23:29:58.003 [info] > git rev-parse refs/remotes/origin/main [1ms]
2025-12-04 23:29:58.014 [info] > git status -z -uall [6ms]
2025-12-04 23:29:58.015 [info] > git for-each-ref --sort -committerdate --format %(refname)%00%(objectname)%00%(*objectname) [1ms]
2025-12-04 23:30:01.109 [info] > git config --get commit.template [2ms]
2025-12-04 23:30:01.117 [info] > git for-each-ref --format=%(refname)%00%(upstream:short)%00%(objectname)%00%(upstream:track)%00%(upstream:remotename)%00%(upstream:remoteref) refs/heads/main refs/remotes/main [2ms]
2025-12-04 23:30:01.124 [warning] [Git][revParse] Unable to read file: ENOENT: no such file or directory, open '/home/user/repos/homelab/.git/refs/remotes/origin/main'
2025-12-04 23:30:01.126 [info] > git rev-parse refs/remotes/origin/main [2ms]
2025-12-04 23:30:01.139 [info] > git status -z -uall [7ms]
2025-12-04 23:30:01.140 [info] > git for-each-ref --sort -committerdate --format %(refname)%00%(objectname)%00%(*objectname) [2ms]
2025-12-04 23:30:01.156 [info] > git blame --root --incremental 6db369be240d02906f4e0da6e303be73e98ece2d -- tg_bots/3remem_bot.py [8ms]
2025-12-04 23:30:01.164 [info] > git merge-base refs/heads/main refs/remotes/origin/main [9ms]
2025-12-04 23:30:01.172 [info] > git diff --name-status -z --diff-filter=ADMR --find-renames=50% 1dbfcfdd5585975a1b6e665f8c2c9735a35c98f0...refs/remotes/origin/main -- [2ms]
2025-12-04 23:30:02.282 [info] > git ls-files --stage -- tg_bots/3remem_bot.py [1ms]
2025-12-04 23:30:02.288 [info] > git cat-file -s 86ad2e09908c36225cd4b1eb42a3baf00500e22d [2ms]
2025-12-04 23:30:02.296 [info] > git show --textconv :tg_bots/3remem_bot.py [1ms]
2025-12-04 23:30:03.030 [info] > git config --get commit.template [5ms]
2025-12-04 23:30:03.031 [info] > git for-each-ref --format=%(refname)%00%(upstream:short)%00%(objectname)%00%(upstream:track)%00%(upstream:remotename)%00%(upstream:remoteref) refs/heads/main refs/remotes/main [1ms]
2025-12-04 23:30:03.035 [warning] [Git][revParse] Unable to read file: ENOENT: no such file or directory, open '/home/user/repos/homelab/.git/refs/remotes/origin/main'
2025-12-04 23:30:03.036 [info] > git rev-parse refs/remotes/origin/main [1ms]
2025-12-04 23:30:03.048 [info] > git status -z -uall [6ms]
2025-12-04 23:30:03.049 [info] > git for-each-ref --sort -committerdate --format %(refname)%00%(objectname)%00%(*objectname) [1ms]
2025-12-04 23:30:22.085 [info] > git config --get commit.template [9ms]
2025-12-04 23:30:22.085 [info] > git for-each-ref --format=%(refname)%00%(upstream:short)%00%(objectname)%00%(upstream:track)%00%(upstream:remotename)%00%(upstream:remoteref) refs/heads/main refs/remotes/main [2ms]
2025-12-04 23:30:22.101 [info] > git status -z -uall [9ms]
2025-12-04 23:30:22.102 [info] > git for-each-ref --sort -committerdate --format %(refname)%00%(objectname)%00%(*objectname) [3ms]
2025-12-04 23:30:22.114 [info] > git merge-base refs/heads/main refs/remotes/origin/main [3ms]
2025-12-04 23:30:22.122 [info] > git diff --name-status -z --diff-filter=ADMR --find-renames=50% 6db369be240d02906f4e0da6e303be73e98ece2d...refs/remotes/origin/main -- [1ms]
2025-12-04 23:30:23.151 [info] > git config --get commit.template [7ms]
2025-12-04 23:30:23.152 [info] > git for-each-ref --format=%(refname)%00%(upstream:short)%00%(objectname)%00%(upstream:track)%00%(upstream:remotename)%00%(upstream:remoteref) refs/heads/main refs/remotes/main [2ms]
2025-12-04 23:30:23.165 [info] > git status -z -uall [8ms]
2025-12-04 23:30:23.166 [info] > git for-each-ref --sort -committerdate --format %(refname)%00%(objectname)%00%(*objectname) [2ms]
2025-12-04 23:30:23.246 [info] > git ls-files --stage -- tg_bots/3remem_bot.py [1ms]
2025-12-04 23:30:23.255 [info] > git cat-file -s 86ad2e09908c36225cd4b1eb42a3baf00500e22d [1ms]
2025-12-04 23:30:23.263 [info] > git show --textconv :tg_bots/3remem_bot.py [2ms]
2025-12-04 23:30:41.846 [info] > git check-ignore -v -z --stdin [1ms]
2025-12-04 23:30:42.721 [info] > git show --textconv :lenses/Dockerfile [7ms]
2025-12-04 23:30:42.721 [info] > git ls-files --stage -- lenses/Dockerfile [1ms]
2025-12-04 23:30:42.728 [info] > git cat-file -s bfde808d5eda3d128ad4b18095e7104426ec16a2 [1ms]
2025-12-04 23:30:43.489 [info] > git show --textconv :lenses/docker-compose.yaml [6ms]
2025-12-04 23:30:43.490 [info] > git ls-files --stage -- lenses/docker-compose.yaml [1ms]
2025-12-04 23:30:43.497 [info] > git cat-file -s dce7ac5d8c1a1049a0b95f895e7a3b03d4bfa0ed [2ms]
2025-12-04 23:30:44.728 [info] > git show --textconv :lenses/Dockerfile [8ms]
2025-12-04 23:30:44.729 [info] > git ls-files --stage -- lenses/Dockerfile [2ms]
2025-12-04 23:30:44.735 [info] > git cat-file -s bfde808d5eda3d128ad4b18095e7104426ec16a2 [1ms]
2025-12-04 23:30:46.267 [info] > git show --textconv :lenses/docker-compose.yaml [9ms]
2025-12-04 23:30:46.268 [info] > git ls-files --stage -- lenses/docker-compose.yaml [2ms]
2025-12-04 23:30:46.275 [info] > git cat-file -s dce7ac5d8c1a1049a0b95f895e7a3b03d4bfa0ed [1ms]
2025-12-04 23:30:46.950 [info] > git check-ignore -v -z --stdin [1ms]
2025-12-04 23:30:48.208 [info] > git show --textconv :lenses/app/lenses_bot.py [7ms]
2025-12-04 23:30:48.208 [info] > git ls-files --stage -- lenses/app/lenses_bot.py [1ms]
2025-12-04 23:30:48.216 [info] > git cat-file -s 4cf95ee9664db202aca40e2a32613b0a93e6a112 [2ms]
2025-12-04 23:30:53.862 [info] > git show --textconv :.gitignore [9ms]
2025-12-04 23:30:53.863 [info] > git ls-files --stage -- .gitignore [2ms]
2025-12-04 23:30:53.870 [info] > git cat-file -s 1ccb922d22461e03c18a4dc256caeeb6f6a97984 [2ms]
2025-12-04 23:34:12.743 [info] > git blame --root --incremental 6db369be240d02906f4e0da6e303be73e98ece2d -- .gitignore [2ms]
2025-12-04 23:34:30.966 [info] > git check-ignore -v -z --stdin [1ms]
2025-12-04 23:34:31.544 [info] > git config --get commit.template [7ms]
2025-12-04 23:34:31.544 [info] > git for-each-ref --format=%(refname)%00%(upstream:short)%00%(objectname)%00%(upstream:track)%00%(upstream:remotename)%00%(upstream:remoteref) refs/heads/main refs/remotes/main [1ms]
2025-12-04 23:34:31.558 [info] > git status -z -uall [6ms]
2025-12-04 23:34:31.559 [info] > git for-each-ref --sort -committerdate --format %(refname)%00%(objectname)%00%(*objectname) [2ms]
2025-12-04 23:34:38.643 [info] > git show --textconv :lenses/app/example.env [7ms]
2025-12-04 23:34:38.645 [info] > git ls-files --stage -- lenses/app/example.env [2ms]
2025-12-04 23:34:38.651 [info] > git cat-file -s 6a0a209c0d08b46fbbb650be482d07354ee21893 [1ms]
2025-12-04 23:34:43.039 [info] > git show --textconv :lenses/app/lenses_bot.py [7ms]
2025-12-04 23:34:43.040 [info] > git ls-files --stage -- lenses/app/lenses_bot.py [2ms]
2025-12-04 23:34:43.047 [info] > git cat-file -s 4cf95ee9664db202aca40e2a32613b0a93e6a112 [1ms]
2025-12-04 23:34:45.167 [info] > git show --textconv :lenses/app/requirements.txt [11ms]
2025-12-04 23:34:45.167 [info] > git ls-files --stage -- lenses/app/requirements.txt [2ms]
2025-12-04 23:34:45.173 [info] > git cat-file -s 8cc3c983e2ce7be1398582d7e5475e8314c326ad [1ms]
2025-12-04 23:34:47.896 [info] > git show --textconv :lenses/app/example.env [6ms]
2025-12-04 23:34:47.897 [info] > git ls-files --stage -- lenses/app/example.env [1ms]
2025-12-04 23:34:47.903 [info] > git cat-file -s 6a0a209c0d08b46fbbb650be482d07354ee21893 [1ms]
2025-12-04 23:34:48.530 [info] > git show --textconv :lenses/app/lenses_bot.py [6ms]
2025-12-04 23:34:48.531 [info] > git ls-files --stage -- lenses/app/lenses_bot.py [1ms]
2025-12-04 23:34:48.538 [info] > git cat-file -s 4cf95ee9664db202aca40e2a32613b0a93e6a112 [1ms]
2025-12-04 23:34:57.024 [info] > git blame --root --incremental 6db369be240d02906f4e0da6e303be73e98ece2d -- lenses/app/lenses_bot.py [2ms]
2025-12-04 23:35:19.296 [info] > git show --textconv :status_collector/main.py [6ms]
2025-12-04 23:35:19.301 [info] > git ls-files --stage -- status_collector/main.py [6ms]
2025-12-04 23:35:19.306 [info] > git hash-object -t tree /dev/null [5ms]
2025-12-04 23:35:19.306 [warning] [GitFileSystemProvider][readFile] File not found - git:/home/user/repos/homelab/status_collector/main.py.git?%7B%22path%22%3A%22%2Fhome%2Fuser%2Frepos%2Fhomelab%2Fstatus_collector%2Fmain.py%22%2C%22ref%22%3A%22%22%7D
2025-12-04 23:35:19.308 [info] > git hash-object -t tree /dev/null [2ms]
2025-12-04 23:35:19.308 [warning] [GitFileSystemProvider][stat] File not found - git:/home/user/repos/homelab/status_collector/main.py.git?%7B%22path%22%3A%22%2Fhome%2Fuser%2Frepos%2Fhomelab%2Fstatus_collector%2Fmain.py%22%2C%22ref%22%3A%22%22%7D
2025-12-04 23:35:19.552 [info] > git blame --root --incremental 6db369be240d02906f4e0da6e303be73e98ece2d -- status_collector/main.py [2ms]
2025-12-04 23:35:19.552 [info] fatal: no such path status_collector/main.py in 6db369be240d02906f4e0da6e303be73e98ece2d
2025-12-04 23:35:19.575 [info] > git check-ignore -v -z --stdin [1ms]
2025-12-04 23:35:20.151 [info] > git config --get commit.template [6ms]
2025-12-04 23:35:20.152 [info] > git for-each-ref --format=%(refname)%00%(upstream:short)%00%(objectname)%00%(upstream:track)%00%(upstream:remotename)%00%(upstream:remoteref) refs/heads/main refs/remotes/main [1ms]
2025-12-04 23:35:20.175 [info] > git status -z -uall [18ms]
2025-12-04 23:35:20.177 [info] > git for-each-ref --sort -committerdate --format %(refname)%00%(objectname)%00%(*objectname) [15ms]
2025-12-04 23:35:35.855 [info] > git show --textconv :status_collector/.env [7ms]
2025-12-04 23:35:35.856 [warning] [GitFileSystemProvider][readFile] File not found - git:/home/user/repos/homelab/status_collector/.env.git?%7B%22path%22%3A%22%2Fhome%2Fuser%2Frepos%2Fhomelab%2Fstatus_collector%2F.env%22%2C%22ref%22%3A%22%22%7D
2025-12-04 23:35:35.857 [info] > git ls-files --stage -- status_collector/.env [2ms]
2025-12-04 23:35:35.857 [warning] [GitFileSystemProvider][stat] File not found - git:/home/user/repos/homelab/status_collector/.env.git?%7B%22path%22%3A%22%2Fhome%2Fuser%2Frepos%2Fhomelab%2Fstatus_collector%2F.env%22%2C%22ref%22%3A%22%22%7D
2025-12-04 23:35:36.133 [info] > git check-ignore -v -z --stdin [1ms]
2025-12-04 23:35:36.694 [info] > git config --get commit.template [1ms]
2025-12-04 23:35:36.701 [info] > git for-each-ref --format=%(refname)%00%(upstream:short)%00%(objectname)%00%(upstream:track)%00%(upstream:remotename)%00%(upstream:remoteref) refs/heads/main refs/remotes/main [1ms]
2025-12-04 23:35:36.712 [info] > git status -z -uall [5ms]
2025-12-04 23:35:36.712 [info] > git for-each-ref --sort -committerdate --format %(refname)%00%(objectname)%00%(*objectname) [1ms]
2025-12-04 23:35:40.728 [info] > git show --textconv :status_collector/.env [8ms]
2025-12-04 23:35:40.728 [warning] [GitFileSystemProvider][readFile] File not found - git:/home/user/repos/homelab/status_collector/.env.git?%7B%22path%22%3A%22%2Fhome%2Fuser%2Frepos%2Fhomelab%2Fstatus_collector%2F.env%22%2C%22ref%22%3A%22%22%7D
2025-12-04 23:35:40.729 [info] > git ls-files --stage -- status_collector/.env [2ms]
2025-12-04 23:35:40.729 [warning] [GitFileSystemProvider][stat] File not found - git:/home/user/repos/homelab/status_collector/.env.git?%7B%22path%22%3A%22%2Fhome%2Fuser%2Frepos%2Fhomelab%2Fstatus_collector%2F.env%22%2C%22ref%22%3A%22%22%7D
2025-12-04 23:35:41.154 [info] > git blame --root --incremental 6db369be240d02906f4e0da6e303be73e98ece2d -- status_collector/.env [2ms]
2025-12-04 23:35:41.154 [info] fatal: no such path status_collector/.env in 6db369be240d02906f4e0da6e303be73e98ece2d
2025-12-04 23:35:45.763 [info] > git config --get commit.template [8ms]
2025-12-04 23:35:45.763 [info] > git for-each-ref --format=%(refname)%00%(upstream:short)%00%(objectname)%00%(upstream:track)%00%(upstream:remotename)%00%(upstream:remoteref) refs/heads/main refs/remotes/main [1ms]
2025-12-04 23:35:45.777 [info] > git status -z -uall [7ms]
2025-12-04 23:35:45.778 [info] > git for-each-ref --sort -committerdate --format %(refname)%00%(objectname)%00%(*objectname) [2ms]
2025-12-04 23:35:48.303 [info] > git check-ignore -v -z --stdin [2ms]
2025-12-04 23:35:50.649 [info] > git show --textconv :k8s/lenses.yaml [7ms]
2025-12-04 23:35:50.650 [info] > git ls-files --stage -- k8s/lenses.yaml [2ms]
2025-12-04 23:35:50.657 [info] > git cat-file -s 83f90db3c53b01fcf87501086593772e9864d450 [2ms]
2025-12-04 23:36:11.885 [info] > git show --textconv :lenses/app/example.env [7ms]
2025-12-04 23:36:11.885 [info] > git ls-files --stage -- lenses/app/example.env [1ms]
2025-12-04 23:36:11.891 [info] > git cat-file -s 6a0a209c0d08b46fbbb650be482d07354ee21893 [1ms]
2025-12-04 23:36:13.474 [info] > git show --textconv :lenses/app/lenses_bot.py [8ms]
2025-12-04 23:36:13.475 [info] > git ls-files --stage -- lenses/app/lenses_bot.py [2ms]
2025-12-04 23:36:13.482 [info] > git cat-file -s 4cf95ee9664db202aca40e2a32613b0a93e6a112 [1ms]
2025-12-04 23:36:32.503 [info] > git show --textconv :status_collector/.env [7ms]
2025-12-04 23:36:32.504 [warning] [GitFileSystemProvider][readFile] File not found - git:/home/user/repos/homelab/status_collector/.env.git?%7B%22path%22%3A%22%2Fhome%2Fuser%2Frepos%2Fhomelab%2Fstatus_collector%2F.env%22%2C%22ref%22%3A%22%22%7D
2025-12-04 23:36:32.504 [info] > git ls-files --stage -- status_collector/.env [1ms]
2025-12-04 23:36:32.505 [warning] [GitFileSystemProvider][stat] File not found - git:/home/user/repos/homelab/status_collector/.env.git?%7B%22path%22%3A%22%2Fhome%2Fuser%2Frepos%2Fhomelab%2Fstatus_collector%2F.env%22%2C%22ref%22%3A%22%22%7D
2025-12-04 23:41:49.592 [info] > git config --get commit.template [5ms]
2025-12-04 23:41:49.593 [info] > git for-each-ref --format=%(refname)%00%(upstream:short)%00%(objectname)%00%(upstream:track)%00%(upstream:remotename)%00%(upstream:remoteref) refs/heads/main refs/remotes/main [2ms]
2025-12-04 23:41:49.604 [info] > git status -z -uall [6ms]
2025-12-04 23:41:49.605 [info] > git for-each-ref --sort -committerdate --format %(refname)%00%(objectname)%00%(*objectname) [1ms]
2025-12-04 23:42:43.220 [info] > git show --textconv :status_collector/.env [8ms]
2025-12-04 23:42:43.220 [warning] [GitFileSystemProvider][readFile] File not found - git:/home/user/repos/homelab/status_collector/.env.git?%7B%22path%22%3A%22%2Fhome%2Fuser%2Frepos%2Fhomelab%2Fstatus_collector%2F.env%22%2C%22ref%22%3A%22%22%7D
2025-12-04 23:42:43.221 [info] > git ls-files --stage -- status_collector/.env [2ms]
2025-12-04 23:42:43.221 [warning] [GitFileSystemProvider][stat] File not found - git:/home/user/repos/homelab/status_collector/.env.git?%7B%22path%22%3A%22%2Fhome%2Fuser%2Frepos%2Fhomelab%2Fstatus_collector%2F.env%22%2C%22ref%22%3A%22%22%7D
2025-12-04 23:42:44.898 [info] > git show --textconv :status_collector/.env copy [8ms]
2025-12-04 23:42:44.898 [warning] [GitFileSystemProvider][readFile] File not found - git:/home/user/repos/homelab/status_collector/.env%20copy.git?%7B%22path%22%3A%22%2Fhome%2Fuser%2Frepos%2Fhomelab%2Fstatus_collector%2F.env%20copy%22%2C%22ref%22%3A%22%22%7D
2025-12-04 23:42:44.899 [info] > git ls-files --stage -- status_collector/.env copy [2ms]
2025-12-04 23:42:44.899 [warning] [GitFileSystemProvider][stat] File not found - git:/home/user/repos/homelab/status_collector/.env%20copy.git?%7B%22path%22%3A%22%2Fhome%2Fuser%2Frepos%2Fhomelab%2Fstatus_collector%2F.env%20copy%22%2C%22ref%22%3A%22%22%7D
2025-12-04 23:42:45.166 [info] > git check-ignore -v -z --stdin [1ms]
2025-12-04 23:42:45.743 [info] > git config --get commit.template [7ms]
2025-12-04 23:42:45.744 [info] > git for-each-ref --format=%(refname)%00%(upstream:short)%00%(objectname)%00%(upstream:track)%00%(upstream:remotename)%00%(upstream:remoteref) refs/heads/main refs/remotes/main [1ms]
2025-12-04 23:42:45.756 [info] > git status -z -uall [6ms]
2025-12-04 23:42:45.757 [info] > git for-each-ref --sort -committerdate --format %(refname)%00%(objectname)%00%(*objectname) [2ms]
2025-12-04 23:42:51.145 [info] > git show --textconv :status_collector/example.env [6ms]
2025-12-04 23:42:51.145 [warning] [GitFileSystemProvider][readFile] File not found - git:/home/user/repos/homelab/status_collector/example.env.git?%7B%22path%22%3A%22%2Fhome%2Fuser%2Frepos%2Fhomelab%2Fstatus_collector%2Fexample.env%22%2C%22ref%22%3A%22%22%7D
2025-12-04 23:42:51.146 [info] > git ls-files --stage -- status_collector/example.env [1ms]
2025-12-04 23:42:51.146 [warning] [GitFileSystemProvider][stat] File not found - git:/home/user/repos/homelab/status_collector/example.env.git?%7B%22path%22%3A%22%2Fhome%2Fuser%2Frepos%2Fhomelab%2Fstatus_collector%2Fexample.env%22%2C%22ref%22%3A%22%22%7D
2025-12-04 23:42:51.433 [info] > git check-ignore -v -z --stdin [1ms]
2025-12-04 23:42:51.673 [info] > git blame --root --incremental 6db369be240d02906f4e0da6e303be73e98ece2d -- status_collector/example.env [2ms]
2025-12-04 23:42:51.673 [info] fatal: no such path status_collector/example.env in 6db369be240d02906f4e0da6e303be73e98ece2d
2025-12-04 23:42:51.975 [info] > git config --get commit.template [1ms]
2025-12-04 23:42:51.982 [info] > git for-each-ref --format=%(refname)%00%(upstream:short)%00%(objectname)%00%(upstream:track)%00%(upstream:remotename)%00%(upstream:remoteref) refs/heads/main refs/remotes/main [1ms]
2025-12-04 23:42:51.995 [info] > git status -z -uall [7ms]
2025-12-04 23:42:51.996 [info] > git for-each-ref --sort -committerdate --format %(refname)%00%(objectname)%00%(*objectname) [2ms]
2025-12-04 23:42:54.453 [info] > git config --get commit.template [2ms]
2025-12-04 23:42:54.461 [info] > git for-each-ref --format=%(refname)%00%(upstream:short)%00%(objectname)%00%(upstream:track)%00%(upstream:remotename)%00%(upstream:remoteref) refs/heads/main refs/remotes/main [2ms]
2025-12-04 23:42:54.475 [info] > git status -z -uall [7ms]
2025-12-04 23:42:54.476 [info] > git for-each-ref --sort -committerdate --format %(refname)%00%(objectname)%00%(*objectname) [2ms]
2025-12-04 23:42:54.805 [info] > git show --textconv :status_collector/example.env [19ms]
2025-12-04 23:42:54.805 [info] > git show --textconv HEAD:status_collector/example.env [14ms]
2025-12-04 23:42:54.805 [info] > git ls-files --stage -- status_collector/example.env [8ms]
2025-12-04 23:42:54.812 [warning] [GitFileSystemProvider][readFile] File not found - git:/home/user/repos/homelab/status_collector/example.env.git?%7B%22path%22%3A%22%2Fhome%2Fuser%2Frepos%2Fhomelab%2Fstatus_collector%2Fexample.env%22%2C%22ref%22%3A%22HEAD%22%7D
2025-12-04 23:42:54.813 [info] > git cat-file -s 56ed71e95ebc8eb94bb624a6a687e8ff3c422eab [2ms]
2025-12-04 23:42:54.814 [info] > git ls-tree -l HEAD -- status_collector/example.env [10ms]
2025-12-04 23:42:54.814 [warning] [GitFileSystemProvider][stat] File not found - git:/home/user/repos/homelab/status_collector/example.env.git?%7B%22path%22%3A%22%2Fhome%2Fuser%2Frepos%2Fhomelab%2Fstatus_collector%2Fexample.env%22%2C%22ref%22%3A%22HEAD%22%7D
2025-12-04 23:42:55.612 [info] > git ls-files --stage -- status_collector/example.env [0ms]
2025-12-04 23:42:55.618 [info] > git cat-file -s 56ed71e95ebc8eb94bb624a6a687e8ff3c422eab [1ms]
2025-12-04 23:42:55.626 [info] > git show --textconv :status_collector/example.env [2ms]
2025-12-04 23:42:57.012 [info] > git config --get commit.template [6ms]
2025-12-04 23:42:57.013 [info] > git for-each-ref --format=%(refname)%00%(upstream:short)%00%(objectname)%00%(upstream:track)%00%(upstream:remotename)%00%(upstream:remoteref) refs/heads/main refs/remotes/main [1ms]
2025-12-04 23:42:57.025 [info] > git status -z -uall [6ms]
2025-12-04 23:42:57.026 [info] > git for-each-ref --sort -committerdate --format %(refname)%00%(objectname)%00%(*objectname) [1ms]
2025-12-04 23:43:19.785 [info] > git config --get commit.template [1ms]
2025-12-04 23:43:19.794 [info] > git for-each-ref --format=%(refname)%00%(upstream:short)%00%(objectname)%00%(upstream:track)%00%(upstream:remotename)%00%(upstream:remoteref) refs/heads/main refs/remotes/main [2ms]
2025-12-04 23:43:19.810 [info] > git status -z -uall [8ms]
2025-12-04 23:43:19.811 [info] > git for-each-ref --sort -committerdate --format %(refname)%00%(objectname)%00%(*objectname) [2ms]
2025-12-04 23:43:19.832 [info] > git blame --root --incremental f608de892ecb33b9d4469f9bd330f05eefbc4b08 -- status_collector/example.env [11ms]
2025-12-04 23:43:19.840 [info] > git merge-base refs/heads/main refs/remotes/origin/main [10ms]
2025-12-04 23:43:19.848 [info] > git diff --name-status -z --diff-filter=ADMR --find-renames=50% 6db369be240d02906f4e0da6e303be73e98ece2d...refs/remotes/origin/main -- [2ms]
2025-12-04 23:43:20.858 [info] > git config --get commit.template [5ms]
2025-12-04 23:43:20.859 [info] > git for-each-ref --format=%(refname)%00%(upstream:short)%00%(objectname)%00%(upstream:track)%00%(upstream:remotename)%00%(upstream:remoteref) refs/heads/main refs/remotes/main [1ms]
2025-12-04 23:43:20.871 [info] > git status -z -uall [5ms]
2025-12-04 23:43:20.871 [info] > git for-each-ref --sort -committerdate --format %(refname)%00%(objectname)%00%(*objectname) [1ms]
2025-12-04 23:43:20.956 [info] > git ls-files --stage -- status_collector/example.env [1ms]
2025-12-04 23:43:20.962 [info] > git cat-file -s 56ed71e95ebc8eb94bb624a6a687e8ff3c422eab [1ms]
2025-12-04 23:43:20.970 [info] > git show --textconv :status_collector/example.env [1ms]
2025-12-04 23:43:25.705 [info] > git config --get commit.template [7ms]
2025-12-04 23:43:25.706 [info] > git for-each-ref --format=%(refname)%00%(upstream:short)%00%(objectname)%00%(upstream:track)%00%(upstream:remotename)%00%(upstream:remoteref) refs/heads/main refs/remotes/main [1ms]
2025-12-04 23:43:25.721 [info] > git status -z -uall [8ms]
2025-12-04 23:43:25.721 [info] > git for-each-ref --sort -committerdate --format %(refname)%00%(objectname)%00%(*objectname) [1ms]
2025-12-04 23:43:25.733 [info] > git merge-base refs/heads/main refs/remotes/origin/main [2ms]
2025-12-04 23:43:25.739 [info] > git diff --name-status -z --diff-filter=ADMR --find-renames=50% f608de892ecb33b9d4469f9bd330f05eefbc4b08...refs/remotes/origin/main -- [1ms]
2025-12-04 23:43:26.774 [info] > git config --get commit.template [7ms]
2025-12-04 23:43:26.775 [info] > git for-each-ref --format=%(refname)%00%(upstream:short)%00%(objectname)%00%(upstream:track)%00%(upstream:remotename)%00%(upstream:remoteref) refs/heads/main refs/remotes/main [2ms]
2025-12-04 23:43:26.787 [info] > git status -z -uall [7ms]
2025-12-04 23:43:26.788 [info] > git for-each-ref --sort -committerdate --format %(refname)%00%(objectname)%00%(*objectname) [2ms]
2025-12-04 23:43:26.868 [info] > git ls-files --stage -- status_collector/example.env [1ms]
2025-12-04 23:43:26.875 [info] > git cat-file -s 56ed71e95ebc8eb94bb624a6a687e8ff3c422eab [1ms]
2025-12-04 23:43:26.883 [info] > git show --textconv :status_collector/example.env [1ms]
2025-12-04 23:43:37.379 [info] > git show --textconv :tg_bots/3remem_bot.py [7ms]
2025-12-04 23:43:37.380 [info] > git ls-files --stage -- tg_bots/3remem_bot.py [1ms]
2025-12-04 23:43:37.386 [info] > git cat-file -s 86ad2e09908c36225cd4b1eb42a3baf00500e22d [1ms]
2025-12-04 23:43:37.398 [info] > git blame --root --incremental f608de892ecb33b9d4469f9bd330f05eefbc4b08 -- tg_bots/3remem_bot.py [1ms]
2025-12-04 23:43:51.071 [info] > git show --textconv :tg_bots/7logpere.py [7ms]
2025-12-04 23:43:51.072 [info] > git ls-files --stage -- tg_bots/7logpere.py [1ms]
2025-12-04 23:43:51.078 [info] > git cat-file -s 96175e21735a2c6d17474fdbafa9b8d03a2854a7 [1ms]
2025-12-04 23:43:51.094 [info] > git blame --root --incremental f608de892ecb33b9d4469f9bd330f05eefbc4b08 -- tg_bots/7logpere.py [2ms]
2025-12-04 23:44:06.863 [info] > git config --get commit.template [7ms]
2025-12-04 23:44:06.863 [info] > git for-each-ref --format=%(refname)%00%(upstream:short)%00%(objectname)%00%(upstream:track)%00%(upstream:remotename)%00%(upstream:remoteref) refs/heads/main refs/remotes/main [1ms]
2025-12-04 23:44:06.877 [info] > git status -z -uall [7ms]
2025-12-04 23:44:06.878 [info] > git for-each-ref --sort -committerdate --format %(refname)%00%(objectname)%00%(*objectname) [1ms]
2025-12-04 23:44:10.224 [info] > git show --textconv :tg_bots/3remem_bot.py [9ms]
2025-12-04 23:44:10.224 [info] > git ls-files --stage -- tg_bots/3remem_bot.py [1ms]
2025-12-04 23:44:10.232 [info] > git cat-file -s 86ad2e09908c36225cd4b1eb42a3baf00500e22d [2ms]
2025-12-04 23:44:12.145 [info] > git config --get commit.template [5ms]
2025-12-04 23:44:12.146 [info] > git for-each-ref --format=%(refname)%00%(upstream:short)%00%(objectname)%00%(upstream:track)%00%(upstream:remotename)%00%(upstream:remoteref) refs/heads/main refs/remotes/main [1ms]
2025-12-04 23:44:12.157 [info] > git status -z -uall [6ms]
2025-12-04 23:44:12.158 [info] > git for-each-ref --sort -committerdate --format %(refname)%00%(objectname)%00%(*objectname) [1ms]
2025-12-04 23:44:15.137 [info] > git config --get commit.template [1ms]
2025-12-04 23:44:15.144 [info] > git for-each-ref --format=%(refname)%00%(upstream:short)%00%(objectname)%00%(upstream:track)%00%(upstream:remotename)%00%(upstream:remoteref) refs/heads/main refs/remotes/main [1ms]
2025-12-04 23:44:15.158 [info] > git status -z -uall [7ms]
2025-12-04 23:44:15.159 [info] > git for-each-ref --sort -committerdate --format %(refname)%00%(objectname)%00%(*objectname) [2ms]
2025-12-04 23:44:15.477 [info] > git show --textconv HEAD:tg_bots/3remem_bot.py [7ms]
2025-12-04 23:44:15.478 [info] > git ls-tree -l HEAD -- tg_bots/3remem_bot.py [1ms]
2025-12-04 23:44:16.301 [info] > git ls-files --stage -- tg_bots/3remem_bot.py [7ms]
2025-12-04 23:44:16.307 [info] > git ls-tree -l HEAD -- tg_bots/3remem_bot.py [6ms]
2025-12-04 23:44:16.307 [info] > git cat-file -s 1cdc0cf7a2d298421e996b787c40cfe788f545d6 [1ms]
2025-12-04 23:44:16.321 [info] > git show --textconv HEAD:tg_bots/3remem_bot.py [7ms]
2025-12-04 23:44:16.322 [info] > git show --textconv :tg_bots/3remem_bot.py [2ms]
2025-12-04 23:44:17.172 [info] > git config --get commit.template [6ms]
2025-12-04 23:44:17.172 [info] > git for-each-ref --format=%(refname)%00%(upstream:short)%00%(objectname)%00%(upstream:track)%00%(upstream:remotename)%00%(upstream:remoteref) refs/heads/main refs/remotes/main [1ms]
2025-12-04 23:44:17.183 [info] > git status -z -uall [6ms]
2025-12-04 23:44:17.184 [info] > git for-each-ref --sort -committerdate --format %(refname)%00%(objectname)%00%(*objectname) [2ms]
2025-12-04 23:44:20.761 [info] > git config --get commit.template [8ms]
2025-12-04 23:44:20.763 [info] > git for-each-ref --format=%(refname)%00%(upstream:short)%00%(objectname)%00%(upstream:track)%00%(upstream:remotename)%00%(upstream:remoteref) refs/heads/main refs/remotes/main [2ms]
2025-12-04 23:44:20.778 [info] > git status -z -uall [8ms]
2025-12-04 23:44:20.779 [info] > git for-each-ref --sort -committerdate --format %(refname)%00%(objectname)%00%(*objectname) [2ms]
2025-12-04 23:44:20.797 [info] > git blame --root --incremental d90a58a347dd02839f4741fccdcfc550246cc374 -- tg_bots/3remem_bot.py [9ms]
2025-12-04 23:44:20.803 [info] > git merge-base refs/heads/main refs/remotes/origin/main [7ms]
2025-12-04 23:44:20.812 [info] > git diff --name-status -z --diff-filter=ADMR --find-renames=50% f608de892ecb33b9d4469f9bd330f05eefbc4b08...refs/remotes/origin/main -- [2ms]
2025-12-04 23:44:21.918 [info] > git ls-files --stage -- tg_bots/3remem_bot.py [1ms]
2025-12-04 23:44:21.926 [info] > git cat-file -s 1cdc0cf7a2d298421e996b787c40cfe788f545d6 [2ms]
2025-12-04 23:44:21.934 [info] > git show --textconv :tg_bots/3remem_bot.py [1ms]
2025-12-04 23:44:22.201 [info] > git config --get commit.template [7ms]
2025-12-04 23:44:22.202 [info] > git for-each-ref --format=%(refname)%00%(upstream:short)%00%(objectname)%00%(upstream:track)%00%(upstream:remotename)%00%(upstream:remoteref) refs/heads/main refs/remotes/main [2ms]
2025-12-04 23:44:22.213 [info] > git status -z -uall [5ms]
2025-12-04 23:44:22.213 [info] > git for-each-ref --sort -committerdate --format %(refname)%00%(objectname)%00%(*objectname) [1ms]
2025-12-04 23:44:23.419 [info] > git config --get commit.template [8ms]
2025-12-04 23:44:23.419 [info] > git for-each-ref --format=%(refname)%00%(upstream:short)%00%(objectname)%00%(upstream:track)%00%(upstream:remotename)%00%(upstream:remoteref) refs/heads/main refs/remotes/main [1ms]
2025-12-04 23:44:23.433 [info] > git status -z -uall [7ms]
2025-12-04 23:44:23.434 [info] > git for-each-ref --sort -committerdate --format %(refname)%00%(objectname)%00%(*objectname) [1ms]
2025-12-04 23:44:23.445 [info] > git merge-base refs/heads/main refs/remotes/origin/main [2ms]
2025-12-04 23:44:23.453 [info] > git diff --name-status -z --diff-filter=ADMR --find-renames=50% d90a58a347dd02839f4741fccdcfc550246cc374...refs/remotes/origin/main -- [1ms]
2025-12-04 23:44:24.581 [info] > git ls-files --stage -- tg_bots/3remem_bot.py [1ms]
2025-12-04 23:44:24.589 [info] > git cat-file -s 1cdc0cf7a2d298421e996b787c40cfe788f545d6 [2ms]
2025-12-04 23:44:24.596 [info] > git show --textconv :tg_bots/3remem_bot.py [1ms]
2025-12-04 23:45:21.325 [info] > git config --get commit.template [8ms]
2025-12-04 23:45:21.326 [info] > git for-each-ref --format=%(refname)%00%(upstream:short)%00%(objectname)%00%(upstream:track)%00%(upstream:remotename)%00%(upstream:remoteref) refs/heads/main refs/remotes/main [1ms]
2025-12-04 23:45:21.339 [info] > git status -z -uall [6ms]
2025-12-04 23:45:21.340 [info] > git for-each-ref --sort -committerdate --format %(refname)%00%(objectname)%00%(*objectname) [1ms]
2025-12-04 23:45:53.647 [info] > git for-each-ref --format=%(refname)%00%(upstream:short)%00%(objectname)%00%(upstream:track)%00%(upstream:remotename)%00%(upstream:remoteref) refs/heads/main refs/remotes/main [2ms]
2025-12-04 23:45:53.647 [info] > git config --get commit.template [8ms]
2025-12-04 23:45:53.659 [info] > git status -z -uall [6ms]
2025-12-04 23:45:53.660 [info] > git for-each-ref --sort -committerdate --format %(refname)%00%(objectname)%00%(*objectname) [1ms]
